2025-03-16 01:06:30 INFO  main [mitsuba.cpp:274] Mitsuba version 0.6.0 (Linux, 64 bit), Copyright (c) 2017 Wenzel Jakob
2025-03-16 01:06:30 INFO  main [mitsuba.cpp:377] Parsing scene description from "../../scenes/dining-room/dining-room.xml" ..
2025-03-16 01:06:30 INFO  main [scenehandler.cpp:675] In file "/home/julia/PBRT/PMM_focal_guiding/mitsuba/dist/../../scenes/dining-room/dining-room.xml" (near line 18): Parsing included file "pmm_focal_guiding.xml" ..
2025-03-16 01:06:30 INFO  main [PluginManager] Loading plugin "plugins/pmm_focal_guiding.so" ..
2025-03-16 01:06:30 INFO  main [octree.h:482] root weight: 8.000e-20 (0.000000)
2025-03-16 01:06:30 INFO  main [octree.h:483] splitting threshold: 8.000e-23 (0.000000)
2025-03-16 01:06:30 INFO  main [octree.h:498] node count: 1 -> 585 -> 585

2025-03-16 01:06:30 INFO  main [octree.h:482] root weight: 8.000e-20 (0.000000)
2025-03-16 01:06:30 INFO  main [octree.h:483] splitting threshold: 8.000e-23 (0.000000)
2025-03-16 01:06:30 INFO  main [octree.h:498] node count: 1 -> 585 -> 585

2025-03-16 01:06:30 INFO  main [pmm_focal_guiding.cpp:109] Will save the GMM to file in directory ../scenes/dining-room/
2025-03-16 01:06:30 INFO  main [PMMFocalGuidingIntegrator] GMM params: alpha = 0.250000, split_th = 1.000000, merge_th = 0.900000, min_num_comp = 3, max_num_comp = 10
2025-03-16 01:06:30 INFO  main [PMMFocalGuidingIntegrator] iterationCount: 8
2025-03-16 01:06:30 INFO  main [PMMFocalGuidingIntegrator] PMMFocalGuidingIntegrator
  maxDepth = 40,
  rrDepth = 14,
  strictNormals = 1
  gmm = GMM[
]
]
2025-03-16 01:06:30 WARN  main [scenehandler.cpp:795] In file "/home/julia/PBRT/PMM_focal_guiding/mitsuba/dist/../../scenes/dining-room/../_integrators/pmm_focal_guiding.xml" (near line 50): Unqueried attribute "budget" in element "integrator"
2025-03-16 01:06:30 WARN  main [scenehandler.cpp:795] In file "/home/julia/PBRT/PMM_focal_guiding/mitsuba/dist/../../scenes/dining-room/../_integrators/pmm_focal_guiding.xml" (near line 50): Unqueried attribute "dumpPrimaryRays" in element "integrator"
2025-03-16 01:06:30 WARN  main [scenehandler.cpp:795] In file "/home/julia/PBRT/PMM_focal_guiding/mitsuba/dist/../../scenes/dining-room/../_integrators/pmm_focal_guiding.xml" (near line 50): Unqueried attribute "dumpScene" in element "integrator"
2025-03-16 01:06:30 WARN  main [scenehandler.cpp:795] In file "/home/julia/PBRT/PMM_focal_guiding/mitsuba/dist/../../scenes/dining-room/../_integrators/pmm_focal_guiding.xml" (near line 50): Unqueried attribute "normalBinning" in element "integrator"
2025-03-16 01:06:30 WARN  main [scenehandler.cpp:795] In file "/home/julia/PBRT/PMM_focal_guiding/mitsuba/dist/../../scenes/dining-room/../_integrators/pmm_focal_guiding.xml" (near line 50): Unqueried attribute "samplingMode" in element "integrator"
2025-03-16 01:06:30 WARN  main [scenehandler.cpp:795] In file "/home/julia/PBRT/PMM_focal_guiding/mitsuba/dist/../../scenes/dining-room/../_integrators/pmm_focal_guiding.xml" (near line 50): Unqueried attribute "unboundedSplatting" in element "integrator"
2025-03-16 01:06:30 WARN  main [scenehandler.cpp:795] In file "/home/julia/PBRT/PMM_focal_guiding/mitsuba/dist/../../scenes/dining-room/../_integrators/pmm_focal_guiding.xml" (near line 51): Unqueried attribute "saveGMMDirectory" in element "scene"
2025-03-16 01:06:30 INFO  main [PluginManager] Loading plugin "plugins/independent.so" ..
2025-03-16 01:06:30 INFO  main [PluginManager] Loading plugin "plugins/box.so" ..
2025-03-16 01:06:30 INFO  main [PluginManager] Loading plugin "plugins/hdrfilm.so" ..
2025-03-16 01:06:30 INFO  main [PluginManager] Loading plugin "plugins/perspective.so" ..
2025-03-16 01:06:30 INFO  main [PluginManager] Loading plugin "plugins/roughplastic.so" ..
2025-03-16 01:06:30 INFO  main [PluginManager] Loading plugin "plugins/twosided.so" ..
2025-03-16 01:06:30 INFO  main [PluginManager] Loading plugin "plugins/roughconductor.so" ..
2025-03-16 01:06:30 INFO  main [spectrum.cpp:599] "Cu.eta.spd": loaded a spectral power distribution with 55 entries (between 302.400421 and 885.601257 nm)
2025-03-16 01:06:30 INFO  main [spectrum.cpp:599] "Cu.k.spd": loaded a spectral power distribution with 55 entries (between 302.400421 and 885.601257 nm)
2025-03-16 01:06:30 INFO  main [PluginManager] Loading plugin "plugins/diffuse.so" ..
2025-03-16 01:06:30 INFO  main [PluginManager] Loading plugin "plugins/bitmap.so" ..
2025-03-16 01:06:30 INFO  main [BitmapTexture] Loading texture "picture3.jpg"
2025-03-16 01:06:30 INFO  main [MIPMap] Mapped MIP map cache file "/home/julia/PBRT/PMM_focal_guiding/mitsuba/dist/../../scenes/dining-room/textures/picture3.mip" into memory (18.8 MiB).
2025-03-16 01:06:30 INFO  main [BitmapTexture] Loading texture "Tiles.jpg"
2025-03-16 01:06:30 INFO  main [PluginManager] Loading plugin "plugins/lanczos.so" ..
2025-03-16 01:06:30 INFO  main [spectrum.cpp:599] "Cu.eta.spd": loaded a spectral power distribution with 55 entries (between 302.400421 and 885.601257 nm)
2025-03-16 01:06:30 INFO  main [spectrum.cpp:599] "Cu.k.spd": loaded a spectral power distribution with 55 entries (between 302.400421 and 885.601257 nm)
2025-03-16 01:06:30 INFO  main [PluginManager] Loading plugin "plugins/conductor.so" ..
2025-03-16 01:06:30 INFO  main [spectrum.cpp:599] "Ir.eta.spd": loaded a spectral power distribution with 28 entries (between 302.389984 and 885.570984 nm)
2025-03-16 01:06:30 INFO  main [spectrum.cpp:599] "Ir.k.spd": loaded a spectral power distribution with 28 entries (between 302.389984 and 885.570984 nm)
2025-03-16 01:06:30 INFO  main [spectrum.cpp:599] "Cu.eta.spd": loaded a spectral power distribution with 55 entries (between 302.400421 and 885.601257 nm)
2025-03-16 01:06:30 INFO  main [spectrum.cpp:599] "Cu.k.spd": loaded a spectral power distribution with 55 entries (between 302.400421 and 885.601257 nm)
2025-03-16 01:06:30 INFO  main [BitmapTexture] Loading texture "Teacup.png"
2025-03-16 01:06:31 INFO  main [spectrum.cpp:599] "Cu.eta.spd": loaded a spectral power distribution with 55 entries (between 302.400421 and 885.601257 nm)
2025-03-16 01:06:31 INFO  main [spectrum.cpp:599] "Cu.k.spd": loaded a spectral power distribution with 55 entries (between 302.400421 and 885.601257 nm)
2025-03-16 01:06:31 INFO  main [PluginManager] Loading plugin "plugins/area.so" ..
2025-03-16 01:06:31 INFO  main [PluginManager] Loading plugin "plugins/disk.so" ..
2025-03-16 01:06:31 INFO  main [PluginManager] Loading plugin "plugins/ply.so" ..
2025-03-16 01:06:31 INFO  main [PLYLoader] Loading geometry from "parabol1.ply" ..
2025-03-16 01:06:31 INFO  main [PLYLoader] "parabol1": Loaded 25856 triangles, 13057 vertices (456.0 KiB in 36 ms).
2025-03-16 01:06:31 INFO  main [PLYLoader] Loading geometry from "parabol2.ply" ..
2025-03-16 01:06:31 INFO  main [PLYLoader] "parabol2": Loaded 25856 triangles, 13057 vertices (456.0 KiB in 29 ms).
2025-03-16 01:06:31 INFO  main [PluginManager] Loading plugin "plugins/obj.so" ..
2025-03-16 01:06:31 INFO  main [WavefrontOBJ] Loading geometry from "Mesh013.obj" ..
2025-03-16 01:06:31 INFO  main [WavefrontOBJ] Mesh013: 1056 triangles, 577 vertices (merged 2591 vertices).
2025-03-16 01:06:31 INFO  main [WavefrontOBJ] Done with "Mesh013.obj" (took 10 ms)
2025-03-16 01:06:31 INFO  main [WavefrontOBJ] Loading geometry from "Mesh016.obj" ..
2025-03-16 01:06:31 INFO  main [WavefrontOBJ] Mesh016: 384 triangles, 768 vertices (merged 384 vertices).
2025-03-16 01:06:31 INFO  main [WavefrontOBJ] Done with "Mesh016.obj" (took 5 ms)
2025-03-16 01:06:31 INFO  main [WavefrontOBJ] Loading geometry from "Mesh015.obj" ..
2025-03-16 01:06:31 INFO  main [WavefrontOBJ] Mesh015: 3136 triangles, 1680 vertices (merged 7728 vertices).
2025-03-16 01:06:31 INFO  main [WavefrontOBJ] Done with "Mesh015.obj" (took 29 ms)
2025-03-16 01:06:31 INFO  main [WavefrontOBJ] Loading geometry from "Mesh023.obj" ..
2025-03-16 01:06:31 INFO  main [WavefrontOBJ] Mesh023: 1056 triangles, 577 vertices (merged 2591 vertices).
2025-03-16 01:06:31 INFO  main [WavefrontOBJ] Done with "Mesh023.obj" (took 7 ms)
2025-03-16 01:06:31 INFO  main [WavefrontOBJ] Loading geometry from "Mesh020.obj" ..
2025-03-16 01:06:31 INFO  main [WavefrontOBJ] Mesh020: 384 triangles, 768 vertices (merged 384 vertices).
2025-03-16 01:06:31 INFO  main [WavefrontOBJ] Done with "Mesh020.obj" (took 5 ms)
2025-03-16 01:06:31 INFO  main [WavefrontOBJ] Loading geometry from "Mesh017.obj" ..
2025-03-16 01:06:31 INFO  main [WavefrontOBJ] Mesh017: 3136 triangles, 1680 vertices (merged 7728 vertices).
2025-03-16 01:06:31 INFO  main [WavefrontOBJ] Done with "Mesh017.obj" (took 26 ms)
2025-03-16 01:06:31 INFO  main [WavefrontOBJ] Loading geometry from "Mesh024.obj" ..
2025-03-16 01:06:31 INFO  main [WavefrontOBJ] Mesh024: 34 triangles, 68 vertices (merged 34 vertices).
2025-03-16 01:06:31 INFO  main [WavefrontOBJ] Done with "Mesh024.obj" (took 0 ms)
2025-03-16 01:06:31 INFO  main [WavefrontOBJ] Loading geometry from "Mesh041.obj" ..
2025-03-16 01:06:31 INFO  main [WavefrontOBJ] Mesh041: 8 triangles, 16 vertices (merged 8 vertices).
2025-03-16 01:06:31 INFO  main [WavefrontOBJ] Done with "Mesh041.obj" (took 0 ms)
2025-03-16 01:06:31 INFO  main [WavefrontOBJ] Loading geometry from "Mesh011.obj" ..
2025-03-16 01:06:31 INFO  main [WavefrontOBJ] Mesh011: 8992 triangles, 4544 vertices (merged 22432 vertices).
2025-03-16 01:06:31 INFO  main [WavefrontOBJ] Done with "Mesh011.obj" (took 68 ms)
2025-03-16 01:06:31 INFO  main [WavefrontOBJ] Loading geometry from "Mesh026.obj" ..
2025-03-16 01:06:31 INFO  main [WavefrontOBJ] Mesh026: 7624 triangles, 4070 vertices (merged 18802 vertices).
2025-03-16 01:06:31 INFO  main [WavefrontOBJ] Done with "Mesh026.obj" (took 53 ms)
2025-03-16 01:06:31 INFO  main [WavefrontOBJ] Loading geometry from "Mesh018.obj" ..
2025-03-16 01:06:31 INFO  main [WavefrontOBJ] Mesh018: 2016 triangles, 1260 vertices (merged 4788 vertices).
2025-03-16 01:06:31 INFO  main [WavefrontOBJ] Done with "Mesh018.obj" (took 21 ms)
2025-03-16 01:06:31 INFO  main [WavefrontOBJ] Loading geometry from "Mesh007.obj" ..
2025-03-16 01:06:31 INFO  main [WavefrontOBJ] Mesh007: 4352 triangles, 2178 vertices (merged 10878 vertices).
2025-03-16 01:06:31 INFO  main [WavefrontOBJ] Done with "Mesh007.obj" (took 32 ms)
2025-03-16 01:06:31 INFO  main [WavefrontOBJ] Loading geometry from "Mesh005.obj" ..
2025-03-16 01:06:31 INFO  main [WavefrontOBJ] Mesh005: 160 triangles, 144 vertices (merged 336 vertices).
2025-03-16 01:06:31 INFO  main [WavefrontOBJ] Done with "Mesh005.obj" (took 1 ms)
2025-03-16 01:06:31 INFO  main [WavefrontOBJ] Loading geometry from "Mesh019.obj" ..
2025-03-16 01:06:31 INFO  main [WavefrontOBJ] Mesh019: 560 triangles, 400 vertices (merged 1280 vertices).
2025-03-16 01:06:31 INFO  main [WavefrontOBJ] Done with "Mesh019.obj" (took 3 ms)
2025-03-16 01:06:31 INFO  main [WavefrontOBJ] Loading geometry from "Mesh021.obj" ..
2025-03-16 01:06:31 INFO  main [WavefrontOBJ] Mesh021: 720 triangles, 482 vertices (merged 1678 vertices).
2025-03-16 01:06:31 INFO  main [WavefrontOBJ] Done with "Mesh021.obj" (took 4 ms)
2025-03-16 01:06:31 INFO  main [WavefrontOBJ] Loading geometry from "Mesh037.obj" ..
2025-03-16 01:06:31 INFO  main [WavefrontOBJ] Mesh037: 7624 triangles, 4070 vertices (merged 18802 vertices).
2025-03-16 01:06:31 INFO  main [WavefrontOBJ] Done with "Mesh037.obj" (took 53 ms)
2025-03-16 01:06:31 INFO  main [WavefrontOBJ] Loading geometry from "Mesh004.obj" ..
2025-03-16 01:06:31 INFO  main [WavefrontOBJ] Mesh004: 2016 triangles, 1260 vertices (merged 4788 vertices).
2025-03-16 01:06:31 INFO  main [WavefrontOBJ] Done with "Mesh004.obj" (took 15 ms)
2025-03-16 01:06:31 INFO  main [WavefrontOBJ] Loading geometry from "Mesh014.obj" ..
2025-03-16 01:06:31 INFO  main [WavefrontOBJ] Mesh014: 160 triangles, 144 vertices (merged 336 vertices).
2025-03-16 01:06:31 INFO  main [WavefrontOBJ] Done with "Mesh014.obj" (took 2 ms)
2025-03-16 01:06:31 INFO  main [WavefrontOBJ] Loading geometry from "Mesh012.obj" ..
2025-03-16 01:06:31 INFO  main [WavefrontOBJ] Mesh012: 560 triangles, 400 vertices (merged 1280 vertices).
2025-03-16 01:06:31 INFO  main [WavefrontOBJ] Done with "Mesh012.obj" (took 5 ms)
2025-03-16 01:06:31 INFO  main [WavefrontOBJ] Loading geometry from "Mesh028.obj" ..
2025-03-16 01:06:31 INFO  main [WavefrontOBJ] Mesh028: 720 triangles, 482 vertices (merged 1678 vertices).
2025-03-16 01:06:31 INFO  main [WavefrontOBJ] Done with "Mesh028.obj" (took 8 ms)
2025-03-16 01:06:31 INFO  main [WavefrontOBJ] Loading geometry from "Mesh025.obj" ..
2025-03-16 01:06:31 INFO  main [WavefrontOBJ] Mesh025: 4352 triangles, 2178 vertices (merged 10878 vertices).
2025-03-16 01:06:31 INFO  main [WavefrontOBJ] Done with "Mesh025.obj" (took 33 ms)
2025-03-16 01:06:31 INFO  main [WavefrontOBJ] Loading geometry from "Mesh008.obj" ..
2025-03-16 01:06:31 INFO  main [WavefrontOBJ] Mesh008: 6320 triangles, 3270 vertices (merged 15690 vertices).
2025-03-16 01:06:31 INFO  main [WavefrontOBJ] Done with "Mesh008.obj" (took 41 ms)
2025-03-16 01:06:31 INFO  main [WavefrontOBJ] Loading geometry from "Mesh032.obj" ..
2025-03-16 01:06:31 INFO  main [WavefrontOBJ] Mesh032: 13248 triangles, 6686 vertices (merged 33058 vertices).
2025-03-16 01:06:31 INFO  main [WavefrontOBJ] Done with "Mesh032.obj" (took 80 ms)
2025-03-16 01:06:31 INFO  main [WavefrontOBJ] Loading geometry from "Mesh035.obj" ..
2025-03-16 01:06:31 INFO  main [WavefrontOBJ] Mesh035: 14480 triangles, 7404 vertices (merged 36036 vertices).
2025-03-16 01:06:31 INFO  main [WavefrontOBJ] Done with "Mesh035.obj" (took 95 ms)
2025-03-16 01:06:31 INFO  main [WavefrontOBJ] Loading geometry from "Mesh042.obj" ..
2025-03-16 01:06:31 INFO  main [WavefrontOBJ] Mesh042: 2320 triangles, 1492 vertices (merged 5468 vertices).
2025-03-16 01:06:31 INFO  main [WavefrontOBJ] Done with "Mesh042.obj" (took 13 ms)
2025-03-16 01:06:31 INFO  main [WavefrontOBJ] Loading geometry from "Mesh010.obj" ..
2025-03-16 01:06:32 INFO  main [WavefrontOBJ] Mesh010: 13248 triangles, 6686 vertices (merged 33058 vertices).
2025-03-16 01:06:32 INFO  main [WavefrontOBJ] Done with "Mesh010.obj" (took 85 ms)
2025-03-16 01:06:32 INFO  main [WavefrontOBJ] Loading geometry from "Mesh036.obj" ..
2025-03-16 01:06:32 INFO  main [WavefrontOBJ] Mesh036: 14480 triangles, 7404 vertices (merged 36036 vertices).
2025-03-16 01:06:32 INFO  main [WavefrontOBJ] Done with "Mesh036.obj" (took 86 ms)
2025-03-16 01:06:32 INFO  main [WavefrontOBJ] Loading geometry from "Mesh027.obj" ..
2025-03-16 01:06:32 INFO  main [WavefrontOBJ] Mesh027: 2320 triangles, 1492 vertices (merged 5468 vertices).
2025-03-16 01:06:32 INFO  main [WavefrontOBJ] Done with "Mesh027.obj" (took 14 ms)
2025-03-16 01:06:32 INFO  main [WavefrontOBJ] Loading geometry from "Mesh043.obj" ..
2025-03-16 01:06:32 INFO  main [WavefrontOBJ] Mesh043: 13248 triangles, 6686 vertices (merged 33058 vertices).
2025-03-16 01:06:32 INFO  main [WavefrontOBJ] Done with "Mesh043.obj" (took 79 ms)
2025-03-16 01:06:32 INFO  main [WavefrontOBJ] Loading geometry from "Mesh044.obj" ..
2025-03-16 01:06:32 INFO  main [WavefrontOBJ] Mesh044: 14480 triangles, 7404 vertices (merged 36036 vertices).
2025-03-16 01:06:32 INFO  main [WavefrontOBJ] Done with "Mesh044.obj" (took 90 ms)
2025-03-16 01:06:32 INFO  main [WavefrontOBJ] Loading geometry from "Mesh031.obj" ..
2025-03-16 01:06:32 INFO  main [WavefrontOBJ] Mesh031: 2320 triangles, 1492 vertices (merged 5468 vertices).
2025-03-16 01:06:32 INFO  main [WavefrontOBJ] Done with "Mesh031.obj" (took 19 ms)
2025-03-16 01:06:32 INFO  main [WavefrontOBJ] Loading geometry from "Mesh022.obj" ..
2025-03-16 01:06:32 INFO  main [WavefrontOBJ] Mesh022: 13248 triangles, 6686 vertices (merged 33058 vertices).
2025-03-16 01:06:32 INFO  main [WavefrontOBJ] Done with "Mesh022.obj" (took 87 ms)
2025-03-16 01:06:32 INFO  main [WavefrontOBJ] Loading geometry from "Mesh038.obj" ..
2025-03-16 01:06:32 INFO  main [WavefrontOBJ] Mesh038: 14480 triangles, 7404 vertices (merged 36036 vertices).
2025-03-16 01:06:32 INFO  main [WavefrontOBJ] Done with "Mesh038.obj" (took 91 ms)
2025-03-16 01:06:32 INFO  main [WavefrontOBJ] Loading geometry from "Mesh030.obj" ..
2025-03-16 01:06:32 INFO  main [WavefrontOBJ] Mesh030: 2320 triangles, 1492 vertices (merged 5468 vertices).
2025-03-16 01:06:32 INFO  main [WavefrontOBJ] Done with "Mesh030.obj" (took 19 ms)
2025-03-16 01:06:32 INFO  main [WavefrontOBJ] Loading geometry from "Mesh046.obj" ..
2025-03-16 01:06:32 INFO  main [WavefrontOBJ] Mesh046: 13248 triangles, 6686 vertices (merged 33058 vertices).
2025-03-16 01:06:32 INFO  main [WavefrontOBJ] Done with "Mesh046.obj" (took 84 ms)
2025-03-16 01:06:32 INFO  main [WavefrontOBJ] Loading geometry from "Mesh047.obj" ..
2025-03-16 01:06:32 INFO  main [WavefrontOBJ] Mesh047: 14480 triangles, 7404 vertices (merged 36036 vertices).
2025-03-16 01:06:32 INFO  main [WavefrontOBJ] Done with "Mesh047.obj" (took 94 ms)
2025-03-16 01:06:32 INFO  main [WavefrontOBJ] Loading geometry from "Mesh034.obj" ..
2025-03-16 01:06:32 INFO  main [WavefrontOBJ] Mesh034: 2320 triangles, 1492 vertices (merged 5468 vertices).
2025-03-16 01:06:32 INFO  main [WavefrontOBJ] Done with "Mesh034.obj" (took 14 ms)
2025-03-16 01:06:32 INFO  main [WavefrontOBJ] Loading geometry from "Mesh033.obj" ..
2025-03-16 01:06:32 INFO  main [WavefrontOBJ] Mesh033: 44 triangles, 96 vertices (merged 36 vertices).
2025-03-16 01:06:32 INFO  main [WavefrontOBJ] Done with "Mesh033.obj" (took 0 ms)
2025-03-16 01:06:32 INFO  main [WavefrontOBJ] Loading geometry from "Mesh006.obj" ..
2025-03-16 01:06:32 INFO  main [WavefrontOBJ] Mesh006: 4 triangles, 6 vertices (merged 6 vertices).
2025-03-16 01:06:32 INFO  main [WavefrontOBJ] Done with "Mesh006.obj" (took 0 ms)
2025-03-16 01:06:32 INFO  main [WavefrontOBJ] Loading geometry from "Mesh048.obj" ..
2025-03-16 01:06:32 INFO  main [WavefrontOBJ] Mesh048: 30 triangles, 38 vertices (merged 52 vertices).
2025-03-16 01:06:32 INFO  main [WavefrontOBJ] Done with "Mesh048.obj" (took 0 ms)
2025-03-16 01:06:32 INFO  main [WavefrontOBJ] Loading geometry from "Mesh049.obj" ..
2025-03-16 01:06:32 INFO  main [WavefrontOBJ] Mesh049: 13248 triangles, 6686 vertices (merged 33058 vertices).
2025-03-16 01:06:32 INFO  main [WavefrontOBJ] Done with "Mesh049.obj" (took 79 ms)
2025-03-16 01:06:32 INFO  main [WavefrontOBJ] Loading geometry from "Mesh051.obj" ..
2025-03-16 01:06:32 INFO  main [WavefrontOBJ] Mesh051: 14480 triangles, 7404 vertices (merged 36036 vertices).
2025-03-16 01:06:32 INFO  main [WavefrontOBJ] Done with "Mesh051.obj" (took 84 ms)
2025-03-16 01:06:32 INFO  main [WavefrontOBJ] Loading geometry from "Mesh040.obj" ..
2025-03-16 01:06:32 INFO  main [WavefrontOBJ] Mesh040: 2320 triangles, 1492 vertices (merged 5468 vertices).
2025-03-16 01:06:32 INFO  main [WavefrontOBJ] Done with "Mesh040.obj" (took 15 ms)
2025-03-16 01:06:32 INFO  main [WavefrontOBJ] Loading geometry from "Mesh003.obj" ..
2025-03-16 01:06:33 INFO  main [WavefrontOBJ] Mesh003: 18176 triangles, 9150 vertices (merged 45378 vertices).
2025-03-16 01:06:33 INFO  main [WavefrontOBJ] Done with "Mesh003.obj" (took 104 ms)
2025-03-16 01:06:33 INFO  main [WavefrontOBJ] Loading geometry from "Mesh002.obj" ..
2025-03-16 01:06:33 INFO  main [WavefrontOBJ] Mesh002: 7624 triangles, 4070 vertices (merged 18802 vertices).
2025-03-16 01:06:33 INFO  main [WavefrontOBJ] Done with "Mesh002.obj" (took 51 ms)
2025-03-16 01:06:33 INFO  main [WavefrontOBJ] Loading geometry from "Mesh009.obj" ..
2025-03-16 01:06:33 INFO  main [WavefrontOBJ] Mesh009: 2016 triangles, 1260 vertices (merged 4788 vertices).
2025-03-16 01:06:33 INFO  main [WavefrontOBJ] Done with "Mesh009.obj" (took 14 ms)
2025-03-16 01:06:33 INFO  main [WavefrontOBJ] Loading geometry from "Mesh045.obj" ..
2025-03-16 01:06:33 INFO  main [WavefrontOBJ] Mesh045: 4352 triangles, 2178 vertices (merged 10878 vertices).
2025-03-16 01:06:33 INFO  main [WavefrontOBJ] Done with "Mesh045.obj" (took 26 ms)
2025-03-16 01:06:33 INFO  main [WavefrontOBJ] Loading geometry from "Mesh029.obj" ..
2025-03-16 01:06:33 INFO  main [WavefrontOBJ] Mesh029: 160 triangles, 144 vertices (merged 336 vertices).
2025-03-16 01:06:33 INFO  main [WavefrontOBJ] Done with "Mesh029.obj" (took 1 ms)
2025-03-16 01:06:33 INFO  main [WavefrontOBJ] Loading geometry from "Mesh039.obj" ..
2025-03-16 01:06:33 INFO  main [WavefrontOBJ] Mesh039: 560 triangles, 400 vertices (merged 1280 vertices).
2025-03-16 01:06:33 INFO  main [WavefrontOBJ] Done with "Mesh039.obj" (took 3 ms)
2025-03-16 01:06:33 INFO  main [WavefrontOBJ] Loading geometry from "Mesh050.obj" ..
2025-03-16 01:06:33 INFO  main [WavefrontOBJ] Mesh050: 720 triangles, 482 vertices (merged 1678 vertices).
2025-03-16 01:06:33 INFO  main [WavefrontOBJ] Done with "Mesh050.obj" (took 4 ms)
2025-03-16 01:06:33 INFO  main [WavefrontOBJ] Loading geometry from "Mesh001.obj" ..
2025-03-16 01:06:33 INFO  main [WavefrontOBJ] Mesh001: 170 triangles, 340 vertices (merged 170 vertices).
2025-03-16 01:06:33 INFO  main [WavefrontOBJ] Done with "Mesh001.obj" (took 2 ms)
2025-03-16 01:06:33 INFO  main [WavefrontOBJ] Loading geometry from "Mesh000.obj" ..
2025-03-16 01:06:33 INFO  main [WavefrontOBJ] Mesh000: 22 triangles, 44 vertices (merged 22 vertices).
2025-03-16 01:06:33 INFO  main [WavefrontOBJ] Done with "Mesh000.obj" (took 0 ms)
2025-03-16 01:06:33 INFO  main [PluginManager] Loading plugin "plugins/rectangle.so" ..
2025-03-16 01:06:33 INFO  ren0 [KDTreeBase] Constructing a SAH kd-tree (321251 primitives) ..
2025-03-16 01:06:36 INFO  ren0 [KDTreeBase] Finished -- took 3830 ms.
2025-03-16 01:06:37 INFO  ren0 [PMMFocalGuidingIntegrator] Starting preprocess
2025-03-16 01:06:37 INFO  ren0 [octree.h:482] root weight: 8.000e-20 (0.000000)
2025-03-16 01:06:37 INFO  ren0 [octree.h:483] splitting threshold: 8.000e-23 (0.000000)
2025-03-16 01:06:37 INFO  ren0 [octree.h:498] node count: 1 -> 585 -> 585

2025-03-16 01:06:37 INFO  ren0 [octree.h:482] root weight: 4.096e-17 (0.000000)
2025-03-16 01:06:37 INFO  ren0 [octree.h:483] splitting threshold: 4.096e-20 (0.000000)
2025-03-16 01:06:37 INFO  ren0 [octree.h:498] node count: 585 -> 585 -> 585

2025-03-16 01:06:37 INFO  ren0 [octree.h:482] root weight: 8.000e-20 (0.000000)
2025-03-16 01:06:37 INFO  ren0 [octree.h:483] splitting threshold: 8.000e-23 (0.000000)
2025-03-16 01:06:37 INFO  ren0 [octree.h:498] node count: 1 -> 585 -> 585

2025-03-16 01:06:37 INFO  ren0 [octree.h:482] root weight: 4.096e-17 (0.000000)
2025-03-16 01:06:37 INFO  ren0 [octree.h:483] splitting threshold: 4.096e-20 (0.000000)
2025-03-16 01:06:37 INFO  ren0 [octree.h:498] node count: 585 -> 585 -> 585

2025-03-16 01:06:37 INFO  ren0 [PMMFocalGuidingIntegrator] Octree[
AABB: AABB3[min=[-6.3658, -1.5274, -4.73046], max=[5.27597, 8.04131, 10.0598]]
Nodes count: 585
]
2025-03-16 01:06:37 INFO  ren0 [PMMFocalGuidingIntegrator] Octree[
AABB: AABB3[min=[-6.3658, -1.5274, -4.73046], max=[5.27597, 8.04131, 10.0598]]
Nodes count: 585
]
2025-03-16 01:06:37 INFO  ren0 [PMMFocalGuidingIntegrator] GMM[
weight = 0.166667 mean = [5.10963 2.73058 3.92205] covariance = [[1 0 0][0 1 0][0 0 1]]
weight = 0.166667 mean = [-0.856562 0.794769 -0.697452] covariance = [[1 0 0][0 1 0][0 0 1]]
weight = 0.166667 mean = [3.23958 2.84618 5.07523] covariance = [[1 0 0][0 1 0][0 0 1]]
weight = 0.166667 mean = [0.243169 6.98215 -4.15219] covariance = [[1 0 0][0 1 0][0 0 1]]
weight = 0.166667 mean = [-5.25998 2.37644 9.73975] covariance = [[1 0 0][0 1 0][0 0 1]]
weight = 0.166667 mean = [-3.88658 -1.01028 1.31097] covariance = [[1 0 0][0 1 0][0 0 1]]
]
2025-03-16 01:06:37 INFO  ren0 [PMMFocalGuidingIntegrator] Starting training... (8) iterations
2025-03-16 01:06:37 INFO  ren0 [PMMFocalGuidingIntegrator] Rendering 0 iteration
2025-03-16 01:06:37 INFO  ren0 [SamplingIntegrator] Starting render job (1280x720, 4 samples, 8 cores, SSE2 enabled) ..
2025-03-16 01:06:39 INFO  wrk1 [PMMFocalGuidingIntegrator] hit luminaire, value = [0, 0, 0]
2025-03-16 01:07:05 INFO  wrk5 [PMMFocalGuidingIntegrator] hit luminaire, value = [1e+06, 1e+06, 1e+06]
2025-03-16 01:07:13 INFO  wrk4 [PMMFocalGuidingIntegrator] hit luminaire, value = [1e+06, 1e+06, 1e+06]
2025-03-16 01:07:20 INFO  wrk4 [PMMFocalGuidingIntegrator] hit luminaire, value = [0, 0, 0]
2025-03-16 01:07:29 INFO  wrk4 [PMMFocalGuidingIntegrator] hit luminaire, value = [1e+06, 1e+06, 1e+06]
2025-03-16 01:07:36 INFO  ren0 [PMMFocalGuidingIntegrator] iteration render time: 59.7257s
2025-03-16 01:07:36 INFO  ren0 [PMMFocalGuidingIntegrator] Got 35777 non-zero samples and 0 zero samples
2025-03-16 01:07:42 INFO  ren0 [gaussian_mixture_model.h:126] Components accumulated weight is: 1.000000
2025-03-16 01:07:42 INFO  ren0 [gaussian_mixture_model.h:173] exp(-dist) between 0 and 1 is 0.296198
2025-03-16 01:07:42 INFO  ren0 [gaussian_mixture_model.h:173] exp(-dist) between 0 and 2 is 0.490294
2025-03-16 01:07:42 INFO  ren0 [gaussian_mixture_model.h:173] exp(-dist) between 0 and 3 is 0.252946
2025-03-16 01:07:42 INFO  ren0 [gaussian_mixture_model.h:173] exp(-dist) between 0 and 4 is 0.075136
2025-03-16 01:07:42 INFO  ren0 [gaussian_mixture_model.h:173] exp(-dist) between 0 and 5 is 0.004361
2025-03-16 01:07:42 INFO  ren0 [gaussian_mixture_model.h:173] exp(-dist) between 1 and 2 is 0.199101
2025-03-16 01:07:42 INFO  ren0 [gaussian_mixture_model.h:173] exp(-dist) between 1 and 3 is 0.625024
2025-03-16 01:07:42 INFO  ren0 [gaussian_mixture_model.h:173] exp(-dist) between 1 and 4 is 0.145934
2025-03-16 01:07:42 INFO  ren0 [gaussian_mixture_model.h:173] exp(-dist) between 1 and 5 is 0.368216
2025-03-16 01:07:42 INFO  ren0 [gaussian_mixture_model.h:173] exp(-dist) between 2 and 3 is 0.174466
2025-03-16 01:07:42 INFO  ren0 [gaussian_mixture_model.h:173] exp(-dist) between 2 and 4 is 0.528971
2025-03-16 01:07:42 INFO  ren0 [gaussian_mixture_model.h:173] exp(-dist) between 2 and 5 is 0.187539
2025-03-16 01:07:42 INFO  ren0 [gaussian_mixture_model.h:173] exp(-dist) between 3 and 4 is 0.181574
2025-03-16 01:07:42 INFO  ren0 [gaussian_mixture_model.h:173] exp(-dist) between 3 and 5 is 0.249414
2025-03-16 01:07:42 INFO  ren0 [gaussian_mixture_model.h:173] exp(-dist) between 4 and 5 is 0.377934
2025-03-16 01:07:42 INFO  ren0 [gaussian_mixture_model.h:180] components before the merge: 6
2025-03-16 01:07:42 INFO  ren0 [gaussian_mixture_model.h:183] Merging 3 and 1, because their BC is 0.625024
2025-03-16 01:07:42 INFO  ren0 [gaussian_mixture_model.h:200] components after the merge: 5, merged 1 component
2025-03-16 01:07:42 INFO  ren0 [gaussian_mixture_model.h:237] Ratio is 6.349823
2025-03-16 01:07:42 INFO  ren0 [gaussian_mixture_model.h:237] Ratio is 1.755632
2025-03-16 01:07:42 INFO  ren0 [gaussian_mixture_model.h:237] Ratio is 1.784556
2025-03-16 01:07:42 INFO  ren0 [gaussian_mixture_model.h:237] Ratio is 3.638972
2025-03-16 01:07:42 INFO  ren0 [gaussian_mixture_model.h:237] Ratio is 5.510063
2025-03-16 01:07:42 INFO  ren0 [gaussian_mixture_model.h:218] components after the split: 10, split 5 components
2025-03-16 01:07:42 INFO  ren0 [octree.h:482] root weight: 5.829e+04 (58293.414062)
2025-03-16 01:07:42 INFO  ren0 [octree.h:483] splitting threshold: 5.829e+01 (58.293415)
2025-03-16 01:07:42 INFO  ren0 [octree.h:482] root weight: 8.069e+03 (8068.607422)
2025-03-16 01:07:42 INFO  ren0 [octree.h:483] splitting threshold: 8.069e+00 (8.068607)
2025-03-16 01:07:42 INFO  ren0 [octree.h:498] node count: 585 -> 598 -> 516

2025-03-16 01:07:42 INFO  ren0 [octree.h:498] node count: 585 -> 589 -> 355

2025-03-16 01:07:42 INFO  ren0 [PMMFocalGuidingIntegrator] diverge probability: 0.122

2025-03-16 01:07:42 INFO  ren0 [PMMFocalGuidingIntegrator] iteration postprocessing time: 6.0482s
2025-03-16 01:07:42 INFO  ren0 [PMMFocalGuidingIntegrator] GMM[
weight = 0.0259876 mean = [3.72159 3.81914 1.47384] covariance = [[1.56033 0.376453 1.16424][0.376453 5.03724 1.25397][1.16424 1.25397 4.52056]]
weight = 0.0259876 mean = [4.40026 1.94569 3.31036] covariance = [[1.56033 0.376453 1.16424][0.376453 5.03724 1.25397][1.16424 1.25397 4.52056]]
weight = 0.129244 mean = [0.793882 4.44743 6.34254] covariance = [[4.36675 0.421649 -0.376769][0.421649 4.33304 -0.600878][-0.376769 -0.600878 5.86788]]
weight = 0.210831 mean = [-0.354249 2.10905 -1.08613] covariance = [[6.03588 0.559307 -1.02809][0.559307 4.13701 -0.139386][-1.02809 -0.139386 4.98843]]
weight = 0.0790091 mean = [-2.83837 4.25433 6.35802] covariance = [[4.63799 -0.421301 -1.05101][-0.421301 5.20395 -0.757622][-1.05101 -0.757622 4.56732]]
weight = 0.0549283 mean = [-4.24425 2.33765 2.72601] covariance = [[2.3867 -0.923822 1.39764][-0.923822 4.36887 -0.232503][1.39764 -0.232503 5.02162]]
weight = 0.129244 mean = [2.51452 2.27028 6.00601] covariance = [[4.36675 0.421649 -0.376769][0.421649 4.33304 -0.600878][-0.376769 -0.600878 5.86788]]
weight = 0.210831 mean = [-1.35976 4.65128 -1.74148] covariance = [[6.03588 0.559307 -1.02809][0.559307 4.13701 -0.139386][-1.02809 -0.139386 4.98843]]
weight = 0.0790091 mean = [-4.26414 2.28326 8.74943] covariance = [[4.63799 -0.421301 -1.05101][-0.421301 5.20395 -0.757622][-1.05101 -0.757622 4.56732]]
weight = 0.0549283 mean = [-3.99931 -0.25504 1.35339] covariance = [[2.3867 -0.923822 1.39764][-0.923822 4.36887 -0.232503][1.39764 -0.232503 5.02162]]
]
2025-03-16 01:07:42 INFO  ren0 [PMMFocalGuidingIntegrator] Octree[
AABB: AABB3[min=[-6.3658, -1.5274, -4.73046], max=[5.27597, 8.04131, 10.0598]]
Nodes count: 516
]
2025-03-16 01:07:42 INFO  ren0 [PMMFocalGuidingIntegrator] Octree[
AABB: AABB3[min=[-6.3658, -1.5274, -4.73046], max=[5.27597, 8.04131, 10.0598]]
Nodes count: 355
]
2025-03-16 01:07:42 INFO  ren0 [PMMFocalGuidingIntegrator] Rendering 1 iteration
2025-03-16 01:07:42 INFO  ren0 [SamplingIntegrator] Starting render job (1280x720, 4 samples, 8 cores, SSE2 enabled) ..
2025-03-16 01:08:17 INFO  wrk4 [PMMFocalGuidingIntegrator] hit luminaire, value = [0, 0, 0]
2025-03-16 01:08:56 INFO  wrk3 [PMMFocalGuidingIntegrator] hit luminaire, value = [1e+06, 1e+06, 1e+06]
2025-03-16 01:10:29 INFO  ren0 [PMMFocalGuidingIntegrator] iteration render time: 2.7823m
2025-03-16 01:10:29 INFO  ren0 [PMMFocalGuidingIntegrator] Got 53456 non-zero samples and 0 zero samples
2025-03-16 01:10:44 INFO  ren0 [gaussian_mixture_model.h:126] Components accumulated weight is: 1.000000
2025-03-16 01:10:44 INFO  ren0 [gaussian_mixture_model.h:173] exp(-dist) between 0 and 1 is 0.766228
2025-03-16 01:10:44 INFO  ren0 [gaussian_mixture_model.h:173] exp(-dist) between 0 and 2 is 0.291373
2025-03-16 01:10:44 INFO  ren0 [gaussian_mixture_model.h:173] exp(-dist) between 0 and 3 is 0.429910
2025-03-16 01:10:44 INFO  ren0 [gaussian_mixture_model.h:173] exp(-dist) between 0 and 4 is 0.062412
2025-03-16 01:10:44 INFO  ren0 [gaussian_mixture_model.h:173] exp(-dist) between 0 and 5 is 0.004159
2025-03-16 01:10:44 INFO  ren0 [gaussian_mixture_model.h:173] exp(-dist) between 0 and 6 is 0.373822
2025-03-16 01:10:44 INFO  ren0 [gaussian_mixture_model.h:173] exp(-dist) between 0 and 7 is 0.277362
2025-03-16 01:10:44 INFO  ren0 [gaussian_mixture_model.h:173] exp(-dist) between 0 and 8 is 0.013551
2025-03-16 01:10:44 INFO  ren0 [gaussian_mixture_model.h:173] exp(-dist) between 0 and 9 is 0.005062
2025-03-16 01:10:44 INFO  ren0 [gaussian_mixture_model.h:173] exp(-dist) between 1 and 2 is 0.300175
2025-03-16 01:10:44 INFO  ren0 [gaussian_mixture_model.h:173] exp(-dist) between 1 and 3 is 0.275613
2025-03-16 01:10:44 INFO  ren0 [gaussian_mixture_model.h:173] exp(-dist) between 1 and 4 is 0.063641
2025-03-16 01:10:44 INFO  ren0 [gaussian_mixture_model.h:173] exp(-dist) between 1 and 5 is 0.004214
2025-03-16 01:10:44 INFO  ren0 [gaussian_mixture_model.h:173] exp(-dist) between 1 and 6 is 0.554739
2025-03-16 01:10:44 INFO  ren0 [gaussian_mixture_model.h:173] exp(-dist) between 1 and 7 is 0.112438
2025-03-16 01:10:44 INFO  ren0 [gaussian_mixture_model.h:173] exp(-dist) between 1 and 8 is 0.021338
2025-03-16 01:10:44 INFO  ren0 [gaussian_mixture_model.h:173] exp(-dist) between 1 and 9 is 0.005304
2025-03-16 01:10:44 INFO  ren0 [gaussian_mixture_model.h:173] exp(-dist) between 2 and 3 is 0.209869
2025-03-16 01:10:44 INFO  ren0 [gaussian_mixture_model.h:173] exp(-dist) between 2 and 4 is 0.668257
2025-03-16 01:10:44 INFO  ren0 [gaussian_mixture_model.h:173] exp(-dist) between 2 and 5 is 0.291034
2025-03-16 01:10:44 INFO  ren0 [gaussian_mixture_model.h:173] exp(-dist) between 2 and 6 is 0.768523
2025-03-16 01:10:44 INFO  ren0 [gaussian_mixture_model.h:173] exp(-dist) between 2 and 7 is 0.172875
2025-03-16 01:10:44 INFO  ren0 [gaussian_mixture_model.h:173] exp(-dist) between 2 and 8 is 0.460996
2025-03-16 01:10:44 INFO  ren0 [gaussian_mixture_model.h:173] exp(-dist) between 2 and 9 is 0.163271
2025-03-16 01:10:44 INFO  ren0 [gaussian_mixture_model.h:173] exp(-dist) between 3 and 4 is 0.177963
2025-03-16 01:10:44 INFO  ren0 [gaussian_mixture_model.h:173] exp(-dist) between 3 and 5 is 0.358013
2025-03-16 01:10:44 INFO  ren0 [gaussian_mixture_model.h:173] exp(-dist) between 3 and 6 is 0.220158
2025-03-16 01:10:44 INFO  ren0 [gaussian_mixture_model.h:173] exp(-dist) between 3 and 7 is 0.792472
2025-03-16 01:10:44 INFO  ren0 [gaussian_mixture_model.h:173] exp(-dist) between 3 and 8 is 0.075052
2025-03-16 01:10:44 INFO  ren0 [gaussian_mixture_model.h:173] exp(-dist) between 3 and 9 is 0.424631
2025-03-16 01:10:44 INFO  ren0 [gaussian_mixture_model.h:173] exp(-dist) between 4 and 5 is 0.590865
2025-03-16 01:10:44 INFO  ren0 [gaussian_mixture_model.h:173] exp(-dist) between 4 and 6 is 0.384528
2025-03-16 01:10:44 INFO  ren0 [gaussian_mixture_model.h:173] exp(-dist) between 4 and 7 is 0.164017
2025-03-16 01:10:44 INFO  ren0 [gaussian_mixture_model.h:173] exp(-dist) between 4 and 8 is 0.822159
2025-03-16 01:10:44 INFO  ren0 [gaussian_mixture_model.h:173] exp(-dist) between 4 and 9 is 0.286000
2025-03-16 01:10:44 INFO  ren0 [gaussian_mixture_model.h:173] exp(-dist) between 5 and 6 is 0.159379
2025-03-16 01:10:44 INFO  ren0 [gaussian_mixture_model.h:173] exp(-dist) between 5 and 7 is 0.350265
2025-03-16 01:10:44 INFO  ren0 [gaussian_mixture_model.h:173] exp(-dist) between 5 and 8 is 0.476762
2025-03-16 01:10:44 INFO  ren0 [gaussian_mixture_model.h:173] exp(-dist) between 5 and 9 is 0.797948
2025-03-16 01:10:44 INFO  ren0 [gaussian_mixture_model.h:173] exp(-dist) between 6 and 7 is 0.115520
2025-03-16 01:10:44 INFO  ren0 [gaussian_mixture_model.h:173] exp(-dist) between 6 and 8 is 0.288547
2025-03-16 01:10:44 INFO  ren0 [gaussian_mixture_model.h:173] exp(-dist) between 6 and 9 is 0.128338
2025-03-16 01:10:44 INFO  ren0 [gaussian_mixture_model.h:173] exp(-dist) between 7 and 8 is 0.045481
2025-03-16 01:10:44 INFO  ren0 [gaussian_mixture_model.h:173] exp(-dist) between 7 and 9 is 0.301759
2025-03-16 01:10:44 INFO  ren0 [gaussian_mixture_model.h:173] exp(-dist) between 8 and 9 is 0.276368
2025-03-16 01:10:44 INFO  ren0 [gaussian_mixture_model.h:180] components before the merge: 10
2025-03-16 01:10:44 INFO  ren0 [gaussian_mixture_model.h:183] Merging 8 and 4, because their BC is 0.822159
2025-03-16 01:10:44 INFO  ren0 [gaussian_mixture_model.h:200] components after the merge: 9, merged 1 component
2025-03-16 01:10:44 INFO  ren0 [gaussian_mixture_model.h:237] Ratio is 6.513058
2025-03-16 01:10:44 INFO  ren0 [gaussian_mixture_model.h:218] components after the split: 10, split 1 components
2025-03-16 01:10:44 INFO  ren0 [octree.h:482] root weight: 5.796e+04 (57957.113281)
2025-03-16 01:10:44 INFO  ren0 [octree.h:483] splitting threshold: 5.796e+01 (57.957115)
2025-03-16 01:10:44 INFO  ren0 [octree.h:482] root weight: 7.715e+03 (7714.577637)
2025-03-16 01:10:44 INFO  ren0 [octree.h:483] splitting threshold: 7.715e+00 (7.714578)
2025-03-16 01:10:44 INFO  ren0 [octree.h:498] node count: 516 -> 535 -> 500

2025-03-16 01:10:44 INFO  ren0 [octree.h:498] node count: 355 -> 359 -> 353

2025-03-16 01:10:44 INFO  ren0 [PMMFocalGuidingIntegrator] diverge probability: 0.117

2025-03-16 01:10:44 INFO  ren0 [PMMFocalGuidingIntegrator] iteration postprocessing time: 14.9132s
2025-03-16 01:10:44 INFO  ren0 [PMMFocalGuidingIntegrator] GMM[
weight = 0.0117104 mean = [3.33207 2.67079 0.490518] covariance = [[1.28168 0.000247739 0.63803][0.000247739 3.69312 -0.0850174][0.63803 -0.0850174 3.60125]]
weight = 0.0209945 mean = [3.97464 1.61908 2.94528] covariance = [[1.24499 0.367954 0.904602][0.367954 4.87869 1.36285][0.904602 1.36285 4.9749]]
weight = 0.127119 mean = [0.754033 4.38153 6.26937] covariance = [[4.43318 0.623663 0.036737][0.623663 4.93156 -0.565528][0.036737 -0.565528 5.60049]]
weight = 0.224573 mean = [-0.354282 2.18294 -1.01448] covariance = [[5.74083 0.250324 -0.542383][0.250324 3.68311 0.0263682][-0.542383 0.0263682 4.50156]]
weight = 0.0117104 mean = [3.71825 4.92815 1.91673] covariance = [[1.28168 0.000247739 0.63803][0.000247739 3.69312 -0.0850174][0.63803 -0.0850174 3.60125]]
weight = 0.0539102 mean = [-4.13225 2.44528 3.0149] covariance = [[2.21922 -0.836848 1.1613][-0.836848 4.81875 -0.454908][1.1613 -0.454908 5.43113]]
weight = 0.134141 mean = [2.20748 1.91747 6.17133] covariance = [[3.63814 0.420164 0.134546][0.420164 4.4645 -0.583332][0.134546 -0.583332 5.63745]]
weight = 0.218106 mean = [-1.53801 4.48557 -1.52995] covariance = [[6.09245 0.297681 -0.417713][0.297681 3.72951 0.160135][-0.417713 0.160135 4.0708]]
weight = 0.153719 mean = [-3.21786 3.29924 6.97413] covariance = [[4.15405 -0.166045 -1.0813][-0.166045 6.41722 -1.38606][-1.0813 -1.38606 4.77177]]
weight = 0.0440164 mean = [-4.08487 0.347911 1.3819] covariance = [[2.22228 -0.433696 1.46136][-0.433696 3.04409 -0.27031][1.46136 -0.27031 6.7109]]
]
2025-03-16 01:10:44 INFO  ren0 [PMMFocalGuidingIntegrator] Octree[
AABB: AABB3[min=[-6.3658, -1.5274, -4.73046], max=[5.27597, 8.04131, 10.0598]]
Nodes count: 500
]
2025-03-16 01:10:44 INFO  ren0 [PMMFocalGuidingIntegrator] Octree[
AABB: AABB3[min=[-6.3658, -1.5274, -4.73046], max=[5.27597, 8.04131, 10.0598]]
Nodes count: 353
]
2025-03-16 01:10:44 INFO  ren0 [PMMFocalGuidingIntegrator] Rendering 2 iteration
2025-03-16 01:10:44 INFO  ren0 [SamplingIntegrator] Starting render job (1280x720, 4 samples, 8 cores, SSE2 enabled) ..
2025-03-16 01:10:50 INFO  wrk6 [PMMFocalGuidingIntegrator] hit luminaire, value = [1e+06, 1e+06, 1e+06]
2025-03-16 01:11:13 INFO  wrk2 [PMMFocalGuidingIntegrator] hit luminaire, value = [0, 0, 0]
2025-03-16 01:11:47 INFO  wrk3 [PMMFocalGuidingIntegrator] hit luminaire, value = [1e+06, 1e+06, 1e+06]
2025-03-16 01:13:33 INFO  ren0 [PMMFocalGuidingIntegrator] iteration render time: 2.8087m
2025-03-16 01:13:33 INFO  ren0 [PMMFocalGuidingIntegrator] Got 68919 non-zero samples and 0 zero samples
2025-03-16 01:13:52 INFO  ren0 [gaussian_mixture_model.h:126] Components accumulated weight is: 1.000000
2025-03-16 01:13:52 INFO  ren0 [gaussian_mixture_model.h:173] exp(-dist) between 0 and 1 is 0.779245
2025-03-16 01:13:52 INFO  ren0 [gaussian_mixture_model.h:173] exp(-dist) between 0 and 2 is 0.194895
2025-03-16 01:13:52 INFO  ren0 [gaussian_mixture_model.h:173] exp(-dist) between 0 and 3 is 0.509246
2025-03-16 01:13:52 INFO  ren0 [gaussian_mixture_model.h:173] exp(-dist) between 0 and 4 is 0.729505
2025-03-16 01:13:52 INFO  ren0 [gaussian_mixture_model.h:173] exp(-dist) between 0 and 5 is 0.006120
2025-03-16 01:13:52 INFO  ren0 [gaussian_mixture_model.h:173] exp(-dist) between 0 and 6 is 0.311849
2025-03-16 01:13:52 INFO  ren0 [gaussian_mixture_model.h:173] exp(-dist) between 0 and 7 is 0.309040
2025-03-16 01:13:52 INFO  ren0 [gaussian_mixture_model.h:173] exp(-dist) between 0 and 8 is 0.035013
2025-03-16 01:13:52 INFO  ren0 [gaussian_mixture_model.h:173] exp(-dist) between 0 and 9 is 0.006901
2025-03-16 01:13:52 INFO  ren0 [gaussian_mixture_model.h:173] exp(-dist) between 1 and 2 is 0.290349
2025-03-16 01:13:52 INFO  ren0 [gaussian_mixture_model.h:173] exp(-dist) between 1 and 3 is 0.271638
2025-03-16 01:13:52 INFO  ren0 [gaussian_mixture_model.h:173] exp(-dist) between 1 and 4 is 0.606266
2025-03-16 01:13:52 INFO  ren0 [gaussian_mixture_model.h:173] exp(-dist) between 1 and 5 is 0.003500
2025-03-16 01:13:52 INFO  ren0 [gaussian_mixture_model.h:173] exp(-dist) between 1 and 6 is 0.528850
2025-03-16 01:13:52 INFO  ren0 [gaussian_mixture_model.h:173] exp(-dist) between 1 and 7 is 0.107953
2025-03-16 01:13:52 INFO  ren0 [gaussian_mixture_model.h:173] exp(-dist) between 1 and 8 is 0.040755
2025-03-16 01:13:52 INFO  ren0 [gaussian_mixture_model.h:173] exp(-dist) between 1 and 9 is 0.003710
2025-03-16 01:13:52 INFO  ren0 [gaussian_mixture_model.h:173] exp(-dist) between 2 and 3 is 0.208930
2025-03-16 01:13:52 INFO  ren0 [gaussian_mixture_model.h:173] exp(-dist) between 2 and 4 is 0.324014
2025-03-16 01:13:52 INFO  ren0 [gaussian_mixture_model.h:173] exp(-dist) between 2 and 5 is 0.306625
2025-03-16 01:13:52 INFO  ren0 [gaussian_mixture_model.h:173] exp(-dist) between 2 and 6 is 0.758841
2025-03-16 01:13:52 INFO  ren0 [gaussian_mixture_model.h:173] exp(-dist) between 2 and 7 is 0.166798
2025-03-16 01:13:52 INFO  ren0 [gaussian_mixture_model.h:173] exp(-dist) between 2 and 8 is 0.604448
2025-03-16 01:13:52 INFO  ren0 [gaussian_mixture_model.h:173] exp(-dist) between 2 and 9 is 0.174356
2025-03-16 01:13:52 INFO  ren0 [gaussian_mixture_model.h:173] exp(-dist) between 3 and 4 is 0.275434
2025-03-16 01:13:52 INFO  ren0 [gaussian_mixture_model.h:173] exp(-dist) between 3 and 5 is 0.346226
2025-03-16 01:13:52 INFO  ren0 [gaussian_mixture_model.h:173] exp(-dist) between 3 and 6 is 0.214677
2025-03-16 01:13:52 INFO  ren0 [gaussian_mixture_model.h:173] exp(-dist) between 3 and 7 is 0.801853
2025-03-16 01:13:52 INFO  ren0 [gaussian_mixture_model.h:173] exp(-dist) between 3 and 8 is 0.134744
2025-03-16 01:13:52 INFO  ren0 [gaussian_mixture_model.h:173] exp(-dist) between 3 and 9 is 0.408542
2025-03-16 01:13:52 INFO  ren0 [gaussian_mixture_model.h:173] exp(-dist) between 4 and 5 is 0.003017
2025-03-16 01:13:52 INFO  ren0 [gaussian_mixture_model.h:173] exp(-dist) between 4 and 6 is 0.338494
2025-03-16 01:13:52 INFO  ren0 [gaussian_mixture_model.h:173] exp(-dist) between 4 and 7 is 0.226835
2025-03-16 01:13:52 INFO  ren0 [gaussian_mixture_model.h:173] exp(-dist) between 4 and 8 is 0.041064
2025-03-16 01:13:52 INFO  ren0 [gaussian_mixture_model.h:173] exp(-dist) between 4 and 9 is 0.002266
2025-03-16 01:13:52 INFO  ren0 [gaussian_mixture_model.h:173] exp(-dist) between 5 and 6 is 0.154848
2025-03-16 01:13:52 INFO  ren0 [gaussian_mixture_model.h:173] exp(-dist) between 5 and 7 is 0.341700
2025-03-16 01:13:52 INFO  ren0 [gaussian_mixture_model.h:173] exp(-dist) between 5 and 8 is 0.603736
2025-03-16 01:13:52 INFO  ren0 [gaussian_mixture_model.h:173] exp(-dist) between 5 and 9 is 0.764391
2025-03-16 01:13:52 INFO  ren0 [gaussian_mixture_model.h:173] exp(-dist) between 6 and 7 is 0.107582
2025-03-16 01:13:52 INFO  ren0 [gaussian_mixture_model.h:173] exp(-dist) between 6 and 8 is 0.345828
2025-03-16 01:13:52 INFO  ren0 [gaussian_mixture_model.h:173] exp(-dist) between 6 and 9 is 0.126709
2025-03-16 01:13:52 INFO  ren0 [gaussian_mixture_model.h:173] exp(-dist) between 7 and 8 is 0.109039
2025-03-16 01:13:52 INFO  ren0 [gaussian_mixture_model.h:173] exp(-dist) between 7 and 9 is 0.288022
2025-03-16 01:13:52 INFO  ren0 [gaussian_mixture_model.h:173] exp(-dist) between 8 and 9 is 0.312533
2025-03-16 01:13:52 INFO  ren0 [gaussian_mixture_model.h:180] components before the merge: 10
2025-03-16 01:13:52 INFO  ren0 [gaussian_mixture_model.h:183] Merging 7 and 3, because their BC is 0.801853
2025-03-16 01:13:52 INFO  ren0 [gaussian_mixture_model.h:200] components after the merge: 9, merged 1 component
2025-03-16 01:13:52 INFO  ren0 [gaussian_mixture_model.h:237] Ratio is 3.603447
2025-03-16 01:13:52 INFO  ren0 [gaussian_mixture_model.h:218] components after the split: 10, split 1 components
2025-03-16 01:13:52 INFO  ren0 [octree.h:482] root weight: 5.692e+04 (56917.820312)
2025-03-16 01:13:52 INFO  ren0 [octree.h:483] splitting threshold: 5.692e+01 (56.917824)
2025-03-16 01:13:52 INFO  ren0 [octree.h:482] root weight: 8.577e+03 (8576.853516)
2025-03-16 01:13:52 INFO  ren0 [octree.h:483] splitting threshold: 8.577e+00 (8.576854)
2025-03-16 01:13:52 INFO  ren0 [octree.h:498] node count: 500 -> 519 -> 486

2025-03-16 01:13:52 INFO  ren0 [octree.h:498] node count: 353 -> 364 -> 360

2025-03-16 01:13:52 INFO  ren0 [PMMFocalGuidingIntegrator] diverge probability: 0.131

2025-03-16 01:13:52 INFO  ren0 [PMMFocalGuidingIntegrator] iteration postprocessing time: 19.1974s
2025-03-16 01:13:52 INFO  ren0 [PMMFocalGuidingIntegrator] GMM[
weight = 0.00534624 mean = [3.17797 3.45081 0.0689294] covariance = [[1.31138 0.0886189 0.5115][0.0886189 2.33863 0.509604][0.5115 0.509604 3.56647]]
weight = 0.0192364 mean = [3.85494 1.51351 2.86035] covariance = [[1.02263 0.270007 0.714104][0.270007 4.37775 1.41726][0.714104 1.41726 5.3274]]
weight = 0.123603 mean = [0.754122 4.35668 6.233] covariance = [[4.48508 0.772145 0.289792][0.772145 5.03823 -0.502421][0.289792 -0.502421 5.48769]]
weight = 0.00534624 mean = [3.36204 1.48294 0.716245] covariance = [[1.31138 0.0886189 0.5115][0.0886189 2.33863 0.509604][0.5115 0.509604 3.56647]]
weight = 0.0106742 mean = [3.66693 5.22659 1.887] covariance = [[1.11697 0.168231 0.514617][0.168231 4.04559 -0.0794922][0.514617 -0.0794922 3.85128]]
weight = 0.0528027 mean = [-4.12056 2.55121 3.10354] covariance = [[2.1062 -0.756337 0.928732][-0.756337 5.16448 -0.587834][0.928732 -0.587834 5.40907]]
weight = 0.132699 mean = [2.11113 1.82805 6.21649] covariance = [[3.37447 0.329689 0.436784][0.329689 4.13773 -0.406519][0.436784 -0.406519 5.45516]]
weight = 0.458375 mean = [-0.944926 3.32553 -1.24883] covariance = [[6.06926 -0.509975 -0.151754][-0.509975 4.67299 -0.143887][-0.151754 -0.143887 4.00486]]
weight = 0.149805 mean = [-3.13579 3.28457 6.80424] covariance = [[3.76117 -0.25513 -0.737352][-0.25513 6.3876 -1.24923][-0.737352 -1.24923 4.37495]]
weight = 0.0421123 mean = [-4.12674 0.48377 1.34674] covariance = [[2.08483 -0.201504 1.39905][-0.201504 2.31527 -0.295971][1.39905 -0.295971 7.5524]]
]
2025-03-16 01:13:52 INFO  ren0 [PMMFocalGuidingIntegrator] Octree[
AABB: AABB3[min=[-6.3658, -1.5274, -4.73046], max=[5.27597, 8.04131, 10.0598]]
Nodes count: 486
]
2025-03-16 01:13:52 INFO  ren0 [PMMFocalGuidingIntegrator] Octree[
AABB: AABB3[min=[-6.3658, -1.5274, -4.73046], max=[5.27597, 8.04131, 10.0598]]
Nodes count: 360
]
2025-03-16 01:13:52 INFO  ren0 [PMMFocalGuidingIntegrator] Rendering 3 iteration
2025-03-16 01:13:52 INFO  ren0 [SamplingIntegrator] Starting render job (1280x720, 4 samples, 8 cores, SSE2 enabled) ..
2025-03-16 01:14:02 INFO  wrk6 [PMMFocalGuidingIntegrator] hit luminaire, value = [1e+06, 1e+06, 1e+06]
2025-03-16 01:14:25 INFO  wrk0 [PMMFocalGuidingIntegrator] hit luminaire, value = [0, 0, 0]
2025-03-16 01:15:08 INFO  wrk1 [PMMFocalGuidingIntegrator] hit luminaire, value = [0, 0, 0]
2025-03-16 01:16:30 INFO  wrk1 [PMMFocalGuidingIntegrator] hit luminaire, value = [1e+06, 1e+06, 1e+06]
2025-03-16 01:16:35 INFO  ren0 [PMMFocalGuidingIntegrator] iteration render time: 2.7090m
2025-03-16 01:16:35 INFO  ren0 [PMMFocalGuidingIntegrator] Got 86801 non-zero samples and 0 zero samples
2025-03-16 01:16:59 INFO  ren0 [gaussian_mixture_model.h:126] Components accumulated weight is: 1.000000
2025-03-16 01:16:59 INFO  ren0 [gaussian_mixture_model.h:173] exp(-dist) between 0 and 1 is 0.584969
2025-03-16 01:16:59 INFO  ren0 [gaussian_mixture_model.h:173] exp(-dist) between 0 and 2 is 0.205685
2025-03-16 01:16:59 INFO  ren0 [gaussian_mixture_model.h:173] exp(-dist) between 0 and 3 is 0.754014
2025-03-16 01:16:59 INFO  ren0 [gaussian_mixture_model.h:173] exp(-dist) between 0 and 4 is 0.750736
2025-03-16 01:16:59 INFO  ren0 [gaussian_mixture_model.h:173] exp(-dist) between 0 and 5 is 0.008174
2025-03-16 01:16:59 INFO  ren0 [gaussian_mixture_model.h:173] exp(-dist) between 0 and 6 is 0.251606
2025-03-16 01:16:59 INFO  ren0 [gaussian_mixture_model.h:173] exp(-dist) between 0 and 7 is 0.491256
2025-03-16 01:16:59 INFO  ren0 [gaussian_mixture_model.h:173] exp(-dist) between 0 and 8 is 0.033525
2025-03-16 01:16:59 INFO  ren0 [gaussian_mixture_model.h:173] exp(-dist) between 0 and 9 is 0.007338
2025-03-16 01:16:59 INFO  ren0 [gaussian_mixture_model.h:173] exp(-dist) between 1 and 2 is 0.276022
2025-03-16 01:16:59 INFO  ren0 [gaussian_mixture_model.h:173] exp(-dist) between 1 and 3 is 0.835459
2025-03-16 01:16:59 INFO  ren0 [gaussian_mixture_model.h:173] exp(-dist) between 1 and 4 is 0.544506
2025-03-16 01:16:59 INFO  ren0 [gaussian_mixture_model.h:173] exp(-dist) between 1 and 5 is 0.002931
2025-03-16 01:16:59 INFO  ren0 [gaussian_mixture_model.h:173] exp(-dist) between 1 and 6 is 0.510846
2025-03-16 01:16:59 INFO  ren0 [gaussian_mixture_model.h:173] exp(-dist) between 1 and 7 is 0.198007
2025-03-16 01:16:59 INFO  ren0 [gaussian_mixture_model.h:173] exp(-dist) between 1 and 8 is 0.035464
2025-03-16 01:16:59 INFO  ren0 [gaussian_mixture_model.h:173] exp(-dist) between 1 and 9 is 0.002606
2025-03-16 01:16:59 INFO  ren0 [gaussian_mixture_model.h:173] exp(-dist) between 2 and 3 is 0.160475
2025-03-16 01:16:59 INFO  ren0 [gaussian_mixture_model.h:173] exp(-dist) between 2 and 4 is 0.323727
2025-03-16 01:16:59 INFO  ren0 [gaussian_mixture_model.h:173] exp(-dist) between 2 and 5 is 0.320446
2025-03-16 01:16:59 INFO  ren0 [gaussian_mixture_model.h:173] exp(-dist) between 2 and 6 is 0.749205
2025-03-16 01:16:59 INFO  ren0 [gaussian_mixture_model.h:173] exp(-dist) between 2 and 7 is 0.195320
2025-03-16 01:16:59 INFO  ren0 [gaussian_mixture_model.h:173] exp(-dist) between 2 and 8 is 0.608197
2025-03-16 01:16:59 INFO  ren0 [gaussian_mixture_model.h:173] exp(-dist) between 2 and 9 is 0.180954
2025-03-16 01:16:59 INFO  ren0 [gaussian_mixture_model.h:173] exp(-dist) between 3 and 4 is 0.459469
2025-03-16 01:16:59 INFO  ren0 [gaussian_mixture_model.h:173] exp(-dist) between 3 and 5 is 0.006712
2025-03-16 01:16:59 INFO  ren0 [gaussian_mixture_model.h:173] exp(-dist) between 3 and 6 is 0.319045
2025-03-16 01:16:59 INFO  ren0 [gaussian_mixture_model.h:173] exp(-dist) between 3 and 7 is 0.349119
2025-03-16 01:16:59 INFO  ren0 [gaussian_mixture_model.h:173] exp(-dist) between 3 and 8 is 0.030553
2025-03-16 01:16:59 INFO  ren0 [gaussian_mixture_model.h:173] exp(-dist) between 3 and 9 is 0.007227
2025-03-16 01:16:59 INFO  ren0 [gaussian_mixture_model.h:173] exp(-dist) between 4 and 5 is 0.002936
2025-03-16 01:16:59 INFO  ren0 [gaussian_mixture_model.h:173] exp(-dist) between 4 and 6 is 0.313527
2025-03-16 01:16:59 INFO  ren0 [gaussian_mixture_model.h:173] exp(-dist) between 4 and 7 is 0.246473
2025-03-16 01:16:59 INFO  ren0 [gaussian_mixture_model.h:173] exp(-dist) between 4 and 8 is 0.035970
2025-03-16 01:16:59 INFO  ren0 [gaussian_mixture_model.h:173] exp(-dist) between 4 and 9 is 0.001864
2025-03-16 01:16:59 INFO  ren0 [gaussian_mixture_model.h:173] exp(-dist) between 5 and 6 is 0.155903
2025-03-16 01:16:59 INFO  ren0 [gaussian_mixture_model.h:173] exp(-dist) between 5 and 7 is 0.354537
2025-03-16 01:16:59 INFO  ren0 [gaussian_mixture_model.h:173] exp(-dist) between 5 and 8 is 0.622740
2025-03-16 01:16:59 INFO  ren0 [gaussian_mixture_model.h:173] exp(-dist) between 5 and 9 is 0.729792
2025-03-16 01:16:59 INFO  ren0 [gaussian_mixture_model.h:173] exp(-dist) between 6 and 7 is 0.168632
2025-03-16 01:16:59 INFO  ren0 [gaussian_mixture_model.h:173] exp(-dist) between 6 and 8 is 0.344931
2025-03-16 01:16:59 INFO  ren0 [gaussian_mixture_model.h:173] exp(-dist) between 6 and 9 is 0.126783
2025-03-16 01:16:59 INFO  ren0 [gaussian_mixture_model.h:173] exp(-dist) between 7 and 8 is 0.120079
2025-03-16 01:16:59 INFO  ren0 [gaussian_mixture_model.h:173] exp(-dist) between 7 and 9 is 0.344703
2025-03-16 01:16:59 INFO  ren0 [gaussian_mixture_model.h:173] exp(-dist) between 8 and 9 is 0.317472
2025-03-16 01:16:59 INFO  ren0 [gaussian_mixture_model.h:180] components before the merge: 10
2025-03-16 01:16:59 INFO  ren0 [gaussian_mixture_model.h:183] Merging 3 and 1, because their BC is 0.835459
2025-03-16 01:16:59 INFO  ren0 [gaussian_mixture_model.h:200] components after the merge: 9, merged 1 component
2025-03-16 01:16:59 INFO  ren0 [gaussian_mixture_model.h:237] Ratio is 3.193861
2025-03-16 01:16:59 INFO  ren0 [gaussian_mixture_model.h:218] components after the split: 10, split 1 components
2025-03-16 01:16:59 INFO  ren0 [octree.h:482] root weight: 5.659e+04 (56590.027344)
2025-03-16 01:16:59 INFO  ren0 [octree.h:483] splitting threshold: 5.659e+01 (56.590031)
2025-03-16 01:16:59 INFO  ren0 [octree.h:482] root weight: 8.356e+03 (8355.787109)
2025-03-16 01:16:59 INFO  ren0 [octree.h:483] splitting threshold: 8.356e+00 (8.355787)
2025-03-16 01:16:59 INFO  ren0 [octree.h:498] node count: 486 -> 504 -> 477

2025-03-16 01:16:59 INFO  ren0 [octree.h:498] node count: 360 -> 363 -> 360

2025-03-16 01:16:59 INFO  ren0 [PMMFocalGuidingIntegrator] diverge probability: 0.129

2025-03-16 01:16:59 INFO  ren0 [PMMFocalGuidingIntegrator] iteration postprocessing time: 24.2657s
2025-03-16 01:16:59 INFO  ren0 [PMMFocalGuidingIntegrator] GMM[
weight = 0.00225571 mean = [2.84066 3.06489 -0.972726] covariance = [[1.39637 -0.074126 0.191433][-0.074126 2.59652 -0.145492][0.191433 -0.145492 2.16827]]
weight = 0.00225571 mean = [3.25362 3.76585 0.937943] covariance = [[1.39637 -0.074126 0.191433][-0.074126 2.59652 -0.145492][0.191433 -0.145492 2.16827]]
weight = 0.122143 mean = [0.719491 4.31731 6.19339] covariance = [[4.4933 0.886526 0.410417][0.886526 5.0359 -0.471749][0.410417 -0.471749 5.39254]]
weight = 0.0238294 mean = [3.73445 1.40962 2.41291] covariance = [[1.01871 0.157933 0.724639][0.157933 3.55122 1.318][0.724639 1.318 5.91715]]
weight = 0.0101648 mean = [3.6786 5.43074 1.9046] covariance = [[1.01886 0.277428 0.425497][0.277428 3.89364 -0.215901][0.425497 -0.215901 4.23673]]
weight = 0.0518667 mean = [-4.11134 2.64445 3.17619] covariance = [[2.05165 -0.679842 0.769935][-0.679842 5.29222 -0.68321][0.769935 -0.68321 5.33678]]
weight = 0.13201 mean = [2.03013 1.7697 6.20839] covariance = [[3.26973 0.260869 0.5834][0.260869 3.81046 -0.299595][0.5834 -0.299595 5.33849]]
weight = 0.46405 mean = [-0.929658 3.35128 -1.24561] covariance = [[5.84031 -0.521954 -0.0824824][-0.521954 4.34341 -0.1311][-0.0824824 -0.1311 3.78524]]
weight = 0.149864 mean = [-3.08072 3.26524 6.7512] covariance = [[3.54107 -0.30681 -0.573259][-0.30681 6.20333 -1.16203][-0.573259 -1.16203 4.2038]]
weight = 0.0415603 mean = [-4.14838 0.506802 1.34751] covariance = [[1.99724 -0.0796073 1.36082][-0.0796073 1.95631 -0.278997][1.36082 -0.278997 8.1266]]
]
2025-03-16 01:16:59 INFO  ren0 [PMMFocalGuidingIntegrator] Octree[
AABB: AABB3[min=[-6.3658, -1.5274, -4.73046], max=[5.27597, 8.04131, 10.0598]]
Nodes count: 477
]
2025-03-16 01:16:59 INFO  ren0 [PMMFocalGuidingIntegrator] Octree[
AABB: AABB3[min=[-6.3658, -1.5274, -4.73046], max=[5.27597, 8.04131, 10.0598]]
Nodes count: 360
]
2025-03-16 01:16:59 INFO  ren0 [PMMFocalGuidingIntegrator] Rendering 4 iteration
2025-03-16 01:16:59 INFO  ren0 [SamplingIntegrator] Starting render job (1280x720, 4 samples, 8 cores, SSE2 enabled) ..
2025-03-16 01:17:29 INFO  wrk2 [PMMFocalGuidingIntegrator] hit luminaire, value = [1e+06, 1e+06, 1e+06]
2025-03-16 01:19:46 INFO  ren0 [PMMFocalGuidingIntegrator] iteration render time: 2.7923m
2025-03-16 01:19:46 INFO  ren0 [PMMFocalGuidingIntegrator] Got 106061 non-zero samples and 0 zero samples
2025-03-16 01:20:17 INFO  ren0 [gaussian_mixture_model.h:126] Components accumulated weight is: 1.000000
2025-03-16 01:20:17 INFO  ren0 [gaussian_mixture_model.h:173] exp(-dist) between 0 and 1 is 0.751514
2025-03-16 01:20:17 INFO  ren0 [gaussian_mixture_model.h:173] exp(-dist) between 0 and 2 is 0.099767
2025-03-16 01:20:17 INFO  ren0 [gaussian_mixture_model.h:173] exp(-dist) between 0 and 3 is 0.498481
2025-03-16 01:20:17 INFO  ren0 [gaussian_mixture_model.h:173] exp(-dist) between 0 and 4 is 0.469826
2025-03-16 01:20:17 INFO  ren0 [gaussian_mixture_model.h:173] exp(-dist) between 0 and 5 is 0.011687
2025-03-16 01:20:17 INFO  ren0 [gaussian_mixture_model.h:173] exp(-dist) between 0 and 6 is 0.138796
2025-03-16 01:20:17 INFO  ren0 [gaussian_mixture_model.h:173] exp(-dist) between 0 and 7 is 0.569750
2025-03-16 01:20:17 INFO  ren0 [gaussian_mixture_model.h:173] exp(-dist) between 0 and 8 is 0.018937
2025-03-16 01:20:17 INFO  ren0 [gaussian_mixture_model.h:173] exp(-dist) between 0 and 9 is 0.011007
2025-03-16 01:20:17 INFO  ren0 [gaussian_mixture_model.h:173] exp(-dist) between 1 and 2 is 0.241159
2025-03-16 01:20:17 INFO  ren0 [gaussian_mixture_model.h:173] exp(-dist) between 1 and 3 is 0.644022
2025-03-16 01:20:17 INFO  ren0 [gaussian_mixture_model.h:173] exp(-dist) between 1 and 4 is 0.791703
2025-03-16 01:20:17 INFO  ren0 [gaussian_mixture_model.h:173] exp(-dist) between 1 and 5 is 0.010898
2025-03-16 01:20:17 INFO  ren0 [gaussian_mixture_model.h:173] exp(-dist) between 1 and 6 is 0.290382
2025-03-16 01:20:17 INFO  ren0 [gaussian_mixture_model.h:173] exp(-dist) between 1 and 7 is 0.389981
2025-03-16 01:20:17 INFO  ren0 [gaussian_mixture_model.h:173] exp(-dist) between 1 and 8 is 0.041135
2025-03-16 01:20:17 INFO  ren0 [gaussian_mixture_model.h:173] exp(-dist) between 1 and 9 is 0.007116
2025-03-16 01:20:17 INFO  ren0 [gaussian_mixture_model.h:173] exp(-dist) between 2 and 3 is 0.252286
2025-03-16 01:20:17 INFO  ren0 [gaussian_mixture_model.h:173] exp(-dist) between 2 and 4 is 0.326156
2025-03-16 01:20:17 INFO  ren0 [gaussian_mixture_model.h:173] exp(-dist) between 2 and 5 is 0.331651
2025-03-16 01:20:17 INFO  ren0 [gaussian_mixture_model.h:173] exp(-dist) between 2 and 6 is 0.740077
2025-03-16 01:20:17 INFO  ren0 [gaussian_mixture_model.h:173] exp(-dist) between 2 and 7 is 0.192924
2025-03-16 01:20:17 INFO  ren0 [gaussian_mixture_model.h:173] exp(-dist) between 2 and 8 is 0.612164
2025-03-16 01:20:17 INFO  ren0 [gaussian_mixture_model.h:173] exp(-dist) between 2 and 9 is 0.185568
2025-03-16 01:20:17 INFO  ren0 [gaussian_mixture_model.h:173] exp(-dist) between 3 and 4 is 0.476553
2025-03-16 01:20:17 INFO  ren0 [gaussian_mixture_model.h:173] exp(-dist) between 3 and 5 is 0.003353
2025-03-16 01:20:17 INFO  ren0 [gaussian_mixture_model.h:173] exp(-dist) between 3 and 6 is 0.480419
2025-03-16 01:20:17 INFO  ren0 [gaussian_mixture_model.h:173] exp(-dist) between 3 and 7 is 0.222797
2025-03-16 01:20:17 INFO  ren0 [gaussian_mixture_model.h:173] exp(-dist) between 3 and 8 is 0.033171
2025-03-16 01:20:17 INFO  ren0 [gaussian_mixture_model.h:173] exp(-dist) between 3 and 9 is 0.002717
2025-03-16 01:20:17 INFO  ren0 [gaussian_mixture_model.h:173] exp(-dist) between 4 and 5 is 0.002695
2025-03-16 01:20:17 INFO  ren0 [gaussian_mixture_model.h:173] exp(-dist) between 4 and 6 is 0.291593
2025-03-16 01:20:17 INFO  ren0 [gaussian_mixture_model.h:173] exp(-dist) between 4 and 7 is 0.220790
2025-03-16 01:20:17 INFO  ren0 [gaussian_mixture_model.h:173] exp(-dist) between 4 and 8 is 0.032352
2025-03-16 01:20:17 INFO  ren0 [gaussian_mixture_model.h:173] exp(-dist) between 4 and 9 is 0.001396
2025-03-16 01:20:17 INFO  ren0 [gaussian_mixture_model.h:173] exp(-dist) between 5 and 6 is 0.158071
2025-03-16 01:20:17 INFO  ren0 [gaussian_mixture_model.h:173] exp(-dist) between 5 and 7 is 0.347531
2025-03-16 01:20:17 INFO  ren0 [gaussian_mixture_model.h:173] exp(-dist) between 5 and 8 is 0.632563
2025-03-16 01:20:17 INFO  ren0 [gaussian_mixture_model.h:173] exp(-dist) between 5 and 9 is 0.701392
2025-03-16 01:20:17 INFO  ren0 [gaussian_mixture_model.h:173] exp(-dist) between 6 and 7 is 0.164529
2025-03-16 01:20:17 INFO  ren0 [gaussian_mixture_model.h:173] exp(-dist) between 6 and 8 is 0.346099
2025-03-16 01:20:17 INFO  ren0 [gaussian_mixture_model.h:173] exp(-dist) between 6 and 9 is 0.127620
2025-03-16 01:20:17 INFO  ren0 [gaussian_mixture_model.h:173] exp(-dist) between 7 and 8 is 0.113735
2025-03-16 01:20:17 INFO  ren0 [gaussian_mixture_model.h:173] exp(-dist) between 7 and 9 is 0.324452
2025-03-16 01:20:17 INFO  ren0 [gaussian_mixture_model.h:173] exp(-dist) between 8 and 9 is 0.319845
2025-03-16 01:20:17 INFO  ren0 [gaussian_mixture_model.h:180] components before the merge: 10
2025-03-16 01:20:17 INFO  ren0 [gaussian_mixture_model.h:183] Merging 4 and 1, because their BC is 0.791703
2025-03-16 01:20:17 INFO  ren0 [gaussian_mixture_model.h:200] components after the merge: 9, merged 1 component
2025-03-16 01:20:17 INFO  ren0 [gaussian_mixture_model.h:237] Ratio is 1.969406
2025-03-16 01:20:17 INFO  ren0 [gaussian_mixture_model.h:218] components after the split: 10, split 1 components
2025-03-16 01:20:17 INFO  ren0 [octree.h:482] root weight: 6.142e+04 (61423.527344)
2025-03-16 01:20:17 INFO  ren0 [octree.h:483] splitting threshold: 6.142e+01 (61.423531)
2025-03-16 01:20:17 INFO  ren0 [octree.h:482] root weight: 9.150e+03 (9149.719727)
2025-03-16 01:20:17 INFO  ren0 [octree.h:483] splitting threshold: 9.150e+00 (9.149720)
2025-03-16 01:20:17 INFO  ren0 [octree.h:498] node count: 477 -> 495 -> 468

2025-03-16 01:20:17 INFO  ren0 [octree.h:498] node count: 360 -> 363 -> 359

2025-03-16 01:20:17 INFO  ren0 [PMMFocalGuidingIntegrator] diverge probability: 0.130

2025-03-16 01:20:17 INFO  ren0 [PMMFocalGuidingIntegrator] iteration postprocessing time: 30.2346s
2025-03-16 01:20:17 INFO  ren0 [PMMFocalGuidingIntegrator] GMM[
weight = 0.00101654 mean = [2.53381 3.80741 -1.48761] covariance = [[1.59483 0.0671757 0.121231][0.0671757 1.69489 0.291963][0.121231 0.291963 2.11272]]
weight = 0.00101654 mean = [2.84326 2.24263 -0.750218] covariance = [[1.59483 0.0671757 0.121231][0.0671757 1.69489 0.291963][0.121231 0.291963 2.11272]]
weight = 0.120155 mean = [0.681083 4.27948 6.14111] covariance = [[4.51073 0.9873 0.486853][0.9873 5.01033 -0.467347][0.486853 -0.467347 5.34427]]
weight = 0.02315 mean = [3.73946 1.32931 2.41895] covariance = [[0.939592 0.119282 0.618361][0.119282 3.22695 1.38681][0.618361 1.38681 6.11987]]
weight = 0.0117939 mean = [3.62427 5.29796 1.79205] covariance = [[1.06267 0.41314 0.386028][0.41314 3.9139 -0.105966][0.386028 -0.105966 4.45905]]
weight = 0.0516964 mean = [-4.10478 2.71794 3.21633] covariance = [[2.0076 -0.596471 0.630299][-0.596471 5.33983 -0.7822][0.630299 -0.7822 5.2247]]
weight = 0.130291 mean = [1.95869 1.71901 6.18515] covariance = [[3.22729 0.221074 0.691067][0.221074 3.55509 -0.234407][0.691067 -0.234407 5.26472]]
weight = 0.46892 mean = [-0.936321 3.36042 -1.25173] covariance = [[5.6319 -0.542299 -0.0517636][-0.542299 4.06689 -0.125672][-0.0517636 -0.125672 3.61709]]
weight = 0.149784 mean = [-3.04592 3.228 6.72849] covariance = [[3.39479 -0.319548 -0.476062][-0.319548 6.06452 -1.1416][-0.476062 -1.1416 4.16142]]
weight = 0.0421766 mean = [-4.17078 0.504723 1.3598] covariance = [[1.93089 -0.0151625 1.31285][-0.0151625 1.7397 -0.256231][1.31285 -0.256231 8.5089]]
]
2025-03-16 01:20:17 INFO  ren0 [PMMFocalGuidingIntegrator] Octree[
AABB: AABB3[min=[-6.3658, -1.5274, -4.73046], max=[5.27597, 8.04131, 10.0598]]
Nodes count: 468
]
2025-03-16 01:20:17 INFO  ren0 [PMMFocalGuidingIntegrator] Octree[
AABB: AABB3[min=[-6.3658, -1.5274, -4.73046], max=[5.27597, 8.04131, 10.0598]]
Nodes count: 359
]
2025-03-16 01:20:17 INFO  ren0 [PMMFocalGuidingIntegrator] Rendering 5 iteration
2025-03-16 01:20:17 INFO  ren0 [SamplingIntegrator] Starting render job (1280x720, 4 samples, 8 cores, SSE2 enabled) ..
2025-03-16 01:20:39 INFO  wrk5 [PMMFocalGuidingIntegrator] hit luminaire, value = [1e+06, 1e+06, 1e+06]
2025-03-16 01:21:25 INFO  wrk6 [PMMFocalGuidingIntegrator] hit luminaire, value = [0, 0, 0]
2025-03-16 01:22:31 INFO  wrk3 [PMMFocalGuidingIntegrator] hit luminaire, value = [1e+06, 1e+06, 1e+06]
2025-03-16 01:23:03 INFO  ren0 [PMMFocalGuidingIntegrator] iteration render time: 2.7705m
2025-03-16 01:23:03 INFO  ren0 [PMMFocalGuidingIntegrator] Got 128348 non-zero samples and 0 zero samples
2025-03-16 01:23:39 INFO  ren0 [gaussian_mixture_model.h:126] Components accumulated weight is: 1.000000
2025-03-16 01:23:39 INFO  ren0 [gaussian_mixture_model.h:173] exp(-dist) between 0 and 1 is 0.755495
2025-03-16 01:23:39 INFO  ren0 [gaussian_mixture_model.h:173] exp(-dist) between 0 and 2 is 0.084507
2025-03-16 01:23:39 INFO  ren0 [gaussian_mixture_model.h:173] exp(-dist) between 0 and 3 is 0.239014
2025-03-16 01:23:39 INFO  ren0 [gaussian_mixture_model.h:173] exp(-dist) between 0 and 4 is 0.467470
2025-03-16 01:23:39 INFO  ren0 [gaussian_mixture_model.h:173] exp(-dist) between 0 and 5 is 0.015867
2025-03-16 01:23:39 INFO  ren0 [gaussian_mixture_model.h:173] exp(-dist) between 0 and 6 is 0.082618
2025-03-16 01:23:39 INFO  ren0 [gaussian_mixture_model.h:173] exp(-dist) between 0 and 7 is 0.590596
2025-03-16 01:23:39 INFO  ren0 [gaussian_mixture_model.h:173] exp(-dist) between 0 and 8 is 0.015780
2025-03-16 01:23:39 INFO  ren0 [gaussian_mixture_model.h:173] exp(-dist) between 0 and 9 is 0.012934
2025-03-16 01:23:39 INFO  ren0 [gaussian_mixture_model.h:173] exp(-dist) between 1 and 2 is 0.103440
2025-03-16 01:23:39 INFO  ren0 [gaussian_mixture_model.h:173] exp(-dist) between 1 and 3 is 0.554726
2025-03-16 01:23:39 INFO  ren0 [gaussian_mixture_model.h:173] exp(-dist) between 1 and 4 is 0.418589
2025-03-16 01:23:39 INFO  ren0 [gaussian_mixture_model.h:173] exp(-dist) between 1 and 5 is 0.015069
2025-03-16 01:23:39 INFO  ren0 [gaussian_mixture_model.h:173] exp(-dist) between 1 and 6 is 0.157262
2025-03-16 01:23:39 INFO  ren0 [gaussian_mixture_model.h:173] exp(-dist) between 1 and 7 is 0.528738
2025-03-16 01:23:39 INFO  ren0 [gaussian_mixture_model.h:173] exp(-dist) between 1 and 8 is 0.021666
2025-03-16 01:23:39 INFO  ren0 [gaussian_mixture_model.h:173] exp(-dist) between 1 and 9 is 0.013796
2025-03-16 01:23:39 INFO  ren0 [gaussian_mixture_model.h:173] exp(-dist) between 2 and 3 is 0.241776
2025-03-16 01:23:39 INFO  ren0 [gaussian_mixture_model.h:173] exp(-dist) between 2 and 4 is 0.333671
2025-03-16 01:23:39 INFO  ren0 [gaussian_mixture_model.h:173] exp(-dist) between 2 and 5 is 0.340135
2025-03-16 01:23:39 INFO  ren0 [gaussian_mixture_model.h:173] exp(-dist) between 2 and 6 is 0.731015
2025-03-16 01:23:39 INFO  ren0 [gaussian_mixture_model.h:173] exp(-dist) between 2 and 7 is 0.192826
2025-03-16 01:23:39 INFO  ren0 [gaussian_mixture_model.h:173] exp(-dist) between 2 and 8 is 0.615006
2025-03-16 01:23:39 INFO  ren0 [gaussian_mixture_model.h:173] exp(-dist) between 2 and 9 is 0.188910
2025-03-16 01:23:39 INFO  ren0 [gaussian_mixture_model.h:173] exp(-dist) between 3 and 4 is 0.472191
2025-03-16 01:23:39 INFO  ren0 [gaussian_mixture_model.h:173] exp(-dist) between 3 and 5 is 0.003029
2025-03-16 01:23:39 INFO  ren0 [gaussian_mixture_model.h:173] exp(-dist) between 3 and 6 is 0.471128
2025-03-16 01:23:39 INFO  ren0 [gaussian_mixture_model.h:173] exp(-dist) between 3 and 7 is 0.205791
2025-03-16 01:23:39 INFO  ren0 [gaussian_mixture_model.h:173] exp(-dist) between 3 and 8 is 0.031144
2025-03-16 01:23:39 INFO  ren0 [gaussian_mixture_model.h:173] exp(-dist) between 3 and 9 is 0.002178
2025-03-16 01:23:39 INFO  ren0 [gaussian_mixture_model.h:173] exp(-dist) between 4 and 5 is 0.003770
2025-03-16 01:23:39 INFO  ren0 [gaussian_mixture_model.h:173] exp(-dist) between 4 and 6 is 0.297787
2025-03-16 01:23:39 INFO  ren0 [gaussian_mixture_model.h:173] exp(-dist) between 4 and 7 is 0.239081
2025-03-16 01:23:39 INFO  ren0 [gaussian_mixture_model.h:173] exp(-dist) between 4 and 8 is 0.034920
2025-03-16 01:23:39 INFO  ren0 [gaussian_mixture_model.h:173] exp(-dist) between 4 and 9 is 0.001894
2025-03-16 01:23:39 INFO  ren0 [gaussian_mixture_model.h:173] exp(-dist) between 5 and 6 is 0.160558
2025-03-16 01:23:39 INFO  ren0 [gaussian_mixture_model.h:173] exp(-dist) between 5 and 7 is 0.341930
2025-03-16 01:23:39 INFO  ren0 [gaussian_mixture_model.h:173] exp(-dist) between 5 and 8 is 0.636939
2025-03-16 01:23:39 INFO  ren0 [gaussian_mixture_model.h:173] exp(-dist) between 5 and 9 is 0.674703
2025-03-16 01:23:39 INFO  ren0 [gaussian_mixture_model.h:173] exp(-dist) between 6 and 7 is 0.163343
2025-03-16 01:23:39 INFO  ren0 [gaussian_mixture_model.h:173] exp(-dist) between 6 and 8 is 0.348290
2025-03-16 01:23:39 INFO  ren0 [gaussian_mixture_model.h:173] exp(-dist) between 6 and 9 is 0.129608
2025-03-16 01:23:39 INFO  ren0 [gaussian_mixture_model.h:173] exp(-dist) between 7 and 8 is 0.109710
2025-03-16 01:23:39 INFO  ren0 [gaussian_mixture_model.h:173] exp(-dist) between 7 and 9 is 0.308039
2025-03-16 01:23:39 INFO  ren0 [gaussian_mixture_model.h:173] exp(-dist) between 8 and 9 is 0.318928
2025-03-16 01:23:39 INFO  ren0 [gaussian_mixture_model.h:180] components before the merge: 10
2025-03-16 01:23:39 INFO  ren0 [gaussian_mixture_model.h:183] Merging 1 and 0, because their BC is 0.755495
2025-03-16 01:23:39 INFO  ren0 [gaussian_mixture_model.h:200] components after the merge: 9, merged 1 component
2025-03-16 01:23:39 INFO  ren0 [gaussian_mixture_model.h:237] Ratio is 1.494359
2025-03-16 01:23:39 INFO  ren0 [gaussian_mixture_model.h:218] components after the split: 10, split 1 components
2025-03-16 01:23:39 INFO  ren0 [octree.h:482] root weight: 7.262e+04 (72615.289062)
2025-03-16 01:23:39 INFO  ren0 [octree.h:483] splitting threshold: 7.262e+01 (72.615295)
2025-03-16 01:23:39 INFO  ren0 [octree.h:482] root weight: 9.288e+03 (9288.315430)
2025-03-16 01:23:39 INFO  ren0 [octree.h:483] splitting threshold: 9.288e+00 (9.288316)
2025-03-16 01:23:39 INFO  ren0 [octree.h:498] node count: 468 -> 483 -> 469

2025-03-16 01:23:39 INFO  ren0 [octree.h:498] node count: 359 -> 361 -> 353

2025-03-16 01:23:39 INFO  ren0 [PMMFocalGuidingIntegrator] diverge probability: 0.113

2025-03-16 01:23:39 INFO  ren0 [PMMFocalGuidingIntegrator] iteration postprocessing time: 36.1621s
2025-03-16 01:23:39 INFO  ren0 [PMMFocalGuidingIntegrator] GMM[
weight = 0.000943905 mean = [2.77635 2.42302 -0.774461] covariance = [[1.6701 0.135003 -0.0575991][0.135003 1.76508 0.497084][-0.0575991 0.497084 1.90777]]
weight = 0.000943905 mean = [2.2294 3.57611 -1.74307] covariance = [[1.6701 0.135003 -0.0575991][0.135003 1.76508 0.497084][-0.0575991 0.497084 1.90777]]
weight = 0.118452 mean = [0.648735 4.25121 6.07974] covariance = [[4.50806 1.05383 0.563922][1.05383 4.97802 -0.448606][0.563922 -0.448606 5.33841]]
weight = 0.0227867 mean = [3.75637 1.2739 2.43871] covariance = [[0.88444 0.0927171 0.539005][0.0927171 2.94649 1.43111][0.539005 1.43111 6.31053]]
weight = 0.0114453 mean = [3.64549 5.42975 1.81992] covariance = [[1.00268 0.446029 0.304101][0.446029 3.64113 -0.316434][0.304101 -0.316434 4.98221]]
weight = 0.0516296 mean = [-4.10164 2.80797 3.22846] covariance = [[1.97871 -0.543171 0.513202][-0.543171 5.338 -0.843709][0.513202 -0.843709 5.08382]]
weight = 0.129171 mean = [1.89118 1.66714 6.13828] covariance = [[3.20086 0.202986 0.783571][0.202986 3.354 -0.180705][0.783571 -0.180705 5.25127]]
weight = 0.473291 mean = [-0.945452 3.36799 -1.26127] covariance = [[5.44725 -0.541547 -0.0300751][-0.541547 3.81754 -0.131541][-0.0300751 -0.131541 3.47746]]
weight = 0.148685 mean = [-3.02056 3.21574 6.70401] covariance = [[3.3108 -0.341384 -0.424401][-0.341384 5.94612 -1.13398][-0.424401 -1.13398 4.16473]]
weight = 0.0426524 mean = [-4.18885 0.490751 1.3453] covariance = [[1.87984 0.0215694 1.27135][0.0215694 1.61151 -0.209262][1.27135 -0.209262 8.78548]]
]
2025-03-16 01:23:39 INFO  ren0 [PMMFocalGuidingIntegrator] Octree[
AABB: AABB3[min=[-6.3658, -1.5274, -4.73046], max=[5.27597, 8.04131, 10.0598]]
Nodes count: 469
]
2025-03-16 01:23:39 INFO  ren0 [PMMFocalGuidingIntegrator] Octree[
AABB: AABB3[min=[-6.3658, -1.5274, -4.73046], max=[5.27597, 8.04131, 10.0598]]
Nodes count: 353
]
2025-03-16 01:23:39 INFO  ren0 [PMMFocalGuidingIntegrator] Rendering 6 iteration
2025-03-16 01:23:39 INFO  ren0 [SamplingIntegrator] Starting render job (1280x720, 4 samples, 8 cores, SSE2 enabled) ..
2025-03-16 01:23:58 INFO  wrk2 [PMMFocalGuidingIntegrator] hit luminaire, value = [1e+06, 1e+06, 1e+06]
2025-03-16 01:24:35 INFO  wrk3 [PMMFocalGuidingIntegrator] hit luminaire, value = [0, 0, 0]
2025-03-16 01:24:58 INFO  wrk6 [PMMFocalGuidingIntegrator] hit luminaire, value = [1e+06, 1e+06, 1e+06]
2025-03-16 01:25:23 INFO  wrk7 [PMMFocalGuidingIntegrator] hit luminaire, value = [0, 0, 0]
2025-03-16 01:26:26 INFO  ren0 [PMMFocalGuidingIntegrator] iteration render time: 2.7910m
2025-03-16 01:26:27 INFO  ren0 [PMMFocalGuidingIntegrator] Got 148138 non-zero samples and 0 zero samples
2025-03-16 01:27:07 INFO  ren0 [gaussian_mixture_model.h:126] Components accumulated weight is: 1.000000
2025-03-16 01:27:07 INFO  ren0 [gaussian_mixture_model.h:173] exp(-dist) between 0 and 1 is 0.756617
2025-03-16 01:27:07 INFO  ren0 [gaussian_mixture_model.h:173] exp(-dist) between 0 and 2 is 0.111983
2025-03-16 01:27:07 INFO  ren0 [gaussian_mixture_model.h:173] exp(-dist) between 0 and 3 is 0.481792
2025-03-16 01:27:07 INFO  ren0 [gaussian_mixture_model.h:173] exp(-dist) between 0 and 4 is 0.401327
2025-03-16 01:27:07 INFO  ren0 [gaussian_mixture_model.h:173] exp(-dist) between 0 and 5 is 0.019086
2025-03-16 01:27:07 INFO  ren0 [gaussian_mixture_model.h:173] exp(-dist) between 0 and 6 is 0.146772
2025-03-16 01:27:07 INFO  ren0 [gaussian_mixture_model.h:173] exp(-dist) between 0 and 7 is 0.536120
2025-03-16 01:27:07 INFO  ren0 [gaussian_mixture_model.h:173] exp(-dist) between 0 and 8 is 0.024378
2025-03-16 01:27:07 INFO  ren0 [gaussian_mixture_model.h:173] exp(-dist) between 0 and 9 is 0.015587
2025-03-16 01:27:07 INFO  ren0 [gaussian_mixture_model.h:173] exp(-dist) between 1 and 2 is 0.073322
2025-03-16 01:27:07 INFO  ren0 [gaussian_mixture_model.h:173] exp(-dist) between 1 and 3 is 0.181723
2025-03-16 01:27:07 INFO  ren0 [gaussian_mixture_model.h:173] exp(-dist) between 1 and 4 is 0.363095
2025-03-16 01:27:07 INFO  ren0 [gaussian_mixture_model.h:173] exp(-dist) between 1 and 5 is 0.019902
2025-03-16 01:27:07 INFO  ren0 [gaussian_mixture_model.h:173] exp(-dist) between 1 and 6 is 0.066397
2025-03-16 01:27:07 INFO  ren0 [gaussian_mixture_model.h:173] exp(-dist) between 1 and 7 is 0.609431
2025-03-16 01:27:07 INFO  ren0 [gaussian_mixture_model.h:173] exp(-dist) between 1 and 8 is 0.014885
2025-03-16 01:27:07 INFO  ren0 [gaussian_mixture_model.h:173] exp(-dist) between 1 and 9 is 0.015212
2025-03-16 01:27:07 INFO  ren0 [gaussian_mixture_model.h:173] exp(-dist) between 2 and 3 is 0.232434
2025-03-16 01:27:07 INFO  ren0 [gaussian_mixture_model.h:173] exp(-dist) between 2 and 4 is 0.339251
2025-03-16 01:27:07 INFO  ren0 [gaussian_mixture_model.h:173] exp(-dist) between 2 and 5 is 0.345581
2025-03-16 01:27:07 INFO  ren0 [gaussian_mixture_model.h:173] exp(-dist) between 2 and 6 is 0.723780
2025-03-16 01:27:07 INFO  ren0 [gaussian_mixture_model.h:173] exp(-dist) between 2 and 7 is 0.193212
2025-03-16 01:27:07 INFO  ren0 [gaussian_mixture_model.h:173] exp(-dist) between 2 and 8 is 0.617268
2025-03-16 01:27:07 INFO  ren0 [gaussian_mixture_model.h:173] exp(-dist) between 2 and 9 is 0.189551
2025-03-16 01:27:07 INFO  ren0 [gaussian_mixture_model.h:173] exp(-dist) between 3 and 4 is 0.415337
2025-03-16 01:27:07 INFO  ren0 [gaussian_mixture_model.h:173] exp(-dist) between 3 and 5 is 0.002725
2025-03-16 01:27:07 INFO  ren0 [gaussian_mixture_model.h:173] exp(-dist) between 3 and 6 is 0.461822
2025-03-16 01:27:07 INFO  ren0 [gaussian_mixture_model.h:173] exp(-dist) between 3 and 7 is 0.189659
2025-03-16 01:27:07 INFO  ren0 [gaussian_mixture_model.h:173] exp(-dist) between 3 and 8 is 0.029632
2025-03-16 01:27:07 INFO  ren0 [gaussian_mixture_model.h:173] exp(-dist) between 3 and 9 is 0.001762
2025-03-16 01:27:07 INFO  ren0 [gaussian_mixture_model.h:173] exp(-dist) between 4 and 5 is 0.003497
2025-03-16 01:27:07 INFO  ren0 [gaussian_mixture_model.h:173] exp(-dist) between 4 and 6 is 0.285204
2025-03-16 01:27:07 INFO  ren0 [gaussian_mixture_model.h:173] exp(-dist) between 4 and 7 is 0.216214
2025-03-16 01:27:07 INFO  ren0 [gaussian_mixture_model.h:173] exp(-dist) between 4 and 8 is 0.034303
2025-03-16 01:27:07 INFO  ren0 [gaussian_mixture_model.h:173] exp(-dist) between 4 and 9 is 0.001476
2025-03-16 01:27:07 INFO  ren0 [gaussian_mixture_model.h:173] exp(-dist) between 5 and 6 is 0.162555
2025-03-16 01:27:07 INFO  ren0 [gaussian_mixture_model.h:173] exp(-dist) between 5 and 7 is 0.336369
2025-03-16 01:27:07 INFO  ren0 [gaussian_mixture_model.h:173] exp(-dist) between 5 and 8 is 0.638496
2025-03-16 01:27:07 INFO  ren0 [gaussian_mixture_model.h:173] exp(-dist) between 5 and 9 is 0.650692
2025-03-16 01:27:07 INFO  ren0 [gaussian_mixture_model.h:173] exp(-dist) between 6 and 7 is 0.161861
2025-03-16 01:27:07 INFO  ren0 [gaussian_mixture_model.h:173] exp(-dist) between 6 and 8 is 0.350949
2025-03-16 01:27:07 INFO  ren0 [gaussian_mixture_model.h:173] exp(-dist) between 6 and 9 is 0.130860
2025-03-16 01:27:07 INFO  ren0 [gaussian_mixture_model.h:173] exp(-dist) between 7 and 8 is 0.107069
2025-03-16 01:27:07 INFO  ren0 [gaussian_mixture_model.h:173] exp(-dist) between 7 and 9 is 0.292192
2025-03-16 01:27:07 INFO  ren0 [gaussian_mixture_model.h:173] exp(-dist) between 8 and 9 is 0.317246
2025-03-16 01:27:07 INFO  ren0 [gaussian_mixture_model.h:180] components before the merge: 10
2025-03-16 01:27:07 INFO  ren0 [gaussian_mixture_model.h:183] Merging 1 and 0, because their BC is 0.756617
2025-03-16 01:27:07 INFO  ren0 [gaussian_mixture_model.h:200] components after the merge: 9, merged 1 component
2025-03-16 01:27:07 INFO  ren0 [gaussian_mixture_model.h:237] Ratio is 1.359188
2025-03-16 01:27:07 INFO  ren0 [gaussian_mixture_model.h:218] components after the split: 10, split 1 components
2025-03-16 01:27:07 INFO  ren0 [octree.h:482] root weight: 6.978e+04 (69778.992188)
2025-03-16 01:27:07 INFO  ren0 [octree.h:483] splitting threshold: 6.978e+01 (69.778992)
2025-03-16 01:27:07 INFO  ren0 [octree.h:482] root weight: 9.632e+03 (9632.497070)
2025-03-16 01:27:07 INFO  ren0 [octree.h:483] splitting threshold: 9.632e+00 (9.632498)
2025-03-16 01:27:07 INFO  ren0 [octree.h:498] node count: 469 -> 470 -> 458

2025-03-16 01:27:07 INFO  ren0 [octree.h:498] node count: 353 -> 357 -> 357

2025-03-16 01:27:07 INFO  ren0 [PMMFocalGuidingIntegrator] diverge probability: 0.121

2025-03-16 01:27:07 INFO  ren0 [PMMFocalGuidingIntegrator] iteration postprocessing time: 40.9068s
2025-03-16 01:27:07 INFO  ren0 [PMMFocalGuidingIntegrator] GMM[
weight = 0.000896097 mean = [2.41148 2.45462 -1.94397] covariance = [[1.84318 -0.0554655 0.176701][-0.0554655 1.57295 -0.394324][0.176701 -0.394324 1.60556]]
weight = 0.000896097 mean = [2.21064 3.52613 -0.858137] covariance = [[1.84318 -0.0554655 0.176701][-0.0554655 1.57295 -0.394324][0.176701 -0.394324 1.60556]]
weight = 0.117291 mean = [0.626315 4.22996 6.02324] covariance = [[4.49844 1.0927 0.642413][1.0927 4.92136 -0.447072][0.642413 -0.447072 5.36889]]
weight = 0.022507 mean = [3.78178 1.22948 2.45734] covariance = [[0.841701 0.0801834 0.486055][0.0801834 2.73432 1.50905][0.486055 1.50905 6.60504]]
weight = 0.0112776 mean = [3.67581 5.55663 1.82963] covariance = [[0.95031 0.452899 0.226122][0.452899 3.33254 -0.538606][0.226122 -0.538606 5.67222]]
weight = 0.0517435 mean = [-4.10476 2.88549 3.22891] covariance = [[1.96328 -0.488156 0.409411][-0.488156 5.33203 -0.909262][0.409411 -0.909262 4.92392]]
weight = 0.128386 mean = [1.83693 1.63162 6.10567] covariance = [[3.19519 0.188131 0.873741][0.188131 3.17984 -0.140354][0.873741 -0.140354 5.26983]]
weight = 0.476933 mean = [-0.958349 3.37786 -1.2779] covariance = [[5.27396 -0.541778 -0.0177961][-0.541778 3.61878 -0.1368][-0.0177961 -0.1368 3.36189]]
weight = 0.146752 mean = [-3.00103 3.20445 6.6783] covariance = [[3.2659 -0.328326 -0.392981][-0.328326 5.84805 -1.14159][-0.392981 -1.14159 4.19318]]
weight = 0.0433177 mean = [-4.21247 0.469611 1.33526] covariance = [[1.84163 0.0425363 1.21814][0.0425363 1.51578 -0.163482][1.21814 -0.163482 8.96145]]
]
2025-03-16 01:27:07 INFO  ren0 [PMMFocalGuidingIntegrator] Octree[
AABB: AABB3[min=[-6.3658, -1.5274, -4.73046], max=[5.27597, 8.04131, 10.0598]]
Nodes count: 458
]
2025-03-16 01:27:07 INFO  ren0 [PMMFocalGuidingIntegrator] Octree[
AABB: AABB3[min=[-6.3658, -1.5274, -4.73046], max=[5.27597, 8.04131, 10.0598]]
Nodes count: 357
]
2025-03-16 01:27:07 INFO  ren0 [PMMFocalGuidingIntegrator] Rendering 7 iteration
2025-03-16 01:27:07 INFO  ren0 [SamplingIntegrator] Starting render job (1280x720, 4 samples, 8 cores, SSE2 enabled) ..
2025-03-16 01:27:27 INFO  wrk6 [PMMFocalGuidingIntegrator] hit luminaire, value = [0, 0, 0]
2025-03-16 01:28:14 INFO  wrk5 [PMMFocalGuidingIntegrator] hit luminaire, value = [0, 0, 0]
2025-03-16 01:29:52 INFO  ren0 [PMMFocalGuidingIntegrator] iteration render time: 2.7387m
2025-03-16 01:29:52 INFO  ren0 [PMMFocalGuidingIntegrator] Got 168539 non-zero samples and 0 zero samples
2025-03-16 01:30:39 INFO  ren0 [gaussian_mixture_model.h:126] Components accumulated weight is: 1.000000
2025-03-16 01:30:39 INFO  ren0 [gaussian_mixture_model.h:173] exp(-dist) between 0 and 1 is 0.792754
2025-03-16 01:30:39 INFO  ren0 [gaussian_mixture_model.h:173] exp(-dist) between 0 and 2 is 0.042100
2025-03-16 01:30:39 INFO  ren0 [gaussian_mixture_model.h:173] exp(-dist) between 0 and 3 is 0.307689
2025-03-16 01:30:39 INFO  ren0 [gaussian_mixture_model.h:173] exp(-dist) between 0 and 4 is 0.213277
2025-03-16 01:30:39 INFO  ren0 [gaussian_mixture_model.h:173] exp(-dist) between 0 and 5 is 0.014995
2025-03-16 01:30:39 INFO  ren0 [gaussian_mixture_model.h:173] exp(-dist) between 0 and 6 is 0.067136
2025-03-16 01:30:39 INFO  ren0 [gaussian_mixture_model.h:173] exp(-dist) between 0 and 7 is 0.571947
2025-03-16 01:30:39 INFO  ren0 [gaussian_mixture_model.h:173] exp(-dist) between 0 and 8 is 0.008288
2025-03-16 01:30:39 INFO  ren0 [gaussian_mixture_model.h:173] exp(-dist) between 0 and 9 is 0.014856
2025-03-16 01:30:39 INFO  ren0 [gaussian_mixture_model.h:173] exp(-dist) between 1 and 2 is 0.098348
2025-03-16 01:30:39 INFO  ren0 [gaussian_mixture_model.h:173] exp(-dist) between 1 and 3 is 0.275081
2025-03-16 01:30:39 INFO  ren0 [gaussian_mixture_model.h:173] exp(-dist) between 1 and 4 is 0.379877
2025-03-16 01:30:39 INFO  ren0 [gaussian_mixture_model.h:173] exp(-dist) between 1 and 5 is 0.025958
2025-03-16 01:30:39 INFO  ren0 [gaussian_mixture_model.h:173] exp(-dist) between 1 and 6 is 0.119897
2025-03-16 01:30:39 INFO  ren0 [gaussian_mixture_model.h:173] exp(-dist) between 1 and 7 is 0.625415
2025-03-16 01:30:39 INFO  ren0 [gaussian_mixture_model.h:173] exp(-dist) between 1 and 8 is 0.020438
2025-03-16 01:30:39 INFO  ren0 [gaussian_mixture_model.h:173] exp(-dist) between 1 and 9 is 0.018096
2025-03-16 01:30:39 INFO  ren0 [gaussian_mixture_model.h:173] exp(-dist) between 2 and 3 is 0.224151
2025-03-16 01:30:39 INFO  ren0 [gaussian_mixture_model.h:173] exp(-dist) between 2 and 4 is 0.342296
2025-03-16 01:30:39 INFO  ren0 [gaussian_mixture_model.h:173] exp(-dist) between 2 and 5 is 0.351016
2025-03-16 01:30:39 INFO  ren0 [gaussian_mixture_model.h:173] exp(-dist) between 2 and 6 is 0.717248
2025-03-16 01:30:39 INFO  ren0 [gaussian_mixture_model.h:173] exp(-dist) between 2 and 7 is 0.194292
2025-03-16 01:30:39 INFO  ren0 [gaussian_mixture_model.h:173] exp(-dist) between 2 and 8 is 0.619149
2025-03-16 01:30:39 INFO  ren0 [gaussian_mixture_model.h:173] exp(-dist) between 2 and 9 is 0.189856
2025-03-16 01:30:39 INFO  ren0 [gaussian_mixture_model.h:173] exp(-dist) between 3 and 4 is 0.365251
2025-03-16 01:30:39 INFO  ren0 [gaussian_mixture_model.h:173] exp(-dist) between 3 and 5 is 0.002485
2025-03-16 01:30:39 INFO  ren0 [gaussian_mixture_model.h:173] exp(-dist) between 3 and 6 is 0.453830
2025-03-16 01:30:39 INFO  ren0 [gaussian_mixture_model.h:173] exp(-dist) between 3 and 7 is 0.176127
2025-03-16 01:30:39 INFO  ren0 [gaussian_mixture_model.h:173] exp(-dist) between 3 and 8 is 0.028507
2025-03-16 01:30:39 INFO  ren0 [gaussian_mixture_model.h:173] exp(-dist) between 3 and 9 is 0.001453
2025-03-16 01:30:39 INFO  ren0 [gaussian_mixture_model.h:173] exp(-dist) between 4 and 5 is 0.003198
2025-03-16 01:30:39 INFO  ren0 [gaussian_mixture_model.h:173] exp(-dist) between 4 and 6 is 0.270901
2025-03-16 01:30:39 INFO  ren0 [gaussian_mixture_model.h:173] exp(-dist) between 4 and 7 is 0.195789
2025-03-16 01:30:39 INFO  ren0 [gaussian_mixture_model.h:173] exp(-dist) between 4 and 8 is 0.033543
2025-03-16 01:30:39 INFO  ren0 [gaussian_mixture_model.h:173] exp(-dist) between 4 and 9 is 0.001106
2025-03-16 01:30:39 INFO  ren0 [gaussian_mixture_model.h:173] exp(-dist) between 5 and 6 is 0.165600
2025-03-16 01:30:39 INFO  ren0 [gaussian_mixture_model.h:173] exp(-dist) between 5 and 7 is 0.331287
2025-03-16 01:30:39 INFO  ren0 [gaussian_mixture_model.h:173] exp(-dist) between 5 and 8 is 0.639755
2025-03-16 01:30:39 INFO  ren0 [gaussian_mixture_model.h:173] exp(-dist) between 5 and 9 is 0.629259
2025-03-16 01:30:39 INFO  ren0 [gaussian_mixture_model.h:173] exp(-dist) between 6 and 7 is 0.161637
2025-03-16 01:30:39 INFO  ren0 [gaussian_mixture_model.h:173] exp(-dist) between 6 and 8 is 0.354280
2025-03-16 01:30:39 INFO  ren0 [gaussian_mixture_model.h:173] exp(-dist) between 6 and 9 is 0.132450
2025-03-16 01:30:39 INFO  ren0 [gaussian_mixture_model.h:173] exp(-dist) between 7 and 8 is 0.104670
2025-03-16 01:30:39 INFO  ren0 [gaussian_mixture_model.h:173] exp(-dist) between 7 and 9 is 0.278282
2025-03-16 01:30:39 INFO  ren0 [gaussian_mixture_model.h:173] exp(-dist) between 8 and 9 is 0.315738
2025-03-16 01:30:39 INFO  ren0 [gaussian_mixture_model.h:180] components before the merge: 10
2025-03-16 01:30:39 INFO  ren0 [gaussian_mixture_model.h:183] Merging 1 and 0, because their BC is 0.792754
2025-03-16 01:30:39 INFO  ren0 [gaussian_mixture_model.h:200] components after the merge: 9, merged 1 component
2025-03-16 01:30:39 INFO  ren0 [gaussian_mixture_model.h:237] Ratio is 1.398320
2025-03-16 01:30:39 INFO  ren0 [gaussian_mixture_model.h:218] components after the split: 10, split 1 components
2025-03-16 01:30:39 INFO  ren0 [octree.h:482] root weight: 6.979e+04 (69787.414062)
2025-03-16 01:30:39 INFO  ren0 [octree.h:483] splitting threshold: 6.979e+01 (69.787415)
2025-03-16 01:30:39 INFO  ren0 [octree.h:482] root weight: 9.500e+03 (9500.455078)
2025-03-16 01:30:39 INFO  ren0 [octree.h:483] splitting threshold: 9.500e+00 (9.500456)
2025-03-16 01:30:39 INFO  ren0 [octree.h:498] node count: 458 -> 463 -> 452

2025-03-16 01:30:39 INFO  ren0 [octree.h:498] node count: 357 -> 357 -> 353

2025-03-16 01:30:39 INFO  ren0 [PMMFocalGuidingIntegrator] diverge probability: 0.120

2025-03-16 01:30:39 INFO  ren0 [PMMFocalGuidingIntegrator] iteration postprocessing time: 47.3930s
2025-03-16 01:30:39 INFO  ren0 [PMMFocalGuidingIntegrator] GMM[
weight = 0.000872669 mean = [1.63977 3.43986 -1.91929] covariance = [[1.46013 0.158235 -0.249984][0.158235 1.4438 0.157885][-0.249984 0.157885 1.57465]]
weight = 0.000872669 mean = [2.58849 2.60907 -1.12341] covariance = [[1.46013 0.158235 -0.249984][0.158235 1.4438 0.157885][-0.249984 0.157885 1.57465]]
weight = 0.116728 mean = [0.605618 4.21514 5.9669] covariance = [[4.47775 1.1223 0.709779][1.1223 4.85735 -0.440023][0.709779 -0.440023 5.40922]]
weight = 0.0223585 mean = [3.80342 1.19659 2.46641] covariance = [[0.80495 0.0750173 0.441781][0.0750173 2.57379 1.59143][0.441781 1.59143 6.93676]]
weight = 0.0112595 mean = [3.70113 5.66104 1.8197] covariance = [[0.902867 0.429236 0.164324][0.429236 3.02572 -0.758655][0.164324 -0.758655 6.47927]]
weight = 0.0516156 mean = [-4.09852 2.96031 3.22998] covariance = [[1.95121 -0.439662 0.318327][-0.439662 5.3383 -0.98114][0.318327 -0.98114 4.7966]]
weight = 0.127894 mean = [1.78579 1.60027 6.06516] covariance = [[3.19686 0.169473 0.948409][0.169473 3.04436 -0.118997][0.948409 -0.118997 5.30189]]
weight = 0.479793 mean = [-0.97175 3.38894 -1.29473] covariance = [[5.12492 -0.54119 0.00261292][-0.54119 3.44665 -0.139048][0.00261292 -0.139048 3.25927]]
weight = 0.145095 mean = [-2.9829 3.19811 6.65665] covariance = [[3.23438 -0.310106 -0.377934][-0.310106 5.76122 -1.15195][-0.377934 -1.15195 4.2236]]
weight = 0.043511 mean = [-4.22916 0.451891 1.33538] covariance = [[1.80634 0.0512688 1.15996][0.0512688 1.44494 -0.13921][1.15996 -0.13921 9.14045]]
]
2025-03-16 01:30:39 INFO  ren0 [PMMFocalGuidingIntegrator] Octree[
AABB: AABB3[min=[-6.3658, -1.5274, -4.73046], max=[5.27597, 8.04131, 10.0598]]
Nodes count: 452
]
2025-03-16 01:30:39 INFO  ren0 [PMMFocalGuidingIntegrator] Octree[
AABB: AABB3[min=[-6.3658, -1.5274, -4.73046], max=[5.27597, 8.04131, 10.0598]]
Nodes count: 353
]
2025-03-16 01:30:39 INFO  ren0 [PMMFocalGuidingIntegrator] Finished training phase. Starting real rendering.
2025-03-16 01:30:39 INFO  ren0 [PMMFocalGuidingIntegrator] final guiding field written to ../scenes/dining-room/final_gmm.serialized
2025-03-16 01:30:39 INFO  ren0 [PMMFocalGuidingIntegrator] Starting render job (1280x720, 4 samples, 8 cores, SSE2 enabled) ..
2025-03-16 01:32:43 INFO  wrk6 [PMMFocalGuidingIntegrator] hit luminaire, value = [0, 0, 0]
2025-03-16 01:33:18 INFO  wrk3 [PMMFocalGuidingIntegrator] hit luminaire, value = [1e+06, 1e+06, 1e+06]
2025-03-16 01:33:23 INFO  ren0 [PMMFocalGuidingIntegrator] rendered 4 samples per pixel in 2.7309m.
2025-03-16 01:33:23 INFO  ren0 [RenderJob] Render time: 26.8383m
2025-03-16 01:33:23 INFO  ren0 [PMMFocalGuidingIntegrator] iteration render time: 2.7309m
2025-03-16 01:33:23 INFO  ren0 [PMMFocalGuidingIntegrator] GMM[
weight = 0.000872669 mean = [1.63977 3.43986 -1.91929] covariance = [[1.46013 0.158235 -0.249984][0.158235 1.4438 0.157885][-0.249984 0.157885 1.57465]]
weight = 0.000872669 mean = [2.58849 2.60907 -1.12341] covariance = [[1.46013 0.158235 -0.249984][0.158235 1.4438 0.157885][-0.249984 0.157885 1.57465]]
weight = 0.116728 mean = [0.605618 4.21514 5.9669] covariance = [[4.47775 1.1223 0.709779][1.1223 4.85735 -0.440023][0.709779 -0.440023 5.40922]]
weight = 0.0223585 mean = [3.80342 1.19659 2.46641] covariance = [[0.80495 0.0750173 0.441781][0.0750173 2.57379 1.59143][0.441781 1.59143 6.93676]]
weight = 0.0112595 mean = [3.70113 5.66104 1.8197] covariance = [[0.902867 0.429236 0.164324][0.429236 3.02572 -0.758655][0.164324 -0.758655 6.47927]]
weight = 0.0516156 mean = [-4.09852 2.96031 3.22998] covariance = [[1.95121 -0.439662 0.318327][-0.439662 5.3383 -0.98114][0.318327 -0.98114 4.7966]]
weight = 0.127894 mean = [1.78579 1.60027 6.06516] covariance = [[3.19686 0.169473 0.948409][0.169473 3.04436 -0.118997][0.948409 -0.118997 5.30189]]
weight = 0.479793 mean = [-0.97175 3.38894 -1.29473] covariance = [[5.12492 -0.54119 0.00261292][-0.54119 3.44665 -0.139048][0.00261292 -0.139048 3.25927]]
weight = 0.145095 mean = [-2.9829 3.19811 6.65665] covariance = [[3.23438 -0.310106 -0.377934][-0.310106 5.76122 -1.15195][-0.377934 -1.15195 4.2236]]
weight = 0.043511 mean = [-4.22916 0.451891 1.33538] covariance = [[1.80634 0.0512688 1.15996][0.0512688 1.44494 -0.13921][1.15996 -0.13921 9.14045]]
]
2025-03-16 01:33:23 INFO  ren0 [HDRFilm] Writing image to "/home/julia/PBRT/PMM_focal_guiding/mitsuba/dist/../../scenes/dining-room/dining-room.exr" ..
2025-03-16 01:33:23 INFO  main [statistics.cpp:142] Statistics:
------------------------------------------------------------
 * Loaded plugins :
    -  plugins/area.so [Area light]
    -  plugins/bitmap.so [Bitmap texture]
    -  plugins/box.so [Box filter]
    -  plugins/conductor.so [Smooth conductor]
    -  plugins/diffuse.so [Smooth diffuse BRDF]
    -  plugins/disk.so [Disk intersection primitive]
    -  plugins/hdrfilm.so [High dynamic range film]
    -  plugins/independent.so [Independent sampler]
    -  plugins/lanczos.so [Lanczos Sinc filter]
    -  plugins/obj.so [OBJ triangle mesh loader]
    -  plugins/perspective.so [Perspective camera]
    -  plugins/ply.so [PLY mesh loader]
    -  plugins/pmm_focal_guiding.so [PMM focal guiding path tracer]
    -  plugins/rectangle.so [Rectangle intersection primitive]
    -  plugins/roughconductor.so [Rough conductor BRDF]
    -  plugins/roughplastic.so [Rough plastic BRDF]
    -  plugins/twosided.so [Two-sided BRDF adapter]

  * General :
    -  Normal rays traced : 23.275 M
    -  Shadow rays traced : 8.234 M

  * Path tracer :
    -  Average path length : 6.19 (22.82 M / 3.69 M)
    -  Sampled from Converging : 9.469 M
    -  Sampled from Diverging : 1.291 M
    -  Sampled from GMM : 10.760 M

  * Texture system :
    -  Filtered texture lookups : 14.61 % (475.16 K of 3.25 M)
------------------------------------------------------------
