2025-03-15 21:56:36 INFO  main [mitsuba.cpp:274] Mitsuba version 0.6.0 (Linux, 64 bit), Copyright (c) 2017 Wenzel Jakob
2025-03-15 21:56:36 INFO  main [mitsuba.cpp:377] Parsing scene description from "../../scenes/modern-hall/modern-hall.xml" ..
2025-03-15 21:56:36 INFO  main [scenehandler.cpp:675] In file "/home/julia/PBRT/PMM_focal_guiding/mitsuba/dist/../../scenes/modern-hall/modern-hall.xml" (near line 20): Parsing included file "pmm_focal_guiding.xml" ..
2025-03-15 21:56:36 INFO  main [PluginManager] Loading plugin "plugins/pmm_focal_guiding.so" ..
2025-03-15 21:56:36 INFO  main [octree.h:482] root weight: 8.000e-20 (0.000000)
2025-03-15 21:56:36 INFO  main [octree.h:483] splitting threshold: 8.000e-23 (0.000000)
2025-03-15 21:56:36 INFO  main [octree.h:498] node count: 1 -> 585 -> 585

2025-03-15 21:56:36 INFO  main [octree.h:482] root weight: 8.000e-20 (0.000000)
2025-03-15 21:56:36 INFO  main [octree.h:483] splitting threshold: 8.000e-23 (0.000000)
2025-03-15 21:56:36 INFO  main [octree.h:498] node count: 1 -> 585 -> 585

2025-03-15 21:56:36 INFO  main [pmm_focal_guiding.cpp:109] Will save the GMM to file in directory 
2025-03-15 21:56:36 INFO  main [PMMFocalGuidingIntegrator] GMM params: alpha = 0.250000, split_th = 4.000000, merge_th = 0.300000, min_num_comp = 3, max_num_comp = 10
2025-03-15 21:56:36 INFO  main [PMMFocalGuidingIntegrator] iterationCount: 8
2025-03-15 21:56:36 INFO  main [PMMFocalGuidingIntegrator] PMMFocalGuidingIntegrator
  maxDepth = 40,
  rrDepth = 14,
  strictNormals = 1
  gmm = GMM[
]
]
2025-03-15 21:56:36 WARN  main [scenehandler.cpp:795] In file "/home/julia/PBRT/PMM_focal_guiding/mitsuba/dist/../../scenes/modern-hall/../_integrators/pmm_focal_guiding.xml" (near line 50): Unqueried attribute "budget" in element "integrator"
2025-03-15 21:56:36 WARN  main [scenehandler.cpp:795] In file "/home/julia/PBRT/PMM_focal_guiding/mitsuba/dist/../../scenes/modern-hall/../_integrators/pmm_focal_guiding.xml" (near line 50): Unqueried attribute "dumpPrimaryRays" in element "integrator"
2025-03-15 21:56:36 WARN  main [scenehandler.cpp:795] In file "/home/julia/PBRT/PMM_focal_guiding/mitsuba/dist/../../scenes/modern-hall/../_integrators/pmm_focal_guiding.xml" (near line 50): Unqueried attribute "dumpScene" in element "integrator"
2025-03-15 21:56:36 WARN  main [scenehandler.cpp:795] In file "/home/julia/PBRT/PMM_focal_guiding/mitsuba/dist/../../scenes/modern-hall/../_integrators/pmm_focal_guiding.xml" (near line 50): Unqueried attribute "normalBinning" in element "integrator"
2025-03-15 21:56:36 WARN  main [scenehandler.cpp:795] In file "/home/julia/PBRT/PMM_focal_guiding/mitsuba/dist/../../scenes/modern-hall/../_integrators/pmm_focal_guiding.xml" (near line 50): Unqueried attribute "samplingMode" in element "integrator"
2025-03-15 21:56:36 WARN  main [scenehandler.cpp:795] In file "/home/julia/PBRT/PMM_focal_guiding/mitsuba/dist/../../scenes/modern-hall/../_integrators/pmm_focal_guiding.xml" (near line 50): Unqueried attribute "unboundedSplatting" in element "integrator"
2025-03-15 21:56:36 WARN  main [scenehandler.cpp:795] In file "/home/julia/PBRT/PMM_focal_guiding/mitsuba/dist/../../scenes/modern-hall/../_integrators/pmm_focal_guiding.xml" (near line 51): Unqueried attribute "saveGMMDirectory" in element "scene"
2025-03-15 21:56:36 INFO  main [PluginManager] Loading plugin "plugins/independent.so" ..
2025-03-15 21:56:36 INFO  main [PluginManager] Loading plugin "plugins/box.so" ..
2025-03-15 21:56:36 INFO  main [PluginManager] Loading plugin "plugins/hdrfilm.so" ..
2025-03-15 21:56:36 INFO  main [PluginManager] Loading plugin "plugins/perspective.so" ..
2025-03-15 21:56:36 INFO  main [PluginManager] Loading plugin "plugins/dielectric.so" ..
2025-03-15 21:56:36 INFO  main [PluginManager] Loading plugin "plugins/bitmap.so" ..
2025-03-15 21:56:36 INFO  main [BitmapTexture] Loading texture "wood5.jpg"
2025-03-15 21:56:36 INFO  main [MIPMap] Mapped MIP map cache file "/home/julia/PBRT/PMM_focal_guiding/mitsuba/dist/../../scenes/modern-hall/textures/wood5.mip" into memory (14.7 MiB).
2025-03-15 21:56:36 INFO  main [PluginManager] Loading plugin "plugins/roughplastic.so" ..
2025-03-15 21:56:36 INFO  main [PluginManager] Loading plugin "plugins/twosided.so" ..
2025-03-15 21:56:36 INFO  main [BitmapTexture] Loading texture "Tiles.jpg"
2025-03-15 21:56:36 INFO  main [PluginManager] Loading plugin "plugins/lanczos.so" ..
2025-03-15 21:56:36 INFO  main [PluginManager] Loading plugin "plugins/diffuse.so" ..
2025-03-15 21:56:36 INFO  main [BitmapTexture] Loading texture "Wallpaper.jpg"
2025-03-15 21:56:36 INFO  main [PluginManager] Loading plugin "plugins/roughconductor.so" ..
2025-03-15 21:56:36 INFO  main [spectrum.cpp:599] "Cu.eta.spd": loaded a spectral power distribution with 55 entries (between 302.400421 and 885.601257 nm)
2025-03-15 21:56:36 INFO  main [spectrum.cpp:599] "Cu.k.spd": loaded a spectral power distribution with 55 entries (between 302.400421 and 885.601257 nm)
2025-03-15 21:56:36 INFO  main [spectrum.cpp:599] "Cu.eta.spd": loaded a spectral power distribution with 55 entries (between 302.400421 and 885.601257 nm)
2025-03-15 21:56:36 INFO  main [spectrum.cpp:599] "Cu.k.spd": loaded a spectral power distribution with 55 entries (between 302.400421 and 885.601257 nm)
2025-03-15 21:56:36 INFO  main [PluginManager] Loading plugin "plugins/difftrans.so" ..
2025-03-15 21:56:36 INFO  main [PluginManager] Loading plugin "plugins/area.so" ..
2025-03-15 21:56:36 INFO  main [PluginManager] Loading plugin "plugins/rectangle.so" ..
2025-03-15 21:56:36 INFO  main [PluginManager] Loading plugin "plugins/cube.so" ..
2025-03-15 21:56:36 INFO  main [PluginManager] Loading plugin "plugins/obj.so" ..
2025-03-15 21:56:36 INFO  main [WavefrontOBJ] Loading geometry from "Mesh008.obj" ..
2025-03-15 21:56:36 INFO  main [WavefrontOBJ] Mesh008: 5184 triangles, 2664 vertices (merged 12888 vertices).
2025-03-15 21:56:36 INFO  main [WavefrontOBJ] Done with "Mesh008.obj" (took 35 ms)
2025-03-15 21:56:36 INFO  main [WavefrontOBJ] Loading geometry from "Mesh004.obj" ..
2025-03-15 21:56:36 INFO  main [WavefrontOBJ] Mesh004: 5184 triangles, 2664 vertices (merged 12888 vertices).
2025-03-15 21:56:36 INFO  main [WavefrontOBJ] Done with "Mesh004.obj" (took 36 ms)
2025-03-15 21:56:36 INFO  main [WavefrontOBJ] Loading geometry from "Mesh003.obj" ..
2025-03-15 21:56:37 INFO  main [WavefrontOBJ] Mesh003: 5184 triangles, 2664 vertices (merged 12888 vertices).
2025-03-15 21:56:37 INFO  main [WavefrontOBJ] Done with "Mesh003.obj" (took 37 ms)
2025-03-15 21:56:37 INFO  main [WavefrontOBJ] Loading geometry from "Mesh006.obj" ..
2025-03-15 21:56:37 INFO  main [WavefrontOBJ] Mesh006: 5184 triangles, 2664 vertices (merged 12888 vertices).
2025-03-15 21:56:37 INFO  main [WavefrontOBJ] Done with "Mesh006.obj" (took 35 ms)
2025-03-15 21:56:37 INFO  main [WavefrontOBJ] Loading geometry from "Mesh012.obj" ..
2025-03-15 21:56:37 INFO  main [WavefrontOBJ] Mesh012: 444 triangles, 882 vertices (merged 450 vertices).
2025-03-15 21:56:37 INFO  main [WavefrontOBJ] Done with "Mesh012.obj" (took 9 ms)
2025-03-15 21:56:37 INFO  main [WavefrontOBJ] Loading geometry from "Mesh013.obj" ..
2025-03-15 21:56:37 INFO  main [WavefrontOBJ] Mesh013: 5184 triangles, 2664 vertices (merged 12888 vertices).
2025-03-15 21:56:37 INFO  main [WavefrontOBJ] Done with "Mesh013.obj" (took 36 ms)
2025-03-15 21:56:37 INFO  main [WavefrontOBJ] Loading geometry from "Mesh010.obj" ..
2025-03-15 21:56:37 INFO  main [WavefrontOBJ] Mesh010: 32 triangles, 60 vertices (merged 36 vertices).
2025-03-15 21:56:37 INFO  main [WavefrontOBJ] Done with "Mesh010.obj" (took 0 ms)
2025-03-15 21:56:37 INFO  main [WavefrontOBJ] Loading geometry from "Mesh015.obj" ..
2025-03-15 21:56:37 INFO  main [WavefrontOBJ] Mesh015: 32 triangles, 60 vertices (merged 36 vertices).
2025-03-15 21:56:37 INFO  main [WavefrontOBJ] Done with "Mesh015.obj" (took 0 ms)
2025-03-15 21:56:37 INFO  main [WavefrontOBJ] Loading geometry from "Mesh002.obj" ..
2025-03-15 21:56:37 INFO  main [WavefrontOBJ] Mesh002: 32 triangles, 60 vertices (merged 36 vertices).
2025-03-15 21:56:37 INFO  main [WavefrontOBJ] Done with "Mesh002.obj" (took 0 ms)
2025-03-15 21:56:37 INFO  main [WavefrontOBJ] Loading geometry from "Mesh007.obj" ..
2025-03-15 21:56:37 INFO  main [WavefrontOBJ] Mesh007: 32 triangles, 60 vertices (merged 36 vertices).
2025-03-15 21:56:37 INFO  main [WavefrontOBJ] Done with "Mesh007.obj" (took 0 ms)
2025-03-15 21:56:37 INFO  main [WavefrontOBJ] Loading geometry from "Mesh005.obj" ..
2025-03-15 21:56:37 INFO  main [WavefrontOBJ] Mesh005: 12 triangles, 20 vertices (merged 16 vertices).
2025-03-15 21:56:37 INFO  main [WavefrontOBJ] Done with "Mesh005.obj" (took 0 ms)
2025-03-15 21:56:37 INFO  main [WavefrontOBJ] Loading geometry from "Mesh016.obj" ..
2025-03-15 21:56:37 INFO  main [WavefrontOBJ] Mesh016: 120 triangles, 204 vertices (merged 156 vertices).
2025-03-15 21:56:37 INFO  main [WavefrontOBJ] Done with "Mesh016.obj" (took 1 ms)
2025-03-15 21:56:37 INFO  main [WavefrontOBJ] Loading geometry from "Mesh017.obj" ..
2025-03-15 21:56:37 INFO  main [WavefrontOBJ] Mesh017: 20 triangles, 40 vertices (merged 20 vertices).
2025-03-15 21:56:37 INFO  main [WavefrontOBJ] Done with "Mesh017.obj" (took 0 ms)
2025-03-15 21:56:37 INFO  main [WavefrontOBJ] Loading geometry from "Mesh018.obj" ..
2025-03-15 21:56:37 INFO  main [WavefrontOBJ] Mesh018: 2 triangles, 4 vertices (merged 2 vertices).
2025-03-15 21:56:37 INFO  main [WavefrontOBJ] Done with "Mesh018.obj" (took 0 ms)
2025-03-15 21:56:37 INFO  main [WavefrontOBJ] Loading geometry from "Mesh011.obj" ..
2025-03-15 21:56:37 INFO  main [WavefrontOBJ] Mesh011: 32 triangles, 30 vertices (merged 66 vertices).
2025-03-15 21:56:37 INFO  main [WavefrontOBJ] Done with "Mesh011.obj" (took 0 ms)
2025-03-15 21:56:37 INFO  main [PluginManager] Loading plugin "plugins/homogeneous.so" ..
2025-03-15 21:56:37 INFO  main [PluginManager] Loading plugin "plugins/isotropic.so" ..
2025-03-15 21:56:37 INFO  main [WavefrontOBJ] Loading geometry from "Mesh014.obj" ..
2025-03-15 21:56:37 INFO  main [WavefrontOBJ] Mesh014: 36 triangles, 72 vertices (merged 36 vertices).
2025-03-15 21:56:37 INFO  main [WavefrontOBJ] Done with "Mesh014.obj" (took 0 ms)
2025-03-15 21:56:37 INFO  main [WavefrontOBJ] Loading geometry from "Mesh001.obj" ..
2025-03-15 21:56:37 INFO  main [WavefrontOBJ] Mesh001: 924 triangles, 2016 vertices (merged 756 vertices).
2025-03-15 21:56:37 INFO  main [WavefrontOBJ] Done with "Mesh001.obj" (took 15 ms)
2025-03-15 21:56:37 INFO  main [WavefrontOBJ] Loading geometry from "Mesh000.obj" ..
2025-03-15 21:56:37 INFO  main [WavefrontOBJ] Mesh000: 3127 triangles, 2075 vertices (merged 7306 vertices).
2025-03-15 21:56:37 INFO  main [WavefrontOBJ] Done with "Mesh000.obj" (took 31 ms)
2025-03-15 21:56:37 INFO  main [WavefrontOBJ] Loading geometry from "Mesh009.obj" ..
2025-03-15 21:56:37 INFO  main [WavefrontOBJ] Mesh009: 146 triangles, 110 vertices (merged 328 vertices).
2025-03-15 21:56:37 INFO  main [WavefrontOBJ] Done with "Mesh009.obj" (took 1 ms)
2025-03-15 21:56:37 INFO  ren0 [KDTreeBase] Constructing a SAH kd-tree (30963 primitives) ..
2025-03-15 21:56:37 INFO  ren0 [KDTreeBase] Finished -- took 400 ms.
2025-03-15 21:56:37 INFO  ren0 [PMMFocalGuidingIntegrator] Starting preprocess
2025-03-15 21:56:37 INFO  ren0 [octree.h:482] root weight: 8.000e-20 (0.000000)
2025-03-15 21:56:37 INFO  ren0 [octree.h:483] splitting threshold: 8.000e-23 (0.000000)
2025-03-15 21:56:37 INFO  ren0 [octree.h:498] node count: 1 -> 585 -> 585

2025-03-15 21:56:37 INFO  ren0 [octree.h:482] root weight: 4.096e-17 (0.000000)
2025-03-15 21:56:37 INFO  ren0 [octree.h:483] splitting threshold: 4.096e-20 (0.000000)
2025-03-15 21:56:37 INFO  ren0 [octree.h:498] node count: 585 -> 585 -> 585

2025-03-15 21:56:37 INFO  ren0 [octree.h:482] root weight: 8.000e-20 (0.000000)
2025-03-15 21:56:37 INFO  ren0 [octree.h:483] splitting threshold: 8.000e-23 (0.000000)
2025-03-15 21:56:37 INFO  ren0 [octree.h:498] node count: 1 -> 585 -> 585

2025-03-15 21:56:37 INFO  ren0 [octree.h:482] root weight: 4.096e-17 (0.000000)
2025-03-15 21:56:37 INFO  ren0 [octree.h:483] splitting threshold: 4.096e-20 (0.000000)
2025-03-15 21:56:37 INFO  ren0 [octree.h:498] node count: 585 -> 585 -> 585

2025-03-15 21:56:37 INFO  ren0 [PMMFocalGuidingIntegrator] Octree[
AABB: AABB3[min=[-21.7494, -3.70393, -3.09172], max=[7.19249, 11.2965, 6.96201]]
Nodes count: 585
]
2025-03-15 21:56:37 INFO  ren0 [PMMFocalGuidingIntegrator] Octree[
AABB: AABB3[min=[-21.7494, -3.70393, -3.09172], max=[7.19249, 11.2965, 6.96201]]
Nodes count: 585
]
2025-03-15 21:56:37 INFO  ren0 [PMMFocalGuidingIntegrator] GMM[
weight = 0.166667 mean = [-18.3573 3.89035 4.00372] covariance = [[1 0 0][0 1 0][0 0 1]]
weight = 0.166667 mean = [-12.1564 8.56671 -1.68595] covariance = [[1 0 0][0 1 0][0 0 1]]
weight = 0.166667 mean = [-2.9178 1.43737 4.37378] covariance = [[1 0 0][0 1 0][0 0 1]]
weight = 0.166667 mean = [-13.2813 10.2573 -0.957992] covariance = [[1 0 0][0 1 0][0 0 1]]
weight = 0.166667 mean = [-15.9385 3.28477 -3.06085] covariance = [[1 0 0][0 1 0][0 0 1]]
weight = 0.166667 mean = [-12.1344 4.33786 -1.29172] covariance = [[1 0 0][0 1 0][0 0 1]]
]
2025-03-15 21:56:37 INFO  ren0 [PMMFocalGuidingIntegrator] Starting training... (8) iterations
2025-03-15 21:56:37 INFO  ren0 [PMMFocalGuidingIntegrator] Rendering 0 iteration
2025-03-15 21:56:37 INFO  ren0 [SamplingIntegrator] Starting render job (1280x720, 4 samples, 8 cores, SSE2 enabled) ..
2025-03-15 21:57:10 INFO  wrk3 [PMMFocalGuidingIntegrator] hit luminaire, value = [0, 0, 0]
2025-03-15 21:57:11 INFO  wrk7 [PMMFocalGuidingIntegrator] hit luminaire, value = [0, 0, 0]
2025-03-15 21:57:27 INFO  ren0 [PMMFocalGuidingIntegrator] iteration render time: 49.9950s
2025-03-15 21:57:27 INFO  ren0 [PMMFocalGuidingIntegrator] Got 52379 non-zero samples and 0 zero samples
2025-03-15 21:57:36 INFO  ren0 [gaussian_mixture_model.h:126] Components accumulated weight is: 1.000000
2025-03-15 21:57:36 INFO  ren0 [gaussian_mixture_model.h:173] exp(-dist) between 0 and 1 is 0.081429
2025-03-15 21:57:36 INFO  ren0 [gaussian_mixture_model.h:173] exp(-dist) between 0 and 2 is 0.089693
2025-03-15 21:57:36 INFO  ren0 [gaussian_mixture_model.h:173] exp(-dist) between 0 and 3 is 0.272632
2025-03-15 21:57:36 INFO  ren0 [gaussian_mixture_model.h:173] exp(-dist) between 0 and 4 is 0.270997
2025-03-15 21:57:36 INFO  ren0 [gaussian_mixture_model.h:173] exp(-dist) between 0 and 5 is 0.185959
2025-03-15 21:57:36 INFO  ren0 [gaussian_mixture_model.h:173] exp(-dist) between 1 and 2 is 0.167450
2025-03-15 21:57:36 INFO  ren0 [gaussian_mixture_model.h:173] exp(-dist) between 1 and 3 is 0.456713
2025-03-15 21:57:36 INFO  ren0 [gaussian_mixture_model.h:173] exp(-dist) between 1 and 4 is 0.140431
2025-03-15 21:57:36 INFO  ren0 [gaussian_mixture_model.h:173] exp(-dist) between 1 and 5 is 0.384146
2025-03-15 21:57:36 INFO  ren0 [gaussian_mixture_model.h:173] exp(-dist) between 2 and 3 is 0.028143
2025-03-15 21:57:36 INFO  ren0 [gaussian_mixture_model.h:173] exp(-dist) between 2 and 4 is 0.023377
2025-03-15 21:57:36 INFO  ren0 [gaussian_mixture_model.h:173] exp(-dist) between 2 and 5 is 0.419031
2025-03-15 21:57:36 INFO  ren0 [gaussian_mixture_model.h:173] exp(-dist) between 3 and 4 is 0.102604
2025-03-15 21:57:36 INFO  ren0 [gaussian_mixture_model.h:173] exp(-dist) between 3 and 5 is 0.153235
2025-03-15 21:57:36 INFO  ren0 [gaussian_mixture_model.h:173] exp(-dist) between 4 and 5 is 0.376706
2025-03-15 21:57:36 INFO  ren0 [gaussian_mixture_model.h:180] components before the merge: 6
2025-03-15 21:57:36 INFO  ren0 [gaussian_mixture_model.h:183] Merging 3 and 1, because their BC is 0.456713
2025-03-15 21:57:36 INFO  ren0 [gaussian_mixture_model.h:183] Merging 5 and 2, because their BC is 0.419031
2025-03-15 21:57:36 INFO  ren0 [gaussian_mixture_model.h:200] components after the merge: 4, merged 2 component
2025-03-15 21:57:36 INFO  ren0 [gaussian_mixture_model.h:237] Ratio is 8.266134
2025-03-15 21:57:36 INFO  ren0 [gaussian_mixture_model.h:237] Ratio is 17.544184
2025-03-15 21:57:36 INFO  ren0 [gaussian_mixture_model.h:237] Ratio is 8.275542
2025-03-15 21:57:36 INFO  ren0 [gaussian_mixture_model.h:237] Ratio is 5.916564
2025-03-15 21:57:36 INFO  ren0 [gaussian_mixture_model.h:237] Ratio is 4.268341
2025-03-15 21:57:36 INFO  ren0 [gaussian_mixture_model.h:237] Ratio is 4.268341
2025-03-15 21:57:36 INFO  ren0 [gaussian_mixture_model.h:218] components after the split: 10, split 6 components
2025-03-15 21:57:36 INFO  ren0 [octree.h:482] root weight: 1.949e+05 (194894.218750)
2025-03-15 21:57:36 INFO  ren0 [octree.h:483] splitting threshold: 1.949e+02 (194.894226)
2025-03-15 21:57:36 INFO  ren0 [octree.h:482] root weight: 2.378e+05 (237840.375000)
2025-03-15 21:57:36 INFO  ren0 [octree.h:483] splitting threshold: 2.378e+02 (237.840393)
2025-03-15 21:57:36 INFO  ren0 [octree.h:498] node count: 585 -> 699 -> 517

2025-03-15 21:57:36 INFO  ren0 [octree.h:498] node count: 585 -> 628 -> 349

2025-03-15 21:57:36 INFO  ren0 [PMMFocalGuidingIntegrator] diverge probability: 0.550

2025-03-15 21:57:36 INFO  ren0 [PMMFocalGuidingIntegrator] iteration postprocessing time: 8.6869s
2025-03-15 21:57:36 INFO  ren0 [PMMFocalGuidingIntegrator] GMM[
weight = 0.00238217 mean = [-17.6163 1.05338 3.31127] covariance = [[5.52832 -1.61689 0.975393][-1.61689 10.0626 0.40927][0.975393 0.40927 3.0143]]
weight = 0.00238217 mean = [-19.0081 5.43769 3.369] covariance = [[5.52832 -1.61689 0.975393][-1.61689 10.0626 0.40927][0.975393 0.40927 3.0143]]
weight = 0.0168526 mean = [-11.5737 8.86132 -0.439678] covariance = [[19.2189 0.452839 0.12661][0.452839 2.20836 -0.136173][0.12661 -0.136173 7.20993]]
weight = 0.0168526 mean = [-5.37421 9.02571 -0.376251] covariance = [[19.2189 0.452839 0.12661][0.452839 2.20836 -0.136173][0.12661 -0.136173 7.20993]]
weight = 0.00190168 mean = [-15.5289 -1.87224 -0.398494] covariance = [[4.80138 -0.76471 -0.276285][-0.76471 9.51628 -2.58302][-0.276285 -2.58302 3.65457]]
weight = 0.476481 mean = [3.57178 2.77413 -1.06983] covariance = [[20.5291 0.404433 -4.21119][0.404433 8.6533 -2.38195][-4.21119 -2.38195 14.7593]]
weight = 0.00190168 mean = [-16.0222 2.41337 -1.9821] covariance = [[4.80138 -0.76471 -0.276285][-0.76471 9.51628 -2.58302][-0.276285 -2.58302 3.65457]]
weight = 0.476481 mean = [-2.31989 2.06298 2.18445] covariance = [[20.5291 0.404433 -4.21119][0.404433 8.6533 -2.38195][-4.21119 -2.38195 14.7593]]
weight = 0.00238217 mean = [-14.7168 1.95664 4.61679] covariance = [[5.52832 -1.61689 0.975393][-1.61689 10.0626 0.40927][0.975393 0.40927 3.0143]]
weight = 0.00238217 mean = [-16.1086 6.34095 4.67451] covariance = [[5.52832 -1.61689 0.975393][-1.61689 10.0626 0.40927][0.975393 0.40927 3.0143]]
]
2025-03-15 21:57:36 INFO  ren0 [PMMFocalGuidingIntegrator] Octree[
AABB: AABB3[min=[-21.7494, -3.70393, -3.09172], max=[7.19249, 11.2965, 6.96201]]
Nodes count: 517
]
2025-03-15 21:57:36 INFO  ren0 [PMMFocalGuidingIntegrator] Octree[
AABB: AABB3[min=[-21.7494, -3.70393, -3.09172], max=[7.19249, 11.2965, 6.96201]]
Nodes count: 349
]
2025-03-15 21:57:36 INFO  ren0 [PMMFocalGuidingIntegrator] Rendering 1 iteration
2025-03-15 21:57:36 INFO  ren0 [SamplingIntegrator] Starting render job (1280x720, 4 samples, 8 cores, SSE2 enabled) ..
2025-03-15 21:58:45 INFO  wrk4 [PMMFocalGuidingIntegrator] hit luminaire, value = [1e+07, 1e+07, 1e+07]
2025-03-15 21:58:58 INFO  ren0 [PMMFocalGuidingIntegrator] iteration render time: 1.3650m
2025-03-15 21:58:58 INFO  ren0 [PMMFocalGuidingIntegrator] Got 64107 non-zero samples and 0 zero samples
2025-03-15 21:59:15 INFO  ren0 [gaussian_mixture_model.h:126] Components accumulated weight is: 1.000000
2025-03-15 21:59:15 INFO  ren0 [gaussian_mixture_model.h:173] exp(-dist) between 0 and 1 is 0.684645
2025-03-15 21:59:15 INFO  ren0 [gaussian_mixture_model.h:173] exp(-dist) between 0 and 2 is 0.102059
2025-03-15 21:59:15 INFO  ren0 [gaussian_mixture_model.h:173] exp(-dist) between 0 and 3 is 0.021173
2025-03-15 21:59:15 INFO  ren0 [gaussian_mixture_model.h:173] exp(-dist) between 0 and 4 is 0.438402
2025-03-15 21:59:15 INFO  ren0 [gaussian_mixture_model.h:173] exp(-dist) between 0 and 5 is 0.002511
2025-03-15 21:59:15 INFO  ren0 [gaussian_mixture_model.h:173] exp(-dist) between 0 and 6 is 0.349231
2025-03-15 21:59:15 INFO  ren0 [gaussian_mixture_model.h:173] exp(-dist) between 0 and 7 is 0.066387
2025-03-15 21:59:15 INFO  ren0 [gaussian_mixture_model.h:173] exp(-dist) between 0 and 8 is 0.736103
2025-03-15 21:59:15 INFO  ren0 [gaussian_mixture_model.h:173] exp(-dist) between 0 and 9 is 0.449011
2025-03-15 21:59:15 INFO  ren0 [gaussian_mixture_model.h:173] exp(-dist) between 1 and 2 is 0.245636
2025-03-15 21:59:15 INFO  ren0 [gaussian_mixture_model.h:173] exp(-dist) between 1 and 3 is 0.040162
2025-03-15 21:59:15 INFO  ren0 [gaussian_mixture_model.h:173] exp(-dist) between 1 and 4 is 0.168020
2025-03-15 21:59:15 INFO  ren0 [gaussian_mixture_model.h:173] exp(-dist) between 1 and 5 is 0.000785
2025-03-15 21:59:15 INFO  ren0 [gaussian_mixture_model.h:173] exp(-dist) between 1 and 6 is 0.208735
2025-03-15 21:59:15 INFO  ren0 [gaussian_mixture_model.h:173] exp(-dist) between 1 and 7 is 0.036837
2025-03-15 21:59:15 INFO  ren0 [gaussian_mixture_model.h:173] exp(-dist) between 1 and 8 is 0.549602
2025-03-15 21:59:15 INFO  ren0 [gaussian_mixture_model.h:173] exp(-dist) between 1 and 9 is 0.750831
2025-03-15 21:59:15 INFO  ren0 [gaussian_mixture_model.h:173] exp(-dist) between 2 and 3 is 0.754754
2025-03-15 21:59:15 INFO  ren0 [gaussian_mixture_model.h:173] exp(-dist) between 2 and 4 is 0.026694
2025-03-15 21:59:15 INFO  ren0 [gaussian_mixture_model.h:173] exp(-dist) between 2 and 5 is 0.083250
2025-03-15 21:59:15 INFO  ren0 [gaussian_mixture_model.h:173] exp(-dist) between 2 and 6 is 0.187330
2025-03-15 21:59:15 INFO  ren0 [gaussian_mixture_model.h:173] exp(-dist) between 2 and 7 is 0.204396
2025-03-15 21:59:15 INFO  ren0 [gaussian_mixture_model.h:173] exp(-dist) between 2 and 8 is 0.185168
2025-03-15 21:59:15 INFO  ren0 [gaussian_mixture_model.h:173] exp(-dist) between 2 and 9 is 0.296667
2025-03-15 21:59:15 INFO  ren0 [gaussian_mixture_model.h:173] exp(-dist) between 3 and 4 is 0.011425
2025-03-15 21:59:15 INFO  ren0 [gaussian_mixture_model.h:173] exp(-dist) between 3 and 5 is 0.166228
2025-03-15 21:59:15 INFO  ren0 [gaussian_mixture_model.h:173] exp(-dist) between 3 and 6 is 0.071101
2025-03-15 21:59:15 INFO  ren0 [gaussian_mixture_model.h:173] exp(-dist) between 3 and 7 is 0.268109
2025-03-15 21:59:15 INFO  ren0 [gaussian_mixture_model.h:173] exp(-dist) between 3 and 8 is 0.056837
2025-03-15 21:59:15 INFO  ren0 [gaussian_mixture_model.h:173] exp(-dist) between 3 and 9 is 0.077352
2025-03-15 21:59:15 INFO  ren0 [gaussian_mixture_model.h:173] exp(-dist) between 4 and 5 is 0.012968
2025-03-15 21:59:15 INFO  ren0 [gaussian_mixture_model.h:173] exp(-dist) between 4 and 6 is 0.838395
2025-03-15 21:59:15 INFO  ren0 [gaussian_mixture_model.h:173] exp(-dist) between 4 and 7 is 0.101920
2025-03-15 21:59:15 INFO  ren0 [gaussian_mixture_model.h:173] exp(-dist) between 4 and 8 is 0.282910
2025-03-15 21:59:15 INFO  ren0 [gaussian_mixture_model.h:173] exp(-dist) between 4 and 9 is 0.056848
2025-03-15 21:59:15 INFO  ren0 [gaussian_mixture_model.h:173] exp(-dist) between 5 and 6 is 0.015483
2025-03-15 21:59:15 INFO  ren0 [gaussian_mixture_model.h:173] exp(-dist) between 5 and 7 is 0.864272
2025-03-15 21:59:15 INFO  ren0 [gaussian_mixture_model.h:173] exp(-dist) between 5 and 8 is 0.010283
2025-03-15 21:59:15 INFO  ren0 [gaussian_mixture_model.h:173] exp(-dist) between 5 and 9 is 0.004065
2025-03-15 21:59:15 INFO  ren0 [gaussian_mixture_model.h:173] exp(-dist) between 6 and 7 is 0.125014
2025-03-15 21:59:15 INFO  ren0 [gaussian_mixture_model.h:173] exp(-dist) between 6 and 8 is 0.247404
2025-03-15 21:59:15 INFO  ren0 [gaussian_mixture_model.h:173] exp(-dist) between 6 and 9 is 0.083588
2025-03-15 21:59:15 INFO  ren0 [gaussian_mixture_model.h:173] exp(-dist) between 7 and 8 is 0.144443
2025-03-15 21:59:15 INFO  ren0 [gaussian_mixture_model.h:173] exp(-dist) between 7 and 9 is 0.073519
2025-03-15 21:59:15 INFO  ren0 [gaussian_mixture_model.h:173] exp(-dist) between 8 and 9 is 0.704338
2025-03-15 21:59:15 INFO  ren0 [gaussian_mixture_model.h:180] components before the merge: 10
2025-03-15 21:59:15 INFO  ren0 [gaussian_mixture_model.h:183] Merging 7 and 5, because their BC is 0.864272
2025-03-15 21:59:15 INFO  ren0 [gaussian_mixture_model.h:183] Merging 6 and 4, because their BC is 0.838395
2025-03-15 21:59:15 INFO  ren0 [gaussian_mixture_model.h:183] Merging 3 and 2, because their BC is 0.754754
2025-03-15 21:59:15 INFO  ren0 [gaussian_mixture_model.h:183] Merging 9 and 1, because their BC is 0.750831
2025-03-15 21:59:15 INFO  ren0 [gaussian_mixture_model.h:183] Merging 8 and 0, because their BC is 0.736103
2025-03-15 21:59:15 INFO  ren0 [gaussian_mixture_model.h:183] Merging 9 and 8, because their BC is 0.696502
2025-03-15 21:59:15 INFO  ren0 [gaussian_mixture_model.h:200] components after the merge: 4, merged 6 component
2025-03-15 21:59:15 INFO  ren0 [gaussian_mixture_model.h:237] Ratio is 14.327032
2025-03-15 21:59:15 INFO  ren0 [gaussian_mixture_model.h:237] Ratio is 4.613674
2025-03-15 21:59:15 INFO  ren0 [gaussian_mixture_model.h:237] Ratio is 3.077596
2025-03-15 21:59:15 INFO  ren0 [gaussian_mixture_model.h:237] Ratio is 7.819742
2025-03-15 21:59:15 INFO  ren0 [gaussian_mixture_model.h:237] Ratio is 7.163516
2025-03-15 21:59:15 INFO  ren0 [gaussian_mixture_model.h:237] Ratio is 7.163516
2025-03-15 21:59:15 INFO  ren0 [gaussian_mixture_model.h:237] Ratio is 3.146306
2025-03-15 21:59:15 INFO  ren0 [gaussian_mixture_model.h:237] Ratio is 3.146306
2025-03-15 21:59:15 INFO  ren0 [gaussian_mixture_model.h:237] Ratio is 3.909871
2025-03-15 21:59:15 INFO  ren0 [gaussian_mixture_model.h:237] Ratio is 3.909871
2025-03-15 21:59:15 INFO  ren0 [gaussian_mixture_model.h:237] Ratio is 3.581758
2025-03-15 21:59:15 INFO  ren0 [gaussian_mixture_model.h:237] Ratio is 3.581758
2025-03-15 21:59:15 INFO  ren0 [gaussian_mixture_model.h:237] Ratio is 3.581758
2025-03-15 21:59:15 INFO  ren0 [gaussian_mixture_model.h:237] Ratio is 3.581758
2025-03-15 21:59:15 INFO  ren0 [gaussian_mixture_model.h:218] components after the split: 9, split 5 components
2025-03-15 21:59:15 INFO  ren0 [octree.h:482] root weight: 1.397e+05 (139735.343750)
2025-03-15 21:59:15 INFO  ren0 [octree.h:483] splitting threshold: 1.397e+02 (139.735352)
2025-03-15 21:59:15 INFO  ren0 [octree.h:482] root weight: 1.713e+05 (171268.234375)
2025-03-15 21:59:15 INFO  ren0 [octree.h:483] splitting threshold: 1.713e+02 (171.268250)
2025-03-15 21:59:15 INFO  ren0 [octree.h:498] node count: 517 -> 534 -> 507

2025-03-15 21:59:15 INFO  ren0 [octree.h:498] node count: 349 -> 368 -> 358

2025-03-15 21:59:15 INFO  ren0 [PMMFocalGuidingIntegrator] diverge probability: 0.551

2025-03-15 21:59:15 INFO  ren0 [PMMFocalGuidingIntegrator] iteration postprocessing time: 17.7976s
2025-03-15 21:59:15 INFO  ren0 [PMMFocalGuidingIntegrator] GMM[
weight = 0.00878108 mean = [-8.07319 8.93186 0.103469] covariance = [[7.98211 0.280511 0.0315207][0.280511 2.24667 -0.039059][0.0315207 -0.039059 7.12647]]
weight = 0.00207161 mean = [-15.1522 1.57263 -1.3202] covariance = [[6.81606 -0.0322689 -0.27635][-0.0322689 4.83276 -0.686243][-0.27635 -0.686243 2.36625]]
weight = 0.00361542 mean = [-16.7169 1.95573 3.541] covariance = [[7.91512 -0.562321 1.71123][-0.562321 10.6381 1.1558][1.71123 1.1558 3.57737]]
weight = 0.00878108 mean = [-2.42738 9.20598 0.295641] covariance = [[7.98211 0.280511 0.0315207][0.280511 2.24667 -0.039059][0.0315207 -0.039059 7.12647]]
weight = 0.00878108 mean = [-6.41957 9.01215 0.159755] covariance = [[7.98211 0.280511 0.0315207][0.280511 2.24667 -0.039059][0.0315207 -0.039059 7.12647]]
weight = 0.00878108 mean = [-12.0654 8.73804 -0.0324168] covariance = [[7.98211 0.280511 0.0315207][0.280511 2.24667 -0.039059][0.0315207 -0.039059 7.12647]]
weight = 0.00207161 mean = [-15.0863 -1.49229 -0.531533] covariance = [[6.81606 -0.0322689 -0.27635][-0.0322689 4.83276 -0.686243][-0.27635 -0.686243 2.36625]]
weight = 0.953502 mean = [0.63831 2.35734 0.399212] covariance = [[21.7762 -0.162658 -2.29488][-0.162658 7.79285 -1.18448][-2.29488 -1.18448 10.1324]]
weight = 0.00361542 mean = [-17.2424 6.54562 4.14637] covariance = [[7.91512 -0.562321 1.71123][-0.562321 10.6381 1.1558][1.71123 1.1558 3.57737]]
]
2025-03-15 21:59:15 INFO  ren0 [PMMFocalGuidingIntegrator] Octree[
AABB: AABB3[min=[-21.7494, -3.70393, -3.09172], max=[7.19249, 11.2965, 6.96201]]
Nodes count: 507
]
2025-03-15 21:59:15 INFO  ren0 [PMMFocalGuidingIntegrator] Octree[
AABB: AABB3[min=[-21.7494, -3.70393, -3.09172], max=[7.19249, 11.2965, 6.96201]]
Nodes count: 358
]
2025-03-15 21:59:15 INFO  ren0 [PMMFocalGuidingIntegrator] Rendering 2 iteration
2025-03-15 21:59:15 INFO  ren0 [SamplingIntegrator] Starting render job (1280x720, 4 samples, 8 cores, SSE2 enabled) ..
2025-03-15 21:59:56 INFO  wrk3 [PMMFocalGuidingIntegrator] hit luminaire, value = [1e+07, 1e+07, 1e+07]
2025-03-15 22:00:38 INFO  ren0 [PMMFocalGuidingIntegrator] iteration render time: 1.3690m
2025-03-15 22:00:38 INFO  ren0 [PMMFocalGuidingIntegrator] Got 78301 non-zero samples and 0 zero samples
2025-03-15 22:00:57 INFO  ren0 [gaussian_mixture_model.h:126] Components accumulated weight is: 1.000000
2025-03-15 22:00:57 INFO  ren0 [gaussian_mixture_model.h:173] exp(-dist) between 0 and 1 is 0.088211
2025-03-15 22:00:57 INFO  ren0 [gaussian_mixture_model.h:173] exp(-dist) between 0 and 2 is 0.073258
2025-03-15 22:00:57 INFO  ren0 [gaussian_mixture_model.h:173] exp(-dist) between 0 and 3 is 0.597072
2025-03-15 22:00:57 INFO  ren0 [gaussian_mixture_model.h:173] exp(-dist) between 0 and 4 is 0.952474
2025-03-15 22:00:57 INFO  ren0 [gaussian_mixture_model.h:173] exp(-dist) between 0 and 5 is 0.743176
2025-03-15 22:00:57 INFO  ren0 [gaussian_mixture_model.h:173] exp(-dist) between 0 and 6 is 0.006039
2025-03-15 22:00:57 INFO  ren0 [gaussian_mixture_model.h:173] exp(-dist) between 0 and 7 is 0.152966
2025-03-15 22:00:57 INFO  ren0 [gaussian_mixture_model.h:173] exp(-dist) between 0 and 9 is 0.121222
2025-03-15 22:00:57 INFO  ren0 [gaussian_mixture_model.h:173] exp(-dist) between 1 and 2 is 0.282927
2025-03-15 22:00:57 INFO  ren0 [gaussian_mixture_model.h:173] exp(-dist) between 1 and 3 is 0.010337
2025-03-15 22:00:57 INFO  ren0 [gaussian_mixture_model.h:173] exp(-dist) between 1 and 4 is 0.053450
2025-03-15 22:00:57 INFO  ren0 [gaussian_mixture_model.h:173] exp(-dist) between 1 and 5 is 0.163982
2025-03-15 22:00:57 INFO  ren0 [gaussian_mixture_model.h:173] exp(-dist) between 1 and 6 is 0.760330
2025-03-15 22:00:57 INFO  ren0 [gaussian_mixture_model.h:173] exp(-dist) between 1 and 7 is 0.084057
2025-03-15 22:00:57 INFO  ren0 [gaussian_mixture_model.h:173] exp(-dist) between 1 and 9 is 0.140850
2025-03-15 22:00:57 INFO  ren0 [gaussian_mixture_model.h:173] exp(-dist) between 2 and 3 is 0.006358
2025-03-15 22:00:57 INFO  ren0 [gaussian_mixture_model.h:173] exp(-dist) between 2 and 4 is 0.038094
2025-03-15 22:00:57 INFO  ren0 [gaussian_mixture_model.h:173] exp(-dist) between 2 and 5 is 0.198132
2025-03-15 22:00:57 INFO  ren0 [gaussian_mixture_model.h:173] exp(-dist) between 2 and 6 is 0.346963
2025-03-15 22:00:57 INFO  ren0 [gaussian_mixture_model.h:173] exp(-dist) between 2 and 7 is 0.038875
2025-03-15 22:00:57 INFO  ren0 [gaussian_mixture_model.h:173] exp(-dist) between 2 and 9 is 0.691764
2025-03-15 22:00:57 INFO  ren0 [gaussian_mixture_model.h:173] exp(-dist) between 3 and 4 is 0.781411
2025-03-15 22:00:57 INFO  ren0 [gaussian_mixture_model.h:173] exp(-dist) between 3 and 5 is 0.204588
2025-03-15 22:00:57 INFO  ren0 [gaussian_mixture_model.h:173] exp(-dist) between 3 and 6 is 0.000589
2025-03-15 22:00:57 INFO  ren0 [gaussian_mixture_model.h:173] exp(-dist) between 3 and 7 is 0.197661
2025-03-15 22:00:57 INFO  ren0 [gaussian_mixture_model.h:173] exp(-dist) between 3 and 9 is 0.009075
2025-03-15 22:00:57 INFO  ren0 [gaussian_mixture_model.h:173] exp(-dist) between 4 and 5 is 0.558783
2025-03-15 22:00:57 INFO  ren0 [gaussian_mixture_model.h:173] exp(-dist) between 4 and 6 is 0.003435
2025-03-15 22:00:57 INFO  ren0 [gaussian_mixture_model.h:173] exp(-dist) between 4 and 7 is 0.177612
2025-03-15 22:00:57 INFO  ren0 [gaussian_mixture_model.h:173] exp(-dist) between 4 and 9 is 0.060667
2025-03-15 22:00:57 INFO  ren0 [gaussian_mixture_model.h:173] exp(-dist) between 5 and 6 is 0.010793
2025-03-15 22:00:57 INFO  ren0 [gaussian_mixture_model.h:173] exp(-dist) between 5 and 7 is 0.079171
2025-03-15 22:00:57 INFO  ren0 [gaussian_mixture_model.h:173] exp(-dist) between 5 and 9 is 0.371936
2025-03-15 22:00:57 INFO  ren0 [gaussian_mixture_model.h:173] exp(-dist) between 6 and 7 is 0.062597
2025-03-15 22:00:57 INFO  ren0 [gaussian_mixture_model.h:173] exp(-dist) between 6 and 9 is 0.085033
2025-03-15 22:00:57 INFO  ren0 [gaussian_mixture_model.h:173] exp(-dist) between 7 and 9 is 0.021714
2025-03-15 22:00:57 INFO  ren0 [gaussian_mixture_model.h:180] components before the merge: 9
2025-03-15 22:00:57 INFO  ren0 [gaussian_mixture_model.h:183] Merging 4 and 0, because their BC is 0.952474
2025-03-15 22:00:57 INFO  ren0 [gaussian_mixture_model.h:183] Merging 6 and 1, because their BC is 0.760330
2025-03-15 22:00:57 INFO  ren0 [gaussian_mixture_model.h:183] Merging 4 and 3, because their BC is 0.705276
2025-03-15 22:00:57 INFO  ren0 [gaussian_mixture_model.h:183] Merging 9 and 2, because their BC is 0.691764
2025-03-15 22:00:57 INFO  ren0 [gaussian_mixture_model.h:183] Merging 5 and 4, because their BC is 0.541377
2025-03-15 22:00:57 INFO  ren0 [gaussian_mixture_model.h:200] components after the merge: 4, merged 5 component
2025-03-15 22:00:57 INFO  ren0 [gaussian_mixture_model.h:237] Ratio is 11.606951
2025-03-15 22:00:57 INFO  ren0 [gaussian_mixture_model.h:237] Ratio is 3.958266
2025-03-15 22:00:57 INFO  ren0 [gaussian_mixture_model.h:237] Ratio is 2.773149
2025-03-15 22:00:57 INFO  ren0 [gaussian_mixture_model.h:237] Ratio is 7.158106
2025-03-15 22:00:57 INFO  ren0 [gaussian_mixture_model.h:237] Ratio is 5.803475
2025-03-15 22:00:57 INFO  ren0 [gaussian_mixture_model.h:237] Ratio is 5.803475
2025-03-15 22:00:57 INFO  ren0 [gaussian_mixture_model.h:237] Ratio is 3.579053
2025-03-15 22:00:57 INFO  ren0 [gaussian_mixture_model.h:237] Ratio is 3.579053
2025-03-15 22:00:57 INFO  ren0 [gaussian_mixture_model.h:237] Ratio is 3.521543
2025-03-15 22:00:57 INFO  ren0 [gaussian_mixture_model.h:237] Ratio is 3.521543
2025-03-15 22:00:57 INFO  ren0 [gaussian_mixture_model.h:237] Ratio is 3.521543
2025-03-15 22:00:57 INFO  ren0 [gaussian_mixture_model.h:237] Ratio is 3.521543
2025-03-15 22:00:57 INFO  ren0 [gaussian_mixture_model.h:218] components after the split: 8, split 4 components
2025-03-15 22:00:57 INFO  ren0 [octree.h:482] root weight: 1.273e+05 (127279.328125)
2025-03-15 22:00:57 INFO  ren0 [octree.h:483] splitting threshold: 1.273e+02 (127.279335)
2025-03-15 22:00:57 INFO  ren0 [octree.h:482] root weight: 1.450e+05 (144962.234375)
2025-03-15 22:00:57 INFO  ren0 [octree.h:483] splitting threshold: 1.450e+02 (144.962234)
2025-03-15 22:00:57 INFO  ren0 [octree.h:498] node count: 507 -> 530 -> 502

2025-03-15 22:00:57 INFO  ren0 [octree.h:498] node count: 358 -> 369 -> 355

2025-03-15 22:00:57 INFO  ren0 [PMMFocalGuidingIntegrator] diverge probability: 0.532

2025-03-15 22:00:57 INFO  ren0 [PMMFocalGuidingIntegrator] iteration postprocessing time: 19.5315s
2025-03-15 22:00:57 INFO  ren0 [PMMFocalGuidingIntegrator] GMM[
weight = 0.00900903 mean = [-7.40964 8.93476 0.411835] covariance = [[6.3136 0.288295 -0.0753277][0.288295 2.2046 -0.146046][-0.0753277 -0.146046 7.67105]]
weight = 0.00369311 mean = [-17.207 6.63329 3.99614] covariance = [[8.14563 -0.587862 1.89698][-0.587862 10.5046 0.83337][1.89698 0.83337 3.82564]]
weight = 0.00900903 mean = [-5.94232 9.03405 0.504952] covariance = [[6.3136 0.288295 -0.0753277][0.288295 2.2046 -0.146046][-0.0753277 -0.146046 7.67105]]
weight = 0.00900903 mean = [-10.952 8.69507 0.187033] covariance = [[6.3136 0.288295 -0.0753277][0.288295 2.2046 -0.146046][-0.0753277 -0.146046 7.67105]]
weight = 0.00900903 mean = [-2.39991 9.27374 0.729754] covariance = [[6.3136 0.288295 -0.0753277][0.288295 2.2046 -0.146046][-0.0753277 -0.146046 7.67105]]
weight = 0.00496578 mean = [-14.505 -0.0601602 -0.797607] covariance = [[7.76961 0.250614 -0.293431][0.250614 6.94927 -0.887503][-0.293431 -0.887503 2.16381]]
weight = 0.951612 mean = [0.699955 2.29871 0.244348] covariance = [[18.6668 -0.610055 -0.34579][-0.610055 7.18299 -0.610222][-0.34579 -0.610222 7.72823]]
weight = 0.00369311 mean = [-16.3969 2.09721 3.66833] covariance = [[8.14563 -0.587862 1.89698][-0.587862 10.5046 0.83337][1.89698 0.83337 3.82564]]
]
2025-03-15 22:00:57 INFO  ren0 [PMMFocalGuidingIntegrator] Octree[
AABB: AABB3[min=[-21.7494, -3.70393, -3.09172], max=[7.19249, 11.2965, 6.96201]]
Nodes count: 502
]
2025-03-15 22:00:57 INFO  ren0 [PMMFocalGuidingIntegrator] Octree[
AABB: AABB3[min=[-21.7494, -3.70393, -3.09172], max=[7.19249, 11.2965, 6.96201]]
Nodes count: 355
]
2025-03-15 22:00:57 INFO  ren0 [PMMFocalGuidingIntegrator] Rendering 3 iteration
2025-03-15 22:00:57 INFO  ren0 [SamplingIntegrator] Starting render job (1280x720, 4 samples, 8 cores, SSE2 enabled) ..
2025-03-15 22:01:49 INFO  wrk7 [octree.h:260] No intersection found
2025-03-15 22:01:49 INFO  wrk7 [pmm_focal_guiding.cpp:702] Intersection was not found
2025-03-15 22:01:49 INFO  wrk7 [PMMFocalGuidingIntegrator] hit luminaire, value = [1e+07, 1e+07, 1e+07]
2025-03-15 22:01:53 INFO  wrk2 [PMMFocalGuidingIntegrator] hit luminaire, value = [1e+07, 1e+07, 1e+07]
2025-03-15 22:02:19 INFO  ren0 [PMMFocalGuidingIntegrator] iteration render time: 1.3703m
2025-03-15 22:02:19 INFO  ren0 [PMMFocalGuidingIntegrator] Got 93917 non-zero samples and 0 zero samples
2025-03-15 22:02:40 INFO  ren0 [gaussian_mixture_model.h:126] Components accumulated weight is: 1.000000
2025-03-15 22:02:40 INFO  ren0 [gaussian_mixture_model.h:173] exp(-dist) between 0 and 1 is 0.107571
2025-03-15 22:02:40 INFO  ren0 [gaussian_mixture_model.h:173] exp(-dist) between 0 and 2 is 0.951584
2025-03-15 22:02:40 INFO  ren0 [gaussian_mixture_model.h:173] exp(-dist) between 0 and 3 is 0.742368
2025-03-15 22:02:40 INFO  ren0 [gaussian_mixture_model.h:173] exp(-dist) between 0 and 5 is 0.596220
2025-03-15 22:02:40 INFO  ren0 [gaussian_mixture_model.h:173] exp(-dist) between 0 and 6 is 0.053100
2025-03-15 22:02:40 INFO  ren0 [gaussian_mixture_model.h:173] exp(-dist) between 0 and 7 is 0.140214
2025-03-15 22:02:40 INFO  ren0 [gaussian_mixture_model.h:173] exp(-dist) between 0 and 9 is 0.068257
2025-03-15 22:02:40 INFO  ren0 [gaussian_mixture_model.h:173] exp(-dist) between 1 and 2 is 0.054203
2025-03-15 22:02:40 INFO  ren0 [gaussian_mixture_model.h:173] exp(-dist) between 1 and 3 is 0.350441
2025-03-15 22:02:40 INFO  ren0 [gaussian_mixture_model.h:173] exp(-dist) between 1 and 5 is 0.008693
2025-03-15 22:02:40 INFO  ren0 [gaussian_mixture_model.h:173] exp(-dist) between 1 and 6 is 0.144858
2025-03-15 22:02:40 INFO  ren0 [gaussian_mixture_model.h:173] exp(-dist) between 1 and 7 is 0.017407
2025-03-15 22:02:40 INFO  ren0 [gaussian_mixture_model.h:173] exp(-dist) between 1 and 9 is 0.697121
2025-03-15 22:02:40 INFO  ren0 [gaussian_mixture_model.h:173] exp(-dist) between 2 and 3 is 0.558277
2025-03-15 22:02:40 INFO  ren0 [gaussian_mixture_model.h:173] exp(-dist) between 2 and 5 is 0.781198
2025-03-15 22:02:40 INFO  ren0 [gaussian_mixture_model.h:173] exp(-dist) between 2 and 6 is 0.031943
2025-03-15 22:02:40 INFO  ren0 [gaussian_mixture_model.h:173] exp(-dist) between 2 and 7 is 0.159589
2025-03-15 22:02:40 INFO  ren0 [gaussian_mixture_model.h:173] exp(-dist) between 2 and 9 is 0.036513
2025-03-15 22:02:40 INFO  ren0 [gaussian_mixture_model.h:173] exp(-dist) between 3 and 5 is 0.209875
2025-03-15 22:02:40 INFO  ren0 [gaussian_mixture_model.h:173] exp(-dist) between 3 and 6 is 0.104000
2025-03-15 22:02:40 INFO  ren0 [gaussian_mixture_model.h:173] exp(-dist) between 3 and 7 is 0.077428
2025-03-15 22:02:40 INFO  ren0 [gaussian_mixture_model.h:173] exp(-dist) between 3 and 9 is 0.186342
2025-03-15 22:02:40 INFO  ren0 [gaussian_mixture_model.h:173] exp(-dist) between 5 and 6 is 0.007070
2025-03-15 22:02:40 INFO  ren0 [gaussian_mixture_model.h:173] exp(-dist) between 5 and 7 is 0.169919
2025-03-15 22:02:40 INFO  ren0 [gaussian_mixture_model.h:173] exp(-dist) between 5 and 9 is 0.007023
2025-03-15 22:02:40 INFO  ren0 [gaussian_mixture_model.h:173] exp(-dist) between 6 and 7 is 0.086113
2025-03-15 22:02:40 INFO  ren0 [gaussian_mixture_model.h:173] exp(-dist) between 6 and 9 is 0.321261
2025-03-15 22:02:40 INFO  ren0 [gaussian_mixture_model.h:173] exp(-dist) between 7 and 9 is 0.034914
2025-03-15 22:02:40 INFO  ren0 [gaussian_mixture_model.h:180] components before the merge: 8
2025-03-15 22:02:40 INFO  ren0 [gaussian_mixture_model.h:183] Merging 2 and 0, because their BC is 0.951584
2025-03-15 22:02:40 INFO  ren0 [gaussian_mixture_model.h:183] Merging 5 and 2, because their BC is 0.704752
2025-03-15 22:02:40 INFO  ren0 [gaussian_mixture_model.h:183] Merging 9 and 1, because their BC is 0.697121
2025-03-15 22:02:40 INFO  ren0 [gaussian_mixture_model.h:183] Merging 5 and 3, because their BC is 0.542443
2025-03-15 22:02:40 INFO  ren0 [gaussian_mixture_model.h:200] components after the merge: 4, merged 4 component
2025-03-15 22:02:40 INFO  ren0 [gaussian_mixture_model.h:237] Ratio is 9.928156
2025-03-15 22:02:40 INFO  ren0 [gaussian_mixture_model.h:237] Ratio is 4.171380
2025-03-15 22:02:40 INFO  ren0 [gaussian_mixture_model.h:237] Ratio is 2.655619
2025-03-15 22:02:40 INFO  ren0 [gaussian_mixture_model.h:237] Ratio is 6.537486
2025-03-15 22:02:40 INFO  ren0 [gaussian_mixture_model.h:237] Ratio is 4.964078
2025-03-15 22:02:40 INFO  ren0 [gaussian_mixture_model.h:237] Ratio is 4.964078
2025-03-15 22:02:40 INFO  ren0 [gaussian_mixture_model.h:237] Ratio is 3.591051
2025-03-15 22:02:40 INFO  ren0 [gaussian_mixture_model.h:237] Ratio is 3.591051
2025-03-15 22:02:40 INFO  ren0 [gaussian_mixture_model.h:237] Ratio is 3.268743
2025-03-15 22:02:40 INFO  ren0 [gaussian_mixture_model.h:237] Ratio is 3.268743
2025-03-15 22:02:40 INFO  ren0 [gaussian_mixture_model.h:237] Ratio is 3.858095
2025-03-15 22:02:40 INFO  ren0 [gaussian_mixture_model.h:237] Ratio is 3.858095
2025-03-15 22:02:40 INFO  ren0 [gaussian_mixture_model.h:237] Ratio is 3.858095
2025-03-15 22:02:40 INFO  ren0 [gaussian_mixture_model.h:237] Ratio is 3.858095
2025-03-15 22:02:40 INFO  ren0 [gaussian_mixture_model.h:218] components after the split: 9, split 5 components
2025-03-15 22:02:40 INFO  ren0 [octree.h:482] root weight: 1.297e+05 (129744.203125)
2025-03-15 22:02:40 INFO  ren0 [octree.h:483] splitting threshold: 1.297e+02 (129.744202)
2025-03-15 22:02:40 INFO  ren0 [octree.h:482] root weight: 1.343e+05 (134297.937500)
2025-03-15 22:02:40 INFO  ren0 [octree.h:483] splitting threshold: 1.343e+02 (134.297943)
2025-03-15 22:02:40 INFO  ren0 [octree.h:498] node count: 502 -> 541 -> 521

2025-03-15 22:02:40 INFO  ren0 [octree.h:498] node count: 355 -> 363 -> 351

2025-03-15 22:02:40 INFO  ren0 [PMMFocalGuidingIntegrator] diverge probability: 0.509

2025-03-15 22:02:40 INFO  ren0 [PMMFocalGuidingIntegrator] iteration postprocessing time: 20.8356s
2025-03-15 22:02:40 INFO  ren0 [PMMFocalGuidingIntegrator] GMM[
weight = 0.00894002 mean = [-10.1472 8.63222 0.369642] covariance = [[5.30433 0.300679 -0.238386][0.300679 2.18904 -0.388467][-0.238386 -0.388467 8.20242]]
weight = 0.00284743 mean = [-15.3901 -0.307867 -0.610456] covariance = [[4.29515 -0.669128 0.0728261][-0.669128 6.84086 -0.762343][0.0728261 -0.762343 2.10294]]
weight = 0.00413213 mean = [-17.1196 6.41774 3.73336] covariance = [[8.59561 -0.653701 2.1366][-0.653701 10.5546 0.436715][2.1366 0.436715 4.22133]]
weight = 0.00894002 mean = [-2.34364 9.29354 1.10098] covariance = [[5.30433 0.300679 -0.238386][0.300679 2.18904 -0.388467][-0.238386 -0.388467 8.20242]]
weight = 0.00894002 mean = [-6.91488 8.90615 0.672571] covariance = [[5.30433 0.300679 -0.238386][0.300679 2.18904 -0.388467][-0.238386 -0.388467 8.20242]]
weight = 0.00894002 mean = [-5.576 9.01961 0.798048] covariance = [[5.30433 0.300679 -0.238386][0.300679 2.18904 -0.388467][-0.238386 -0.388467 8.20242]]
weight = 0.00284743 mean = [-12.5926 0.343488 -0.754515] covariance = [[4.29515 -0.669128 0.0728261][-0.669128 6.84086 -0.762343][0.0728261 -0.762343 2.10294]]
weight = 0.950281 mean = [0.792914 2.25161 0.0871852] covariance = [[16.8142 -0.753235 0.158622][-0.753235 6.69371 -0.453357][0.158622 -0.453357 7.0404]]
weight = 0.00413213 mean = [-15.596 2.04057 3.93883] covariance = [[8.59561 -0.653701 2.1366][-0.653701 10.5546 0.436715][2.1366 0.436715 4.22133]]
]
2025-03-15 22:02:40 INFO  ren0 [PMMFocalGuidingIntegrator] Octree[
AABB: AABB3[min=[-21.7494, -3.70393, -3.09172], max=[7.19249, 11.2965, 6.96201]]
Nodes count: 521
]
2025-03-15 22:02:40 INFO  ren0 [PMMFocalGuidingIntegrator] Octree[
AABB: AABB3[min=[-21.7494, -3.70393, -3.09172], max=[7.19249, 11.2965, 6.96201]]
Nodes count: 351
]
2025-03-15 22:02:40 INFO  ren0 [PMMFocalGuidingIntegrator] Rendering 4 iteration
2025-03-15 22:02:40 INFO  ren0 [SamplingIntegrator] Starting render job (1280x720, 4 samples, 8 cores, SSE2 enabled) ..
2025-03-15 22:04:07 INFO  ren0 [PMMFocalGuidingIntegrator] iteration render time: 1.4438m
2025-03-15 22:04:07 INFO  ren0 [PMMFocalGuidingIntegrator] Got 112216 non-zero samples and 0 zero samples
2025-03-15 22:04:35 INFO  ren0 [gaussian_mixture_model.h:126] Components accumulated weight is: 1.000000
2025-03-15 22:04:35 INFO  ren0 [gaussian_mixture_model.h:173] exp(-dist) between 0 and 1 is 0.076227
2025-03-15 22:04:35 INFO  ren0 [gaussian_mixture_model.h:173] exp(-dist) between 0 and 2 is 0.331672
2025-03-15 22:04:35 INFO  ren0 [gaussian_mixture_model.h:173] exp(-dist) between 0 and 3 is 0.215769
2025-03-15 22:04:35 INFO  ren0 [gaussian_mixture_model.h:173] exp(-dist) between 0 and 4 is 0.745329
2025-03-15 22:04:35 INFO  ren0 [gaussian_mixture_model.h:173] exp(-dist) between 0 and 5 is 0.561513
2025-03-15 22:04:35 INFO  ren0 [gaussian_mixture_model.h:173] exp(-dist) between 0 and 6 is 0.119283
2025-03-15 22:04:35 INFO  ren0 [gaussian_mixture_model.h:173] exp(-dist) between 0 and 7 is 0.075000
2025-03-15 22:04:35 INFO  ren0 [gaussian_mixture_model.h:173] exp(-dist) between 0 and 9 is 0.186091
2025-03-15 22:04:35 INFO  ren0 [gaussian_mixture_model.h:173] exp(-dist) between 1 and 2 is 0.208397
2025-03-15 22:04:35 INFO  ren0 [gaussian_mixture_model.h:173] exp(-dist) between 1 and 3 is 0.001675
2025-03-15 22:04:35 INFO  ren0 [gaussian_mixture_model.h:173] exp(-dist) between 1 and 4 is 0.024338
2025-03-15 22:04:35 INFO  ren0 [gaussian_mixture_model.h:173] exp(-dist) between 1 and 5 is 0.011787
2025-03-15 22:04:35 INFO  ren0 [gaussian_mixture_model.h:173] exp(-dist) between 1 and 6 is 0.781121
2025-03-15 22:04:35 INFO  ren0 [gaussian_mixture_model.h:173] exp(-dist) between 1 and 7 is 0.034786
2025-03-15 22:04:35 INFO  ren0 [gaussian_mixture_model.h:173] exp(-dist) between 1 and 9 is 0.364822
2025-03-15 22:04:35 INFO  ren0 [gaussian_mixture_model.h:173] exp(-dist) between 2 and 3 is 0.010204
2025-03-15 22:04:35 INFO  ren0 [gaussian_mixture_model.h:173] exp(-dist) between 2 and 4 is 0.103268
2025-03-15 22:04:35 INFO  ren0 [gaussian_mixture_model.h:173] exp(-dist) between 2 and 5 is 0.054264
2025-03-15 22:04:35 INFO  ren0 [gaussian_mixture_model.h:173] exp(-dist) between 2 and 6 is 0.140255
2025-03-15 22:04:35 INFO  ren0 [gaussian_mixture_model.h:173] exp(-dist) between 2 and 7 is 0.016506
2025-03-15 22:04:35 INFO  ren0 [gaussian_mixture_model.h:173] exp(-dist) between 2 and 9 is 0.700334
2025-03-15 22:04:35 INFO  ren0 [gaussian_mixture_model.h:173] exp(-dist) between 3 and 4 is 0.597241
2025-03-15 22:04:35 INFO  ren0 [gaussian_mixture_model.h:173] exp(-dist) between 3 and 5 is 0.781420
2025-03-15 22:04:35 INFO  ren0 [gaussian_mixture_model.h:173] exp(-dist) between 3 and 6 is 0.003405
2025-03-15 22:04:35 INFO  ren0 [gaussian_mixture_model.h:173] exp(-dist) between 3 and 7 is 0.150239
2025-03-15 22:04:35 INFO  ren0 [gaussian_mixture_model.h:173] exp(-dist) between 3 and 9 is 0.010690
2025-03-15 22:04:35 INFO  ren0 [gaussian_mixture_model.h:173] exp(-dist) between 4 and 5 is 0.951321
2025-03-15 22:04:35 INFO  ren0 [gaussian_mixture_model.h:173] exp(-dist) between 4 and 6 is 0.046845
2025-03-15 22:04:35 INFO  ren0 [gaussian_mixture_model.h:173] exp(-dist) between 4 and 7 is 0.130754
2025-03-15 22:04:35 INFO  ren0 [gaussian_mixture_model.h:173] exp(-dist) between 4 and 9 is 0.075836
2025-03-15 22:04:35 INFO  ren0 [gaussian_mixture_model.h:173] exp(-dist) between 5 and 6 is 0.023763
2025-03-15 22:04:35 INFO  ren0 [gaussian_mixture_model.h:173] exp(-dist) between 5 and 7 is 0.146307
2025-03-15 22:04:35 INFO  ren0 [gaussian_mixture_model.h:173] exp(-dist) between 5 and 9 is 0.043909
2025-03-15 22:04:35 INFO  ren0 [gaussian_mixture_model.h:173] exp(-dist) between 6 and 7 is 0.071700
2025-03-15 22:04:35 INFO  ren0 [gaussian_mixture_model.h:173] exp(-dist) between 6 and 9 is 0.249711
2025-03-15 22:04:35 INFO  ren0 [gaussian_mixture_model.h:173] exp(-dist) between 7 and 9 is 0.038339
2025-03-15 22:04:35 INFO  ren0 [gaussian_mixture_model.h:180] components before the merge: 9
2025-03-15 22:04:35 INFO  ren0 [gaussian_mixture_model.h:183] Merging 5 and 4, because their BC is 0.951321
2025-03-15 22:04:35 INFO  ren0 [gaussian_mixture_model.h:183] Merging 6 and 1, because their BC is 0.781121
2025-03-15 22:04:35 INFO  ren0 [gaussian_mixture_model.h:183] Merging 5 and 3, because their BC is 0.705267
2025-03-15 22:04:35 INFO  ren0 [gaussian_mixture_model.h:183] Merging 9 and 2, because their BC is 0.700334
2025-03-15 22:04:35 INFO  ren0 [gaussian_mixture_model.h:183] Merging 5 and 0, because their BC is 0.547510
2025-03-15 22:04:35 INFO  ren0 [gaussian_mixture_model.h:200] components after the merge: 4, merged 5 component
2025-03-15 22:04:35 INFO  ren0 [gaussian_mixture_model.h:237] Ratio is 8.491884
2025-03-15 22:04:35 INFO  ren0 [gaussian_mixture_model.h:237] Ratio is 3.679679
2025-03-15 22:04:35 INFO  ren0 [gaussian_mixture_model.h:237] Ratio is 2.578776
2025-03-15 22:04:35 INFO  ren0 [gaussian_mixture_model.h:237] Ratio is 5.996895
2025-03-15 22:04:35 INFO  ren0 [gaussian_mixture_model.h:237] Ratio is 4.245942
2025-03-15 22:04:35 INFO  ren0 [gaussian_mixture_model.h:237] Ratio is 4.245942
2025-03-15 22:04:35 INFO  ren0 [gaussian_mixture_model.h:237] Ratio is 2.998448
2025-03-15 22:04:35 INFO  ren0 [gaussian_mixture_model.h:237] Ratio is 2.998448
2025-03-15 22:04:35 INFO  ren0 [gaussian_mixture_model.h:237] Ratio is 3.977265
2025-03-15 22:04:35 INFO  ren0 [gaussian_mixture_model.h:237] Ratio is 3.977265
2025-03-15 22:04:35 INFO  ren0 [gaussian_mixture_model.h:237] Ratio is 3.977265
2025-03-15 22:04:35 INFO  ren0 [gaussian_mixture_model.h:237] Ratio is 3.977265
2025-03-15 22:04:35 INFO  ren0 [gaussian_mixture_model.h:218] components after the split: 8, split 4 components
2025-03-15 22:04:35 INFO  ren0 [octree.h:482] root weight: 1.445e+05 (144475.000000)
2025-03-15 22:04:35 INFO  ren0 [octree.h:483] splitting threshold: 1.445e+02 (144.475006)
2025-03-15 22:04:35 INFO  ren0 [octree.h:482] root weight: 1.380e+05 (138032.015625)
2025-03-15 22:04:35 INFO  ren0 [octree.h:483] splitting threshold: 1.380e+02 (138.032028)
2025-03-15 22:04:35 INFO  ren0 [octree.h:498] node count: 521 -> 542 -> 527

2025-03-15 22:04:35 INFO  ren0 [octree.h:498] node count: 351 -> 361 -> 348

2025-03-15 22:04:35 INFO  ren0 [PMMFocalGuidingIntegrator] diverge probability: 0.489

2025-03-15 22:04:35 INFO  ren0 [PMMFocalGuidingIntegrator] iteration postprocessing time: 27.8746s
2025-03-15 22:04:35 INFO  ren0 [PMMFocalGuidingIntegrator] GMM[
weight = 0.00872957 mean = [-9.47709 8.56244 0.534803] covariance = [[4.53072 0.295467 -0.327333][0.295467 2.22483 -0.6294][-0.327333 -0.6294 8.38597]]
weight = 0.00466671 mean = [-16.8095 6.1072 3.51152] covariance = [[9.17961 -0.641468 2.0774][-0.641468 10.7738 0.15273][2.0774 0.15273 4.49837]]
weight = 0.00872957 mean = [-2.28541 9.28628 1.26295] covariance = [[4.53072 0.295467 -0.327333][0.295467 2.22483 -0.6294][-0.327333 -0.6294 8.38597]]
weight = 0.00872957 mean = [-6.4982 8.86227 0.836409] covariance = [[4.53072 0.295467 -0.327333][0.295467 2.22483 -0.6294][-0.327333 -0.6294 8.38597]]
weight = 0.00872957 mean = [-5.2643 8.98645 0.961339] covariance = [[4.53072 0.295467 -0.327333][0.295467 2.22483 -0.6294][-0.327333 -0.6294 8.38597]]
weight = 0.00638663 mean = [-13.5127 0.131795 -0.557832] covariance = [[6.70288 -0.246455 0.190724][-0.246455 7.3766 -0.831803][0.190724 -0.831803 2.19823]]
weight = 0.949362 mean = [0.879768 2.21582 -0.0566449] covariance = [[15.4255 -0.822608 0.327958][-0.822608 6.27467 -0.395625][0.327958 -0.395625 6.74825]]
weight = 0.00466671 mean = [-14.7762 1.9005 4.057] covariance = [[9.17961 -0.641468 2.0774][-0.641468 10.7738 0.15273][2.0774 0.15273 4.49837]]
]
2025-03-15 22:04:35 INFO  ren0 [PMMFocalGuidingIntegrator] Octree[
AABB: AABB3[min=[-21.7494, -3.70393, -3.09172], max=[7.19249, 11.2965, 6.96201]]
Nodes count: 527
]
2025-03-15 22:04:35 INFO  ren0 [PMMFocalGuidingIntegrator] Octree[
AABB: AABB3[min=[-21.7494, -3.70393, -3.09172], max=[7.19249, 11.2965, 6.96201]]
Nodes count: 348
]
2025-03-15 22:04:35 INFO  ren0 [PMMFocalGuidingIntegrator] Rendering 5 iteration
2025-03-15 22:04:35 INFO  ren0 [SamplingIntegrator] Starting render job (1280x720, 4 samples, 8 cores, SSE2 enabled) ..
2025-03-15 22:06:01 INFO  ren0 [PMMFocalGuidingIntegrator] iteration render time: 1.4413m
2025-03-15 22:06:01 INFO  ren0 [PMMFocalGuidingIntegrator] Got 129968 non-zero samples and 0 zero samples
2025-03-15 22:06:30 INFO  ren0 [gaussian_mixture_model.h:126] Components accumulated weight is: 1.000000
2025-03-15 22:06:30 INFO  ren0 [gaussian_mixture_model.h:173] exp(-dist) between 0 and 1 is 0.317873
2025-03-15 22:06:30 INFO  ren0 [gaussian_mixture_model.h:173] exp(-dist) between 0 and 2 is 0.221846
2025-03-15 22:06:30 INFO  ren0 [gaussian_mixture_model.h:173] exp(-dist) between 0 and 3 is 0.748988
2025-03-15 22:06:30 INFO  ren0 [gaussian_mixture_model.h:173] exp(-dist) between 0 and 5 is 0.566120
2025-03-15 22:06:30 INFO  ren0 [gaussian_mixture_model.h:173] exp(-dist) between 0 and 6 is 0.128814
2025-03-15 22:06:30 INFO  ren0 [gaussian_mixture_model.h:173] exp(-dist) between 0 and 7 is 0.073052
2025-03-15 22:06:30 INFO  ren0 [gaussian_mixture_model.h:173] exp(-dist) between 0 and 9 is 0.194080
2025-03-15 22:06:30 INFO  ren0 [gaussian_mixture_model.h:173] exp(-dist) between 1 and 2 is 0.013510
2025-03-15 22:06:30 INFO  ren0 [gaussian_mixture_model.h:173] exp(-dist) between 1 and 3 is 0.105528
2025-03-15 22:06:30 INFO  ren0 [gaussian_mixture_model.h:173] exp(-dist) between 1 and 5 is 0.059050
2025-03-15 22:06:30 INFO  ren0 [gaussian_mixture_model.h:173] exp(-dist) between 1 and 6 is 0.235573
2025-03-15 22:06:30 INFO  ren0 [gaussian_mixture_model.h:173] exp(-dist) between 1 and 7 is 0.018568
2025-03-15 22:06:30 INFO  ren0 [gaussian_mixture_model.h:173] exp(-dist) between 1 and 9 is 0.707981
2025-03-15 22:06:30 INFO  ren0 [gaussian_mixture_model.h:173] exp(-dist) between 2 and 3 is 0.597737
2025-03-15 22:06:30 INFO  ren0 [gaussian_mixture_model.h:173] exp(-dist) between 2 and 5 is 0.779406
2025-03-15 22:06:30 INFO  ren0 [gaussian_mixture_model.h:173] exp(-dist) between 2 and 6 is 0.007226
2025-03-15 22:06:30 INFO  ren0 [gaussian_mixture_model.h:173] exp(-dist) between 2 and 7 is 0.135891
2025-03-15 22:06:30 INFO  ren0 [gaussian_mixture_model.h:173] exp(-dist) between 2 and 9 is 0.015831
2025-03-15 22:06:30 INFO  ren0 [gaussian_mixture_model.h:173] exp(-dist) between 3 and 5 is 0.951632
2025-03-15 22:06:30 INFO  ren0 [gaussian_mixture_model.h:173] exp(-dist) between 3 and 6 is 0.055136
2025-03-15 22:06:30 INFO  ren0 [gaussian_mixture_model.h:173] exp(-dist) between 3 and 7 is 0.123057
2025-03-15 22:06:30 INFO  ren0 [gaussian_mixture_model.h:173] exp(-dist) between 3 and 9 is 0.086377
2025-03-15 22:06:30 INFO  ren0 [gaussian_mixture_model.h:173] exp(-dist) between 5 and 6 is 0.031737
2025-03-15 22:06:30 INFO  ren0 [gaussian_mixture_model.h:173] exp(-dist) between 5 and 7 is 0.135455
2025-03-15 22:06:30 INFO  ren0 [gaussian_mixture_model.h:173] exp(-dist) between 5 and 9 is 0.053722
2025-03-15 22:06:30 INFO  ren0 [gaussian_mixture_model.h:173] exp(-dist) between 6 and 7 is 0.081300
2025-03-15 22:06:30 INFO  ren0 [gaussian_mixture_model.h:173] exp(-dist) between 6 and 9 is 0.364146
2025-03-15 22:06:30 INFO  ren0 [gaussian_mixture_model.h:173] exp(-dist) between 7 and 9 is 0.046480
2025-03-15 22:06:30 INFO  ren0 [gaussian_mixture_model.h:180] components before the merge: 8
2025-03-15 22:06:30 INFO  ren0 [gaussian_mixture_model.h:183] Merging 5 and 3, because their BC is 0.951632
2025-03-15 22:06:30 INFO  ren0 [gaussian_mixture_model.h:183] Merging 9 and 1, because their BC is 0.707981
2025-03-15 22:06:30 INFO  ren0 [gaussian_mixture_model.h:183] Merging 5 and 2, because their BC is 0.704131
2025-03-15 22:06:30 INFO  ren0 [gaussian_mixture_model.h:183] Merging 5 and 0, because their BC is 0.555169
2025-03-15 22:06:30 INFO  ren0 [gaussian_mixture_model.h:183] Merging 9 and 6, because their BC is 0.345322
2025-03-15 22:06:30 INFO  ren0 [gaussian_mixture_model.h:200] components after the merge: 3, merged 5 component
2025-03-15 22:06:30 INFO  ren0 [gaussian_mixture_model.h:237] Ratio is 7.154179
2025-03-15 22:06:30 INFO  ren0 [gaussian_mixture_model.h:237] Ratio is 2.538453
2025-03-15 22:06:30 INFO  ren0 [gaussian_mixture_model.h:237] Ratio is 2.884085
2025-03-15 22:06:30 INFO  ren0 [gaussian_mixture_model.h:237] Ratio is 3.975700
2025-03-15 22:06:30 INFO  ren0 [gaussian_mixture_model.h:237] Ratio is 3.975700
2025-03-15 22:06:30 INFO  ren0 [gaussian_mixture_model.h:218] components after the split: 4, split 1 components
2025-03-15 22:06:30 INFO  ren0 [octree.h:482] root weight: 1.574e+05 (157391.546875)
2025-03-15 22:06:30 INFO  ren0 [octree.h:483] splitting threshold: 1.574e+02 (157.391556)
2025-03-15 22:06:30 INFO  ren0 [octree.h:482] root weight: 1.313e+05 (131283.562500)
2025-03-15 22:06:30 INFO  ren0 [octree.h:483] splitting threshold: 1.313e+02 (131.283569)
2025-03-15 22:06:30 INFO  ren0 [octree.h:498] node count: 527 -> 550 -> 543

2025-03-15 22:06:30 INFO  ren0 [octree.h:498] node count: 348 -> 351 -> 332

2025-03-15 22:06:30 INFO  ren0 [PMMFocalGuidingIntegrator] diverge probability: 0.455

2025-03-15 22:06:30 INFO  ren0 [PMMFocalGuidingIntegrator] iteration postprocessing time: 28.6736s
2025-03-15 22:06:30 INFO  ren0 [PMMFocalGuidingIntegrator] GMM[
weight = 0.0169791 mean = [-7.5149 8.65596 0.762841] covariance = [[7.60821 0.702794 -0.000568571][0.702794 2.32776 -0.743361][-0.000568571 -0.743361 8.44884]]
weight = 0.0169791 mean = [-3.64377 9.10242 1.20263] covariance = [[7.60821 0.702794 -0.000568571][0.702794 2.32776 -0.743361][-0.000568571 -0.743361 8.44884]]
weight = 0.948241 mean = [0.968091 2.18603 -0.18309] covariance = [[14.3608 -0.876866 0.440714][-0.876866 5.90879 -0.355782][0.440714 -0.355782 6.56115]]
weight = 0.017801 mean = [-14.3087 2.3959 2.01166] covariance = [[11.4703 -5.15857 -0.343119][-5.15857 17.635 2.18546][-0.343119 2.18546 8.03611]]
]
2025-03-15 22:06:30 INFO  ren0 [PMMFocalGuidingIntegrator] Octree[
AABB: AABB3[min=[-21.7494, -3.70393, -3.09172], max=[7.19249, 11.2965, 6.96201]]
Nodes count: 543
]
2025-03-15 22:06:30 INFO  ren0 [PMMFocalGuidingIntegrator] Octree[
AABB: AABB3[min=[-21.7494, -3.70393, -3.09172], max=[7.19249, 11.2965, 6.96201]]
Nodes count: 332
]
2025-03-15 22:06:30 INFO  ren0 [PMMFocalGuidingIntegrator] Rendering 6 iteration
2025-03-15 22:06:30 INFO  ren0 [SamplingIntegrator] Starting render job (1280x720, 4 samples, 8 cores, SSE2 enabled) ..
2025-03-15 22:07:56 INFO  ren0 [PMMFocalGuidingIntegrator] iteration render time: 1.4353m
2025-03-15 22:07:56 INFO  ren0 [PMMFocalGuidingIntegrator] Got 148938 non-zero samples and 0 zero samples
2025-03-15 22:08:13 INFO  ren0 [gaussian_mixture_model.h:126] Components accumulated weight is: 1.000000
2025-03-15 22:08:13 INFO  ren0 [gaussian_mixture_model.h:173] exp(-dist) between 0 and 5 is 0.742194
2025-03-15 22:08:13 INFO  ren0 [gaussian_mixture_model.h:173] exp(-dist) between 0 and 7 is 0.111206
2025-03-15 22:08:13 INFO  ren0 [gaussian_mixture_model.h:173] exp(-dist) between 0 and 9 is 0.246740
2025-03-15 22:08:13 INFO  ren0 [gaussian_mixture_model.h:173] exp(-dist) between 5 and 7 is 0.138952
2025-03-15 22:08:13 INFO  ren0 [gaussian_mixture_model.h:173] exp(-dist) between 5 and 9 is 0.072986
2025-03-15 22:08:13 INFO  ren0 [gaussian_mixture_model.h:173] exp(-dist) between 7 and 9 is 0.086688
2025-03-15 22:08:13 INFO  ren0 [gaussian_mixture_model.h:180] components before the merge: 4
2025-03-15 22:08:13 INFO  ren0 [gaussian_mixture_model.h:183] Merging 5 and 0, because their BC is 0.742194
2025-03-15 22:08:13 INFO  ren0 [gaussian_mixture_model.h:200] components after the merge: 3, merged 1 component
2025-03-15 22:08:13 INFO  ren0 [gaussian_mixture_model.h:237] Ratio is 7.216540
2025-03-15 22:08:13 INFO  ren0 [gaussian_mixture_model.h:237] Ratio is 2.525580
2025-03-15 22:08:13 INFO  ren0 [gaussian_mixture_model.h:237] Ratio is 3.068778
2025-03-15 22:08:13 INFO  ren0 [gaussian_mixture_model.h:237] Ratio is 4.031444
2025-03-15 22:08:13 INFO  ren0 [gaussian_mixture_model.h:237] Ratio is 4.031444
2025-03-15 22:08:13 INFO  ren0 [gaussian_mixture_model.h:237] Ratio is 3.608270
2025-03-15 22:08:13 INFO  ren0 [gaussian_mixture_model.h:237] Ratio is 3.608270
2025-03-15 22:08:13 INFO  ren0 [gaussian_mixture_model.h:237] Ratio is 3.608270
2025-03-15 22:08:13 INFO  ren0 [gaussian_mixture_model.h:237] Ratio is 3.608270
2025-03-15 22:08:13 INFO  ren0 [gaussian_mixture_model.h:218] components after the split: 6, split 3 components
2025-03-15 22:08:13 INFO  ren0 [octree.h:482] root weight: 1.633e+05 (163290.250000)
2025-03-15 22:08:13 INFO  ren0 [octree.h:483] splitting threshold: 1.633e+02 (163.290253)
2025-03-15 22:08:13 INFO  ren0 [octree.h:482] root weight: 1.375e+05 (137531.468750)
2025-03-15 22:08:13 INFO  ren0 [octree.h:483] splitting threshold: 1.375e+02 (137.531479)
2025-03-15 22:08:13 INFO  ren0 [octree.h:498] node count: 543 -> 557 -> 545

2025-03-15 22:08:13 INFO  ren0 [octree.h:498] node count: 332 -> 335 -> 329

2025-03-15 22:08:13 INFO  ren0 [PMMFocalGuidingIntegrator] diverge probability: 0.457

2025-03-15 22:08:13 INFO  ren0 [PMMFocalGuidingIntegrator] iteration postprocessing time: 16.5460s
2025-03-15 22:08:13 INFO  ren0 [PMMFocalGuidingIntegrator] GMM[
weight = 0.00844473 mean = [-7.04984 8.79524 -0.597557] covariance = [[7.589 0.732226 0.386856][0.732226 2.27542 -0.226731][0.386856 -0.226731 4.31654]]
weight = 0.00844473 mean = [-3.42327 8.88731 2.70696] covariance = [[7.589 0.732226 0.386856][0.732226 2.27542 -0.226731][0.386856 -0.226731 4.31654]]
weight = 0.00844473 mean = [-7.30016 8.38329 2.30043] covariance = [[7.589 0.732226 0.386856][0.732226 2.27542 -0.226731][0.386856 -0.226731 4.31654]]
weight = 0.00844473 mean = [-3.17295 9.29926 -0.191034] covariance = [[7.589 0.732226 0.386856][0.732226 2.27542 -0.226731][0.386856 -0.226731 4.31654]]
weight = 0.945904 mean = [1.02326 2.16402 -0.29545] covariance = [[13.4655 -0.974095 0.582983][-0.974095 5.59058 -0.337183][0.582983 -0.337183 6.41365]]
weight = 0.0203169 mean = [-13.6857 2.32132 2.05969] covariance = [[13.0555 -5.92967 0.296575][-5.92967 18.0553 1.0677][0.296575 1.0677 7.57443]]
]
2025-03-15 22:08:13 INFO  ren0 [PMMFocalGuidingIntegrator] Octree[
AABB: AABB3[min=[-21.7494, -3.70393, -3.09172], max=[7.19249, 11.2965, 6.96201]]
Nodes count: 545
]
2025-03-15 22:08:13 INFO  ren0 [PMMFocalGuidingIntegrator] Octree[
AABB: AABB3[min=[-21.7494, -3.70393, -3.09172], max=[7.19249, 11.2965, 6.96201]]
Nodes count: 329
]
2025-03-15 22:08:13 INFO  ren0 [PMMFocalGuidingIntegrator] Rendering 7 iteration
2025-03-15 22:08:13 INFO  ren0 [SamplingIntegrator] Starting render job (1280x720, 4 samples, 8 cores, SSE2 enabled) ..
2025-03-15 22:09:41 INFO  ren0 [PMMFocalGuidingIntegrator] iteration render time: 1.4694m
2025-03-15 22:09:41 INFO  ren0 [PMMFocalGuidingIntegrator] Got 169512 non-zero samples and 0 zero samples
2025-03-15 22:10:09 INFO  ren0 [gaussian_mixture_model.h:126] Components accumulated weight is: 1.000000
2025-03-15 22:10:09 INFO  ren0 [gaussian_mixture_model.h:173] exp(-dist) between 0 and 1 is 0.547705
2025-03-15 22:10:09 INFO  ren0 [gaussian_mixture_model.h:173] exp(-dist) between 0 and 2 is 0.740500
2025-03-15 22:10:09 INFO  ren0 [gaussian_mixture_model.h:173] exp(-dist) between 0 and 5 is 0.741778
2025-03-15 22:10:09 INFO  ren0 [gaussian_mixture_model.h:173] exp(-dist) between 0 and 7 is 0.110743
2025-03-15 22:10:09 INFO  ren0 [gaussian_mixture_model.h:173] exp(-dist) between 0 and 9 is 0.183273
2025-03-15 22:10:09 INFO  ren0 [gaussian_mixture_model.h:173] exp(-dist) between 1 and 2 is 0.749598
2025-03-15 22:10:09 INFO  ren0 [gaussian_mixture_model.h:173] exp(-dist) between 1 and 5 is 0.720645
2025-03-15 22:10:09 INFO  ren0 [gaussian_mixture_model.h:173] exp(-dist) between 1 and 7 is 0.116804
2025-03-15 22:10:09 INFO  ren0 [gaussian_mixture_model.h:173] exp(-dist) between 1 and 9 is 0.088768
2025-03-15 22:10:09 INFO  ren0 [gaussian_mixture_model.h:173] exp(-dist) between 2 and 5 is 0.565426
2025-03-15 22:10:09 INFO  ren0 [gaussian_mixture_model.h:173] exp(-dist) between 2 and 7 is 0.096061
2025-03-15 22:10:09 INFO  ren0 [gaussian_mixture_model.h:173] exp(-dist) between 2 and 9 is 0.279096
2025-03-15 22:10:09 INFO  ren0 [gaussian_mixture_model.h:173] exp(-dist) between 5 and 7 is 0.134357
2025-03-15 22:10:09 INFO  ren0 [gaussian_mixture_model.h:173] exp(-dist) between 5 and 9 is 0.062138
2025-03-15 22:10:09 INFO  ren0 [gaussian_mixture_model.h:173] exp(-dist) between 7 and 9 is 0.100052
2025-03-15 22:10:09 INFO  ren0 [gaussian_mixture_model.h:180] components before the merge: 6
2025-03-15 22:10:09 INFO  ren0 [gaussian_mixture_model.h:183] Merging 2 and 1, because their BC is 0.749598
2025-03-15 22:10:09 INFO  ren0 [gaussian_mixture_model.h:183] Merging 5 and 0, because their BC is 0.741778
2025-03-15 22:10:09 INFO  ren0 [gaussian_mixture_model.h:183] Merging 5 and 2, because their BC is 0.730682
2025-03-15 22:10:09 INFO  ren0 [gaussian_mixture_model.h:200] components after the merge: 3, merged 3 component
2025-03-15 22:10:09 INFO  ren0 [gaussian_mixture_model.h:237] Ratio is 6.989671
2025-03-15 22:10:09 INFO  ren0 [gaussian_mixture_model.h:237] Ratio is 2.530145
2025-03-15 22:10:09 INFO  ren0 [gaussian_mixture_model.h:237] Ratio is 3.290181
2025-03-15 22:10:09 INFO  ren0 [gaussian_mixture_model.h:237] Ratio is 3.494836
2025-03-15 22:10:09 INFO  ren0 [gaussian_mixture_model.h:237] Ratio is 3.494836
2025-03-15 22:10:09 INFO  ren0 [gaussian_mixture_model.h:218] components after the split: 4, split 1 components
2025-03-15 22:10:09 INFO  ren0 [octree.h:482] root weight: 1.788e+05 (178794.000000)
2025-03-15 22:10:09 INFO  ren0 [octree.h:483] splitting threshold: 1.788e+02 (178.794006)
2025-03-15 22:10:09 INFO  ren0 [octree.h:482] root weight: 1.419e+05 (141911.078125)
2025-03-15 22:10:09 INFO  ren0 [octree.h:483] splitting threshold: 1.419e+02 (141.911087)
2025-03-15 22:10:09 INFO  ren0 [octree.h:498] node count: 545 -> 556 -> 554

2025-03-15 22:10:09 INFO  ren0 [octree.h:498] node count: 329 -> 331 -> 329

2025-03-15 22:10:09 INFO  ren0 [PMMFocalGuidingIntegrator] diverge probability: 0.442

2025-03-15 22:10:09 INFO  ren0 [PMMFocalGuidingIntegrator] iteration postprocessing time: 28.0773s
2025-03-15 22:10:09 INFO  ren0 [PMMFocalGuidingIntegrator] GMM[
weight = 0.0169818 mean = [-6.83263 8.53701 0.876884] covariance = [[7.39828 0.784557 0.10548][0.784557 2.36356 -0.692437][0.10548 -0.692437 7.42394]]
weight = 0.0169818 mean = [-3.01232 9.06438 1.28] covariance = [[7.39828 0.784557 0.10548][0.784557 2.36356 -0.692437][0.10548 -0.692437 7.42394]]
weight = 0.943003 mean = [1.06727 2.14899 -0.393244] covariance = [[12.7124 -1.05876 0.696998][-1.05876 5.30492 -0.312576][0.696998 -0.312576 6.27312]]
weight = 0.0230333 mean = [-13.0331 2.21215 2.12268] covariance = [[14.6535 -6.55338 0.890853][-6.55338 17.9416 0.362156][0.890853 0.362156 7.35046]]
]
2025-03-15 22:10:09 INFO  ren0 [PMMFocalGuidingIntegrator] Octree[
AABB: AABB3[min=[-21.7494, -3.70393, -3.09172], max=[7.19249, 11.2965, 6.96201]]
Nodes count: 554
]
2025-03-15 22:10:09 INFO  ren0 [PMMFocalGuidingIntegrator] Octree[
AABB: AABB3[min=[-21.7494, -3.70393, -3.09172], max=[7.19249, 11.2965, 6.96201]]
Nodes count: 329
]
2025-03-15 22:10:09 INFO  ren0 [PMMFocalGuidingIntegrator] Finished training phase. Starting real rendering.
2025-03-15 22:10:09 INFO  ren0 [PMMFocalGuidingIntegrator] Starting render job (1280x720, 4 samples, 8 cores, SSE2 enabled) ..
2025-03-15 22:10:24 INFO  wrk3 [PMMFocalGuidingIntegrator] hit luminaire, value = [1e+07, 1e+07, 1e+07]
2025-03-15 22:11:33 INFO  ren0 [PMMFocalGuidingIntegrator] rendered 4 samples per pixel in 1.4077m.
2025-03-15 22:11:33 INFO  ren0 [RenderJob] Render time: 14.9435m
2025-03-15 22:11:33 INFO  ren0 [PMMFocalGuidingIntegrator] iteration render time: 1.4078m
2025-03-15 22:11:33 INFO  ren0 [PMMFocalGuidingIntegrator] GMM[
weight = 0.0169818 mean = [-6.83263 8.53701 0.876884] covariance = [[7.39828 0.784557 0.10548][0.784557 2.36356 -0.692437][0.10548 -0.692437 7.42394]]
weight = 0.0169818 mean = [-3.01232 9.06438 1.28] covariance = [[7.39828 0.784557 0.10548][0.784557 2.36356 -0.692437][0.10548 -0.692437 7.42394]]
weight = 0.943003 mean = [1.06727 2.14899 -0.393244] covariance = [[12.7124 -1.05876 0.696998][-1.05876 5.30492 -0.312576][0.696998 -0.312576 6.27312]]
weight = 0.0230333 mean = [-13.0331 2.21215 2.12268] covariance = [[14.6535 -6.55338 0.890853][-6.55338 17.9416 0.362156][0.890853 0.362156 7.35046]]
]
2025-03-15 22:11:33 INFO  ren0 [HDRFilm] Writing image to "/home/julia/PBRT/PMM_focal_guiding/mitsuba/dist/../../scenes/modern-hall/modern-hall.exr" ..
2025-03-15 22:11:33 INFO  main [statistics.cpp:142] Statistics:
------------------------------------------------------------
 * Loaded plugins :
    -  plugins/area.so [Area light]
    -  plugins/bitmap.so [Bitmap texture]
    -  plugins/box.so [Box filter]
    -  plugins/cube.so [Cube intersection primitive]
    -  plugins/dielectric.so [Smooth dielectric BSDF]
    -  plugins/difftrans.so [Diffuse transmitter]
    -  plugins/diffuse.so [Smooth diffuse BRDF]
    -  plugins/hdrfilm.so [High dynamic range film]
    -  plugins/homogeneous.so [Homogeneous medium]
    -  plugins/independent.so [Independent sampler]
    -  plugins/isotropic.so [Isotropic phase function]
    -  plugins/lanczos.so [Lanczos Sinc filter]
    -  plugins/obj.so [OBJ triangle mesh loader]
    -  plugins/perspective.so [Perspective camera]
    -  plugins/pmm_focal_guiding.so [PMM focal guiding path tracer]
    -  plugins/rectangle.so [Rectangle intersection primitive]
    -  plugins/roughconductor.so [Rough conductor BRDF]
    -  plugins/roughplastic.so [Rough plastic BRDF]
    -  plugins/twosided.so [Two-sided BRDF adapter]

  * General :
    -  Normal rays traced : 13.662 M
    -  Shadow rays traced : 8.147 M

  * Path tracer :
    -  Average path length : 3.45 (12.70 M / 3.69 M)
    -  Sampled from Converging : 3.037 M
    -  Sampled from Diverging : 2.410 M
    -  Sampled from GMM : 5.448 M

  * Texture system :
    -  Filtered texture lookups : 30.64 % (923.39 K of 3.01 M)
------------------------------------------------------------
