2025-03-15 22:29:23 INFO  main [mitsuba.cpp:274] Mitsuba version 0.6.0 (Linux, 64 bit), Copyright (c) 2017 Wenzel Jakob
2025-03-15 22:29:23 INFO  main [mitsuba.cpp:377] Parsing scene description from "../../scenes/modern-hall/modern-hall.xml" ..
2025-03-15 22:29:23 INFO  main [scenehandler.cpp:675] In file "/home/julia/PBRT/PMM_focal_guiding/mitsuba/dist/../../scenes/modern-hall/modern-hall.xml" (near line 20): Parsing included file "pmm_focal_guiding.xml" ..
2025-03-15 22:29:23 INFO  main [PluginManager] Loading plugin "plugins/pmm_focal_guiding.so" ..
2025-03-15 22:29:23 INFO  main [octree.h:482] root weight: 8.000e-20 (0.000000)
2025-03-15 22:29:23 INFO  main [octree.h:483] splitting threshold: 8.000e-23 (0.000000)
2025-03-15 22:29:23 INFO  main [octree.h:498] node count: 1 -> 585 -> 585

2025-03-15 22:29:23 INFO  main [octree.h:482] root weight: 8.000e-20 (0.000000)
2025-03-15 22:29:23 INFO  main [octree.h:483] splitting threshold: 8.000e-23 (0.000000)
2025-03-15 22:29:23 INFO  main [octree.h:498] node count: 1 -> 585 -> 585

2025-03-15 22:29:23 INFO  main [pmm_focal_guiding.cpp:109] Will save the GMM to file in directory ../scenes/modern-hall
2025-03-15 22:29:23 INFO  main [PMMFocalGuidingIntegrator] GMM params: alpha = 0.250000, split_th = 4.000000, merge_th = 0.700000, min_num_comp = 3, max_num_comp = 10
2025-03-15 22:29:23 INFO  main [PMMFocalGuidingIntegrator] iterationCount: 8
2025-03-15 22:29:23 INFO  main [PMMFocalGuidingIntegrator] PMMFocalGuidingIntegrator
  maxDepth = 40,
  rrDepth = 14,
  strictNormals = 1
  gmm = GMM[
]
]
2025-03-15 22:29:23 WARN  main [scenehandler.cpp:795] In file "/home/julia/PBRT/PMM_focal_guiding/mitsuba/dist/../../scenes/modern-hall/../_integrators/pmm_focal_guiding.xml" (near line 50): Unqueried attribute "budget" in element "integrator"
2025-03-15 22:29:23 WARN  main [scenehandler.cpp:795] In file "/home/julia/PBRT/PMM_focal_guiding/mitsuba/dist/../../scenes/modern-hall/../_integrators/pmm_focal_guiding.xml" (near line 50): Unqueried attribute "dumpPrimaryRays" in element "integrator"
2025-03-15 22:29:23 WARN  main [scenehandler.cpp:795] In file "/home/julia/PBRT/PMM_focal_guiding/mitsuba/dist/../../scenes/modern-hall/../_integrators/pmm_focal_guiding.xml" (near line 50): Unqueried attribute "dumpScene" in element "integrator"
2025-03-15 22:29:23 WARN  main [scenehandler.cpp:795] In file "/home/julia/PBRT/PMM_focal_guiding/mitsuba/dist/../../scenes/modern-hall/../_integrators/pmm_focal_guiding.xml" (near line 50): Unqueried attribute "normalBinning" in element "integrator"
2025-03-15 22:29:23 WARN  main [scenehandler.cpp:795] In file "/home/julia/PBRT/PMM_focal_guiding/mitsuba/dist/../../scenes/modern-hall/../_integrators/pmm_focal_guiding.xml" (near line 50): Unqueried attribute "samplingMode" in element "integrator"
2025-03-15 22:29:23 WARN  main [scenehandler.cpp:795] In file "/home/julia/PBRT/PMM_focal_guiding/mitsuba/dist/../../scenes/modern-hall/../_integrators/pmm_focal_guiding.xml" (near line 50): Unqueried attribute "unboundedSplatting" in element "integrator"
2025-03-15 22:29:23 WARN  main [scenehandler.cpp:795] In file "/home/julia/PBRT/PMM_focal_guiding/mitsuba/dist/../../scenes/modern-hall/../_integrators/pmm_focal_guiding.xml" (near line 51): Unqueried attribute "saveGMMDirectory" in element "scene"
2025-03-15 22:29:23 INFO  main [PluginManager] Loading plugin "plugins/independent.so" ..
2025-03-15 22:29:23 INFO  main [PluginManager] Loading plugin "plugins/box.so" ..
2025-03-15 22:29:23 INFO  main [PluginManager] Loading plugin "plugins/hdrfilm.so" ..
2025-03-15 22:29:23 INFO  main [PluginManager] Loading plugin "plugins/perspective.so" ..
2025-03-15 22:29:23 INFO  main [PluginManager] Loading plugin "plugins/dielectric.so" ..
2025-03-15 22:29:23 INFO  main [PluginManager] Loading plugin "plugins/bitmap.so" ..
2025-03-15 22:29:23 INFO  main [BitmapTexture] Loading texture "wood5.jpg"
2025-03-15 22:29:23 INFO  main [MIPMap] Mapped MIP map cache file "/home/julia/PBRT/PMM_focal_guiding/mitsuba/dist/../../scenes/modern-hall/textures/wood5.mip" into memory (14.7 MiB).
2025-03-15 22:29:23 INFO  main [PluginManager] Loading plugin "plugins/roughplastic.so" ..
2025-03-15 22:29:23 INFO  main [PluginManager] Loading plugin "plugins/twosided.so" ..
2025-03-15 22:29:23 INFO  main [BitmapTexture] Loading texture "Tiles.jpg"
2025-03-15 22:29:23 INFO  main [PluginManager] Loading plugin "plugins/lanczos.so" ..
2025-03-15 22:29:23 INFO  main [PluginManager] Loading plugin "plugins/diffuse.so" ..
2025-03-15 22:29:23 INFO  main [BitmapTexture] Loading texture "Wallpaper.jpg"
2025-03-15 22:29:23 INFO  main [PluginManager] Loading plugin "plugins/roughconductor.so" ..
2025-03-15 22:29:23 INFO  main [spectrum.cpp:599] "Cu.eta.spd": loaded a spectral power distribution with 55 entries (between 302.400421 and 885.601257 nm)
2025-03-15 22:29:23 INFO  main [spectrum.cpp:599] "Cu.k.spd": loaded a spectral power distribution with 55 entries (between 302.400421 and 885.601257 nm)
2025-03-15 22:29:23 INFO  main [spectrum.cpp:599] "Cu.eta.spd": loaded a spectral power distribution with 55 entries (between 302.400421 and 885.601257 nm)
2025-03-15 22:29:23 INFO  main [spectrum.cpp:599] "Cu.k.spd": loaded a spectral power distribution with 55 entries (between 302.400421 and 885.601257 nm)
2025-03-15 22:29:23 INFO  main [PluginManager] Loading plugin "plugins/difftrans.so" ..
2025-03-15 22:29:23 INFO  main [PluginManager] Loading plugin "plugins/area.so" ..
2025-03-15 22:29:23 INFO  main [PluginManager] Loading plugin "plugins/rectangle.so" ..
2025-03-15 22:29:23 INFO  main [PluginManager] Loading plugin "plugins/cube.so" ..
2025-03-15 22:29:24 INFO  main [PluginManager] Loading plugin "plugins/obj.so" ..
2025-03-15 22:29:24 INFO  main [WavefrontOBJ] Loading geometry from "Mesh008.obj" ..
2025-03-15 22:29:24 INFO  main [WavefrontOBJ] Mesh008: 5184 triangles, 2664 vertices (merged 12888 vertices).
2025-03-15 22:29:24 INFO  main [WavefrontOBJ] Done with "Mesh008.obj" (took 41 ms)
2025-03-15 22:29:24 INFO  main [WavefrontOBJ] Loading geometry from "Mesh004.obj" ..
2025-03-15 22:29:24 INFO  main [WavefrontOBJ] Mesh004: 5184 triangles, 2664 vertices (merged 12888 vertices).
2025-03-15 22:29:24 INFO  main [WavefrontOBJ] Done with "Mesh004.obj" (took 37 ms)
2025-03-15 22:29:24 INFO  main [WavefrontOBJ] Loading geometry from "Mesh003.obj" ..
2025-03-15 22:29:24 INFO  main [WavefrontOBJ] Mesh003: 5184 triangles, 2664 vertices (merged 12888 vertices).
2025-03-15 22:29:24 INFO  main [WavefrontOBJ] Done with "Mesh003.obj" (took 46 ms)
2025-03-15 22:29:24 INFO  main [WavefrontOBJ] Loading geometry from "Mesh006.obj" ..
2025-03-15 22:29:24 INFO  main [WavefrontOBJ] Mesh006: 5184 triangles, 2664 vertices (merged 12888 vertices).
2025-03-15 22:29:24 INFO  main [WavefrontOBJ] Done with "Mesh006.obj" (took 42 ms)
2025-03-15 22:29:24 INFO  main [WavefrontOBJ] Loading geometry from "Mesh012.obj" ..
2025-03-15 22:29:24 INFO  main [WavefrontOBJ] Mesh012: 444 triangles, 882 vertices (merged 450 vertices).
2025-03-15 22:29:24 INFO  main [WavefrontOBJ] Done with "Mesh012.obj" (took 8 ms)
2025-03-15 22:29:24 INFO  main [WavefrontOBJ] Loading geometry from "Mesh013.obj" ..
2025-03-15 22:29:24 INFO  main [WavefrontOBJ] Mesh013: 5184 triangles, 2664 vertices (merged 12888 vertices).
2025-03-15 22:29:24 INFO  main [WavefrontOBJ] Done with "Mesh013.obj" (took 37 ms)
2025-03-15 22:29:24 INFO  main [WavefrontOBJ] Loading geometry from "Mesh010.obj" ..
2025-03-15 22:29:24 INFO  main [WavefrontOBJ] Mesh010: 32 triangles, 60 vertices (merged 36 vertices).
2025-03-15 22:29:24 INFO  main [WavefrontOBJ] Done with "Mesh010.obj" (took 0 ms)
2025-03-15 22:29:24 INFO  main [WavefrontOBJ] Loading geometry from "Mesh015.obj" ..
2025-03-15 22:29:24 INFO  main [WavefrontOBJ] Mesh015: 32 triangles, 60 vertices (merged 36 vertices).
2025-03-15 22:29:24 INFO  main [WavefrontOBJ] Done with "Mesh015.obj" (took 0 ms)
2025-03-15 22:29:24 INFO  main [WavefrontOBJ] Loading geometry from "Mesh002.obj" ..
2025-03-15 22:29:24 INFO  main [WavefrontOBJ] Mesh002: 32 triangles, 60 vertices (merged 36 vertices).
2025-03-15 22:29:24 INFO  main [WavefrontOBJ] Done with "Mesh002.obj" (took 0 ms)
2025-03-15 22:29:24 INFO  main [WavefrontOBJ] Loading geometry from "Mesh007.obj" ..
2025-03-15 22:29:24 INFO  main [WavefrontOBJ] Mesh007: 32 triangles, 60 vertices (merged 36 vertices).
2025-03-15 22:29:24 INFO  main [WavefrontOBJ] Done with "Mesh007.obj" (took 0 ms)
2025-03-15 22:29:24 INFO  main [WavefrontOBJ] Loading geometry from "Mesh005.obj" ..
2025-03-15 22:29:24 INFO  main [WavefrontOBJ] Mesh005: 12 triangles, 20 vertices (merged 16 vertices).
2025-03-15 22:29:24 INFO  main [WavefrontOBJ] Done with "Mesh005.obj" (took 0 ms)
2025-03-15 22:29:24 INFO  main [WavefrontOBJ] Loading geometry from "Mesh016.obj" ..
2025-03-15 22:29:24 INFO  main [WavefrontOBJ] Mesh016: 120 triangles, 204 vertices (merged 156 vertices).
2025-03-15 22:29:24 INFO  main [WavefrontOBJ] Done with "Mesh016.obj" (took 1 ms)
2025-03-15 22:29:24 INFO  main [WavefrontOBJ] Loading geometry from "Mesh017.obj" ..
2025-03-15 22:29:24 INFO  main [WavefrontOBJ] Mesh017: 20 triangles, 40 vertices (merged 20 vertices).
2025-03-15 22:29:24 INFO  main [WavefrontOBJ] Done with "Mesh017.obj" (took 0 ms)
2025-03-15 22:29:24 INFO  main [WavefrontOBJ] Loading geometry from "Mesh018.obj" ..
2025-03-15 22:29:24 INFO  main [WavefrontOBJ] Mesh018: 2 triangles, 4 vertices (merged 2 vertices).
2025-03-15 22:29:24 INFO  main [WavefrontOBJ] Done with "Mesh018.obj" (took 0 ms)
2025-03-15 22:29:24 INFO  main [WavefrontOBJ] Loading geometry from "Mesh011.obj" ..
2025-03-15 22:29:24 INFO  main [WavefrontOBJ] Mesh011: 32 triangles, 30 vertices (merged 66 vertices).
2025-03-15 22:29:24 INFO  main [WavefrontOBJ] Done with "Mesh011.obj" (took 0 ms)
2025-03-15 22:29:24 INFO  main [PluginManager] Loading plugin "plugins/homogeneous.so" ..
2025-03-15 22:29:24 INFO  main [PluginManager] Loading plugin "plugins/isotropic.so" ..
2025-03-15 22:29:24 INFO  main [WavefrontOBJ] Loading geometry from "Mesh014.obj" ..
2025-03-15 22:29:24 INFO  main [WavefrontOBJ] Mesh014: 36 triangles, 72 vertices (merged 36 vertices).
2025-03-15 22:29:24 INFO  main [WavefrontOBJ] Done with "Mesh014.obj" (took 0 ms)
2025-03-15 22:29:24 INFO  main [WavefrontOBJ] Loading geometry from "Mesh001.obj" ..
2025-03-15 22:29:24 INFO  main [WavefrontOBJ] Mesh001: 924 triangles, 2016 vertices (merged 756 vertices).
2025-03-15 22:29:24 INFO  main [WavefrontOBJ] Done with "Mesh001.obj" (took 14 ms)
2025-03-15 22:29:24 INFO  main [WavefrontOBJ] Loading geometry from "Mesh000.obj" ..
2025-03-15 22:29:24 INFO  main [WavefrontOBJ] Mesh000: 3127 triangles, 2075 vertices (merged 7306 vertices).
2025-03-15 22:29:24 INFO  main [WavefrontOBJ] Done with "Mesh000.obj" (took 31 ms)
2025-03-15 22:29:24 INFO  main [WavefrontOBJ] Loading geometry from "Mesh009.obj" ..
2025-03-15 22:29:24 INFO  main [WavefrontOBJ] Mesh009: 146 triangles, 110 vertices (merged 328 vertices).
2025-03-15 22:29:24 INFO  main [WavefrontOBJ] Done with "Mesh009.obj" (took 2 ms)
2025-03-15 22:29:24 INFO  ren0 [KDTreeBase] Constructing a SAH kd-tree (30963 primitives) ..
2025-03-15 22:29:24 INFO  ren0 [KDTreeBase] Finished -- took 445 ms.
2025-03-15 22:29:24 INFO  ren0 [PMMFocalGuidingIntegrator] Starting preprocess
2025-03-15 22:29:24 INFO  ren0 [octree.h:482] root weight: 8.000e-20 (0.000000)
2025-03-15 22:29:24 INFO  ren0 [octree.h:483] splitting threshold: 8.000e-23 (0.000000)
2025-03-15 22:29:24 INFO  ren0 [octree.h:498] node count: 1 -> 585 -> 585

2025-03-15 22:29:24 INFO  ren0 [octree.h:482] root weight: 4.096e-17 (0.000000)
2025-03-15 22:29:24 INFO  ren0 [octree.h:483] splitting threshold: 4.096e-20 (0.000000)
2025-03-15 22:29:24 INFO  ren0 [octree.h:498] node count: 585 -> 585 -> 585

2025-03-15 22:29:24 INFO  ren0 [octree.h:482] root weight: 8.000e-20 (0.000000)
2025-03-15 22:29:24 INFO  ren0 [octree.h:483] splitting threshold: 8.000e-23 (0.000000)
2025-03-15 22:29:24 INFO  ren0 [octree.h:498] node count: 1 -> 585 -> 585

2025-03-15 22:29:24 INFO  ren0 [octree.h:482] root weight: 4.096e-17 (0.000000)
2025-03-15 22:29:24 INFO  ren0 [octree.h:483] splitting threshold: 4.096e-20 (0.000000)
2025-03-15 22:29:24 INFO  ren0 [octree.h:498] node count: 585 -> 585 -> 585

2025-03-15 22:29:24 INFO  ren0 [PMMFocalGuidingIntegrator] Octree[
AABB: AABB3[min=[-21.7494, -3.70393, -3.09172], max=[7.19249, 11.2965, 6.96201]]
Nodes count: 585
]
2025-03-15 22:29:24 INFO  ren0 [PMMFocalGuidingIntegrator] Octree[
AABB: AABB3[min=[-21.7494, -3.70393, -3.09172], max=[7.19249, 11.2965, 6.96201]]
Nodes count: 585
]
2025-03-15 22:29:24 INFO  ren0 [PMMFocalGuidingIntegrator] GMM[
weight = 0.166667 mean = [2.73374 7.45554 0.545871] covariance = [[1 0 0][0 1 0][0 0 1]]
weight = 0.166667 mean = [-19.3794 9.76974 -1.61874] covariance = [[1 0 0][0 1 0][0 0 1]]
weight = 0.166667 mean = [5.93675 1.25495 0.877663] covariance = [[1 0 0][0 1 0][0 0 1]]
weight = 0.166667 mean = [-12.4223 4.24343 2.49065] covariance = [[1 0 0][0 1 0][0 0 1]]
weight = 0.166667 mean = [-19.5237 -2.65069 3.02956] covariance = [[1 0 0][0 1 0][0 0 1]]
weight = 0.166667 mean = [4.86963 8.62527 -0.821853] covariance = [[1 0 0][0 1 0][0 0 1]]
]
2025-03-15 22:29:24 INFO  ren0 [PMMFocalGuidingIntegrator] Starting training... (8) iterations
2025-03-15 22:29:24 INFO  ren0 [PMMFocalGuidingIntegrator] Rendering 0 iteration
2025-03-15 22:29:24 INFO  ren0 [SamplingIntegrator] Starting render job (1280x720, 4 samples, 8 cores, SSE2 enabled) ..
2025-03-15 22:29:33 INFO  wrk1 [PMMFocalGuidingIntegrator] hit luminaire, value = [0, 0, 0]
2025-03-15 22:29:40 INFO  wrk7 [PMMFocalGuidingIntegrator] hit luminaire, value = [0, 0, 0]
2025-03-15 22:30:08 INFO  wrk7 [PMMFocalGuidingIntegrator] hit luminaire, value = [1e+07, 1e+07, 1e+07]
2025-03-15 22:30:38 INFO  ren0 [PMMFocalGuidingIntegrator] iteration render time: 1.2361m
2025-03-15 22:30:38 INFO  ren0 [PMMFocalGuidingIntegrator] Got 57416 non-zero samples and 0 zero samples
2025-03-15 22:30:50 INFO  ren0 [gaussian_mixture_model.h:126] Components accumulated weight is: 1.000000
2025-03-15 22:30:50 INFO  ren0 [gaussian_mixture_model.h:173] exp(-dist) between 0 and 1 is 0.014566
2025-03-15 22:30:50 INFO  ren0 [gaussian_mixture_model.h:173] exp(-dist) between 0 and 2 is 0.436141
2025-03-15 22:30:50 INFO  ren0 [gaussian_mixture_model.h:173] exp(-dist) between 0 and 3 is 0.563389
2025-03-15 22:30:50 INFO  ren0 [gaussian_mixture_model.h:173] exp(-dist) between 0 and 4 is 0.108388
2025-03-15 22:30:50 INFO  ren0 [gaussian_mixture_model.h:173] exp(-dist) between 0 and 5 is 0.416562
2025-03-15 22:30:50 INFO  ren0 [gaussian_mixture_model.h:173] exp(-dist) between 1 and 2 is 0.000491
2025-03-15 22:30:50 INFO  ren0 [gaussian_mixture_model.h:173] exp(-dist) between 1 and 3 is 0.359202
2025-03-15 22:30:50 INFO  ren0 [gaussian_mixture_model.h:173] exp(-dist) between 1 and 4 is 0.021074
2025-03-15 22:30:50 INFO  ren0 [gaussian_mixture_model.h:173] exp(-dist) between 1 and 5 is 0.000028
2025-03-15 22:30:50 INFO  ren0 [gaussian_mixture_model.h:173] exp(-dist) between 2 and 3 is 0.363755
2025-03-15 22:30:50 INFO  ren0 [gaussian_mixture_model.h:173] exp(-dist) between 2 and 4 is 0.057582
2025-03-15 22:30:50 INFO  ren0 [gaussian_mixture_model.h:173] exp(-dist) between 2 and 5 is 0.201742
2025-03-15 22:30:50 INFO  ren0 [gaussian_mixture_model.h:173] exp(-dist) between 3 and 4 is 0.333510
2025-03-15 22:30:50 INFO  ren0 [gaussian_mixture_model.h:173] exp(-dist) between 3 and 5 is 0.066474
2025-03-15 22:30:50 INFO  ren0 [gaussian_mixture_model.h:173] exp(-dist) between 4 and 5 is 0.000237
2025-03-15 22:30:50 INFO  ren0 [gaussian_mixture_model.h:180] components before the merge: 6
2025-03-15 22:30:50 INFO  ren0 [gaussian_mixture_model.h:183] Merging 3 and 0, because their BC is 0.563389
2025-03-15 22:30:50 INFO  ren0 [gaussian_mixture_model.h:200] components after the merge: 5, merged 1 component
2025-03-15 22:30:50 INFO  ren0 [gaussian_mixture_model.h:237] Ratio is 3.098790
2025-03-15 22:30:50 INFO  ren0 [gaussian_mixture_model.h:237] Ratio is 4.919776
2025-03-15 22:30:50 INFO  ren0 [gaussian_mixture_model.h:237] Ratio is 5.855543
2025-03-15 22:30:50 INFO  ren0 [gaussian_mixture_model.h:237] Ratio is 6.641477
2025-03-15 22:30:50 INFO  ren0 [gaussian_mixture_model.h:237] Ratio is 6.229017
2025-03-15 22:30:50 INFO  ren0 [gaussian_mixture_model.h:237] Ratio is 2.459888
2025-03-15 22:30:50 INFO  ren0 [gaussian_mixture_model.h:237] Ratio is 2.459888
2025-03-15 22:30:50 INFO  ren0 [gaussian_mixture_model.h:237] Ratio is 2.927771
2025-03-15 22:30:50 INFO  ren0 [gaussian_mixture_model.h:237] Ratio is 2.927771
2025-03-15 22:30:50 INFO  ren0 [gaussian_mixture_model.h:237] Ratio is 3.320738
2025-03-15 22:30:50 INFO  ren0 [gaussian_mixture_model.h:237] Ratio is 3.320738
2025-03-15 22:30:50 INFO  ren0 [gaussian_mixture_model.h:237] Ratio is 3.114509
2025-03-15 22:30:50 INFO  ren0 [gaussian_mixture_model.h:237] Ratio is 3.114509
2025-03-15 22:30:50 INFO  ren0 [gaussian_mixture_model.h:218] components after the split: 9, split 4 components
2025-03-15 22:30:50 INFO  ren0 [octree.h:482] root weight: 2.104e+05 (210413.890625)
2025-03-15 22:30:50 INFO  ren0 [octree.h:483] splitting threshold: 2.104e+02 (210.413895)
2025-03-15 22:30:50 INFO  ren0 [octree.h:482] root weight: 2.611e+05 (261146.125000)
2025-03-15 22:30:50 INFO  ren0 [octree.h:483] splitting threshold: 2.611e+02 (261.146149)
2025-03-15 22:30:50 INFO  ren0 [octree.h:498] node count: 585 -> 681 -> 497

2025-03-15 22:30:50 INFO  ren0 [octree.h:498] node count: 585 -> 630 -> 369

2025-03-15 22:30:50 INFO  ren0 [PMMFocalGuidingIntegrator] diverge probability: 0.554

2025-03-15 22:30:50 INFO  ren0 [PMMFocalGuidingIntegrator] iteration postprocessing time: 11.6254s
2025-03-15 22:30:50 INFO  ren0 [PMMFocalGuidingIntegrator] GMM[
weight = 0.250676 mean = [1.38632 0.434214 0.423295] covariance = [[7.27437 1.13429 0.102313][1.13429 3.40372 -0.171961][0.102313 -0.171961 7.33593]]
weight = 0.00572632 mean = [-17.3513 8.81269 0.614811] covariance = [[10.7043 -0.375525 1.42766][-0.375525 4.46478 -1.20498][1.42766 -1.20498 12.2291]]
weight = 0.250676 mean = [5.07231 1.39841 1.2427] covariance = [[7.27437 1.13429 0.102313][1.13429 3.40372 -0.171961][0.102313 -0.171961 7.33593]]
weight = 0.231796 mean = [-0.174513 5.08301 0.129601] covariance = [[17.1055 1.6729 -1.10717][1.6729 11.7595 2.19647][-1.10717 2.19647 7.1415]]
weight = 0.00250922 mean = [-13.7764 -1.95336 1.126] covariance = [[10.2606 -0.130221 -0.622603][-0.130221 3.23081 -0.612732][-0.622603 -0.612732 8.77542]]
weight = 0.0121554 mean = [4.63675 8.6981 -0.48426] covariance = [[2.01681 -0.508334 0.886417][-0.508334 3.29413 0.432258][0.886417 0.432258 2.4714]]
weight = 0.231796 mean = [-5.90079 3.55184 0.414017] covariance = [[17.1055 1.6729 -1.10717][1.6729 11.7595 2.19647][-1.10717 2.19647 7.1415]]
weight = 0.00250922 mean = [-18.074 -2.00984 2.70842] covariance = [[10.2606 -0.130221 -0.622603][-0.130221 3.23081 -0.612732][-0.622603 -0.612732 8.77542]]
weight = 0.0121554 mean = [5.11294 6.17706 -1.13251] covariance = [[2.01681 -0.508334 0.886417][-0.508334 3.29413 0.432258][0.886417 0.432258 2.4714]]
]
2025-03-15 22:30:50 INFO  ren0 [PMMFocalGuidingIntegrator] Octree[
AABB: AABB3[min=[-21.7494, -3.70393, -3.09172], max=[7.19249, 11.2965, 6.96201]]
Nodes count: 497
]
2025-03-15 22:30:50 INFO  ren0 [PMMFocalGuidingIntegrator] Octree[
AABB: AABB3[min=[-21.7494, -3.70393, -3.09172], max=[7.19249, 11.2965, 6.96201]]
Nodes count: 369
]
2025-03-15 22:30:50 INFO  ren0 [PMMFocalGuidingIntegrator] Rendering 1 iteration
2025-03-15 22:30:50 INFO  ren0 [SamplingIntegrator] Starting render job (1280x720, 4 samples, 8 cores, SSE2 enabled) ..
2025-03-15 22:32:41 INFO  ren0 [PMMFocalGuidingIntegrator] iteration render time: 1.8488m
2025-03-15 22:32:41 INFO  ren0 [PMMFocalGuidingIntegrator] Got 71244 non-zero samples and 0 zero samples
2025-03-15 22:33:01 INFO  ren0 [gaussian_mixture_model.h:126] Components accumulated weight is: 1.000000
2025-03-15 22:33:01 INFO  ren0 [gaussian_mixture_model.h:173] exp(-dist) between 0 and 1 is 0.000204
2025-03-15 22:33:01 INFO  ren0 [gaussian_mixture_model.h:173] exp(-dist) between 0 and 2 is 0.792366
2025-03-15 22:33:01 INFO  ren0 [gaussian_mixture_model.h:173] exp(-dist) between 0 and 3 is 0.628773
2025-03-15 22:33:01 INFO  ren0 [gaussian_mixture_model.h:173] exp(-dist) between 0 and 4 is 0.027435
2025-03-15 22:33:01 INFO  ren0 [gaussian_mixture_model.h:173] exp(-dist) between 0 and 5 is 0.096191
2025-03-15 22:33:01 INFO  ren0 [gaussian_mixture_model.h:173] exp(-dist) between 0 and 6 is 0.427556
2025-03-15 22:33:01 INFO  ren0 [gaussian_mixture_model.h:173] exp(-dist) between 0 and 7 is 0.006907
2025-03-15 22:33:01 INFO  ren0 [gaussian_mixture_model.h:173] exp(-dist) between 0 and 8 is 0.264354
2025-03-15 22:33:01 INFO  ren0 [gaussian_mixture_model.h:173] exp(-dist) between 1 and 2 is 0.000028
2025-03-15 22:33:01 INFO  ren0 [gaussian_mixture_model.h:173] exp(-dist) between 1 and 3 is 0.031127
2025-03-15 22:33:01 INFO  ren0 [gaussian_mixture_model.h:173] exp(-dist) between 1 and 4 is 0.005086
2025-03-15 22:33:01 INFO  ren0 [gaussian_mixture_model.h:173] exp(-dist) between 1 and 5 is 0.000034
2025-03-15 22:33:01 INFO  ren0 [gaussian_mixture_model.h:173] exp(-dist) between 1 and 6 is 0.150834
2025-03-15 22:33:01 INFO  ren0 [gaussian_mixture_model.h:173] exp(-dist) between 1 and 7 is 0.010314
2025-03-15 22:33:01 INFO  ren0 [gaussian_mixture_model.h:173] exp(-dist) between 1 and 8 is 0.000010
2025-03-15 22:33:01 INFO  ren0 [gaussian_mixture_model.h:173] exp(-dist) between 2 and 3 is 0.509231
2025-03-15 22:33:01 INFO  ren0 [gaussian_mixture_model.h:173] exp(-dist) between 2 and 4 is 0.002110
2025-03-15 22:33:01 INFO  ren0 [gaussian_mixture_model.h:173] exp(-dist) between 2 and 5 is 0.155478
2025-03-15 22:33:01 INFO  ren0 [gaussian_mixture_model.h:173] exp(-dist) between 2 and 6 is 0.237851
2025-03-15 22:33:01 INFO  ren0 [gaussian_mixture_model.h:173] exp(-dist) between 2 and 7 is 0.000374
2025-03-15 22:33:01 INFO  ren0 [gaussian_mixture_model.h:173] exp(-dist) between 2 and 8 is 0.387089
2025-03-15 22:33:01 INFO  ren0 [gaussian_mixture_model.h:173] exp(-dist) between 3 and 4 is 0.041204
2025-03-15 22:33:01 INFO  ren0 [gaussian_mixture_model.h:173] exp(-dist) between 3 and 5 is 0.353532
2025-03-15 22:33:01 INFO  ren0 [gaussian_mixture_model.h:173] exp(-dist) between 3 and 6 is 0.788511
2025-03-15 22:33:01 INFO  ren0 [gaussian_mixture_model.h:173] exp(-dist) between 3 and 7 is 0.014652
2025-03-15 22:33:01 INFO  ren0 [gaussian_mixture_model.h:173] exp(-dist) between 3 and 8 is 0.402784
2025-03-15 22:33:01 INFO  ren0 [gaussian_mixture_model.h:173] exp(-dist) between 4 and 5 is 0.000002
2025-03-15 22:33:01 INFO  ren0 [gaussian_mixture_model.h:173] exp(-dist) between 4 and 6 is 0.262400
2025-03-15 22:33:01 INFO  ren0 [gaussian_mixture_model.h:173] exp(-dist) between 4 and 7 is 0.820667
2025-03-15 22:33:01 INFO  ren0 [gaussian_mixture_model.h:173] exp(-dist) between 4 and 8 is 0.000006
2025-03-15 22:33:01 INFO  ren0 [gaussian_mixture_model.h:173] exp(-dist) between 5 and 6 is 0.137809
2025-03-15 22:33:01 INFO  ren0 [gaussian_mixture_model.h:173] exp(-dist) between 5 and 7 is 0.000000
2025-03-15 22:33:01 INFO  ren0 [gaussian_mixture_model.h:173] exp(-dist) between 5 and 8 is 0.720508
2025-03-15 22:33:01 INFO  ren0 [gaussian_mixture_model.h:173] exp(-dist) between 6 and 7 is 0.157207
2025-03-15 22:33:01 INFO  ren0 [gaussian_mixture_model.h:173] exp(-dist) between 6 and 8 is 0.147690
2025-03-15 22:33:01 INFO  ren0 [gaussian_mixture_model.h:173] exp(-dist) between 7 and 8 is 0.000001
2025-03-15 22:33:01 INFO  ren0 [gaussian_mixture_model.h:180] components before the merge: 9
2025-03-15 22:33:01 INFO  ren0 [gaussian_mixture_model.h:183] Merging 7 and 4, because their BC is 0.820667
2025-03-15 22:33:01 INFO  ren0 [gaussian_mixture_model.h:183] Merging 2 and 0, because their BC is 0.792366
2025-03-15 22:33:01 INFO  ren0 [gaussian_mixture_model.h:183] Merging 6 and 3, because their BC is 0.788511
2025-03-15 22:33:01 INFO  ren0 [gaussian_mixture_model.h:183] Merging 8 and 5, because their BC is 0.720508
2025-03-15 22:33:01 INFO  ren0 [gaussian_mixture_model.h:200] components after the merge: 5, merged 4 component
2025-03-15 22:33:01 INFO  ren0 [gaussian_mixture_model.h:237] Ratio is 3.005197
2025-03-15 22:33:01 INFO  ren0 [gaussian_mixture_model.h:237] Ratio is 2.698407
2025-03-15 22:33:01 INFO  ren0 [gaussian_mixture_model.h:237] Ratio is 4.121391
2025-03-15 22:33:01 INFO  ren0 [gaussian_mixture_model.h:237] Ratio is 6.691913
2025-03-15 22:33:01 INFO  ren0 [gaussian_mixture_model.h:237] Ratio is 5.479327
2025-03-15 22:33:01 INFO  ren0 [gaussian_mixture_model.h:237] Ratio is 2.060695
2025-03-15 22:33:01 INFO  ren0 [gaussian_mixture_model.h:237] Ratio is 2.060695
2025-03-15 22:33:01 INFO  ren0 [gaussian_mixture_model.h:237] Ratio is 4.235286
2025-03-15 22:33:01 INFO  ren0 [gaussian_mixture_model.h:237] Ratio is 4.235286
2025-03-15 22:33:01 INFO  ren0 [gaussian_mixture_model.h:218] components after the split: 10, split 5 components
2025-03-15 22:33:01 INFO  ren0 [octree.h:482] root weight: 1.606e+05 (160621.109375)
2025-03-15 22:33:01 INFO  ren0 [octree.h:483] splitting threshold: 1.606e+02 (160.621124)
2025-03-15 22:33:01 INFO  ren0 [octree.h:482] root weight: 1.863e+05 (186284.968750)
2025-03-15 22:33:01 INFO  ren0 [octree.h:483] splitting threshold: 1.863e+02 (186.284973)
2025-03-15 22:33:01 INFO  ren0 [octree.h:498] node count: 497 -> 519 -> 504

2025-03-15 22:33:01 INFO  ren0 [octree.h:498] node count: 369 -> 385 -> 374

2025-03-15 22:33:01 INFO  ren0 [PMMFocalGuidingIntegrator] diverge probability: 0.537

2025-03-15 22:33:01 INFO  ren0 [PMMFocalGuidingIntegrator] iteration postprocessing time: 20.1580s
2025-03-15 22:33:01 INFO  ren0 [PMMFocalGuidingIntegrator] GMM[
weight = 0.227532 mean = [-5.08511 3.76714 0.284598] covariance = [[11.3867 0.34585 -0.601319][0.34585 9.84173 1.04208][-0.601319 1.04208 5.91119]]
weight = 0.00600614 mean = [-16.7566 8.64917 1.37675] covariance = [[9.30226 0.534739 -0.497452][0.534739 3.63638 -0.44863][-0.497452 -0.44863 10.4721]]
weight = 0.515843 mean = [2.97705 1.1453 0.672991] covariance = [[8.12521 1.34997 1.37411][1.34997 3.99583 -0.168941][1.37411 -0.168941 7.75374]]
weight = 0.00115699 mean = [-16.8886 -1.92319 3.3476] covariance = [[6.93666 -0.247471 0.641911][-0.247471 2.1619 -0.254361][0.641911 -0.254361 4.66347]]
weight = 0.00922909 mean = [4.49463 7.93327 -0.649682] covariance = [[1.90536 -0.335821 0.674271][-0.335821 2.96027 0.305515][0.674271 0.305515 1.91028]]
weight = 0.00115699 mean = [-12.4618 -1.92452 1.43225] covariance = [[6.93666 -0.247471 0.641911][-0.247471 2.1619 -0.254361][0.641911 -0.254361 4.66347]]
weight = 0.227532 mean = [-0.366204 4.52568 -0.0824052] covariance = [[11.3867 0.34585 -0.601319][0.34585 9.84173 1.04208][-0.601319 1.04208 5.91119]]
weight = 0.00115699 mean = [-13.249 -2.1546 4.32101] covariance = [[6.93666 -0.247471 0.641911][-0.247471 2.1619 -0.254361][0.641911 -0.254361 4.66347]]
weight = 0.00922909 mean = [4.98595 5.52825 -0.996719] covariance = [[1.90536 -0.335821 0.674271][-0.335821 2.96027 0.305515][0.674271 0.305515 1.91028]]
weight = 0.00115699 mean = [-16.1014 -1.69311 0.458838] covariance = [[6.93666 -0.247471 0.641911][-0.247471 2.1619 -0.254361][0.641911 -0.254361 4.66347]]
]
2025-03-15 22:33:01 INFO  ren0 [PMMFocalGuidingIntegrator] Octree[
AABB: AABB3[min=[-21.7494, -3.70393, -3.09172], max=[7.19249, 11.2965, 6.96201]]
Nodes count: 504
]
2025-03-15 22:33:01 INFO  ren0 [PMMFocalGuidingIntegrator] Octree[
AABB: AABB3[min=[-21.7494, -3.70393, -3.09172], max=[7.19249, 11.2965, 6.96201]]
Nodes count: 374
]
2025-03-15 22:33:01 INFO  ren0 [PMMFocalGuidingIntegrator] Rendering 2 iteration
2025-03-15 22:33:01 INFO  ren0 [SamplingIntegrator] Starting render job (1280x720, 4 samples, 8 cores, SSE2 enabled) ..
2025-03-15 22:33:22 INFO  wrk7 [PMMFocalGuidingIntegrator] hit luminaire, value = [1e+07, 1e+07, 1e+07]
2025-03-15 22:34:43 INFO  ren0 [PMMFocalGuidingIntegrator] iteration render time: 1.6991m
2025-03-15 22:34:43 INFO  ren0 [PMMFocalGuidingIntegrator] Got 85001 non-zero samples and 0 zero samples
2025-03-15 22:35:09 INFO  ren0 [gaussian_mixture_model.h:126] Components accumulated weight is: 1.000000
2025-03-15 22:35:09 INFO  ren0 [gaussian_mixture_model.h:173] exp(-dist) between 0 and 1 is 0.141498
2025-03-15 22:35:09 INFO  ren0 [gaussian_mixture_model.h:173] exp(-dist) between 0 and 2 is 0.332027
2025-03-15 22:35:09 INFO  ren0 [gaussian_mixture_model.h:173] exp(-dist) between 0 and 3 is 0.092368
2025-03-15 22:35:09 INFO  ren0 [gaussian_mixture_model.h:173] exp(-dist) between 0 and 4 is 0.107170
2025-03-15 22:35:09 INFO  ren0 [gaussian_mixture_model.h:173] exp(-dist) between 0 and 5 is 0.223498
2025-03-15 22:35:09 INFO  ren0 [gaussian_mixture_model.h:173] exp(-dist) between 0 and 6 is 0.763205
2025-03-15 22:35:09 INFO  ren0 [gaussian_mixture_model.h:173] exp(-dist) between 0 and 7 is 0.142061
2025-03-15 22:35:09 INFO  ren0 [gaussian_mixture_model.h:173] exp(-dist) between 0 and 8 is 0.107662
2025-03-15 22:35:09 INFO  ren0 [gaussian_mixture_model.h:173] exp(-dist) between 0 and 9 is 0.131885
2025-03-15 22:35:09 INFO  ren0 [gaussian_mixture_model.h:173] exp(-dist) between 1 and 2 is 0.000177
2025-03-15 22:35:09 INFO  ren0 [gaussian_mixture_model.h:173] exp(-dist) between 1 and 3 is 0.019530
2025-03-15 22:35:09 INFO  ren0 [gaussian_mixture_model.h:173] exp(-dist) between 1 and 4 is 0.000044
2025-03-15 22:35:09 INFO  ren0 [gaussian_mixture_model.h:173] exp(-dist) between 1 and 5 is 0.006279
2025-03-15 22:35:09 INFO  ren0 [gaussian_mixture_model.h:173] exp(-dist) between 1 and 6 is 0.025502
2025-03-15 22:35:09 INFO  ren0 [gaussian_mixture_model.h:173] exp(-dist) between 1 and 7 is 0.005273
2025-03-15 22:35:09 INFO  ren0 [gaussian_mixture_model.h:173] exp(-dist) between 1 and 8 is 0.000012
2025-03-15 22:35:09 INFO  ren0 [gaussian_mixture_model.h:173] exp(-dist) between 1 and 9 is 0.015817
2025-03-15 22:35:09 INFO  ren0 [gaussian_mixture_model.h:173] exp(-dist) between 2 and 3 is 0.000765
2025-03-15 22:35:09 INFO  ren0 [gaussian_mixture_model.h:173] exp(-dist) between 2 and 4 is 0.168332
2025-03-15 22:35:09 INFO  ren0 [gaussian_mixture_model.h:173] exp(-dist) between 2 and 5 is 0.006605
2025-03-15 22:35:09 INFO  ren0 [gaussian_mixture_model.h:173] exp(-dist) between 2 and 6 is 0.643475
2025-03-15 22:35:09 INFO  ren0 [gaussian_mixture_model.h:173] exp(-dist) between 2 and 7 is 0.004813
2025-03-15 22:35:09 INFO  ren0 [gaussian_mixture_model.h:173] exp(-dist) between 2 and 8 is 0.371085
2025-03-15 22:35:09 INFO  ren0 [gaussian_mixture_model.h:173] exp(-dist) between 2 and 9 is 0.001795
2025-03-15 22:35:09 INFO  ren0 [gaussian_mixture_model.h:173] exp(-dist) between 3 and 4 is 0.000000
2025-03-15 22:35:09 INFO  ren0 [gaussian_mixture_model.h:173] exp(-dist) between 3 and 5 is 0.590840
2025-03-15 22:35:09 INFO  ren0 [gaussian_mixture_model.h:173] exp(-dist) between 3 and 6 is 0.006200
2025-03-15 22:35:09 INFO  ren0 [gaussian_mixture_model.h:173] exp(-dist) between 3 and 7 is 0.755252
2025-03-15 22:35:09 INFO  ren0 [gaussian_mixture_model.h:173] exp(-dist) between 3 and 8 is 0.000000
2025-03-15 22:35:09 INFO  ren0 [gaussian_mixture_model.h:173] exp(-dist) between 3 and 9 is 0.731911
2025-03-15 22:35:09 INFO  ren0 [gaussian_mixture_model.h:173] exp(-dist) between 4 and 5 is 0.000000
2025-03-15 22:35:09 INFO  ren0 [gaussian_mixture_model.h:173] exp(-dist) between 4 and 6 is 0.345020
2025-03-15 22:35:09 INFO  ren0 [gaussian_mixture_model.h:173] exp(-dist) between 4 and 7 is 0.000000
2025-03-15 22:35:09 INFO  ren0 [gaussian_mixture_model.h:173] exp(-dist) between 4 and 8 is 0.717730
2025-03-15 22:35:09 INFO  ren0 [gaussian_mixture_model.h:173] exp(-dist) between 4 and 9 is 0.000000
2025-03-15 22:35:09 INFO  ren0 [gaussian_mixture_model.h:173] exp(-dist) between 5 and 6 is 0.030660
2025-03-15 22:35:09 INFO  ren0 [gaussian_mixture_model.h:173] exp(-dist) between 5 and 7 is 0.747357
2025-03-15 22:35:09 INFO  ren0 [gaussian_mixture_model.h:173] exp(-dist) between 5 and 8 is 0.000000
2025-03-15 22:35:09 INFO  ren0 [gaussian_mixture_model.h:173] exp(-dist) between 5 and 9 is 0.777512
2025-03-15 22:35:09 INFO  ren0 [gaussian_mixture_model.h:173] exp(-dist) between 6 and 7 is 0.015147
2025-03-15 22:35:09 INFO  ren0 [gaussian_mixture_model.h:173] exp(-dist) between 6 and 8 is 0.380473
2025-03-15 22:35:09 INFO  ren0 [gaussian_mixture_model.h:173] exp(-dist) between 6 and 9 is 0.013631
2025-03-15 22:35:09 INFO  ren0 [gaussian_mixture_model.h:173] exp(-dist) between 7 and 8 is 0.000000
2025-03-15 22:35:09 INFO  ren0 [gaussian_mixture_model.h:173] exp(-dist) between 7 and 9 is 0.500374
2025-03-15 22:35:09 INFO  ren0 [gaussian_mixture_model.h:173] exp(-dist) between 8 and 9 is 0.000000
2025-03-15 22:35:09 INFO  ren0 [gaussian_mixture_model.h:180] components before the merge: 10
2025-03-15 22:35:09 INFO  ren0 [gaussian_mixture_model.h:183] Merging 9 and 5, because their BC is 0.777512
2025-03-15 22:35:09 INFO  ren0 [gaussian_mixture_model.h:183] Merging 6 and 0, because their BC is 0.763205
2025-03-15 22:35:09 INFO  ren0 [gaussian_mixture_model.h:183] Merging 7 and 3, because their BC is 0.755252
2025-03-15 22:35:09 INFO  ren0 [gaussian_mixture_model.h:183] Merging 9 and 7, because their BC is 0.741954
2025-03-15 22:35:09 INFO  ren0 [gaussian_mixture_model.h:183] Merging 8 and 4, because their BC is 0.717730
2025-03-15 22:35:09 INFO  ren0 [gaussian_mixture_model.h:200] components after the merge: 5, merged 5 component
2025-03-15 22:35:09 INFO  ren0 [gaussian_mixture_model.h:237] Ratio is 2.599050
2025-03-15 22:35:09 INFO  ren0 [gaussian_mixture_model.h:237] Ratio is 2.591566
2025-03-15 22:35:09 INFO  ren0 [gaussian_mixture_model.h:237] Ratio is 3.407363
2025-03-15 22:35:09 INFO  ren0 [gaussian_mixture_model.h:237] Ratio is 5.245622
2025-03-15 22:35:09 INFO  ren0 [gaussian_mixture_model.h:237] Ratio is 6.353710
2025-03-15 22:35:09 INFO  ren0 [gaussian_mixture_model.h:237] Ratio is 2.622811
2025-03-15 22:35:09 INFO  ren0 [gaussian_mixture_model.h:237] Ratio is 2.622811
2025-03-15 22:35:09 INFO  ren0 [gaussian_mixture_model.h:237] Ratio is 3.551073
2025-03-15 22:35:09 INFO  ren0 [gaussian_mixture_model.h:237] Ratio is 3.551073
2025-03-15 22:35:09 INFO  ren0 [gaussian_mixture_model.h:218] components after the split: 7, split 2 components
2025-03-15 22:35:09 INFO  ren0 [octree.h:482] root weight: 1.363e+05 (136279.015625)
2025-03-15 22:35:09 INFO  ren0 [octree.h:483] splitting threshold: 1.363e+02 (136.279022)
2025-03-15 22:35:09 INFO  ren0 [octree.h:482] root weight: 1.505e+05 (150462.328125)
2025-03-15 22:35:09 INFO  ren0 [octree.h:483] splitting threshold: 1.505e+02 (150.462341)
2025-03-15 22:35:09 INFO  ren0 [octree.h:498] node count: 504 -> 522 -> 499

2025-03-15 22:35:09 INFO  ren0 [octree.h:498] node count: 374 -> 386 -> 376

2025-03-15 22:35:09 INFO  ren0 [PMMFocalGuidingIntegrator] diverge probability: 0.525

2025-03-15 22:35:09 INFO  ren0 [PMMFocalGuidingIntegrator] iteration postprocessing time: 25.5524s
2025-03-15 22:35:09 INFO  ren0 [PMMFocalGuidingIntegrator] GMM[
weight = 0.00833485 mean = [4.4765 7.59506 -0.631535] covariance = [[1.84827 -0.269978 0.600426][-0.269978 2.74185 0.272004][0.600426 0.272004 1.69692]]
weight = 0.00718236 mean = [-16.2169 8.39227 1.69829] covariance = [[9.2317 0.758078 -0.517022][0.758078 4.07063 -0.492191][-0.517022 -0.492191 9.80747]]
weight = 0.532044 mean = [2.97707 1.29174 0.491518] covariance = [[6.91744 1.07214 1.68372][1.07214 4.00983 -0.193648][1.68372 -0.193648 7.73742]]
weight = 0.00346132 mean = [-15.3879 -1.70146 1.75226] covariance = [[6.33569 -0.287531 -0.306071][-0.287531 1.97992 -0.169559][-0.306071 -0.169559 6.78142]]
weight = 0.437181 mean = [-2.68004 3.98855 0.0407079] covariance = [[18.1551 1.12164 -1.38465][1.12164 9.78998 0.609553][-1.38465 0.609553 5.68567]]
weight = 0.00833485 mean = [4.91538 5.27884 -0.954724] covariance = [[1.84827 -0.269978 0.600426][-0.269978 2.74185 0.272004][0.600426 0.272004 1.69692]]
weight = 0.00346132 mean = [-12.2541 -1.97829 3.33813] covariance = [[6.33569 -0.287531 -0.306071][-0.287531 1.97992 -0.169559][-0.306071 -0.169559 6.78142]]
]
2025-03-15 22:35:09 INFO  ren0 [PMMFocalGuidingIntegrator] Octree[
AABB: AABB3[min=[-21.7494, -3.70393, -3.09172], max=[7.19249, 11.2965, 6.96201]]
Nodes count: 499
]
2025-03-15 22:35:09 INFO  ren0 [PMMFocalGuidingIntegrator] Octree[
AABB: AABB3[min=[-21.7494, -3.70393, -3.09172], max=[7.19249, 11.2965, 6.96201]]
Nodes count: 376
]
2025-03-15 22:35:09 INFO  ren0 [PMMFocalGuidingIntegrator] Rendering 3 iteration
2025-03-15 22:35:09 INFO  ren0 [SamplingIntegrator] Starting render job (1280x720, 4 samples, 8 cores, SSE2 enabled) ..
2025-03-15 22:35:44 INFO  wrk1 [PMMFocalGuidingIntegrator] hit luminaire, value = [1e+07, 1e+07, 1e+07]
2025-03-15 22:36:57 INFO  ren0 [PMMFocalGuidingIntegrator] iteration render time: 1.7977m
2025-03-15 22:36:57 INFO  ren0 [PMMFocalGuidingIntegrator] Got 101250 non-zero samples and 0 zero samples
2025-03-15 22:37:17 INFO  ren0 [gaussian_mixture_model.h:126] Components accumulated weight is: 1.000000
2025-03-15 22:37:17 INFO  ren0 [gaussian_mixture_model.h:173] exp(-dist) between 0 and 1 is 0.000077
2025-03-15 22:37:17 INFO  ren0 [gaussian_mixture_model.h:173] exp(-dist) between 0 and 2 is 0.190914
2025-03-15 22:37:17 INFO  ren0 [gaussian_mixture_model.h:173] exp(-dist) between 0 and 3 is 0.000000
2025-03-15 22:37:17 INFO  ren0 [gaussian_mixture_model.h:173] exp(-dist) between 0 and 6 is 0.264295
2025-03-15 22:37:17 INFO  ren0 [gaussian_mixture_model.h:173] exp(-dist) between 0 and 8 is 0.730047
2025-03-15 22:37:17 INFO  ren0 [gaussian_mixture_model.h:173] exp(-dist) between 0 and 9 is 0.000001
2025-03-15 22:37:17 INFO  ren0 [gaussian_mixture_model.h:173] exp(-dist) between 1 and 2 is 0.000202
2025-03-15 22:37:17 INFO  ren0 [gaussian_mixture_model.h:173] exp(-dist) between 1 and 3 is 0.015954
2025-03-15 22:37:17 INFO  ren0 [gaussian_mixture_model.h:173] exp(-dist) between 1 and 6 is 0.111603
2025-03-15 22:37:17 INFO  ren0 [gaussian_mixture_model.h:173] exp(-dist) between 1 and 8 is 0.000021
2025-03-15 22:37:17 INFO  ren0 [gaussian_mixture_model.h:173] exp(-dist) between 1 and 9 is 0.006477
2025-03-15 22:37:17 INFO  ren0 [gaussian_mixture_model.h:173] exp(-dist) between 2 and 3 is 0.001649
2025-03-15 22:37:17 INFO  ren0 [gaussian_mixture_model.h:173] exp(-dist) between 2 and 6 is 0.525983
2025-03-15 22:37:17 INFO  ren0 [gaussian_mixture_model.h:173] exp(-dist) between 2 and 8 is 0.389067
2025-03-15 22:37:17 INFO  ren0 [gaussian_mixture_model.h:173] exp(-dist) between 2 and 9 is 0.007114
2025-03-15 22:37:17 INFO  ren0 [gaussian_mixture_model.h:173] exp(-dist) between 3 and 6 is 0.095282
2025-03-15 22:37:17 INFO  ren0 [gaussian_mixture_model.h:173] exp(-dist) between 3 and 8 is 0.000000
2025-03-15 22:37:17 INFO  ren0 [gaussian_mixture_model.h:173] exp(-dist) between 3 and 9 is 0.748520
2025-03-15 22:37:17 INFO  ren0 [gaussian_mixture_model.h:173] exp(-dist) between 6 and 8 is 0.280837
2025-03-15 22:37:17 INFO  ren0 [gaussian_mixture_model.h:173] exp(-dist) between 6 and 9 is 0.141887
2025-03-15 22:37:17 INFO  ren0 [gaussian_mixture_model.h:173] exp(-dist) between 8 and 9 is 0.000002
2025-03-15 22:37:17 INFO  ren0 [gaussian_mixture_model.h:180] components before the merge: 7
2025-03-15 22:37:17 INFO  ren0 [gaussian_mixture_model.h:183] Merging 9 and 3, because their BC is 0.748520
2025-03-15 22:37:17 INFO  ren0 [gaussian_mixture_model.h:183] Merging 8 and 0, because their BC is 0.730047
2025-03-15 22:37:17 INFO  ren0 [gaussian_mixture_model.h:200] components after the merge: 5, merged 2 component
2025-03-15 22:37:17 INFO  ren0 [gaussian_mixture_model.h:237] Ratio is 2.602385
2025-03-15 22:37:17 INFO  ren0 [gaussian_mixture_model.h:237] Ratio is 2.620795
2025-03-15 22:37:17 INFO  ren0 [gaussian_mixture_model.h:237] Ratio is 3.380774
2025-03-15 22:37:17 INFO  ren0 [gaussian_mixture_model.h:237] Ratio is 5.013556
2025-03-15 22:37:17 INFO  ren0 [gaussian_mixture_model.h:237] Ratio is 6.775385
2025-03-15 22:37:17 INFO  ren0 [gaussian_mixture_model.h:237] Ratio is 2.506778
2025-03-15 22:37:17 INFO  ren0 [gaussian_mixture_model.h:237] Ratio is 2.506778
2025-03-15 22:37:17 INFO  ren0 [gaussian_mixture_model.h:237] Ratio is 3.938616
2025-03-15 22:37:17 INFO  ren0 [gaussian_mixture_model.h:237] Ratio is 3.938616
2025-03-15 22:37:17 INFO  ren0 [gaussian_mixture_model.h:218] components after the split: 7, split 2 components
2025-03-15 22:37:17 INFO  ren0 [octree.h:482] root weight: 1.374e+05 (137359.078125)
2025-03-15 22:37:17 INFO  ren0 [octree.h:483] splitting threshold: 1.374e+02 (137.359085)
2025-03-15 22:37:17 INFO  ren0 [octree.h:482] root weight: 1.398e+05 (139814.718750)
2025-03-15 22:37:17 INFO  ren0 [octree.h:483] splitting threshold: 1.398e+02 (139.814728)
2025-03-15 22:37:17 INFO  ren0 [octree.h:498] node count: 499 -> 536 -> 518

2025-03-15 22:37:17 INFO  ren0 [octree.h:498] node count: 376 -> 386 -> 373

2025-03-15 22:37:17 INFO  ren0 [PMMFocalGuidingIntegrator] diverge probability: 0.504

2025-03-15 22:37:17 INFO  ren0 [PMMFocalGuidingIntegrator] iteration postprocessing time: 20.7044s
2025-03-15 22:37:17 INFO  ren0 [PMMFocalGuidingIntegrator] GMM[
weight = 0.00744444 mean = [4.4415 7.33047 -0.627719] covariance = [[1.82728 -0.225861 0.561112][-0.225861 2.52958 0.250374][0.561112 0.250374 1.55863]]
weight = 0.00733845 mean = [-15.8799 8.28256 1.80239] covariance = [[9.66584 0.965188 -0.523346][0.965188 4.14497 -0.447639][-0.523346 -0.447639 9.54138]]
weight = 0.547776 mean = [2.97411 1.38341 0.296354] covariance = [[6.14327 0.8266 1.91769][0.8266 3.87566 -0.150088][1.91769 -0.150088 7.68734]]
weight = 0.00379278 mean = [-14.7806 -1.72082 1.78222] covariance = [[6.21814 -0.264769 -0.407843][-0.264769 1.79663 -0.0880519][-0.407843 -0.0880519 6.79193]]
weight = 0.422411 mean = [-2.64682 3.88002 0.00451051] covariance = [[17.9443 0.880967 -1.49898][0.880967 9.81211 0.453863][-1.49898 0.453863 5.63525]]
weight = 0.00744444 mean = [4.86741 5.10768 -0.930626] covariance = [[1.82728 -0.225861 0.561112][-0.225861 2.52958 0.250374][0.561112 0.250374 1.55863]]
weight = 0.00379278 mean = [-11.7111 -1.94648 3.38724] covariance = [[6.21814 -0.264769 -0.407843][-0.264769 1.79663 -0.0880519][-0.407843 -0.0880519 6.79193]]
]
2025-03-15 22:37:17 INFO  ren0 [PMMFocalGuidingIntegrator] Octree[
AABB: AABB3[min=[-21.7494, -3.70393, -3.09172], max=[7.19249, 11.2965, 6.96201]]
Nodes count: 518
]
2025-03-15 22:37:17 INFO  ren0 [PMMFocalGuidingIntegrator] Octree[
AABB: AABB3[min=[-21.7494, -3.70393, -3.09172], max=[7.19249, 11.2965, 6.96201]]
Nodes count: 373
]
2025-03-15 22:37:17 INFO  ren0 [PMMFocalGuidingIntegrator] Rendering 4 iteration
2025-03-15 22:37:17 INFO  ren0 [SamplingIntegrator] Starting render job (1280x720, 4 samples, 8 cores, SSE2 enabled) ..
2025-03-15 22:38:50 INFO  wrk5 [PMMFocalGuidingIntegrator] hit luminaire, value = [1e+07, 1e+07, 1e+07]
2025-03-15 22:38:56 INFO  wrk6 [PMMFocalGuidingIntegrator] hit luminaire, value = [1e+07, 1e+07, 1e+07]
2025-03-15 22:38:57 INFO  ren0 [PMMFocalGuidingIntegrator] iteration render time: 1.6604m
2025-03-15 22:38:57 INFO  ren0 [PMMFocalGuidingIntegrator] Got 116406 non-zero samples and 0 zero samples
2025-03-15 22:39:21 INFO  ren0 [gaussian_mixture_model.h:126] Components accumulated weight is: 1.000000
2025-03-15 22:39:21 INFO  ren0 [gaussian_mixture_model.h:173] exp(-dist) between 0 and 1 is 0.000120
2025-03-15 22:39:21 INFO  ren0 [gaussian_mixture_model.h:173] exp(-dist) between 0 and 2 is 0.199843
2025-03-15 22:39:21 INFO  ren0 [gaussian_mixture_model.h:173] exp(-dist) between 0 and 3 is 0.000000
2025-03-15 22:39:21 INFO  ren0 [gaussian_mixture_model.h:173] exp(-dist) between 0 and 6 is 0.261278
2025-03-15 22:39:21 INFO  ren0 [gaussian_mixture_model.h:173] exp(-dist) between 0 and 8 is 0.737815
2025-03-15 22:39:21 INFO  ren0 [gaussian_mixture_model.h:173] exp(-dist) between 0 and 9 is 0.000001
2025-03-15 22:39:21 INFO  ren0 [gaussian_mixture_model.h:173] exp(-dist) between 1 and 2 is 0.000238
2025-03-15 22:39:21 INFO  ren0 [gaussian_mixture_model.h:173] exp(-dist) between 1 and 3 is 0.015465
2025-03-15 22:39:21 INFO  ren0 [gaussian_mixture_model.h:173] exp(-dist) between 1 and 6 is 0.118456
2025-03-15 22:39:21 INFO  ren0 [gaussian_mixture_model.h:173] exp(-dist) between 1 and 8 is 0.000032
2025-03-15 22:39:21 INFO  ren0 [gaussian_mixture_model.h:173] exp(-dist) between 1 and 9 is 0.006859
2025-03-15 22:39:21 INFO  ren0 [gaussian_mixture_model.h:173] exp(-dist) between 2 and 3 is 0.001459
2025-03-15 22:39:21 INFO  ren0 [gaussian_mixture_model.h:173] exp(-dist) between 2 and 6 is 0.522999
2025-03-15 22:39:21 INFO  ren0 [gaussian_mixture_model.h:173] exp(-dist) between 2 and 8 is 0.392924
2025-03-15 22:39:21 INFO  ren0 [gaussian_mixture_model.h:173] exp(-dist) between 2 and 9 is 0.006288
2025-03-15 22:39:21 INFO  ren0 [gaussian_mixture_model.h:173] exp(-dist) between 3 and 6 is 0.101113
2025-03-15 22:39:21 INFO  ren0 [gaussian_mixture_model.h:173] exp(-dist) between 3 and 8 is 0.000001
2025-03-15 22:39:21 INFO  ren0 [gaussian_mixture_model.h:173] exp(-dist) between 3 and 9 is 0.750043
2025-03-15 22:39:21 INFO  ren0 [gaussian_mixture_model.h:173] exp(-dist) between 6 and 8 is 0.274675
2025-03-15 22:39:21 INFO  ren0 [gaussian_mixture_model.h:173] exp(-dist) between 6 and 9 is 0.152479
2025-03-15 22:39:21 INFO  ren0 [gaussian_mixture_model.h:173] exp(-dist) between 8 and 9 is 0.000004
2025-03-15 22:39:21 INFO  ren0 [gaussian_mixture_model.h:180] components before the merge: 7
2025-03-15 22:39:21 INFO  ren0 [gaussian_mixture_model.h:183] Merging 9 and 3, because their BC is 0.750043
2025-03-15 22:39:21 INFO  ren0 [gaussian_mixture_model.h:183] Merging 8 and 0, because their BC is 0.737815
2025-03-15 22:39:21 INFO  ren0 [gaussian_mixture_model.h:200] components after the merge: 5, merged 2 component
2025-03-15 22:39:21 INFO  ren0 [gaussian_mixture_model.h:237] Ratio is 2.615303
2025-03-15 22:39:21 INFO  ren0 [gaussian_mixture_model.h:237] Ratio is 2.683960
2025-03-15 22:39:21 INFO  ren0 [gaussian_mixture_model.h:237] Ratio is 3.242138
2025-03-15 22:39:21 INFO  ren0 [gaussian_mixture_model.h:237] Ratio is 4.744397
2025-03-15 22:39:21 INFO  ren0 [gaussian_mixture_model.h:237] Ratio is 6.984564
2025-03-15 22:39:21 INFO  ren0 [gaussian_mixture_model.h:237] Ratio is 2.372199
2025-03-15 22:39:21 INFO  ren0 [gaussian_mixture_model.h:237] Ratio is 2.372199
2025-03-15 22:39:21 INFO  ren0 [gaussian_mixture_model.h:237] Ratio is 4.175917
2025-03-15 22:39:21 INFO  ren0 [gaussian_mixture_model.h:237] Ratio is 4.175917
2025-03-15 22:39:21 INFO  ren0 [gaussian_mixture_model.h:237] Ratio is 3.492282
2025-03-15 22:39:21 INFO  ren0 [gaussian_mixture_model.h:237] Ratio is 3.492282
2025-03-15 22:39:21 INFO  ren0 [gaussian_mixture_model.h:237] Ratio is 3.492282
2025-03-15 22:39:21 INFO  ren0 [gaussian_mixture_model.h:237] Ratio is 3.492282
2025-03-15 22:39:21 INFO  ren0 [gaussian_mixture_model.h:218] components after the split: 9, split 4 components
2025-03-15 22:39:21 INFO  ren0 [octree.h:482] root weight: 1.362e+05 (136245.468750)
2025-03-15 22:39:21 INFO  ren0 [octree.h:483] splitting threshold: 1.362e+02 (136.245468)
2025-03-15 22:39:21 INFO  ren0 [octree.h:482] root weight: 1.267e+05 (126715.203125)
2025-03-15 22:39:21 INFO  ren0 [octree.h:483] splitting threshold: 1.267e+02 (126.715210)
2025-03-15 22:39:21 INFO  ren0 [octree.h:498] node count: 518 -> 551 -> 538

2025-03-15 22:39:21 INFO  ren0 [octree.h:498] node count: 373 -> 377 -> 359

2025-03-15 22:39:21 INFO  ren0 [PMMFocalGuidingIntegrator] diverge probability: 0.482

2025-03-15 22:39:21 INFO  ren0 [PMMFocalGuidingIntegrator] iteration postprocessing time: 23.8890s
2025-03-15 22:39:21 INFO  ren0 [PMMFocalGuidingIntegrator] GMM[
weight = 0.00668969 mean = [4.84381 5.01258 -0.923313] covariance = [[1.82663 -0.187083 0.536123][-0.187083 2.3201 0.236732][0.536123 0.236732 1.46027]]
weight = 0.00723641 mean = [-15.6194 8.20877 1.85071] covariance = [[10.0934 1.12592 -0.481246][1.12592 4.28565 -0.470125][-0.481246 -0.470125 9.471]]
weight = 0.560918 mean = [2.96564 1.44174 0.102989] covariance = [[5.59373 0.584354 2.10562][0.584354 3.67329 -0.110665][2.10562 -0.110665 7.62473]]
weight = 0.00200114 mean = [-13.7789 -1.75235 0.606839] covariance = [[5.36723 -0.200823 0.946761][-0.200823 1.68937 -0.0864894][0.946761 -0.0864894 3.98403]]
weight = 0.00200114 mean = [-11.9274 -1.91129 4.5148] covariance = [[5.36723 -0.200823 0.946761][-0.200823 1.68937 -0.0864894][0.946761 -0.0864894 3.98403]]
weight = 0.00200114 mean = [-14.9759 -1.7324 2.96765] covariance = [[5.36723 -0.200823 0.946761][-0.200823 1.68937 -0.0864894][0.946761 -0.0864894 3.98403]]
weight = 0.410462 mean = [-2.62082 3.79029 -0.0227496] covariance = [[17.4003 0.705797 -1.52502][0.705797 9.85109 0.288639][-1.52502 0.288639 5.6719]]
weight = 0.00668969 mean = [4.42155 7.13723 -0.625949] covariance = [[1.82663 -0.187083 0.536123][-0.187083 2.3201 0.236732][0.536123 0.236732 1.46027]]
weight = 0.00200114 mean = [-10.7304 -1.93125 2.154] covariance = [[5.36723 -0.200823 0.946761][-0.200823 1.68937 -0.0864894][0.946761 -0.0864894 3.98403]]
]
2025-03-15 22:39:21 INFO  ren0 [PMMFocalGuidingIntegrator] Octree[
AABB: AABB3[min=[-21.7494, -3.70393, -3.09172], max=[7.19249, 11.2965, 6.96201]]
Nodes count: 538
]
2025-03-15 22:39:21 INFO  ren0 [PMMFocalGuidingIntegrator] Octree[
AABB: AABB3[min=[-21.7494, -3.70393, -3.09172], max=[7.19249, 11.2965, 6.96201]]
Nodes count: 359
]
2025-03-15 22:39:21 INFO  ren0 [PMMFocalGuidingIntegrator] Rendering 5 iteration
2025-03-15 22:39:21 INFO  ren0 [SamplingIntegrator] Starting render job (1280x720, 4 samples, 8 cores, SSE2 enabled) ..
2025-03-15 22:40:27 INFO  wrk2 [PMMFocalGuidingIntegrator] hit luminaire, value = [1e+07, 1e+07, 1e+07]
2025-03-15 22:41:04 INFO  ren0 [PMMFocalGuidingIntegrator] iteration render time: 1.7174m
2025-03-15 22:41:04 INFO  ren0 [PMMFocalGuidingIntegrator] Got 135985 non-zero samples and 0 zero samples
2025-03-15 22:41:40 INFO  ren0 [gaussian_mixture_model.h:126] Components accumulated weight is: 1.000000
2025-03-15 22:41:40 INFO  ren0 [gaussian_mixture_model.h:173] exp(-dist) between 0 and 1 is 0.000044
2025-03-15 22:41:40 INFO  ren0 [gaussian_mixture_model.h:173] exp(-dist) between 0 and 2 is 0.383563
2025-03-15 22:41:40 INFO  ren0 [gaussian_mixture_model.h:173] exp(-dist) between 0 and 3 is 0.000000
2025-03-15 22:41:40 INFO  ren0 [gaussian_mixture_model.h:173] exp(-dist) between 0 and 4 is 0.000000
2025-03-15 22:41:40 INFO  ren0 [gaussian_mixture_model.h:173] exp(-dist) between 0 and 5 is 0.000000
2025-03-15 22:41:40 INFO  ren0 [gaussian_mixture_model.h:173] exp(-dist) between 0 and 6 is 0.266211
2025-03-15 22:41:40 INFO  ren0 [gaussian_mixture_model.h:173] exp(-dist) between 0 and 8 is 0.743796
2025-03-15 22:41:40 INFO  ren0 [gaussian_mixture_model.h:173] exp(-dist) between 0 and 9 is 0.000000
2025-03-15 22:41:40 INFO  ren0 [gaussian_mixture_model.h:173] exp(-dist) between 1 and 2 is 0.000275
2025-03-15 22:41:40 INFO  ren0 [gaussian_mixture_model.h:173] exp(-dist) between 1 and 3 is 0.012347
2025-03-15 22:41:40 INFO  ren0 [gaussian_mixture_model.h:173] exp(-dist) between 1 and 4 is 0.007920
2025-03-15 22:41:40 INFO  ren0 [gaussian_mixture_model.h:173] exp(-dist) between 1 and 5 is 0.017345
2025-03-15 22:41:40 INFO  ren0 [gaussian_mixture_model.h:173] exp(-dist) between 1 and 6 is 0.121365
2025-03-15 22:41:40 INFO  ren0 [gaussian_mixture_model.h:173] exp(-dist) between 1 and 8 is 0.000168
2025-03-15 22:41:40 INFO  ren0 [gaussian_mixture_model.h:173] exp(-dist) between 1 and 9 is 0.006107
2025-03-15 22:41:40 INFO  ren0 [gaussian_mixture_model.h:173] exp(-dist) between 2 and 3 is 0.000671
2025-03-15 22:41:40 INFO  ren0 [gaussian_mixture_model.h:173] exp(-dist) between 2 and 4 is 0.001121
2025-03-15 22:41:40 INFO  ren0 [gaussian_mixture_model.h:173] exp(-dist) between 2 and 5 is 0.000292
2025-03-15 22:41:40 INFO  ren0 [gaussian_mixture_model.h:173] exp(-dist) between 2 and 6 is 0.520033
2025-03-15 22:41:40 INFO  ren0 [gaussian_mixture_model.h:173] exp(-dist) between 2 and 8 is 0.202099
2025-03-15 22:41:40 INFO  ren0 [gaussian_mixture_model.h:173] exp(-dist) between 2 and 9 is 0.003493
2025-03-15 22:41:40 INFO  ren0 [gaussian_mixture_model.h:173] exp(-dist) between 3 and 4 is 0.523598
2025-03-15 22:41:40 INFO  ren0 [gaussian_mixture_model.h:173] exp(-dist) between 3 and 5 is 0.729702
2025-03-15 22:41:40 INFO  ren0 [gaussian_mixture_model.h:173] exp(-dist) between 3 and 6 is 0.107832
2025-03-15 22:41:40 INFO  ren0 [gaussian_mixture_model.h:173] exp(-dist) between 3 and 8 is 0.000000
2025-03-15 22:41:40 INFO  ren0 [gaussian_mixture_model.h:173] exp(-dist) between 3 and 9 is 0.755157
2025-03-15 22:41:40 INFO  ren0 [gaussian_mixture_model.h:173] exp(-dist) between 4 and 5 is 0.746046
2025-03-15 22:41:40 INFO  ren0 [gaussian_mixture_model.h:173] exp(-dist) between 4 and 6 is 0.095486
2025-03-15 22:41:40 INFO  ren0 [gaussian_mixture_model.h:173] exp(-dist) between 4 and 8 is 0.000000
2025-03-15 22:41:40 INFO  ren0 [gaussian_mixture_model.h:173] exp(-dist) between 4 and 9 is 0.768952
2025-03-15 22:41:40 INFO  ren0 [gaussian_mixture_model.h:173] exp(-dist) between 5 and 6 is 0.069473
2025-03-15 22:41:40 INFO  ren0 [gaussian_mixture_model.h:173] exp(-dist) between 5 and 8 is 0.000000
2025-03-15 22:41:40 INFO  ren0 [gaussian_mixture_model.h:173] exp(-dist) between 5 and 9 is 0.582765
2025-03-15 22:41:40 INFO  ren0 [gaussian_mixture_model.h:173] exp(-dist) between 6 and 8 is 0.258615
2025-03-15 22:41:40 INFO  ren0 [gaussian_mixture_model.h:173] exp(-dist) between 6 and 9 is 0.168772
2025-03-15 22:41:40 INFO  ren0 [gaussian_mixture_model.h:173] exp(-dist) between 8 and 9 is 0.000000
2025-03-15 22:41:40 INFO  ren0 [gaussian_mixture_model.h:180] components before the merge: 9
2025-03-15 22:41:40 INFO  ren0 [gaussian_mixture_model.h:183] Merging 9 and 4, because their BC is 0.768952
2025-03-15 22:41:40 INFO  ren0 [gaussian_mixture_model.h:183] Merging 8 and 0, because their BC is 0.743796
2025-03-15 22:41:40 INFO  ren0 [gaussian_mixture_model.h:183] Merging 5 and 3, because their BC is 0.729702
2025-03-15 22:41:40 INFO  ren0 [gaussian_mixture_model.h:183] Merging 9 and 5, because their BC is 0.751200
2025-03-15 22:41:40 INFO  ren0 [gaussian_mixture_model.h:200] components after the merge: 5, merged 4 component
2025-03-15 22:41:40 INFO  ren0 [gaussian_mixture_model.h:237] Ratio is 2.605411
2025-03-15 22:41:40 INFO  ren0 [gaussian_mixture_model.h:237] Ratio is 2.750280
2025-03-15 22:41:40 INFO  ren0 [gaussian_mixture_model.h:237] Ratio is 3.073002
2025-03-15 22:41:40 INFO  ren0 [gaussian_mixture_model.h:237] Ratio is 4.370304
2025-03-15 22:41:40 INFO  ren0 [gaussian_mixture_model.h:237] Ratio is 7.003082
2025-03-15 22:41:40 INFO  ren0 [gaussian_mixture_model.h:237] Ratio is 2.190250
2025-03-15 22:41:40 INFO  ren0 [gaussian_mixture_model.h:237] Ratio is 2.190250
2025-03-15 22:41:40 INFO  ren0 [gaussian_mixture_model.h:237] Ratio is 3.697719
2025-03-15 22:41:40 INFO  ren0 [gaussian_mixture_model.h:237] Ratio is 3.697719
2025-03-15 22:41:40 INFO  ren0 [gaussian_mixture_model.h:218] components after the split: 7, split 2 components
2025-03-15 22:41:40 INFO  ren0 [octree.h:482] root weight: 1.557e+05 (155669.203125)
2025-03-15 22:41:40 INFO  ren0 [octree.h:483] splitting threshold: 1.557e+02 (155.669205)
2025-03-15 22:41:40 INFO  ren0 [octree.h:482] root weight: 1.372e+05 (137226.062500)
2025-03-15 22:41:40 INFO  ren0 [octree.h:483] splitting threshold: 1.372e+02 (137.226074)
2025-03-15 22:41:40 INFO  ren0 [octree.h:498] node count: 538 -> 560 -> 550

2025-03-15 22:41:40 INFO  ren0 [octree.h:498] node count: 359 -> 365 -> 349

2025-03-15 22:41:40 INFO  ren0 [PMMFocalGuidingIntegrator] diverge probability: 0.469

2025-03-15 22:41:40 INFO  ren0 [PMMFocalGuidingIntegrator] iteration postprocessing time: 35.8318s
2025-03-15 22:41:40 INFO  ren0 [PMMFocalGuidingIntegrator] GMM[
weight = 0.00601545 mean = [4.85619 4.95462 -0.911028] covariance = [[1.83711 -0.145237 0.509844][-0.145237 2.10021 0.22394][0.509844 0.22394 1.38689]]
weight = 0.00708279 mean = [-15.4136 8.14321 1.88919] covariance = [[10.439 1.22789 -0.366035][1.22789 4.44409 -0.550137][-0.366035 -0.550137 9.44291]]
weight = 0.573151 mean = [2.92849 1.48258 -0.084319] covariance = [[5.18411 0.365749 2.26504][0.365749 3.45366 -0.0895031][2.26504 -0.0895031 7.47189]]
weight = 0.0040441 mean = [-14.1278 -1.74727 1.85378] covariance = [[5.74757 -0.163868 -0.127733][-0.163868 1.63271 -0.0419304][-0.127733 -0.0419304 5.94915]]
weight = 0.399647 mean = [-2.57033 3.71369 -0.0456627] covariance = [[16.7013 0.55603 -1.46449][0.55603 9.84484 0.144819][-1.46449 0.144819 5.71293]]
weight = 0.00601545 mean = [4.39837 6.96493 -0.632207] covariance = [[1.83711 -0.145237 0.509844][-0.145237 2.10021 0.22394][0.509844 0.22394 1.38689]]
weight = 0.0040441 mean = [-11.1005 -1.88479 3.33747] covariance = [[5.74757 -0.163868 -0.127733][-0.163868 1.63271 -0.0419304][-0.127733 -0.0419304 5.94915]]
]
2025-03-15 22:41:40 INFO  ren0 [PMMFocalGuidingIntegrator] Octree[
AABB: AABB3[min=[-21.7494, -3.70393, -3.09172], max=[7.19249, 11.2965, 6.96201]]
Nodes count: 550
]
2025-03-15 22:41:40 INFO  ren0 [PMMFocalGuidingIntegrator] Octree[
AABB: AABB3[min=[-21.7494, -3.70393, -3.09172], max=[7.19249, 11.2965, 6.96201]]
Nodes count: 349
]
2025-03-15 22:41:40 INFO  ren0 [PMMFocalGuidingIntegrator] Rendering 6 iteration
2025-03-15 22:41:40 INFO  ren0 [SamplingIntegrator] Starting render job (1280x720, 4 samples, 8 cores, SSE2 enabled) ..
2025-03-15 22:43:35 INFO  ren0 [PMMFocalGuidingIntegrator] iteration render time: 1.9237m
2025-03-15 22:43:35 INFO  ren0 [PMMFocalGuidingIntegrator] Got 156897 non-zero samples and 0 zero samples
2025-03-15 22:44:09 INFO  ren0 [gaussian_mixture_model.h:126] Components accumulated weight is: 1.000000
2025-03-15 22:44:09 INFO  ren0 [gaussian_mixture_model.h:173] exp(-dist) between 0 and 1 is 0.000053
2025-03-15 22:44:09 INFO  ren0 [gaussian_mixture_model.h:173] exp(-dist) between 0 and 2 is 0.365895
2025-03-15 22:44:09 INFO  ren0 [gaussian_mixture_model.h:173] exp(-dist) between 0 and 3 is 0.000001
2025-03-15 22:44:09 INFO  ren0 [gaussian_mixture_model.h:173] exp(-dist) between 0 and 6 is 0.254572
2025-03-15 22:44:09 INFO  ren0 [gaussian_mixture_model.h:173] exp(-dist) between 0 and 8 is 0.749955
2025-03-15 22:44:09 INFO  ren0 [gaussian_mixture_model.h:173] exp(-dist) between 0 and 9 is 0.000002
2025-03-15 22:44:09 INFO  ren0 [gaussian_mixture_model.h:173] exp(-dist) between 1 and 2 is 0.000307
2025-03-15 22:44:09 INFO  ren0 [gaussian_mixture_model.h:173] exp(-dist) between 1 and 3 is 0.017643
2025-03-15 22:44:09 INFO  ren0 [gaussian_mixture_model.h:173] exp(-dist) between 1 and 6 is 0.123099
2025-03-15 22:44:09 INFO  ren0 [gaussian_mixture_model.h:173] exp(-dist) between 1 and 8 is 0.000206
2025-03-15 22:44:09 INFO  ren0 [gaussian_mixture_model.h:173] exp(-dist) between 1 and 9 is 0.009081
2025-03-15 22:44:09 INFO  ren0 [gaussian_mixture_model.h:173] exp(-dist) between 2 and 3 is 0.000861
2025-03-15 22:44:09 INFO  ren0 [gaussian_mixture_model.h:173] exp(-dist) between 2 and 6 is 0.515353
2025-03-15 22:44:09 INFO  ren0 [gaussian_mixture_model.h:173] exp(-dist) between 2 and 8 is 0.201440
2025-03-15 22:44:09 INFO  ren0 [gaussian_mixture_model.h:173] exp(-dist) between 2 and 9 is 0.003408
2025-03-15 22:44:09 INFO  ren0 [gaussian_mixture_model.h:173] exp(-dist) between 3 and 6 is 0.099807
2025-03-15 22:44:09 INFO  ren0 [gaussian_mixture_model.h:173] exp(-dist) between 3 and 8 is 0.000000
2025-03-15 22:44:09 INFO  ren0 [gaussian_mixture_model.h:173] exp(-dist) between 3 and 9 is 0.754306
2025-03-15 22:44:09 INFO  ren0 [gaussian_mixture_model.h:173] exp(-dist) between 6 and 8 is 0.255219
2025-03-15 22:44:09 INFO  ren0 [gaussian_mixture_model.h:173] exp(-dist) between 6 and 9 is 0.156556
2025-03-15 22:44:09 INFO  ren0 [gaussian_mixture_model.h:173] exp(-dist) between 8 and 9 is 0.000001
2025-03-15 22:44:09 INFO  ren0 [gaussian_mixture_model.h:180] components before the merge: 7
2025-03-15 22:44:09 INFO  ren0 [gaussian_mixture_model.h:183] Merging 9 and 3, because their BC is 0.754306
2025-03-15 22:44:09 INFO  ren0 [gaussian_mixture_model.h:183] Merging 8 and 0, because their BC is 0.749955
2025-03-15 22:44:09 INFO  ren0 [gaussian_mixture_model.h:200] components after the merge: 5, merged 2 component
2025-03-15 22:44:09 INFO  ren0 [gaussian_mixture_model.h:237] Ratio is 2.586756
2025-03-15 22:44:09 INFO  ren0 [gaussian_mixture_model.h:237] Ratio is 2.804638
2025-03-15 22:44:09 INFO  ren0 [gaussian_mixture_model.h:237] Ratio is 2.912338
2025-03-15 22:44:09 INFO  ren0 [gaussian_mixture_model.h:237] Ratio is 3.924520
2025-03-15 22:44:09 INFO  ren0 [gaussian_mixture_model.h:237] Ratio is 6.824257
2025-03-15 22:44:09 INFO  ren0 [gaussian_mixture_model.h:237] Ratio is 3.984211
2025-03-15 22:44:09 INFO  ren0 [gaussian_mixture_model.h:237] Ratio is 3.984211
2025-03-15 22:44:09 INFO  ren0 [gaussian_mixture_model.h:218] components after the split: 6, split 1 components
2025-03-15 22:44:09 INFO  ren0 [octree.h:482] root weight: 1.750e+05 (174975.015625)
2025-03-15 22:44:09 INFO  ren0 [octree.h:483] splitting threshold: 1.750e+02 (174.975021)
2025-03-15 22:44:09 INFO  ren0 [octree.h:482] root weight: 1.434e+05 (143370.234375)
2025-03-15 22:44:09 INFO  ren0 [octree.h:483] splitting threshold: 1.434e+02 (143.370239)
2025-03-15 22:44:09 INFO  ren0 [octree.h:498] node count: 550 -> 563 -> 554

2025-03-15 22:44:09 INFO  ren0 [octree.h:498] node count: 349 -> 351 -> 345

2025-03-15 22:44:09 INFO  ren0 [PMMFocalGuidingIntegrator] diverge probability: 0.450

2025-03-15 22:44:09 INFO  ren0 [PMMFocalGuidingIntegrator] iteration postprocessing time: 33.6401s
2025-03-15 22:44:09 INFO  ren0 [PMMFocalGuidingIntegrator] GMM[
weight = 0.00398867 mean = [-13.9249 -1.74152 1.86065] covariance = [[5.62345 -0.138154 -0.355436][-0.138154 1.60551 -0.0324777][-0.355436 -0.0324777 6.20798]]
weight = 0.0070453 mean = [-15.267 8.0595 1.94468] covariance = [[10.6792 1.24676 -0.241304][1.24676 4.5668 -0.645934][-0.241304 -0.645934 9.3361]]
weight = 0.585443 mean = [2.89543 1.51462 -0.251135] covariance = [[4.86291 0.201483 2.37587][0.201483 3.25102 -0.0466806][2.37587 -0.0466806 7.28867]]
weight = 0.388582 mean = [-2.51864 3.65268 -0.0584143] covariance = [[16.0562 0.398628 -1.35927][0.398628 9.83018 -0.00678996][-1.35927 -0.00678996 5.75901]]
weight = 0.0109521 mean = [4.65083 5.84143 -0.767275] covariance = [[1.97591 -0.593427 0.417483][-0.593427 3.6121 0.439003][0.417483 0.439003 1.36048]]
weight = 0.00398867 mean = [-10.9404 -1.86039 3.27474] covariance = [[5.62345 -0.138154 -0.355436][-0.138154 1.60551 -0.0324777][-0.355436 -0.0324777 6.20798]]
]
2025-03-15 22:44:09 INFO  ren0 [PMMFocalGuidingIntegrator] Octree[
AABB: AABB3[min=[-21.7494, -3.70393, -3.09172], max=[7.19249, 11.2965, 6.96201]]
Nodes count: 554
]
2025-03-15 22:44:09 INFO  ren0 [PMMFocalGuidingIntegrator] Octree[
AABB: AABB3[min=[-21.7494, -3.70393, -3.09172], max=[7.19249, 11.2965, 6.96201]]
Nodes count: 345
]
2025-03-15 22:44:09 INFO  ren0 [PMMFocalGuidingIntegrator] Rendering 7 iteration
2025-03-15 22:44:09 INFO  ren0 [SamplingIntegrator] Starting render job (1280x720, 4 samples, 8 cores, SSE2 enabled) ..
2025-03-15 22:44:26 INFO  wrk5 [octree.h:260] No intersection found
2025-03-15 22:44:26 INFO  wrk5 [pmm_focal_guiding.cpp:702] Intersection was not found
2025-03-15 22:46:01 INFO  ren0 [PMMFocalGuidingIntegrator] iteration render time: 1.8659m
2025-03-15 22:46:01 INFO  ren0 [PMMFocalGuidingIntegrator] Got 178421 non-zero samples and 0 zero samples
2025-03-15 22:46:32 INFO  ren0 [gaussian_mixture_model.h:126] Components accumulated weight is: 1.000000
2025-03-15 22:46:32 INFO  ren0 [gaussian_mixture_model.h:173] exp(-dist) between 0 and 1 is 0.021101
2025-03-15 22:46:32 INFO  ren0 [gaussian_mixture_model.h:173] exp(-dist) between 0 and 2 is 0.000713
2025-03-15 22:46:32 INFO  ren0 [gaussian_mixture_model.h:173] exp(-dist) between 0 and 6 is 0.099366
2025-03-15 22:46:32 INFO  ren0 [gaussian_mixture_model.h:173] exp(-dist) between 0 and 8 is 0.000001
2025-03-15 22:46:32 INFO  ren0 [gaussian_mixture_model.h:173] exp(-dist) between 0 and 9 is 0.759146
2025-03-15 22:46:32 INFO  ren0 [gaussian_mixture_model.h:173] exp(-dist) between 1 and 2 is 0.000348
2025-03-15 22:46:32 INFO  ren0 [gaussian_mixture_model.h:173] exp(-dist) between 1 and 6 is 0.125298
2025-03-15 22:46:32 INFO  ren0 [gaussian_mixture_model.h:173] exp(-dist) between 1 and 8 is 0.000196
2025-03-15 22:46:32 INFO  ren0 [gaussian_mixture_model.h:173] exp(-dist) between 1 and 9 is 0.011620
2025-03-15 22:46:32 INFO  ren0 [gaussian_mixture_model.h:173] exp(-dist) between 2 and 6 is 0.510449
2025-03-15 22:46:32 INFO  ren0 [gaussian_mixture_model.h:173] exp(-dist) between 2 and 8 is 0.323335
2025-03-15 22:46:32 INFO  ren0 [gaussian_mixture_model.h:173] exp(-dist) between 2 and 9 is 0.002774
2025-03-15 22:46:32 INFO  ren0 [gaussian_mixture_model.h:173] exp(-dist) between 6 and 8 is 0.275776
2025-03-15 22:46:32 INFO  ren0 [gaussian_mixture_model.h:173] exp(-dist) between 6 and 9 is 0.161096
2025-03-15 22:46:32 INFO  ren0 [gaussian_mixture_model.h:173] exp(-dist) between 8 and 9 is 0.000003
2025-03-15 22:46:32 INFO  ren0 [gaussian_mixture_model.h:180] components before the merge: 6
2025-03-15 22:46:32 INFO  ren0 [gaussian_mixture_model.h:183] Merging 9 and 0, because their BC is 0.759146
2025-03-15 22:46:32 INFO  ren0 [gaussian_mixture_model.h:200] components after the merge: 5, merged 1 component
2025-03-15 22:46:32 INFO  ren0 [gaussian_mixture_model.h:237] Ratio is 2.530920
2025-03-15 22:46:32 INFO  ren0 [gaussian_mixture_model.h:237] Ratio is 2.845481
2025-03-15 22:46:32 INFO  ren0 [gaussian_mixture_model.h:237] Ratio is 2.765091
2025-03-15 22:46:32 INFO  ren0 [gaussian_mixture_model.h:237] Ratio is 4.477310
2025-03-15 22:46:32 INFO  ren0 [gaussian_mixture_model.h:237] Ratio is 6.359062
2025-03-15 22:46:32 INFO  ren0 [gaussian_mixture_model.h:237] Ratio is 2.238655
2025-03-15 22:46:32 INFO  ren0 [gaussian_mixture_model.h:237] Ratio is 2.238655
2025-03-15 22:46:32 INFO  ren0 [gaussian_mixture_model.h:237] Ratio is 4.163285
2025-03-15 22:46:32 INFO  ren0 [gaussian_mixture_model.h:237] Ratio is 4.163285
2025-03-15 22:46:32 INFO  ren0 [gaussian_mixture_model.h:237] Ratio is 3.179531
2025-03-15 22:46:32 INFO  ren0 [gaussian_mixture_model.h:237] Ratio is 3.179531
2025-03-15 22:46:32 INFO  ren0 [gaussian_mixture_model.h:237] Ratio is 3.179531
2025-03-15 22:46:32 INFO  ren0 [gaussian_mixture_model.h:237] Ratio is 3.179531
2025-03-15 22:46:32 INFO  ren0 [gaussian_mixture_model.h:218] components after the split: 9, split 4 components
2025-03-15 22:46:32 INFO  ren0 [octree.h:482] root weight: 1.859e+05 (185920.281250)
2025-03-15 22:46:32 INFO  ren0 [octree.h:483] splitting threshold: 1.859e+02 (185.920288)
2025-03-15 22:46:32 INFO  ren0 [octree.h:482] root weight: 1.517e+05 (151652.578125)
2025-03-15 22:46:32 INFO  ren0 [octree.h:483] splitting threshold: 1.517e+02 (151.652588)
2025-03-15 22:46:32 INFO  ren0 [octree.h:498] node count: 554 -> 558 -> 554

2025-03-15 22:46:32 INFO  ren0 [octree.h:498] node count: 345 -> 351 -> 343

2025-03-15 22:46:32 INFO  ren0 [PMMFocalGuidingIntegrator] diverge probability: 0.449

2025-03-15 22:46:32 INFO  ren0 [PMMFocalGuidingIntegrator] iteration postprocessing time: 31.5345s
2025-03-15 22:46:32 INFO  ren0 [PMMFocalGuidingIntegrator] GMM[
weight = 0.00517416 mean = [4.38735 6.72793 -0.641944] covariance = [[1.84965 -0.160054 0.444385][-0.160054 2.08889 0.254754][0.444385 0.254754 1.29863]]
weight = 0.00700089 mean = [-15.1311 7.95978 2.00535] covariance = [[10.893 1.25555 -0.0694261][1.25555 4.76119 -0.731543][-0.0694261 -0.731543 9.22736]]
weight = 0.596491 mean = [2.86046 1.5406 -0.386193] covariance = [[4.61386 0.0756181 2.44937][0.0756181 3.07411 -0.00616843][2.44937 -0.00616843 7.08885]]
weight = 0.00196879 mean = [-13.2384 -1.73205 0.700531] covariance = [[4.78438 -0.0979142 0.663014][-0.0979142 1.60391 -0.0276377][0.663014 -0.0276377 3.63502]]
weight = 0.00196879 mean = [-11.4079 -1.80093 4.37333] covariance = [[4.78438 -0.0979142 0.663014][-0.0979142 1.60391 -0.0276377][0.663014 -0.0276377 3.63502]]
weight = 0.00196879 mean = [-14.3094 -1.70893 3.04941] covariance = [[4.78438 -0.0979142 0.663014][-0.0979142 1.60391 -0.0276377][0.663014 -0.0276377 3.63502]]
weight = 0.378285 mean = [-2.47357 3.59164 -0.0612596] covariance = [[15.5281 0.275189 -1.22392][0.275189 9.80965 -0.170703][-1.22392 -0.170703 5.83267]]
weight = 0.00517416 mean = [5.00755 4.75477 -0.901715] covariance = [[1.84965 -0.160054 0.444385][-0.160054 2.08889 0.254754][0.444385 0.254754 1.29863]]
weight = 0.00196879 mean = [-10.3368 -1.82404 2.02445] covariance = [[4.78438 -0.0979142 0.663014][-0.0979142 1.60391 -0.0276377][0.663014 -0.0276377 3.63502]]
]
2025-03-15 22:46:32 INFO  ren0 [PMMFocalGuidingIntegrator] Octree[
AABB: AABB3[min=[-21.7494, -3.70393, -3.09172], max=[7.19249, 11.2965, 6.96201]]
Nodes count: 554
]
2025-03-15 22:46:32 INFO  ren0 [PMMFocalGuidingIntegrator] Octree[
AABB: AABB3[min=[-21.7494, -3.70393, -3.09172], max=[7.19249, 11.2965, 6.96201]]
Nodes count: 343
]
2025-03-15 22:46:32 INFO  ren0 [PMMFocalGuidingIntegrator] Finished training phase. Starting real rendering.
2025-03-15 22:46:32 INFO  ren0 [PMMFocalGuidingIntegrator] final guiding field written to ../scenes/modern-hallfinal_gmm.serialized
2025-03-15 22:46:32 INFO  ren0 [PMMFocalGuidingIntegrator] Starting render job (1280x720, 4 samples, 8 cores, SSE2 enabled) ..
2025-03-15 22:48:31 INFO  ren0 [PMMFocalGuidingIntegrator] rendered 4 samples per pixel in 1.9760m.
2025-03-15 22:48:31 INFO  ren0 [RenderJob] Render time: 19.1161m
2025-03-15 22:48:31 INFO  ren0 [PMMFocalGuidingIntegrator] iteration render time: 1.9760m
2025-03-15 22:48:31 INFO  ren0 [PMMFocalGuidingIntegrator] GMM[
weight = 0.00517416 mean = [4.38735 6.72793 -0.641944] covariance = [[1.84965 -0.160054 0.444385][-0.160054 2.08889 0.254754][0.444385 0.254754 1.29863]]
weight = 0.00700089 mean = [-15.1311 7.95978 2.00535] covariance = [[10.893 1.25555 -0.0694261][1.25555 4.76119 -0.731543][-0.0694261 -0.731543 9.22736]]
weight = 0.596491 mean = [2.86046 1.5406 -0.386193] covariance = [[4.61386 0.0756181 2.44937][0.0756181 3.07411 -0.00616843][2.44937 -0.00616843 7.08885]]
weight = 0.00196879 mean = [-13.2384 -1.73205 0.700531] covariance = [[4.78438 -0.0979142 0.663014][-0.0979142 1.60391 -0.0276377][0.663014 -0.0276377 3.63502]]
weight = 0.00196879 mean = [-11.4079 -1.80093 4.37333] covariance = [[4.78438 -0.0979142 0.663014][-0.0979142 1.60391 -0.0276377][0.663014 -0.0276377 3.63502]]
weight = 0.00196879 mean = [-14.3094 -1.70893 3.04941] covariance = [[4.78438 -0.0979142 0.663014][-0.0979142 1.60391 -0.0276377][0.663014 -0.0276377 3.63502]]
weight = 0.378285 mean = [-2.47357 3.59164 -0.0612596] covariance = [[15.5281 0.275189 -1.22392][0.275189 9.80965 -0.170703][-1.22392 -0.170703 5.83267]]
weight = 0.00517416 mean = [5.00755 4.75477 -0.901715] covariance = [[1.84965 -0.160054 0.444385][-0.160054 2.08889 0.254754][0.444385 0.254754 1.29863]]
weight = 0.00196879 mean = [-10.3368 -1.82404 2.02445] covariance = [[4.78438 -0.0979142 0.663014][-0.0979142 1.60391 -0.0276377][0.663014 -0.0276377 3.63502]]
]
2025-03-15 22:48:31 INFO  ren0 [HDRFilm] Writing image to "/home/julia/PBRT/PMM_focal_guiding/mitsuba/dist/../../scenes/modern-hall/modern-hall.exr" ..
2025-03-15 22:48:31 INFO  main [statistics.cpp:142] Statistics:
------------------------------------------------------------
 * Loaded plugins :
    -  plugins/area.so [Area light]
    -  plugins/bitmap.so [Bitmap texture]
    -  plugins/box.so [Box filter]
    -  plugins/cube.so [Cube intersection primitive]
    -  plugins/dielectric.so [Smooth dielectric BSDF]
    -  plugins/difftrans.so [Diffuse transmitter]
    -  plugins/diffuse.so [Smooth diffuse BRDF]
    -  plugins/hdrfilm.so [High dynamic range film]
    -  plugins/homogeneous.so [Homogeneous medium]
    -  plugins/independent.so [Independent sampler]
    -  plugins/isotropic.so [Isotropic phase function]
    -  plugins/lanczos.so [Lanczos Sinc filter]
    -  plugins/obj.so [OBJ triangle mesh loader]
    -  plugins/perspective.so [Perspective camera]
    -  plugins/pmm_focal_guiding.so [PMM focal guiding path tracer]
    -  plugins/rectangle.so [Rectangle intersection primitive]
    -  plugins/roughconductor.so [Rough conductor BRDF]
    -  plugins/roughplastic.so [Rough plastic BRDF]
    -  plugins/twosided.so [Two-sided BRDF adapter]

  * General :
    -  Normal rays traced : 13.686 M
    -  Shadow rays traced : 8.267 M

  * Path tracer :
    -  Average path length : 3.47 (12.78 M / 3.69 M)
    -  Sampled from Converging : 3.030 M
    -  Sampled from Diverging : 2.474 M
    -  Sampled from GMM : 5.504 M

  * Texture system :
    -  Filtered texture lookups : 30.44 % (921.34 K of 3.03 M)
------------------------------------------------------------
