2025-03-16 16:42:13 INFO  main [mitsuba.cpp:274] Mitsuba version 0.6.0 (Linux, 64 bit), Copyright (c) 2017 Wenzel Jakob
2025-03-16 16:42:13 INFO  main [mitsuba.cpp:377] Parsing scene description from "../../scenes/modern-hall/modern-hall.xml" ..
2025-03-16 16:42:13 INFO  main [scenehandler.cpp:675] In file "/home/julia/PBRT/PMM_focal_guiding/mitsuba/dist/../../scenes/modern-hall/modern-hall.xml" (near line 20): Parsing included file "pmm_focal_guiding.xml" ..
2025-03-16 16:42:13 INFO  main [PluginManager] Loading plugin "plugins/pmm_focal_guiding.so" ..
2025-03-16 16:42:13 INFO  main [octree.h:482] root weight: 8.000e-20 (0.000000)
2025-03-16 16:42:13 INFO  main [octree.h:483] splitting threshold: 8.000e-23 (0.000000)
2025-03-16 16:42:13 INFO  main [octree.h:498] node count: 1 -> 585 -> 585

2025-03-16 16:42:13 INFO  main [octree.h:482] root weight: 8.000e-20 (0.000000)
2025-03-16 16:42:13 INFO  main [octree.h:483] splitting threshold: 8.000e-23 (0.000000)
2025-03-16 16:42:13 INFO  main [octree.h:498] node count: 1 -> 585 -> 585

2025-03-16 16:42:13 INFO  main [PMMFocalGuidingIntegrator] Saving to: ../scenes/modern-hall/
2025-03-16 16:42:13 INFO  main [PMMFocalGuidingIntegrator] GMM params: alpha = 0.250000, split_th = 4.000000, merge_th = 0.500000, min_num_comp = 3, max_num_comp = 10
2025-03-16 16:42:13 INFO  main [PMMFocalGuidingIntegrator] iterationCount: 8
2025-03-16 16:42:13 INFO  main [PMMFocalGuidingIntegrator] PMMFocalGuidingIntegrator
  maxDepth = 40,
  rrDepth = 14,
  strictNormals = 1
  gmm = GMM[
]
]
2025-03-16 16:42:13 WARN  main [scenehandler.cpp:795] In file "/home/julia/PBRT/PMM_focal_guiding/mitsuba/dist/../../scenes/modern-hall/../_integrators/pmm_focal_guiding.xml" (near line 47): Unqueried attribute "budget" in element "integrator"
2025-03-16 16:42:13 WARN  main [scenehandler.cpp:795] In file "/home/julia/PBRT/PMM_focal_guiding/mitsuba/dist/../../scenes/modern-hall/../_integrators/pmm_focal_guiding.xml" (near line 47): Unqueried attribute "dumpPrimaryRays" in element "integrator"
2025-03-16 16:42:13 WARN  main [scenehandler.cpp:795] In file "/home/julia/PBRT/PMM_focal_guiding/mitsuba/dist/../../scenes/modern-hall/../_integrators/pmm_focal_guiding.xml" (near line 47): Unqueried attribute "dumpScene" in element "integrator"
2025-03-16 16:42:13 WARN  main [scenehandler.cpp:795] In file "/home/julia/PBRT/PMM_focal_guiding/mitsuba/dist/../../scenes/modern-hall/../_integrators/pmm_focal_guiding.xml" (near line 47): Unqueried attribute "normalBinning" in element "integrator"
2025-03-16 16:42:13 WARN  main [scenehandler.cpp:795] In file "/home/julia/PBRT/PMM_focal_guiding/mitsuba/dist/../../scenes/modern-hall/../_integrators/pmm_focal_guiding.xml" (near line 47): Unqueried attribute "samplingMode" in element "integrator"
2025-03-16 16:42:13 WARN  main [scenehandler.cpp:795] In file "/home/julia/PBRT/PMM_focal_guiding/mitsuba/dist/../../scenes/modern-hall/../_integrators/pmm_focal_guiding.xml" (near line 47): Unqueried attribute "unboundedSplatting" in element "integrator"
2025-03-16 16:42:13 INFO  main [PluginManager] Loading plugin "plugins/independent.so" ..
2025-03-16 16:42:13 INFO  main [PluginManager] Loading plugin "plugins/box.so" ..
2025-03-16 16:42:13 INFO  main [PluginManager] Loading plugin "plugins/hdrfilm.so" ..
2025-03-16 16:42:13 INFO  main [PluginManager] Loading plugin "plugins/perspective.so" ..
2025-03-16 16:42:13 INFO  main [PluginManager] Loading plugin "plugins/dielectric.so" ..
2025-03-16 16:42:13 INFO  main [PluginManager] Loading plugin "plugins/bitmap.so" ..
2025-03-16 16:42:13 INFO  main [BitmapTexture] Loading texture "wood5.jpg"
2025-03-16 16:42:13 INFO  main [MIPMap] Mapped MIP map cache file "/home/julia/PBRT/PMM_focal_guiding/mitsuba/dist/../../scenes/modern-hall/textures/wood5.mip" into memory (14.7 MiB).
2025-03-16 16:42:13 INFO  main [PluginManager] Loading plugin "plugins/roughplastic.so" ..
2025-03-16 16:42:13 INFO  main [PluginManager] Loading plugin "plugins/twosided.so" ..
2025-03-16 16:42:13 INFO  main [BitmapTexture] Loading texture "Tiles.jpg"
2025-03-16 16:42:13 INFO  main [PluginManager] Loading plugin "plugins/lanczos.so" ..
2025-03-16 16:42:13 INFO  main [PluginManager] Loading plugin "plugins/diffuse.so" ..
2025-03-16 16:42:13 INFO  main [BitmapTexture] Loading texture "Wallpaper.jpg"
2025-03-16 16:42:13 INFO  main [PluginManager] Loading plugin "plugins/roughconductor.so" ..
2025-03-16 16:42:13 INFO  main [spectrum.cpp:599] "Cu.eta.spd": loaded a spectral power distribution with 55 entries (between 302.400421 and 885.601257 nm)
2025-03-16 16:42:13 INFO  main [spectrum.cpp:599] "Cu.k.spd": loaded a spectral power distribution with 55 entries (between 302.400421 and 885.601257 nm)
2025-03-16 16:42:13 INFO  main [spectrum.cpp:599] "Cu.eta.spd": loaded a spectral power distribution with 55 entries (between 302.400421 and 885.601257 nm)
2025-03-16 16:42:13 INFO  main [spectrum.cpp:599] "Cu.k.spd": loaded a spectral power distribution with 55 entries (between 302.400421 and 885.601257 nm)
2025-03-16 16:42:13 INFO  main [PluginManager] Loading plugin "plugins/difftrans.so" ..
2025-03-16 16:42:13 INFO  main [PluginManager] Loading plugin "plugins/area.so" ..
2025-03-16 16:42:13 INFO  main [PluginManager] Loading plugin "plugins/rectangle.so" ..
2025-03-16 16:42:13 INFO  main [PluginManager] Loading plugin "plugins/cube.so" ..
2025-03-16 16:42:13 INFO  main [PluginManager] Loading plugin "plugins/obj.so" ..
2025-03-16 16:42:13 INFO  main [WavefrontOBJ] Loading geometry from "Mesh008.obj" ..
2025-03-16 16:42:14 INFO  main [WavefrontOBJ] Mesh008: 5184 triangles, 2664 vertices (merged 12888 vertices).
2025-03-16 16:42:14 INFO  main [WavefrontOBJ] Done with "Mesh008.obj" (took 48 ms)
2025-03-16 16:42:14 INFO  main [WavefrontOBJ] Loading geometry from "Mesh004.obj" ..
2025-03-16 16:42:14 INFO  main [WavefrontOBJ] Mesh004: 5184 triangles, 2664 vertices (merged 12888 vertices).
2025-03-16 16:42:14 INFO  main [WavefrontOBJ] Done with "Mesh004.obj" (took 46 ms)
2025-03-16 16:42:14 INFO  main [WavefrontOBJ] Loading geometry from "Mesh003.obj" ..
2025-03-16 16:42:14 INFO  main [WavefrontOBJ] Mesh003: 5184 triangles, 2664 vertices (merged 12888 vertices).
2025-03-16 16:42:14 INFO  main [WavefrontOBJ] Done with "Mesh003.obj" (took 47 ms)
2025-03-16 16:42:14 INFO  main [WavefrontOBJ] Loading geometry from "Mesh006.obj" ..
2025-03-16 16:42:14 INFO  main [WavefrontOBJ] Mesh006: 5184 triangles, 2664 vertices (merged 12888 vertices).
2025-03-16 16:42:14 INFO  main [WavefrontOBJ] Done with "Mesh006.obj" (took 49 ms)
2025-03-16 16:42:14 INFO  main [WavefrontOBJ] Loading geometry from "Mesh012.obj" ..
2025-03-16 16:42:14 INFO  main [WavefrontOBJ] Mesh012: 444 triangles, 882 vertices (merged 450 vertices).
2025-03-16 16:42:14 INFO  main [WavefrontOBJ] Done with "Mesh012.obj" (took 8 ms)
2025-03-16 16:42:14 INFO  main [WavefrontOBJ] Loading geometry from "Mesh013.obj" ..
2025-03-16 16:42:14 INFO  main [WavefrontOBJ] Mesh013: 5184 triangles, 2664 vertices (merged 12888 vertices).
2025-03-16 16:42:14 INFO  main [WavefrontOBJ] Done with "Mesh013.obj" (took 41 ms)
2025-03-16 16:42:14 INFO  main [WavefrontOBJ] Loading geometry from "Mesh010.obj" ..
2025-03-16 16:42:14 INFO  main [WavefrontOBJ] Mesh010: 32 triangles, 60 vertices (merged 36 vertices).
2025-03-16 16:42:14 INFO  main [WavefrontOBJ] Done with "Mesh010.obj" (took 0 ms)
2025-03-16 16:42:14 INFO  main [WavefrontOBJ] Loading geometry from "Mesh015.obj" ..
2025-03-16 16:42:14 INFO  main [WavefrontOBJ] Mesh015: 32 triangles, 60 vertices (merged 36 vertices).
2025-03-16 16:42:14 INFO  main [WavefrontOBJ] Done with "Mesh015.obj" (took 0 ms)
2025-03-16 16:42:14 INFO  main [WavefrontOBJ] Loading geometry from "Mesh002.obj" ..
2025-03-16 16:42:14 INFO  main [WavefrontOBJ] Mesh002: 32 triangles, 60 vertices (merged 36 vertices).
2025-03-16 16:42:14 INFO  main [WavefrontOBJ] Done with "Mesh002.obj" (took 0 ms)
2025-03-16 16:42:14 INFO  main [WavefrontOBJ] Loading geometry from "Mesh007.obj" ..
2025-03-16 16:42:14 INFO  main [WavefrontOBJ] Mesh007: 32 triangles, 60 vertices (merged 36 vertices).
2025-03-16 16:42:14 INFO  main [WavefrontOBJ] Done with "Mesh007.obj" (took 0 ms)
2025-03-16 16:42:14 INFO  main [WavefrontOBJ] Loading geometry from "Mesh005.obj" ..
2025-03-16 16:42:14 INFO  main [WavefrontOBJ] Mesh005: 12 triangles, 20 vertices (merged 16 vertices).
2025-03-16 16:42:14 INFO  main [WavefrontOBJ] Done with "Mesh005.obj" (took 0 ms)
2025-03-16 16:42:14 INFO  main [WavefrontOBJ] Loading geometry from "Mesh016.obj" ..
2025-03-16 16:42:14 INFO  main [WavefrontOBJ] Mesh016: 120 triangles, 204 vertices (merged 156 vertices).
2025-03-16 16:42:14 INFO  main [WavefrontOBJ] Done with "Mesh016.obj" (took 2 ms)
2025-03-16 16:42:14 INFO  main [WavefrontOBJ] Loading geometry from "Mesh017.obj" ..
2025-03-16 16:42:14 INFO  main [WavefrontOBJ] Mesh017: 20 triangles, 40 vertices (merged 20 vertices).
2025-03-16 16:42:14 INFO  main [WavefrontOBJ] Done with "Mesh017.obj" (took 0 ms)
2025-03-16 16:42:14 INFO  main [WavefrontOBJ] Loading geometry from "Mesh018.obj" ..
2025-03-16 16:42:14 INFO  main [WavefrontOBJ] Mesh018: 2 triangles, 4 vertices (merged 2 vertices).
2025-03-16 16:42:14 INFO  main [WavefrontOBJ] Done with "Mesh018.obj" (took 0 ms)
2025-03-16 16:42:14 INFO  main [WavefrontOBJ] Loading geometry from "Mesh011.obj" ..
2025-03-16 16:42:14 INFO  main [WavefrontOBJ] Mesh011: 32 triangles, 30 vertices (merged 66 vertices).
2025-03-16 16:42:14 INFO  main [WavefrontOBJ] Done with "Mesh011.obj" (took 0 ms)
2025-03-16 16:42:14 INFO  main [PluginManager] Loading plugin "plugins/homogeneous.so" ..
2025-03-16 16:42:14 INFO  main [PluginManager] Loading plugin "plugins/isotropic.so" ..
2025-03-16 16:42:14 INFO  main [WavefrontOBJ] Loading geometry from "Mesh014.obj" ..
2025-03-16 16:42:14 INFO  main [WavefrontOBJ] Mesh014: 36 triangles, 72 vertices (merged 36 vertices).
2025-03-16 16:42:14 INFO  main [WavefrontOBJ] Done with "Mesh014.obj" (took 0 ms)
2025-03-16 16:42:14 INFO  main [WavefrontOBJ] Loading geometry from "Mesh001.obj" ..
2025-03-16 16:42:14 INFO  main [WavefrontOBJ] Mesh001: 924 triangles, 2016 vertices (merged 756 vertices).
2025-03-16 16:42:14 INFO  main [WavefrontOBJ] Done with "Mesh001.obj" (took 17 ms)
2025-03-16 16:42:14 INFO  main [WavefrontOBJ] Loading geometry from "Mesh000.obj" ..
2025-03-16 16:42:14 INFO  main [WavefrontOBJ] Mesh000: 3127 triangles, 2075 vertices (merged 7306 vertices).
2025-03-16 16:42:14 INFO  main [WavefrontOBJ] Done with "Mesh000.obj" (took 37 ms)
2025-03-16 16:42:14 INFO  main [WavefrontOBJ] Loading geometry from "Mesh009.obj" ..
2025-03-16 16:42:14 INFO  main [WavefrontOBJ] Mesh009: 146 triangles, 110 vertices (merged 328 vertices).
2025-03-16 16:42:14 INFO  main [WavefrontOBJ] Done with "Mesh009.obj" (took 1 ms)
2025-03-16 16:42:14 INFO  ren0 [KDTreeBase] Constructing a SAH kd-tree (30963 primitives) ..
2025-03-16 16:42:14 INFO  ren0 [KDTreeBase] Finished -- took 535 ms.
2025-03-16 16:42:14 INFO  ren0 [PMMFocalGuidingIntegrator] Starting preprocess
2025-03-16 16:42:14 INFO  ren0 [octree.h:482] root weight: 8.000e-20 (0.000000)
2025-03-16 16:42:14 INFO  ren0 [octree.h:483] splitting threshold: 8.000e-21 (0.000000)
2025-03-16 16:42:14 INFO  ren0 [octree.h:498] node count: 1 -> 9 -> 9

2025-03-16 16:42:14 INFO  ren0 [octree.h:482] root weight: 6.400e-19 (0.000000)
2025-03-16 16:42:14 INFO  ren0 [octree.h:483] splitting threshold: 6.400e-20 (0.000000)
2025-03-16 16:42:14 INFO  ren0 [octree.h:498] node count: 9 -> 9 -> 9

2025-03-16 16:42:14 INFO  ren0 [octree.h:482] root weight: 8.000e-20 (0.000000)
2025-03-16 16:42:14 INFO  ren0 [octree.h:483] splitting threshold: 8.000e-21 (0.000000)
2025-03-16 16:42:14 INFO  ren0 [octree.h:498] node count: 1 -> 9 -> 9

2025-03-16 16:42:14 INFO  ren0 [octree.h:482] root weight: 6.400e-19 (0.000000)
2025-03-16 16:42:14 INFO  ren0 [octree.h:483] splitting threshold: 6.400e-20 (0.000000)
2025-03-16 16:42:14 INFO  ren0 [octree.h:498] node count: 9 -> 9 -> 9

2025-03-16 16:42:14 INFO  ren0 [PMMFocalGuidingIntegrator] Octree[
AABB: AABB3[min=[-21.7494, -3.70393, -3.09172], max=[7.19249, 11.2965, 6.96201]]
Nodes count: 9
]
2025-03-16 16:42:14 INFO  ren0 [PMMFocalGuidingIntegrator] Octree[
AABB: AABB3[min=[-21.7494, -3.70393, -3.09172], max=[7.19249, 11.2965, 6.96201]]
Nodes count: 9
]
2025-03-16 16:42:14 INFO  ren0 [PMMFocalGuidingIntegrator] GMM[
weight = 0.166667 mean = [-14.9408 10.2862 -1.67252] covariance = [[1 0 0][0 1 0][0 0 1]]
weight = 0.166667 mean = [5.85861 0.771533 -1.22459] covariance = [[1 0 0][0 1 0][0 0 1]]
weight = 0.166667 mean = [3.31833 10.3828 -2.56588] covariance = [[1 0 0][0 1 0][0 0 1]]
weight = 0.166667 mean = [-20.18 2.0611 3.61297] covariance = [[1 0 0][0 1 0][0 0 1]]
weight = 0.166667 mean = [3.73408 7.41115 -1.87262] covariance = [[1 0 0][0 1 0][0 0 1]]
weight = 0.166667 mean = [-20.6402 10.1924 5.16684] covariance = [[1 0 0][0 1 0][0 0 1]]
]
2025-03-16 16:42:14 INFO  ren0 [PMMFocalGuidingIntegrator] Starting training... (8) iterations
2025-03-16 16:42:14 INFO  ren0 [PMMFocalGuidingIntegrator] Rendering 0 iteration
2025-03-16 16:42:14 INFO  ren0 [SamplingIntegrator] Starting render job (1280x720, 4 samples, 8 cores, SSE2 enabled) ..
2025-03-16 16:43:27 INFO  ren0 [PMMFocalGuidingIntegrator] iteration render time: 1.2099m
2025-03-16 16:43:27 INFO  ren0 [PMMFocalGuidingIntegrator] Got 17148 non-zero samples and 0 zero samples
2025-03-16 16:43:30 INFO  ren0 [gaussian_mixture_model.h:126] Components accumulated weight is: 1.000000
2025-03-16 16:43:30 INFO  ren0 [gaussian_mixture_model.h:173] exp(-dist) between 0 and 1 is 0.341729
2025-03-16 16:43:30 INFO  ren0 [gaussian_mixture_model.h:173] exp(-dist) between 0 and 2 is 0.143339
2025-03-16 16:43:30 INFO  ren0 [gaussian_mixture_model.h:173] exp(-dist) between 0 and 3 is 0.394352
2025-03-16 16:43:30 INFO  ren0 [gaussian_mixture_model.h:173] exp(-dist) between 0 and 4 is 0.380078
2025-03-16 16:43:30 INFO  ren0 [gaussian_mixture_model.h:173] exp(-dist) between 0 and 5 is 0.139574
2025-03-16 16:43:30 INFO  ren0 [gaussian_mixture_model.h:173] exp(-dist) between 1 and 2 is 0.003668
2025-03-16 16:43:30 INFO  ren0 [gaussian_mixture_model.h:173] exp(-dist) between 1 and 3 is 0.330253
2025-03-16 16:43:30 INFO  ren0 [gaussian_mixture_model.h:173] exp(-dist) between 1 and 4 is 0.470350
2025-03-16 16:43:30 INFO  ren0 [gaussian_mixture_model.h:173] exp(-dist) between 1 and 5 is 0.022399
2025-03-16 16:43:30 INFO  ren0 [gaussian_mixture_model.h:173] exp(-dist) between 2 and 3 is 0.007180
2025-03-16 16:43:30 INFO  ren0 [gaussian_mixture_model.h:173] exp(-dist) between 2 and 4 is 0.275275
2025-03-16 16:43:30 INFO  ren0 [gaussian_mixture_model.h:173] exp(-dist) between 2 and 5 is 0.101709
2025-03-16 16:43:30 INFO  ren0 [gaussian_mixture_model.h:173] exp(-dist) between 3 and 4 is 0.274411
2025-03-16 16:43:30 INFO  ren0 [gaussian_mixture_model.h:173] exp(-dist) between 3 and 5 is 0.115949
2025-03-16 16:43:30 INFO  ren0 [gaussian_mixture_model.h:173] exp(-dist) between 4 and 5 is 0.044319
2025-03-16 16:43:30 INFO  ren0 [gaussian_mixture_model.h:180] components before the merge: 6
2025-03-16 16:43:30 INFO  ren0 [gaussian_mixture_model.h:183] Merging 4 and 1, because their BC is 0.470350
2025-03-16 16:43:30 INFO  ren0 [gaussian_mixture_model.h:200] components after the merge: 5, merged 1 component
2025-03-16 16:43:30 INFO  ren0 [gaussian_mixture_model.h:237] Ratio is 20.482656
2025-03-16 16:43:30 INFO  ren0 [gaussian_mixture_model.h:237] Ratio is 38.488845
2025-03-16 16:43:30 INFO  ren0 [gaussian_mixture_model.h:237] Ratio is 25.075354
2025-03-16 16:43:30 INFO  ren0 [gaussian_mixture_model.h:237] Ratio is 3.389044
2025-03-16 16:43:30 INFO  ren0 [gaussian_mixture_model.h:237] Ratio is 10.845523
2025-03-16 16:43:30 INFO  ren0 [gaussian_mixture_model.h:237] Ratio is 10.241328
2025-03-16 16:43:30 INFO  ren0 [gaussian_mixture_model.h:218] components after the split: 10, split 5 components
2025-03-16 16:43:30 INFO  ren0 [octree.h:482] root weight: 7.171e+04 (71711.554688)
2025-03-16 16:43:30 INFO  ren0 [octree.h:483] splitting threshold: 7.171e+03 (7171.155762)
2025-03-16 16:43:30 INFO  ren0 [octree.h:482] root weight: 6.862e+04 (68618.601562)
2025-03-16 16:43:30 INFO  ren0 [octree.h:483] splitting threshold: 6.862e+03 (6861.860352)
2025-03-16 16:43:30 INFO  ren0 [octree.h:498] node count: 9 -> 10 -> 4

2025-03-16 16:43:30 INFO  ren0 [octree.h:498] node count: 9 -> 9 -> 2

2025-03-16 16:43:30 INFO  ren0 [PMMFocalGuidingIntegrator] diverge probability: 0.489

2025-03-16 16:43:30 INFO  ren0 [PMMFocalGuidingIntegrator] iteration postprocessing time: 3.4762s
2025-03-16 16:43:30 INFO  ren0 [PMMFocalGuidingIntegrator] GMM[
weight = 0.0193172 mean = [-3.37059 -0.127122 2.14002] covariance = [[12.4475 -6.67878 3.48116][-6.67878 12.0931 -0.818095][3.48116 -0.818095 6.40642]]
weight = 0.0386343 mean = [-11.9912 7.76579 -0.608845] covariance = [[22.5881 -15.9634 6.71471][-15.9634 20.594 -3.7787][6.71471 -3.7787 7.43751]]
weight = 0.0111986 mean = [1.53124 10.0381 -1.55906] covariance = [[13.774 1.59147 -4.24932][1.59147 1.06292 -0.129176][-4.24932 -0.129176 8.01682]]
weight = 0.0159345 mean = [-6.70932 -1.6285 1.79242] covariance = [[44.2057 -10.67 -4.4698][-10.67 7.4092 2.50002][-4.4698 2.50002 6.5046]]
weight = 0.866195 mean = [1.50434 2.38714 0.319387] covariance = [[24.7063 2.66362 -4.9247][2.66362 9.11925 -1.59538][-4.9247 -1.59538 10.1515]]
weight = 0.00113509 mean = [-14.9307 7.63772 5.11315] covariance = [[8.89243 -2.82732 0.414338][-2.82732 3.37557 0.0448827][0.414338 0.0448827 2.00607]]
weight = 0.0111986 mean = [-3.48466 9.48726 1.06366] covariance = [[13.774 1.59147 -4.24932][1.59147 1.06292 -0.129176][-4.24932 -0.129176 8.01682]]
weight = 0.0159345 mean = [-16.062 0.922506 2.96273] covariance = [[44.2057 -10.67 -4.4698][-10.67 7.4092 2.50002][-4.4698 2.50002 6.5046]]
weight = 0.00113509 mean = [-19.0702 9.37675 4.91089] covariance = [[8.89243 -2.82732 0.414338][-2.82732 3.37557 0.0448827][0.414338 0.0448827 2.00607]]
weight = 0.0193172 mean = [-7.87405 3.9962 0.703991] covariance = [[12.4475 -6.67878 3.48116][-6.67878 12.0931 -0.818095][3.48116 -0.818095 6.40642]]
]
2025-03-16 16:43:30 INFO  ren0 [PMMFocalGuidingIntegrator] Octree[
AABB: AABB3[min=[-21.7494, -3.70393, -3.09172], max=[7.19249, 11.2965, 6.96201]]
Nodes count: 4
]
2025-03-16 16:43:30 INFO  ren0 [PMMFocalGuidingIntegrator] Octree[
AABB: AABB3[min=[-21.7494, -3.70393, -3.09172], max=[7.19249, 11.2965, 6.96201]]
Nodes count: 2
]
2025-03-16 16:43:30 INFO  ren0 [PMMFocalGuidingIntegrator] Rendering 1 iteration
2025-03-16 16:43:30 INFO  ren0 [SamplingIntegrator] Starting render job (1280x720, 4 samples, 8 cores, SSE2 enabled) ..
2025-03-16 16:43:37 INFO  wrk1 [PMMFocalGuidingIntegrator] hit luminaire, value = [1e+07, 1e+07, 1e+07]
2025-03-16 16:43:37 INFO  wrk7 [PMMFocalGuidingIntegrator] hit luminaire, value = [1e+07, 1e+07, 1e+07]
2025-03-16 16:45:29 INFO  ren0 [PMMFocalGuidingIntegrator] iteration render time: 1.9808m
2025-03-16 16:45:29 INFO  ren0 [PMMFocalGuidingIntegrator] Got 20613 non-zero samples and 0 zero samples
2025-03-16 16:45:37 INFO  ren0 [gaussian_mixture_model.h:126] Components accumulated weight is: 1.000000
2025-03-16 16:45:37 INFO  ren0 [gaussian_mixture_model.h:173] exp(-dist) between 0 and 1 is 0.753977
2025-03-16 16:45:37 INFO  ren0 [gaussian_mixture_model.h:173] exp(-dist) between 0 and 2 is 0.072321
2025-03-16 16:45:37 INFO  ren0 [gaussian_mixture_model.h:173] exp(-dist) between 0 and 3 is 0.673363
2025-03-16 16:45:37 INFO  ren0 [gaussian_mixture_model.h:173] exp(-dist) between 0 and 4 is 0.623501
2025-03-16 16:45:37 INFO  ren0 [gaussian_mixture_model.h:173] exp(-dist) between 0 and 5 is 0.049796
2025-03-16 16:45:37 INFO  ren0 [gaussian_mixture_model.h:173] exp(-dist) between 0 and 6 is 0.125294
2025-03-16 16:45:37 INFO  ren0 [gaussian_mixture_model.h:173] exp(-dist) between 0 and 7 is 0.417656
2025-03-16 16:45:37 INFO  ren0 [gaussian_mixture_model.h:173] exp(-dist) between 0 and 8 is 0.032340
2025-03-16 16:45:37 INFO  ren0 [gaussian_mixture_model.h:173] exp(-dist) between 0 and 9 is 0.818818
2025-03-16 16:45:37 INFO  ren0 [gaussian_mixture_model.h:173] exp(-dist) between 1 and 2 is 0.124619
2025-03-16 16:45:37 INFO  ren0 [gaussian_mixture_model.h:173] exp(-dist) between 1 and 3 is 0.449493
2025-03-16 16:45:37 INFO  ren0 [gaussian_mixture_model.h:173] exp(-dist) between 1 and 4 is 0.394324
2025-03-16 16:45:37 INFO  ren0 [gaussian_mixture_model.h:173] exp(-dist) between 1 and 5 is 0.161273
2025-03-16 16:45:37 INFO  ren0 [gaussian_mixture_model.h:173] exp(-dist) between 1 and 6 is 0.237333
2025-03-16 16:45:37 INFO  ren0 [gaussian_mixture_model.h:173] exp(-dist) between 1 and 7 is 0.366280
2025-03-16 16:45:37 INFO  ren0 [gaussian_mixture_model.h:173] exp(-dist) between 1 and 8 is 0.139233
2025-03-16 16:45:37 INFO  ren0 [gaussian_mixture_model.h:173] exp(-dist) between 1 and 9 is 0.906005
2025-03-16 16:45:37 INFO  ren0 [gaussian_mixture_model.h:173] exp(-dist) between 2 and 3 is 0.001829
2025-03-16 16:45:37 INFO  ren0 [gaussian_mixture_model.h:173] exp(-dist) between 2 and 4 is 0.130791
2025-03-16 16:45:37 INFO  ren0 [gaussian_mixture_model.h:173] exp(-dist) between 2 and 5 is 0.027952
2025-03-16 16:45:37 INFO  ren0 [gaussian_mixture_model.h:173] exp(-dist) between 2 and 6 is 0.866698
2025-03-16 16:45:37 INFO  ren0 [gaussian_mixture_model.h:173] exp(-dist) between 2 and 7 is 0.004460
2025-03-16 16:45:37 INFO  ren0 [gaussian_mixture_model.h:173] exp(-dist) between 2 and 8 is 0.017535
2025-03-16 16:45:37 INFO  ren0 [gaussian_mixture_model.h:173] exp(-dist) between 2 and 9 is 0.135357
2025-03-16 16:45:37 INFO  ren0 [gaussian_mixture_model.h:173] exp(-dist) between 3 and 4 is 0.409444
2025-03-16 16:45:37 INFO  ren0 [gaussian_mixture_model.h:173] exp(-dist) between 3 and 5 is 0.056270
2025-03-16 16:45:37 INFO  ren0 [gaussian_mixture_model.h:173] exp(-dist) between 3 and 6 is 0.004239
2025-03-16 16:45:37 INFO  ren0 [gaussian_mixture_model.h:173] exp(-dist) between 3 and 7 is 0.867428
2025-03-16 16:45:37 INFO  ren0 [gaussian_mixture_model.h:173] exp(-dist) between 3 and 8 is 0.043835
2025-03-16 16:45:37 INFO  ren0 [gaussian_mixture_model.h:173] exp(-dist) between 3 and 9 is 0.485388
2025-03-16 16:45:37 INFO  ren0 [gaussian_mixture_model.h:173] exp(-dist) between 4 and 5 is 0.017432
2025-03-16 16:45:37 INFO  ren0 [gaussian_mixture_model.h:173] exp(-dist) between 4 and 6 is 0.125784
2025-03-16 16:45:37 INFO  ren0 [gaussian_mixture_model.h:173] exp(-dist) between 4 and 7 is 0.215937
2025-03-16 16:45:37 INFO  ren0 [gaussian_mixture_model.h:173] exp(-dist) between 4 and 8 is 0.010122
2025-03-16 16:45:37 INFO  ren0 [gaussian_mixture_model.h:173] exp(-dist) between 4 and 9 is 0.435312
2025-03-16 16:45:37 INFO  ren0 [gaussian_mixture_model.h:173] exp(-dist) between 5 and 6 is 0.078686
2025-03-16 16:45:37 INFO  ren0 [gaussian_mixture_model.h:173] exp(-dist) between 5 and 7 is 0.142816
2025-03-16 16:45:37 INFO  ren0 [gaussian_mixture_model.h:173] exp(-dist) between 5 and 8 is 0.856364
2025-03-16 16:45:37 INFO  ren0 [gaussian_mixture_model.h:173] exp(-dist) between 5 and 9 is 0.127365
2025-03-16 16:45:37 INFO  ren0 [gaussian_mixture_model.h:173] exp(-dist) between 6 and 7 is 0.010855
2025-03-16 16:45:37 INFO  ren0 [gaussian_mixture_model.h:173] exp(-dist) between 6 and 8 is 0.050561
2025-03-16 16:45:37 INFO  ren0 [gaussian_mixture_model.h:173] exp(-dist) between 6 and 9 is 0.248310
2025-03-16 16:45:37 INFO  ren0 [gaussian_mixture_model.h:173] exp(-dist) between 7 and 8 is 0.130837
2025-03-16 16:45:37 INFO  ren0 [gaussian_mixture_model.h:173] exp(-dist) between 7 and 9 is 0.402259
2025-03-16 16:45:37 INFO  ren0 [gaussian_mixture_model.h:173] exp(-dist) between 8 and 9 is 0.086179
2025-03-16 16:45:37 INFO  ren0 [gaussian_mixture_model.h:180] components before the merge: 10
2025-03-16 16:45:37 INFO  ren0 [gaussian_mixture_model.h:183] Merging 9 and 1, because their BC is 0.906005
2025-03-16 16:45:37 INFO  ren0 [gaussian_mixture_model.h:183] Merging 7 and 3, because their BC is 0.867428
2025-03-16 16:45:37 INFO  ren0 [gaussian_mixture_model.h:183] Merging 6 and 2, because their BC is 0.866698
2025-03-16 16:45:37 INFO  ren0 [gaussian_mixture_model.h:183] Merging 8 and 5, because their BC is 0.856364
2025-03-16 16:45:37 INFO  ren0 [gaussian_mixture_model.h:183] Merging 9 and 0, because their BC is 0.796608
2025-03-16 16:45:37 INFO  ren0 [gaussian_mixture_model.h:183] Merging 9 and 7, because their BC is 0.502209
2025-03-16 16:45:37 INFO  ren0 [gaussian_mixture_model.h:183] Merging 9 and 4, because their BC is 0.529436
2025-03-16 16:45:37 INFO  ren0 [gaussian_mixture_model.h:200] components after the merge: 3, merged 7 component
2025-03-16 16:45:37 INFO  ren0 [gaussian_mixture_model.h:237] Ratio is 20.333640
2025-03-16 16:45:37 INFO  ren0 [gaussian_mixture_model.h:237] Ratio is 6.828075
2025-03-16 16:45:37 INFO  ren0 [gaussian_mixture_model.h:237] Ratio is 3.591534
2025-03-16 16:45:37 INFO  ren0 [gaussian_mixture_model.h:237] Ratio is 10.166820
2025-03-16 16:45:37 INFO  ren0 [gaussian_mixture_model.h:237] Ratio is 10.166820
2025-03-16 16:45:37 INFO  ren0 [gaussian_mixture_model.h:237] Ratio is 3.414037
2025-03-16 16:45:37 INFO  ren0 [gaussian_mixture_model.h:237] Ratio is 3.414037
2025-03-16 16:45:37 INFO  ren0 [gaussian_mixture_model.h:237] Ratio is 7.467510
2025-03-16 16:45:37 INFO  ren0 [gaussian_mixture_model.h:237] Ratio is 7.467510
2025-03-16 16:45:37 INFO  ren0 [gaussian_mixture_model.h:237] Ratio is 7.467510
2025-03-16 16:45:37 INFO  ren0 [gaussian_mixture_model.h:218] components after the split: 10, split 7 components
2025-03-16 16:45:37 INFO  ren0 [octree.h:482] root weight: 5.249e+04 (52494.941406)
2025-03-16 16:45:37 INFO  ren0 [octree.h:483] splitting threshold: 5.249e+03 (5249.494141)
2025-03-16 16:45:37 INFO  ren0 [octree.h:482] root weight: 4.604e+04 (46038.648438)
2025-03-16 16:45:37 INFO  ren0 [octree.h:483] splitting threshold: 4.604e+03 (4603.864746)
2025-03-16 16:45:37 INFO  ren0 [octree.h:498] node count: 4 -> 4 -> 4

2025-03-16 16:45:37 INFO  ren0 [octree.h:498] node count: 2 -> 2 -> 2

2025-03-16 16:45:37 INFO  ren0 [PMMFocalGuidingIntegrator] diverge probability: 0.467

2025-03-16 16:45:37 INFO  ren0 [PMMFocalGuidingIntegrator] iteration postprocessing time: 7.2807s
2025-03-16 16:45:37 INFO  ren0 [PMMFocalGuidingIntegrator] GMM[
weight = 0.00276559 mean = [-2.28527 9.66417 2.00284] covariance = [[4.16886 0.349025 -0.491109][0.349025 0.91631 0.0172802][-0.491109 0.0172802 3.52874]]
weight = 0.00133724 mean = [-17.409 8.5956 4.73726] covariance = [[4.91307 -1.13009 0.335566][-1.13009 2.48165 0.165054][0.335566 0.165054 1.75601]]
weight = 0.00276559 mean = [-1.194 9.76884 1.4295] covariance = [[4.16886 0.349025 -0.491109][0.349025 0.91631 0.0172802][-0.491109 0.0172802 3.52874]]
weight = 0.00553119 mean = [-5.50631 9.31642 2.25337] covariance = [[4.85674 0.460502 0.838544][0.460502 0.934376 0.232761][0.838544 0.232761 6.09892]]
weight = 0.00276559 mean = [0.267644 9.83147 -2.22189] covariance = [[4.16886 0.349025 -0.491109][0.349025 0.91631 0.0172802][-0.491109 0.0172802 3.52874]]
weight = 0.00276559 mean = [-2.36693 9.57876 -0.837733] covariance = [[4.16886 0.349025 -0.491109][0.349025 0.91631 0.0172802][-0.491109 0.0172802 3.52874]]
weight = 0.00276559 mean = [1.44057 10.0216 0.0453456] covariance = [[4.16886 0.349025 -0.491109][0.349025 0.91631 0.0172802][-0.491109 0.0172802 3.52874]]
weight = 0.00276559 mean = [-3.4582 9.47408 -0.264398] covariance = [[4.16886 0.349025 -0.491109][0.349025 0.91631 0.0172802][-0.491109 0.0172802 3.52874]]
weight = 0.00133724 mean = [-14.358 7.41698 4.96641] covariance = [[4.91307 -1.13009 0.335566][-1.13009 2.48165 0.165054][0.335566 0.165054 1.75601]]
weight = 0.975201 mean = [0.318216 2.46987 0.223393] covariance = [[25.3047 -1.24543 -0.469893][-1.24543 8.0245 -0.446322][-0.469893 -0.446322 7.34988]]
]
2025-03-16 16:45:37 INFO  ren0 [PMMFocalGuidingIntegrator] Octree[
AABB: AABB3[min=[-21.7494, -3.70393, -3.09172], max=[7.19249, 11.2965, 6.96201]]
Nodes count: 4
]
2025-03-16 16:45:37 INFO  ren0 [PMMFocalGuidingIntegrator] Octree[
AABB: AABB3[min=[-21.7494, -3.70393, -3.09172], max=[7.19249, 11.2965, 6.96201]]
Nodes count: 2
]
2025-03-16 16:45:37 INFO  ren0 [PMMFocalGuidingIntegrator] Rendering 2 iteration
2025-03-16 16:45:37 INFO  ren0 [SamplingIntegrator] Starting render job (1280x720, 4 samples, 8 cores, SSE2 enabled) ..
2025-03-16 16:47:22 INFO  ren0 [PMMFocalGuidingIntegrator] iteration render time: 1.7591m
2025-03-16 16:47:22 INFO  ren0 [PMMFocalGuidingIntegrator] Got 24188 non-zero samples and 0 zero samples
2025-03-16 16:47:30 INFO  ren0 [gaussian_mixture_model.h:126] Components accumulated weight is: 1.000000
2025-03-16 16:47:30 INFO  ren0 [gaussian_mixture_model.h:173] exp(-dist) between 0 and 1 is 0.001767
2025-03-16 16:47:30 INFO  ren0 [gaussian_mixture_model.h:173] exp(-dist) between 0 and 2 is 0.953047
2025-03-16 16:47:30 INFO  ren0 [gaussian_mixture_model.h:173] exp(-dist) between 0 and 3 is 0.711293
2025-03-16 16:47:30 INFO  ren0 [gaussian_mixture_model.h:173] exp(-dist) between 0 and 4 is 0.436514
2025-03-16 16:47:30 INFO  ren0 [gaussian_mixture_model.h:173] exp(-dist) between 0 and 5 is 0.647560
2025-03-16 16:47:30 INFO  ren0 [gaussian_mixture_model.h:173] exp(-dist) between 0 and 6 is 0.603627
2025-03-16 16:47:30 INFO  ren0 [gaussian_mixture_model.h:173] exp(-dist) between 0 and 7 is 0.695489
2025-03-16 16:47:30 INFO  ren0 [gaussian_mixture_model.h:173] exp(-dist) between 0 and 8 is 0.011030
2025-03-16 16:47:30 INFO  ren0 [gaussian_mixture_model.h:173] exp(-dist) between 0 and 9 is 0.121528
2025-03-16 16:47:30 INFO  ren0 [gaussian_mixture_model.h:173] exp(-dist) between 1 and 2 is 0.000355
2025-03-16 16:47:30 INFO  ren0 [gaussian_mixture_model.h:173] exp(-dist) between 1 and 3 is 0.027791
2025-03-16 16:47:30 INFO  ren0 [gaussian_mixture_model.h:173] exp(-dist) between 1 and 4 is 0.000009
2025-03-16 16:47:30 INFO  ren0 [gaussian_mixture_model.h:173] exp(-dist) between 1 and 5 is 0.000309
2025-03-16 16:47:30 INFO  ren0 [gaussian_mixture_model.h:173] exp(-dist) between 1 and 6 is 0.000011
2025-03-16 16:47:30 INFO  ren0 [gaussian_mixture_model.h:173] exp(-dist) between 1 and 7 is 0.001744
2025-03-16 16:47:30 INFO  ren0 [gaussian_mixture_model.h:173] exp(-dist) between 1 and 8 is 0.757465
2025-03-16 16:47:30 INFO  ren0 [gaussian_mixture_model.h:173] exp(-dist) between 1 and 9 is 0.013754
2025-03-16 16:47:30 INFO  ren0 [gaussian_mixture_model.h:173] exp(-dist) between 2 and 3 is 0.530516
2025-03-16 16:47:30 INFO  ren0 [gaussian_mixture_model.h:173] exp(-dist) between 2 and 4 is 0.583806
2025-03-16 16:47:30 INFO  ren0 [gaussian_mixture_model.h:173] exp(-dist) between 2 and 5 is 0.702104
2025-03-16 16:47:30 INFO  ren0 [gaussian_mixture_model.h:173] exp(-dist) between 2 and 6 is 0.775704
2025-03-16 16:47:30 INFO  ren0 [gaussian_mixture_model.h:173] exp(-dist) between 2 and 7 is 0.676368
2025-03-16 16:47:30 INFO  ren0 [gaussian_mixture_model.h:173] exp(-dist) between 2 and 8 is 0.003099
2025-03-16 16:47:30 INFO  ren0 [gaussian_mixture_model.h:173] exp(-dist) between 2 and 9 is 0.121025
2025-03-16 16:47:30 INFO  ren0 [gaussian_mixture_model.h:173] exp(-dist) between 3 and 4 is 0.191180
2025-03-16 16:47:30 INFO  ren0 [gaussian_mixture_model.h:173] exp(-dist) between 3 and 5 is 0.477085
2025-03-16 16:47:30 INFO  ren0 [gaussian_mixture_model.h:173] exp(-dist) between 3 and 6 is 0.199561
2025-03-16 16:47:30 INFO  ren0 [gaussian_mixture_model.h:173] exp(-dist) between 3 and 7 is 0.655049
2025-03-16 16:47:30 INFO  ren0 [gaussian_mixture_model.h:173] exp(-dist) between 3 and 8 is 0.089066
2025-03-16 16:47:30 INFO  ren0 [gaussian_mixture_model.h:173] exp(-dist) between 3 and 9 is 0.117738
2025-03-16 16:47:30 INFO  ren0 [gaussian_mixture_model.h:173] exp(-dist) between 4 and 5 is 0.798301
2025-03-16 16:47:30 INFO  ren0 [gaussian_mixture_model.h:173] exp(-dist) between 4 and 6 is 0.779054
2025-03-16 16:47:30 INFO  ren0 [gaussian_mixture_model.h:173] exp(-dist) between 4 and 7 is 0.629206
2025-03-16 16:47:30 INFO  ren0 [gaussian_mixture_model.h:173] exp(-dist) between 4 and 8 is 0.000085
2025-03-16 16:47:30 INFO  ren0 [gaussian_mixture_model.h:173] exp(-dist) between 4 and 9 is 0.103068
2025-03-16 16:47:30 INFO  ren0 [gaussian_mixture_model.h:173] exp(-dist) between 5 and 6 is 0.573039
2025-03-16 16:47:30 INFO  ren0 [gaussian_mixture_model.h:173] exp(-dist) between 5 and 7 is 0.953097
2025-03-16 16:47:30 INFO  ren0 [gaussian_mixture_model.h:173] exp(-dist) between 5 and 8 is 0.001974
2025-03-16 16:47:30 INFO  ren0 [gaussian_mixture_model.h:173] exp(-dist) between 5 and 9 is 0.122676
2025-03-16 16:47:30 INFO  ren0 [gaussian_mixture_model.h:173] exp(-dist) between 6 and 7 is 0.443196
2025-03-16 16:47:30 INFO  ren0 [gaussian_mixture_model.h:173] exp(-dist) between 6 and 8 is 0.000159
2025-03-16 16:47:30 INFO  ren0 [gaussian_mixture_model.h:173] exp(-dist) between 6 and 9 is 0.105531
2025-03-16 16:47:30 INFO  ren0 [gaussian_mixture_model.h:173] exp(-dist) between 7 and 8 is 0.008727
2025-03-16 16:47:30 INFO  ren0 [gaussian_mixture_model.h:173] exp(-dist) between 7 and 9 is 0.130824
2025-03-16 16:47:30 INFO  ren0 [gaussian_mixture_model.h:173] exp(-dist) between 8 and 9 is 0.035251
2025-03-16 16:47:30 INFO  ren0 [gaussian_mixture_model.h:180] components before the merge: 10
2025-03-16 16:47:30 INFO  ren0 [gaussian_mixture_model.h:183] Merging 7 and 5, because their BC is 0.953097
2025-03-16 16:47:30 INFO  ren0 [gaussian_mixture_model.h:183] Merging 2 and 0, because their BC is 0.953047
2025-03-16 16:47:30 INFO  ren0 [gaussian_mixture_model.h:183] Merging 6 and 4, because their BC is 0.779054
2025-03-16 16:47:30 INFO  ren0 [gaussian_mixture_model.h:183] Merging 8 and 1, because their BC is 0.757465
2025-03-16 16:47:30 INFO  ren0 [gaussian_mixture_model.h:183] Merging 7 and 2, because their BC is 0.699774
2025-03-16 16:47:30 INFO  ren0 [gaussian_mixture_model.h:183] Merging 7 and 6, because their BC is 0.710599
2025-03-16 16:47:30 INFO  ren0 [gaussian_mixture_model.h:183] Merging 7 and 3, because their BC is 0.578091
2025-03-16 16:47:30 INFO  ren0 [gaussian_mixture_model.h:200] components after the merge: 3, merged 7 component
2025-03-16 16:47:30 INFO  ren0 [gaussian_mixture_model.h:237] Ratio is 14.228234
2025-03-16 16:47:30 INFO  ren0 [gaussian_mixture_model.h:237] Ratio is 4.201252
2025-03-16 16:47:30 INFO  ren0 [gaussian_mixture_model.h:237] Ratio is 3.342649
2025-03-16 16:47:30 INFO  ren0 [gaussian_mixture_model.h:237] Ratio is 7.570305
2025-03-16 16:47:30 INFO  ren0 [gaussian_mixture_model.h:237] Ratio is 7.570305
2025-03-16 16:47:30 INFO  ren0 [gaussian_mixture_model.h:237] Ratio is 2.100626
2025-03-16 16:47:30 INFO  ren0 [gaussian_mixture_model.h:237] Ratio is 2.100626
2025-03-16 16:47:30 INFO  ren0 [gaussian_mixture_model.h:237] Ratio is 7.114117
2025-03-16 16:47:30 INFO  ren0 [gaussian_mixture_model.h:237] Ratio is 7.114117
2025-03-16 16:47:30 INFO  ren0 [gaussian_mixture_model.h:237] Ratio is 7.114117
2025-03-16 16:47:30 INFO  ren0 [gaussian_mixture_model.h:218] components after the split: 10, split 7 components
2025-03-16 16:47:30 INFO  ren0 [octree.h:482] root weight: 4.342e+04 (43417.304688)
2025-03-16 16:47:30 INFO  ren0 [octree.h:483] splitting threshold: 4.342e+03 (4341.730469)
2025-03-16 16:47:30 INFO  ren0 [octree.h:482] root weight: 3.538e+04 (35380.707031)
2025-03-16 16:47:30 INFO  ren0 [octree.h:483] splitting threshold: 3.538e+03 (3538.070801)
2025-03-16 16:47:30 INFO  ren0 [octree.h:498] node count: 4 -> 4 -> 4

2025-03-16 16:47:30 INFO  ren0 [octree.h:498] node count: 2 -> 2 -> 2

2025-03-16 16:47:30 INFO  ren0 [PMMFocalGuidingIntegrator] diverge probability: 0.449

2025-03-16 16:47:30 INFO  ren0 [PMMFocalGuidingIntegrator] iteration postprocessing time: 8.2853s
2025-03-16 16:47:30 INFO  ren0 [PMMFocalGuidingIntegrator] GMM[
weight = 0.00262845 mean = [-3.5754 9.57107 -0.024478] covariance = [[3.20381 0.15794 0.0811499][0.15794 0.903101 0.0054778][0.0811499 0.0054778 3.33693]]
weight = 0.0017641 mean = [-17.0595 8.28498 4.32522] covariance = [[3.9363 -0.389479 0.363861][-0.389479 2.73558 -0.0127676][0.363861 -0.0127676 2.02906]]
weight = 0.00262845 mean = [0.763326 9.86751 0.70946] covariance = [[3.20381 0.15794 0.0811499][0.15794 0.903101 0.0054778][0.0811499 0.0054778 3.33693]]
weight = 0.00525689 mean = [-3.54174 9.57329 2.86359] covariance = [[5.73281 0.330777 -1.18429][0.330777 0.914914 -0.0810052][-1.18429 -0.0810052 3.97011]]
weight = 0.00262845 mean = [-2.64383 9.63473 -0.490606] covariance = [[3.20381 0.15794 0.0811499][0.15794 0.903101 0.0054778][0.0811499 0.0054778 3.33693]]
weight = 0.00262845 mean = [-1.48567 9.7138 1.83479] covariance = [[3.20381 0.15794 0.0811499][0.15794 0.903101 0.0054778][0.0811499 0.0054778 3.33693]]
weight = 0.00262845 mean = [-5.8244 9.41736 1.10085] covariance = [[3.20381 0.15794 0.0811499][0.15794 0.903101 0.0054778][0.0811499 0.0054778 3.33693]]
weight = 0.00262845 mean = [-0.394831 9.78843 -1.61594] covariance = [[3.20381 0.15794 0.0811499][0.15794 0.903101 0.0054778][0.0811499 0.0054778 3.33693]]
weight = 0.0017641 mean = [-14.3405 7.5108 4.80509] covariance = [[3.9363 -0.389479 0.363861][-0.389479 2.73558 -0.0127676][0.363861 -0.0127676 2.02906]]
weight = 0.975444 mean = [0.307458 2.44999 0.0924892] covariance = [[22.4729 -1.23903 0.00760898][-1.23903 7.32179 -0.165739][0.00760898 -0.165739 6.81112]]
]
2025-03-16 16:47:30 INFO  ren0 [PMMFocalGuidingIntegrator] Octree[
AABB: AABB3[min=[-21.7494, -3.70393, -3.09172], max=[7.19249, 11.2965, 6.96201]]
Nodes count: 4
]
2025-03-16 16:47:30 INFO  ren0 [PMMFocalGuidingIntegrator] Octree[
AABB: AABB3[min=[-21.7494, -3.70393, -3.09172], max=[7.19249, 11.2965, 6.96201]]
Nodes count: 2
]
2025-03-16 16:47:30 INFO  ren0 [PMMFocalGuidingIntegrator] Rendering 3 iteration
2025-03-16 16:47:30 INFO  ren0 [SamplingIntegrator] Starting render job (1280x720, 4 samples, 8 cores, SSE2 enabled) ..
2025-03-16 16:48:13 INFO  wrk3 [PMMFocalGuidingIntegrator] hit luminaire, value = [0, 0, 0]
2025-03-16 16:49:17 INFO  ren0 [PMMFocalGuidingIntegrator] iteration render time: 1.7847m
2025-03-16 16:49:18 INFO  ren0 [PMMFocalGuidingIntegrator] Got 28188 non-zero samples and 0 zero samples
2025-03-16 16:49:26 INFO  ren0 [gaussian_mixture_model.h:126] Components accumulated weight is: 1.000000
2025-03-16 16:49:26 INFO  ren0 [gaussian_mixture_model.h:173] exp(-dist) between 0 and 1 is 0.001049
2025-03-16 16:49:26 INFO  ren0 [gaussian_mixture_model.h:173] exp(-dist) between 0 and 2 is 0.435777
2025-03-16 16:49:26 INFO  ren0 [gaussian_mixture_model.h:173] exp(-dist) between 0 and 3 is 0.608065
2025-03-16 16:49:26 INFO  ren0 [gaussian_mixture_model.h:173] exp(-dist) between 0 and 4 is 0.951613
2025-03-16 16:49:26 INFO  ren0 [gaussian_mixture_model.h:173] exp(-dist) between 0 and 5 is 0.672709
2025-03-16 16:49:26 INFO  ren0 [gaussian_mixture_model.h:173] exp(-dist) between 0 and 6 is 0.742310
2025-03-16 16:49:26 INFO  ren0 [gaussian_mixture_model.h:173] exp(-dist) between 0 and 7 is 0.598544
2025-03-16 16:49:26 INFO  ren0 [gaussian_mixture_model.h:173] exp(-dist) between 0 and 8 is 0.007206
2025-03-16 16:49:26 INFO  ren0 [gaussian_mixture_model.h:173] exp(-dist) between 0 and 9 is 0.115926
2025-03-16 16:49:26 INFO  ren0 [gaussian_mixture_model.h:173] exp(-dist) between 1 and 2 is 0.000009
2025-03-16 16:49:26 INFO  ren0 [gaussian_mixture_model.h:173] exp(-dist) between 1 and 3 is 0.022906
2025-03-16 16:49:26 INFO  ren0 [gaussian_mixture_model.h:173] exp(-dist) between 1 and 4 is 0.000240
2025-03-16 16:49:26 INFO  ren0 [gaussian_mixture_model.h:173] exp(-dist) between 1 and 5 is 0.000182
2025-03-16 16:49:26 INFO  ren0 [gaussian_mixture_model.h:173] exp(-dist) between 1 and 6 is 0.012950
2025-03-16 16:49:26 INFO  ren0 [gaussian_mixture_model.h:173] exp(-dist) between 1 and 7 is 0.000009
2025-03-16 16:49:26 INFO  ren0 [gaussian_mixture_model.h:173] exp(-dist) between 1 and 8 is 0.740421
2025-03-16 16:49:26 INFO  ren0 [gaussian_mixture_model.h:173] exp(-dist) between 1 and 9 is 0.014000
2025-03-16 16:49:26 INFO  ren0 [gaussian_mixture_model.h:173] exp(-dist) between 2 and 3 is 0.494079
2025-03-16 16:49:26 INFO  ren0 [gaussian_mixture_model.h:173] exp(-dist) between 2 and 4 is 0.564916
2025-03-16 16:49:26 INFO  ren0 [gaussian_mixture_model.h:173] exp(-dist) between 2 and 5 is 0.771641
2025-03-16 16:49:26 INFO  ren0 [gaussian_mixture_model.h:173] exp(-dist) between 2 and 6 is 0.145657
2025-03-16 16:49:26 INFO  ren0 [gaussian_mixture_model.h:173] exp(-dist) between 2 and 7 is 0.750442
2025-03-16 16:49:26 INFO  ren0 [gaussian_mixture_model.h:173] exp(-dist) between 2 and 8 is 0.000202
2025-03-16 16:49:26 INFO  ren0 [gaussian_mixture_model.h:173] exp(-dist) between 2 and 9 is 0.101948
2025-03-16 16:49:26 INFO  ren0 [gaussian_mixture_model.h:173] exp(-dist) between 3 and 4 is 0.526469
2025-03-16 16:49:26 INFO  ren0 [gaussian_mixture_model.h:173] exp(-dist) between 3 and 5 is 0.780905
2025-03-16 16:49:26 INFO  ren0 [gaussian_mixture_model.h:173] exp(-dist) between 3 and 6 is 0.669282
2025-03-16 16:49:26 INFO  ren0 [gaussian_mixture_model.h:173] exp(-dist) between 3 and 7 is 0.326165
2025-03-16 16:49:26 INFO  ren0 [gaussian_mixture_model.h:173] exp(-dist) between 3 and 8 is 0.083201
2025-03-16 16:49:26 INFO  ren0 [gaussian_mixture_model.h:173] exp(-dist) between 3 and 9 is 0.105375
2025-03-16 16:49:26 INFO  ren0 [gaussian_mixture_model.h:173] exp(-dist) between 4 and 5 is 0.697355
2025-03-16 16:49:26 INFO  ren0 [gaussian_mixture_model.h:173] exp(-dist) between 4 and 6 is 0.547127
2025-03-16 16:49:26 INFO  ren0 [gaussian_mixture_model.h:173] exp(-dist) between 4 and 7 is 0.775835
2025-03-16 16:49:26 INFO  ren0 [gaussian_mixture_model.h:173] exp(-dist) between 4 and 8 is 0.002149
2025-03-16 16:49:26 INFO  ren0 [gaussian_mixture_model.h:173] exp(-dist) between 4 and 9 is 0.112001
2025-03-16 16:49:26 INFO  ren0 [gaussian_mixture_model.h:173] exp(-dist) between 5 and 6 is 0.400207
2025-03-16 16:49:26 INFO  ren0 [gaussian_mixture_model.h:173] exp(-dist) between 5 and 7 is 0.533326
2025-03-16 16:49:26 INFO  ren0 [gaussian_mixture_model.h:173] exp(-dist) between 5 and 8 is 0.002441
2025-03-16 16:49:26 INFO  ren0 [gaussian_mixture_model.h:173] exp(-dist) between 5 and 9 is 0.108168
2025-03-16 16:49:26 INFO  ren0 [gaussian_mixture_model.h:173] exp(-dist) between 6 and 7 is 0.199162
2025-03-16 16:49:26 INFO  ren0 [gaussian_mixture_model.h:173] exp(-dist) between 6 and 8 is 0.056607
2025-03-16 16:49:26 INFO  ren0 [gaussian_mixture_model.h:173] exp(-dist) between 6 and 9 is 0.102380
2025-03-16 16:49:26 INFO  ren0 [gaussian_mixture_model.h:173] exp(-dist) between 7 and 8 is 0.000123
2025-03-16 16:49:26 INFO  ren0 [gaussian_mixture_model.h:173] exp(-dist) between 7 and 9 is 0.097411
2025-03-16 16:49:26 INFO  ren0 [gaussian_mixture_model.h:173] exp(-dist) between 8 and 9 is 0.034448
2025-03-16 16:49:26 INFO  ren0 [gaussian_mixture_model.h:180] components before the merge: 10
2025-03-16 16:49:26 INFO  ren0 [gaussian_mixture_model.h:183] Merging 4 and 0, because their BC is 0.951613
2025-03-16 16:49:26 INFO  ren0 [gaussian_mixture_model.h:183] Merging 5 and 3, because their BC is 0.780905
2025-03-16 16:49:26 INFO  ren0 [gaussian_mixture_model.h:183] Merging 7 and 2, because their BC is 0.750442
2025-03-16 16:49:26 INFO  ren0 [gaussian_mixture_model.h:183] Merging 8 and 1, because their BC is 0.740421
2025-03-16 16:49:26 INFO  ren0 [gaussian_mixture_model.h:183] Merging 6 and 4, because their BC is 0.657813
2025-03-16 16:49:26 INFO  ren0 [gaussian_mixture_model.h:183] Merging 6 and 5, because their BC is 0.700718
2025-03-16 16:49:26 INFO  ren0 [gaussian_mixture_model.h:183] Merging 7 and 6, because their BC is 0.597154
2025-03-16 16:49:26 INFO  ren0 [gaussian_mixture_model.h:200] components after the merge: 3, merged 7 component
2025-03-16 16:49:26 INFO  ren0 [gaussian_mixture_model.h:237] Ratio is 11.771802
2025-03-16 16:49:26 INFO  ren0 [gaussian_mixture_model.h:237] Ratio is 3.201075
2025-03-16 16:49:26 INFO  ren0 [gaussian_mixture_model.h:237] Ratio is 3.266519
2025-03-16 16:49:26 INFO  ren0 [gaussian_mixture_model.h:237] Ratio is 7.499743
2025-03-16 16:49:26 INFO  ren0 [gaussian_mixture_model.h:237] Ratio is 7.499743
2025-03-16 16:49:26 INFO  ren0 [gaussian_mixture_model.h:237] Ratio is 5.885901
2025-03-16 16:49:26 INFO  ren0 [gaussian_mixture_model.h:237] Ratio is 5.885901
2025-03-16 16:49:26 INFO  ren0 [gaussian_mixture_model.h:237] Ratio is 5.885901
2025-03-16 16:49:26 INFO  ren0 [gaussian_mixture_model.h:237] Ratio is 5.885901
2025-03-16 16:49:26 INFO  ren0 [gaussian_mixture_model.h:218] components after the split: 10, split 7 components
2025-03-16 16:49:26 INFO  ren0 [octree.h:482] root weight: 4.251e+04 (42508.289062)
2025-03-16 16:49:26 INFO  ren0 [octree.h:483] splitting threshold: 4.251e+03 (4250.829102)
2025-03-16 16:49:26 INFO  ren0 [octree.h:482] root weight: 2.998e+04 (29982.308594)
2025-03-16 16:49:26 INFO  ren0 [octree.h:483] splitting threshold: 2.998e+03 (2998.230957)
2025-03-16 16:49:26 INFO  ren0 [octree.h:498] node count: 4 -> 5 -> 5

2025-03-16 16:49:26 INFO  ren0 [octree.h:498] node count: 2 -> 2 -> 2

2025-03-16 16:49:26 INFO  ren0 [PMMFocalGuidingIntegrator] diverge probability: 0.414

2025-03-16 16:49:26 INFO  ren0 [PMMFocalGuidingIntegrator] iteration postprocessing time: 8.8299s
2025-03-16 16:49:26 INFO  ren0 [PMMFocalGuidingIntegrator] GMM[
weight = 0.00257969 mean = [-2.50426 9.63454 2.41412] covariance = [[2.81582 0.0655714 0.29644][0.0655714 0.91091 -0.0501315][0.29644 -0.0501315 3.25123]]
weight = 0.00257969 mean = [-0.767177 9.80102 -1.38529] covariance = [[2.81582 0.0655714 0.29644][0.0655714 0.91091 -0.0501315][0.29644 -0.0501315 3.25123]]
weight = 0.00257969 mean = [-3.68082 9.65042 0.0864061] covariance = [[2.81582 0.0655714 0.29644][0.0655714 0.91091 -0.0501315][0.29644 -0.0501315 3.25123]]
weight = 0.00257969 mean = [-1.65087 9.67865 1.98307] covariance = [[2.81582 0.0655714 0.29644][0.0655714 0.91091 -0.0501315][0.29644 -0.0501315 3.25123]]
weight = 0.00257969 mean = [-2.82744 9.69453 -0.344644] covariance = [[2.81582 0.0655714 0.29644][0.0655714 0.91091 -0.0501315][0.29644 -0.0501315 3.25123]]
weight = 0.00257969 mean = [-4.56452 9.52806 3.45477] covariance = [[2.81582 0.0655714 0.29644][0.0655714 0.91091 -0.0501315][0.29644 -0.0501315 3.25123]]
weight = 0.00257969 mean = [-5.74108 9.54394 1.12705] covariance = [[2.81582 0.0655714 0.29644][0.0655714 0.91091 -0.0501315][0.29644 -0.0501315 3.25123]]
weight = 0.00257969 mean = [0.409387 9.78514 0.942425] covariance = [[2.81582 0.0655714 0.29644][0.0655714 0.91091 -0.0501315][0.29644 -0.0501315 3.25123]]
weight = 0.00450577 mean = [-15.5044 7.69317 4.28481] covariance = [[6.95718 -0.731595 0.96924][-0.731595 3.67825 -0.408216][0.96924 -0.408216 2.54478]]
weight = 0.974857 mean = [0.331779 2.43216 0.00119476] covariance = [[21.311 -1.2387 0.0927254][-1.2387 6.9371 -0.102339][0.0927254 -0.102339 6.58965]]
]
2025-03-16 16:49:26 INFO  ren0 [PMMFocalGuidingIntegrator] Octree[
AABB: AABB3[min=[-21.7494, -3.70393, -3.09172], max=[7.19249, 11.2965, 6.96201]]
Nodes count: 5
]
2025-03-16 16:49:26 INFO  ren0 [PMMFocalGuidingIntegrator] Octree[
AABB: AABB3[min=[-21.7494, -3.70393, -3.09172], max=[7.19249, 11.2965, 6.96201]]
Nodes count: 2
]
2025-03-16 16:49:26 INFO  ren0 [PMMFocalGuidingIntegrator] Rendering 4 iteration
2025-03-16 16:49:26 INFO  ren0 [SamplingIntegrator] Starting render job (1280x720, 4 samples, 8 cores, SSE2 enabled) ..
2025-03-16 16:51:21 INFO  ren0 [PMMFocalGuidingIntegrator] iteration render time: 1.9045m
2025-03-16 16:51:21 INFO  ren0 [PMMFocalGuidingIntegrator] Got 32822 non-zero samples and 0 zero samples
2025-03-16 16:51:31 INFO  ren0 [gaussian_mixture_model.h:126] Components accumulated weight is: 1.000000
2025-03-16 16:51:31 INFO  ren0 [gaussian_mixture_model.h:173] exp(-dist) between 0 and 1 is 0.391118
2025-03-16 16:51:31 INFO  ren0 [gaussian_mixture_model.h:173] exp(-dist) between 0 and 2 is 0.696511
2025-03-16 16:51:31 INFO  ren0 [gaussian_mixture_model.h:173] exp(-dist) between 0 and 3 is 0.953065
2025-03-16 16:51:31 INFO  ren0 [gaussian_mixture_model.h:173] exp(-dist) between 0 and 4 is 0.652017
2025-03-16 16:51:31 INFO  ren0 [gaussian_mixture_model.h:173] exp(-dist) between 0 and 5 is 0.733423
2025-03-16 16:51:31 INFO  ren0 [gaussian_mixture_model.h:173] exp(-dist) between 0 and 6 is 0.542133
2025-03-16 16:51:31 INFO  ren0 [gaussian_mixture_model.h:173] exp(-dist) between 0 and 7 is 0.601467
2025-03-16 16:51:31 INFO  ren0 [gaussian_mixture_model.h:173] exp(-dist) between 0 and 8 is 0.013399
2025-03-16 16:51:31 INFO  ren0 [gaussian_mixture_model.h:173] exp(-dist) between 0 and 9 is 0.096530
2025-03-16 16:51:31 INFO  ren0 [gaussian_mixture_model.h:173] exp(-dist) between 1 and 2 is 0.589857
2025-03-16 16:51:31 INFO  ren0 [gaussian_mixture_model.h:173] exp(-dist) between 1 and 3 is 0.528974
2025-03-16 16:51:31 INFO  ren0 [gaussian_mixture_model.h:173] exp(-dist) between 1 and 4 is 0.772216
2025-03-16 16:51:31 INFO  ren0 [gaussian_mixture_model.h:173] exp(-dist) between 1 and 5 is 0.149162
2025-03-16 16:51:31 INFO  ren0 [gaussian_mixture_model.h:173] exp(-dist) between 1 and 6 is 0.198374
2025-03-16 16:51:31 INFO  ren0 [gaussian_mixture_model.h:173] exp(-dist) between 1 and 7 is 0.743124
2025-03-16 16:51:31 INFO  ren0 [gaussian_mixture_model.h:173] exp(-dist) between 1 and 8 is 0.000520
2025-03-16 16:51:31 INFO  ren0 [gaussian_mixture_model.h:173] exp(-dist) between 1 and 9 is 0.093687
2025-03-16 16:51:31 INFO  ren0 [gaussian_mixture_model.h:173] exp(-dist) between 2 and 3 is 0.674558
2025-03-16 16:51:31 INFO  ren0 [gaussian_mixture_model.h:173] exp(-dist) between 2 and 4 is 0.949802
2025-03-16 16:51:31 INFO  ren0 [gaussian_mixture_model.h:173] exp(-dist) between 2 and 5 is 0.507040
2025-03-16 16:51:31 INFO  ren0 [gaussian_mixture_model.h:173] exp(-dist) between 2 and 6 is 0.746526
2025-03-16 16:51:31 INFO  ren0 [gaussian_mixture_model.h:173] exp(-dist) between 2 and 7 is 0.437043
2025-03-16 16:51:31 INFO  ren0 [gaussian_mixture_model.h:173] exp(-dist) between 2 and 8 is 0.011593
2025-03-16 16:51:31 INFO  ren0 [gaussian_mixture_model.h:173] exp(-dist) between 2 and 9 is 0.106184
2025-03-16 16:51:31 INFO  ren0 [gaussian_mixture_model.h:173] exp(-dist) between 3 and 4 is 0.700368
2025-03-16 16:51:31 INFO  ren0 [gaussian_mixture_model.h:173] exp(-dist) between 3 and 5 is 0.556717
2025-03-16 16:51:31 INFO  ren0 [gaussian_mixture_model.h:173] exp(-dist) between 3 and 6 is 0.402449
2025-03-16 16:51:31 INFO  ren0 [gaussian_mixture_model.h:173] exp(-dist) between 3 and 7 is 0.773494
2025-03-16 16:51:31 INFO  ren0 [gaussian_mixture_model.h:173] exp(-dist) between 3 and 8 is 0.005863
2025-03-16 16:51:31 INFO  ren0 [gaussian_mixture_model.h:173] exp(-dist) between 3 and 9 is 0.099573
2025-03-16 16:51:31 INFO  ren0 [gaussian_mixture_model.h:173] exp(-dist) between 4 and 5 is 0.382100
2025-03-16 16:51:31 INFO  ren0 [gaussian_mixture_model.h:173] exp(-dist) between 4 and 6 is 0.549921
2025-03-16 16:51:31 INFO  ren0 [gaussian_mixture_model.h:173] exp(-dist) between 4 and 7 is 0.565419
2025-03-16 16:51:31 INFO  ren0 [gaussian_mixture_model.h:173] exp(-dist) between 4 and 8 is 0.004686
2025-03-16 16:51:31 INFO  ren0 [gaussian_mixture_model.h:173] exp(-dist) between 4 and 9 is 0.104391
2025-03-16 16:51:31 INFO  ren0 [gaussian_mixture_model.h:173] exp(-dist) between 5 and 6 is 0.705368
2025-03-16 16:51:31 INFO  ren0 [gaussian_mixture_model.h:173] exp(-dist) between 5 and 7 is 0.232681
2025-03-16 16:51:31 INFO  ren0 [gaussian_mixture_model.h:173] exp(-dist) between 5 and 8 is 0.075017
2025-03-16 16:51:31 INFO  ren0 [gaussian_mixture_model.h:173] exp(-dist) between 5 and 9 is 0.074604
2025-03-16 16:51:31 INFO  ren0 [gaussian_mixture_model.h:173] exp(-dist) between 6 and 7 is 0.149354
2025-03-16 16:51:31 INFO  ren0 [gaussian_mixture_model.h:173] exp(-dist) between 6 and 8 is 0.061791
2025-03-16 16:51:31 INFO  ren0 [gaussian_mixture_model.h:173] exp(-dist) between 6 and 9 is 0.088612
2025-03-16 16:51:31 INFO  ren0 [gaussian_mixture_model.h:173] exp(-dist) between 7 and 8 is 0.000937
2025-03-16 16:51:31 INFO  ren0 [gaussian_mixture_model.h:173] exp(-dist) between 7 and 9 is 0.097632
2025-03-16 16:51:31 INFO  ren0 [gaussian_mixture_model.h:173] exp(-dist) between 8 and 9 is 0.040435
2025-03-16 16:51:31 INFO  ren0 [gaussian_mixture_model.h:180] components before the merge: 10
2025-03-16 16:51:31 INFO  ren0 [gaussian_mixture_model.h:183] Merging 3 and 0, because their BC is 0.953065
2025-03-16 16:51:31 INFO  ren0 [gaussian_mixture_model.h:183] Merging 4 and 2, because their BC is 0.949802
2025-03-16 16:51:31 INFO  ren0 [gaussian_mixture_model.h:183] Merging 7 and 1, because their BC is 0.743124
2025-03-16 16:51:31 INFO  ren0 [gaussian_mixture_model.h:183] Merging 6 and 5, because their BC is 0.705368
2025-03-16 16:51:31 INFO  ren0 [gaussian_mixture_model.h:183] Merging 4 and 3, because their BC is 0.699017
2025-03-16 16:51:31 INFO  ren0 [gaussian_mixture_model.h:183] Merging 7 and 4, because their BC is 0.698357
2025-03-16 16:51:31 INFO  ren0 [gaussian_mixture_model.h:183] Merging 7 and 6, because their BC is 0.565735
2025-03-16 16:51:31 INFO  ren0 [gaussian_mixture_model.h:200] components after the merge: 3, merged 7 component
2025-03-16 16:51:31 INFO  ren0 [gaussian_mixture_model.h:237] Ratio is 9.751242
2025-03-16 16:51:31 INFO  ren0 [gaussian_mixture_model.h:237] Ratio is 3.266799
2025-03-16 16:51:31 INFO  ren0 [gaussian_mixture_model.h:237] Ratio is 3.229876
2025-03-16 16:51:31 INFO  ren0 [gaussian_mixture_model.h:237] Ratio is 7.741120
2025-03-16 16:51:31 INFO  ren0 [gaussian_mixture_model.h:237] Ratio is 7.741120
2025-03-16 16:51:31 INFO  ren0 [gaussian_mixture_model.h:237] Ratio is 4.875621
2025-03-16 16:51:31 INFO  ren0 [gaussian_mixture_model.h:237] Ratio is 4.875621
2025-03-16 16:51:31 INFO  ren0 [gaussian_mixture_model.h:237] Ratio is 4.875621
2025-03-16 16:51:31 INFO  ren0 [gaussian_mixture_model.h:237] Ratio is 4.875621
2025-03-16 16:51:31 INFO  ren0 [gaussian_mixture_model.h:218] components after the split: 10, split 7 components
2025-03-16 16:51:31 INFO  ren0 [octree.h:482] root weight: 4.430e+04 (44296.316406)
2025-03-16 16:51:31 INFO  ren0 [octree.h:483] splitting threshold: 4.430e+03 (4429.631836)
2025-03-16 16:51:31 INFO  ren0 [octree.h:482] root weight: 3.015e+04 (30152.080078)
2025-03-16 16:51:31 INFO  ren0 [octree.h:483] splitting threshold: 3.015e+03 (3015.208008)
2025-03-16 16:51:31 INFO  ren0 [octree.h:498] node count: 5 -> 5 -> 5

2025-03-16 16:51:31 INFO  ren0 [octree.h:498] node count: 2 -> 2 -> 2

2025-03-16 16:51:31 INFO  ren0 [PMMFocalGuidingIntegrator] diverge probability: 0.405

2025-03-16 16:51:31 INFO  ren0 [PMMFocalGuidingIntegrator] iteration postprocessing time: 10.2743s
2025-03-16 16:51:31 INFO  ren0 [PMMFocalGuidingIntegrator] GMM[
weight = 0.0025515 mean = [-2.81505 9.62228 2.46924] covariance = [[2.29527 0.012102 0.315175][0.012102 0.913079 -0.101987][0.315175 -0.101987 3.43129]]
weight = 0.0025515 mean = [-0.594613 9.80447 -0.836554] covariance = [[2.29527 0.012102 0.315175][0.012102 0.913079 -0.101987][0.315175 -0.101987 3.43129]]
weight = 0.0025515 mean = [-3.47644 9.71974 -0.0970542] covariance = [[2.29527 0.012102 0.315175][0.012102 0.913079 -0.101987][0.315175 -0.101987 3.43129]]
weight = 0.0025515 mean = [-1.97098 9.6471 2.25264] covariance = [[2.29527 0.012102 0.315175][0.012102 0.913079 -0.101987][0.315175 -0.101987 3.43129]]
weight = 0.0025515 mean = [-2.63237 9.74456 -0.313649] covariance = [[2.29527 0.012102 0.315175][0.012102 0.913079 -0.101987][0.315175 -0.101987 3.43129]]
weight = 0.0025515 mean = [-4.85281 9.56236 2.99214] covariance = [[2.29527 0.012102 0.315175][0.012102 0.913079 -0.101987][0.315175 -0.101987 3.43129]]
weight = 0.0025515 mean = [-5.5142 9.65982 0.425851] covariance = [[2.29527 0.012102 0.315175][0.012102 0.913079 -0.101987][0.315175 -0.101987 3.43129]]
weight = 0.0025515 mean = [0.0667828 9.70701 1.72974] covariance = [[2.29527 0.012102 0.315175][0.012102 0.913079 -0.101987][0.315175 -0.101987 3.43129]]
weight = 0.00547697 mean = [-15.1418 7.39684 4.08408] covariance = [[8.33802 -0.499411 1.11475][-0.499411 4.90305 -0.6019][1.11475 -0.6019 2.98454]]
weight = 0.974111 mean = [0.336927 2.42037 -0.0818086] covariance = [[20.5779 -1.19896 0.049843][-1.19896 6.68493 -0.0950933][0.049843 -0.0950933 6.44892]]
]
2025-03-16 16:51:31 INFO  ren0 [PMMFocalGuidingIntegrator] Octree[
AABB: AABB3[min=[-21.7494, -3.70393, -3.09172], max=[7.19249, 11.2965, 6.96201]]
Nodes count: 5
]
2025-03-16 16:51:31 INFO  ren0 [PMMFocalGuidingIntegrator] Octree[
AABB: AABB3[min=[-21.7494, -3.70393, -3.09172], max=[7.19249, 11.2965, 6.96201]]
Nodes count: 2
]
2025-03-16 16:51:31 INFO  ren0 [PMMFocalGuidingIntegrator] Rendering 5 iteration
2025-03-16 16:51:31 INFO  ren0 [SamplingIntegrator] Starting render job (1280x720, 4 samples, 8 cores, SSE2 enabled) ..
2025-03-16 16:53:01 INFO  wrk6 [PMMFocalGuidingIntegrator] hit luminaire, value = [0, 0, 0]
2025-03-16 16:53:18 INFO  ren0 [PMMFocalGuidingIntegrator] iteration render time: 1.7902m
2025-03-16 16:53:18 INFO  ren0 [PMMFocalGuidingIntegrator] Got 37453 non-zero samples and 0 zero samples
2025-03-16 16:53:30 INFO  ren0 [gaussian_mixture_model.h:126] Components accumulated weight is: 1.000000
2025-03-16 16:53:30 INFO  ren0 [gaussian_mixture_model.h:173] exp(-dist) between 0 and 1 is 0.413232
2025-03-16 16:53:30 INFO  ren0 [gaussian_mixture_model.h:173] exp(-dist) between 0 and 2 is 0.698961
2025-03-16 16:53:30 INFO  ren0 [gaussian_mixture_model.h:173] exp(-dist) between 0 and 3 is 0.951418
2025-03-16 16:53:30 INFO  ren0 [gaussian_mixture_model.h:173] exp(-dist) between 0 and 4 is 0.661646
2025-03-16 16:53:30 INFO  ren0 [gaussian_mixture_model.h:173] exp(-dist) between 0 and 5 is 0.741354
2025-03-16 16:53:30 INFO  ren0 [gaussian_mixture_model.h:173] exp(-dist) between 0 and 6 is 0.552808
2025-03-16 16:53:30 INFO  ren0 [gaussian_mixture_model.h:173] exp(-dist) between 0 and 7 is 0.604090
2025-03-16 16:53:30 INFO  ren0 [gaussian_mixture_model.h:173] exp(-dist) between 0 and 8 is 0.023467
2025-03-16 16:53:30 INFO  ren0 [gaussian_mixture_model.h:173] exp(-dist) between 0 and 9 is 0.089121
2025-03-16 16:53:30 INFO  ren0 [gaussian_mixture_model.h:173] exp(-dist) between 1 and 2 is 0.592486
2025-03-16 16:53:30 INFO  ren0 [gaussian_mixture_model.h:173] exp(-dist) between 1 and 3 is 0.535646
2025-03-16 16:53:30 INFO  ren0 [gaussian_mixture_model.h:173] exp(-dist) between 1 and 4 is 0.774312
2025-03-16 16:53:30 INFO  ren0 [gaussian_mixture_model.h:173] exp(-dist) between 1 and 5 is 0.172859
2025-03-16 16:53:30 INFO  ren0 [gaussian_mixture_model.h:173] exp(-dist) between 1 and 6 is 0.210119
2025-03-16 16:53:30 INFO  ren0 [gaussian_mixture_model.h:173] exp(-dist) between 1 and 7 is 0.718310
2025-03-16 16:53:30 INFO  ren0 [gaussian_mixture_model.h:173] exp(-dist) between 1 and 8 is 0.001325
2025-03-16 16:53:30 INFO  ren0 [gaussian_mixture_model.h:173] exp(-dist) between 1 and 9 is 0.092439
2025-03-16 16:53:30 INFO  ren0 [gaussian_mixture_model.h:173] exp(-dist) between 2 and 3 is 0.673684
2025-03-16 16:53:30 INFO  ren0 [gaussian_mixture_model.h:173] exp(-dist) between 2 and 4 is 0.951178
2025-03-16 16:53:30 INFO  ren0 [gaussian_mixture_model.h:173] exp(-dist) between 2 and 5 is 0.536813
2025-03-16 16:53:30 INFO  ren0 [gaussian_mixture_model.h:173] exp(-dist) between 2 and 6 is 0.738403
2025-03-16 16:53:30 INFO  ren0 [gaussian_mixture_model.h:173] exp(-dist) between 2 and 7 is 0.436791
2025-03-16 16:53:30 INFO  ren0 [gaussian_mixture_model.h:173] exp(-dist) between 2 and 8 is 0.013067
2025-03-16 16:53:30 INFO  ren0 [gaussian_mixture_model.h:173] exp(-dist) between 2 and 9 is 0.096493
2025-03-16 16:53:30 INFO  ren0 [gaussian_mixture_model.h:173] exp(-dist) between 3 and 4 is 0.700812
2025-03-16 16:53:30 INFO  ren0 [gaussian_mixture_model.h:173] exp(-dist) between 3 and 5 is 0.557583
2025-03-16 16:53:30 INFO  ren0 [gaussian_mixture_model.h:173] exp(-dist) between 3 and 6 is 0.426231
2025-03-16 16:53:30 INFO  ren0 [gaussian_mixture_model.h:173] exp(-dist) between 3 and 7 is 0.782933
2025-03-16 16:53:30 INFO  ren0 [gaussian_mixture_model.h:173] exp(-dist) between 3 and 8 is 0.012147
2025-03-16 16:53:30 INFO  ren0 [gaussian_mixture_model.h:173] exp(-dist) between 3 and 9 is 0.091096
2025-03-16 16:53:30 INFO  ren0 [gaussian_mixture_model.h:173] exp(-dist) between 4 and 5 is 0.415288
2025-03-16 16:53:30 INFO  ren0 [gaussian_mixture_model.h:173] exp(-dist) between 4 and 6 is 0.552549
2025-03-16 16:53:30 INFO  ren0 [gaussian_mixture_model.h:173] exp(-dist) between 4 and 7 is 0.565056
2025-03-16 16:53:30 INFO  ren0 [gaussian_mixture_model.h:173] exp(-dist) between 4 and 8 is 0.006662
2025-03-16 16:53:30 INFO  ren0 [gaussian_mixture_model.h:173] exp(-dist) between 4 and 9 is 0.097390
2025-03-16 16:53:30 INFO  ren0 [gaussian_mixture_model.h:173] exp(-dist) between 5 and 6 is 0.696265
2025-03-16 16:53:30 INFO  ren0 [gaussian_mixture_model.h:173] exp(-dist) between 5 and 7 is 0.223528
2025-03-16 16:53:30 INFO  ren0 [gaussian_mixture_model.h:173] exp(-dist) between 5 and 8 is 0.091197
2025-03-16 16:53:30 INFO  ren0 [gaussian_mixture_model.h:173] exp(-dist) between 5 and 9 is 0.071900
2025-03-16 16:53:30 INFO  ren0 [gaussian_mixture_model.h:173] exp(-dist) between 6 and 7 is 0.170412
2025-03-16 16:53:30 INFO  ren0 [gaussian_mixture_model.h:173] exp(-dist) between 6 and 8 is 0.052703
2025-03-16 16:53:30 INFO  ren0 [gaussian_mixture_model.h:173] exp(-dist) between 6 and 9 is 0.081479
2025-03-16 16:53:30 INFO  ren0 [gaussian_mixture_model.h:173] exp(-dist) between 7 and 8 is 0.002690
2025-03-16 16:53:30 INFO  ren0 [gaussian_mixture_model.h:173] exp(-dist) between 7 and 9 is 0.088568
2025-03-16 16:53:30 INFO  ren0 [gaussian_mixture_model.h:173] exp(-dist) between 8 and 9 is 0.050667
2025-03-16 16:53:30 INFO  ren0 [gaussian_mixture_model.h:180] components before the merge: 10
2025-03-16 16:53:30 INFO  ren0 [gaussian_mixture_model.h:183] Merging 3 and 0, because their BC is 0.951418
2025-03-16 16:53:30 INFO  ren0 [gaussian_mixture_model.h:183] Merging 4 and 2, because their BC is 0.951178
2025-03-16 16:53:30 INFO  ren0 [gaussian_mixture_model.h:183] Merging 7 and 1, because their BC is 0.718310
2025-03-16 16:53:30 INFO  ren0 [gaussian_mixture_model.h:183] Merging 4 and 3, because their BC is 0.700166
2025-03-16 16:53:30 INFO  ren0 [gaussian_mixture_model.h:183] Merging 7 and 4, because their BC is 0.704296
2025-03-16 16:53:30 INFO  ren0 [gaussian_mixture_model.h:183] Merging 6 and 5, because their BC is 0.696265
2025-03-16 16:53:30 INFO  ren0 [gaussian_mixture_model.h:183] Merging 7 and 6, because their BC is 0.557643
2025-03-16 16:53:30 INFO  ren0 [gaussian_mixture_model.h:200] components after the merge: 3, merged 7 component
2025-03-16 16:53:30 INFO  ren0 [gaussian_mixture_model.h:237] Ratio is 8.605532
2025-03-16 16:53:30 INFO  ren0 [gaussian_mixture_model.h:237] Ratio is 3.140392
2025-03-16 16:53:30 INFO  ren0 [gaussian_mixture_model.h:237] Ratio is 3.181121
2025-03-16 16:53:30 INFO  ren0 [gaussian_mixture_model.h:237] Ratio is 7.664917
2025-03-16 16:53:30 INFO  ren0 [gaussian_mixture_model.h:237] Ratio is 7.664917
2025-03-16 16:53:30 INFO  ren0 [gaussian_mixture_model.h:237] Ratio is 4.302766
2025-03-16 16:53:30 INFO  ren0 [gaussian_mixture_model.h:237] Ratio is 4.302766
2025-03-16 16:53:30 INFO  ren0 [gaussian_mixture_model.h:237] Ratio is 4.302766
2025-03-16 16:53:30 INFO  ren0 [gaussian_mixture_model.h:237] Ratio is 4.302766
2025-03-16 16:53:30 INFO  ren0 [gaussian_mixture_model.h:218] components after the split: 10, split 7 components
2025-03-16 16:53:30 INFO  ren0 [octree.h:482] root weight: 4.607e+04 (46067.757812)
2025-03-16 16:53:30 INFO  ren0 [octree.h:483] splitting threshold: 4.607e+03 (4606.775879)
2025-03-16 16:53:30 INFO  ren0 [octree.h:482] root weight: 2.944e+04 (29440.626953)
2025-03-16 16:53:30 INFO  ren0 [octree.h:483] splitting threshold: 2.944e+03 (2944.062744)
2025-03-16 16:53:30 INFO  ren0 [octree.h:498] node count: 5 -> 5 -> 5

2025-03-16 16:53:30 INFO  ren0 [octree.h:498] node count: 2 -> 2 -> 2

2025-03-16 16:53:30 INFO  ren0 [PMMFocalGuidingIntegrator] diverge probability: 0.390

2025-03-16 16:53:30 INFO  ren0 [PMMFocalGuidingIntegrator] iteration postprocessing time: 11.9268s
2025-03-16 16:53:30 INFO  ren0 [PMMFocalGuidingIntegrator] GMM[
weight = 0.00249489 mean = [-2.78117 9.75751 -0.270811] covariance = [[2.03999 0.0266137 -0.360137][0.0266137 0.913763 -0.13875][-0.360137 -0.13875 3.37306]]
weight = 0.00249489 mean = [-0.718138 9.59056 2.96273] covariance = [[2.03999 0.0266137 -0.360137][0.0266137 0.913763 -0.13875][-0.360137 -0.13875 3.37306]]
weight = 0.00249489 mean = [-3.42546 9.61244 2.2802] covariance = [[2.03999 0.0266137 -0.360137][0.0266137 0.913763 -0.13875][-0.360137 -0.13875 3.37306]]
weight = 0.00249489 mean = [-1.98821 9.7511 -0.0709022] covariance = [[2.03999 0.0266137 -0.360137][0.0266137 0.913763 -0.13875][-0.360137 -0.13875 3.37306]]
weight = 0.00249489 mean = [-2.63251 9.60604 2.48011] covariance = [[2.03999 0.0266137 -0.360137][0.0266137 0.913763 -0.13875][-0.360137 -0.13875 3.37306]]
weight = 0.00249489 mean = [-4.69554 9.77298 -0.753432] covariance = [[2.03999 0.0266137 -0.360137][0.0266137 0.913763 -0.13875][-0.360137 -0.13875 3.37306]]
weight = 0.00249489 mean = [-5.33983 9.62791 1.79758] covariance = [[2.03999 0.0266137 -0.360137][0.0266137 0.913763 -0.13875][-0.360137 -0.13875 3.37306]]
weight = 0.00249489 mean = [-0.0738435 9.73563 0.411719] covariance = [[2.03999 0.0266137 -0.360137][0.0266137 0.913763 -0.13875][-0.360137 -0.13875 3.37306]]
weight = 0.00679692 mean = [-14.8502 6.98807 3.89017] covariance = [[9.43372 -0.0608577 1.38632][-0.0608577 6.86801 -0.811595][1.38632 -0.811595 3.58319]]
weight = 0.973244 mean = [0.365931 2.40971 -0.158055] covariance = [[19.8839 -1.13383 0.0104028][-1.13383 6.50194 -0.087765][0.0104028 -0.087765 6.34011]]
]
2025-03-16 16:53:30 INFO  ren0 [PMMFocalGuidingIntegrator] Octree[
AABB: AABB3[min=[-21.7494, -3.70393, -3.09172], max=[7.19249, 11.2965, 6.96201]]
Nodes count: 5
]
2025-03-16 16:53:30 INFO  ren0 [PMMFocalGuidingIntegrator] Octree[
AABB: AABB3[min=[-21.7494, -3.70393, -3.09172], max=[7.19249, 11.2965, 6.96201]]
Nodes count: 2
]
2025-03-16 16:53:30 INFO  ren0 [PMMFocalGuidingIntegrator] Rendering 6 iteration
2025-03-16 16:53:30 INFO  ren0 [SamplingIntegrator] Starting render job (1280x720, 4 samples, 8 cores, SSE2 enabled) ..
2025-03-16 16:55:23 INFO  ren0 [PMMFocalGuidingIntegrator] iteration render time: 1.8761m
2025-03-16 16:55:23 INFO  ren0 [PMMFocalGuidingIntegrator] Got 41971 non-zero samples and 0 zero samples
2025-03-16 16:55:36 INFO  ren0 [gaussian_mixture_model.h:126] Components accumulated weight is: 1.000000
2025-03-16 16:55:36 INFO  ren0 [gaussian_mixture_model.h:173] exp(-dist) between 0 and 1 is 0.418926
2025-03-16 16:55:36 INFO  ren0 [gaussian_mixture_model.h:173] exp(-dist) between 0 and 2 is 0.708487
2025-03-16 16:55:36 INFO  ren0 [gaussian_mixture_model.h:173] exp(-dist) between 0 and 3 is 0.953611
2025-03-16 16:55:36 INFO  ren0 [gaussian_mixture_model.h:173] exp(-dist) between 0 and 4 is 0.670034
2025-03-16 16:55:36 INFO  ren0 [gaussian_mixture_model.h:173] exp(-dist) between 0 and 5 is 0.744101
2025-03-16 16:55:36 INFO  ren0 [gaussian_mixture_model.h:173] exp(-dist) between 0 and 6 is 0.548734
2025-03-16 16:55:36 INFO  ren0 [gaussian_mixture_model.h:173] exp(-dist) between 0 and 7 is 0.601003
2025-03-16 16:55:36 INFO  ren0 [gaussian_mixture_model.h:173] exp(-dist) between 0 and 8 is 0.012818
2025-03-16 16:55:36 INFO  ren0 [gaussian_mixture_model.h:173] exp(-dist) between 0 and 9 is 0.092452
2025-03-16 16:55:36 INFO  ren0 [gaussian_mixture_model.h:173] exp(-dist) between 1 and 2 is 0.585750
2025-03-16 16:55:36 INFO  ren0 [gaussian_mixture_model.h:173] exp(-dist) between 1 and 3 is 0.538381
2025-03-16 16:55:36 INFO  ren0 [gaussian_mixture_model.h:173] exp(-dist) between 1 and 4 is 0.769214
2025-03-16 16:55:36 INFO  ren0 [gaussian_mixture_model.h:173] exp(-dist) between 1 and 5 is 0.175967
2025-03-16 16:55:36 INFO  ren0 [gaussian_mixture_model.h:173] exp(-dist) between 1 and 6 is 0.226639
2025-03-16 16:55:36 INFO  ren0 [gaussian_mixture_model.h:173] exp(-dist) between 1 and 7 is 0.719363
2025-03-16 16:55:36 INFO  ren0 [gaussian_mixture_model.h:173] exp(-dist) between 1 and 8 is 0.009375
2025-03-16 16:55:36 INFO  ren0 [gaussian_mixture_model.h:173] exp(-dist) between 1 and 9 is 0.074796
2025-03-16 16:55:36 INFO  ren0 [gaussian_mixture_model.h:173] exp(-dist) between 2 and 3 is 0.686915
2025-03-16 16:55:36 INFO  ren0 [gaussian_mixture_model.h:173] exp(-dist) between 2 and 4 is 0.950592
2025-03-16 16:55:36 INFO  ren0 [gaussian_mixture_model.h:173] exp(-dist) between 2 and 5 is 0.523500
2025-03-16 16:55:36 INFO  ren0 [gaussian_mixture_model.h:173] exp(-dist) between 2 and 6 is 0.752712
2025-03-16 16:55:36 INFO  ren0 [gaussian_mixture_model.h:173] exp(-dist) between 2 and 7 is 0.453709
2025-03-16 16:55:36 INFO  ren0 [gaussian_mixture_model.h:173] exp(-dist) between 2 and 8 is 0.046943
2025-03-16 16:55:36 INFO  ren0 [gaussian_mixture_model.h:173] exp(-dist) between 2 and 9 is 0.084335
2025-03-16 16:55:36 INFO  ren0 [gaussian_mixture_model.h:173] exp(-dist) between 3 and 4 is 0.710452
2025-03-16 16:55:36 INFO  ren0 [gaussian_mixture_model.h:173] exp(-dist) between 3 and 5 is 0.573837
2025-03-16 16:55:36 INFO  ren0 [gaussian_mixture_model.h:173] exp(-dist) between 3 and 6 is 0.424559
2025-03-16 16:55:36 INFO  ren0 [gaussian_mixture_model.h:173] exp(-dist) between 3 and 7 is 0.775622
2025-03-16 16:55:36 INFO  ren0 [gaussian_mixture_model.h:173] exp(-dist) between 3 and 8 is 0.009007
2025-03-16 16:55:36 INFO  ren0 [gaussian_mixture_model.h:173] exp(-dist) between 3 and 9 is 0.094875
2025-03-16 16:55:36 INFO  ren0 [gaussian_mixture_model.h:173] exp(-dist) between 4 and 5 is 0.407660
2025-03-16 16:55:36 INFO  ren0 [gaussian_mixture_model.h:173] exp(-dist) between 4 and 6 is 0.573465
2025-03-16 16:55:36 INFO  ren0 [gaussian_mixture_model.h:173] exp(-dist) between 4 and 7 is 0.579373
2025-03-16 16:55:36 INFO  ren0 [gaussian_mixture_model.h:173] exp(-dist) between 4 and 8 is 0.029554
2025-03-16 16:55:36 INFO  ren0 [gaussian_mixture_model.h:173] exp(-dist) between 4 and 9 is 0.084098
2025-03-16 16:55:36 INFO  ren0 [gaussian_mixture_model.h:173] exp(-dist) between 5 and 6 is 0.727117
2025-03-16 16:55:36 INFO  ren0 [gaussian_mixture_model.h:173] exp(-dist) between 5 and 7 is 0.242583
2025-03-16 16:55:36 INFO  ren0 [gaussian_mixture_model.h:173] exp(-dist) between 5 and 8 is 0.032014
2025-03-16 16:55:36 INFO  ren0 [gaussian_mixture_model.h:173] exp(-dist) between 5 and 9 is 0.079891
2025-03-16 16:55:36 INFO  ren0 [gaussian_mixture_model.h:173] exp(-dist) between 6 and 7 is 0.176199
2025-03-16 16:55:36 INFO  ren0 [gaussian_mixture_model.h:173] exp(-dist) between 6 and 8 is 0.111506
2025-03-16 16:55:36 INFO  ren0 [gaussian_mixture_model.h:173] exp(-dist) between 6 and 9 is 0.075282
2025-03-16 16:55:36 INFO  ren0 [gaussian_mixture_model.h:173] exp(-dist) between 7 and 8 is 0.003645
2025-03-16 16:55:36 INFO  ren0 [gaussian_mixture_model.h:173] exp(-dist) between 7 and 9 is 0.093556
2025-03-16 16:55:36 INFO  ren0 [gaussian_mixture_model.h:173] exp(-dist) between 8 and 9 is 0.061493
2025-03-16 16:55:36 INFO  ren0 [gaussian_mixture_model.h:180] components before the merge: 10
2025-03-16 16:55:36 INFO  ren0 [gaussian_mixture_model.h:183] Merging 3 and 0, because their BC is 0.953611
2025-03-16 16:55:36 INFO  ren0 [gaussian_mixture_model.h:183] Merging 4 and 2, because their BC is 0.950592
2025-03-16 16:55:36 INFO  ren0 [gaussian_mixture_model.h:183] Merging 6 and 5, because their BC is 0.727117
2025-03-16 16:55:36 INFO  ren0 [gaussian_mixture_model.h:183] Merging 7 and 1, because their BC is 0.719363
2025-03-16 16:55:36 INFO  ren0 [gaussian_mixture_model.h:183] Merging 4 and 3, because their BC is 0.709848
2025-03-16 16:55:36 INFO  ren0 [gaussian_mixture_model.h:183] Merging 7 and 4, because their BC is 0.699540
2025-03-16 16:55:36 INFO  ren0 [gaussian_mixture_model.h:183] Merging 7 and 6, because their BC is 0.574496
2025-03-16 16:55:36 INFO  ren0 [gaussian_mixture_model.h:200] components after the merge: 3, merged 7 component
2025-03-16 16:55:36 INFO  ren0 [gaussian_mixture_model.h:237] Ratio is 7.558003
2025-03-16 16:55:36 INFO  ren0 [gaussian_mixture_model.h:237] Ratio is 3.070097
2025-03-16 16:55:36 INFO  ren0 [gaussian_mixture_model.h:237] Ratio is 3.119689
2025-03-16 16:55:36 INFO  ren0 [gaussian_mixture_model.h:237] Ratio is 7.238826
2025-03-16 16:55:36 INFO  ren0 [gaussian_mixture_model.h:237] Ratio is 7.238826
2025-03-16 16:55:36 INFO  ren0 [gaussian_mixture_model.h:237] Ratio is 3.779002
2025-03-16 16:55:36 INFO  ren0 [gaussian_mixture_model.h:237] Ratio is 3.779002
2025-03-16 16:55:36 INFO  ren0 [gaussian_mixture_model.h:237] Ratio is 3.779002
2025-03-16 16:55:36 INFO  ren0 [gaussian_mixture_model.h:237] Ratio is 3.779002
2025-03-16 16:55:36 INFO  ren0 [gaussian_mixture_model.h:218] components after the split: 6, split 3 components
2025-03-16 16:55:36 INFO  ren0 [octree.h:482] root weight: 4.610e+04 (46103.128906)
2025-03-16 16:55:36 INFO  ren0 [octree.h:483] splitting threshold: 4.610e+03 (4610.312988)
2025-03-16 16:55:36 INFO  ren0 [octree.h:482] root weight: 2.879e+04 (28787.306641)
2025-03-16 16:55:36 INFO  ren0 [octree.h:483] splitting threshold: 2.879e+03 (2878.730713)
2025-03-16 16:55:36 INFO  ren0 [octree.h:498] node count: 5 -> 6 -> 6

2025-03-16 16:55:36 INFO  ren0 [octree.h:498] node count: 2 -> 2 -> 2

2025-03-16 16:55:36 INFO  ren0 [PMMFocalGuidingIntegrator] diverge probability: 0.384

2025-03-16 16:55:36 INFO  ren0 [PMMFocalGuidingIntegrator] iteration postprocessing time: 13.2882s
2025-03-16 16:55:36 INFO  ren0 [PMMFocalGuidingIntegrator] GMM[
weight = 0.00489117 mean = [-2.80291 9.5595 2.96273] covariance = [[3.38478 0.000751643 -0.0725536][0.000751643 0.92305 -0.157125][-0.0725536 -0.157125 3.35953]]
weight = 0.00489117 mean = [-2.57171 9.7944 -0.697898] covariance = [[3.38478 0.000751643 -0.0725536][0.000751643 0.92305 -0.157125][-0.0725536 -0.157125 3.35953]]
weight = 0.00489117 mean = [-4.52345 9.68472 1.05674] covariance = [[3.38478 0.000751643 -0.0725536][0.000751643 0.92305 -0.157125][-0.0725536 -0.157125 3.35953]]
weight = 0.00489117 mean = [-0.851167 9.66918 1.20809] covariance = [[3.38478 0.000751643 -0.0725536][0.000751643 0.92305 -0.157125][-0.0725536 -0.157125 3.35953]]
weight = 0.00878039 mean = [-14.6105 6.37597 3.7092] covariance = [[10.1813 0.507787 1.62417][0.507787 10.6123 -0.896013][1.62417 -0.896013 4.11569]]
weight = 0.971655 mean = [0.405907 2.40765 -0.21926] covariance = [[19.2187 -1.13387 0.0324714][-1.13387 6.36629 -0.0632174][0.0324714 -0.0632174 6.24086]]
]
2025-03-16 16:55:36 INFO  ren0 [PMMFocalGuidingIntegrator] Octree[
AABB: AABB3[min=[-21.7494, -3.70393, -3.09172], max=[7.19249, 11.2965, 6.96201]]
Nodes count: 6
]
2025-03-16 16:55:36 INFO  ren0 [PMMFocalGuidingIntegrator] Octree[
AABB: AABB3[min=[-21.7494, -3.70393, -3.09172], max=[7.19249, 11.2965, 6.96201]]
Nodes count: 2
]
2025-03-16 16:55:36 INFO  ren0 [PMMFocalGuidingIntegrator] Rendering 7 iteration
2025-03-16 16:55:36 INFO  ren0 [SamplingIntegrator] Starting render job (1280x720, 4 samples, 8 cores, SSE2 enabled) ..
2025-03-16 16:57:37 INFO  ren0 [PMMFocalGuidingIntegrator] iteration render time: 2.0151m
2025-03-16 16:57:37 INFO  ren0 [PMMFocalGuidingIntegrator] Got 46478 non-zero samples and 0 zero samples
2025-03-16 16:57:46 INFO  ren0 [gaussian_mixture_model.h:126] Components accumulated weight is: 1.000000
2025-03-16 16:57:46 INFO  ren0 [gaussian_mixture_model.h:173] exp(-dist) between 0 and 1 is 0.503034
2025-03-16 16:57:46 INFO  ren0 [gaussian_mixture_model.h:173] exp(-dist) between 0 and 2 is 0.729393
2025-03-16 16:57:46 INFO  ren0 [gaussian_mixture_model.h:173] exp(-dist) between 0 and 7 is 0.748288
2025-03-16 16:57:46 INFO  ren0 [gaussian_mixture_model.h:173] exp(-dist) between 0 and 8 is 0.054618
2025-03-16 16:57:46 INFO  ren0 [gaussian_mixture_model.h:173] exp(-dist) between 0 and 9 is 0.082690
2025-03-16 16:57:46 INFO  ren0 [gaussian_mixture_model.h:173] exp(-dist) between 1 and 2 is 0.729698
2025-03-16 16:57:46 INFO  ren0 [gaussian_mixture_model.h:173] exp(-dist) between 1 and 7 is 0.742023
2025-03-16 16:57:46 INFO  ren0 [gaussian_mixture_model.h:173] exp(-dist) between 1 and 8 is 0.016561
2025-03-16 16:57:46 INFO  ren0 [gaussian_mixture_model.h:173] exp(-dist) between 1 and 9 is 0.097947
2025-03-16 16:57:46 INFO  ren0 [gaussian_mixture_model.h:173] exp(-dist) between 2 and 7 is 0.553082
2025-03-16 16:57:46 INFO  ren0 [gaussian_mixture_model.h:173] exp(-dist) between 2 and 8 is 0.086519
2025-03-16 16:57:46 INFO  ren0 [gaussian_mixture_model.h:173] exp(-dist) between 2 and 9 is 0.090802
2025-03-16 16:57:46 INFO  ren0 [gaussian_mixture_model.h:173] exp(-dist) between 7 and 8 is 0.012952
2025-03-16 16:57:46 INFO  ren0 [gaussian_mixture_model.h:173] exp(-dist) between 7 and 9 is 0.102631
2025-03-16 16:57:46 INFO  ren0 [gaussian_mixture_model.h:173] exp(-dist) between 8 and 9 is 0.073246
2025-03-16 16:57:46 INFO  ren0 [gaussian_mixture_model.h:180] components before the merge: 6
2025-03-16 16:57:46 INFO  ren0 [gaussian_mixture_model.h:183] Merging 7 and 0, because their BC is 0.748288
2025-03-16 16:57:46 INFO  ren0 [gaussian_mixture_model.h:183] Merging 2 and 1, because their BC is 0.729698
2025-03-16 16:57:46 INFO  ren0 [gaussian_mixture_model.h:183] Merging 7 and 2, because their BC is 0.740205
2025-03-16 16:57:46 INFO  ren0 [gaussian_mixture_model.h:200] components after the merge: 3, merged 3 component
2025-03-16 16:57:46 INFO  ren0 [gaussian_mixture_model.h:237] Ratio is 8.135590
2025-03-16 16:57:46 INFO  ren0 [gaussian_mixture_model.h:237] Ratio is 3.879618
2025-03-16 16:57:46 INFO  ren0 [gaussian_mixture_model.h:237] Ratio is 3.028338
2025-03-16 16:57:46 INFO  ren0 [gaussian_mixture_model.h:237] Ratio is 7.001665
2025-03-16 16:57:46 INFO  ren0 [gaussian_mixture_model.h:237] Ratio is 7.001665
2025-03-16 16:57:46 INFO  ren0 [gaussian_mixture_model.h:237] Ratio is 4.067795
2025-03-16 16:57:46 INFO  ren0 [gaussian_mixture_model.h:237] Ratio is 4.067795
2025-03-16 16:57:46 INFO  ren0 [gaussian_mixture_model.h:237] Ratio is 4.067795
2025-03-16 16:57:46 INFO  ren0 [gaussian_mixture_model.h:237] Ratio is 4.067795
2025-03-16 16:57:46 INFO  ren0 [gaussian_mixture_model.h:218] components after the split: 10, split 7 components
2025-03-16 16:57:46 INFO  ren0 [octree.h:482] root weight: 4.571e+04 (45705.203125)
2025-03-16 16:57:46 INFO  ren0 [octree.h:483] splitting threshold: 4.571e+03 (4570.520508)
2025-03-16 16:57:46 INFO  ren0 [octree.h:482] root weight: 2.896e+04 (28962.298828)
2025-03-16 16:57:46 INFO  ren0 [octree.h:483] splitting threshold: 2.896e+03 (2896.229980)
2025-03-16 16:57:46 INFO  ren0 [octree.h:498] node count: 6 -> 6 -> 6

2025-03-16 16:57:46 INFO  ren0 [octree.h:498] node count: 2 -> 2 -> 2

2025-03-16 16:57:46 INFO  ren0 [PMMFocalGuidingIntegrator] diverge probability: 0.388

2025-03-16 16:57:46 INFO  ren0 [PMMFocalGuidingIntegrator] iteration postprocessing time: 9.2569s
2025-03-16 16:57:46 INFO  ren0 [PMMFocalGuidingIntegrator] GMM[
weight = 0.00241315 mean = [-3.36179 9.59517 2.26449] covariance = [[1.92741 0.0195227 -0.30679][0.0195227 0.923271 -0.165099][-0.30679 -0.165099 3.10124]]
weight = 0.00241315 mean = [-0.119105 9.72013 0.459877] covariance = [[1.92741 0.0195227 -0.30679][0.0195227 0.923271 -0.165099][-0.30679 -0.165099 3.10124]]
weight = 0.00241315 mean = [-2.7638 9.77864 -0.182135] covariance = [[1.92741 0.0195227 -0.30679][0.0195227 0.923271 -0.165099][-0.30679 -0.165099 3.10124]]
weight = 0.00241315 mean = [-2.58717 9.57804 2.45253] covariance = [[1.92741 0.0195227 -0.30679][0.0195227 0.923271 -0.165099][-0.30679 -0.165099 3.10124]]
weight = 0.00241315 mean = [-1.98919 9.7615 0.00590559] covariance = [[1.92741 0.0195227 -0.30679][0.0195227 0.923271 -0.165099][-0.30679 -0.165099 3.10124]]
weight = 0.00241315 mean = [-5.23187 9.63654 1.81052] covariance = [[1.92741 0.0195227 -0.30679][0.0195227 0.923271 -0.165099][-0.30679 -0.165099 3.10124]]
weight = 0.00241315 mean = [-4.63388 9.82001 -0.636106] covariance = [[1.92741 0.0195227 -0.30679][0.0195227 0.923271 -0.165099][-0.30679 -0.165099 3.10124]]
weight = 0.00241315 mean = [-0.717093 9.53667 2.9065] covariance = [[1.92741 0.0195227 -0.30679][0.0195227 0.923271 -0.165099][-0.30679 -0.165099 3.10124]]
weight = 0.0115201 mean = [-14.3382 5.57096 3.52401] covariance = [[10.6718 0.308846 1.88366][0.308846 15.5235 -0.616782][1.88366 -0.616782 4.58849]]
weight = 0.969175 mean = [0.448704 2.40301 -0.277661] covariance = [[18.4133 -1.1528 0.0567002][-1.1528 6.24745 -0.0307905][0.0567002 -0.0307905 6.14437]]
]
2025-03-16 16:57:46 INFO  ren0 [PMMFocalGuidingIntegrator] Octree[
AABB: AABB3[min=[-21.7494, -3.70393, -3.09172], max=[7.19249, 11.2965, 6.96201]]
Nodes count: 6
]
2025-03-16 16:57:46 INFO  ren0 [PMMFocalGuidingIntegrator] Octree[
AABB: AABB3[min=[-21.7494, -3.70393, -3.09172], max=[7.19249, 11.2965, 6.96201]]
Nodes count: 2
]
2025-03-16 16:57:46 INFO  ren0 [PMMFocalGuidingIntegrator] Finished training phase. Starting real rendering.
2025-03-16 16:57:46 INFO  ren0 [PMMFocalGuidingIntegrator] final guiding field written to ../scenes/modern-hall/final_gmm.serialized
2025-03-16 16:57:46 INFO  ren0 [PMMFocalGuidingIntegrator] Starting render job (1280x720, 4 samples, 8 cores, SSE2 enabled) ..
2025-03-16 16:59:36 INFO  ren0 [PMMFocalGuidingIntegrator] rendered 4 samples per pixel in 1.8342m.
2025-03-16 16:59:36 INFO  ren0 [RenderJob] Render time: 17.3747m
2025-03-16 16:59:36 INFO  ren0 [PMMFocalGuidingIntegrator] iteration render time: 1.8343m
2025-03-16 16:59:36 INFO  ren0 [PMMFocalGuidingIntegrator] GMM[
weight = 0.00241315 mean = [-3.36179 9.59517 2.26449] covariance = [[1.92741 0.0195227 -0.30679][0.0195227 0.923271 -0.165099][-0.30679 -0.165099 3.10124]]
weight = 0.00241315 mean = [-0.119105 9.72013 0.459877] covariance = [[1.92741 0.0195227 -0.30679][0.0195227 0.923271 -0.165099][-0.30679 -0.165099 3.10124]]
weight = 0.00241315 mean = [-2.7638 9.77864 -0.182135] covariance = [[1.92741 0.0195227 -0.30679][0.0195227 0.923271 -0.165099][-0.30679 -0.165099 3.10124]]
weight = 0.00241315 mean = [-2.58717 9.57804 2.45253] covariance = [[1.92741 0.0195227 -0.30679][0.0195227 0.923271 -0.165099][-0.30679 -0.165099 3.10124]]
weight = 0.00241315 mean = [-1.98919 9.7615 0.00590559] covariance = [[1.92741 0.0195227 -0.30679][0.0195227 0.923271 -0.165099][-0.30679 -0.165099 3.10124]]
weight = 0.00241315 mean = [-5.23187 9.63654 1.81052] covariance = [[1.92741 0.0195227 -0.30679][0.0195227 0.923271 -0.165099][-0.30679 -0.165099 3.10124]]
weight = 0.00241315 mean = [-4.63388 9.82001 -0.636106] covariance = [[1.92741 0.0195227 -0.30679][0.0195227 0.923271 -0.165099][-0.30679 -0.165099 3.10124]]
weight = 0.00241315 mean = [-0.717093 9.53667 2.9065] covariance = [[1.92741 0.0195227 -0.30679][0.0195227 0.923271 -0.165099][-0.30679 -0.165099 3.10124]]
weight = 0.0115201 mean = [-14.3382 5.57096 3.52401] covariance = [[10.6718 0.308846 1.88366][0.308846 15.5235 -0.616782][1.88366 -0.616782 4.58849]]
weight = 0.969175 mean = [0.448704 2.40301 -0.277661] covariance = [[18.4133 -1.1528 0.0567002][-1.1528 6.24745 -0.0307905][0.0567002 -0.0307905 6.14437]]
]
2025-03-16 16:59:36 INFO  ren0 [PMMFocalGuidingIntegrator] Octree[
AABB: AABB3[min=[-21.7494, -3.70393, -3.09172], max=[7.19249, 11.2965, 6.96201]]
Nodes: [
Node[
Index: 0	AABB: AABB3[min=[-21.7494, -3.70393, -3.09172], max=[-7.27848, 3.79629, 1.93515]]	DensityTimesVolume: 2.06982e-05 (2.07e-05)
Index: 1	AABB: AABB3[min=[-7.27848, -3.70393, -3.09172], max=[7.19249, 3.79629, 1.93515]]	DensityTimesVolume: 0.00114 (0.00114)
Index: 0	AABB: AABB3[min=[-21.7494, 3.79629, -3.09172], max=[-7.27848, 11.2965, 1.93515]]	DensityTimesVolume: 2.73e-05 (2.73e-05)
Index: 2	AABB: AABB3[min=[-7.27848, 3.79629, -3.09172], max=[7.19249, 11.2965, 1.93515]]	DensityTimesVolume: 0.000435 (0.000435)
Index: 0	AABB: AABB3[min=[-21.7494, -3.70393, 1.93515], max=[-7.27848, 3.79629, 6.96201]]	DensityTimesVolume: 1.06e-05 (1.06e-05)
Index: 0	AABB: AABB3[min=[-7.27848, -3.70393, 1.93515], max=[7.19249, 3.79629, 6.96201]]	DensityTimesVolume: 0.0001 (0.0001)
Index: 0	AABB: AABB3[min=[-21.7494, 3.79629, 1.93515], max=[-7.27848, 11.2965, 6.96201]]	DensityTimesVolume: 4.03e-06 (4.03e-06)
Index: 0	AABB: AABB3[min=[-7.27848, 3.79629, 1.93515], max=[7.19249, 11.2965, 6.96201]]	DensityTimesVolume: 9.01e-05 (9.01e-05)
]
Node[
Index: 0	AABB: AABB3[min=[-7.27848, -3.70393, -3.09172], max=[-0.0429955, 0.0461818, -0.578286]]	DensityTimesVolume: 3.89324e-05 (3.89e-05)
Index: 0	AABB: AABB3[min=[-0.0429955, -3.70393, -3.09172], max=[7.19249, 0.0461818, -0.578286]]	DensityTimesVolume: 8.8e-05 (8.8e-05)
Index: 0	AABB: AABB3[min=[-7.27848, 0.0461818, -3.09172], max=[-0.0429955, 3.79629, -0.578286]]	DensityTimesVolume: 0.000451 (0.000451)
Index: 3	AABB: AABB3[min=[-0.0429955, 0.0461818, -3.09172], max=[7.19249, 3.79629, -0.578286]]	DensityTimesVolume: 0.00737 (0.00737)
Index: 0	AABB: AABB3[min=[-7.27848, -3.70393, -0.578286], max=[-0.0429955, 0.0461818, 1.93515]]	DensityTimesVolume: 2.29e-05 (2.29e-05)
Index: 0	AABB: AABB3[min=[-0.0429955, -3.70393, -0.578286], max=[7.19249, 0.0461818, 1.93515]]	DensityTimesVolume: 7.73e-05 (7.73e-05)
Index: 0	AABB: AABB3[min=[-7.27848, 0.0461818, -0.578286], max=[-0.0429955, 3.79629, 1.93515]]	DensityTimesVolume: 0.00025 (0.00025)
Index: 0	AABB: AABB3[min=[-0.0429955, 0.0461818, -0.578286], max=[7.19249, 3.79629, 1.93515]]	DensityTimesVolume: 0.000862 (0.000862)
]
Node[
Index: 0	AABB: AABB3[min=[-7.27848, 3.79629, -3.09172], max=[-0.0429955, 7.54641, -0.578286]]	DensityTimesVolume: 0.0014906 (0.00149)
Index: 0	AABB: AABB3[min=[-0.0429955, 3.79629, -3.09172], max=[7.19249, 7.54641, -0.578286]]	DensityTimesVolume: 0.000649 (0.000649)
Index: 0	AABB: AABB3[min=[-7.27848, 7.54641, -3.09172], max=[-0.0429955, 11.2965, -0.578286]]	DensityTimesVolume: 0.000175 (0.000175)
Index: 0	AABB: AABB3[min=[-0.0429955, 7.54641, -3.09172], max=[7.19249, 11.2965, -0.578286]]	DensityTimesVolume: 0.000111 (0.000111)
Index: 0	AABB: AABB3[min=[-7.27848, 3.79629, -0.578286], max=[-0.0429955, 7.54641, 1.93515]]	DensityTimesVolume: 0.000315 (0.000315)
Index: 0	AABB: AABB3[min=[-0.0429955, 3.79629, -0.578286], max=[7.19249, 7.54641, 1.93515]]	DensityTimesVolume: 0.000686 (0.000686)
Index: 0	AABB: AABB3[min=[-7.27848, 7.54641, -0.578286], max=[-0.0429955, 11.2965, 1.93515]]	DensityTimesVolume: 3e-05 (3e-05)
Index: 0	AABB: AABB3[min=[-0.0429955, 7.54641, -0.578286], max=[7.19249, 11.2965, 1.93515]]	DensityTimesVolume: 2.45e-05 (2.45e-05)
]
Node[
Index: 4	AABB: AABB3[min=[-0.0429955, 0.0461818, -3.09172], max=[3.57475, 1.92124, -1.835]]	DensityTimesVolume: 0.0302142 (0.0302)
Index: 0	AABB: AABB3[min=[3.57475, 0.0461818, -3.09172], max=[7.19249, 1.92124, -1.835]]	DensityTimesVolume: 0.00206 (0.00206)
Index: 0	AABB: AABB3[min=[-0.0429955, 1.92124, -3.09172], max=[3.57475, 3.79629, -1.835]]	DensityTimesVolume: 0.014 (0.014)
Index: 0	AABB: AABB3[min=[3.57475, 1.92124, -3.09172], max=[7.19249, 3.79629, -1.835]]	DensityTimesVolume: 0.00224 (0.00224)
Index: 0	AABB: AABB3[min=[-0.0429955, 0.0461818, -1.835], max=[3.57475, 1.92124, -0.578286]]	DensityTimesVolume: 0.00225 (0.00225)
Index: 0	AABB: AABB3[min=[3.57475, 0.0461818, -1.835], max=[7.19249, 1.92124, -0.578286]]	DensityTimesVolume: 0.00209 (0.00209)
Index: 0	AABB: AABB3[min=[-0.0429955, 1.92124, -1.835], max=[3.57475, 3.79629, -0.578286]]	DensityTimesVolume: 0.00377 (0.00377)
Index: 0	AABB: AABB3[min=[3.57475, 1.92124, -1.835], max=[7.19249, 3.79629, -0.578286]]	DensityTimesVolume: 0.00237 (0.00237)
]
Node[
Index: 0	AABB: AABB3[min=[-0.0429955, 0.0461818, -3.09172], max=[1.76587, 0.98371, -2.46336]]	DensityTimesVolume: 0.00169041 (0.00169)
Index: 0	AABB: AABB3[min=[1.76587, 0.0461818, -3.09172], max=[3.57475, 0.98371, -2.46336]]	DensityTimesVolume: 0.0119 (0.0119)
Index: 0	AABB: AABB3[min=[-0.0429955, 0.98371, -3.09172], max=[1.76587, 1.92124, -2.46336]]	DensityTimesVolume: 0.00554 (0.00554)
Index: 5	AABB: AABB3[min=[1.76587, 0.98371, -3.09172], max=[3.57475, 1.92124, -2.46336]]	DensityTimesVolume: 0.188 (0.188)
Index: 0	AABB: AABB3[min=[-0.0429955, 0.0461818, -2.46336], max=[1.76587, 0.98371, -1.835]]	DensityTimesVolume: 0.00165 (0.00165)
Index: 0	AABB: AABB3[min=[1.76587, 0.0461818, -2.46336], max=[3.57475, 0.98371, -1.835]]	DensityTimesVolume: 0.00586 (0.00586)
Index: 0	AABB: AABB3[min=[-0.0429955, 0.98371, -2.46336], max=[1.76587, 1.92124, -1.835]]	DensityTimesVolume: 0.00514 (0.00514)
Index: 0	AABB: AABB3[min=[1.76587, 0.98371, -2.46336], max=[3.57475, 1.92124, -1.835]]	DensityTimesVolume: 0.0223 (0.0223)
]
Node[
Index: 0	AABB: AABB3[min=[1.76587, 0.98371, -3.09172], max=[2.67031, 1.45247, -2.77754]]	DensityTimesVolume: 0.719317 (0.719)
Index: 0	AABB: AABB3[min=[2.67031, 0.98371, -3.09172], max=[3.57475, 1.45247, -2.77754]]	DensityTimesVolume: 0.121 (0.121)
Index: 0	AABB: AABB3[min=[1.76587, 1.45247, -3.09172], max=[2.67031, 1.92124, -2.77754]]	DensityTimesVolume: 0.0945 (0.0945)
Index: 0	AABB: AABB3[min=[2.67031, 1.45247, -3.09172], max=[3.57475, 1.92124, -2.77754]]	DensityTimesVolume: 0.0905 (0.0905)
Index: 0	AABB: AABB3[min=[1.76587, 0.98371, -2.77754], max=[2.67031, 1.45247, -2.46336]]	DensityTimesVolume: 0.144 (0.144)
Index: 0	AABB: AABB3[min=[2.67031, 0.98371, -2.77754], max=[3.57475, 1.45247, -2.46336]]	DensityTimesVolume: 0.117 (0.117)
Index: 0	AABB: AABB3[min=[1.76587, 1.45247, -2.77754], max=[2.67031, 1.92124, -2.46336]]	DensityTimesVolume: 0.111 (0.111)
Index: 0	AABB: AABB3[min=[2.67031, 1.45247, -2.77754], max=[3.57475, 1.92124, -2.46336]]	DensityTimesVolume: 0.102 (0.102)
]
]
]
2025-03-16 16:59:36 INFO  ren0 [PMMFocalGuidingIntegrator] Octree[
AABB: AABB3[min=[-21.7494, -3.70393, -3.09172], max=[7.19249, 11.2965, 6.96201]]
Nodes: [
Node[
Index: 0	AABB: AABB3[min=[-21.7494, -3.70393, -3.09172], max=[-7.27848, 3.79629, 1.93515]]	DensityTimesVolume: 5.7194e-05 (5.72e-05)
Index: 1	AABB: AABB3[min=[-7.27848, -3.70393, -3.09172], max=[7.19249, 3.79629, 1.93515]]	DensityTimesVolume: 0.00111 (0.00111)
Index: 0	AABB: AABB3[min=[-21.7494, 3.79629, -3.09172], max=[-7.27848, 11.2965, 1.93515]]	DensityTimesVolume: 3.65e-05 (3.65e-05)
Index: 0	AABB: AABB3[min=[-7.27848, 3.79629, -3.09172], max=[7.19249, 11.2965, 1.93515]]	DensityTimesVolume: 0.000242 (0.000242)
Index: 0	AABB: AABB3[min=[-21.7494, -3.70393, 1.93515], max=[-7.27848, 3.79629, 6.96201]]	DensityTimesVolume: 5.52e-05 (5.52e-05)
Index: 0	AABB: AABB3[min=[-7.27848, -3.70393, 1.93515], max=[7.19249, 3.79629, 6.96201]]	DensityTimesVolume: 0.000191 (0.000191)
Index: 0	AABB: AABB3[min=[-21.7494, 3.79629, 1.93515], max=[-7.27848, 11.2965, 6.96201]]	DensityTimesVolume: 3.43e-05 (3.43e-05)
Index: 0	AABB: AABB3[min=[-7.27848, 3.79629, 1.93515], max=[7.19249, 11.2965, 6.96201]]	DensityTimesVolume: 0.000106 (0.000106)
]
Node[
Index: 0	AABB: AABB3[min=[-7.27848, -3.70393, -3.09172], max=[-0.0429955, 0.0461818, -0.578286]]	DensityTimesVolume: 0.000526994 (0.000527)
Index: 0	AABB: AABB3[min=[-0.0429955, -3.70393, -3.09172], max=[7.19249, 0.0461818, -0.578286]]	DensityTimesVolume: 0.000867 (0.000867)
Index: 0	AABB: AABB3[min=[-7.27848, 0.0461818, -3.09172], max=[-0.0429955, 3.79629, -0.578286]]	DensityTimesVolume: 0.00154 (0.00154)
Index: 0	AABB: AABB3[min=[-0.0429955, 0.0461818, -3.09172], max=[7.19249, 3.79629, -0.578286]]	DensityTimesVolume: 0.00225 (0.00225)
Index: 0	AABB: AABB3[min=[-7.27848, -3.70393, -0.578286], max=[-0.0429955, 0.0461818, 1.93515]]	DensityTimesVolume: 0.000714 (0.000714)
Index: 0	AABB: AABB3[min=[-0.0429955, -3.70393, -0.578286], max=[7.19249, 0.0461818, 1.93515]]	DensityTimesVolume: 0.000753 (0.000753)
Index: 0	AABB: AABB3[min=[-7.27848, 0.0461818, -0.578286], max=[-0.0429955, 3.79629, 1.93515]]	DensityTimesVolume: 0.00128 (0.00128)
Index: 0	AABB: AABB3[min=[-0.0429955, 0.0461818, -0.578286], max=[7.19249, 3.79629, 1.93515]]	DensityTimesVolume: 0.000957 (0.000957)
]
]
]
2025-03-16 16:59:36 INFO  ren0 [HDRFilm] Writing image to "/home/julia/PBRT/PMM_focal_guiding/mitsuba/dist/../../scenes/modern-hall/modern-hall.exr" ..
2025-03-16 16:59:36 INFO  main [statistics.cpp:142] Statistics:
------------------------------------------------------------
 * Loaded plugins :
    -  plugins/area.so [Area light]
    -  plugins/bitmap.so [Bitmap texture]
    -  plugins/box.so [Box filter]
    -  plugins/cube.so [Cube intersection primitive]
    -  plugins/dielectric.so [Smooth dielectric BSDF]
    -  plugins/difftrans.so [Diffuse transmitter]
    -  plugins/diffuse.so [Smooth diffuse BRDF]
    -  plugins/hdrfilm.so [High dynamic range film]
    -  plugins/homogeneous.so [Homogeneous medium]
    -  plugins/independent.so [Independent sampler]
    -  plugins/isotropic.so [Isotropic phase function]
    -  plugins/lanczos.so [Lanczos Sinc filter]
    -  plugins/obj.so [OBJ triangle mesh loader]
    -  plugins/perspective.so [Perspective camera]
    -  plugins/pmm_focal_guiding.so [PMM focal guiding path tracer]
    -  plugins/rectangle.so [Rectangle intersection primitive]
    -  plugins/roughconductor.so [Rough conductor BRDF]
    -  plugins/roughplastic.so [Rough plastic BRDF]
    -  plugins/twosided.so [Two-sided BRDF adapter]

  * General :
    -  Normal rays traced : 14.252 M
    -  Shadow rays traced : 8.551 M

  * Path tracer :
    -  Average path length : 3.59 (13.23 M / 3.69 M)
    -  Sampled from Converging : 3.472 M
    -  Sampled from Diverging : 2.200 M
    -  Sampled from GMM : 5.672 M

  * Texture system :
    -  Filtered texture lookups : 29.61 % (938.45 K of 3.17 M)
------------------------------------------------------------
