2025-03-15 20:57:44 INFO  main [mitsuba.cpp:274] Mitsuba version 0.6.0 (Linux, 64 bit), Copyright (c) 2017 Wenzel Jakob
2025-03-15 20:57:44 INFO  main [mitsuba.cpp:377] Parsing scene description from "../../scenes/modern-hall/modern-hall.xml" ..
2025-03-15 20:57:44 INFO  main [scenehandler.cpp:675] In file "/home/julia/PBRT/PMM_focal_guiding/mitsuba/dist/../../scenes/modern-hall/modern-hall.xml" (near line 20): Parsing included file "pmm_focal_guiding.xml" ..
2025-03-15 20:57:44 INFO  main [PluginManager] Loading plugin "plugins/pmm_focal_guiding.so" ..
2025-03-15 20:57:44 INFO  main [octree.h:482] root weight: 8.000e-20 (0.000000)
2025-03-15 20:57:44 INFO  main [octree.h:483] splitting threshold: 8.000e-23 (0.000000)
2025-03-15 20:57:44 INFO  main [octree.h:498] node count: 1 -> 585 -> 585

2025-03-15 20:57:44 INFO  main [octree.h:482] root weight: 8.000e-20 (0.000000)
2025-03-15 20:57:44 INFO  main [octree.h:483] splitting threshold: 8.000e-23 (0.000000)
2025-03-15 20:57:44 INFO  main [octree.h:498] node count: 1 -> 585 -> 585

2025-03-15 20:57:44 INFO  main [pmm_focal_guiding.cpp:109] Will save the GMM to file in directory 
2025-03-15 20:57:44 INFO  main [PMMFocalGuidingIntegrator] GMM params: alpha = 0.250000, split_th = 1.000000, merge_th = 0.500000, min_num_comp = 3, max_num_comp = 10
2025-03-15 20:57:44 INFO  main [PMMFocalGuidingIntegrator] iterationCount: 8
2025-03-15 20:57:44 INFO  main [PMMFocalGuidingIntegrator] PMMFocalGuidingIntegrator
  maxDepth = 40,
  rrDepth = 14,
  strictNormals = 1
  gmm = GMM[
]
]
2025-03-15 20:57:44 WARN  main [scenehandler.cpp:795] In file "/home/julia/PBRT/PMM_focal_guiding/mitsuba/dist/../../scenes/modern-hall/../_integrators/pmm_focal_guiding.xml" (near line 52): Unqueried attribute "budget" in element "integrator"
2025-03-15 20:57:44 WARN  main [scenehandler.cpp:795] In file "/home/julia/PBRT/PMM_focal_guiding/mitsuba/dist/../../scenes/modern-hall/../_integrators/pmm_focal_guiding.xml" (near line 52): Unqueried attribute "dumpPrimaryRays" in element "integrator"
2025-03-15 20:57:44 WARN  main [scenehandler.cpp:795] In file "/home/julia/PBRT/PMM_focal_guiding/mitsuba/dist/../../scenes/modern-hall/../_integrators/pmm_focal_guiding.xml" (near line 52): Unqueried attribute "dumpScene" in element "integrator"
2025-03-15 20:57:44 WARN  main [scenehandler.cpp:795] In file "/home/julia/PBRT/PMM_focal_guiding/mitsuba/dist/../../scenes/modern-hall/../_integrators/pmm_focal_guiding.xml" (near line 52): Unqueried attribute "normalBinning" in element "integrator"
2025-03-15 20:57:44 WARN  main [scenehandler.cpp:795] In file "/home/julia/PBRT/PMM_focal_guiding/mitsuba/dist/../../scenes/modern-hall/../_integrators/pmm_focal_guiding.xml" (near line 52): Unqueried attribute "samplingMode" in element "integrator"
2025-03-15 20:57:44 WARN  main [scenehandler.cpp:795] In file "/home/julia/PBRT/PMM_focal_guiding/mitsuba/dist/../../scenes/modern-hall/../_integrators/pmm_focal_guiding.xml" (near line 52): Unqueried attribute "unboundedSplatting" in element "integrator"
2025-03-15 20:57:44 WARN  main [scenehandler.cpp:795] In file "/home/julia/PBRT/PMM_focal_guiding/mitsuba/dist/../../scenes/modern-hall/../_integrators/pmm_focal_guiding.xml" (near line 53): Unqueried attribute "saveGMMDirectory" in element "scene"
2025-03-15 20:57:44 INFO  main [PluginManager] Loading plugin "plugins/independent.so" ..
2025-03-15 20:57:44 INFO  main [PluginManager] Loading plugin "plugins/box.so" ..
2025-03-15 20:57:44 INFO  main [PluginManager] Loading plugin "plugins/hdrfilm.so" ..
2025-03-15 20:57:44 INFO  main [PluginManager] Loading plugin "plugins/perspective.so" ..
2025-03-15 20:57:44 INFO  main [PluginManager] Loading plugin "plugins/dielectric.so" ..
2025-03-15 20:57:44 INFO  main [PluginManager] Loading plugin "plugins/bitmap.so" ..
2025-03-15 20:57:44 INFO  main [BitmapTexture] Loading texture "wood5.jpg"
2025-03-15 20:57:44 INFO  main [MIPMap] Mapped MIP map cache file "/home/julia/PBRT/PMM_focal_guiding/mitsuba/dist/../../scenes/modern-hall/textures/wood5.mip" into memory (14.7 MiB).
2025-03-15 20:57:44 INFO  main [PluginManager] Loading plugin "plugins/roughplastic.so" ..
2025-03-15 20:57:44 INFO  main [PluginManager] Loading plugin "plugins/twosided.so" ..
2025-03-15 20:57:44 INFO  main [BitmapTexture] Loading texture "Tiles.jpg"
2025-03-15 20:57:44 INFO  main [PluginManager] Loading plugin "plugins/lanczos.so" ..
2025-03-15 20:57:44 INFO  main [PluginManager] Loading plugin "plugins/diffuse.so" ..
2025-03-15 20:57:44 INFO  main [BitmapTexture] Loading texture "Wallpaper.jpg"
2025-03-15 20:57:44 INFO  main [PluginManager] Loading plugin "plugins/roughconductor.so" ..
2025-03-15 20:57:44 INFO  main [spectrum.cpp:599] "Cu.eta.spd": loaded a spectral power distribution with 55 entries (between 302.400421 and 885.601257 nm)
2025-03-15 20:57:44 INFO  main [spectrum.cpp:599] "Cu.k.spd": loaded a spectral power distribution with 55 entries (between 302.400421 and 885.601257 nm)
2025-03-15 20:57:44 INFO  main [spectrum.cpp:599] "Cu.eta.spd": loaded a spectral power distribution with 55 entries (between 302.400421 and 885.601257 nm)
2025-03-15 20:57:44 INFO  main [spectrum.cpp:599] "Cu.k.spd": loaded a spectral power distribution with 55 entries (between 302.400421 and 885.601257 nm)
2025-03-15 20:57:44 INFO  main [PluginManager] Loading plugin "plugins/difftrans.so" ..
2025-03-15 20:57:44 INFO  main [PluginManager] Loading plugin "plugins/area.so" ..
2025-03-15 20:57:44 INFO  main [PluginManager] Loading plugin "plugins/rectangle.so" ..
2025-03-15 20:57:44 INFO  main [PluginManager] Loading plugin "plugins/cube.so" ..
2025-03-15 20:57:44 INFO  main [PluginManager] Loading plugin "plugins/obj.so" ..
2025-03-15 20:57:44 INFO  main [WavefrontOBJ] Loading geometry from "Mesh008.obj" ..
2025-03-15 20:57:44 INFO  main [WavefrontOBJ] Mesh008: 5184 triangles, 2664 vertices (merged 12888 vertices).
2025-03-15 20:57:44 INFO  main [WavefrontOBJ] Done with "Mesh008.obj" (took 43 ms)
2025-03-15 20:57:44 INFO  main [WavefrontOBJ] Loading geometry from "Mesh004.obj" ..
2025-03-15 20:57:44 INFO  main [WavefrontOBJ] Mesh004: 5184 triangles, 2664 vertices (merged 12888 vertices).
2025-03-15 20:57:44 INFO  main [WavefrontOBJ] Done with "Mesh004.obj" (took 39 ms)
2025-03-15 20:57:44 INFO  main [WavefrontOBJ] Loading geometry from "Mesh003.obj" ..
2025-03-15 20:57:44 INFO  main [WavefrontOBJ] Mesh003: 5184 triangles, 2664 vertices (merged 12888 vertices).
2025-03-15 20:57:44 INFO  main [WavefrontOBJ] Done with "Mesh003.obj" (took 41 ms)
2025-03-15 20:57:44 INFO  main [WavefrontOBJ] Loading geometry from "Mesh006.obj" ..
2025-03-15 20:57:44 INFO  main [WavefrontOBJ] Mesh006: 5184 triangles, 2664 vertices (merged 12888 vertices).
2025-03-15 20:57:44 INFO  main [WavefrontOBJ] Done with "Mesh006.obj" (took 40 ms)
2025-03-15 20:57:44 INFO  main [WavefrontOBJ] Loading geometry from "Mesh012.obj" ..
2025-03-15 20:57:44 INFO  main [WavefrontOBJ] Mesh012: 444 triangles, 882 vertices (merged 450 vertices).
2025-03-15 20:57:44 INFO  main [WavefrontOBJ] Done with "Mesh012.obj" (took 5 ms)
2025-03-15 20:57:44 INFO  main [WavefrontOBJ] Loading geometry from "Mesh013.obj" ..
2025-03-15 20:57:44 INFO  main [WavefrontOBJ] Mesh013: 5184 triangles, 2664 vertices (merged 12888 vertices).
2025-03-15 20:57:44 INFO  main [WavefrontOBJ] Done with "Mesh013.obj" (took 45 ms)
2025-03-15 20:57:44 INFO  main [WavefrontOBJ] Loading geometry from "Mesh010.obj" ..
2025-03-15 20:57:44 INFO  main [WavefrontOBJ] Mesh010: 32 triangles, 60 vertices (merged 36 vertices).
2025-03-15 20:57:44 INFO  main [WavefrontOBJ] Done with "Mesh010.obj" (took 0 ms)
2025-03-15 20:57:44 INFO  main [WavefrontOBJ] Loading geometry from "Mesh015.obj" ..
2025-03-15 20:57:44 INFO  main [WavefrontOBJ] Mesh015: 32 triangles, 60 vertices (merged 36 vertices).
2025-03-15 20:57:44 INFO  main [WavefrontOBJ] Done with "Mesh015.obj" (took 0 ms)
2025-03-15 20:57:44 INFO  main [WavefrontOBJ] Loading geometry from "Mesh002.obj" ..
2025-03-15 20:57:44 INFO  main [WavefrontOBJ] Mesh002: 32 triangles, 60 vertices (merged 36 vertices).
2025-03-15 20:57:44 INFO  main [WavefrontOBJ] Done with "Mesh002.obj" (took 0 ms)
2025-03-15 20:57:44 INFO  main [WavefrontOBJ] Loading geometry from "Mesh007.obj" ..
2025-03-15 20:57:44 INFO  main [WavefrontOBJ] Mesh007: 32 triangles, 60 vertices (merged 36 vertices).
2025-03-15 20:57:44 INFO  main [WavefrontOBJ] Done with "Mesh007.obj" (took 0 ms)
2025-03-15 20:57:44 INFO  main [WavefrontOBJ] Loading geometry from "Mesh005.obj" ..
2025-03-15 20:57:44 INFO  main [WavefrontOBJ] Mesh005: 12 triangles, 20 vertices (merged 16 vertices).
2025-03-15 20:57:44 INFO  main [WavefrontOBJ] Done with "Mesh005.obj" (took 0 ms)
2025-03-15 20:57:44 INFO  main [WavefrontOBJ] Loading geometry from "Mesh016.obj" ..
2025-03-15 20:57:44 INFO  main [WavefrontOBJ] Mesh016: 120 triangles, 204 vertices (merged 156 vertices).
2025-03-15 20:57:44 INFO  main [WavefrontOBJ] Done with "Mesh016.obj" (took 2 ms)
2025-03-15 20:57:44 INFO  main [WavefrontOBJ] Loading geometry from "Mesh017.obj" ..
2025-03-15 20:57:44 INFO  main [WavefrontOBJ] Mesh017: 20 triangles, 40 vertices (merged 20 vertices).
2025-03-15 20:57:44 INFO  main [WavefrontOBJ] Done with "Mesh017.obj" (took 0 ms)
2025-03-15 20:57:44 INFO  main [WavefrontOBJ] Loading geometry from "Mesh018.obj" ..
2025-03-15 20:57:44 INFO  main [WavefrontOBJ] Mesh018: 2 triangles, 4 vertices (merged 2 vertices).
2025-03-15 20:57:44 INFO  main [WavefrontOBJ] Done with "Mesh018.obj" (took 0 ms)
2025-03-15 20:57:44 INFO  main [WavefrontOBJ] Loading geometry from "Mesh011.obj" ..
2025-03-15 20:57:44 INFO  main [WavefrontOBJ] Mesh011: 32 triangles, 30 vertices (merged 66 vertices).
2025-03-15 20:57:44 INFO  main [WavefrontOBJ] Done with "Mesh011.obj" (took 0 ms)
2025-03-15 20:57:44 INFO  main [PluginManager] Loading plugin "plugins/homogeneous.so" ..
2025-03-15 20:57:44 INFO  main [PluginManager] Loading plugin "plugins/isotropic.so" ..
2025-03-15 20:57:44 INFO  main [WavefrontOBJ] Loading geometry from "Mesh014.obj" ..
2025-03-15 20:57:44 INFO  main [WavefrontOBJ] Mesh014: 36 triangles, 72 vertices (merged 36 vertices).
2025-03-15 20:57:44 INFO  main [WavefrontOBJ] Done with "Mesh014.obj" (took 2 ms)
2025-03-15 20:57:44 INFO  main [WavefrontOBJ] Loading geometry from "Mesh001.obj" ..
2025-03-15 20:57:44 INFO  main [WavefrontOBJ] Mesh001: 924 triangles, 2016 vertices (merged 756 vertices).
2025-03-15 20:57:44 INFO  main [WavefrontOBJ] Done with "Mesh001.obj" (took 20 ms)
2025-03-15 20:57:44 INFO  main [WavefrontOBJ] Loading geometry from "Mesh000.obj" ..
2025-03-15 20:57:44 INFO  main [WavefrontOBJ] Mesh000: 3127 triangles, 2075 vertices (merged 7306 vertices).
2025-03-15 20:57:44 INFO  main [WavefrontOBJ] Done with "Mesh000.obj" (took 52 ms)
2025-03-15 20:57:44 INFO  main [WavefrontOBJ] Loading geometry from "Mesh009.obj" ..
2025-03-15 20:57:44 INFO  main [WavefrontOBJ] Mesh009: 146 triangles, 110 vertices (merged 328 vertices).
2025-03-15 20:57:44 INFO  main [WavefrontOBJ] Done with "Mesh009.obj" (took 2 ms)
2025-03-15 20:57:44 INFO  ren0 [KDTreeBase] Constructing a SAH kd-tree (30963 primitives) ..
2025-03-15 20:57:45 INFO  ren0 [KDTreeBase] Finished -- took 473 ms.
2025-03-15 20:57:45 INFO  ren0 [PMMFocalGuidingIntegrator] Starting preprocess
2025-03-15 20:57:45 INFO  ren0 [octree.h:482] root weight: 8.000e-20 (0.000000)
2025-03-15 20:57:45 INFO  ren0 [octree.h:483] splitting threshold: 8.000e-23 (0.000000)
2025-03-15 20:57:45 INFO  ren0 [octree.h:498] node count: 1 -> 585 -> 585

2025-03-15 20:57:45 INFO  ren0 [octree.h:482] root weight: 4.096e-17 (0.000000)
2025-03-15 20:57:45 INFO  ren0 [octree.h:483] splitting threshold: 4.096e-20 (0.000000)
2025-03-15 20:57:45 INFO  ren0 [octree.h:498] node count: 585 -> 585 -> 585

2025-03-15 20:57:45 INFO  ren0 [octree.h:482] root weight: 8.000e-20 (0.000000)
2025-03-15 20:57:45 INFO  ren0 [octree.h:483] splitting threshold: 8.000e-23 (0.000000)
2025-03-15 20:57:45 INFO  ren0 [octree.h:498] node count: 1 -> 585 -> 585

2025-03-15 20:57:45 INFO  ren0 [octree.h:482] root weight: 4.096e-17 (0.000000)
2025-03-15 20:57:45 INFO  ren0 [octree.h:483] splitting threshold: 4.096e-20 (0.000000)
2025-03-15 20:57:45 INFO  ren0 [octree.h:498] node count: 585 -> 585 -> 585

2025-03-15 20:57:45 INFO  ren0 [PMMFocalGuidingIntegrator] Octree[
AABB: AABB3[min=[-21.7494, -3.70393, -3.09172], max=[7.19249, 11.2965, 6.96201]]
Nodes count: 585
]
2025-03-15 20:57:45 INFO  ren0 [PMMFocalGuidingIntegrator] Octree[
AABB: AABB3[min=[-21.7494, -3.70393, -3.09172], max=[7.19249, 11.2965, 6.96201]]
Nodes count: 585
]
2025-03-15 20:57:45 INFO  ren0 [PMMFocalGuidingIntegrator] GMM[
weight = 0.166667 mean = [1.07092 -3.21994 -2.41369] covariance = [[1 0 0][0 1 0][0 0 1]]
weight = 0.166667 mean = [-9.70477 2.95808 1.75366] covariance = [[1 0 0][0 1 0][0 0 1]]
weight = 0.166667 mean = [6.86631 1.04368 2.37759] covariance = [[1 0 0][0 1 0][0 0 1]]
weight = 0.166667 mean = [-13.4457 7.06904 3.33854] covariance = [[1 0 0][0 1 0][0 0 1]]
weight = 0.166667 mean = [-17.0481 7.71108 -2.57049] covariance = [[1 0 0][0 1 0][0 0 1]]
weight = 0.166667 mean = [-13.2789 0.312314 -1.01849] covariance = [[1 0 0][0 1 0][0 0 1]]
]
2025-03-15 20:57:45 INFO  ren0 [PMMFocalGuidingIntegrator] Starting training... (8) iterations
2025-03-15 20:57:45 INFO  ren0 [PMMFocalGuidingIntegrator] Rendering 0 iteration
2025-03-15 20:57:45 INFO  ren0 [SamplingIntegrator] Starting render job (1280x720, 4 samples, 8 cores, SSE2 enabled) ..
2025-03-15 20:58:41 INFO  ren0 [PMMFocalGuidingIntegrator] iteration render time: 56.1764s
2025-03-15 20:58:41 INFO  ren0 [PMMFocalGuidingIntegrator] Got 53274 non-zero samples and 0 zero samples
2025-03-15 20:58:50 INFO  ren0 [gaussian_mixture_model.h:126] Components accumulated weight is: 1.000000
2025-03-15 20:58:50 INFO  ren0 [gaussian_mixture_model.h:173] exp(-dist) between 0 and 1 is 0.489260
2025-03-15 20:58:50 INFO  ren0 [gaussian_mixture_model.h:173] exp(-dist) between 0 and 2 is 0.498226
2025-03-15 20:58:50 INFO  ren0 [gaussian_mixture_model.h:173] exp(-dist) between 0 and 3 is 0.066387
2025-03-15 20:58:50 INFO  ren0 [gaussian_mixture_model.h:173] exp(-dist) between 0 and 4 is 0.007757
2025-03-15 20:58:50 INFO  ren0 [gaussian_mixture_model.h:173] exp(-dist) between 0 and 5 is 0.024326
2025-03-15 20:58:50 INFO  ren0 [gaussian_mixture_model.h:173] exp(-dist) between 1 and 2 is 0.405298
2025-03-15 20:58:50 INFO  ren0 [gaussian_mixture_model.h:173] exp(-dist) between 1 and 3 is 0.350332
2025-03-15 20:58:50 INFO  ren0 [gaussian_mixture_model.h:173] exp(-dist) between 1 and 4 is 0.141522
2025-03-15 20:58:50 INFO  ren0 [gaussian_mixture_model.h:173] exp(-dist) between 1 and 5 is 0.409363
2025-03-15 20:58:50 INFO  ren0 [gaussian_mixture_model.h:173] exp(-dist) between 2 and 3 is 0.060186
2025-03-15 20:58:50 INFO  ren0 [gaussian_mixture_model.h:173] exp(-dist) between 2 and 4 is 0.010648
2025-03-15 20:58:50 INFO  ren0 [gaussian_mixture_model.h:173] exp(-dist) between 2 and 5 is 0.002338
2025-03-15 20:58:50 INFO  ren0 [gaussian_mixture_model.h:173] exp(-dist) between 3 and 4 is 0.461636
2025-03-15 20:58:50 INFO  ren0 [gaussian_mixture_model.h:173] exp(-dist) between 3 and 5 is 0.103320
2025-03-15 20:58:50 INFO  ren0 [gaussian_mixture_model.h:173] exp(-dist) between 4 and 5 is 0.109787
2025-03-15 20:58:50 INFO  ren0 [gaussian_mixture_model.h:180] components before the merge: 6
2025-03-15 20:58:50 INFO  ren0 [gaussian_mixture_model.h:183] Merging 2 and 0, because their BC is 0.498226
2025-03-15 20:58:50 INFO  ren0 [gaussian_mixture_model.h:200] components after the merge: 5, merged 1 component
2025-03-15 20:58:50 INFO  ren0 [gaussian_mixture_model.h:237] Ratio is 5.375952
2025-03-15 20:58:50 INFO  ren0 [gaussian_mixture_model.h:237] Ratio is 3.502603
2025-03-15 20:58:50 INFO  ren0 [gaussian_mixture_model.h:237] Ratio is 5.449886
2025-03-15 20:58:50 INFO  ren0 [gaussian_mixture_model.h:237] Ratio is 3.194632
2025-03-15 20:58:50 INFO  ren0 [gaussian_mixture_model.h:237] Ratio is 3.971814
2025-03-15 20:58:50 INFO  ren0 [gaussian_mixture_model.h:218] components after the split: 10, split 5 components
2025-03-15 20:58:50 INFO  ren0 [octree.h:482] root weight: 2.036e+05 (203569.687500)
2025-03-15 20:58:50 INFO  ren0 [octree.h:483] splitting threshold: 2.036e+02 (203.569702)
2025-03-15 20:58:50 INFO  ren0 [octree.h:482] root weight: 2.354e+05 (235405.640625)
2025-03-15 20:58:50 INFO  ren0 [octree.h:483] splitting threshold: 2.354e+02 (235.405655)
2025-03-15 20:58:50 INFO  ren0 [octree.h:498] node count: 585 -> 717 -> 531

2025-03-15 20:58:50 INFO  ren0 [octree.h:498] node count: 585 -> 626 -> 381

2025-03-15 20:58:50 INFO  ren0 [PMMFocalGuidingIntegrator] diverge probability: 0.536

2025-03-15 20:58:50 INFO  ren0 [PMMFocalGuidingIntegrator] iteration postprocessing time: 9.4214s
2025-03-15 20:58:50 INFO  ren0 [PMMFocalGuidingIntegrator] GMM[
weight = 0.105298 mean = [-7.92069 2.95197 1.40495] covariance = [[13.2977 2.65359 -1.62204][2.65359 8.33989 -1.22851][-1.62204 -1.22851 6.12142]]
weight = 0.105298 mean = [-3.06762 5.1414 0.201447] covariance = [[13.2977 2.65359 -1.62204][2.65359 8.33989 -1.22851][-1.62204 -1.22851 6.12142]]
weight = 0.372845 mean = [1.53219 4.1815 0.358375] covariance = [[9.81944 0.27533 3.01182][0.27533 10.0136 1.64918][3.01182 1.64918 8.16014]]
weight = 0.0074301 mean = [-9.87752 8.76064 2.90931] covariance = [[9.4585 2.57723 -0.368797][2.57723 5.26222 -0.680022][-0.368797 -0.680022 6.53709]]
weight = 0.00216249 mean = [-14.094 8.53448 -1.41111] covariance = [[5.6738 0.28815 -0.373807][0.28815 4.95959 0.928108][-0.373807 0.928108 4.42829]]
weight = 0.0122635 mean = [-11.1956 -0.286145 -1.0032] covariance = [[5.17211 -1.02289 -0.142414][-1.02289 4.46046 -1.68884][-0.142414 -1.68884 4.71588]]
weight = 0.372845 mean = [3.75844 0.383474 0.639544] covariance = [[9.81944 0.27533 3.01182][0.27533 10.0136 1.64918][3.01182 1.64918 8.16014]]
weight = 0.0074301 mean = [-14.0049 6.74751 3.59128] covariance = [[9.4585 2.57723 -0.368797][2.57723 5.26222 -0.680022][-0.368797 -0.680022 6.53709]]
weight = 0.00216249 mean = [-17.4057 7.96788 -0.885273] covariance = [[5.6738 0.28815 -0.373807][0.28815 4.95959 0.928108][-0.373807 0.928108 4.42829]]
weight = 0.0122635 mean = [-13.8928 -0.527574 0.732153] covariance = [[5.17211 -1.02289 -0.142414][-1.02289 4.46046 -1.68884][-0.142414 -1.68884 4.71588]]
]
2025-03-15 20:58:50 INFO  ren0 [PMMFocalGuidingIntegrator] Octree[
AABB: AABB3[min=[-21.7494, -3.70393, -3.09172], max=[7.19249, 11.2965, 6.96201]]
Nodes count: 531
]
2025-03-15 20:58:50 INFO  ren0 [PMMFocalGuidingIntegrator] Octree[
AABB: AABB3[min=[-21.7494, -3.70393, -3.09172], max=[7.19249, 11.2965, 6.96201]]
Nodes count: 381
]
2025-03-15 20:58:50 INFO  ren0 [PMMFocalGuidingIntegrator] Rendering 1 iteration
2025-03-15 20:58:50 INFO  ren0 [SamplingIntegrator] Starting render job (1280x720, 4 samples, 8 cores, SSE2 enabled) ..
2025-03-15 21:00:29 INFO  ren0 [PMMFocalGuidingIntegrator] iteration render time: 1.6394m
2025-03-15 21:00:29 INFO  ren0 [PMMFocalGuidingIntegrator] Got 66711 non-zero samples and 0 zero samples
2025-03-15 21:00:49 INFO  ren0 [gaussian_mixture_model.h:126] Components accumulated weight is: 1.000000
2025-03-15 21:00:49 INFO  ren0 [gaussian_mixture_model.h:173] exp(-dist) between 0 and 1 is 0.817652
2025-03-15 21:00:49 INFO  ren0 [gaussian_mixture_model.h:173] exp(-dist) between 0 and 2 is 0.383362
2025-03-15 21:00:49 INFO  ren0 [gaussian_mixture_model.h:173] exp(-dist) between 0 and 3 is 0.332741
2025-03-15 21:00:49 INFO  ren0 [gaussian_mixture_model.h:173] exp(-dist) between 0 and 4 is 0.178534
2025-03-15 21:00:49 INFO  ren0 [gaussian_mixture_model.h:173] exp(-dist) between 0 and 5 is 0.508913
2025-03-15 21:00:49 INFO  ren0 [gaussian_mixture_model.h:173] exp(-dist) between 0 and 6 is 0.215811
2025-03-15 21:00:49 INFO  ren0 [gaussian_mixture_model.h:173] exp(-dist) between 0 and 7 is 0.334914
2025-03-15 21:00:49 INFO  ren0 [gaussian_mixture_model.h:173] exp(-dist) between 0 and 8 is 0.079379
2025-03-15 21:00:49 INFO  ren0 [gaussian_mixture_model.h:173] exp(-dist) between 0 and 9 is 0.445277
2025-03-15 21:00:49 INFO  ren0 [gaussian_mixture_model.h:173] exp(-dist) between 1 and 2 is 0.712986
2025-03-15 21:00:49 INFO  ren0 [gaussian_mixture_model.h:173] exp(-dist) between 1 and 3 is 0.302365
2025-03-15 21:00:49 INFO  ren0 [gaussian_mixture_model.h:173] exp(-dist) between 1 and 4 is 0.096152
2025-03-15 21:00:49 INFO  ren0 [gaussian_mixture_model.h:173] exp(-dist) between 1 and 5 is 0.236557
2025-03-15 21:00:49 INFO  ren0 [gaussian_mixture_model.h:173] exp(-dist) between 1 and 6 is 0.420940
2025-03-15 21:00:49 INFO  ren0 [gaussian_mixture_model.h:173] exp(-dist) between 1 and 7 is 0.182896
2025-03-15 21:00:49 INFO  ren0 [gaussian_mixture_model.h:173] exp(-dist) between 1 and 8 is 0.023720
2025-03-15 21:00:49 INFO  ren0 [gaussian_mixture_model.h:173] exp(-dist) between 1 and 9 is 0.150959
2025-03-15 21:00:49 INFO  ren0 [gaussian_mixture_model.h:173] exp(-dist) between 2 and 3 is 0.078217
2025-03-15 21:00:49 INFO  ren0 [gaussian_mixture_model.h:173] exp(-dist) between 2 and 4 is 0.012437
2025-03-15 21:00:49 INFO  ren0 [gaussian_mixture_model.h:173] exp(-dist) between 2 and 5 is 0.049107
2025-03-15 21:00:49 INFO  ren0 [gaussian_mixture_model.h:173] exp(-dist) between 2 and 6 is 0.851513
2025-03-15 21:00:49 INFO  ren0 [gaussian_mixture_model.h:173] exp(-dist) between 2 and 7 is 0.028572
2025-03-15 21:00:49 INFO  ren0 [gaussian_mixture_model.h:173] exp(-dist) between 2 and 8 is 0.001426
2025-03-15 21:00:49 INFO  ren0 [gaussian_mixture_model.h:173] exp(-dist) between 2 and 9 is 0.019259
2025-03-15 21:00:49 INFO  ren0 [gaussian_mixture_model.h:173] exp(-dist) between 3 and 4 is 0.428984
2025-03-15 21:00:49 INFO  ren0 [gaussian_mixture_model.h:173] exp(-dist) between 3 and 5 is 0.026017
2025-03-15 21:00:49 INFO  ren0 [gaussian_mixture_model.h:173] exp(-dist) between 3 and 6 is 0.010769
2025-03-15 21:00:49 INFO  ren0 [gaussian_mixture_model.h:173] exp(-dist) between 3 and 7 is 0.700203
2025-03-15 21:00:49 INFO  ren0 [gaussian_mixture_model.h:173] exp(-dist) between 3 and 8 is 0.241118
2025-03-15 21:00:49 INFO  ren0 [gaussian_mixture_model.h:173] exp(-dist) between 3 and 9 is 0.033710
2025-03-15 21:00:49 INFO  ren0 [gaussian_mixture_model.h:173] exp(-dist) between 4 and 5 is 0.059857
2025-03-15 21:00:49 INFO  ren0 [gaussian_mixture_model.h:173] exp(-dist) between 4 and 6 is 0.001128
2025-03-15 21:00:49 INFO  ren0 [gaussian_mixture_model.h:173] exp(-dist) between 4 and 7 is 0.441176
2025-03-15 21:00:49 INFO  ren0 [gaussian_mixture_model.h:173] exp(-dist) between 4 and 8 is 0.711806
2025-03-15 21:00:49 INFO  ren0 [gaussian_mixture_model.h:173] exp(-dist) between 4 and 9 is 0.060762
2025-03-15 21:00:49 INFO  ren0 [gaussian_mixture_model.h:173] exp(-dist) between 5 and 6 is 0.023967
2025-03-15 21:00:49 INFO  ren0 [gaussian_mixture_model.h:173] exp(-dist) between 5 and 7 is 0.080439
2025-03-15 21:00:49 INFO  ren0 [gaussian_mixture_model.h:173] exp(-dist) between 5 and 8 is 0.050085
2025-03-15 21:00:49 INFO  ren0 [gaussian_mixture_model.h:173] exp(-dist) between 5 and 9 is 0.756815
2025-03-15 21:00:49 INFO  ren0 [gaussian_mixture_model.h:173] exp(-dist) between 6 and 7 is 0.004741
2025-03-15 21:00:49 INFO  ren0 [gaussian_mixture_model.h:173] exp(-dist) between 6 and 8 is 0.000086
2025-03-15 21:00:49 INFO  ren0 [gaussian_mixture_model.h:173] exp(-dist) between 6 and 9 is 0.007753
2025-03-15 21:00:49 INFO  ren0 [gaussian_mixture_model.h:173] exp(-dist) between 7 and 8 is 0.459928
2025-03-15 21:00:49 INFO  ren0 [gaussian_mixture_model.h:173] exp(-dist) between 7 and 9 is 0.155578
2025-03-15 21:00:49 INFO  ren0 [gaussian_mixture_model.h:173] exp(-dist) between 8 and 9 is 0.071075
2025-03-15 21:00:49 INFO  ren0 [gaussian_mixture_model.h:180] components before the merge: 10
2025-03-15 21:00:49 INFO  ren0 [gaussian_mixture_model.h:183] Merging 6 and 2, because their BC is 0.851513
2025-03-15 21:00:49 INFO  ren0 [gaussian_mixture_model.h:183] Merging 1 and 0, because their BC is 0.817652
2025-03-15 21:00:49 INFO  ren0 [gaussian_mixture_model.h:183] Merging 9 and 5, because their BC is 0.756815
2025-03-15 21:00:49 INFO  ren0 [gaussian_mixture_model.h:183] Merging 8 and 4, because their BC is 0.711806
2025-03-15 21:00:49 INFO  ren0 [gaussian_mixture_model.h:183] Merging 7 and 3, because their BC is 0.700203
2025-03-15 21:00:49 INFO  ren0 [gaussian_mixture_model.h:200] components after the merge: 5, merged 5 component
2025-03-15 21:00:49 INFO  ren0 [gaussian_mixture_model.h:237] Ratio is 3.509118
2025-03-15 21:00:49 INFO  ren0 [gaussian_mixture_model.h:237] Ratio is 2.089281
2025-03-15 21:00:49 INFO  ren0 [gaussian_mixture_model.h:237] Ratio is 5.360495
2025-03-15 21:00:49 INFO  ren0 [gaussian_mixture_model.h:237] Ratio is 3.656337
2025-03-15 21:00:49 INFO  ren0 [gaussian_mixture_model.h:237] Ratio is 3.635803
2025-03-15 21:00:49 INFO  ren0 [gaussian_mixture_model.h:218] components after the split: 10, split 5 components
2025-03-15 21:00:49 INFO  ren0 [octree.h:482] root weight: 1.580e+05 (158038.796875)
2025-03-15 21:00:49 INFO  ren0 [octree.h:483] splitting threshold: 1.580e+02 (158.038803)
2025-03-15 21:00:49 INFO  ren0 [octree.h:482] root weight: 1.702e+05 (170213.031250)
2025-03-15 21:00:49 INFO  ren0 [octree.h:483] splitting threshold: 1.702e+02 (170.213043)
2025-03-15 21:00:49 INFO  ren0 [octree.h:498] node count: 531 -> 551 -> 533

2025-03-15 21:00:49 INFO  ren0 [octree.h:498] node count: 381 -> 389 -> 378

2025-03-15 21:00:49 INFO  ren0 [PMMFocalGuidingIntegrator] diverge probability: 0.519

2025-03-15 21:00:49 INFO  ren0 [PMMFocalGuidingIntegrator] iteration postprocessing time: 19.8970s
2025-03-15 21:00:49 INFO  ren0 [PMMFocalGuidingIntegrator] GMM[
weight = 0.102969 mean = [-7.11401 2.78246 1.1361] covariance = [[9.14724 0.13251 -0.563735][0.13251 8.59292 -0.827134][-0.563735 -0.827134 5.61107]]
weight = 0.102969 mean = [-3.26964 4.51166 0.173418] covariance = [[9.14724 0.13251 -0.563735][0.13251 8.59292 -0.827134][-0.563735 -0.827134 5.61107]]
weight = 0.381026 mean = [3.76341 1.89683 1.21274] covariance = [[5.53299 0.215254 0.207795][0.215254 8.56345 1.26345][0.207795 1.26345 5.93734]]
weight = 0.00556056 mean = [-13.8132 7.28465 3.40141] covariance = [[10.6292 1.95365 -0.100726][1.95365 4.82693 -0.378829][-0.100726 -0.378829 7.09394]]
weight = 0.00173509 mean = [-17.3993 8.72525 -0.106731] covariance = [[5.24859 0.173849 -0.616438][0.173849 4.10896 0.72505][-0.616438 0.72505 3.70069]]
weight = 0.00870975 mean = [-13.4616 -0.389525 0.173055] covariance = [[4.95075 -0.420553 -0.208458][-0.420553 4.08171 -1.47167][-0.208458 -1.47167 4.64377]]
weight = 0.381026 mean = [1.02678 2.81219 -0.475852] covariance = [[5.53299 0.215254 0.207795][0.215254 8.56345 1.26345][0.207795 1.26345 5.93734]]
weight = 0.00556056 mean = [-9.28837 8.67797 3.16394] covariance = [[10.6292 1.95365 -0.100726][1.95365 4.82693 -0.378829][-0.100726 -0.378829 7.09394]]
weight = 0.00173509 mean = [-14.314 8.49637 -1.27594] covariance = [[5.24859 0.173849 -0.616438][0.173849 4.10896 0.72505][-0.616438 0.72505 3.70069]]
weight = 0.00870975 mean = [-10.3817 -0.63491 -0.548425] covariance = [[4.95075 -0.420553 -0.208458][-0.420553 4.08171 -1.47167][-0.208458 -1.47167 4.64377]]
]
2025-03-15 21:00:49 INFO  ren0 [PMMFocalGuidingIntegrator] Octree[
AABB: AABB3[min=[-21.7494, -3.70393, -3.09172], max=[7.19249, 11.2965, 6.96201]]
Nodes count: 533
]
2025-03-15 21:00:49 INFO  ren0 [PMMFocalGuidingIntegrator] Octree[
AABB: AABB3[min=[-21.7494, -3.70393, -3.09172], max=[7.19249, 11.2965, 6.96201]]
Nodes count: 378
]
2025-03-15 21:00:49 INFO  ren0 [PMMFocalGuidingIntegrator] Rendering 2 iteration
2025-03-15 21:00:49 INFO  ren0 [SamplingIntegrator] Starting render job (1280x720, 4 samples, 8 cores, SSE2 enabled) ..
2025-03-15 21:02:29 INFO  ren0 [PMMFocalGuidingIntegrator] iteration render time: 1.6673m
2025-03-15 21:02:29 INFO  ren0 [PMMFocalGuidingIntegrator] Got 83048 non-zero samples and 0 zero samples
2025-03-15 21:02:53 INFO  ren0 [gaussian_mixture_model.h:126] Components accumulated weight is: 1.000000
2025-03-15 21:02:53 INFO  ren0 [gaussian_mixture_model.h:173] exp(-dist) between 0 and 1 is 0.788589
2025-03-15 21:02:53 INFO  ren0 [gaussian_mixture_model.h:173] exp(-dist) between 0 and 2 is 0.125980
2025-03-15 21:02:53 INFO  ren0 [gaussian_mixture_model.h:173] exp(-dist) between 0 and 3 is 0.289471
2025-03-15 21:02:53 INFO  ren0 [gaussian_mixture_model.h:173] exp(-dist) between 0 and 4 is 0.057578
2025-03-15 21:02:53 INFO  ren0 [gaussian_mixture_model.h:173] exp(-dist) between 0 and 5 is 0.362997
2025-03-15 21:02:53 INFO  ren0 [gaussian_mixture_model.h:173] exp(-dist) between 0 and 6 is 0.330673
2025-03-15 21:02:53 INFO  ren0 [gaussian_mixture_model.h:173] exp(-dist) between 0 and 7 is 0.332645
2025-03-15 21:02:53 INFO  ren0 [gaussian_mixture_model.h:173] exp(-dist) between 0 and 8 is 0.155158
2025-03-15 21:02:53 INFO  ren0 [gaussian_mixture_model.h:173] exp(-dist) between 0 and 9 is 0.535586
2025-03-15 21:02:53 INFO  ren0 [gaussian_mixture_model.h:173] exp(-dist) between 1 and 2 is 0.315138
2025-03-15 21:02:53 INFO  ren0 [gaussian_mixture_model.h:173] exp(-dist) between 1 and 3 is 0.152454
2025-03-15 21:02:53 INFO  ren0 [gaussian_mixture_model.h:173] exp(-dist) between 1 and 4 is 0.014143
2025-03-15 21:02:53 INFO  ren0 [gaussian_mixture_model.h:173] exp(-dist) between 1 and 5 is 0.105738
2025-03-15 21:02:53 INFO  ren0 [gaussian_mixture_model.h:173] exp(-dist) between 1 and 6 is 0.662569
2025-03-15 21:02:53 INFO  ren0 [gaussian_mixture_model.h:173] exp(-dist) between 1 and 7 is 0.311241
2025-03-15 21:02:53 INFO  ren0 [gaussian_mixture_model.h:173] exp(-dist) between 1 and 8 is 0.069962
2025-03-15 21:02:53 INFO  ren0 [gaussian_mixture_model.h:173] exp(-dist) between 1 and 9 is 0.213358
2025-03-15 21:02:53 INFO  ren0 [gaussian_mixture_model.h:173] exp(-dist) between 2 and 3 is 0.002691
2025-03-15 21:02:53 INFO  ren0 [gaussian_mixture_model.h:173] exp(-dist) between 2 and 4 is 0.000003
2025-03-15 21:02:53 INFO  ren0 [gaussian_mixture_model.h:173] exp(-dist) between 2 and 5 is 0.001805
2025-03-15 21:02:53 INFO  ren0 [gaussian_mixture_model.h:173] exp(-dist) between 2 and 6 is 0.753709
2025-03-15 21:02:53 INFO  ren0 [gaussian_mixture_model.h:173] exp(-dist) between 2 and 7 is 0.016751
2025-03-15 21:02:53 INFO  ren0 [gaussian_mixture_model.h:173] exp(-dist) between 2 and 8 is 0.000104
2025-03-15 21:02:53 INFO  ren0 [gaussian_mixture_model.h:173] exp(-dist) between 2 and 9 is 0.006834
2025-03-15 21:02:53 INFO  ren0 [gaussian_mixture_model.h:173] exp(-dist) between 3 and 4 is 0.465457
2025-03-15 21:02:53 INFO  ren0 [gaussian_mixture_model.h:173] exp(-dist) between 3 and 5 is 0.164955
2025-03-15 21:02:53 INFO  ren0 [gaussian_mixture_model.h:173] exp(-dist) between 3 and 6 is 0.016438
2025-03-15 21:02:53 INFO  ren0 [gaussian_mixture_model.h:173] exp(-dist) between 3 and 7 is 0.688811
2025-03-15 21:02:53 INFO  ren0 [gaussian_mixture_model.h:173] exp(-dist) between 3 and 8 is 0.432900
2025-03-15 21:02:53 INFO  ren0 [gaussian_mixture_model.h:173] exp(-dist) between 3 and 9 is 0.074571
2025-03-15 21:02:53 INFO  ren0 [gaussian_mixture_model.h:173] exp(-dist) between 4 and 5 is 0.043764
2025-03-15 21:02:53 INFO  ren0 [gaussian_mixture_model.h:173] exp(-dist) between 4 and 6 is 0.000177
2025-03-15 21:02:53 INFO  ren0 [gaussian_mixture_model.h:173] exp(-dist) between 4 and 7 is 0.222519
2025-03-15 21:02:53 INFO  ren0 [gaussian_mixture_model.h:173] exp(-dist) between 4 and 8 is 0.721597
2025-03-15 21:02:53 INFO  ren0 [gaussian_mixture_model.h:173] exp(-dist) between 4 and 9 is 0.018599
2025-03-15 21:02:53 INFO  ren0 [gaussian_mixture_model.h:173] exp(-dist) between 5 and 6 is 0.013497
2025-03-15 21:02:53 INFO  ren0 [gaussian_mixture_model.h:173] exp(-dist) between 5 and 7 is 0.038304
2025-03-15 21:02:53 INFO  ren0 [gaussian_mixture_model.h:173] exp(-dist) between 5 and 8 is 0.067977
2025-03-15 21:02:53 INFO  ren0 [gaussian_mixture_model.h:173] exp(-dist) between 5 and 9 is 0.744100
2025-03-15 21:02:53 INFO  ren0 [gaussian_mixture_model.h:173] exp(-dist) between 6 and 7 is 0.059523
2025-03-15 21:02:53 INFO  ren0 [gaussian_mixture_model.h:173] exp(-dist) between 6 and 8 is 0.002525
2025-03-15 21:02:53 INFO  ren0 [gaussian_mixture_model.h:173] exp(-dist) between 6 and 9 is 0.041369
2025-03-15 21:02:53 INFO  ren0 [gaussian_mixture_model.h:173] exp(-dist) between 7 and 8 is 0.342483
2025-03-15 21:02:53 INFO  ren0 [gaussian_mixture_model.h:173] exp(-dist) between 7 and 9 is 0.025470
2025-03-15 21:02:53 INFO  ren0 [gaussian_mixture_model.h:173] exp(-dist) between 8 and 9 is 0.044301
2025-03-15 21:02:53 INFO  ren0 [gaussian_mixture_model.h:180] components before the merge: 10
2025-03-15 21:02:53 INFO  ren0 [gaussian_mixture_model.h:183] Merging 1 and 0, because their BC is 0.788589
2025-03-15 21:02:53 INFO  ren0 [gaussian_mixture_model.h:183] Merging 6 and 2, because their BC is 0.753709
2025-03-15 21:02:53 INFO  ren0 [gaussian_mixture_model.h:183] Merging 9 and 5, because their BC is 0.744100
2025-03-15 21:02:53 INFO  ren0 [gaussian_mixture_model.h:183] Merging 8 and 4, because their BC is 0.721597
2025-03-15 21:02:53 INFO  ren0 [gaussian_mixture_model.h:183] Merging 7 and 3, because their BC is 0.688811
2025-03-15 21:02:53 INFO  ren0 [gaussian_mixture_model.h:200] components after the merge: 5, merged 5 component
2025-03-15 21:02:53 INFO  ren0 [gaussian_mixture_model.h:237] Ratio is 2.559262
2025-03-15 21:02:53 INFO  ren0 [gaussian_mixture_model.h:237] Ratio is 1.785514
2025-03-15 21:02:53 INFO  ren0 [gaussian_mixture_model.h:237] Ratio is 5.991745
2025-03-15 21:02:53 INFO  ren0 [gaussian_mixture_model.h:237] Ratio is 3.403104
2025-03-15 21:02:53 INFO  ren0 [gaussian_mixture_model.h:237] Ratio is 3.707438
2025-03-15 21:02:53 INFO  ren0 [gaussian_mixture_model.h:218] components after the split: 10, split 5 components
2025-03-15 21:02:53 INFO  ren0 [octree.h:482] root weight: 1.440e+05 (144043.156250)
2025-03-15 21:02:53 INFO  ren0 [octree.h:483] splitting threshold: 1.440e+02 (144.043167)
2025-03-15 21:02:53 INFO  ren0 [octree.h:482] root weight: 1.534e+05 (153425.265625)
2025-03-15 21:02:53 INFO  ren0 [octree.h:483] splitting threshold: 1.534e+02 (153.425278)
2025-03-15 21:02:53 INFO  ren0 [octree.h:498] node count: 533 -> 553 -> 522

2025-03-15 21:02:53 INFO  ren0 [octree.h:498] node count: 378 -> 392 -> 385

2025-03-15 21:02:53 INFO  ren0 [PMMFocalGuidingIntegrator] diverge probability: 0.516

2025-03-15 21:02:53 INFO  ren0 [PMMFocalGuidingIntegrator] iteration postprocessing time: 24.1943s
2025-03-15 21:02:53 INFO  ren0 [PMMFocalGuidingIntegrator] GMM[
weight = 0.104844 mean = [-6.59431 2.60396 0.999052] covariance = [[7.4302 -1.14935 -0.0865425][-1.14935 8.36589 -0.584436][-0.0865425 -0.584436 5.45665]]
weight = 0.104844 mean = [-3.55809 4.42207 -0.00952885] covariance = [[7.4302 -1.14935 -0.0865425][-1.14935 8.36589 -0.584436][-0.0865425 -0.584436 5.45665]]
weight = 0.38053 mean = [3.54399 2.33729 1.23827] covariance = [[4.85996 -0.420797 -0.347842][-0.420797 7.2915 0.403828][-0.347842 0.403828 4.9172]]
weight = 0.00513828 mean = [-13.6594 7.13477 3.48259] covariance = [[12.2484 2.38443 0.175368][2.38443 5.12977 -0.405533][0.175368 -0.405533 6.92194]]
weight = 0.00146673 mean = [-17.3936 8.76197 -0.023264] covariance = [[4.69523 0.0724633 -0.603779][0.0724633 3.69614 0.390891][-0.603779 0.390891 3.31356]]
weight = 0.00802104 mean = [-13.6224 -0.632897 0.647769] covariance = [[5.41074 -0.407351 -0.131261][-0.407351 3.94618 -1.33703][-0.131261 -1.33703 4.89286]]
weight = 0.38053 mean = [1.3014 2.28958 -0.773317] covariance = [[4.85996 -0.420797 -0.347842][-0.420797 7.2915 0.403828][-0.347842 0.403828 4.9172]]
weight = 0.00513828 mean = [-8.78533 8.61424 3.52469] covariance = [[12.2484 2.38443 0.175368][2.38443 5.12977 -0.405533][0.175368 -0.405533 6.92194]]
weight = 0.00146673 mean = [-14.4749 8.57198 -1.16217] covariance = [[4.69523 0.0724633 -0.603779][0.0724633 3.69614 0.390891][-0.603779 0.390891 3.31356]]
weight = 0.00802104 mean = [-10.5208 -0.484297 -0.463049] covariance = [[5.41074 -0.407351 -0.131261][-0.407351 3.94618 -1.33703][-0.131261 -1.33703 4.89286]]
]
2025-03-15 21:02:53 INFO  ren0 [PMMFocalGuidingIntegrator] Octree[
AABB: AABB3[min=[-21.7494, -3.70393, -3.09172], max=[7.19249, 11.2965, 6.96201]]
Nodes count: 522
]
2025-03-15 21:02:53 INFO  ren0 [PMMFocalGuidingIntegrator] Octree[
AABB: AABB3[min=[-21.7494, -3.70393, -3.09172], max=[7.19249, 11.2965, 6.96201]]
Nodes count: 385
]
2025-03-15 21:02:53 INFO  ren0 [PMMFocalGuidingIntegrator] Rendering 3 iteration
2025-03-15 21:02:53 INFO  ren0 [SamplingIntegrator] Starting render job (1280x720, 4 samples, 8 cores, SSE2 enabled) ..
2025-03-15 21:04:32 INFO  ren0 [PMMFocalGuidingIntegrator] iteration render time: 1.6566m
2025-03-15 21:04:32 INFO  ren0 [PMMFocalGuidingIntegrator] Got 101147 non-zero samples and 0 zero samples
2025-03-15 21:05:02 INFO  ren0 [gaussian_mixture_model.h:126] Components accumulated weight is: 1.000000
2025-03-15 21:05:02 INFO  ren0 [gaussian_mixture_model.h:173] exp(-dist) between 0 and 1 is 0.768441
2025-03-15 21:05:02 INFO  ren0 [gaussian_mixture_model.h:173] exp(-dist) between 0 and 2 is 0.126574
2025-03-15 21:05:02 INFO  ren0 [gaussian_mixture_model.h:173] exp(-dist) between 0 and 3 is 0.272801
2025-03-15 21:05:02 INFO  ren0 [gaussian_mixture_model.h:173] exp(-dist) between 0 and 4 is 0.045955
2025-03-15 21:05:02 INFO  ren0 [gaussian_mixture_model.h:173] exp(-dist) between 0 and 5 is 0.296989
2025-03-15 21:05:02 INFO  ren0 [gaussian_mixture_model.h:173] exp(-dist) between 0 and 6 is 0.279296
2025-03-15 21:05:02 INFO  ren0 [gaussian_mixture_model.h:173] exp(-dist) between 0 and 7 is 0.301603
2025-03-15 21:05:02 INFO  ren0 [gaussian_mixture_model.h:173] exp(-dist) between 0 and 8 is 0.129219
2025-03-15 21:05:02 INFO  ren0 [gaussian_mixture_model.h:173] exp(-dist) between 0 and 9 is 0.502932
2025-03-15 21:05:02 INFO  ren0 [gaussian_mixture_model.h:173] exp(-dist) between 1 and 2 is 0.295976
2025-03-15 21:05:02 INFO  ren0 [gaussian_mixture_model.h:173] exp(-dist) between 1 and 3 is 0.153535
2025-03-15 21:05:02 INFO  ren0 [gaussian_mixture_model.h:173] exp(-dist) between 1 and 4 is 0.010399
2025-03-15 21:05:02 INFO  ren0 [gaussian_mixture_model.h:173] exp(-dist) between 1 and 5 is 0.071729
2025-03-15 21:05:02 INFO  ren0 [gaussian_mixture_model.h:173] exp(-dist) between 1 and 6 is 0.571074
2025-03-15 21:05:02 INFO  ren0 [gaussian_mixture_model.h:173] exp(-dist) between 1 and 7 is 0.301400
2025-03-15 21:05:02 INFO  ren0 [gaussian_mixture_model.h:173] exp(-dist) between 1 and 8 is 0.054112
2025-03-15 21:05:02 INFO  ren0 [gaussian_mixture_model.h:173] exp(-dist) between 1 and 9 is 0.167931
2025-03-15 21:05:02 INFO  ren0 [gaussian_mixture_model.h:173] exp(-dist) between 2 and 3 is 0.005162
2025-03-15 21:05:02 INFO  ren0 [gaussian_mixture_model.h:173] exp(-dist) between 2 and 4 is 0.000004
2025-03-15 21:05:02 INFO  ren0 [gaussian_mixture_model.h:173] exp(-dist) between 2 and 5 is 0.001230
2025-03-15 21:05:02 INFO  ren0 [gaussian_mixture_model.h:173] exp(-dist) between 2 and 6 is 0.739093
2025-03-15 21:05:02 INFO  ren0 [gaussian_mixture_model.h:173] exp(-dist) between 2 and 7 is 0.034290
2025-03-15 21:05:02 INFO  ren0 [gaussian_mixture_model.h:173] exp(-dist) between 2 and 8 is 0.000082
2025-03-15 21:05:02 INFO  ren0 [gaussian_mixture_model.h:173] exp(-dist) between 2 and 9 is 0.004671
2025-03-15 21:05:02 INFO  ren0 [gaussian_mixture_model.h:173] exp(-dist) between 3 and 4 is 0.434117
2025-03-15 21:05:02 INFO  ren0 [gaussian_mixture_model.h:173] exp(-dist) between 3 and 5 is 0.186573
2025-03-15 21:05:02 INFO  ren0 [gaussian_mixture_model.h:173] exp(-dist) between 3 and 6 is 0.012204
2025-03-15 21:05:02 INFO  ren0 [gaussian_mixture_model.h:173] exp(-dist) between 3 and 7 is 0.699230
2025-03-15 21:05:02 INFO  ren0 [gaussian_mixture_model.h:173] exp(-dist) between 3 and 8 is 0.403513
2025-03-15 21:05:02 INFO  ren0 [gaussian_mixture_model.h:173] exp(-dist) between 3 and 9 is 0.100914
2025-03-15 21:05:02 INFO  ren0 [gaussian_mixture_model.h:173] exp(-dist) between 4 and 5 is 0.034940
2025-03-15 21:05:02 INFO  ren0 [gaussian_mixture_model.h:173] exp(-dist) between 4 and 6 is 0.000058
2025-03-15 21:05:02 INFO  ren0 [gaussian_mixture_model.h:173] exp(-dist) between 4 and 7 is 0.204266
2025-03-15 21:05:02 INFO  ren0 [gaussian_mixture_model.h:173] exp(-dist) between 4 and 8 is 0.728765
2025-03-15 21:05:02 INFO  ren0 [gaussian_mixture_model.h:173] exp(-dist) between 4 and 9 is 0.020743
2025-03-15 21:05:02 INFO  ren0 [gaussian_mixture_model.h:173] exp(-dist) between 5 and 6 is 0.006404
2025-03-15 21:05:02 INFO  ren0 [gaussian_mixture_model.h:173] exp(-dist) between 5 and 7 is 0.043610
2025-03-15 21:05:02 INFO  ren0 [gaussian_mixture_model.h:173] exp(-dist) between 5 and 8 is 0.054417
2025-03-15 21:05:02 INFO  ren0 [gaussian_mixture_model.h:173] exp(-dist) between 5 and 9 is 0.765988
2025-03-15 21:05:02 INFO  ren0 [gaussian_mixture_model.h:173] exp(-dist) between 6 and 7 is 0.040434
2025-03-15 21:05:02 INFO  ren0 [gaussian_mixture_model.h:173] exp(-dist) between 6 and 8 is 0.000847
2025-03-15 21:05:02 INFO  ren0 [gaussian_mixture_model.h:173] exp(-dist) between 6 and 9 is 0.022581
2025-03-15 21:05:02 INFO  ren0 [gaussian_mixture_model.h:173] exp(-dist) between 7 and 8 is 0.275883
2025-03-15 21:05:02 INFO  ren0 [gaussian_mixture_model.h:173] exp(-dist) between 7 and 9 is 0.033540
2025-03-15 21:05:02 INFO  ren0 [gaussian_mixture_model.h:173] exp(-dist) between 8 and 9 is 0.048079
2025-03-15 21:05:02 INFO  ren0 [gaussian_mixture_model.h:180] components before the merge: 10
2025-03-15 21:05:02 INFO  ren0 [gaussian_mixture_model.h:183] Merging 1 and 0, because their BC is 0.768441
2025-03-15 21:05:02 INFO  ren0 [gaussian_mixture_model.h:183] Merging 9 and 5, because their BC is 0.765988
2025-03-15 21:05:02 INFO  ren0 [gaussian_mixture_model.h:183] Merging 6 and 2, because their BC is 0.739093
2025-03-15 21:05:02 INFO  ren0 [gaussian_mixture_model.h:183] Merging 8 and 4, because their BC is 0.728765
2025-03-15 21:05:02 INFO  ren0 [gaussian_mixture_model.h:183] Merging 7 and 3, because their BC is 0.699230
2025-03-15 21:05:02 INFO  ren0 [gaussian_mixture_model.h:200] components after the merge: 5, merged 5 component
2025-03-15 21:05:02 INFO  ren0 [gaussian_mixture_model.h:237] Ratio is 2.043096
2025-03-15 21:05:02 INFO  ren0 [gaussian_mixture_model.h:237] Ratio is 1.726017
2025-03-15 21:05:02 INFO  ren0 [gaussian_mixture_model.h:237] Ratio is 6.484219
2025-03-15 21:05:02 INFO  ren0 [gaussian_mixture_model.h:237] Ratio is 3.092701
2025-03-15 21:05:02 INFO  ren0 [gaussian_mixture_model.h:237] Ratio is 3.168222
2025-03-15 21:05:02 INFO  ren0 [gaussian_mixture_model.h:218] components after the split: 10, split 5 components
2025-03-15 21:05:02 INFO  ren0 [octree.h:482] root weight: 1.481e+05 (148076.562500)
2025-03-15 21:05:02 INFO  ren0 [octree.h:483] splitting threshold: 1.481e+02 (148.076569)
2025-03-15 21:05:02 INFO  ren0 [octree.h:482] root weight: 1.488e+05 (148812.921875)
2025-03-15 21:05:02 INFO  ren0 [octree.h:483] splitting threshold: 1.488e+02 (148.812927)
2025-03-15 21:05:02 INFO  ren0 [octree.h:498] node count: 522 -> 557 -> 531

2025-03-15 21:05:02 INFO  ren0 [octree.h:498] node count: 385 -> 399 -> 383

2025-03-15 21:05:02 INFO  ren0 [PMMFocalGuidingIntegrator] diverge probability: 0.501

2025-03-15 21:05:02 INFO  ren0 [PMMFocalGuidingIntegrator] iteration postprocessing time: 30.0024s
2025-03-15 21:05:02 INFO  ren0 [PMMFocalGuidingIntegrator] GMM[
weight = 0.104506 mean = [-3.95887 4.64363 -0.171126] covariance = [[7.79943 -1.89853 -0.0614336][-1.89853 6.85667 0.00257342][-0.0614336 0.00257342 5.28435]]
weight = 0.104506 mean = [-5.85288 2.199 0.926911] covariance = [[7.79943 -1.89853 -0.0614336][-1.89853 6.85667 0.00257342][-0.0614336 0.00257342 5.28435]]
weight = 0.381293 mean = [3.43522 2.25221 1.14794] covariance = [[4.48451 -0.347898 -0.387049][-0.347898 6.57759 0.348458][-0.387049 0.348458 4.43127]]
weight = 0.00509086 mean = [-13.3061 7.01785 3.60687] covariance = [[13.5991 2.66931 0.569439][2.66931 5.36213 -0.336456][0.569439 -0.336456 6.31155]]
weight = 0.00129285 mean = [-17.3019 8.81662 -0.0384246] covariance = [[4.17467 0.0013485 -0.496962][0.0013485 3.44583 0.20842][-0.496962 0.20842 3.08192]]
weight = 0.00781806 mean = [-13.6393 -0.662802 1.09775] covariance = [[5.18139 -0.462449 0.220394][-0.462449 3.88636 -1.17446][0.220394 -1.17446 5.32946]]
weight = 0.381293 mean = [1.49878 2.27469 -0.947121] covariance = [[4.48451 -0.347898 -0.387049][-0.347898 6.57759 0.348458][-0.387049 0.348458 4.43127]]
weight = 0.00509086 mean = [-8.16122 8.52397 3.90592] covariance = [[13.5991 2.66931 0.569439][2.66931 5.36213 -0.336456][0.569439 -0.336456 6.31155]]
weight = 0.00129285 mean = [-14.5645 8.57494 -1.13117] covariance = [[4.17467 0.0013485 -0.496962][0.0013485 3.44583 0.20842][-0.496962 0.20842 3.08192]]
weight = 0.00781806 mean = [-10.7678 -0.449667 -0.243011] covariance = [[5.18139 -0.462449 0.220394][-0.462449 3.88636 -1.17446][0.220394 -1.17446 5.32946]]
]
2025-03-15 21:05:02 INFO  ren0 [PMMFocalGuidingIntegrator] Octree[
AABB: AABB3[min=[-21.7494, -3.70393, -3.09172], max=[7.19249, 11.2965, 6.96201]]
Nodes count: 531
]
2025-03-15 21:05:02 INFO  ren0 [PMMFocalGuidingIntegrator] Octree[
AABB: AABB3[min=[-21.7494, -3.70393, -3.09172], max=[7.19249, 11.2965, 6.96201]]
Nodes count: 383
]
2025-03-15 21:05:02 INFO  ren0 [PMMFocalGuidingIntegrator] Rendering 4 iteration
2025-03-15 21:05:02 INFO  ren0 [SamplingIntegrator] Starting render job (1280x720, 4 samples, 8 cores, SSE2 enabled) ..
2025-03-15 21:05:59 INFO  wrk3 [PMMFocalGuidingIntegrator] hit luminaire, value = [0, 0, 0]
2025-03-15 21:06:42 INFO  ren0 [PMMFocalGuidingIntegrator] iteration render time: 1.6703m
2025-03-15 21:06:43 INFO  ren0 [PMMFocalGuidingIntegrator] Got 117617 non-zero samples and 0 zero samples
2025-03-15 21:07:18 INFO  ren0 [gaussian_mixture_model.h:126] Components accumulated weight is: 1.000000
2025-03-15 21:07:18 INFO  ren0 [gaussian_mixture_model.h:173] exp(-dist) between 0 and 1 is 0.748709
2025-03-15 21:07:18 INFO  ren0 [gaussian_mixture_model.h:173] exp(-dist) between 0 and 2 is 0.276924
2025-03-15 21:07:18 INFO  ren0 [gaussian_mixture_model.h:173] exp(-dist) between 0 and 3 is 0.194540
2025-03-15 21:07:18 INFO  ren0 [gaussian_mixture_model.h:173] exp(-dist) between 0 and 4 is 0.015080
2025-03-15 21:07:18 INFO  ren0 [gaussian_mixture_model.h:173] exp(-dist) between 0 and 5 is 0.059822
2025-03-15 21:07:18 INFO  ren0 [gaussian_mixture_model.h:173] exp(-dist) between 0 and 6 is 0.512708
2025-03-15 21:07:18 INFO  ren0 [gaussian_mixture_model.h:173] exp(-dist) between 0 and 7 is 0.314127
2025-03-15 21:07:18 INFO  ren0 [gaussian_mixture_model.h:173] exp(-dist) between 0 and 8 is 0.065673
2025-03-15 21:07:18 INFO  ren0 [gaussian_mixture_model.h:173] exp(-dist) between 0 and 9 is 0.127340
2025-03-15 21:07:18 INFO  ren0 [gaussian_mixture_model.h:173] exp(-dist) between 1 and 2 is 0.166950
2025-03-15 21:07:18 INFO  ren0 [gaussian_mixture_model.h:173] exp(-dist) between 1 and 3 is 0.242260
2025-03-15 21:07:18 INFO  ren0 [gaussian_mixture_model.h:173] exp(-dist) between 1 and 4 is 0.033451
2025-03-15 21:07:18 INFO  ren0 [gaussian_mixture_model.h:173] exp(-dist) between 1 and 5 is 0.255184
2025-03-15 21:07:18 INFO  ren0 [gaussian_mixture_model.h:173] exp(-dist) between 1 and 6 is 0.298809
2025-03-15 21:07:18 INFO  ren0 [gaussian_mixture_model.h:173] exp(-dist) between 1 and 7 is 0.236815
2025-03-15 21:07:18 INFO  ren0 [gaussian_mixture_model.h:173] exp(-dist) between 1 and 8 is 0.093119
2025-03-15 21:07:18 INFO  ren0 [gaussian_mixture_model.h:173] exp(-dist) between 1 and 9 is 0.444447
2025-03-15 21:07:18 INFO  ren0 [gaussian_mixture_model.h:173] exp(-dist) between 2 and 3 is 0.007773
2025-03-15 21:07:18 INFO  ren0 [gaussian_mixture_model.h:173] exp(-dist) between 2 and 4 is 0.000002
2025-03-15 21:07:18 INFO  ren0 [gaussian_mixture_model.h:173] exp(-dist) between 2 and 5 is 0.001163
2025-03-15 21:07:18 INFO  ren0 [gaussian_mixture_model.h:173] exp(-dist) between 2 and 6 is 0.736590
2025-03-15 21:07:18 INFO  ren0 [gaussian_mixture_model.h:173] exp(-dist) between 2 and 7 is 0.042419
2025-03-15 21:07:18 INFO  ren0 [gaussian_mixture_model.h:173] exp(-dist) between 2 and 8 is 0.000046
2025-03-15 21:07:18 INFO  ren0 [gaussian_mixture_model.h:173] exp(-dist) between 2 and 9 is 0.003314
2025-03-15 21:07:18 INFO  ren0 [gaussian_mixture_model.h:173] exp(-dist) between 3 and 4 is 0.402639
2025-03-15 21:07:18 INFO  ren0 [gaussian_mixture_model.h:173] exp(-dist) between 3 and 5 is 0.194764
2025-03-15 21:07:18 INFO  ren0 [gaussian_mixture_model.h:173] exp(-dist) between 3 and 6 is 0.012664
2025-03-15 21:07:18 INFO  ren0 [gaussian_mixture_model.h:173] exp(-dist) between 3 and 7 is 0.707450
2025-03-15 21:07:18 INFO  ren0 [gaussian_mixture_model.h:173] exp(-dist) between 3 and 8 is 0.369496
2025-03-15 21:07:18 INFO  ren0 [gaussian_mixture_model.h:173] exp(-dist) between 3 and 9 is 0.112780
2025-03-15 21:07:18 INFO  ren0 [gaussian_mixture_model.h:173] exp(-dist) between 4 and 5 is 0.030326
2025-03-15 21:07:18 INFO  ren0 [gaussian_mixture_model.h:173] exp(-dist) between 4 and 6 is 0.000025
2025-03-15 21:07:18 INFO  ren0 [gaussian_mixture_model.h:173] exp(-dist) between 4 and 7 is 0.171406
2025-03-15 21:07:18 INFO  ren0 [gaussian_mixture_model.h:173] exp(-dist) between 4 and 8 is 0.732105
2025-03-15 21:07:18 INFO  ren0 [gaussian_mixture_model.h:173] exp(-dist) between 4 and 9 is 0.019633
2025-03-15 21:07:18 INFO  ren0 [gaussian_mixture_model.h:173] exp(-dist) between 5 and 6 is 0.004008
2025-03-15 21:07:18 INFO  ren0 [gaussian_mixture_model.h:173] exp(-dist) between 5 and 7 is 0.047067
2025-03-15 21:07:18 INFO  ren0 [gaussian_mixture_model.h:173] exp(-dist) between 5 and 8 is 0.048754
2025-03-15 21:07:18 INFO  ren0 [gaussian_mixture_model.h:173] exp(-dist) between 5 and 9 is 0.773002
2025-03-15 21:07:18 INFO  ren0 [gaussian_mixture_model.h:173] exp(-dist) between 6 and 7 is 0.036277
2025-03-15 21:07:18 INFO  ren0 [gaussian_mixture_model.h:173] exp(-dist) between 6 and 8 is 0.000365
2025-03-15 21:07:18 INFO  ren0 [gaussian_mixture_model.h:173] exp(-dist) between 6 and 9 is 0.011689
2025-03-15 21:07:18 INFO  ren0 [gaussian_mixture_model.h:173] exp(-dist) between 7 and 8 is 0.213937
2025-03-15 21:07:18 INFO  ren0 [gaussian_mixture_model.h:173] exp(-dist) between 7 and 9 is 0.035466
2025-03-15 21:07:18 INFO  ren0 [gaussian_mixture_model.h:173] exp(-dist) between 8 and 9 is 0.046755
2025-03-15 21:07:18 INFO  ren0 [gaussian_mixture_model.h:180] components before the merge: 10
2025-03-15 21:07:18 INFO  ren0 [gaussian_mixture_model.h:183] Merging 9 and 5, because their BC is 0.773002
2025-03-15 21:07:18 INFO  ren0 [gaussian_mixture_model.h:183] Merging 1 and 0, because their BC is 0.748709
2025-03-15 21:07:18 INFO  ren0 [gaussian_mixture_model.h:183] Merging 6 and 2, because their BC is 0.736590
2025-03-15 21:07:18 INFO  ren0 [gaussian_mixture_model.h:183] Merging 8 and 4, because their BC is 0.732105
2025-03-15 21:07:18 INFO  ren0 [gaussian_mixture_model.h:183] Merging 7 and 3, because their BC is 0.707450
2025-03-15 21:07:18 INFO  ren0 [gaussian_mixture_model.h:200] components after the merge: 5, merged 5 component
2025-03-15 21:07:18 INFO  ren0 [gaussian_mixture_model.h:237] Ratio is 1.865411
2025-03-15 21:07:18 INFO  ren0 [gaussian_mixture_model.h:237] Ratio is 1.735031
2025-03-15 21:07:18 INFO  ren0 [gaussian_mixture_model.h:237] Ratio is 7.267360
2025-03-15 21:07:18 INFO  ren0 [gaussian_mixture_model.h:237] Ratio is 2.843980
2025-03-15 21:07:18 INFO  ren0 [gaussian_mixture_model.h:237] Ratio is 2.591606
2025-03-15 21:07:18 INFO  ren0 [gaussian_mixture_model.h:218] components after the split: 10, split 5 components
2025-03-15 21:07:18 INFO  ren0 [octree.h:482] root weight: 1.494e+05 (149362.671875)
2025-03-15 21:07:18 INFO  ren0 [octree.h:483] splitting threshold: 1.494e+02 (149.362686)
2025-03-15 21:07:18 INFO  ren0 [octree.h:482] root weight: 1.351e+05 (135111.312500)
2025-03-15 21:07:18 INFO  ren0 [octree.h:483] splitting threshold: 1.351e+02 (135.111313)
2025-03-15 21:07:18 INFO  ren0 [octree.h:498] node count: 531 -> 551 -> 536

2025-03-15 21:07:18 INFO  ren0 [octree.h:498] node count: 383 -> 387 -> 371

2025-03-15 21:07:18 INFO  ren0 [PMMFocalGuidingIntegrator] diverge probability: 0.475

2025-03-15 21:07:18 INFO  ren0 [PMMFocalGuidingIntegrator] iteration postprocessing time: 35.8974s
2025-03-15 21:07:18 INFO  ren0 [PMMFocalGuidingIntegrator] GMM[
weight = 0.104722 mean = [-4.9997 4.8259 -0.140277] covariance = [[8.47383 0.406382 -1.10467][0.406382 4.88864 -0.0296261][-1.10467 -0.0296261 5.50075]]
weight = 0.104722 mean = [-4.43351 1.87727 0.648459] covariance = [[8.47383 0.406382 -1.10467][0.406382 4.88864 -0.0296261][-1.10467 -0.0296261 5.50075]]
weight = 0.380923 mean = [3.37628 2.2395 1.03326] covariance = [[4.244 -0.380957 -0.345407][-0.380957 6.11987 0.267414][-0.345407 0.267414 4.09293]]
weight = 0.00528473 mean = [-12.7113 7.06652 3.73353] covariance = [[15.1572 2.88447 0.855806][2.88447 5.33812 -0.19553][0.855806 -0.19553 5.59137]]
weight = 0.00118488 mean = [-17.1824 8.88206 -0.0624309] covariance = [[3.8051 -0.0269047 -0.387589][-0.0269047 3.24914 0.125945][-0.387589 0.125945 2.964]]
weight = 0.00788593 mean = [-13.5092 -0.614288 1.34828] covariance = [[4.71053 -0.510702 0.742511][-0.510702 3.93976 -1.18753][0.742511 -1.18753 5.94554]]
weight = 0.380923 mean = [1.62309 2.19732 -1.10061] covariance = [[4.244 -0.380957 -0.345407][-0.380957 6.11987 0.267414][-0.345407 0.267414 4.09293]]
weight = 0.00528473 mean = [-7.26395 8.53258 4.15389] covariance = [[15.1572 2.88447 0.855806][2.88447 5.33812 -0.19553][0.855806 -0.19553 5.59137]]
weight = 0.00118488 mean = [-14.5827 8.6002 -1.10599] covariance = [[3.8051 -0.0269047 -0.387589][-0.0269047 3.24914 0.125945][-0.387589 0.125945 2.964]]
weight = 0.00788593 mean = [-10.8093 -0.518416 0.152963] covariance = [[4.71053 -0.510702 0.742511][-0.510702 3.93976 -1.18753][0.742511 -1.18753 5.94554]]
]
2025-03-15 21:07:18 INFO  ren0 [PMMFocalGuidingIntegrator] Octree[
AABB: AABB3[min=[-21.7494, -3.70393, -3.09172], max=[7.19249, 11.2965, 6.96201]]
Nodes count: 536
]
2025-03-15 21:07:18 INFO  ren0 [PMMFocalGuidingIntegrator] Octree[
AABB: AABB3[min=[-21.7494, -3.70393, -3.09172], max=[7.19249, 11.2965, 6.96201]]
Nodes count: 371
]
2025-03-15 21:07:18 INFO  ren0 [PMMFocalGuidingIntegrator] Rendering 5 iteration
2025-03-15 21:07:18 INFO  ren0 [SamplingIntegrator] Starting render job (1280x720, 4 samples, 8 cores, SSE2 enabled) ..
2025-03-15 21:09:02 INFO  ren0 [PMMFocalGuidingIntegrator] iteration render time: 1.7335m
2025-03-15 21:09:02 INFO  ren0 [PMMFocalGuidingIntegrator] Got 137625 non-zero samples and 0 zero samples
2025-03-15 21:09:43 INFO  ren0 [gaussian_mixture_model.h:126] Components accumulated weight is: 1.000000
2025-03-15 21:09:43 INFO  ren0 [gaussian_mixture_model.h:173] exp(-dist) between 0 and 1 is 0.760538
2025-03-15 21:09:43 INFO  ren0 [gaussian_mixture_model.h:173] exp(-dist) between 0 and 2 is 0.187814
2025-03-15 21:09:43 INFO  ren0 [gaussian_mixture_model.h:173] exp(-dist) between 0 and 3 is 0.283638
2025-03-15 21:09:43 INFO  ren0 [gaussian_mixture_model.h:173] exp(-dist) between 0 and 4 is 0.023979
2025-03-15 21:09:43 INFO  ren0 [gaussian_mixture_model.h:173] exp(-dist) between 0 and 5 is 0.122788
2025-03-15 21:09:43 INFO  ren0 [gaussian_mixture_model.h:173] exp(-dist) between 0 and 6 is 0.354031
2025-03-15 21:09:43 INFO  ren0 [gaussian_mixture_model.h:173] exp(-dist) between 0 and 7 is 0.342550
2025-03-15 21:09:43 INFO  ren0 [gaussian_mixture_model.h:173] exp(-dist) between 0 and 8 is 0.087809
2025-03-15 21:09:43 INFO  ren0 [gaussian_mixture_model.h:173] exp(-dist) between 0 and 9 is 0.206879
2025-03-15 21:09:43 INFO  ren0 [gaussian_mixture_model.h:173] exp(-dist) between 1 and 2 is 0.286477
2025-03-15 21:09:43 INFO  ren0 [gaussian_mixture_model.h:173] exp(-dist) between 1 and 3 is 0.140924
2025-03-15 21:09:43 INFO  ren0 [gaussian_mixture_model.h:173] exp(-dist) between 1 and 4 is 0.006257
2025-03-15 21:09:43 INFO  ren0 [gaussian_mixture_model.h:173] exp(-dist) between 1 and 5 is 0.201259
2025-03-15 21:09:43 INFO  ren0 [gaussian_mixture_model.h:173] exp(-dist) between 1 and 6 is 0.461734
2025-03-15 21:09:43 INFO  ren0 [gaussian_mixture_model.h:173] exp(-dist) between 1 and 7 is 0.137398
2025-03-15 21:09:43 INFO  ren0 [gaussian_mixture_model.h:173] exp(-dist) between 1 and 8 is 0.024460
2025-03-15 21:09:43 INFO  ren0 [gaussian_mixture_model.h:173] exp(-dist) between 1 and 9 is 0.368119
2025-03-15 21:09:43 INFO  ren0 [gaussian_mixture_model.h:173] exp(-dist) between 2 and 3 is 0.011803
2025-03-15 21:09:43 INFO  ren0 [gaussian_mixture_model.h:173] exp(-dist) between 2 and 4 is 0.000002
2025-03-15 21:09:43 INFO  ren0 [gaussian_mixture_model.h:173] exp(-dist) between 2 and 5 is 0.000892
2025-03-15 21:09:43 INFO  ren0 [gaussian_mixture_model.h:173] exp(-dist) between 2 and 6 is 0.737005
2025-03-15 21:09:43 INFO  ren0 [gaussian_mixture_model.h:173] exp(-dist) between 2 and 7 is 0.049609
2025-03-15 21:09:43 INFO  ren0 [gaussian_mixture_model.h:173] exp(-dist) between 2 and 8 is 0.000049
2025-03-15 21:09:43 INFO  ren0 [gaussian_mixture_model.h:173] exp(-dist) between 2 and 9 is 0.002667
2025-03-15 21:09:43 INFO  ren0 [gaussian_mixture_model.h:173] exp(-dist) between 3 and 4 is 0.364433
2025-03-15 21:09:43 INFO  ren0 [gaussian_mixture_model.h:173] exp(-dist) between 3 and 5 is 0.184847
2025-03-15 21:09:43 INFO  ren0 [gaussian_mixture_model.h:173] exp(-dist) between 3 and 6 is 0.013733
2025-03-15 21:09:43 INFO  ren0 [gaussian_mixture_model.h:173] exp(-dist) between 3 and 7 is 0.721592
2025-03-15 21:09:43 INFO  ren0 [gaussian_mixture_model.h:173] exp(-dist) between 3 and 8 is 0.338746
2025-03-15 21:09:43 INFO  ren0 [gaussian_mixture_model.h:173] exp(-dist) between 3 and 9 is 0.108549
2025-03-15 21:09:43 INFO  ren0 [gaussian_mixture_model.h:173] exp(-dist) between 4 and 5 is 0.030557
2025-03-15 21:09:43 INFO  ren0 [gaussian_mixture_model.h:173] exp(-dist) between 4 and 6 is 0.000014
2025-03-15 21:09:43 INFO  ren0 [gaussian_mixture_model.h:173] exp(-dist) between 4 and 7 is 0.139971
2025-03-15 21:09:43 INFO  ren0 [gaussian_mixture_model.h:173] exp(-dist) between 4 and 8 is 0.728098
2025-03-15 21:09:43 INFO  ren0 [gaussian_mixture_model.h:173] exp(-dist) between 4 and 9 is 0.018825
2025-03-15 21:09:43 INFO  ren0 [gaussian_mixture_model.h:173] exp(-dist) between 5 and 6 is 0.002495
2025-03-15 21:09:43 INFO  ren0 [gaussian_mixture_model.h:173] exp(-dist) between 5 and 7 is 0.044124
2025-03-15 21:09:43 INFO  ren0 [gaussian_mixture_model.h:173] exp(-dist) between 5 and 8 is 0.047734
2025-03-15 21:09:43 INFO  ren0 [gaussian_mixture_model.h:173] exp(-dist) between 5 and 9 is 0.766524
2025-03-15 21:09:43 INFO  ren0 [gaussian_mixture_model.h:173] exp(-dist) between 6 and 7 is 0.032064
2025-03-15 21:09:43 INFO  ren0 [gaussian_mixture_model.h:173] exp(-dist) between 6 and 8 is 0.000282
2025-03-15 21:09:43 INFO  ren0 [gaussian_mixture_model.h:173] exp(-dist) between 6 and 9 is 0.007277
2025-03-15 21:09:43 INFO  ren0 [gaussian_mixture_model.h:173] exp(-dist) between 7 and 8 is 0.173979
2025-03-15 21:09:43 INFO  ren0 [gaussian_mixture_model.h:173] exp(-dist) between 7 and 9 is 0.032699
2025-03-15 21:09:43 INFO  ren0 [gaussian_mixture_model.h:173] exp(-dist) between 8 and 9 is 0.042646
2025-03-15 21:09:43 INFO  ren0 [gaussian_mixture_model.h:180] components before the merge: 10
2025-03-15 21:09:43 INFO  ren0 [gaussian_mixture_model.h:183] Merging 9 and 5, because their BC is 0.766524
2025-03-15 21:09:43 INFO  ren0 [gaussian_mixture_model.h:183] Merging 1 and 0, because their BC is 0.760538
2025-03-15 21:09:43 INFO  ren0 [gaussian_mixture_model.h:183] Merging 6 and 2, because their BC is 0.737005
2025-03-15 21:09:43 INFO  ren0 [gaussian_mixture_model.h:183] Merging 8 and 4, because their BC is 0.728098
2025-03-15 21:09:43 INFO  ren0 [gaussian_mixture_model.h:183] Merging 7 and 3, because their BC is 0.721592
2025-03-15 21:09:43 INFO  ren0 [gaussian_mixture_model.h:200] components after the merge: 5, merged 5 component
2025-03-15 21:09:43 INFO  ren0 [gaussian_mixture_model.h:237] Ratio is 1.859742
2025-03-15 21:09:43 INFO  ren0 [gaussian_mixture_model.h:237] Ratio is 1.735116
2025-03-15 21:09:43 INFO  ren0 [gaussian_mixture_model.h:237] Ratio is 8.270015
2025-03-15 21:09:43 INFO  ren0 [gaussian_mixture_model.h:237] Ratio is 2.946613
2025-03-15 21:09:43 INFO  ren0 [gaussian_mixture_model.h:237] Ratio is 2.269928
2025-03-15 21:09:43 INFO  ren0 [gaussian_mixture_model.h:218] components after the split: 10, split 5 components
2025-03-15 21:09:43 INFO  ren0 [octree.h:482] root weight: 1.683e+05 (168252.468750)
2025-03-15 21:09:43 INFO  ren0 [octree.h:483] splitting threshold: 1.683e+02 (168.252472)
2025-03-15 21:09:43 INFO  ren0 [octree.h:482] root weight: 1.387e+05 (138729.453125)
2025-03-15 21:09:43 INFO  ren0 [octree.h:483] splitting threshold: 1.387e+02 (138.729462)
2025-03-15 21:09:43 INFO  ren0 [octree.h:498] node count: 536 -> 568 -> 561

2025-03-15 21:09:43 INFO  ren0 [octree.h:498] node count: 371 -> 376 -> 367

2025-03-15 21:09:43 INFO  ren0 [PMMFocalGuidingIntegrator] diverge probability: 0.452

2025-03-15 21:09:43 INFO  ren0 [PMMFocalGuidingIntegrator] iteration postprocessing time: 41.0445s
2025-03-15 21:09:43 INFO  ren0 [PMMFocalGuidingIntegrator] GMM[
weight = 0.104746 mean = [-3.44141 4.18951 -0.546429] covariance = [[6.15485 -1.78644 0.247113][-1.78644 6.83503 -0.0862067][0.247113 -0.0862067 4.91005]]
weight = 0.104746 mean = [-5.60372 2.50248 0.758275] covariance = [[6.15485 -1.78644 0.247113][-1.78644 6.83503 -0.0862067][0.247113 -0.0862067 4.91005]]
weight = 0.380706 mean = [3.32663 2.21477 0.917756] covariance = [[4.04479 -0.356866 -0.310257][-0.356866 5.71978 0.182753][-0.310257 0.182753 3.84785]]
weight = 0.00577155 mean = [-11.929 7.21467 3.79897] covariance = [[16.224 3.02899 0.894632][3.02899 5.07318 -0.213323][0.894632 -0.213323 5.18658]]
weight = 0.0011661 mean = [-16.9486 8.87491 -0.179157] covariance = [[3.76632 -0.0239986 -0.402724][-0.0239986 3.09529 0.110553][-0.402724 0.110553 2.83161]]
weight = 0.00761098 mean = [-10.742 -0.665107 0.751886] covariance = [[4.02228 -0.172491 0.272823][-0.172491 4.03534 -1.26898][0.272823 -1.26898 6.72123]]
weight = 0.380706 mean = [1.6945 2.1234 -1.21886] covariance = [[4.04479 -0.356866 -0.310257][-0.356866 5.71978 0.182753][-0.310257 0.182753 3.84785]]
weight = 0.00577155 mean = [-6.27947 8.63638 4.19945] covariance = [[16.224 3.02899 0.894632][3.02899 5.07318 -0.213323][0.894632 -0.213323 5.18658]]
weight = 0.0011661 mean = [-14.3366 8.66667 -1.16641] covariance = [[3.76632 -0.0239986 -0.402724][-0.0239986 3.09529 0.110553][-0.402724 0.110553 2.83161]]
weight = 0.00761098 mean = [-13.5342 -0.436962 1.13802] covariance = [[4.02228 -0.172491 0.272823][-0.172491 4.03534 -1.26898][0.272823 -1.26898 6.72123]]
]
2025-03-15 21:09:43 INFO  ren0 [PMMFocalGuidingIntegrator] Octree[
AABB: AABB3[min=[-21.7494, -3.70393, -3.09172], max=[7.19249, 11.2965, 6.96201]]
Nodes count: 561
]
2025-03-15 21:09:43 INFO  ren0 [PMMFocalGuidingIntegrator] Octree[
AABB: AABB3[min=[-21.7494, -3.70393, -3.09172], max=[7.19249, 11.2965, 6.96201]]
Nodes count: 367
]
2025-03-15 21:09:43 INFO  ren0 [PMMFocalGuidingIntegrator] Rendering 6 iteration
2025-03-15 21:09:43 INFO  ren0 [SamplingIntegrator] Starting render job (1280x720, 4 samples, 8 cores, SSE2 enabled) ..
2025-03-15 21:11:29 INFO  ren0 [PMMFocalGuidingIntegrator] iteration render time: 1.7665m
2025-03-15 21:11:30 INFO  ren0 [PMMFocalGuidingIntegrator] Got 158176 non-zero samples and 0 zero samples
2025-03-15 21:12:15 INFO  ren0 [gaussian_mixture_model.h:126] Components accumulated weight is: 1.000000
2025-03-15 21:12:15 INFO  ren0 [gaussian_mixture_model.h:173] exp(-dist) between 0 and 1 is 0.750852
2025-03-15 21:12:15 INFO  ren0 [gaussian_mixture_model.h:173] exp(-dist) between 0 and 2 is 0.290241
2025-03-15 21:12:15 INFO  ren0 [gaussian_mixture_model.h:173] exp(-dist) between 0 and 3 is 0.167999
2025-03-15 21:12:15 INFO  ren0 [gaussian_mixture_model.h:173] exp(-dist) between 0 and 4 is 0.007697
2025-03-15 21:12:15 INFO  ren0 [gaussian_mixture_model.h:173] exp(-dist) between 0 and 5 is 0.081286
2025-03-15 21:12:15 INFO  ren0 [gaussian_mixture_model.h:173] exp(-dist) between 0 and 6 is 0.496677
2025-03-15 21:12:15 INFO  ren0 [gaussian_mixture_model.h:173] exp(-dist) between 0 and 7 is 0.224543
2025-03-15 21:12:15 INFO  ren0 [gaussian_mixture_model.h:173] exp(-dist) between 0 and 8 is 0.041409
2025-03-15 21:12:15 INFO  ren0 [gaussian_mixture_model.h:173] exp(-dist) between 0 and 9 is 0.039819
2025-03-15 21:12:15 INFO  ren0 [gaussian_mixture_model.h:173] exp(-dist) between 1 and 2 is 0.150654
2025-03-15 21:12:15 INFO  ren0 [gaussian_mixture_model.h:173] exp(-dist) between 1 and 3 is 0.254211
2025-03-15 21:12:15 INFO  ren0 [gaussian_mixture_model.h:173] exp(-dist) between 1 and 4 is 0.027970
2025-03-15 21:12:15 INFO  ren0 [gaussian_mixture_model.h:173] exp(-dist) between 1 and 5 is 0.362495
2025-03-15 21:12:15 INFO  ren0 [gaussian_mixture_model.h:173] exp(-dist) between 1 and 6 is 0.239351
2025-03-15 21:12:15 INFO  ren0 [gaussian_mixture_model.h:173] exp(-dist) between 1 and 7 is 0.225312
2025-03-15 21:12:15 INFO  ren0 [gaussian_mixture_model.h:173] exp(-dist) between 1 and 8 is 0.088438
2025-03-15 21:12:15 INFO  ren0 [gaussian_mixture_model.h:173] exp(-dist) between 1 and 9 is 0.191608
2025-03-15 21:12:15 INFO  ren0 [gaussian_mixture_model.h:173] exp(-dist) between 2 and 3 is 0.016205
2025-03-15 21:12:15 INFO  ren0 [gaussian_mixture_model.h:173] exp(-dist) between 2 and 4 is 0.000002
2025-03-15 21:12:15 INFO  ren0 [gaussian_mixture_model.h:173] exp(-dist) between 2 and 5 is 0.001756
2025-03-15 21:12:15 INFO  ren0 [gaussian_mixture_model.h:173] exp(-dist) between 2 and 6 is 0.737845
2025-03-15 21:12:15 INFO  ren0 [gaussian_mixture_model.h:173] exp(-dist) between 2 and 7 is 0.058374
2025-03-15 21:12:15 INFO  ren0 [gaussian_mixture_model.h:173] exp(-dist) between 2 and 8 is 0.000039
2025-03-15 21:12:15 INFO  ren0 [gaussian_mixture_model.h:173] exp(-dist) between 2 and 9 is 0.000551
2025-03-15 21:12:15 INFO  ren0 [gaussian_mixture_model.h:173] exp(-dist) between 3 and 4 is 0.327294
2025-03-15 21:12:15 INFO  ren0 [gaussian_mixture_model.h:173] exp(-dist) between 3 and 5 is 0.110946
2025-03-15 21:12:15 INFO  ren0 [gaussian_mixture_model.h:173] exp(-dist) between 3 and 6 is 0.014464
2025-03-15 21:12:15 INFO  ren0 [gaussian_mixture_model.h:173] exp(-dist) between 3 and 7 is 0.725231
2025-03-15 21:12:15 INFO  ren0 [gaussian_mixture_model.h:173] exp(-dist) between 3 and 8 is 0.297051
2025-03-15 21:12:15 INFO  ren0 [gaussian_mixture_model.h:173] exp(-dist) between 3 and 9 is 0.189176
2025-03-15 21:12:15 INFO  ren0 [gaussian_mixture_model.h:173] exp(-dist) between 4 and 5 is 0.015791
2025-03-15 21:12:15 INFO  ren0 [gaussian_mixture_model.h:173] exp(-dist) between 4 and 6 is 0.000012
2025-03-15 21:12:15 INFO  ren0 [gaussian_mixture_model.h:173] exp(-dist) between 4 and 7 is 0.112827
2025-03-15 21:12:15 INFO  ren0 [gaussian_mixture_model.h:173] exp(-dist) between 4 and 8 is 0.732309
2025-03-15 21:12:15 INFO  ren0 [gaussian_mixture_model.h:173] exp(-dist) between 4 and 9 is 0.038331
2025-03-15 21:12:15 INFO  ren0 [gaussian_mixture_model.h:173] exp(-dist) between 5 and 6 is 0.004325
2025-03-15 21:12:15 INFO  ren0 [gaussian_mixture_model.h:173] exp(-dist) between 5 and 7 is 0.031467
2025-03-15 21:12:15 INFO  ren0 [gaussian_mixture_model.h:173] exp(-dist) between 5 and 8 is 0.037679
2025-03-15 21:12:15 INFO  ren0 [gaussian_mixture_model.h:173] exp(-dist) between 5 and 9 is 0.766765
2025-03-15 21:12:15 INFO  ren0 [gaussian_mixture_model.h:173] exp(-dist) between 6 and 7 is 0.030233
2025-03-15 21:12:15 INFO  ren0 [gaussian_mixture_model.h:173] exp(-dist) between 6 and 8 is 0.000187
2025-03-15 21:12:15 INFO  ren0 [gaussian_mixture_model.h:173] exp(-dist) between 6 and 9 is 0.001549
2025-03-15 21:12:15 INFO  ren0 [gaussian_mixture_model.h:173] exp(-dist) between 7 and 8 is 0.134942
2025-03-15 21:12:15 INFO  ren0 [gaussian_mixture_model.h:173] exp(-dist) between 7 and 9 is 0.045616
2025-03-15 21:12:15 INFO  ren0 [gaussian_mixture_model.h:173] exp(-dist) between 8 and 9 is 0.062401
2025-03-15 21:12:15 INFO  ren0 [gaussian_mixture_model.h:180] components before the merge: 10
2025-03-15 21:12:15 INFO  ren0 [gaussian_mixture_model.h:183] Merging 9 and 5, because their BC is 0.766765
2025-03-15 21:12:15 INFO  ren0 [gaussian_mixture_model.h:183] Merging 1 and 0, because their BC is 0.750852
2025-03-15 21:12:15 INFO  ren0 [gaussian_mixture_model.h:183] Merging 6 and 2, because their BC is 0.737845
2025-03-15 21:12:15 INFO  ren0 [gaussian_mixture_model.h:183] Merging 8 and 4, because their BC is 0.732309
2025-03-15 21:12:15 INFO  ren0 [gaussian_mixture_model.h:183] Merging 7 and 3, because their BC is 0.725231
2025-03-15 21:12:15 INFO  ren0 [gaussian_mixture_model.h:200] components after the merge: 5, merged 5 component
2025-03-15 21:12:15 INFO  ren0 [gaussian_mixture_model.h:237] Ratio is 1.876872
2025-03-15 21:12:15 INFO  ren0 [gaussian_mixture_model.h:237] Ratio is 1.758733
2025-03-15 21:12:15 INFO  ren0 [gaussian_mixture_model.h:237] Ratio is 9.141325
2025-03-15 21:12:15 INFO  ren0 [gaussian_mixture_model.h:237] Ratio is 2.871414
2025-03-15 21:12:15 INFO  ren0 [gaussian_mixture_model.h:237] Ratio is 2.020519
2025-03-15 21:12:15 INFO  ren0 [gaussian_mixture_model.h:218] components after the split: 10, split 5 components
2025-03-15 21:12:15 INFO  ren0 [octree.h:482] root weight: 1.803e+05 (180257.281250)
2025-03-15 21:12:15 INFO  ren0 [octree.h:483] splitting threshold: 1.803e+02 (180.257294)
2025-03-15 21:12:15 INFO  ren0 [octree.h:482] root weight: 1.431e+05 (143129.578125)
2025-03-15 21:12:15 INFO  ren0 [octree.h:483] splitting threshold: 1.431e+02 (143.129578)
2025-03-15 21:12:15 INFO  ren0 [octree.h:498] node count: 561 -> 581 -> 569

2025-03-15 21:12:15 INFO  ren0 [octree.h:498] node count: 367 -> 371 -> 359

2025-03-15 21:12:15 INFO  ren0 [PMMFocalGuidingIntegrator] diverge probability: 0.443

2025-03-15 21:12:15 INFO  ren0 [PMMFocalGuidingIntegrator] iteration postprocessing time: 45.9549s
2025-03-15 21:12:15 INFO  ren0 [PMMFocalGuidingIntegrator] GMM[
weight = 0.104436 mean = [-4.76115 4.67339 -0.437745] covariance = [[7.02682 0.44777 -1.03916][0.44777 4.59029 -0.0879861][-1.03916 -0.0879861 5.20358]]
weight = 0.104436 mean = [-3.9236 1.93443 0.433669] covariance = [[7.02682 0.44777 -1.03916][0.44777 4.59029 -0.0879861][-1.03916 -0.0879861 5.20358]]
weight = 0.380341 mean = [3.29101 2.18705 0.792858] covariance = [[3.84138 -0.34631 -0.266849][-0.34631 5.35178 0.161157][-0.266849 0.161157 3.64092]]
weight = 0.00632464 mean = [-11.1787 7.28947 3.88388] covariance = [[17.3368 3.08432 0.916049][3.08432 4.84109 -0.109223][0.916049 -0.109223 4.64047]]
weight = 0.00112998 mean = [-16.78 8.88465 -0.227491] covariance = [[3.59022 -0.0362653 -0.352695][-0.0362653 3.04512 0.114267][-0.352695 0.114267 2.74297]]
weight = 0.00776842 mean = [-12.774 -0.0155964 0.0797473] covariance = [[6.0909 0.227694 -1.50284][0.227694 3.7789 -0.163182][-1.50284 -0.163182 4.76414]]
weight = 0.380341 mean = [1.74064 2.08415 -1.32679] covariance = [[3.84138 -0.34631 -0.266849][-0.34631 5.35178 0.161157][-0.266849 0.161157 3.64092]]
weight = 0.00632464 mean = [-5.32767 8.64609 4.27073] covariance = [[17.3368 3.08432 0.916049][3.08432 4.84109 -0.109223][0.916049 -0.109223 4.64047]]
weight = 0.00112998 mean = [-14.2367 8.59016 -1.17445] covariance = [[3.59022 -0.0362653 -0.352695][-0.0362653 3.04512 0.114267][-0.352695 0.114267 2.74297]]
weight = 0.00776842 mean = [-11.2945 -0.952657 2.20374] covariance = [[6.0909 0.227694 -1.50284][0.227694 3.7789 -0.163182][-1.50284 -0.163182 4.76414]]
]
2025-03-15 21:12:15 INFO  ren0 [PMMFocalGuidingIntegrator] Octree[
AABB: AABB3[min=[-21.7494, -3.70393, -3.09172], max=[7.19249, 11.2965, 6.96201]]
Nodes count: 569
]
2025-03-15 21:12:15 INFO  ren0 [PMMFocalGuidingIntegrator] Octree[
AABB: AABB3[min=[-21.7494, -3.70393, -3.09172], max=[7.19249, 11.2965, 6.96201]]
Nodes count: 359
]
2025-03-15 21:12:15 INFO  ren0 [PMMFocalGuidingIntegrator] Rendering 7 iteration
2025-03-15 21:12:15 INFO  ren0 [SamplingIntegrator] Starting render job (1280x720, 4 samples, 8 cores, SSE2 enabled) ..
2025-03-15 21:13:21 INFO  wrk0 [octree.h:260] No intersection found
2025-03-15 21:13:21 INFO  wrk0 [pmm_focal_guiding.cpp:702] Intersection was not found
2025-03-15 21:13:59 INFO  ren0 [PMMFocalGuidingIntegrator] iteration render time: 1.7300m
2025-03-15 21:13:59 INFO  ren0 [PMMFocalGuidingIntegrator] Got 181484 non-zero samples and 0 zero samples
2025-03-15 21:14:52 INFO  ren0 [gaussian_mixture_model.h:126] Components accumulated weight is: 1.000000
2025-03-15 21:14:52 INFO  ren0 [gaussian_mixture_model.h:173] exp(-dist) between 0 and 1 is 0.761574
2025-03-15 21:14:52 INFO  ren0 [gaussian_mixture_model.h:173] exp(-dist) between 0 and 2 is 0.172832
2025-03-15 21:14:52 INFO  ren0 [gaussian_mixture_model.h:173] exp(-dist) between 0 and 3 is 0.276235
2025-03-15 21:14:52 INFO  ren0 [gaussian_mixture_model.h:173] exp(-dist) between 0 and 4 is 0.018675
2025-03-15 21:14:52 INFO  ren0 [gaussian_mixture_model.h:173] exp(-dist) between 0 and 5 is 0.185769
2025-03-15 21:14:52 INFO  ren0 [gaussian_mixture_model.h:173] exp(-dist) between 0 and 6 is 0.314236
2025-03-15 21:14:52 INFO  ren0 [gaussian_mixture_model.h:173] exp(-dist) between 0 and 7 is 0.281830
2025-03-15 21:14:52 INFO  ren0 [gaussian_mixture_model.h:173] exp(-dist) between 0 and 8 is 0.078373
2025-03-15 21:14:52 INFO  ren0 [gaussian_mixture_model.h:173] exp(-dist) between 0 and 9 is 0.180145
2025-03-15 21:14:52 INFO  ren0 [gaussian_mixture_model.h:173] exp(-dist) between 1 and 2 is 0.293134
2025-03-15 21:14:52 INFO  ren0 [gaussian_mixture_model.h:173] exp(-dist) between 1 and 3 is 0.131434
2025-03-15 21:14:52 INFO  ren0 [gaussian_mixture_model.h:173] exp(-dist) between 1 and 4 is 0.003702
2025-03-15 21:14:52 INFO  ren0 [gaussian_mixture_model.h:173] exp(-dist) between 1 and 5 is 0.203423
2025-03-15 21:14:52 INFO  ren0 [gaussian_mixture_model.h:173] exp(-dist) between 1 and 6 is 0.448058
2025-03-15 21:14:52 INFO  ren0 [gaussian_mixture_model.h:173] exp(-dist) between 1 and 7 is 0.120912
2025-03-15 21:14:52 INFO  ren0 [gaussian_mixture_model.h:173] exp(-dist) between 1 and 8 is 0.017996
2025-03-15 21:14:52 INFO  ren0 [gaussian_mixture_model.h:173] exp(-dist) between 1 and 9 is 0.314259
2025-03-15 21:14:52 INFO  ren0 [gaussian_mixture_model.h:173] exp(-dist) between 2 and 3 is 0.021316
2025-03-15 21:14:52 INFO  ren0 [gaussian_mixture_model.h:173] exp(-dist) between 2 and 4 is 0.000002
2025-03-15 21:14:52 INFO  ren0 [gaussian_mixture_model.h:173] exp(-dist) between 2 and 5 is 0.002451
2025-03-15 21:14:52 INFO  ren0 [gaussian_mixture_model.h:173] exp(-dist) between 2 and 6 is 0.739251
2025-03-15 21:14:52 INFO  ren0 [gaussian_mixture_model.h:173] exp(-dist) between 2 and 7 is 0.063391
2025-03-15 21:14:52 INFO  ren0 [gaussian_mixture_model.h:173] exp(-dist) between 2 and 8 is 0.000055
2025-03-15 21:14:52 INFO  ren0 [gaussian_mixture_model.h:173] exp(-dist) between 2 and 9 is 0.005601
2025-03-15 21:14:52 INFO  ren0 [gaussian_mixture_model.h:173] exp(-dist) between 3 and 4 is 0.303280
2025-03-15 21:14:52 INFO  ren0 [gaussian_mixture_model.h:173] exp(-dist) between 3 and 5 is 0.159885
2025-03-15 21:14:52 INFO  ren0 [gaussian_mixture_model.h:173] exp(-dist) between 3 and 6 is 0.016202
2025-03-15 21:14:52 INFO  ren0 [gaussian_mixture_model.h:173] exp(-dist) between 3 and 7 is 0.740194
2025-03-15 21:14:52 INFO  ren0 [gaussian_mixture_model.h:173] exp(-dist) between 3 and 8 is 0.280868
2025-03-15 21:14:52 INFO  ren0 [gaussian_mixture_model.h:173] exp(-dist) between 3 and 9 is 0.121204
2025-03-15 21:14:52 INFO  ren0 [gaussian_mixture_model.h:173] exp(-dist) between 4 and 5 is 0.044724
2025-03-15 21:14:52 INFO  ren0 [gaussian_mixture_model.h:173] exp(-dist) between 4 and 6 is 0.000011
2025-03-15 21:14:52 INFO  ren0 [gaussian_mixture_model.h:173] exp(-dist) between 4 and 7 is 0.090711
2025-03-15 21:14:52 INFO  ren0 [gaussian_mixture_model.h:173] exp(-dist) between 4 and 8 is 0.728941
2025-03-15 21:14:52 INFO  ren0 [gaussian_mixture_model.h:173] exp(-dist) between 4 and 9 is 0.009852
2025-03-15 21:14:52 INFO  ren0 [gaussian_mixture_model.h:173] exp(-dist) between 5 and 6 is 0.007067
2025-03-15 21:14:52 INFO  ren0 [gaussian_mixture_model.h:173] exp(-dist) between 5 and 7 is 0.041687
2025-03-15 21:14:52 INFO  ren0 [gaussian_mixture_model.h:173] exp(-dist) between 5 and 8 is 0.078459
2025-03-15 21:14:52 INFO  ren0 [gaussian_mixture_model.h:173] exp(-dist) between 5 and 9 is 0.761797
2025-03-15 21:14:52 INFO  ren0 [gaussian_mixture_model.h:173] exp(-dist) between 6 and 7 is 0.029724
2025-03-15 21:14:52 INFO  ren0 [gaussian_mixture_model.h:173] exp(-dist) between 6 and 8 is 0.000224
2025-03-15 21:14:52 INFO  ren0 [gaussian_mixture_model.h:173] exp(-dist) between 6 and 9 is 0.011972
2025-03-15 21:14:52 INFO  ren0 [gaussian_mixture_model.h:173] exp(-dist) between 7 and 8 is 0.113347
2025-03-15 21:14:52 INFO  ren0 [gaussian_mixture_model.h:173] exp(-dist) between 7 and 9 is 0.033183
2025-03-15 21:14:52 INFO  ren0 [gaussian_mixture_model.h:173] exp(-dist) between 8 and 9 is 0.019315
2025-03-15 21:14:52 INFO  ren0 [gaussian_mixture_model.h:180] components before the merge: 10
2025-03-15 21:14:52 INFO  ren0 [gaussian_mixture_model.h:183] Merging 9 and 5, because their BC is 0.761797
2025-03-15 21:14:52 INFO  ren0 [gaussian_mixture_model.h:183] Merging 1 and 0, because their BC is 0.761574
2025-03-15 21:14:52 INFO  ren0 [gaussian_mixture_model.h:183] Merging 7 and 3, because their BC is 0.740194
2025-03-15 21:14:52 INFO  ren0 [gaussian_mixture_model.h:183] Merging 6 and 2, because their BC is 0.739251
2025-03-15 21:14:52 INFO  ren0 [gaussian_mixture_model.h:183] Merging 8 and 4, because their BC is 0.728941
2025-03-15 21:14:52 INFO  ren0 [gaussian_mixture_model.h:200] components after the merge: 5, merged 5 component
2025-03-15 21:14:52 INFO  ren0 [gaussian_mixture_model.h:237] Ratio is 1.825661
2025-03-15 21:14:52 INFO  ren0 [gaussian_mixture_model.h:237] Ratio is 1.757745
2025-03-15 21:14:52 INFO  ren0 [gaussian_mixture_model.h:237] Ratio is 9.720991
2025-03-15 21:14:52 INFO  ren0 [gaussian_mixture_model.h:237] Ratio is 3.129934
2025-03-15 21:14:52 INFO  ren0 [gaussian_mixture_model.h:237] Ratio is 2.038805
2025-03-15 21:14:52 INFO  ren0 [gaussian_mixture_model.h:218] components after the split: 10, split 5 components
2025-03-15 21:14:52 INFO  ren0 [octree.h:482] root weight: 2.018e+05 (201849.906250)
2025-03-15 21:14:52 INFO  ren0 [octree.h:483] splitting threshold: 2.018e+02 (201.849915)
2025-03-15 21:14:52 INFO  ren0 [octree.h:482] root weight: 1.520e+05 (151997.234375)
2025-03-15 21:14:52 INFO  ren0 [octree.h:483] splitting threshold: 1.520e+02 (151.997238)
2025-03-15 21:14:52 INFO  ren0 [octree.h:498] node count: 569 -> 579 -> 572

2025-03-15 21:14:52 INFO  ren0 [octree.h:498] node count: 359 -> 360 -> 352

2025-03-15 21:14:52 INFO  ren0 [PMMFocalGuidingIntegrator] diverge probability: 0.430

2025-03-15 21:14:52 INFO  ren0 [PMMFocalGuidingIntegrator] iteration postprocessing time: 52.9231s
2025-03-15 21:14:52 INFO  ren0 [PMMFocalGuidingIntegrator] GMM[
weight = 0.10431 mean = [-3.61404 4.3895 -0.836793] covariance = [[6.57193 -1.35776 -0.151226][-1.35776 5.05297 0.290974][-0.151226 0.290974 4.47448]]
weight = 0.10431 mean = [-4.76064 2.18495 0.623784] covariance = [[6.57193 -1.35776 -0.151226][-1.35776 5.05297 0.290974][-0.151226 0.290974 4.47448]]
weight = 0.379972 mean = [1.78353 2.02581 -1.41146] covariance = [[3.67446 -0.323355 -0.249235][-0.323355 5.01318 0.128765][-0.249235 0.128765 3.4625]]
weight = 0.00689441 mean = [-10.3383 7.47257 3.88949] covariance = [[17.3565 2.83079 0.727854][2.83079 4.40532 -0.135794][0.727854 -0.135794 4.4305]]
weight = 0.00114189 mean = [-16.5445 8.8038 -0.333425] covariance = [[3.73693 -0.0154326 -0.399694][-0.0154326 3.11738 0.163191][-0.399694 0.163191 2.64033]]
weight = 0.00768186 mean = [-13.2972 -0.404508 1.72009] covariance = [[4.33415 -0.314838 0.729727][-0.314838 4.27408 -0.763488][0.729727 -0.763488 5.80241]]
weight = 0.379972 mean = [3.2604 2.14663 0.684462] covariance = [[3.67446 -0.323355 -0.249235][-0.323355 5.01318 0.128765][-0.249235 0.128765 3.4625]]
weight = 0.00689441 mean = [-4.47434 8.69214 4.19221] covariance = [[17.3565 2.83079 0.727854][2.83079 4.40532 -0.135794][0.727854 -0.135794 4.4305]]
weight = 0.00114189 mean = [-13.917 8.5591 -1.21786] covariance = [[3.73693 -0.0154326 -0.399694][-0.0154326 3.11738 0.163191][-0.399694 0.163191 2.64033]]
weight = 0.00768186 mean = [-10.6714 -0.40259 0.637874] covariance = [[4.33415 -0.314838 0.729727][-0.314838 4.27408 -0.763488][0.729727 -0.763488 5.80241]]
]
2025-03-15 21:14:52 INFO  ren0 [PMMFocalGuidingIntegrator] Octree[
AABB: AABB3[min=[-21.7494, -3.70393, -3.09172], max=[7.19249, 11.2965, 6.96201]]
Nodes count: 572
]
2025-03-15 21:14:52 INFO  ren0 [PMMFocalGuidingIntegrator] Octree[
AABB: AABB3[min=[-21.7494, -3.70393, -3.09172], max=[7.19249, 11.2965, 6.96201]]
Nodes count: 352
]
2025-03-15 21:14:52 INFO  ren0 [PMMFocalGuidingIntegrator] Finished training phase. Starting real rendering.
2025-03-15 21:14:52 INFO  ren0 [PMMFocalGuidingIntegrator] Starting render job (1280x720, 4 samples, 8 cores, SSE2 enabled) ..
2025-03-15 21:16:37 INFO  ren0 [PMMFocalGuidingIntegrator] rendered 4 samples per pixel in 1.7494m.
2025-03-15 21:16:37 INFO  ren0 [RenderJob] Render time: 18.8809m
2025-03-15 21:16:37 INFO  ren0 [PMMFocalGuidingIntegrator] iteration render time: 1.7495m
2025-03-15 21:16:37 INFO  ren0 [PMMFocalGuidingIntegrator] GMM[
weight = 0.10431 mean = [-3.61404 4.3895 -0.836793] covariance = [[6.57193 -1.35776 -0.151226][-1.35776 5.05297 0.290974][-0.151226 0.290974 4.47448]]
weight = 0.10431 mean = [-4.76064 2.18495 0.623784] covariance = [[6.57193 -1.35776 -0.151226][-1.35776 5.05297 0.290974][-0.151226 0.290974 4.47448]]
weight = 0.379972 mean = [1.78353 2.02581 -1.41146] covariance = [[3.67446 -0.323355 -0.249235][-0.323355 5.01318 0.128765][-0.249235 0.128765 3.4625]]
weight = 0.00689441 mean = [-10.3383 7.47257 3.88949] covariance = [[17.3565 2.83079 0.727854][2.83079 4.40532 -0.135794][0.727854 -0.135794 4.4305]]
weight = 0.00114189 mean = [-16.5445 8.8038 -0.333425] covariance = [[3.73693 -0.0154326 -0.399694][-0.0154326 3.11738 0.163191][-0.399694 0.163191 2.64033]]
weight = 0.00768186 mean = [-13.2972 -0.404508 1.72009] covariance = [[4.33415 -0.314838 0.729727][-0.314838 4.27408 -0.763488][0.729727 -0.763488 5.80241]]
weight = 0.379972 mean = [3.2604 2.14663 0.684462] covariance = [[3.67446 -0.323355 -0.249235][-0.323355 5.01318 0.128765][-0.249235 0.128765 3.4625]]
weight = 0.00689441 mean = [-4.47434 8.69214 4.19221] covariance = [[17.3565 2.83079 0.727854][2.83079 4.40532 -0.135794][0.727854 -0.135794 4.4305]]
weight = 0.00114189 mean = [-13.917 8.5591 -1.21786] covariance = [[3.73693 -0.0154326 -0.399694][-0.0154326 3.11738 0.163191][-0.399694 0.163191 2.64033]]
weight = 0.00768186 mean = [-10.6714 -0.40259 0.637874] covariance = [[4.33415 -0.314838 0.729727][-0.314838 4.27408 -0.763488][0.729727 -0.763488 5.80241]]
]
2025-03-15 21:16:37 INFO  ren0 [HDRFilm] Writing image to "/home/julia/PBRT/PMM_focal_guiding/mitsuba/dist/../../scenes/modern-hall/modern-hall.exr" ..
2025-03-15 21:16:37 INFO  main [statistics.cpp:142] Statistics:
------------------------------------------------------------
 * Loaded plugins :
    -  plugins/area.so [Area light]
    -  plugins/bitmap.so [Bitmap texture]
    -  plugins/box.so [Box filter]
    -  plugins/cube.so [Cube intersection primitive]
    -  plugins/dielectric.so [Smooth dielectric BSDF]
    -  plugins/difftrans.so [Diffuse transmitter]
    -  plugins/diffuse.so [Smooth diffuse BRDF]
    -  plugins/hdrfilm.so [High dynamic range film]
    -  plugins/homogeneous.so [Homogeneous medium]
    -  plugins/independent.so [Independent sampler]
    -  plugins/isotropic.so [Isotropic phase function]
    -  plugins/lanczos.so [Lanczos Sinc filter]
    -  plugins/obj.so [OBJ triangle mesh loader]
    -  plugins/perspective.so [Perspective camera]
    -  plugins/pmm_focal_guiding.so [PMM focal guiding path tracer]
    -  plugins/rectangle.so [Rectangle intersection primitive]
    -  plugins/roughconductor.so [Rough conductor BRDF]
    -  plugins/roughplastic.so [Rough plastic BRDF]
    -  plugins/twosided.so [Two-sided BRDF adapter]

  * General :
    -  Normal rays traced : 13.964 M
    -  Shadow rays traced : 8.450 M

  * Path tracer :
    -  Average path length : 3.53 (13.03 M / 3.69 M)
    -  Sampled from Converging : 3.199 M
    -  Sampled from Diverging : 2.411 M
    -  Sampled from GMM : 5.611 M

  * Texture system :
    -  Filtered texture lookups : 29.81 % (928.33 K of 3.11 M)
------------------------------------------------------------
