2025-03-16 03:13:08 INFO  main [mitsuba.cpp:274] Mitsuba version 0.6.0 (Linux, 64 bit), Copyright (c) 2017 Wenzel Jakob
2025-03-16 03:13:08 INFO  main [mitsuba.cpp:377] Parsing scene description from "../../scenes/dining-room/dining-room.xml" ..
2025-03-16 03:13:08 INFO  main [scenehandler.cpp:675] In file "/home/julia/PBRT/PMM_focal_guiding/mitsuba/dist/../../scenes/dining-room/dining-room.xml" (near line 18): Parsing included file "pmm_focal_guiding.xml" ..
2025-03-16 03:13:08 INFO  main [PluginManager] Loading plugin "plugins/pmm_focal_guiding.so" ..
2025-03-16 03:13:08 INFO  main [octree.h:482] root weight: 8.000e-20 (0.000000)
2025-03-16 03:13:08 INFO  main [octree.h:483] splitting threshold: 8.000e-23 (0.000000)
2025-03-16 03:13:08 INFO  main [octree.h:498] node count: 1 -> 585 -> 585

2025-03-16 03:13:08 INFO  main [octree.h:482] root weight: 8.000e-20 (0.000000)
2025-03-16 03:13:08 INFO  main [octree.h:483] splitting threshold: 8.000e-23 (0.000000)
2025-03-16 03:13:08 INFO  main [octree.h:498] node count: 1 -> 585 -> 585

2025-03-16 03:13:08 INFO  main [pmm_focal_guiding.cpp:109] Will save the GMM to file in directory ../scenes/dining-room/
2025-03-16 03:13:08 INFO  main [PMMFocalGuidingIntegrator] GMM params: alpha = 0.250000, split_th = 7.000000, merge_th = 0.300000, min_num_comp = 3, max_num_comp = 10
2025-03-16 03:13:08 INFO  main [PMMFocalGuidingIntegrator] iterationCount: 8
2025-03-16 03:13:08 INFO  main [PMMFocalGuidingIntegrator] PMMFocalGuidingIntegrator
  maxDepth = 40,
  rrDepth = 14,
  strictNormals = 1
  gmm = GMM[
]
]
2025-03-16 03:13:08 WARN  main [scenehandler.cpp:795] In file "/home/julia/PBRT/PMM_focal_guiding/mitsuba/dist/../../scenes/dining-room/../_integrators/pmm_focal_guiding.xml" (near line 50): Unqueried attribute "budget" in element "integrator"
2025-03-16 03:13:08 WARN  main [scenehandler.cpp:795] In file "/home/julia/PBRT/PMM_focal_guiding/mitsuba/dist/../../scenes/dining-room/../_integrators/pmm_focal_guiding.xml" (near line 50): Unqueried attribute "dumpPrimaryRays" in element "integrator"
2025-03-16 03:13:08 WARN  main [scenehandler.cpp:795] In file "/home/julia/PBRT/PMM_focal_guiding/mitsuba/dist/../../scenes/dining-room/../_integrators/pmm_focal_guiding.xml" (near line 50): Unqueried attribute "dumpScene" in element "integrator"
2025-03-16 03:13:08 WARN  main [scenehandler.cpp:795] In file "/home/julia/PBRT/PMM_focal_guiding/mitsuba/dist/../../scenes/dining-room/../_integrators/pmm_focal_guiding.xml" (near line 50): Unqueried attribute "normalBinning" in element "integrator"
2025-03-16 03:13:08 WARN  main [scenehandler.cpp:795] In file "/home/julia/PBRT/PMM_focal_guiding/mitsuba/dist/../../scenes/dining-room/../_integrators/pmm_focal_guiding.xml" (near line 50): Unqueried attribute "samplingMode" in element "integrator"
2025-03-16 03:13:08 WARN  main [scenehandler.cpp:795] In file "/home/julia/PBRT/PMM_focal_guiding/mitsuba/dist/../../scenes/dining-room/../_integrators/pmm_focal_guiding.xml" (near line 50): Unqueried attribute "unboundedSplatting" in element "integrator"
2025-03-16 03:13:08 WARN  main [scenehandler.cpp:795] In file "/home/julia/PBRT/PMM_focal_guiding/mitsuba/dist/../../scenes/dining-room/../_integrators/pmm_focal_guiding.xml" (near line 51): Unqueried attribute "saveGMMDirectory" in element "scene"
2025-03-16 03:13:08 INFO  main [PluginManager] Loading plugin "plugins/independent.so" ..
2025-03-16 03:13:08 INFO  main [PluginManager] Loading plugin "plugins/box.so" ..
2025-03-16 03:13:08 INFO  main [PluginManager] Loading plugin "plugins/hdrfilm.so" ..
2025-03-16 03:13:08 INFO  main [PluginManager] Loading plugin "plugins/perspective.so" ..
2025-03-16 03:13:08 INFO  main [PluginManager] Loading plugin "plugins/roughplastic.so" ..
2025-03-16 03:13:08 INFO  main [PluginManager] Loading plugin "plugins/twosided.so" ..
2025-03-16 03:13:08 INFO  main [PluginManager] Loading plugin "plugins/roughconductor.so" ..
2025-03-16 03:13:08 INFO  main [spectrum.cpp:599] "Cu.eta.spd": loaded a spectral power distribution with 55 entries (between 302.400421 and 885.601257 nm)
2025-03-16 03:13:08 INFO  main [spectrum.cpp:599] "Cu.k.spd": loaded a spectral power distribution with 55 entries (between 302.400421 and 885.601257 nm)
2025-03-16 03:13:08 INFO  main [PluginManager] Loading plugin "plugins/diffuse.so" ..
2025-03-16 03:13:08 INFO  main [PluginManager] Loading plugin "plugins/bitmap.so" ..
2025-03-16 03:13:08 INFO  main [BitmapTexture] Loading texture "picture3.jpg"
2025-03-16 03:13:08 INFO  main [MIPMap] Mapped MIP map cache file "/home/julia/PBRT/PMM_focal_guiding/mitsuba/dist/../../scenes/dining-room/textures/picture3.mip" into memory (18.8 MiB).
2025-03-16 03:13:08 INFO  main [BitmapTexture] Loading texture "Tiles.jpg"
2025-03-16 03:13:08 INFO  main [PluginManager] Loading plugin "plugins/lanczos.so" ..
2025-03-16 03:13:08 INFO  main [spectrum.cpp:599] "Cu.eta.spd": loaded a spectral power distribution with 55 entries (between 302.400421 and 885.601257 nm)
2025-03-16 03:13:08 INFO  main [spectrum.cpp:599] "Cu.k.spd": loaded a spectral power distribution with 55 entries (between 302.400421 and 885.601257 nm)
2025-03-16 03:13:08 INFO  main [PluginManager] Loading plugin "plugins/conductor.so" ..
2025-03-16 03:13:08 INFO  main [spectrum.cpp:599] "Ir.eta.spd": loaded a spectral power distribution with 28 entries (between 302.389984 and 885.570984 nm)
2025-03-16 03:13:08 INFO  main [spectrum.cpp:599] "Ir.k.spd": loaded a spectral power distribution with 28 entries (between 302.389984 and 885.570984 nm)
2025-03-16 03:13:08 INFO  main [spectrum.cpp:599] "Cu.eta.spd": loaded a spectral power distribution with 55 entries (between 302.400421 and 885.601257 nm)
2025-03-16 03:13:08 INFO  main [spectrum.cpp:599] "Cu.k.spd": loaded a spectral power distribution with 55 entries (between 302.400421 and 885.601257 nm)
2025-03-16 03:13:08 INFO  main [BitmapTexture] Loading texture "Teacup.png"
2025-03-16 03:13:08 INFO  main [spectrum.cpp:599] "Cu.eta.spd": loaded a spectral power distribution with 55 entries (between 302.400421 and 885.601257 nm)
2025-03-16 03:13:08 INFO  main [spectrum.cpp:599] "Cu.k.spd": loaded a spectral power distribution with 55 entries (between 302.400421 and 885.601257 nm)
2025-03-16 03:13:08 INFO  main [PluginManager] Loading plugin "plugins/area.so" ..
2025-03-16 03:13:08 INFO  main [PluginManager] Loading plugin "plugins/disk.so" ..
2025-03-16 03:13:08 INFO  main [PluginManager] Loading plugin "plugins/ply.so" ..
2025-03-16 03:13:08 INFO  main [PLYLoader] Loading geometry from "parabol1.ply" ..
2025-03-16 03:13:08 INFO  main [PLYLoader] "parabol1": Loaded 25856 triangles, 13057 vertices (456.0 KiB in 26 ms).
2025-03-16 03:13:08 INFO  main [PLYLoader] Loading geometry from "parabol2.ply" ..
2025-03-16 03:13:08 INFO  main [PLYLoader] "parabol2": Loaded 25856 triangles, 13057 vertices (456.0 KiB in 24 ms).
2025-03-16 03:13:08 INFO  main [PluginManager] Loading plugin "plugins/obj.so" ..
2025-03-16 03:13:08 INFO  main [WavefrontOBJ] Loading geometry from "Mesh013.obj" ..
2025-03-16 03:13:08 INFO  main [WavefrontOBJ] Mesh013: 1056 triangles, 577 vertices (merged 2591 vertices).
2025-03-16 03:13:08 INFO  main [WavefrontOBJ] Done with "Mesh013.obj" (took 7 ms)
2025-03-16 03:13:08 INFO  main [WavefrontOBJ] Loading geometry from "Mesh016.obj" ..
2025-03-16 03:13:08 INFO  main [WavefrontOBJ] Mesh016: 384 triangles, 768 vertices (merged 384 vertices).
2025-03-16 03:13:08 INFO  main [WavefrontOBJ] Done with "Mesh016.obj" (took 4 ms)
2025-03-16 03:13:08 INFO  main [WavefrontOBJ] Loading geometry from "Mesh015.obj" ..
2025-03-16 03:13:08 INFO  main [WavefrontOBJ] Mesh015: 3136 triangles, 1680 vertices (merged 7728 vertices).
2025-03-16 03:13:08 INFO  main [WavefrontOBJ] Done with "Mesh015.obj" (took 23 ms)
2025-03-16 03:13:08 INFO  main [WavefrontOBJ] Loading geometry from "Mesh023.obj" ..
2025-03-16 03:13:08 INFO  main [WavefrontOBJ] Mesh023: 1056 triangles, 577 vertices (merged 2591 vertices).
2025-03-16 03:13:08 INFO  main [WavefrontOBJ] Done with "Mesh023.obj" (took 10 ms)
2025-03-16 03:13:08 INFO  main [WavefrontOBJ] Loading geometry from "Mesh020.obj" ..
2025-03-16 03:13:08 INFO  main [WavefrontOBJ] Mesh020: 384 triangles, 768 vertices (merged 384 vertices).
2025-03-16 03:13:08 INFO  main [WavefrontOBJ] Done with "Mesh020.obj" (took 11 ms)
2025-03-16 03:13:08 INFO  main [WavefrontOBJ] Loading geometry from "Mesh017.obj" ..
2025-03-16 03:13:08 INFO  main [WavefrontOBJ] Mesh017: 3136 triangles, 1680 vertices (merged 7728 vertices).
2025-03-16 03:13:08 INFO  main [WavefrontOBJ] Done with "Mesh017.obj" (took 23 ms)
2025-03-16 03:13:08 INFO  main [WavefrontOBJ] Loading geometry from "Mesh024.obj" ..
2025-03-16 03:13:08 INFO  main [WavefrontOBJ] Mesh024: 34 triangles, 68 vertices (merged 34 vertices).
2025-03-16 03:13:08 INFO  main [WavefrontOBJ] Done with "Mesh024.obj" (took 0 ms)
2025-03-16 03:13:08 INFO  main [WavefrontOBJ] Loading geometry from "Mesh041.obj" ..
2025-03-16 03:13:08 INFO  main [WavefrontOBJ] Mesh041: 8 triangles, 16 vertices (merged 8 vertices).
2025-03-16 03:13:08 INFO  main [WavefrontOBJ] Done with "Mesh041.obj" (took 0 ms)
2025-03-16 03:13:08 INFO  main [WavefrontOBJ] Loading geometry from "Mesh011.obj" ..
2025-03-16 03:13:08 INFO  main [WavefrontOBJ] Mesh011: 8992 triangles, 4544 vertices (merged 22432 vertices).
2025-03-16 03:13:08 INFO  main [WavefrontOBJ] Done with "Mesh011.obj" (took 67 ms)
2025-03-16 03:13:08 INFO  main [WavefrontOBJ] Loading geometry from "Mesh026.obj" ..
2025-03-16 03:13:08 INFO  main [WavefrontOBJ] Mesh026: 7624 triangles, 4070 vertices (merged 18802 vertices).
2025-03-16 03:13:08 INFO  main [WavefrontOBJ] Done with "Mesh026.obj" (took 55 ms)
2025-03-16 03:13:08 INFO  main [WavefrontOBJ] Loading geometry from "Mesh018.obj" ..
2025-03-16 03:13:08 INFO  main [WavefrontOBJ] Mesh018: 2016 triangles, 1260 vertices (merged 4788 vertices).
2025-03-16 03:13:08 INFO  main [WavefrontOBJ] Done with "Mesh018.obj" (took 16 ms)
2025-03-16 03:13:08 INFO  main [WavefrontOBJ] Loading geometry from "Mesh007.obj" ..
2025-03-16 03:13:08 INFO  main [WavefrontOBJ] Mesh007: 4352 triangles, 2178 vertices (merged 10878 vertices).
2025-03-16 03:13:08 INFO  main [WavefrontOBJ] Done with "Mesh007.obj" (took 32 ms)
2025-03-16 03:13:08 INFO  main [WavefrontOBJ] Loading geometry from "Mesh005.obj" ..
2025-03-16 03:13:08 INFO  main [WavefrontOBJ] Mesh005: 160 triangles, 144 vertices (merged 336 vertices).
2025-03-16 03:13:08 INFO  main [WavefrontOBJ] Done with "Mesh005.obj" (took 1 ms)
2025-03-16 03:13:08 INFO  main [WavefrontOBJ] Loading geometry from "Mesh019.obj" ..
2025-03-16 03:13:08 INFO  main [WavefrontOBJ] Mesh019: 560 triangles, 400 vertices (merged 1280 vertices).
2025-03-16 03:13:08 INFO  main [WavefrontOBJ] Done with "Mesh019.obj" (took 6 ms)
2025-03-16 03:13:08 INFO  main [WavefrontOBJ] Loading geometry from "Mesh021.obj" ..
2025-03-16 03:13:08 INFO  main [WavefrontOBJ] Mesh021: 720 triangles, 482 vertices (merged 1678 vertices).
2025-03-16 03:13:08 INFO  main [WavefrontOBJ] Done with "Mesh021.obj" (took 5 ms)
2025-03-16 03:13:08 INFO  main [WavefrontOBJ] Loading geometry from "Mesh037.obj" ..
2025-03-16 03:13:08 INFO  main [WavefrontOBJ] Mesh037: 7624 triangles, 4070 vertices (merged 18802 vertices).
2025-03-16 03:13:08 INFO  main [WavefrontOBJ] Done with "Mesh037.obj" (took 62 ms)
2025-03-16 03:13:08 INFO  main [WavefrontOBJ] Loading geometry from "Mesh004.obj" ..
2025-03-16 03:13:08 INFO  main [WavefrontOBJ] Mesh004: 2016 triangles, 1260 vertices (merged 4788 vertices).
2025-03-16 03:13:08 INFO  main [WavefrontOBJ] Done with "Mesh004.obj" (took 15 ms)
2025-03-16 03:13:08 INFO  main [WavefrontOBJ] Loading geometry from "Mesh014.obj" ..
2025-03-16 03:13:08 INFO  main [WavefrontOBJ] Mesh014: 160 triangles, 144 vertices (merged 336 vertices).
2025-03-16 03:13:08 INFO  main [WavefrontOBJ] Done with "Mesh014.obj" (took 1 ms)
2025-03-16 03:13:08 INFO  main [WavefrontOBJ] Loading geometry from "Mesh012.obj" ..
2025-03-16 03:13:08 INFO  main [WavefrontOBJ] Mesh012: 560 triangles, 400 vertices (merged 1280 vertices).
2025-03-16 03:13:08 INFO  main [WavefrontOBJ] Done with "Mesh012.obj" (took 3 ms)
2025-03-16 03:13:08 INFO  main [WavefrontOBJ] Loading geometry from "Mesh028.obj" ..
2025-03-16 03:13:08 INFO  main [WavefrontOBJ] Mesh028: 720 triangles, 482 vertices (merged 1678 vertices).
2025-03-16 03:13:08 INFO  main [WavefrontOBJ] Done with "Mesh028.obj" (took 8 ms)
2025-03-16 03:13:08 INFO  main [WavefrontOBJ] Loading geometry from "Mesh025.obj" ..
2025-03-16 03:13:08 INFO  main [WavefrontOBJ] Mesh025: 4352 triangles, 2178 vertices (merged 10878 vertices).
2025-03-16 03:13:08 INFO  main [WavefrontOBJ] Done with "Mesh025.obj" (took 41 ms)
2025-03-16 03:13:08 INFO  main [WavefrontOBJ] Loading geometry from "Mesh008.obj" ..
2025-03-16 03:13:08 INFO  main [WavefrontOBJ] Mesh008: 6320 triangles, 3270 vertices (merged 15690 vertices).
2025-03-16 03:13:08 INFO  main [WavefrontOBJ] Done with "Mesh008.obj" (took 41 ms)
2025-03-16 03:13:08 INFO  main [WavefrontOBJ] Loading geometry from "Mesh032.obj" ..
2025-03-16 03:13:09 INFO  main [WavefrontOBJ] Mesh032: 13248 triangles, 6686 vertices (merged 33058 vertices).
2025-03-16 03:13:09 INFO  main [WavefrontOBJ] Done with "Mesh032.obj" (took 101 ms)
2025-03-16 03:13:09 INFO  main [WavefrontOBJ] Loading geometry from "Mesh035.obj" ..
2025-03-16 03:13:09 INFO  main [WavefrontOBJ] Mesh035: 14480 triangles, 7404 vertices (merged 36036 vertices).
2025-03-16 03:13:09 INFO  main [WavefrontOBJ] Done with "Mesh035.obj" (took 94 ms)
2025-03-16 03:13:09 INFO  main [WavefrontOBJ] Loading geometry from "Mesh042.obj" ..
2025-03-16 03:13:09 INFO  main [WavefrontOBJ] Mesh042: 2320 triangles, 1492 vertices (merged 5468 vertices).
2025-03-16 03:13:09 INFO  main [WavefrontOBJ] Done with "Mesh042.obj" (took 15 ms)
2025-03-16 03:13:09 INFO  main [WavefrontOBJ] Loading geometry from "Mesh010.obj" ..
2025-03-16 03:13:09 INFO  main [WavefrontOBJ] Mesh010: 13248 triangles, 6686 vertices (merged 33058 vertices).
2025-03-16 03:13:09 INFO  main [WavefrontOBJ] Done with "Mesh010.obj" (took 85 ms)
2025-03-16 03:13:09 INFO  main [WavefrontOBJ] Loading geometry from "Mesh036.obj" ..
2025-03-16 03:13:09 INFO  main [WavefrontOBJ] Mesh036: 14480 triangles, 7404 vertices (merged 36036 vertices).
2025-03-16 03:13:09 INFO  main [WavefrontOBJ] Done with "Mesh036.obj" (took 95 ms)
2025-03-16 03:13:09 INFO  main [WavefrontOBJ] Loading geometry from "Mesh027.obj" ..
2025-03-16 03:13:09 INFO  main [WavefrontOBJ] Mesh027: 2320 triangles, 1492 vertices (merged 5468 vertices).
2025-03-16 03:13:09 INFO  main [WavefrontOBJ] Done with "Mesh027.obj" (took 15 ms)
2025-03-16 03:13:09 INFO  main [WavefrontOBJ] Loading geometry from "Mesh043.obj" ..
2025-03-16 03:13:09 INFO  main [WavefrontOBJ] Mesh043: 13248 triangles, 6686 vertices (merged 33058 vertices).
2025-03-16 03:13:09 INFO  main [WavefrontOBJ] Done with "Mesh043.obj" (took 82 ms)
2025-03-16 03:13:09 INFO  main [WavefrontOBJ] Loading geometry from "Mesh044.obj" ..
2025-03-16 03:13:09 INFO  main [WavefrontOBJ] Mesh044: 14480 triangles, 7404 vertices (merged 36036 vertices).
2025-03-16 03:13:09 INFO  main [WavefrontOBJ] Done with "Mesh044.obj" (took 97 ms)
2025-03-16 03:13:09 INFO  main [WavefrontOBJ] Loading geometry from "Mesh031.obj" ..
2025-03-16 03:13:09 INFO  main [WavefrontOBJ] Mesh031: 2320 triangles, 1492 vertices (merged 5468 vertices).
2025-03-16 03:13:09 INFO  main [WavefrontOBJ] Done with "Mesh031.obj" (took 18 ms)
2025-03-16 03:13:09 INFO  main [WavefrontOBJ] Loading geometry from "Mesh022.obj" ..
2025-03-16 03:13:09 INFO  main [WavefrontOBJ] Mesh022: 13248 triangles, 6686 vertices (merged 33058 vertices).
2025-03-16 03:13:09 INFO  main [WavefrontOBJ] Done with "Mesh022.obj" (took 83 ms)
2025-03-16 03:13:09 INFO  main [WavefrontOBJ] Loading geometry from "Mesh038.obj" ..
2025-03-16 03:13:09 INFO  main [WavefrontOBJ] Mesh038: 14480 triangles, 7404 vertices (merged 36036 vertices).
2025-03-16 03:13:09 INFO  main [WavefrontOBJ] Done with "Mesh038.obj" (took 88 ms)
2025-03-16 03:13:09 INFO  main [WavefrontOBJ] Loading geometry from "Mesh030.obj" ..
2025-03-16 03:13:09 INFO  main [WavefrontOBJ] Mesh030: 2320 triangles, 1492 vertices (merged 5468 vertices).
2025-03-16 03:13:09 INFO  main [WavefrontOBJ] Done with "Mesh030.obj" (took 13 ms)
2025-03-16 03:13:09 INFO  main [WavefrontOBJ] Loading geometry from "Mesh046.obj" ..
2025-03-16 03:13:09 INFO  main [WavefrontOBJ] Mesh046: 13248 triangles, 6686 vertices (merged 33058 vertices).
2025-03-16 03:13:09 INFO  main [WavefrontOBJ] Done with "Mesh046.obj" (took 80 ms)
2025-03-16 03:13:09 INFO  main [WavefrontOBJ] Loading geometry from "Mesh047.obj" ..
2025-03-16 03:13:09 INFO  main [WavefrontOBJ] Mesh047: 14480 triangles, 7404 vertices (merged 36036 vertices).
2025-03-16 03:13:09 INFO  main [WavefrontOBJ] Done with "Mesh047.obj" (took 83 ms)
2025-03-16 03:13:09 INFO  main [WavefrontOBJ] Loading geometry from "Mesh034.obj" ..
2025-03-16 03:13:09 INFO  main [WavefrontOBJ] Mesh034: 2320 triangles, 1492 vertices (merged 5468 vertices).
2025-03-16 03:13:09 INFO  main [WavefrontOBJ] Done with "Mesh034.obj" (took 16 ms)
2025-03-16 03:13:09 INFO  main [WavefrontOBJ] Loading geometry from "Mesh033.obj" ..
2025-03-16 03:13:09 INFO  main [WavefrontOBJ] Mesh033: 44 triangles, 96 vertices (merged 36 vertices).
2025-03-16 03:13:09 INFO  main [WavefrontOBJ] Done with "Mesh033.obj" (took 0 ms)
2025-03-16 03:13:09 INFO  main [WavefrontOBJ] Loading geometry from "Mesh006.obj" ..
2025-03-16 03:13:09 INFO  main [WavefrontOBJ] Mesh006: 4 triangles, 6 vertices (merged 6 vertices).
2025-03-16 03:13:09 INFO  main [WavefrontOBJ] Done with "Mesh006.obj" (took 0 ms)
2025-03-16 03:13:09 INFO  main [WavefrontOBJ] Loading geometry from "Mesh048.obj" ..
2025-03-16 03:13:09 INFO  main [WavefrontOBJ] Mesh048: 30 triangles, 38 vertices (merged 52 vertices).
2025-03-16 03:13:09 INFO  main [WavefrontOBJ] Done with "Mesh048.obj" (took 0 ms)
2025-03-16 03:13:09 INFO  main [WavefrontOBJ] Loading geometry from "Mesh049.obj" ..
2025-03-16 03:13:10 INFO  main [WavefrontOBJ] Mesh049: 13248 triangles, 6686 vertices (merged 33058 vertices).
2025-03-16 03:13:10 INFO  main [WavefrontOBJ] Done with "Mesh049.obj" (took 74 ms)
2025-03-16 03:13:10 INFO  main [WavefrontOBJ] Loading geometry from "Mesh051.obj" ..
2025-03-16 03:13:10 INFO  main [WavefrontOBJ] Mesh051: 14480 triangles, 7404 vertices (merged 36036 vertices).
2025-03-16 03:13:10 INFO  main [WavefrontOBJ] Done with "Mesh051.obj" (took 80 ms)
2025-03-16 03:13:10 INFO  main [WavefrontOBJ] Loading geometry from "Mesh040.obj" ..
2025-03-16 03:13:10 INFO  main [WavefrontOBJ] Mesh040: 2320 triangles, 1492 vertices (merged 5468 vertices).
2025-03-16 03:13:10 INFO  main [WavefrontOBJ] Done with "Mesh040.obj" (took 14 ms)
2025-03-16 03:13:10 INFO  main [WavefrontOBJ] Loading geometry from "Mesh003.obj" ..
2025-03-16 03:13:10 INFO  main [WavefrontOBJ] Mesh003: 18176 triangles, 9150 vertices (merged 45378 vertices).
2025-03-16 03:13:10 INFO  main [WavefrontOBJ] Done with "Mesh003.obj" (took 110 ms)
2025-03-16 03:13:10 INFO  main [WavefrontOBJ] Loading geometry from "Mesh002.obj" ..
2025-03-16 03:13:10 INFO  main [WavefrontOBJ] Mesh002: 7624 triangles, 4070 vertices (merged 18802 vertices).
2025-03-16 03:13:10 INFO  main [WavefrontOBJ] Done with "Mesh002.obj" (took 48 ms)
2025-03-16 03:13:10 INFO  main [WavefrontOBJ] Loading geometry from "Mesh009.obj" ..
2025-03-16 03:13:10 INFO  main [WavefrontOBJ] Mesh009: 2016 triangles, 1260 vertices (merged 4788 vertices).
2025-03-16 03:13:10 INFO  main [WavefrontOBJ] Done with "Mesh009.obj" (took 14 ms)
2025-03-16 03:13:10 INFO  main [WavefrontOBJ] Loading geometry from "Mesh045.obj" ..
2025-03-16 03:13:10 INFO  main [WavefrontOBJ] Mesh045: 4352 triangles, 2178 vertices (merged 10878 vertices).
2025-03-16 03:13:10 INFO  main [WavefrontOBJ] Done with "Mesh045.obj" (took 25 ms)
2025-03-16 03:13:10 INFO  main [WavefrontOBJ] Loading geometry from "Mesh029.obj" ..
2025-03-16 03:13:10 INFO  main [WavefrontOBJ] Mesh029: 160 triangles, 144 vertices (merged 336 vertices).
2025-03-16 03:13:10 INFO  main [WavefrontOBJ] Done with "Mesh029.obj" (took 1 ms)
2025-03-16 03:13:10 INFO  main [WavefrontOBJ] Loading geometry from "Mesh039.obj" ..
2025-03-16 03:13:10 INFO  main [WavefrontOBJ] Mesh039: 560 triangles, 400 vertices (merged 1280 vertices).
2025-03-16 03:13:10 INFO  main [WavefrontOBJ] Done with "Mesh039.obj" (took 3 ms)
2025-03-16 03:13:10 INFO  main [WavefrontOBJ] Loading geometry from "Mesh050.obj" ..
2025-03-16 03:13:10 INFO  main [WavefrontOBJ] Mesh050: 720 triangles, 482 vertices (merged 1678 vertices).
2025-03-16 03:13:10 INFO  main [WavefrontOBJ] Done with "Mesh050.obj" (took 6 ms)
2025-03-16 03:13:10 INFO  main [WavefrontOBJ] Loading geometry from "Mesh001.obj" ..
2025-03-16 03:13:10 INFO  main [WavefrontOBJ] Mesh001: 170 triangles, 340 vertices (merged 170 vertices).
2025-03-16 03:13:10 INFO  main [WavefrontOBJ] Done with "Mesh001.obj" (took 2 ms)
2025-03-16 03:13:10 INFO  main [WavefrontOBJ] Loading geometry from "Mesh000.obj" ..
2025-03-16 03:13:10 INFO  main [WavefrontOBJ] Mesh000: 22 triangles, 44 vertices (merged 22 vertices).
2025-03-16 03:13:10 INFO  main [WavefrontOBJ] Done with "Mesh000.obj" (took 0 ms)
2025-03-16 03:13:10 INFO  main [PluginManager] Loading plugin "plugins/rectangle.so" ..
2025-03-16 03:13:10 INFO  ren0 [KDTreeBase] Constructing a SAH kd-tree (321251 primitives) ..
2025-03-16 03:13:14 INFO  ren0 [KDTreeBase] Finished -- took 3897 ms.
2025-03-16 03:13:14 INFO  ren0 [PMMFocalGuidingIntegrator] Starting preprocess
2025-03-16 03:13:14 INFO  ren0 [octree.h:482] root weight: 8.000e-20 (0.000000)
2025-03-16 03:13:14 INFO  ren0 [octree.h:483] splitting threshold: 8.000e-23 (0.000000)
2025-03-16 03:13:14 INFO  ren0 [octree.h:498] node count: 1 -> 585 -> 585

2025-03-16 03:13:14 INFO  ren0 [octree.h:482] root weight: 4.096e-17 (0.000000)
2025-03-16 03:13:14 INFO  ren0 [octree.h:483] splitting threshold: 4.096e-20 (0.000000)
2025-03-16 03:13:14 INFO  ren0 [octree.h:498] node count: 585 -> 585 -> 585

2025-03-16 03:13:14 INFO  ren0 [octree.h:482] root weight: 8.000e-20 (0.000000)
2025-03-16 03:13:14 INFO  ren0 [octree.h:483] splitting threshold: 8.000e-23 (0.000000)
2025-03-16 03:13:14 INFO  ren0 [octree.h:498] node count: 1 -> 585 -> 585

2025-03-16 03:13:14 INFO  ren0 [octree.h:482] root weight: 4.096e-17 (0.000000)
2025-03-16 03:13:14 INFO  ren0 [octree.h:483] splitting threshold: 4.096e-20 (0.000000)
2025-03-16 03:13:14 INFO  ren0 [octree.h:498] node count: 585 -> 585 -> 585

2025-03-16 03:13:14 INFO  ren0 [PMMFocalGuidingIntegrator] Octree[
AABB: AABB3[min=[-6.3658, -1.5274, -4.73046], max=[5.27597, 8.04131, 10.0598]]
Nodes count: 585
]
2025-03-16 03:13:14 INFO  ren0 [PMMFocalGuidingIntegrator] Octree[
AABB: AABB3[min=[-6.3658, -1.5274, -4.73046], max=[5.27597, 8.04131, 10.0598]]
Nodes count: 585
]
2025-03-16 03:13:14 INFO  ren0 [PMMFocalGuidingIntegrator] GMM[
weight = 0.166667 mean = [-3.3202 0.98827 -2.96528] covariance = [[1 0 0][0 1 0][0 0 1]]
weight = 0.166667 mean = [5.00227 0.824559 7.29764] covariance = [[1 0 0][0 1 0][0 0 1]]
weight = 0.166667 mean = [-2.78216 2.83761 -3.10825] covariance = [[1 0 0][0 1 0][0 0 1]]
weight = 0.166667 mean = [-6.16611 0.380758 -3.0068] covariance = [[1 0 0][0 1 0][0 0 1]]
weight = 0.166667 mean = [0.35518 1.30374 -3.84406] covariance = [[1 0 0][0 1 0][0 0 1]]
weight = 0.166667 mean = [4.61195 6.41211 5.20862] covariance = [[1 0 0][0 1 0][0 0 1]]
]
2025-03-16 03:13:14 INFO  ren0 [PMMFocalGuidingIntegrator] Starting training... (8) iterations
2025-03-16 03:13:14 INFO  ren0 [PMMFocalGuidingIntegrator] Rendering 0 iteration
2025-03-16 03:13:14 INFO  ren0 [SamplingIntegrator] Starting render job (1280x720, 4 samples, 8 cores, SSE2 enabled) ..
2025-03-16 03:13:23 INFO  wrk4 [PMMFocalGuidingIntegrator] hit luminaire, value = [0, 0, 0]
2025-03-16 03:14:09 INFO  wrk6 [PMMFocalGuidingIntegrator] hit luminaire, value = [0, 0, 0]
2025-03-16 03:14:09 INFO  ren0 [PMMFocalGuidingIntegrator] iteration render time: 55.5553s
2025-03-16 03:14:10 INFO  ren0 [PMMFocalGuidingIntegrator] Got 33243 non-zero samples and 0 zero samples
2025-03-16 03:14:15 INFO  ren0 [gaussian_mixture_model.h:126] Components accumulated weight is: 1.000000
2025-03-16 03:14:15 INFO  ren0 [gaussian_mixture_model.h:173] exp(-dist) between 0 and 1 is 0.380192
2025-03-16 03:14:15 INFO  ren0 [gaussian_mixture_model.h:173] exp(-dist) between 0 and 2 is 0.502806
2025-03-16 03:14:15 INFO  ren0 [gaussian_mixture_model.h:173] exp(-dist) between 0 and 3 is 0.469160
2025-03-16 03:14:15 INFO  ren0 [gaussian_mixture_model.h:173] exp(-dist) between 0 and 4 is 0.250528
2025-03-16 03:14:15 INFO  ren0 [gaussian_mixture_model.h:173] exp(-dist) between 0 and 5 is 0.186706
2025-03-16 03:14:15 INFO  ren0 [gaussian_mixture_model.h:173] exp(-dist) between 1 and 2 is 0.115829
2025-03-16 03:14:15 INFO  ren0 [gaussian_mixture_model.h:173] exp(-dist) between 1 and 3 is 0.258359
2025-03-16 03:14:15 INFO  ren0 [gaussian_mixture_model.h:173] exp(-dist) between 1 and 4 is 0.114840
2025-03-16 03:14:15 INFO  ren0 [gaussian_mixture_model.h:173] exp(-dist) between 1 and 5 is 0.330478
2025-03-16 03:14:15 INFO  ren0 [gaussian_mixture_model.h:173] exp(-dist) between 2 and 3 is 0.229358
2025-03-16 03:14:15 INFO  ren0 [gaussian_mixture_model.h:173] exp(-dist) between 2 and 4 is 0.380857
2025-03-16 03:14:15 INFO  ren0 [gaussian_mixture_model.h:173] exp(-dist) between 2 and 5 is 0.416370
2025-03-16 03:14:15 INFO  ren0 [gaussian_mixture_model.h:173] exp(-dist) between 3 and 4 is 0.018510
2025-03-16 03:14:15 INFO  ren0 [gaussian_mixture_model.h:173] exp(-dist) between 3 and 5 is 0.150904
2025-03-16 03:14:15 INFO  ren0 [gaussian_mixture_model.h:173] exp(-dist) between 4 and 5 is 0.226137
2025-03-16 03:14:15 INFO  ren0 [gaussian_mixture_model.h:180] components before the merge: 6
2025-03-16 03:14:15 INFO  ren0 [gaussian_mixture_model.h:183] Merging 2 and 0, because their BC is 0.502806
2025-03-16 03:14:15 INFO  ren0 [gaussian_mixture_model.h:183] Merging 5 and 2, because their BC is 0.432050
2025-03-16 03:14:15 INFO  ren0 [gaussian_mixture_model.h:183] Merging 5 and 4, because their BC is 0.507673
2025-03-16 03:14:15 INFO  ren0 [gaussian_mixture_model.h:183] Merging 5 and 1, because their BC is 0.350156
2025-03-16 03:14:15 INFO  ren0 [gaussian_mixture_model.h:183] Merging 5 and 1, because their BC is 0.350156
2025-03-16 03:14:15 INFO  ren0 [gaussian_mixture_model.h:183] Merging 5 and 1, because their BC is 0.350156
2025-03-16 03:14:15 INFO  ren0 [gaussian_mixture_model.h:183] Merging 5 and 1, because their BC is 0.350156
2025-03-16 03:14:15 INFO  ren0 [gaussian_mixture_model.h:183] Merging 5 and 1, because their BC is 0.350156
2025-03-16 03:14:15 INFO  ren0 [gaussian_mixture_model.h:183] Merging 5 and 1, because their BC is 0.350156
2025-03-16 03:14:15 INFO  ren0 [gaussian_mixture_model.h:183] Merging 5 and 1, because their BC is 0.350156
2025-03-16 03:14:15 INFO  ren0 [gaussian_mixture_model.h:200] components after the merge: 3, merged 10 component
2025-03-16 03:14:15 INFO  ren0 [gaussian_mixture_model.h:237] Ratio is 14.948459
2025-03-16 03:14:15 INFO  ren0 [gaussian_mixture_model.h:237] Ratio is 55.210133
2025-03-16 03:14:15 INFO  ren0 [gaussian_mixture_model.h:237] Ratio is 3.985695
2025-03-16 03:14:15 INFO  ren0 [gaussian_mixture_model.h:237] Ratio is 7.474229
2025-03-16 03:14:15 INFO  ren0 [gaussian_mixture_model.h:237] Ratio is 7.474229
2025-03-16 03:14:15 INFO  ren0 [gaussian_mixture_model.h:237] Ratio is 27.605066
2025-03-16 03:14:15 INFO  ren0 [gaussian_mixture_model.h:237] Ratio is 27.605066
2025-03-16 03:14:15 INFO  ren0 [gaussian_mixture_model.h:237] Ratio is 3.737115
2025-03-16 03:14:15 INFO  ren0 [gaussian_mixture_model.h:237] Ratio is 3.737115
2025-03-16 03:14:15 INFO  ren0 [gaussian_mixture_model.h:237] Ratio is 3.737115
2025-03-16 03:14:15 INFO  ren0 [gaussian_mixture_model.h:237] Ratio is 3.737115
2025-03-16 03:14:15 INFO  ren0 [gaussian_mixture_model.h:237] Ratio is 13.802533
2025-03-16 03:14:15 INFO  ren0 [gaussian_mixture_model.h:218] components after the split: 10, split 7 components
2025-03-16 03:14:15 INFO  ren0 [octree.h:482] root weight: 5.846e+04 (58455.253906)
2025-03-16 03:14:15 INFO  ren0 [octree.h:483] splitting threshold: 5.846e+01 (58.455257)
2025-03-16 03:14:15 INFO  ren0 [octree.h:482] root weight: 8.299e+03 (8298.697266)
2025-03-16 03:14:15 INFO  ren0 [octree.h:483] splitting threshold: 8.299e+00 (8.298697)
2025-03-16 03:14:15 INFO  ren0 [octree.h:498] node count: 585 -> 602 -> 499

2025-03-16 03:14:15 INFO  ren0 [octree.h:498] node count: 585 -> 588 -> 327

2025-03-16 03:14:15 INFO  ren0 [PMMFocalGuidingIntegrator] diverge probability: 0.124

2025-03-16 03:14:15 INFO  ren0 [PMMFocalGuidingIntegrator] iteration postprocessing time: 5.5987s
2025-03-16 03:14:15 INFO  ren0 [PMMFocalGuidingIntegrator] GMM[
weight = 0.0607484 mean = [-0.339363 1.23151 6.9852] covariance = [[7.34052 -0.339235 -0.0167443][-0.339235 2.13391 0.611094][-0.0167443 0.611094 4.59012]]
weight = 0.0607484 mean = [5.07444 0.867141 6.87224] covariance = [[7.34052 -0.339235 -0.0167443][-0.339235 2.13391 0.611094][-0.0167443 0.611094 4.59012]]
weight = 0.013094 mean = [-5.58925 0.758614 0.464234] covariance = [[0.615817 -0.0948099 0.618924][-0.0948099 2.35339 0.389039][0.618924 0.389039 7.53025]]
weight = 0.00654702 mean = [-4.98971 1.2548 7.31791] covariance = [[0.587061 -0.118609 0.290197][-0.118609 2.33369 0.116986][0.290197 0.116986 3.77242]]
weight = 0.0607484 mean = [1.2463 1.12479 6.95211] covariance = [[7.34052 -0.339235 -0.0167443][-0.339235 2.13391 0.611094][-0.0167443 0.611094 4.59012]]
weight = 0.70463 mean = [-0.738704 3.76398 1.2039] covariance = [[13.632 1.20704 0.515142][1.20704 7.24943 4.9331][0.515142 4.9331 19.8507]]
weight = 0.0607484 mean = [-4.1675 1.48916 7.06508] covariance = [[7.34052 -0.339235 -0.0167443][-0.339235 2.13391 0.611094][-0.0167443 0.611094 4.59012]]
weight = 0.013094 mean = [-5.44877 0.874876 2.07015] covariance = [[0.615817 -0.0948099 0.618924][-0.0948099 2.35339 0.389039][0.618924 0.389039 7.53025]]
weight = 0.013094 mean = [-5.92841 0.477932 -3.41279] covariance = [[0.615817 -0.0948099 0.618924][-0.0948099 2.35339 0.389039][0.618924 0.389039 7.53025]]
weight = 0.00654702 mean = [-5.22952 1.05632 4.57644] covariance = [[0.587061 -0.118609 0.290197][-0.118609 2.33369 0.116986][0.290197 0.116986 3.77242]]
]
2025-03-16 03:14:15 INFO  ren0 [PMMFocalGuidingIntegrator] Octree[
AABB: AABB3[min=[-6.3658, -1.5274, -4.73046], max=[5.27597, 8.04131, 10.0598]]
Nodes count: 499
]
2025-03-16 03:14:15 INFO  ren0 [PMMFocalGuidingIntegrator] Octree[
AABB: AABB3[min=[-6.3658, -1.5274, -4.73046], max=[5.27597, 8.04131, 10.0598]]
Nodes count: 327
]
2025-03-16 03:14:15 INFO  ren0 [PMMFocalGuidingIntegrator] Rendering 1 iteration
2025-03-16 03:14:15 INFO  ren0 [SamplingIntegrator] Starting render job (1280x720, 4 samples, 8 cores, SSE2 enabled) ..
2025-03-16 03:14:30 INFO  wrk6 [PMMFocalGuidingIntegrator] hit luminaire, value = [0, 0, 0]
2025-03-16 03:16:00 INFO  wrk5 [PMMFocalGuidingIntegrator] hit luminaire, value = [1e+06, 1e+06, 1e+06]
2025-03-16 03:16:13 INFO  wrk3 [PMMFocalGuidingIntegrator] hit luminaire, value = [1e+06, 1e+06, 1e+06]
2025-03-16 03:16:49 INFO  ren0 [PMMFocalGuidingIntegrator] iteration render time: 2.5668m
2025-03-16 03:16:49 INFO  ren0 [PMMFocalGuidingIntegrator] Got 46243 non-zero samples and 0 zero samples
2025-03-16 03:17:02 INFO  ren0 [gaussian_mixture_model.h:126] Components accumulated weight is: 1.000000
2025-03-16 03:17:02 INFO  ren0 [gaussian_mixture_model.h:173] exp(-dist) between 0 and 1 is 0.766165
2025-03-16 03:17:02 INFO  ren0 [gaussian_mixture_model.h:173] exp(-dist) between 0 and 2 is 0.140555
2025-03-16 03:17:02 INFO  ren0 [gaussian_mixture_model.h:173] exp(-dist) between 0 and 3 is 0.333055
2025-03-16 03:17:02 INFO  ren0 [gaussian_mixture_model.h:173] exp(-dist) between 0 and 4 is 0.963312
2025-03-16 03:17:02 INFO  ren0 [gaussian_mixture_model.h:173] exp(-dist) between 0 and 5 is 0.387664
2025-03-16 03:17:02 INFO  ren0 [gaussian_mixture_model.h:173] exp(-dist) between 0 and 6 is 0.823044
2025-03-16 03:17:02 INFO  ren0 [gaussian_mixture_model.h:173] exp(-dist) between 0 and 7 is 0.208803
2025-03-16 03:17:02 INFO  ren0 [gaussian_mixture_model.h:173] exp(-dist) between 0 and 8 is 0.051358
2025-03-16 03:17:02 INFO  ren0 [gaussian_mixture_model.h:173] exp(-dist) between 0 and 9 is 0.285706
2025-03-16 03:17:02 INFO  ren0 [gaussian_mixture_model.h:173] exp(-dist) between 1 and 2 is 0.034047
2025-03-16 03:17:02 INFO  ren0 [gaussian_mixture_model.h:173] exp(-dist) between 1 and 3 is 0.066581
2025-03-16 03:17:02 INFO  ren0 [gaussian_mixture_model.h:173] exp(-dist) between 1 and 4 is 0.891289
2025-03-16 03:17:02 INFO  ren0 [gaussian_mixture_model.h:173] exp(-dist) between 1 and 5 is 0.316367
2025-03-16 03:17:02 INFO  ren0 [gaussian_mixture_model.h:173] exp(-dist) between 1 and 6 is 0.393134
2025-03-16 03:17:02 INFO  ren0 [gaussian_mixture_model.h:173] exp(-dist) between 1 and 7 is 0.047923
2025-03-16 03:17:02 INFO  ren0 [gaussian_mixture_model.h:173] exp(-dist) between 1 and 8 is 0.015145
2025-03-16 03:17:02 INFO  ren0 [gaussian_mixture_model.h:173] exp(-dist) between 1 and 9 is 0.062890
2025-03-16 03:17:02 INFO  ren0 [gaussian_mixture_model.h:173] exp(-dist) between 2 and 3 is 0.331178
2025-03-16 03:17:02 INFO  ren0 [gaussian_mixture_model.h:173] exp(-dist) between 2 and 4 is 0.079677
2025-03-16 03:17:02 INFO  ren0 [gaussian_mixture_model.h:173] exp(-dist) between 2 and 5 is 0.259847
2025-03-16 03:17:02 INFO  ren0 [gaussian_mixture_model.h:173] exp(-dist) between 2 and 6 is 0.267820
2025-03-16 03:17:02 INFO  ren0 [gaussian_mixture_model.h:173] exp(-dist) between 2 and 7 is 0.957933
2025-03-16 03:17:02 INFO  ren0 [gaussian_mixture_model.h:173] exp(-dist) between 2 and 8 is 0.839580
2025-03-16 03:17:02 INFO  ren0 [gaussian_mixture_model.h:173] exp(-dist) between 2 and 9 is 0.684986
2025-03-16 03:17:02 INFO  ren0 [gaussian_mixture_model.h:173] exp(-dist) between 3 and 4 is 0.185413
2025-03-16 03:17:02 INFO  ren0 [gaussian_mixture_model.h:173] exp(-dist) between 3 and 5 is 0.129003
2025-03-16 03:17:02 INFO  ren0 [gaussian_mixture_model.h:173] exp(-dist) between 3 and 6 is 0.663048
2025-03-16 03:17:02 INFO  ren0 [gaussian_mixture_model.h:173] exp(-dist) between 3 and 7 is 0.531911
2025-03-16 03:17:02 INFO  ren0 [gaussian_mixture_model.h:173] exp(-dist) between 3 and 8 is 0.079407
2025-03-16 03:17:02 INFO  ren0 [gaussian_mixture_model.h:173] exp(-dist) between 3 and 9 is 0.770318
2025-03-16 03:17:02 INFO  ren0 [gaussian_mixture_model.h:173] exp(-dist) between 4 and 5 is 0.372649
2025-03-16 03:17:02 INFO  ren0 [gaussian_mixture_model.h:173] exp(-dist) between 4 and 6 is 0.656286
2025-03-16 03:17:02 INFO  ren0 [gaussian_mixture_model.h:173] exp(-dist) between 4 and 7 is 0.117619
2025-03-16 03:17:02 INFO  ren0 [gaussian_mixture_model.h:173] exp(-dist) between 4 and 8 is 0.031057
2025-03-16 03:17:02 INFO  ren0 [gaussian_mixture_model.h:173] exp(-dist) between 4 and 9 is 0.160168
2025-03-16 03:17:02 INFO  ren0 [gaussian_mixture_model.h:173] exp(-dist) between 5 and 6 is 0.333102
2025-03-16 03:17:02 INFO  ren0 [gaussian_mixture_model.h:173] exp(-dist) between 5 and 7 is 0.253591
2025-03-16 03:17:02 INFO  ren0 [gaussian_mixture_model.h:173] exp(-dist) between 5 and 8 is 0.245133
2025-03-16 03:17:02 INFO  ren0 [gaussian_mixture_model.h:173] exp(-dist) between 5 and 9 is 0.196811
2025-03-16 03:17:02 INFO  ren0 [gaussian_mixture_model.h:173] exp(-dist) between 6 and 7 is 0.403981
2025-03-16 03:17:02 INFO  ren0 [gaussian_mixture_model.h:173] exp(-dist) between 6 and 8 is 0.087278
2025-03-16 03:17:02 INFO  ren0 [gaussian_mixture_model.h:173] exp(-dist) between 6 and 9 is 0.560581
2025-03-16 03:17:02 INFO  ren0 [gaussian_mixture_model.h:173] exp(-dist) between 7 and 8 is 0.679021
2025-03-16 03:17:02 INFO  ren0 [gaussian_mixture_model.h:173] exp(-dist) between 7 and 9 is 0.860336
2025-03-16 03:17:02 INFO  ren0 [gaussian_mixture_model.h:173] exp(-dist) between 8 and 9 is 0.292968
2025-03-16 03:17:02 INFO  ren0 [gaussian_mixture_model.h:180] components before the merge: 10
2025-03-16 03:17:02 INFO  ren0 [gaussian_mixture_model.h:183] Merging 4 and 0, because their BC is 0.963312
2025-03-16 03:17:02 INFO  ren0 [gaussian_mixture_model.h:183] Merging 7 and 2, because their BC is 0.957933
2025-03-16 03:17:02 INFO  ren0 [gaussian_mixture_model.h:183] Merging 4 and 1, because their BC is 0.837389
2025-03-16 03:17:02 INFO  ren0 [gaussian_mixture_model.h:183] Merging 9 and 7, because their BC is 0.787484
2025-03-16 03:17:02 INFO  ren0 [gaussian_mixture_model.h:183] Merging 9 and 8, because their BC is 0.701151
2025-03-16 03:17:02 INFO  ren0 [gaussian_mixture_model.h:183] Merging 6 and 4, because their BC is 0.692222
2025-03-16 03:17:02 INFO  ren0 [gaussian_mixture_model.h:183] Merging 9 and 3, because their BC is 0.486813
2025-03-16 03:17:02 INFO  ren0 [gaussian_mixture_model.h:183] Merging 6 and 5, because their BC is 0.388782
2025-03-16 03:17:02 INFO  ren0 [gaussian_mixture_model.h:183] Merging 6 and 5, because their BC is 0.388782
2025-03-16 03:17:02 INFO  ren0 [gaussian_mixture_model.h:183] Merging 6 and 5, because their BC is 0.388782
2025-03-16 03:17:02 INFO  ren0 [gaussian_mixture_model.h:200] components after the merge: 3, merged 10 component
2025-03-16 03:17:02 INFO  ren0 [gaussian_mixture_model.h:237] Ratio is 3.168831
2025-03-16 03:17:02 INFO  ren0 [gaussian_mixture_model.h:237] Ratio is 5.538749
2025-03-16 03:17:02 INFO  ren0 [gaussian_mixture_model.h:237] Ratio is 31.663797
2025-03-16 03:17:02 INFO  ren0 [gaussian_mixture_model.h:237] Ratio is 15.831899
2025-03-16 03:17:02 INFO  ren0 [gaussian_mixture_model.h:237] Ratio is 15.831899
2025-03-16 03:17:02 INFO  ren0 [gaussian_mixture_model.h:237] Ratio is 7.915949
2025-03-16 03:17:02 INFO  ren0 [gaussian_mixture_model.h:237] Ratio is 7.915949
2025-03-16 03:17:02 INFO  ren0 [gaussian_mixture_model.h:237] Ratio is 7.915949
2025-03-16 03:17:02 INFO  ren0 [gaussian_mixture_model.h:237] Ratio is 7.915949
2025-03-16 03:17:02 INFO  ren0 [gaussian_mixture_model.h:218] components after the split: 10, split 7 components
2025-03-16 03:17:02 INFO  ren0 [octree.h:482] root weight: 5.071e+04 (50708.933594)
2025-03-16 03:17:02 INFO  ren0 [octree.h:483] splitting threshold: 5.071e+01 (50.708935)
2025-03-16 03:17:02 INFO  ren0 [octree.h:482] root weight: 7.140e+03 (7140.123535)
2025-03-16 03:17:02 INFO  ren0 [octree.h:483] splitting threshold: 7.140e+00 (7.140124)
2025-03-16 03:17:02 INFO  ren0 [octree.h:498] node count: 499 -> 513 -> 487

2025-03-16 03:17:02 INFO  ren0 [octree.h:498] node count: 327 -> 334 -> 331

2025-03-16 03:17:02 INFO  ren0 [PMMFocalGuidingIntegrator] diverge probability: 0.123

2025-03-16 03:17:02 INFO  ren0 [PMMFocalGuidingIntegrator] iteration postprocessing time: 12.8860s
2025-03-16 03:17:02 INFO  ren0 [PMMFocalGuidingIntegrator] GMM[
weight = 0.00539548 mean = [-5.37826 0.809546 0.912975] covariance = [[0.514077 -0.0837191 0.10826][-0.0837191 2.41053 -0.00845056][0.10826 -0.00845056 1.98157]]
weight = 0.00539548 mean = [-5.29503 0.849425 2.07768] covariance = [[0.514077 -0.0837191 0.10826][-0.0837191 2.41053 -0.00845056][0.10826 -0.00845056 1.98157]]
weight = 0.00539548 mean = [-5.57918 0.71327 -1.89886] covariance = [[0.514077 -0.0837191 0.10826][-0.0837191 2.41053 -0.00845056][0.10826 -0.00845056 1.98157]]
weight = 0.00539548 mean = [-4.95203 1.01378 6.87778] covariance = [[0.514077 -0.0837191 0.10826][-0.0837191 2.41053 -0.00845056][0.10826 -0.00845056 1.98157]]
weight = 0.00539548 mean = [-5.15296 0.917503 4.06594] covariance = [[0.514077 -0.0837191 0.10826][-0.0837191 2.41053 -0.00845056][0.10826 -0.00845056 1.98157]]
weight = 0.727959 mean = [-0.690697 3.66879 1.26881] covariance = [[9.09994 -0.0286371 0.624044][-0.0286371 5.79133 2.79364][0.624044 2.79364 15.0186]]
weight = 0.228878 mean = [-0.0464075 1.17096 6.83037] covariance = [[11.5381 -0.536259 -0.332008][-0.536259 2.2799 0.62086][-0.332008 0.62086 4.40777]]
weight = 0.00539548 mean = [-5.23618 0.877624 2.90124] covariance = [[0.514077 -0.0837191 0.10826][-0.0837191 2.41053 -0.00845056][0.10826 -0.00845056 1.98157]]
weight = 0.00539548 mean = [-5.43711 0.781348 0.0894083] covariance = [[0.514077 -0.0837191 0.10826][-0.0837191 2.41053 -0.00845056][0.10826 -0.00845056 1.98157]]
weight = 0.00539548 mean = [-5.09411 0.945702 4.88951] covariance = [[0.514077 -0.0837191 0.10826][-0.0837191 2.41053 -0.00845056][0.10826 -0.00845056 1.98157]]
]
2025-03-16 03:17:02 INFO  ren0 [PMMFocalGuidingIntegrator] Octree[
AABB: AABB3[min=[-6.3658, -1.5274, -4.73046], max=[5.27597, 8.04131, 10.0598]]
Nodes count: 487
]
2025-03-16 03:17:02 INFO  ren0 [PMMFocalGuidingIntegrator] Octree[
AABB: AABB3[min=[-6.3658, -1.5274, -4.73046], max=[5.27597, 8.04131, 10.0598]]
Nodes count: 331
]
2025-03-16 03:17:02 INFO  ren0 [PMMFocalGuidingIntegrator] Rendering 2 iteration
2025-03-16 03:17:02 INFO  ren0 [SamplingIntegrator] Starting render job (1280x720, 4 samples, 8 cores, SSE2 enabled) ..
2025-03-16 03:17:33 INFO  wrk5 [PMMFocalGuidingIntegrator] hit luminaire, value = [0, 0, 0]
2025-03-16 03:18:06 INFO  wrk1 [PMMFocalGuidingIntegrator] hit luminaire, value = [0, 0, 0]
2025-03-16 03:18:40 INFO  wrk2 [PMMFocalGuidingIntegrator] hit luminaire, value = [0, 0, 0]
2025-03-16 03:18:49 INFO  wrk1 [PMMFocalGuidingIntegrator] hit luminaire, value = [0, 0, 0]
2025-03-16 03:19:31 INFO  wrk7 [PMMFocalGuidingIntegrator] hit luminaire, value = [0, 0, 0]
2025-03-16 03:19:44 INFO  ren0 [PMMFocalGuidingIntegrator] iteration render time: 2.6993m
2025-03-16 03:19:44 INFO  ren0 [PMMFocalGuidingIntegrator] Got 64154 non-zero samples and 0 zero samples
2025-03-16 03:20:02 INFO  ren0 [gaussian_mixture_model.h:126] Components accumulated weight is: 1.000000
2025-03-16 03:20:02 INFO  ren0 [gaussian_mixture_model.h:173] exp(-dist) between 0 and 1 is 0.910071
2025-03-16 03:20:02 INFO  ren0 [gaussian_mixture_model.h:173] exp(-dist) between 0 and 2 is 0.588735
2025-03-16 03:20:02 INFO  ren0 [gaussian_mixture_model.h:173] exp(-dist) between 0 and 3 is 0.103591
2025-03-16 03:20:02 INFO  ren0 [gaussian_mixture_model.h:173] exp(-dist) between 0 and 4 is 0.519369
2025-03-16 03:20:02 INFO  ren0 [gaussian_mixture_model.h:173] exp(-dist) between 0 and 5 is 0.210023
2025-03-16 03:20:02 INFO  ren0 [gaussian_mixture_model.h:173] exp(-dist) between 0 and 6 is 0.072214
2025-03-16 03:20:02 INFO  ren0 [gaussian_mixture_model.h:173] exp(-dist) between 0 and 7 is 0.764363
2025-03-16 03:20:02 INFO  ren0 [gaussian_mixture_model.h:173] exp(-dist) between 0 and 8 is 0.954133
2025-03-16 03:20:02 INFO  ren0 [gaussian_mixture_model.h:173] exp(-dist) between 0 and 9 is 0.361389
2025-03-16 03:20:02 INFO  ren0 [gaussian_mixture_model.h:173] exp(-dist) between 1 and 2 is 0.329022
2025-03-16 03:20:02 INFO  ren0 [gaussian_mixture_model.h:173] exp(-dist) between 1 and 3 is 0.227538
2025-03-16 03:20:02 INFO  ren0 [gaussian_mixture_model.h:173] exp(-dist) between 1 and 4 is 0.774520
2025-03-16 03:20:02 INFO  ren0 [gaussian_mixture_model.h:173] exp(-dist) between 1 and 5 is 0.203062
2025-03-16 03:20:02 INFO  ren0 [gaussian_mixture_model.h:173] exp(-dist) between 1 and 6 is 0.127712
2025-03-16 03:20:02 INFO  ren0 [gaussian_mixture_model.h:173] exp(-dist) between 1 and 7 is 0.956159
2025-03-16 03:20:02 INFO  ren0 [gaussian_mixture_model.h:173] exp(-dist) between 1 and 8 is 0.757933
2025-03-16 03:20:02 INFO  ren0 [gaussian_mixture_model.h:173] exp(-dist) between 1 and 9 is 0.604840
2025-03-16 03:20:02 INFO  ren0 [gaussian_mixture_model.h:173] exp(-dist) between 2 and 3 is 0.005410
2025-03-16 03:20:02 INFO  ren0 [gaussian_mixture_model.h:173] exp(-dist) between 2 and 4 is 0.081485
2025-03-16 03:20:02 INFO  ren0 [gaussian_mixture_model.h:173] exp(-dist) between 2 and 5 is 0.179073
2025-03-16 03:20:02 INFO  ren0 [gaussian_mixture_model.h:173] exp(-dist) between 2 and 6 is 0.009314
2025-03-16 03:20:02 INFO  ren0 [gaussian_mixture_model.h:173] exp(-dist) between 2 and 7 is 0.194641
2025-03-16 03:20:02 INFO  ren0 [gaussian_mixture_model.h:173] exp(-dist) between 2 and 8 is 0.774953
2025-03-16 03:20:02 INFO  ren0 [gaussian_mixture_model.h:173] exp(-dist) between 2 and 9 is 0.041278
2025-03-16 03:20:02 INFO  ren0 [gaussian_mixture_model.h:173] exp(-dist) between 3 and 4 is 0.586149
2025-03-16 03:20:02 INFO  ren0 [gaussian_mixture_model.h:173] exp(-dist) between 3 and 5 is 0.109363
2025-03-16 03:20:02 INFO  ren0 [gaussian_mixture_model.h:173] exp(-dist) between 3 and 6 is 0.362615
2025-03-16 03:20:02 INFO  ren0 [gaussian_mixture_model.h:173] exp(-dist) between 3 and 7 is 0.355547
2025-03-16 03:20:02 INFO  ren0 [gaussian_mixture_model.h:173] exp(-dist) between 3 and 8 is 0.051165
2025-03-16 03:20:02 INFO  ren0 [gaussian_mixture_model.h:173] exp(-dist) between 3 and 9 is 0.760878
2025-03-16 03:20:02 INFO  ren0 [gaussian_mixture_model.h:173] exp(-dist) between 4 and 5 is 0.171691
2025-03-16 03:20:02 INFO  ren0 [gaussian_mixture_model.h:173] exp(-dist) between 4 and 6 is 0.250034
2025-03-16 03:20:02 INFO  ren0 [gaussian_mixture_model.h:173] exp(-dist) between 4 and 7 is 0.916423
2025-03-16 03:20:02 INFO  ren0 [gaussian_mixture_model.h:173] exp(-dist) between 4 and 8 is 0.344869
2025-03-16 03:20:02 INFO  ren0 [gaussian_mixture_model.h:173] exp(-dist) between 4 and 9 is 0.957265
2025-03-16 03:20:02 INFO  ren0 [gaussian_mixture_model.h:173] exp(-dist) between 5 and 6 is 0.382492
2025-03-16 03:20:02 INFO  ren0 [gaussian_mixture_model.h:173] exp(-dist) between 5 and 7 is 0.191802
2025-03-16 03:20:02 INFO  ren0 [gaussian_mixture_model.h:173] exp(-dist) between 5 and 8 is 0.206654
2025-03-16 03:20:02 INFO  ren0 [gaussian_mixture_model.h:173] exp(-dist) between 5 and 9 is 0.156249
2025-03-16 03:20:02 INFO  ren0 [gaussian_mixture_model.h:173] exp(-dist) between 6 and 7 is 0.175617
2025-03-16 03:20:02 INFO  ren0 [gaussian_mixture_model.h:173] exp(-dist) between 6 and 8 is 0.043453
2025-03-16 03:20:02 INFO  ren0 [gaussian_mixture_model.h:173] exp(-dist) between 6 and 9 is 0.300375
2025-03-16 03:20:02 INFO  ren0 [gaussian_mixture_model.h:173] exp(-dist) between 7 and 8 is 0.578580
2025-03-16 03:20:02 INFO  ren0 [gaussian_mixture_model.h:173] exp(-dist) between 7 and 9 is 0.777334
2025-03-16 03:20:02 INFO  ren0 [gaussian_mixture_model.h:173] exp(-dist) between 8 and 9 is 0.220109
2025-03-16 03:20:02 INFO  ren0 [gaussian_mixture_model.h:180] components before the merge: 10
2025-03-16 03:20:02 INFO  ren0 [gaussian_mixture_model.h:183] Merging 9 and 4, because their BC is 0.957265
2025-03-16 03:20:02 INFO  ren0 [gaussian_mixture_model.h:183] Merging 7 and 1, because their BC is 0.956159
2025-03-16 03:20:02 INFO  ren0 [gaussian_mixture_model.h:183] Merging 8 and 0, because their BC is 0.954133
2025-03-16 03:20:02 INFO  ren0 [gaussian_mixture_model.h:183] Merging 9 and 7, because their BC is 0.791181
2025-03-16 03:20:02 INFO  ren0 [gaussian_mixture_model.h:183] Merging 8 and 2, because their BC is 0.696794
2025-03-16 03:20:02 INFO  ren0 [gaussian_mixture_model.h:183] Merging 9 and 3, because their BC is 0.558316
2025-03-16 03:20:02 INFO  ren0 [gaussian_mixture_model.h:183] Merging 9 and 8, because their BC is 0.484538
2025-03-16 03:20:02 INFO  ren0 [gaussian_mixture_model.h:183] Merging 6 and 5, because their BC is 0.382492
2025-03-16 03:20:02 INFO  ren0 [gaussian_mixture_model.h:183] Merging 6 and 5, because their BC is 0.382492
2025-03-16 03:20:02 INFO  ren0 [gaussian_mixture_model.h:183] Merging 6 and 5, because their BC is 0.382492
2025-03-16 03:20:02 INFO  ren0 [gaussian_mixture_model.h:200] components after the merge: 3, merged 10 component
2025-03-16 03:20:02 INFO  ren0 [gaussian_mixture_model.h:237] Ratio is 3.137509
2025-03-16 03:20:02 INFO  ren0 [gaussian_mixture_model.h:237] Ratio is 4.665982
2025-03-16 03:20:02 INFO  ren0 [gaussian_mixture_model.h:237] Ratio is 23.474599
2025-03-16 03:20:02 INFO  ren0 [gaussian_mixture_model.h:237] Ratio is 11.737300
2025-03-16 03:20:02 INFO  ren0 [gaussian_mixture_model.h:237] Ratio is 11.737300
2025-03-16 03:20:02 INFO  ren0 [gaussian_mixture_model.h:237] Ratio is 5.868650
2025-03-16 03:20:02 INFO  ren0 [gaussian_mixture_model.h:237] Ratio is 5.868650
2025-03-16 03:20:02 INFO  ren0 [gaussian_mixture_model.h:237] Ratio is 5.868650
2025-03-16 03:20:02 INFO  ren0 [gaussian_mixture_model.h:237] Ratio is 5.868650
2025-03-16 03:20:02 INFO  ren0 [gaussian_mixture_model.h:218] components after the split: 6, split 3 components
2025-03-16 03:20:02 INFO  ren0 [octree.h:482] root weight: 5.746e+04 (57459.164062)
2025-03-16 03:20:02 INFO  ren0 [octree.h:483] splitting threshold: 5.746e+01 (57.459167)
2025-03-16 03:20:02 INFO  ren0 [octree.h:482] root weight: 7.848e+03 (7848.319336)
2025-03-16 03:20:02 INFO  ren0 [octree.h:483] splitting threshold: 7.848e+00 (7.848320)
2025-03-16 03:20:02 INFO  ren0 [octree.h:498] node count: 487 -> 506 -> 472

2025-03-16 03:20:02 INFO  ren0 [octree.h:498] node count: 331 -> 337 -> 323

2025-03-16 03:20:02 INFO  ren0 [PMMFocalGuidingIntegrator] diverge probability: 0.120

2025-03-16 03:20:02 INFO  ren0 [PMMFocalGuidingIntegrator] iteration postprocessing time: 17.9737s
2025-03-16 03:20:02 INFO  ren0 [PMMFocalGuidingIntegrator] GMM[
weight = 0.0106725 mean = [-5.37131 0.769032 -0.173426] covariance = [[0.474353 -0.0806339 0.123768][-0.0806339 2.38194 0.015771][0.123768 0.015771 2.71638]]
weight = 0.0106725 mean = [-5.06862 0.95718 5.44985] covariance = [[0.474353 -0.0806339 0.123768][-0.0806339 2.38194 0.015771][0.123768 0.015771 2.71638]]
weight = 0.0106725 mean = [-5.24593 0.846965 2.15581] covariance = [[0.474353 -0.0806339 0.123768][-0.0806339 2.38194 0.015771][0.123768 0.015771 2.71638]]
weight = 0.736707 mean = [-0.703399 3.65879 1.24421] covariance = [[8.20667 -0.192206 0.899405][-0.192206 5.29181 2.29914][0.899405 2.29914 13.9902]]
weight = 0.220603 mean = [-0.19832 1.21183 6.90019] covariance = [[9.89011 -0.362889 -0.418812][-0.362889 2.30659 0.588015][-0.418812 0.588015 4.18799]]
weight = 0.0106725 mean = [-5.194 0.879246 3.12061] covariance = [[0.474353 -0.0806339 0.123768][-0.0806339 2.38194 0.015771][0.123768 0.015771 2.71638]]
]
2025-03-16 03:20:02 INFO  ren0 [PMMFocalGuidingIntegrator] Octree[
AABB: AABB3[min=[-6.3658, -1.5274, -4.73046], max=[5.27597, 8.04131, 10.0598]]
Nodes count: 472
]
2025-03-16 03:20:02 INFO  ren0 [PMMFocalGuidingIntegrator] Octree[
AABB: AABB3[min=[-6.3658, -1.5274, -4.73046], max=[5.27597, 8.04131, 10.0598]]
Nodes count: 323
]
2025-03-16 03:20:02 INFO  ren0 [PMMFocalGuidingIntegrator] Rendering 3 iteration
2025-03-16 03:20:02 INFO  ren0 [SamplingIntegrator] Starting render job (1280x720, 4 samples, 8 cores, SSE2 enabled) ..
2025-03-16 03:20:03 INFO  wrk7 [PMMFocalGuidingIntegrator] hit luminaire, value = [0, 0, 0]
2025-03-16 03:22:11 INFO  wrk1 [PMMFocalGuidingIntegrator] hit luminaire, value = [0, 0, 0]
2025-03-16 03:22:45 INFO  ren0 [PMMFocalGuidingIntegrator] iteration render time: 2.7133m
2025-03-16 03:22:45 INFO  ren0 [PMMFocalGuidingIntegrator] Got 83648 non-zero samples and 0 zero samples
2025-03-16 03:22:59 INFO  ren0 [gaussian_mixture_model.h:126] Components accumulated weight is: 1.000000
2025-03-16 03:22:59 INFO  ren0 [gaussian_mixture_model.h:173] exp(-dist) between 0 and 1 is 0.214843
2025-03-16 03:22:59 INFO  ren0 [gaussian_mixture_model.h:173] exp(-dist) between 0 and 2 is 0.753026
2025-03-16 03:22:59 INFO  ren0 [gaussian_mixture_model.h:173] exp(-dist) between 0 and 5 is 0.207547
2025-03-16 03:22:59 INFO  ren0 [gaussian_mixture_model.h:173] exp(-dist) between 0 and 6 is 0.042390
2025-03-16 03:22:59 INFO  ren0 [gaussian_mixture_model.h:173] exp(-dist) between 0 and 9 is 0.570418
2025-03-16 03:22:59 INFO  ren0 [gaussian_mixture_model.h:173] exp(-dist) between 1 and 2 is 0.595458
2025-03-16 03:22:59 INFO  ren0 [gaussian_mixture_model.h:173] exp(-dist) between 1 and 5 is 0.143834
2025-03-16 03:22:59 INFO  ren0 [gaussian_mixture_model.h:173] exp(-dist) between 1 and 6 is 0.336844
2025-03-16 03:22:59 INFO  ren0 [gaussian_mixture_model.h:173] exp(-dist) between 1 and 9 is 0.769863
2025-03-16 03:22:59 INFO  ren0 [gaussian_mixture_model.h:173] exp(-dist) between 2 and 5 is 0.206981
2025-03-16 03:22:59 INFO  ren0 [gaussian_mixture_model.h:173] exp(-dist) between 2 and 6 is 0.143783
2025-03-16 03:22:59 INFO  ren0 [gaussian_mixture_model.h:173] exp(-dist) between 2 and 9 is 0.954573
2025-03-16 03:22:59 INFO  ren0 [gaussian_mixture_model.h:173] exp(-dist) between 5 and 6 is 0.370624
2025-03-16 03:22:59 INFO  ren0 [gaussian_mixture_model.h:173] exp(-dist) between 5 and 9 is 0.192890
2025-03-16 03:22:59 INFO  ren0 [gaussian_mixture_model.h:173] exp(-dist) between 6 and 9 is 0.202831
2025-03-16 03:22:59 INFO  ren0 [gaussian_mixture_model.h:180] components before the merge: 6
2025-03-16 03:22:59 INFO  ren0 [gaussian_mixture_model.h:183] Merging 9 and 2, because their BC is 0.954573
2025-03-16 03:22:59 INFO  ren0 [gaussian_mixture_model.h:183] Merging 9 and 1, because their BC is 0.696623
2025-03-16 03:22:59 INFO  ren0 [gaussian_mixture_model.h:183] Merging 9 and 0, because their BC is 0.568750
2025-03-16 03:22:59 INFO  ren0 [gaussian_mixture_model.h:183] Merging 6 and 5, because their BC is 0.370624
2025-03-16 03:22:59 INFO  ren0 [gaussian_mixture_model.h:183] Merging 6 and 5, because their BC is 0.370624
2025-03-16 03:22:59 INFO  ren0 [gaussian_mixture_model.h:183] Merging 6 and 5, because their BC is 0.370624
2025-03-16 03:22:59 INFO  ren0 [gaussian_mixture_model.h:183] Merging 6 and 5, because their BC is 0.370624
2025-03-16 03:22:59 INFO  ren0 [gaussian_mixture_model.h:183] Merging 6 and 5, because their BC is 0.370624
2025-03-16 03:22:59 INFO  ren0 [gaussian_mixture_model.h:183] Merging 6 and 5, because their BC is 0.370624
2025-03-16 03:22:59 INFO  ren0 [gaussian_mixture_model.h:183] Merging 6 and 5, because their BC is 0.370624
2025-03-16 03:22:59 INFO  ren0 [gaussian_mixture_model.h:200] components after the merge: 3, merged 10 component
2025-03-16 03:22:59 INFO  ren0 [gaussian_mixture_model.h:237] Ratio is 3.153026
2025-03-16 03:22:59 INFO  ren0 [gaussian_mixture_model.h:237] Ratio is 4.426514
2025-03-16 03:22:59 INFO  ren0 [gaussian_mixture_model.h:237] Ratio is 18.546259
2025-03-16 03:22:59 INFO  ren0 [gaussian_mixture_model.h:237] Ratio is 9.273129
2025-03-16 03:22:59 INFO  ren0 [gaussian_mixture_model.h:237] Ratio is 9.273129
2025-03-16 03:22:59 INFO  ren0 [gaussian_mixture_model.h:237] Ratio is 5.203908
2025-03-16 03:22:59 INFO  ren0 [gaussian_mixture_model.h:237] Ratio is 5.203908
2025-03-16 03:22:59 INFO  ren0 [gaussian_mixture_model.h:237] Ratio is 5.203908
2025-03-16 03:22:59 INFO  ren0 [gaussian_mixture_model.h:237] Ratio is 5.203908
2025-03-16 03:22:59 INFO  ren0 [gaussian_mixture_model.h:218] components after the split: 6, split 3 components
2025-03-16 03:22:59 INFO  ren0 [octree.h:482] root weight: 6.151e+04 (61507.832031)
2025-03-16 03:22:59 INFO  ren0 [octree.h:483] splitting threshold: 6.151e+01 (61.507835)
2025-03-16 03:22:59 INFO  ren0 [octree.h:482] root weight: 8.073e+03 (8072.999512)
2025-03-16 03:22:59 INFO  ren0 [octree.h:483] splitting threshold: 8.073e+00 (8.073000)
2025-03-16 03:22:59 INFO  ren0 [octree.h:498] node count: 472 -> 495 -> 470

2025-03-16 03:22:59 INFO  ren0 [octree.h:498] node count: 323 -> 326 -> 319

2025-03-16 03:22:59 INFO  ren0 [PMMFocalGuidingIntegrator] diverge probability: 0.116

2025-03-16 03:22:59 INFO  ren0 [PMMFocalGuidingIntegrator] iteration postprocessing time: 14.1530s
2025-03-16 03:22:59 INFO  ren0 [PMMFocalGuidingIntegrator] GMM[
weight = 0.0105207 mean = [-5.31746 0.743676 0.287223] covariance = [[0.456034 -0.0759184 0.0742228][-0.0759184 2.33627 -0.00856141][0.0742228 -0.00856141 2.08194]]
weight = 0.0105207 mean = [-5.10408 0.975546 5.20682] covariance = [[0.456034 -0.0759184 0.0742228][-0.0759184 2.33627 -0.00856141][0.0742228 -0.00856141 2.08194]]
weight = 0.0105207 mean = [-5.22908 0.83972 2.32499] covariance = [[0.456034 -0.0759184 0.0742228][-0.0759184 2.33627 -0.00856141][0.0742228 -0.00856141 2.08194]]
weight = 0.74146 mean = [-0.699715 3.65283 1.19197] covariance = [[7.76189 -0.254683 0.956722][-0.254683 5.00277 2.04827][0.956722 2.04827 13.4997]]
weight = 0.216457 mean = [-0.313825 1.23795 6.96866] covariance = [[9.4634 -0.26333 -0.491114][-0.26333 2.31827 0.546615][-0.491114 0.546615 3.95398]]
weight = 0.0105207 mean = [-5.19247 0.879502 3.16906] covariance = [[0.456034 -0.0759184 0.0742228][-0.0759184 2.33627 -0.00856141][0.0742228 -0.00856141 2.08194]]
]
2025-03-16 03:22:59 INFO  ren0 [PMMFocalGuidingIntegrator] Octree[
AABB: AABB3[min=[-6.3658, -1.5274, -4.73046], max=[5.27597, 8.04131, 10.0598]]
Nodes count: 470
]
2025-03-16 03:22:59 INFO  ren0 [PMMFocalGuidingIntegrator] Octree[
AABB: AABB3[min=[-6.3658, -1.5274, -4.73046], max=[5.27597, 8.04131, 10.0598]]
Nodes count: 319
]
2025-03-16 03:22:59 INFO  ren0 [PMMFocalGuidingIntegrator] Rendering 4 iteration
2025-03-16 03:22:59 INFO  ren0 [SamplingIntegrator] Starting render job (1280x720, 4 samples, 8 cores, SSE2 enabled) ..
2025-03-16 03:23:27 INFO  wrk1 [PMMFocalGuidingIntegrator] hit luminaire, value = [0, 0, 0]
2025-03-16 03:25:44 INFO  ren0 [PMMFocalGuidingIntegrator] iteration render time: 2.7595m
2025-03-16 03:25:45 INFO  ren0 [PMMFocalGuidingIntegrator] Got 103834 non-zero samples and 0 zero samples
2025-03-16 03:26:02 INFO  ren0 [gaussian_mixture_model.h:126] Components accumulated weight is: 1.000000
2025-03-16 03:26:02 INFO  ren0 [gaussian_mixture_model.h:173] exp(-dist) between 0 and 1 is 0.215159
2025-03-16 03:26:02 INFO  ren0 [gaussian_mixture_model.h:173] exp(-dist) between 0 and 2 is 0.755157
2025-03-16 03:26:02 INFO  ren0 [gaussian_mixture_model.h:173] exp(-dist) between 0 and 5 is 0.196606
2025-03-16 03:26:02 INFO  ren0 [gaussian_mixture_model.h:173] exp(-dist) between 0 and 6 is 0.040955
2025-03-16 03:26:02 INFO  ren0 [gaussian_mixture_model.h:173] exp(-dist) between 0 and 9 is 0.572485
2025-03-16 03:26:02 INFO  ren0 [gaussian_mixture_model.h:173] exp(-dist) between 1 and 2 is 0.596593
2025-03-16 03:26:02 INFO  ren0 [gaussian_mixture_model.h:173] exp(-dist) between 1 and 5 is 0.136700
2025-03-16 03:26:02 INFO  ren0 [gaussian_mixture_model.h:173] exp(-dist) between 1 and 6 is 0.312072
2025-03-16 03:26:02 INFO  ren0 [gaussian_mixture_model.h:173] exp(-dist) between 1 and 9 is 0.774298
2025-03-16 03:26:02 INFO  ren0 [gaussian_mixture_model.h:173] exp(-dist) between 2 and 5 is 0.193798
2025-03-16 03:26:02 INFO  ren0 [gaussian_mixture_model.h:173] exp(-dist) between 2 and 6 is 0.130873
2025-03-16 03:26:02 INFO  ren0 [gaussian_mixture_model.h:173] exp(-dist) between 2 and 9 is 0.954028
2025-03-16 03:26:02 INFO  ren0 [gaussian_mixture_model.h:173] exp(-dist) between 5 and 6 is 0.358908
2025-03-16 03:26:02 INFO  ren0 [gaussian_mixture_model.h:173] exp(-dist) between 5 and 9 is 0.180465
2025-03-16 03:26:02 INFO  ren0 [gaussian_mixture_model.h:173] exp(-dist) between 6 and 9 is 0.184117
2025-03-16 03:26:02 INFO  ren0 [gaussian_mixture_model.h:180] components before the merge: 6
2025-03-16 03:26:02 INFO  ren0 [gaussian_mixture_model.h:183] Merging 9 and 2, because their BC is 0.954028
2025-03-16 03:26:02 INFO  ren0 [gaussian_mixture_model.h:183] Merging 9 and 1, because their BC is 0.699305
2025-03-16 03:26:02 INFO  ren0 [gaussian_mixture_model.h:183] Merging 9 and 0, because their BC is 0.572124
2025-03-16 03:26:02 INFO  ren0 [gaussian_mixture_model.h:183] Merging 6 and 5, because their BC is 0.358908
2025-03-16 03:26:02 INFO  ren0 [gaussian_mixture_model.h:183] Merging 6 and 5, because their BC is 0.358908
2025-03-16 03:26:02 INFO  ren0 [gaussian_mixture_model.h:183] Merging 6 and 5, because their BC is 0.358908
2025-03-16 03:26:02 INFO  ren0 [gaussian_mixture_model.h:183] Merging 6 and 5, because their BC is 0.358908
2025-03-16 03:26:02 INFO  ren0 [gaussian_mixture_model.h:183] Merging 6 and 5, because their BC is 0.358908
2025-03-16 03:26:02 INFO  ren0 [gaussian_mixture_model.h:183] Merging 6 and 5, because their BC is 0.358908
2025-03-16 03:26:02 INFO  ren0 [gaussian_mixture_model.h:183] Merging 6 and 5, because their BC is 0.358908
2025-03-16 03:26:02 INFO  ren0 [gaussian_mixture_model.h:200] components after the merge: 3, merged 10 component
2025-03-16 03:26:02 INFO  ren0 [gaussian_mixture_model.h:237] Ratio is 3.174966
2025-03-16 03:26:02 INFO  ren0 [gaussian_mixture_model.h:237] Ratio is 4.297831
2025-03-16 03:26:02 INFO  ren0 [gaussian_mixture_model.h:237] Ratio is 14.036234
2025-03-16 03:26:02 INFO  ren0 [gaussian_mixture_model.h:237] Ratio is 7.018117
2025-03-16 03:26:02 INFO  ren0 [gaussian_mixture_model.h:237] Ratio is 7.018117
2025-03-16 03:26:02 INFO  ren0 [gaussian_mixture_model.h:237] Ratio is 5.097411
2025-03-16 03:26:02 INFO  ren0 [gaussian_mixture_model.h:237] Ratio is 5.097411
2025-03-16 03:26:02 INFO  ren0 [gaussian_mixture_model.h:237] Ratio is 5.097411
2025-03-16 03:26:02 INFO  ren0 [gaussian_mixture_model.h:237] Ratio is 5.097411
2025-03-16 03:26:02 INFO  ren0 [gaussian_mixture_model.h:218] components after the split: 6, split 3 components
2025-03-16 03:26:02 INFO  ren0 [octree.h:482] root weight: 6.635e+04 (66346.820312)
2025-03-16 03:26:02 INFO  ren0 [octree.h:483] splitting threshold: 6.635e+01 (66.346825)
2025-03-16 03:26:02 INFO  ren0 [octree.h:482] root weight: 8.160e+03 (8159.944824)
2025-03-16 03:26:02 INFO  ren0 [octree.h:483] splitting threshold: 8.160e+00 (8.159945)
2025-03-16 03:26:02 INFO  ren0 [octree.h:498] node count: 470 -> 490 -> 467

2025-03-16 03:26:02 INFO  ren0 [octree.h:498] node count: 319 -> 320 -> 318

2025-03-16 03:26:02 INFO  ren0 [PMMFocalGuidingIntegrator] diverge probability: 0.110

2025-03-16 03:26:02 INFO  ren0 [PMMFocalGuidingIntegrator] iteration postprocessing time: 17.7348s
2025-03-16 03:26:02 INFO  ren0 [PMMFocalGuidingIntegrator] GMM[
weight = 0.00991569 mean = [-5.18882 0.913446 3.15939] covariance = [[0.457304 -0.0815558 0.0482188][-0.0815558 2.29611 -0.0471658][0.0482188 -0.0471658 1.58699]]
weight = 0.00991569 mean = [-5.21649 0.861472 2.42415] covariance = [[0.457304 -0.0815558 0.0482188][-0.0815558 2.29611 -0.0471658][0.0482188 -0.0471658 1.58699]]
weight = 0.00991569 mean = [-5.12202 1.03892 4.93442] covariance = [[0.457304 -0.0815558 0.0482188][-0.0815558 2.29611 -0.0471658][0.0482188 -0.0471658 1.58699]]
weight = 0.744395 mean = [-0.702663 3.63967 1.14174] covariance = [[7.47417 -0.280405 1.00319][-0.280405 4.79187 1.88018][1.00319 1.88018 13.1492]]
weight = 0.215942 mean = [-0.394254 1.26528 7.03948] covariance = [[9.2023 -0.2066 -0.48003][-0.2066 2.31694 0.509947][-0.48003 0.509947 3.74322]]
weight = 0.00991569 mean = [-5.28328 0.735998 0.649119] covariance = [[0.457304 -0.0815558 0.0482188][-0.0815558 2.29611 -0.0471658][0.0482188 -0.0471658 1.58699]]
]
2025-03-16 03:26:02 INFO  ren0 [PMMFocalGuidingIntegrator] Octree[
AABB: AABB3[min=[-6.3658, -1.5274, -4.73046], max=[5.27597, 8.04131, 10.0598]]
Nodes count: 467
]
2025-03-16 03:26:02 INFO  ren0 [PMMFocalGuidingIntegrator] Octree[
AABB: AABB3[min=[-6.3658, -1.5274, -4.73046], max=[5.27597, 8.04131, 10.0598]]
Nodes count: 318
]
2025-03-16 03:26:02 INFO  ren0 [PMMFocalGuidingIntegrator] Rendering 5 iteration
2025-03-16 03:26:02 INFO  ren0 [SamplingIntegrator] Starting render job (1280x720, 4 samples, 8 cores, SSE2 enabled) ..
2025-03-16 03:26:07 INFO  wrk3 [PMMFocalGuidingIntegrator] hit luminaire, value = [0, 0, 0]
2025-03-16 03:26:08 INFO  wrk4 [PMMFocalGuidingIntegrator] hit luminaire, value = [0, 0, 0]
2025-03-16 03:26:09 INFO  wrk6 [PMMFocalGuidingIntegrator] hit luminaire, value = [0, 0, 0]
2025-03-16 03:26:19 INFO  wrk4 [PMMFocalGuidingIntegrator] hit luminaire, value = [0, 0, 0]
2025-03-16 03:26:19 INFO  wrk6 [PMMFocalGuidingIntegrator] hit luminaire, value = [1e+06, 1e+06, 1e+06]
2025-03-16 03:28:47 INFO  wrk5 [PMMFocalGuidingIntegrator] hit luminaire, value = [0, 0, 0]
2025-03-16 03:28:51 INFO  ren0 [PMMFocalGuidingIntegrator] iteration render time: 2.8057m
2025-03-16 03:28:51 INFO  ren0 [PMMFocalGuidingIntegrator] Got 124076 non-zero samples and 0 zero samples
2025-03-16 03:29:12 INFO  ren0 [gaussian_mixture_model.h:126] Components accumulated weight is: 1.000000
2025-03-16 03:29:12 INFO  ren0 [gaussian_mixture_model.h:173] exp(-dist) between 0 and 1 is 0.954853
2025-03-16 03:29:12 INFO  ren0 [gaussian_mixture_model.h:173] exp(-dist) between 0 and 2 is 0.775127
2025-03-16 03:29:12 INFO  ren0 [gaussian_mixture_model.h:173] exp(-dist) between 0 and 5 is 0.170444
2025-03-16 03:29:12 INFO  ren0 [gaussian_mixture_model.h:173] exp(-dist) between 0 and 6 is 0.162281
2025-03-16 03:29:12 INFO  ren0 [gaussian_mixture_model.h:173] exp(-dist) between 0 and 9 is 0.577418
2025-03-16 03:29:12 INFO  ren0 [gaussian_mixture_model.h:173] exp(-dist) between 1 and 2 is 0.597238
2025-03-16 03:29:12 INFO  ren0 [gaussian_mixture_model.h:173] exp(-dist) between 1 and 5 is 0.182298
2025-03-16 03:29:12 INFO  ren0 [gaussian_mixture_model.h:173] exp(-dist) between 1 and 6 is 0.116399
2025-03-16 03:29:12 INFO  ren0 [gaussian_mixture_model.h:173] exp(-dist) between 1 and 9 is 0.756466
2025-03-16 03:29:12 INFO  ren0 [gaussian_mixture_model.h:173] exp(-dist) between 2 and 5 is 0.132850
2025-03-16 03:29:12 INFO  ren0 [gaussian_mixture_model.h:173] exp(-dist) between 2 and 6 is 0.281053
2025-03-16 03:29:12 INFO  ren0 [gaussian_mixture_model.h:173] exp(-dist) between 2 and 9 is 0.217418
2025-03-16 03:29:12 INFO  ren0 [gaussian_mixture_model.h:173] exp(-dist) between 5 and 6 is 0.347380
2025-03-16 03:29:12 INFO  ren0 [gaussian_mixture_model.h:173] exp(-dist) between 5 and 9 is 0.187684
2025-03-16 03:29:12 INFO  ren0 [gaussian_mixture_model.h:173] exp(-dist) between 6 and 9 is 0.039549
2025-03-16 03:29:12 INFO  ren0 [gaussian_mixture_model.h:180] components before the merge: 6
2025-03-16 03:29:12 INFO  ren0 [gaussian_mixture_model.h:183] Merging 1 and 0, because their BC is 0.954853
2025-03-16 03:29:12 INFO  ren0 [gaussian_mixture_model.h:183] Merging 2 and 1, because their BC is 0.699814
2025-03-16 03:29:12 INFO  ren0 [gaussian_mixture_model.h:183] Merging 9 and 2, because their BC is 0.577104
2025-03-16 03:29:12 INFO  ren0 [gaussian_mixture_model.h:183] Merging 6 and 5, because their BC is 0.347380
2025-03-16 03:29:12 INFO  ren0 [gaussian_mixture_model.h:183] Merging 6 and 5, because their BC is 0.347380
2025-03-16 03:29:12 INFO  ren0 [gaussian_mixture_model.h:183] Merging 6 and 5, because their BC is 0.347380
2025-03-16 03:29:12 INFO  ren0 [gaussian_mixture_model.h:183] Merging 6 and 5, because their BC is 0.347380
2025-03-16 03:29:12 INFO  ren0 [gaussian_mixture_model.h:183] Merging 6 and 5, because their BC is 0.347380
2025-03-16 03:29:12 INFO  ren0 [gaussian_mixture_model.h:183] Merging 6 and 5, because their BC is 0.347380
2025-03-16 03:29:12 INFO  ren0 [gaussian_mixture_model.h:183] Merging 6 and 5, because their BC is 0.347380
2025-03-16 03:29:12 INFO  ren0 [gaussian_mixture_model.h:200] components after the merge: 3, merged 10 component
2025-03-16 03:29:12 INFO  ren0 [gaussian_mixture_model.h:237] Ratio is 3.182930
2025-03-16 03:29:12 INFO  ren0 [gaussian_mixture_model.h:237] Ratio is 4.216528
2025-03-16 03:29:12 INFO  ren0 [gaussian_mixture_model.h:237] Ratio is 10.190862
2025-03-16 03:29:12 INFO  ren0 [gaussian_mixture_model.h:237] Ratio is 5.095431
2025-03-16 03:29:12 INFO  ren0 [gaussian_mixture_model.h:237] Ratio is 5.095431
2025-03-16 03:29:12 INFO  ren0 [gaussian_mixture_model.h:218] components after the split: 4, split 1 components
2025-03-16 03:29:12 INFO  ren0 [octree.h:482] root weight: 6.746e+04 (67455.250000)
2025-03-16 03:29:12 INFO  ren0 [octree.h:483] splitting threshold: 6.746e+01 (67.455254)
2025-03-16 03:29:12 INFO  ren0 [octree.h:482] root weight: 8.244e+03 (8243.929688)
2025-03-16 03:29:12 INFO  ren0 [octree.h:483] splitting threshold: 8.244e+00 (8.243930)
2025-03-16 03:29:12 INFO  ren0 [octree.h:498] node count: 467 -> 480 -> 459

2025-03-16 03:29:12 INFO  ren0 [octree.h:498] node count: 318 -> 320 -> 315

2025-03-16 03:29:12 INFO  ren0 [PMMFocalGuidingIntegrator] diverge probability: 0.109

2025-03-16 03:29:12 INFO  ren0 [PMMFocalGuidingIntegrator] iteration postprocessing time: 21.0450s
2025-03-16 03:29:12 INFO  ren0 [PMMFocalGuidingIntegrator] GMM[
weight = 0.0183927 mean = [-5.161 1.04345 3.89793] covariance = [[0.466506 -0.0836748 0.0705266][-0.0836748 2.27183 0.0105284][0.0705266 0.0105284 2.34024]]
weight = 0.748219 mean = [-0.71454 3.61908 1.07643] covariance = [[7.26449 -0.26868 1.04197][-0.26868 4.61682 1.75174][1.04197 1.75174 12.7983]]
weight = 0.214996 mean = [-0.466482 1.29049 7.10157] covariance = [[9.08215 -0.17004 -0.440622][-0.17004 2.32268 0.474035][-0.440622 0.474035 3.57837]]
weight = 0.0183927 mean = [-5.23143 0.810298 1.74664] covariance = [[0.466506 -0.0836748 0.0705266][-0.0836748 2.27183 0.0105284][0.0705266 0.0105284 2.34024]]
]
2025-03-16 03:29:12 INFO  ren0 [PMMFocalGuidingIntegrator] Octree[
AABB: AABB3[min=[-6.3658, -1.5274, -4.73046], max=[5.27597, 8.04131, 10.0598]]
Nodes count: 459
]
2025-03-16 03:29:12 INFO  ren0 [PMMFocalGuidingIntegrator] Octree[
AABB: AABB3[min=[-6.3658, -1.5274, -4.73046], max=[5.27597, 8.04131, 10.0598]]
Nodes count: 315
]
2025-03-16 03:29:12 INFO  ren0 [PMMFocalGuidingIntegrator] Rendering 6 iteration
2025-03-16 03:29:12 INFO  ren0 [SamplingIntegrator] Starting render job (1280x720, 4 samples, 8 cores, SSE2 enabled) ..
2025-03-16 03:29:26 INFO  wrk1 [PMMFocalGuidingIntegrator] hit luminaire, value = [1e+06, 1e+06, 1e+06]
2025-03-16 03:30:06 INFO  wrk7 [PMMFocalGuidingIntegrator] hit luminaire, value = [0, 0, 0]
2025-03-16 03:31:26 INFO  wrk1 [PMMFocalGuidingIntegrator] hit luminaire, value = [1e+06, 1e+06, 1e+06]
2025-03-16 03:31:29 INFO  wrk4 [PMMFocalGuidingIntegrator] hit luminaire, value = [1e+06, 1e+06, 1e+06]
2025-03-16 03:31:55 INFO  wrk1 [PMMFocalGuidingIntegrator] hit luminaire, value = [1e+06, 1e+06, 1e+06]
2025-03-16 03:31:57 INFO  ren0 [PMMFocalGuidingIntegrator] iteration render time: 2.7533m
2025-03-16 03:31:57 INFO  ren0 [PMMFocalGuidingIntegrator] Got 144178 non-zero samples and 0 zero samples
2025-03-16 03:32:13 INFO  ren0 [gaussian_mixture_model.h:126] Components accumulated weight is: 1.000000
2025-03-16 03:32:13 INFO  ren0 [gaussian_mixture_model.h:173] exp(-dist) between 0 and 5 is 0.169587
2025-03-16 03:32:13 INFO  ren0 [gaussian_mixture_model.h:173] exp(-dist) between 0 and 6 is 0.237205
2025-03-16 03:32:13 INFO  ren0 [gaussian_mixture_model.h:173] exp(-dist) between 0 and 9 is 0.754479
2025-03-16 03:32:13 INFO  ren0 [gaussian_mixture_model.h:173] exp(-dist) between 5 and 6 is 0.337419
2025-03-16 03:32:13 INFO  ren0 [gaussian_mixture_model.h:173] exp(-dist) between 5 and 9 is 0.200509
2025-03-16 03:32:13 INFO  ren0 [gaussian_mixture_model.h:173] exp(-dist) between 6 and 9 is 0.098935
2025-03-16 03:32:13 INFO  ren0 [gaussian_mixture_model.h:180] components before the merge: 4
2025-03-16 03:32:13 INFO  ren0 [gaussian_mixture_model.h:183] Merging 9 and 0, because their BC is 0.754479
2025-03-16 03:32:13 INFO  ren0 [gaussian_mixture_model.h:183] Merging 6 and 5, because their BC is 0.337419
2025-03-16 03:32:13 INFO  ren0 [gaussian_mixture_model.h:183] Merging 6 and 5, because their BC is 0.337419
2025-03-16 03:32:13 INFO  ren0 [gaussian_mixture_model.h:183] Merging 6 and 5, because their BC is 0.337419
2025-03-16 03:32:13 INFO  ren0 [gaussian_mixture_model.h:183] Merging 6 and 5, because their BC is 0.337419
2025-03-16 03:32:13 INFO  ren0 [gaussian_mixture_model.h:183] Merging 6 and 5, because their BC is 0.337419
2025-03-16 03:32:13 INFO  ren0 [gaussian_mixture_model.h:183] Merging 6 and 5, because their BC is 0.337419
2025-03-16 03:32:13 INFO  ren0 [gaussian_mixture_model.h:183] Merging 6 and 5, because their BC is 0.337419
2025-03-16 03:32:13 INFO  ren0 [gaussian_mixture_model.h:183] Merging 6 and 5, because their BC is 0.337419
2025-03-16 03:32:13 INFO  ren0 [gaussian_mixture_model.h:183] Merging 6 and 5, because their BC is 0.337419
2025-03-16 03:32:13 INFO  ren0 [gaussian_mixture_model.h:200] components after the merge: 3, merged 10 component
2025-03-16 03:32:13 INFO  ren0 [gaussian_mixture_model.h:237] Ratio is 3.164146
2025-03-16 03:32:13 INFO  ren0 [gaussian_mixture_model.h:237] Ratio is 4.140521
2025-03-16 03:32:13 INFO  ren0 [gaussian_mixture_model.h:237] Ratio is 8.953872
2025-03-16 03:32:13 INFO  ren0 [gaussian_mixture_model.h:237] Ratio is 4.795583
2025-03-16 03:32:13 INFO  ren0 [gaussian_mixture_model.h:237] Ratio is 4.795583
2025-03-16 03:32:13 INFO  ren0 [gaussian_mixture_model.h:218] components after the split: 4, split 1 components
2025-03-16 03:32:13 INFO  ren0 [octree.h:482] root weight: 7.027e+04 (70272.945312)
2025-03-16 03:32:13 INFO  ren0 [octree.h:483] splitting threshold: 7.027e+01 (70.272949)
2025-03-16 03:32:13 INFO  ren0 [octree.h:482] root weight: 8.559e+03 (8558.687500)
2025-03-16 03:32:13 INFO  ren0 [octree.h:483] splitting threshold: 8.559e+00 (8.558688)
2025-03-16 03:32:13 INFO  ren0 [octree.h:498] node count: 459 -> 468 -> 452

2025-03-16 03:32:13 INFO  ren0 [octree.h:498] node count: 315 -> 317 -> 313

2025-03-16 03:32:13 INFO  ren0 [PMMFocalGuidingIntegrator] diverge probability: 0.109

2025-03-16 03:32:13 INFO  ren0 [PMMFocalGuidingIntegrator] iteration postprocessing time: 16.4173s
2025-03-16 03:32:13 INFO  ren0 [PMMFocalGuidingIntegrator] GMM[
weight = 0.0172912 mean = [-5.15892 1.09284 3.84442] covariance = [[0.475269 -0.096164 0.0605168][-0.096164 2.23539 -0.0177655][0.0605168 -0.0177655 2.09542]]
weight = 0.751194 mean = [-0.726183 3.59873 1.01293] covariance = [[7.08233 -0.25887 1.0226][-0.25887 4.49019 1.6431][1.0226 1.6431 12.475]]
weight = 0.214224 mean = [-0.504968 1.3085 7.14318] covariance = [[8.97722 -0.154547 -0.37878][-0.154547 2.33847 0.453201][-0.37878 0.453201 3.43715]]
weight = 0.0172912 mean = [-5.21705 0.797731 1.8199] covariance = [[0.475269 -0.096164 0.0605168][-0.096164 2.23539 -0.0177655][0.0605168 -0.0177655 2.09542]]
]
2025-03-16 03:32:13 INFO  ren0 [PMMFocalGuidingIntegrator] Octree[
AABB: AABB3[min=[-6.3658, -1.5274, -4.73046], max=[5.27597, 8.04131, 10.0598]]
Nodes count: 452
]
2025-03-16 03:32:13 INFO  ren0 [PMMFocalGuidingIntegrator] Octree[
AABB: AABB3[min=[-6.3658, -1.5274, -4.73046], max=[5.27597, 8.04131, 10.0598]]
Nodes count: 313
]
2025-03-16 03:32:13 INFO  ren0 [PMMFocalGuidingIntegrator] Rendering 7 iteration
2025-03-16 03:32:13 INFO  ren0 [SamplingIntegrator] Starting render job (1280x720, 4 samples, 8 cores, SSE2 enabled) ..
2025-03-16 03:32:42 INFO  wrk1 [PMMFocalGuidingIntegrator] hit luminaire, value = [0, 0, 0]
2025-03-16 03:33:26 INFO  wrk4 [PMMFocalGuidingIntegrator] hit luminaire, value = [0, 0, 0]
2025-03-16 03:33:49 INFO  wrk4 [PMMFocalGuidingIntegrator] hit luminaire, value = [1e+06, 1e+06, 1e+06]
2025-03-16 03:34:58 INFO  ren0 [PMMFocalGuidingIntegrator] iteration render time: 2.7391m
2025-03-16 03:34:58 INFO  ren0 [PMMFocalGuidingIntegrator] Got 161451 non-zero samples and 0 zero samples
2025-03-16 03:35:16 INFO  ren0 [gaussian_mixture_model.h:126] Components accumulated weight is: 1.000000
2025-03-16 03:35:16 INFO  ren0 [gaussian_mixture_model.h:173] exp(-dist) between 0 and 5 is 0.166129
2025-03-16 03:35:16 INFO  ren0 [gaussian_mixture_model.h:173] exp(-dist) between 0 and 6 is 0.225672
2025-03-16 03:35:16 INFO  ren0 [gaussian_mixture_model.h:173] exp(-dist) between 0 and 9 is 0.755361
2025-03-16 03:35:16 INFO  ren0 [gaussian_mixture_model.h:173] exp(-dist) between 5 and 6 is 0.328391
2025-03-16 03:35:16 INFO  ren0 [gaussian_mixture_model.h:173] exp(-dist) between 5 and 9 is 0.194269
2025-03-16 03:35:16 INFO  ren0 [gaussian_mixture_model.h:173] exp(-dist) between 6 and 9 is 0.094816
2025-03-16 03:35:16 INFO  ren0 [gaussian_mixture_model.h:180] components before the merge: 4
2025-03-16 03:35:16 INFO  ren0 [gaussian_mixture_model.h:183] Merging 9 and 0, because their BC is 0.755361
2025-03-16 03:35:16 INFO  ren0 [gaussian_mixture_model.h:183] Merging 6 and 5, because their BC is 0.328391
2025-03-16 03:35:16 INFO  ren0 [gaussian_mixture_model.h:183] Merging 6 and 5, because their BC is 0.328391
2025-03-16 03:35:16 INFO  ren0 [gaussian_mixture_model.h:183] Merging 6 and 5, because their BC is 0.328391
2025-03-16 03:35:16 INFO  ren0 [gaussian_mixture_model.h:183] Merging 6 and 5, because their BC is 0.328391
2025-03-16 03:35:16 INFO  ren0 [gaussian_mixture_model.h:183] Merging 6 and 5, because their BC is 0.328391
2025-03-16 03:35:16 INFO  ren0 [gaussian_mixture_model.h:183] Merging 6 and 5, because their BC is 0.328391
2025-03-16 03:35:16 INFO  ren0 [gaussian_mixture_model.h:183] Merging 6 and 5, because their BC is 0.328391
2025-03-16 03:35:16 INFO  ren0 [gaussian_mixture_model.h:183] Merging 6 and 5, because their BC is 0.328391
2025-03-16 03:35:16 INFO  ren0 [gaussian_mixture_model.h:183] Merging 6 and 5, because their BC is 0.328391
2025-03-16 03:35:16 INFO  ren0 [gaussian_mixture_model.h:200] components after the merge: 3, merged 10 component
2025-03-16 03:35:16 INFO  ren0 [gaussian_mixture_model.h:237] Ratio is 3.153097
2025-03-16 03:35:16 INFO  ren0 [gaussian_mixture_model.h:237] Ratio is 4.097393
2025-03-16 03:35:16 INFO  ren0 [gaussian_mixture_model.h:237] Ratio is 7.811836
2025-03-16 03:35:16 INFO  ren0 [gaussian_mixture_model.h:237] Ratio is 4.632545
2025-03-16 03:35:16 INFO  ren0 [gaussian_mixture_model.h:237] Ratio is 4.632545
2025-03-16 03:35:16 INFO  ren0 [gaussian_mixture_model.h:218] components after the split: 4, split 1 components
2025-03-16 03:35:16 INFO  ren0 [octree.h:482] root weight: 6.300e+04 (62998.578125)
2025-03-16 03:35:16 INFO  ren0 [octree.h:483] splitting threshold: 6.300e+01 (62.998581)
2025-03-16 03:35:16 INFO  ren0 [octree.h:482] root weight: 8.904e+03 (8903.821289)
2025-03-16 03:35:16 INFO  ren0 [octree.h:483] splitting threshold: 8.904e+00 (8.903822)
2025-03-16 03:35:16 INFO  ren0 [octree.h:498] node count: 452 -> 464 -> 448

2025-03-16 03:35:16 INFO  ren0 [octree.h:498] node count: 313 -> 316 -> 316

2025-03-16 03:35:16 INFO  ren0 [PMMFocalGuidingIntegrator] diverge probability: 0.124

2025-03-16 03:35:16 INFO  ren0 [PMMFocalGuidingIntegrator] iteration postprocessing time: 18.2932s
2025-03-16 03:35:16 INFO  ren0 [PMMFocalGuidingIntegrator] GMM[
weight = 0.016383 mean = [-5.20663 0.789223 1.89649] covariance = [[0.483945 -0.106372 0.0547866][-0.106372 2.18669 -0.0519779][0.0547866 -0.0519779 1.8641]]
weight = 0.753146 mean = [-0.734129 3.57972 0.951751] covariance = [[6.93265 -0.237949 1.02377][-0.237949 4.3772 1.5496][1.02377 1.5496 12.2097]]
weight = 0.214088 mean = [-0.523377 1.32265 7.17176] covariance = [[8.91676 -0.14361 -0.313259][-0.14361 2.35206 0.438981][-0.313259 0.438981 3.31191]]
weight = 0.016383 mean = [-5.15529 1.10533 3.79684] covariance = [[0.483945 -0.106372 0.0547866][-0.106372 2.18669 -0.0519779][0.0547866 -0.0519779 1.8641]]
]
2025-03-16 03:35:16 INFO  ren0 [PMMFocalGuidingIntegrator] Octree[
AABB: AABB3[min=[-6.3658, -1.5274, -4.73046], max=[5.27597, 8.04131, 10.0598]]
Nodes count: 448
]
2025-03-16 03:35:16 INFO  ren0 [PMMFocalGuidingIntegrator] Octree[
AABB: AABB3[min=[-6.3658, -1.5274, -4.73046], max=[5.27597, 8.04131, 10.0598]]
Nodes count: 316
]
2025-03-16 03:35:16 INFO  ren0 [PMMFocalGuidingIntegrator] Finished training phase. Starting real rendering.
2025-03-16 03:35:16 INFO  ren0 [PMMFocalGuidingIntegrator] final guiding field written to ../scenes/dining-room/final_gmm.serialized
2025-03-16 03:35:16 INFO  ren0 [PMMFocalGuidingIntegrator] Starting render job (1280x720, 4 samples, 8 cores, SSE2 enabled) ..
2025-03-16 03:36:55 INFO  wrk0 [PMMFocalGuidingIntegrator] hit luminaire, value = [0, 0, 0]
2025-03-16 03:37:51 INFO  ren0 [PMMFocalGuidingIntegrator] rendered 4 samples per pixel in 2.5872m.
2025-03-16 03:37:51 INFO  ren0 [RenderJob] Render time: 24.6875m
2025-03-16 03:37:51 INFO  ren0 [PMMFocalGuidingIntegrator] iteration render time: 2.5873m
2025-03-16 03:37:51 INFO  ren0 [PMMFocalGuidingIntegrator] GMM[
weight = 0.016383 mean = [-5.20663 0.789223 1.89649] covariance = [[0.483945 -0.106372 0.0547866][-0.106372 2.18669 -0.0519779][0.0547866 -0.0519779 1.8641]]
weight = 0.753146 mean = [-0.734129 3.57972 0.951751] covariance = [[6.93265 -0.237949 1.02377][-0.237949 4.3772 1.5496][1.02377 1.5496 12.2097]]
weight = 0.214088 mean = [-0.523377 1.32265 7.17176] covariance = [[8.91676 -0.14361 -0.313259][-0.14361 2.35206 0.438981][-0.313259 0.438981 3.31191]]
weight = 0.016383 mean = [-5.15529 1.10533 3.79684] covariance = [[0.483945 -0.106372 0.0547866][-0.106372 2.18669 -0.0519779][0.0547866 -0.0519779 1.8641]]
]
2025-03-16 03:37:51 INFO  ren0 [HDRFilm] Writing image to "/home/julia/PBRT/PMM_focal_guiding/mitsuba/dist/../../scenes/dining-room/dining-room.exr" ..
2025-03-16 03:37:51 INFO  main [statistics.cpp:142] Statistics:
------------------------------------------------------------
 * Loaded plugins :
    -  plugins/area.so [Area light]
    -  plugins/bitmap.so [Bitmap texture]
    -  plugins/box.so [Box filter]
    -  plugins/conductor.so [Smooth conductor]
    -  plugins/diffuse.so [Smooth diffuse BRDF]
    -  plugins/disk.so [Disk intersection primitive]
    -  plugins/hdrfilm.so [High dynamic range film]
    -  plugins/independent.so [Independent sampler]
    -  plugins/lanczos.so [Lanczos Sinc filter]
    -  plugins/obj.so [OBJ triangle mesh loader]
    -  plugins/perspective.so [Perspective camera]
    -  plugins/ply.so [PLY mesh loader]
    -  plugins/pmm_focal_guiding.so [PMM focal guiding path tracer]
    -  plugins/rectangle.so [Rectangle intersection primitive]
    -  plugins/roughconductor.so [Rough conductor BRDF]
    -  plugins/roughplastic.so [Rough plastic BRDF]
    -  plugins/twosided.so [Two-sided BRDF adapter]

  * General :
    -  Normal rays traced : 22.973 M
    -  Shadow rays traced : 8.009 M

  * Path tracer :
    -  Average path length : 6.11 (22.51 M / 3.69 M)
    -  Sampled from Converging : 9.309 M
    -  Sampled from Diverging : 1.316 M
    -  Sampled from GMM : 10.625 M

  * Texture system :
    -  Filtered texture lookups : 14.54 % (472.76 K of 3.25 M)
------------------------------------------------------------
