2025-04-13 20:55:11 INFO  main [mitsuba.cpp:274] Mitsuba version 0.6.0 (Linux, 64 bit), Copyright (c) 2017 Wenzel Jakob
2025-04-13 20:55:11 INFO  main [mitsuba.cpp:377] Parsing scene description from "../scenes/living-room/living-room.xml" ..
2025-04-13 20:55:11 INFO  main [scenehandler.cpp:675] In file "/home/julia/PBRT/PMM_focal_guiding/mitsuba/../scenes/living-room/living-room.xml" (near line 17): Parsing included file "pmm_focal_guiding.xml" ..
2025-04-13 20:55:11 INFO  main [PluginManager] Loading plugin "plugins/pmm_focal_guiding.so" ..
2025-04-13 20:55:11 INFO  main [octree.h:501] root weight: 8.000e-20 (0.000000)
2025-04-13 20:55:11 INFO  main [octree.h:502] splitting threshold: 8.000e-23 (0.000000)
2025-04-13 20:55:11 INFO  main [octree.h:517] node count: 1 -> 585 -> 585

2025-04-13 20:55:11 INFO  main [octree.h:501] root weight: 8.000e-20 (0.000000)
2025-04-13 20:55:11 INFO  main [octree.h:502] splitting threshold: 8.000e-23 (0.000000)
2025-04-13 20:55:11 INFO  main [octree.h:517] node count: 1 -> 585 -> 585

2025-04-13 20:55:11 INFO  main [PMMFocalGuidingIntegrator] Saving to: 
2025-04-13 20:55:11 INFO  main [PMMFocalGuidingIntegrator] GMM params: alpha = 1.000000, split_th = 4.000000, merge_th = 0.500000, min_num_comp = 3, max_num_comp = 20, init = Random
2025-04-13 20:55:11 INFO  main [PMMFocalGuidingIntegrator] iterationCount: 8
2025-04-13 20:55:11 INFO  main [PMMFocalGuidingIntegrator] PMMFocalGuidingIntegrator
  maxDepth = 40,
  rrDepth = 14,
  strictNormals = 1
  gmm = GMM[
]
]
2025-04-13 20:55:11 WARN  main [scenehandler.cpp:795] In file "/home/julia/PBRT/PMM_focal_guiding/mitsuba/../scenes/living-room/../_integrators/pmm_focal_guiding.xml" (near line 49): Unqueried attribute "budget" in element "integrator"
2025-04-13 20:55:11 WARN  main [scenehandler.cpp:795] In file "/home/julia/PBRT/PMM_focal_guiding/mitsuba/../scenes/living-room/../_integrators/pmm_focal_guiding.xml" (near line 49): Unqueried attribute "dumpPrimaryRays" in element "integrator"
2025-04-13 20:55:11 WARN  main [scenehandler.cpp:795] In file "/home/julia/PBRT/PMM_focal_guiding/mitsuba/../scenes/living-room/../_integrators/pmm_focal_guiding.xml" (near line 49): Unqueried attribute "dumpScene" in element "integrator"
2025-04-13 20:55:11 WARN  main [scenehandler.cpp:795] In file "/home/julia/PBRT/PMM_focal_guiding/mitsuba/../scenes/living-room/../_integrators/pmm_focal_guiding.xml" (near line 49): Unqueried attribute "normalBinning" in element "integrator"
2025-04-13 20:55:11 WARN  main [scenehandler.cpp:795] In file "/home/julia/PBRT/PMM_focal_guiding/mitsuba/../scenes/living-room/../_integrators/pmm_focal_guiding.xml" (near line 49): Unqueried attribute "samplingMode" in element "integrator"
2025-04-13 20:55:11 WARN  main [scenehandler.cpp:795] In file "/home/julia/PBRT/PMM_focal_guiding/mitsuba/../scenes/living-room/../_integrators/pmm_focal_guiding.xml" (near line 49): Unqueried attribute "unboundedSplatting" in element "integrator"
2025-04-13 20:55:11 INFO  main [PluginManager] Loading plugin "plugins/independent.so" ..
2025-04-13 20:55:11 INFO  main [PluginManager] Loading plugin "plugins/box.so" ..
2025-04-13 20:55:11 INFO  main [PluginManager] Loading plugin "plugins/hdrfilm.so" ..
2025-04-13 20:55:11 INFO  main [PluginManager] Loading plugin "plugins/perspective.so" ..
2025-04-13 20:55:11 INFO  main [PluginManager] Loading plugin "plugins/bitmap.so" ..
2025-04-13 20:55:11 INFO  main [BitmapTexture] Loading texture "radio-dial-idea.jpg"
2025-04-13 20:55:11 INFO  main [PluginManager] Loading plugin "plugins/lanczos.so" ..
2025-04-13 20:55:11 INFO  main [PluginManager] Loading plugin "plugins/diffuse.so" ..
2025-04-13 20:55:11 INFO  main [PluginManager] Loading plugin "plugins/twosided.so" ..
2025-04-13 20:55:11 INFO  main [BitmapTexture] Loading texture "wood4.jpg"
2025-04-13 20:55:11 INFO  main [MIPMap] Mapped MIP map cache file "/home/julia/PBRT/PMM_focal_guiding/mitsuba/../scenes/living-room/textures/wood4.mip" into memory (14.3 MiB).
2025-04-13 20:55:11 INFO  main [PluginManager] Loading plugin "plugins/roughplastic.so" ..
2025-04-13 20:55:11 INFO  main [BitmapTexture] Loading texture "cushion-purple-yellow-stripe.jpg"
2025-04-13 20:55:11 INFO  main [BitmapTexture] Loading texture "cushion-green-circles.jpg"
2025-04-13 20:55:11 INFO  main [BitmapTexture] Loading texture "cushion-stripe-purple.jpg"
2025-04-13 20:55:11 INFO  main [BitmapTexture] Loading texture "shade-stripes.jpg"
2025-04-13 20:55:11 INFO  main [PluginManager] Loading plugin "plugins/plastic.so" ..
2025-04-13 20:55:11 INFO  main [BitmapTexture] Loading texture "apple.jpg"
2025-04-13 20:55:11 INFO  main [BitmapTexture] Loading texture "book-spines.jpg"
2025-04-13 20:55:11 INFO  main [MIPMap] Mapped MIP map cache file "/home/julia/PBRT/PMM_focal_guiding/mitsuba/../scenes/living-room/textures/book-spines.mip" into memory (11.7 MiB).
2025-04-13 20:55:11 INFO  main [PluginManager] Loading plugin "plugins/roughdielectric.so" ..
2025-04-13 20:55:11 INFO  main [PluginManager] Loading plugin "plugins/dielectric.so" ..
2025-04-13 20:55:11 INFO  main [PluginManager] Loading plugin "plugins/roughconductor.so" ..
2025-04-13 20:55:11 INFO  main [spectrum.cpp:599] "Cu.eta.spd": loaded a spectral power distribution with 55 entries (between 302.400421 and 885.601257 nm)
2025-04-13 20:55:11 INFO  main [spectrum.cpp:599] "Cu.k.spd": loaded a spectral power distribution with 55 entries (between 302.400421 and 885.601257 nm)
2025-04-13 20:55:11 INFO  main [BitmapTexture] Loading texture "Shade-paper.jpg"
2025-04-13 20:55:11 INFO  main [PluginManager] Loading plugin "plugins/mask.so" ..
2025-04-13 20:55:11 INFO  main [BitmapTexture] Loading texture "carpet-text3b.jpg"
2025-04-13 20:55:11 INFO  main [BitmapTexture] Loading texture "picture11-vert.jpg"
2025-04-13 20:55:11 INFO  main [MIPMap] Mapped MIP map cache file "/home/julia/PBRT/PMM_focal_guiding/mitsuba/../scenes/living-room/textures/picture11-vert.mip" into memory (18.8 MiB).
2025-04-13 20:55:11 INFO  main [BitmapTexture] Loading texture "Frame.jpg"
2025-04-13 20:55:12 INFO  main [BitmapTexture] Loading texture "Frame.jpg"
2025-04-13 20:55:12 INFO  main [BitmapTexture] Loading texture "Frame.jpg"
2025-04-13 20:55:12 INFO  main [BitmapTexture] Loading texture "Frame.jpg"
2025-04-13 20:55:12 INFO  main [BitmapTexture] Loading texture "picure4-grey.jpg"
2025-04-13 20:55:12 INFO  main [MIPMap] Mapped MIP map cache file "/home/julia/PBRT/PMM_focal_guiding/mitsuba/../scenes/living-room/textures/picure4-grey.mip" into memory (15.8 MiB).
2025-04-13 20:55:12 INFO  main [spectrum.cpp:599] "Cu.eta.spd": loaded a spectral power distribution with 55 entries (between 302.400421 and 885.601257 nm)
2025-04-13 20:55:12 INFO  main [spectrum.cpp:599] "Cu.k.spd": loaded a spectral power distribution with 55 entries (between 302.400421 and 885.601257 nm)
2025-04-13 20:55:12 INFO  main [PluginManager] Loading plugin "plugins/thindielectric.so" ..
2025-04-13 20:55:12 INFO  main [PluginManager] Loading plugin "plugins/conductor.so" ..
2025-04-13 20:55:12 INFO  main [spectrum.cpp:599] "Cu.eta.spd": loaded a spectral power distribution with 55 entries (between 302.400421 and 885.601257 nm)
2025-04-13 20:55:12 INFO  main [spectrum.cpp:599] "Cu.k.spd": loaded a spectral power distribution with 55 entries (between 302.400421 and 885.601257 nm)
2025-04-13 20:55:12 INFO  main [spectrum.cpp:599] "Cu.eta.spd": loaded a spectral power distribution with 55 entries (between 302.400421 and 885.601257 nm)
2025-04-13 20:55:12 INFO  main [spectrum.cpp:599] "Cu.k.spd": loaded a spectral power distribution with 55 entries (between 302.400421 and 885.601257 nm)
2025-04-13 20:55:12 INFO  main [spectrum.cpp:599] "Cu.eta.spd": loaded a spectral power distribution with 55 entries (between 302.400421 and 885.601257 nm)
2025-04-13 20:55:12 INFO  main [spectrum.cpp:599] "Cu.k.spd": loaded a spectral power distribution with 55 entries (between 302.400421 and 885.601257 nm)
2025-04-13 20:55:12 INFO  main [spectrum.cpp:599] "Cu.eta.spd": loaded a spectral power distribution with 55 entries (between 302.400421 and 885.601257 nm)
2025-04-13 20:55:12 INFO  main [spectrum.cpp:599] "Cu.k.spd": loaded a spectral power distribution with 55 entries (between 302.400421 and 885.601257 nm)
2025-04-13 20:55:12 INFO  main [BitmapTexture] Loading texture "radio-dial-idea.jpg"
2025-04-13 20:55:12 INFO  main [spectrum.cpp:599] "Cu.eta.spd": loaded a spectral power distribution with 55 entries (between 302.400421 and 885.601257 nm)
2025-04-13 20:55:12 INFO  main [spectrum.cpp:599] "Cu.k.spd": loaded a spectral power distribution with 55 entries (between 302.400421 and 885.601257 nm)
2025-04-13 20:55:12 INFO  main [PluginManager] Loading plugin "plugins/spot.so" ..
2025-04-13 20:55:12 INFO  main [PluginManager] Loading plugin "plugins/ply.so" ..
2025-04-13 20:55:12 INFO  main [PLYLoader] Loading geometry from "Emitter.ply" ..
2025-04-13 20:55:12 INFO  main [PLYLoader] "Emitter": Loaded 1376 triangles, 758 vertices (39.8 KiB in 3 ms).
2025-04-13 20:55:12 INFO  main [PLYLoader] Loading geometry from "Emitter_001.ply" ..
2025-04-13 20:55:12 INFO  main [PLYLoader] "Emitter_001": Loaded 1376 triangles, 758 vertices (39.8 KiB in 3 ms).
2025-04-13 20:55:12 INFO  main [PLYLoader] Loading geometry from "Emitter_002.ply" ..
2025-04-13 20:55:12 INFO  main [PLYLoader] "Emitter_002": Loaded 1376 triangles, 758 vertices (39.8 KiB in 2 ms).
2025-04-13 20:55:12 INFO  main [PLYLoader] Loading geometry from "Emitter_004.ply" ..
2025-04-13 20:55:12 INFO  main [PLYLoader] "Emitter_004": Loaded 1376 triangles, 758 vertices (39.8 KiB in 1 ms).
2025-04-13 20:55:12 INFO  main [PLYLoader] Loading geometry from "Emitter_003.ply" ..
2025-04-13 20:55:12 INFO  main [PLYLoader] "Emitter_003": Loaded 1376 triangles, 758 vertices (39.8 KiB in 1 ms).
2025-04-13 20:55:12 INFO  main [PluginManager] Loading plugin "plugins/obj.so" ..
2025-04-13 20:55:12 INFO  main [WavefrontOBJ] Loading geometry from "Mesh138.obj" ..
2025-04-13 20:55:12 INFO  main [WavefrontOBJ] Mesh138: 896 triangles, 464 vertices (merged 2224 vertices).
2025-04-13 20:55:12 INFO  main [WavefrontOBJ] Done with "Mesh138.obj" (took 7 ms)
2025-04-13 20:55:12 INFO  main [PluginManager] Loading plugin "plugins/rectangle.so" ..
2025-04-13 20:55:12 INFO  main [WavefrontOBJ] Loading geometry from "Mesh113.obj" ..
2025-04-13 20:55:12 INFO  main [WavefrontOBJ] Mesh113: 1104 triangles, 554 vertices (merged 2758 vertices).
2025-04-13 20:55:12 INFO  main [WavefrontOBJ] Done with "Mesh113.obj" (took 6 ms)
2025-04-13 20:55:12 INFO  main [WavefrontOBJ] Loading geometry from "Mesh087.obj" ..
2025-04-13 20:55:12 INFO  main [WavefrontOBJ] Mesh087: 1200 triangles, 602 vertices (merged 2998 vertices).
2025-04-13 20:55:12 INFO  main [WavefrontOBJ] Done with "Mesh087.obj" (took 8 ms)
2025-04-13 20:55:12 INFO  main [WavefrontOBJ] Loading geometry from "Mesh110.obj" ..
2025-04-13 20:55:12 INFO  main [WavefrontOBJ] Mesh110: 1296 triangles, 650 vertices (merged 3238 vertices).
2025-04-13 20:55:12 INFO  main [WavefrontOBJ] Done with "Mesh110.obj" (took 8 ms)
2025-04-13 20:55:12 INFO  main [WavefrontOBJ] Loading geometry from "Mesh128.obj" ..
2025-04-13 20:55:12 INFO  main [WavefrontOBJ] Mesh128: 76 triangles, 126 vertices (merged 102 vertices).
2025-04-13 20:55:12 INFO  main [WavefrontOBJ] Done with "Mesh128.obj" (took 0 ms)
2025-04-13 20:55:12 INFO  main [WavefrontOBJ] Loading geometry from "Mesh095.obj" ..
2025-04-13 20:55:12 INFO  main [WavefrontOBJ] Mesh095: 768 triangles, 429 vertices (merged 1875 vertices).
2025-04-13 20:55:12 INFO  main [WavefrontOBJ] Done with "Mesh095.obj" (took 4 ms)
2025-04-13 20:55:12 INFO  main [WavefrontOBJ] Loading geometry from "Mesh076.obj" ..
2025-04-13 20:55:12 INFO  main [WavefrontOBJ] Mesh076: 1248 triangles, 682 vertices (merged 3062 vertices).
2025-04-13 20:55:12 INFO  main [WavefrontOBJ] Done with "Mesh076.obj" (took 7 ms)
2025-04-13 20:55:12 INFO  main [WavefrontOBJ] Loading geometry from "Mesh108.obj" ..
2025-04-13 20:55:12 INFO  main [WavefrontOBJ] Mesh108: 1248 triangles, 682 vertices (merged 3062 vertices).
2025-04-13 20:55:12 INFO  main [WavefrontOBJ] Done with "Mesh108.obj" (took 7 ms)
2025-04-13 20:55:12 INFO  main [WavefrontOBJ] Loading geometry from "Mesh080.obj" ..
2025-04-13 20:55:12 INFO  main [WavefrontOBJ] Mesh080: 1248 triangles, 682 vertices (merged 3062 vertices).
2025-04-13 20:55:12 INFO  main [WavefrontOBJ] Done with "Mesh080.obj" (took 7 ms)
2025-04-13 20:55:12 INFO  main [WavefrontOBJ] Loading geometry from "Mesh166.obj" ..
2025-04-13 20:55:12 INFO  main [WavefrontOBJ] Mesh166: 1248 triangles, 682 vertices (merged 3062 vertices).
2025-04-13 20:55:12 INFO  main [WavefrontOBJ] Done with "Mesh166.obj" (took 7 ms)
2025-04-13 20:55:12 INFO  main [WavefrontOBJ] Loading geometry from "Mesh088.obj" ..
2025-04-13 20:55:12 INFO  main [WavefrontOBJ] Mesh088: 4224 triangles, 2114 vertices (merged 10558 vertices).
2025-04-13 20:55:12 INFO  main [WavefrontOBJ] Done with "Mesh088.obj" (took 24 ms)
2025-04-13 20:55:12 INFO  main [WavefrontOBJ] Loading geometry from "Mesh059.obj" ..
2025-04-13 20:55:12 INFO  main [WavefrontOBJ] Mesh059: 16 triangles, 20 vertices (merged 28 vertices).
2025-04-13 20:55:12 INFO  main [WavefrontOBJ] Done with "Mesh059.obj" (took 0 ms)
2025-04-13 20:55:12 INFO  main [WavefrontOBJ] Loading geometry from "Mesh073.obj" ..
2025-04-13 20:55:12 INFO  main [WavefrontOBJ] Mesh073: 44 triangles, 96 vertices (merged 36 vertices).
2025-04-13 20:55:12 INFO  main [WavefrontOBJ] Done with "Mesh073.obj" (took 0 ms)
2025-04-13 20:55:12 INFO  main [WavefrontOBJ] Loading geometry from "Mesh099.obj" ..
2025-04-13 20:55:12 INFO  main [WavefrontOBJ] Mesh099: 44 triangles, 96 vertices (merged 36 vertices).
2025-04-13 20:55:12 INFO  main [WavefrontOBJ] Done with "Mesh099.obj" (took 0 ms)
2025-04-13 20:55:12 INFO  main [WavefrontOBJ] Loading geometry from "Mesh103.obj" ..
2025-04-13 20:55:12 INFO  main [WavefrontOBJ] Mesh103: 44 triangles, 96 vertices (merged 36 vertices).
2025-04-13 20:55:12 INFO  main [WavefrontOBJ] Done with "Mesh103.obj" (took 0 ms)
2025-04-13 20:55:12 INFO  main [WavefrontOBJ] Loading geometry from "Mesh155.obj" ..
2025-04-13 20:55:12 INFO  main [WavefrontOBJ] Mesh155: 44 triangles, 96 vertices (merged 36 vertices).
2025-04-13 20:55:12 INFO  main [WavefrontOBJ] Done with "Mesh155.obj" (took 0 ms)
2025-04-13 20:55:12 INFO  main [WavefrontOBJ] Loading geometry from "Mesh065.obj" ..
2025-04-13 20:55:12 INFO  main [WavefrontOBJ] Mesh065: 44 triangles, 96 vertices (merged 36 vertices).
2025-04-13 20:55:12 INFO  main [WavefrontOBJ] Done with "Mesh065.obj" (took 0 ms)
2025-04-13 20:55:12 INFO  main [WavefrontOBJ] Loading geometry from "Mesh069.obj" ..
2025-04-13 20:55:12 INFO  main [WavefrontOBJ] Mesh069: 736 triangles, 790 vertices (merged 1418 vertices).
2025-04-13 20:55:12 INFO  main [WavefrontOBJ] Done with "Mesh069.obj" (took 5 ms)
2025-04-13 20:55:12 INFO  main [WavefrontOBJ] Loading geometry from "Mesh090.obj" ..
2025-04-13 20:55:12 INFO  main [WavefrontOBJ] Mesh090: 684 triangles, 808 vertices (merged 1244 vertices).
2025-04-13 20:55:12 INFO  main [WavefrontOBJ] Done with "Mesh090.obj" (took 6 ms)
2025-04-13 20:55:12 INFO  main [WavefrontOBJ] Loading geometry from "Mesh063.obj" ..
2025-04-13 20:55:12 INFO  main [WavefrontOBJ] Mesh063: 704 triangles, 704 vertices (merged 1408 vertices).
2025-04-13 20:55:12 INFO  main [WavefrontOBJ] Done with "Mesh063.obj" (took 6 ms)
2025-04-13 20:55:12 INFO  main [WavefrontOBJ] Loading geometry from "Mesh062.obj" ..
2025-04-13 20:55:12 INFO  main [WavefrontOBJ] Mesh062: 844 triangles, 908 vertices (merged 1624 vertices).
2025-04-13 20:55:12 INFO  main [WavefrontOBJ] Done with "Mesh062.obj" (took 6 ms)
2025-04-13 20:55:12 INFO  main [WavefrontOBJ] Loading geometry from "Mesh068.obj" ..
2025-04-13 20:55:12 INFO  main [WavefrontOBJ] Mesh068: 2 triangles, 4 vertices (merged 2 vertices).
2025-04-13 20:55:12 INFO  main [WavefrontOBJ] Done with "Mesh068.obj" (took 0 ms)
2025-04-13 20:55:12 INFO  main [WavefrontOBJ] Loading geometry from "Mesh131.obj" ..
2025-04-13 20:55:12 INFO  main [WavefrontOBJ] Mesh131: 128 triangles, 256 vertices (merged 128 vertices).
2025-04-13 20:55:12 INFO  main [WavefrontOBJ] Done with "Mesh131.obj" (took 2 ms)
2025-04-13 20:55:12 INFO  main [WavefrontOBJ] Loading geometry from "Mesh098.obj" ..
2025-04-13 20:55:12 INFO  main [WavefrontOBJ] Mesh098: 128 triangles, 256 vertices (merged 128 vertices).
2025-04-13 20:55:12 INFO  main [WavefrontOBJ] Done with "Mesh098.obj" (took 1 ms)
2025-04-13 20:55:12 INFO  main [WavefrontOBJ] Loading geometry from "Mesh056.obj" ..
2025-04-13 20:55:12 INFO  main [WavefrontOBJ] Mesh056: 2 triangles, 4 vertices (merged 2 vertices).
2025-04-13 20:55:12 INFO  main [WavefrontOBJ] Done with "Mesh056.obj" (took 0 ms)
2025-04-13 20:55:12 INFO  main [WavefrontOBJ] Loading geometry from "Mesh077.obj" ..
2025-04-13 20:55:12 INFO  main [WavefrontOBJ] Mesh077: 2 triangles, 4 vertices (merged 2 vertices).
2025-04-13 20:55:12 INFO  main [WavefrontOBJ] Done with "Mesh077.obj" (took 0 ms)
2025-04-13 20:55:12 INFO  main [WavefrontOBJ] Loading geometry from "Mesh055.obj" ..
2025-04-13 20:55:12 INFO  main [WavefrontOBJ] Mesh055: 128 triangles, 256 vertices (merged 128 vertices).
2025-04-13 20:55:12 INFO  main [WavefrontOBJ] Done with "Mesh055.obj" (took 1 ms)
2025-04-13 20:55:12 INFO  main [WavefrontOBJ] Loading geometry from "Mesh118.obj" ..
2025-04-13 20:55:12 INFO  main [WavefrontOBJ] Mesh118: 1680 triangles, 898 vertices (merged 4142 vertices).
2025-04-13 20:55:12 INFO  main [WavefrontOBJ] Done with "Mesh118.obj" (took 10 ms)
2025-04-13 20:55:12 INFO  main [WavefrontOBJ] Loading geometry from "Mesh064.obj" ..
2025-04-13 20:55:12 INFO  main [WavefrontOBJ] Mesh064: 512 triangles, 272 vertices (merged 1264 vertices).
2025-04-13 20:55:12 INFO  main [WavefrontOBJ] Done with "Mesh064.obj" (took 3 ms)
2025-04-13 20:55:12 INFO  main [WavefrontOBJ] Loading geometry from "Mesh052.obj" ..
2025-04-13 20:55:12 INFO  main [WavefrontOBJ] Mesh052: 128 triangles, 72 vertices (merged 312 vertices).
2025-04-13 20:55:12 INFO  main [WavefrontOBJ] Done with "Mesh052.obj" (took 0 ms)
2025-04-13 20:55:12 INFO  main [WavefrontOBJ] Loading geometry from "Mesh112.obj" ..
2025-04-13 20:55:12 INFO  main [WavefrontOBJ] Mesh112: 12 triangles, 12 vertices (merged 24 vertices).
2025-04-13 20:55:12 INFO  main [WavefrontOBJ] Done with "Mesh112.obj" (took 0 ms)
2025-04-13 20:55:12 INFO  main [PLYLoader] Loading geometry from "Disco.ply" ..
2025-04-13 20:55:12 INFO  main [PLYLoader] "Disco": Loaded 12736 triangles, 6455 vertices (275.3 KiB in 13 ms).
2025-04-13 20:55:12 INFO  main [WavefrontOBJ] Loading geometry from "Mesh127.obj" ..
2025-04-13 20:55:12 INFO  main [WavefrontOBJ] Mesh127: 128 triangles, 256 vertices (merged 128 vertices).
2025-04-13 20:55:12 INFO  main [WavefrontOBJ] Done with "Mesh127.obj" (took 1 ms)
2025-04-13 20:55:12 INFO  main [WavefrontOBJ] Loading geometry from "Mesh129.obj" ..
2025-04-13 20:55:12 INFO  main [WavefrontOBJ] Mesh129: 2 triangles, 4 vertices (merged 2 vertices).
2025-04-13 20:55:12 INFO  main [WavefrontOBJ] Done with "Mesh129.obj" (took 0 ms)
2025-04-13 20:55:12 INFO  main [WavefrontOBJ] Loading geometry from "Mesh132.obj" ..
2025-04-13 20:55:12 INFO  main [WavefrontOBJ] Mesh132: 28 triangles, 46 vertices (merged 38 vertices).
2025-04-13 20:55:12 INFO  main [WavefrontOBJ] Done with "Mesh132.obj" (took 0 ms)
2025-04-13 20:55:12 INFO  main [WavefrontOBJ] Loading geometry from "Mesh140.obj" ..
2025-04-13 20:55:12 INFO  main [WavefrontOBJ] Mesh140: 28 triangles, 52 vertices (merged 32 vertices).
2025-04-13 20:55:12 INFO  main [WavefrontOBJ] Done with "Mesh140.obj" (took 0 ms)
2025-04-13 20:55:12 INFO  main [WavefrontOBJ] Loading geometry from "Mesh156.obj" ..
2025-04-13 20:55:12 INFO  main [WavefrontOBJ] Mesh156: 28 triangles, 46 vertices (merged 38 vertices).
2025-04-13 20:55:12 INFO  main [WavefrontOBJ] Done with "Mesh156.obj" (took 0 ms)
2025-04-13 20:55:12 INFO  main [WavefrontOBJ] Loading geometry from "Mesh135.obj" ..
2025-04-13 20:55:12 INFO  main [WavefrontOBJ] Mesh135: 28 triangles, 44 vertices (merged 40 vertices).
2025-04-13 20:55:12 INFO  main [WavefrontOBJ] Done with "Mesh135.obj" (took 0 ms)
2025-04-13 20:55:12 INFO  main [WavefrontOBJ] Loading geometry from "Mesh175.obj" ..
2025-04-13 20:55:12 INFO  main [WavefrontOBJ] Mesh175: 28 triangles, 48 vertices (merged 36 vertices).
2025-04-13 20:55:12 INFO  main [WavefrontOBJ] Done with "Mesh175.obj" (took 0 ms)
2025-04-13 20:55:12 INFO  main [WavefrontOBJ] Loading geometry from "Mesh136.obj" ..
2025-04-13 20:55:12 INFO  main [WavefrontOBJ] Mesh136: 28 triangles, 48 vertices (merged 36 vertices).
2025-04-13 20:55:12 INFO  main [WavefrontOBJ] Done with "Mesh136.obj" (took 0 ms)
2025-04-13 20:55:12 INFO  main [WavefrontOBJ] Loading geometry from "Mesh078.obj" ..
2025-04-13 20:55:12 INFO  main [WavefrontOBJ] Mesh078: 28 triangles, 46 vertices (merged 38 vertices).
2025-04-13 20:55:12 INFO  main [WavefrontOBJ] Done with "Mesh078.obj" (took 0 ms)
2025-04-13 20:55:12 INFO  main [WavefrontOBJ] Loading geometry from "Mesh141.obj" ..
2025-04-13 20:55:12 INFO  main [WavefrontOBJ] Mesh141: 28 triangles, 44 vertices (merged 40 vertices).
2025-04-13 20:55:12 INFO  main [WavefrontOBJ] Done with "Mesh141.obj" (took 0 ms)
2025-04-13 20:55:12 INFO  main [WavefrontOBJ] Loading geometry from "Mesh147.obj" ..
2025-04-13 20:55:12 INFO  main [WavefrontOBJ] Mesh147: 28 triangles, 46 vertices (merged 38 vertices).
2025-04-13 20:55:12 INFO  main [WavefrontOBJ] Done with "Mesh147.obj" (took 0 ms)
2025-04-13 20:55:12 INFO  main [WavefrontOBJ] Loading geometry from "Mesh071.obj" ..
2025-04-13 20:55:12 INFO  main [WavefrontOBJ] Mesh071: 28 triangles, 44 vertices (merged 40 vertices).
2025-04-13 20:55:12 INFO  main [WavefrontOBJ] Done with "Mesh071.obj" (took 0 ms)
2025-04-13 20:55:12 INFO  main [WavefrontOBJ] Loading geometry from "Mesh148.obj" ..
2025-04-13 20:55:12 INFO  main [WavefrontOBJ] Mesh148: 28 triangles, 44 vertices (merged 40 vertices).
2025-04-13 20:55:12 INFO  main [WavefrontOBJ] Done with "Mesh148.obj" (took 0 ms)
2025-04-13 20:55:12 INFO  main [WavefrontOBJ] Loading geometry from "Mesh149.obj" ..
2025-04-13 20:55:12 INFO  main [WavefrontOBJ] Mesh149: 28 triangles, 44 vertices (merged 40 vertices).
2025-04-13 20:55:12 INFO  main [WavefrontOBJ] Done with "Mesh149.obj" (took 0 ms)
2025-04-13 20:55:12 INFO  main [WavefrontOBJ] Loading geometry from "Mesh150.obj" ..
2025-04-13 20:55:12 INFO  main [WavefrontOBJ] Mesh150: 28 triangles, 44 vertices (merged 40 vertices).
2025-04-13 20:55:12 INFO  main [WavefrontOBJ] Done with "Mesh150.obj" (took 0 ms)
2025-04-13 20:55:12 INFO  main [WavefrontOBJ] Loading geometry from "Mesh153.obj" ..
2025-04-13 20:55:12 INFO  main [WavefrontOBJ] Mesh153: 28 triangles, 46 vertices (merged 38 vertices).
2025-04-13 20:55:12 INFO  main [WavefrontOBJ] Done with "Mesh153.obj" (took 0 ms)
2025-04-13 20:55:12 INFO  main [WavefrontOBJ] Loading geometry from "Mesh109.obj" ..
2025-04-13 20:55:12 INFO  main [WavefrontOBJ] Mesh109: 28 triangles, 44 vertices (merged 40 vertices).
2025-04-13 20:55:12 INFO  main [WavefrontOBJ] Done with "Mesh109.obj" (took 0 ms)
2025-04-13 20:55:12 INFO  main [WavefrontOBJ] Loading geometry from "Mesh083.obj" ..
2025-04-13 20:55:12 INFO  main [WavefrontOBJ] Mesh083: 28 triangles, 48 vertices (merged 36 vertices).
2025-04-13 20:55:12 INFO  main [WavefrontOBJ] Done with "Mesh083.obj" (took 0 ms)
2025-04-13 20:55:12 INFO  main [WavefrontOBJ] Loading geometry from "Mesh157.obj" ..
2025-04-13 20:55:12 INFO  main [WavefrontOBJ] Mesh157: 28 triangles, 52 vertices (merged 32 vertices).
2025-04-13 20:55:12 INFO  main [WavefrontOBJ] Done with "Mesh157.obj" (took 0 ms)
2025-04-13 20:55:12 INFO  main [WavefrontOBJ] Loading geometry from "Mesh159.obj" ..
2025-04-13 20:55:12 INFO  main [WavefrontOBJ] Mesh159: 28 triangles, 48 vertices (merged 36 vertices).
2025-04-13 20:55:12 INFO  main [WavefrontOBJ] Done with "Mesh159.obj" (took 0 ms)
2025-04-13 20:55:12 INFO  main [WavefrontOBJ] Loading geometry from "Mesh161.obj" ..
2025-04-13 20:55:12 INFO  main [WavefrontOBJ] Mesh161: 44 triangles, 96 vertices (merged 36 vertices).
2025-04-13 20:55:12 INFO  main [WavefrontOBJ] Done with "Mesh161.obj" (took 0 ms)
2025-04-13 20:55:12 INFO  main [WavefrontOBJ] Loading geometry from "Mesh143.obj" ..
2025-04-13 20:55:12 INFO  main [WavefrontOBJ] Mesh143: 88 triangles, 192 vertices (merged 72 vertices).
2025-04-13 20:55:12 INFO  main [WavefrontOBJ] Done with "Mesh143.obj" (took 1 ms)
2025-04-13 20:55:12 INFO  main [WavefrontOBJ] Loading geometry from "Mesh176.obj" ..
2025-04-13 20:55:12 INFO  main [WavefrontOBJ] Mesh176: 44 triangles, 96 vertices (merged 36 vertices).
2025-04-13 20:55:12 INFO  main [WavefrontOBJ] Done with "Mesh176.obj" (took 0 ms)
2025-04-13 20:55:12 INFO  main [WavefrontOBJ] Loading geometry from "Mesh107.obj" ..
2025-04-13 20:55:12 INFO  main [WavefrontOBJ] Mesh107: 1720 triangles, 2968 vertices (merged 2192 vertices).
2025-04-13 20:55:12 INFO  main [WavefrontOBJ] Done with "Mesh107.obj" (took 21 ms)
2025-04-13 20:55:12 INFO  main [WavefrontOBJ] Loading geometry from "Mesh139.obj" ..
2025-04-13 20:55:12 INFO  main [WavefrontOBJ] Mesh139: 88 triangles, 192 vertices (merged 72 vertices).
2025-04-13 20:55:12 INFO  main [WavefrontOBJ] Done with "Mesh139.obj" (took 1 ms)
2025-04-13 20:55:12 INFO  main [WavefrontOBJ] Loading geometry from "Mesh162.obj" ..
2025-04-13 20:55:12 INFO  main [WavefrontOBJ] Mesh162: 176 triangles, 384 vertices (merged 144 vertices).
2025-04-13 20:55:12 INFO  main [WavefrontOBJ] Done with "Mesh162.obj" (took 2 ms)
2025-04-13 20:55:12 INFO  main [WavefrontOBJ] Loading geometry from "Mesh126.obj" ..
2025-04-13 20:55:12 INFO  main [WavefrontOBJ] Mesh126: 42 triangles, 72 vertices (merged 54 vertices).
2025-04-13 20:55:12 INFO  main [WavefrontOBJ] Done with "Mesh126.obj" (took 0 ms)
2025-04-13 20:55:12 INFO  main [WavefrontOBJ] Loading geometry from "Mesh152.obj" ..
2025-04-13 20:55:12 INFO  main [WavefrontOBJ] Mesh152: 2 triangles, 4 vertices (merged 2 vertices).
2025-04-13 20:55:12 INFO  main [WavefrontOBJ] Done with "Mesh152.obj" (took 0 ms)
2025-04-13 20:55:12 INFO  main [WavefrontOBJ] Loading geometry from "Mesh104.obj" ..
2025-04-13 20:55:12 INFO  main [WavefrontOBJ] Mesh104: 1680 triangles, 898 vertices (merged 4142 vertices).
2025-04-13 20:55:12 INFO  main [WavefrontOBJ] Done with "Mesh104.obj" (took 10 ms)
2025-04-13 20:55:12 INFO  main [WavefrontOBJ] Loading geometry from "Mesh167.obj" ..
2025-04-13 20:55:12 INFO  main [WavefrontOBJ] Mesh167: 4352 triangles, 2178 vertices (merged 10878 vertices).
2025-04-13 20:55:12 INFO  main [WavefrontOBJ] Done with "Mesh167.obj" (took 26 ms)
2025-04-13 20:55:12 INFO  main [WavefrontOBJ] Loading geometry from "Mesh091.obj" ..
2025-04-13 20:55:12 INFO  main [WavefrontOBJ] Mesh091: 8128 triangles, 4066 vertices (merged 20318 vertices).
2025-04-13 20:55:12 INFO  main [WavefrontOBJ] Done with "Mesh091.obj" (took 53 ms)
2025-04-13 20:55:12 INFO  main [WavefrontOBJ] Loading geometry from "Mesh145.obj" ..
2025-04-13 20:55:13 INFO  main [WavefrontOBJ] Mesh145: 14848 triangles, 7428 vertices (merged 37116 vertices).
2025-04-13 20:55:13 INFO  main [WavefrontOBJ] Done with "Mesh145.obj" (took 118 ms)
2025-04-13 20:55:13 INFO  main [WavefrontOBJ] Loading geometry from "Mesh160.obj" ..
2025-04-13 20:55:13 INFO  main [WavefrontOBJ] Mesh160: 1680 triangles, 898 vertices (merged 4142 vertices).
2025-04-13 20:55:13 INFO  main [WavefrontOBJ] Done with "Mesh160.obj" (took 12 ms)
2025-04-13 20:55:13 INFO  main [WavefrontOBJ] Loading geometry from "Mesh171.obj" ..
2025-04-13 20:55:13 INFO  main [WavefrontOBJ] Mesh171: 2816 triangles, 1485 vertices (merged 6963 vertices).
2025-04-13 20:55:13 INFO  main [WavefrontOBJ] Done with "Mesh171.obj" (took 18 ms)
2025-04-13 20:55:13 INFO  main [WavefrontOBJ] Loading geometry from "Mesh092.obj" ..
2025-04-13 20:55:13 INFO  main [WavefrontOBJ] Mesh092: 44 triangles, 96 vertices (merged 36 vertices).
2025-04-13 20:55:13 INFO  main [WavefrontOBJ] Done with "Mesh092.obj" (took 0 ms)
2025-04-13 20:55:13 INFO  main [WavefrontOBJ] Loading geometry from "Mesh067.obj" ..
2025-04-13 20:55:13 INFO  main [WavefrontOBJ] Mesh067: 176 triangles, 384 vertices (merged 144 vertices).
2025-04-13 20:55:13 INFO  main [WavefrontOBJ] Done with "Mesh067.obj" (took 2 ms)
2025-04-13 20:55:13 INFO  main [WavefrontOBJ] Loading geometry from "Mesh172.obj" ..
2025-04-13 20:55:13 INFO  main [WavefrontOBJ] Mesh172: 108 triangles, 208 vertices (merged 116 vertices).
2025-04-13 20:55:13 INFO  main [WavefrontOBJ] Done with "Mesh172.obj" (took 1 ms)
2025-04-13 20:55:13 INFO  main [WavefrontOBJ] Loading geometry from "Mesh173.obj" ..
2025-04-13 20:55:13 INFO  main [WavefrontOBJ] Mesh173: 172 triangles, 306 vertices (merged 210 vertices).
2025-04-13 20:55:13 INFO  main [WavefrontOBJ] Done with "Mesh173.obj" (took 3 ms)
2025-04-13 20:55:13 INFO  main [WavefrontOBJ] Loading geometry from "Mesh177.obj" ..
2025-04-13 20:55:13 INFO  main [WavefrontOBJ] Mesh177: 44 triangles, 96 vertices (merged 36 vertices).
2025-04-13 20:55:13 INFO  main [WavefrontOBJ] Done with "Mesh177.obj" (took 0 ms)
2025-04-13 20:55:13 INFO  main [WavefrontOBJ] Loading geometry from "Mesh054.obj" ..
2025-04-13 20:55:13 INFO  main [WavefrontOBJ] Mesh054: 8960 triangles, 4996 vertices (merged 21884 vertices).
2025-04-13 20:55:13 INFO  main [WavefrontOBJ] Done with "Mesh054.obj" (took 75 ms)
2025-04-13 20:55:13 INFO  main [WavefrontOBJ] Loading geometry from "Mesh165.obj" ..
2025-04-13 20:55:13 INFO  main [WavefrontOBJ] Mesh165: 972 triangles, 1189 vertices (merged 1727 vertices).
2025-04-13 20:55:13 INFO  main [WavefrontOBJ] Done with "Mesh165.obj" (took 9 ms)
2025-04-13 20:55:13 INFO  main [WavefrontOBJ] Loading geometry from "Mesh100.obj" ..
2025-04-13 20:55:13 INFO  main [WavefrontOBJ] Mesh100: 360 triangles, 208 vertices (merged 872 vertices).
2025-04-13 20:55:13 INFO  main [WavefrontOBJ] Done with "Mesh100.obj" (took 2 ms)
2025-04-13 20:55:13 INFO  main [WavefrontOBJ] Loading geometry from "Mesh096.obj" ..
2025-04-13 20:55:13 INFO  main [WavefrontOBJ] Mesh096: 128 triangles, 244 vertices (merged 140 vertices).
2025-04-13 20:55:13 INFO  main [WavefrontOBJ] Done with "Mesh096.obj" (took 1 ms)
2025-04-13 20:55:13 INFO  main [WavefrontOBJ] Loading geometry from "Mesh169.obj" ..
2025-04-13 20:55:13 INFO  main [WavefrontOBJ] Mesh169: 2 triangles, 4 vertices (merged 2 vertices).
2025-04-13 20:55:13 INFO  main [WavefrontOBJ] Done with "Mesh169.obj" (took 0 ms)
2025-04-13 20:55:13 INFO  main [WavefrontOBJ] Loading geometry from "Mesh085.obj" ..
2025-04-13 20:55:13 INFO  main [WavefrontOBJ] Mesh085: 972 triangles, 1225 vertices (merged 1691 vertices).
2025-04-13 20:55:13 INFO  main [WavefrontOBJ] Done with "Mesh085.obj" (took 10 ms)
2025-04-13 20:55:13 INFO  main [WavefrontOBJ] Loading geometry from "Mesh116.obj" ..
2025-04-13 20:55:13 INFO  main [WavefrontOBJ] Mesh116: 360 triangles, 208 vertices (merged 872 vertices).
2025-04-13 20:55:13 INFO  main [WavefrontOBJ] Done with "Mesh116.obj" (took 2 ms)
2025-04-13 20:55:13 INFO  main [WavefrontOBJ] Loading geometry from "Mesh105.obj" ..
2025-04-13 20:55:13 INFO  main [WavefrontOBJ] Mesh105: 2 triangles, 4 vertices (merged 2 vertices).
2025-04-13 20:55:13 INFO  main [WavefrontOBJ] Done with "Mesh105.obj" (took 0 ms)
2025-04-13 20:55:13 INFO  main [WavefrontOBJ] Loading geometry from "Mesh170.obj" ..
2025-04-13 20:55:13 INFO  main [WavefrontOBJ] Mesh170: 128 triangles, 256 vertices (merged 128 vertices).
2025-04-13 20:55:13 INFO  main [WavefrontOBJ] Done with "Mesh170.obj" (took 1 ms)
2025-04-13 20:55:13 INFO  main [WavefrontOBJ] Loading geometry from "Mesh179.obj" ..
2025-04-13 20:55:13 INFO  main [WavefrontOBJ] Mesh179: 480 triangles, 252 vertices (merged 1188 vertices).
2025-04-13 20:55:13 INFO  main [WavefrontOBJ] Done with "Mesh179.obj" (took 2 ms)
2025-04-13 20:55:13 INFO  main [WavefrontOBJ] Loading geometry from "Mesh125.obj" ..
2025-04-13 20:55:13 INFO  main [WavefrontOBJ] Mesh125: 12 triangles, 16 vertices (merged 20 vertices).
2025-04-13 20:55:13 INFO  main [WavefrontOBJ] Done with "Mesh125.obj" (took 0 ms)
2025-04-13 20:55:13 INFO  main [WavefrontOBJ] Loading geometry from "Mesh144.obj" ..
2025-04-13 20:55:13 INFO  main [WavefrontOBJ] Mesh144: 28 triangles, 50 vertices (merged 34 vertices).
2025-04-13 20:55:13 INFO  main [WavefrontOBJ] Done with "Mesh144.obj" (took 0 ms)
2025-04-13 20:55:13 INFO  main [WavefrontOBJ] Loading geometry from "Mesh072.obj" ..
2025-04-13 20:55:13 INFO  main [WavefrontOBJ] Mesh072: 56 triangles, 100 vertices (merged 68 vertices).
2025-04-13 20:55:13 INFO  main [WavefrontOBJ] Done with "Mesh072.obj" (took 0 ms)
2025-04-13 20:55:13 INFO  main [WavefrontOBJ] Loading geometry from "Mesh124.obj" ..
2025-04-13 20:55:13 INFO  main [WavefrontOBJ] Mesh124: 384 triangles, 700 vertices (merged 452 vertices).
2025-04-13 20:55:13 INFO  main [WavefrontOBJ] Done with "Mesh124.obj" (took 3 ms)
2025-04-13 20:55:13 INFO  main [WavefrontOBJ] Loading geometry from "Mesh050.obj" ..
2025-04-13 20:55:13 INFO  main [WavefrontOBJ] Mesh050: 600 triangles, 1103 vertices (merged 697 vertices).
2025-04-13 20:55:13 INFO  main [WavefrontOBJ] Done with "Mesh050.obj" (took 6 ms)
2025-04-13 20:55:13 INFO  main [WavefrontOBJ] Loading geometry from "Mesh117.obj" ..
2025-04-13 20:55:13 INFO  main [WavefrontOBJ] Mesh117: 1472 triangles, 2802 vertices (merged 1614 vertices).
2025-04-13 20:55:13 INFO  main [WavefrontOBJ] Done with "Mesh117.obj" (took 16 ms)
2025-04-13 20:55:13 INFO  main [WavefrontOBJ] Loading geometry from "Mesh047.obj" ..
2025-04-13 20:55:13 INFO  main [WavefrontOBJ] Mesh047: 256 triangles, 200 vertices (merged 568 vertices).
2025-04-13 20:55:13 INFO  main [WavefrontOBJ] Done with "Mesh047.obj" (took 2 ms)
2025-04-13 20:55:13 INFO  main [WavefrontOBJ] Loading geometry from "Mesh046.obj" ..
2025-04-13 20:55:13 INFO  main [WavefrontOBJ] Mesh046: 256 triangles, 200 vertices (merged 568 vertices).
2025-04-13 20:55:13 INFO  main [WavefrontOBJ] Done with "Mesh046.obj" (took 2 ms)
2025-04-13 20:55:13 INFO  main [WavefrontOBJ] Loading geometry from "Mesh045.obj" ..
2025-04-13 20:55:13 INFO  main [WavefrontOBJ] Mesh045: 1472 triangles, 2822 vertices (merged 1594 vertices).
2025-04-13 20:55:13 INFO  main [WavefrontOBJ] Done with "Mesh045.obj" (took 22 ms)
2025-04-13 20:55:13 INFO  main [WavefrontOBJ] Loading geometry from "Mesh043.obj" ..
2025-04-13 20:55:13 INFO  main [WavefrontOBJ] Mesh043: 600 triangles, 1082 vertices (merged 718 vertices).
2025-04-13 20:55:13 INFO  main [WavefrontOBJ] Done with "Mesh043.obj" (took 7 ms)
2025-04-13 20:55:13 INFO  main [WavefrontOBJ] Loading geometry from "Mesh070.obj" ..
2025-04-13 20:55:13 INFO  main [WavefrontOBJ] Mesh070: 384 triangles, 658 vertices (merged 494 vertices).
2025-04-13 20:55:13 INFO  main [WavefrontOBJ] Done with "Mesh070.obj" (took 4 ms)
2025-04-13 20:55:13 INFO  main [WavefrontOBJ] Loading geometry from "Mesh042.obj" ..
2025-04-13 20:55:13 INFO  main [WavefrontOBJ] Mesh042: 56 triangles, 88 vertices (merged 80 vertices).
2025-04-13 20:55:13 INFO  main [WavefrontOBJ] Done with "Mesh042.obj" (took 0 ms)
2025-04-13 20:55:13 INFO  main [WavefrontOBJ] Loading geometry from "Mesh041.obj" ..
2025-04-13 20:55:13 INFO  main [WavefrontOBJ] Mesh041: 28 triangles, 55 vertices (merged 29 vertices).
2025-04-13 20:55:13 INFO  main [WavefrontOBJ] Done with "Mesh041.obj" (took 0 ms)
2025-04-13 20:55:13 INFO  main [WavefrontOBJ] Loading geometry from "Mesh039.obj" ..
2025-04-13 20:55:13 INFO  main [WavefrontOBJ] Mesh039: 12 triangles, 16 vertices (merged 20 vertices).
2025-04-13 20:55:13 INFO  main [WavefrontOBJ] Done with "Mesh039.obj" (took 0 ms)
2025-04-13 20:55:13 INFO  main [WavefrontOBJ] Loading geometry from "Mesh038.obj" ..
2025-04-13 20:55:13 INFO  main [WavefrontOBJ] Mesh038: 480 triangles, 252 vertices (merged 1188 vertices).
2025-04-13 20:55:13 INFO  main [WavefrontOBJ] Done with "Mesh038.obj" (took 3 ms)
2025-04-13 20:55:13 INFO  main [WavefrontOBJ] Loading geometry from "Mesh037.obj" ..
2025-04-13 20:55:13 INFO  main [WavefrontOBJ] Mesh037: 480 triangles, 252 vertices (merged 1188 vertices).
2025-04-13 20:55:13 INFO  main [WavefrontOBJ] Done with "Mesh037.obj" (took 3 ms)
2025-04-13 20:55:13 INFO  main [WavefrontOBJ] Loading geometry from "Mesh036.obj" ..
2025-04-13 20:55:13 INFO  main [WavefrontOBJ] Mesh036: 12 triangles, 16 vertices (merged 20 vertices).
2025-04-13 20:55:13 INFO  main [WavefrontOBJ] Done with "Mesh036.obj" (took 0 ms)
2025-04-13 20:55:13 INFO  main [WavefrontOBJ] Loading geometry from "Mesh034.obj" ..
2025-04-13 20:55:13 INFO  main [WavefrontOBJ] Mesh034: 28 triangles, 48 vertices (merged 36 vertices).
2025-04-13 20:55:13 INFO  main [WavefrontOBJ] Done with "Mesh034.obj" (took 0 ms)
2025-04-13 20:55:13 INFO  main [WavefrontOBJ] Loading geometry from "Mesh033.obj" ..
2025-04-13 20:55:13 INFO  main [WavefrontOBJ] Mesh033: 56 triangles, 88 vertices (merged 80 vertices).
2025-04-13 20:55:13 INFO  main [WavefrontOBJ] Done with "Mesh033.obj" (took 0 ms)
2025-04-13 20:55:13 INFO  main [WavefrontOBJ] Loading geometry from "Mesh031.obj" ..
2025-04-13 20:55:13 INFO  main [WavefrontOBJ] Mesh031: 384 triangles, 640 vertices (merged 512 vertices).
2025-04-13 20:55:13 INFO  main [WavefrontOBJ] Done with "Mesh031.obj" (took 4 ms)
2025-04-13 20:55:13 INFO  main [WavefrontOBJ] Loading geometry from "Mesh094.obj" ..
2025-04-13 20:55:13 INFO  main [WavefrontOBJ] Mesh094: 600 triangles, 968 vertices (merged 832 vertices).
2025-04-13 20:55:13 INFO  main [WavefrontOBJ] Done with "Mesh094.obj" (took 6 ms)
2025-04-13 20:55:13 INFO  main [WavefrontOBJ] Loading geometry from "Mesh102.obj" ..
2025-04-13 20:55:13 INFO  main [WavefrontOBJ] Mesh102: 1472 triangles, 2630 vertices (merged 1786 vertices).
2025-04-13 20:55:13 INFO  main [WavefrontOBJ] Done with "Mesh102.obj" (took 18 ms)
2025-04-13 20:55:13 INFO  main [WavefrontOBJ] Loading geometry from "Mesh058.obj" ..
2025-04-13 20:55:13 INFO  main [WavefrontOBJ] Mesh058: 512 triangles, 288 vertices (merged 1248 vertices).
2025-04-13 20:55:13 INFO  main [WavefrontOBJ] Done with "Mesh058.obj" (took 3 ms)
2025-04-13 20:55:13 INFO  main [WavefrontOBJ] Loading geometry from "Mesh030.obj" ..
2025-04-13 20:55:13 INFO  main [WavefrontOBJ] Mesh030: 576 triangles, 300 vertices (merged 1428 vertices).
2025-04-13 20:55:13 INFO  main [WavefrontOBJ] Done with "Mesh030.obj" (took 3 ms)
2025-04-13 20:55:13 INFO  main [WavefrontOBJ] Loading geometry from "Mesh028.obj" ..
2025-04-13 20:55:13 INFO  main [WavefrontOBJ] Mesh028: 4416 triangles, 2258 vertices (merged 10990 vertices).
2025-04-13 20:55:13 INFO  main [WavefrontOBJ] Done with "Mesh028.obj" (took 29 ms)
2025-04-13 20:55:13 INFO  main [WavefrontOBJ] Loading geometry from "Mesh027.obj" ..
2025-04-13 20:55:13 INFO  main [WavefrontOBJ] Mesh027: 5184 triangles, 2642 vertices (merged 12910 vertices).
2025-04-13 20:55:13 INFO  main [WavefrontOBJ] Done with "Mesh027.obj" (took 31 ms)
2025-04-13 20:55:13 INFO  main [WavefrontOBJ] Loading geometry from "Mesh026.obj" ..
2025-04-13 20:55:13 INFO  main [WavefrontOBJ] Mesh026: 8064 triangles, 4080 vertices (merged 20112 vertices).
2025-04-13 20:55:13 INFO  main [WavefrontOBJ] Done with "Mesh026.obj" (took 47 ms)
2025-04-13 20:55:13 INFO  main [WavefrontOBJ] Loading geometry from "Mesh097.obj" ..
2025-04-13 20:55:13 INFO  main [WavefrontOBJ] Mesh097: 224 triangles, 116 vertices (merged 556 vertices).
2025-04-13 20:55:13 INFO  main [WavefrontOBJ] Done with "Mesh097.obj" (took 1 ms)
2025-04-13 20:55:13 INFO  main [WavefrontOBJ] Loading geometry from "Mesh035.obj" ..
2025-04-13 20:55:13 INFO  main [WavefrontOBJ] Mesh035: 4416 triangles, 2258 vertices (merged 10990 vertices).
2025-04-13 20:55:13 INFO  main [WavefrontOBJ] Done with "Mesh035.obj" (took 27 ms)
2025-04-13 20:55:13 INFO  main [WavefrontOBJ] Loading geometry from "Mesh024.obj" ..
2025-04-13 20:55:13 INFO  main [WavefrontOBJ] Mesh024: 6912 triangles, 3464 vertices (merged 17272 vertices).
2025-04-13 20:55:13 INFO  main [WavefrontOBJ] Done with "Mesh024.obj" (took 43 ms)
2025-04-13 20:55:13 INFO  main [WavefrontOBJ] Loading geometry from "Mesh023.obj" ..
2025-04-13 20:55:13 INFO  main [WavefrontOBJ] Mesh023: 384 triangles, 296 vertices (merged 856 vertices).
2025-04-13 20:55:13 INFO  main [WavefrontOBJ] Done with "Mesh023.obj" (took 2 ms)
2025-04-13 20:55:13 INFO  main [WavefrontOBJ] Loading geometry from "Mesh089.obj" ..
2025-04-13 20:55:13 INFO  main [WavefrontOBJ] Mesh089: 9344 triangles, 4785 vertices (merged 23247 vertices).
2025-04-13 20:55:13 INFO  main [WavefrontOBJ] Done with "Mesh089.obj" (took 59 ms)
2025-04-13 20:55:13 INFO  main [WavefrontOBJ] Loading geometry from "Mesh022.obj" ..
2025-04-13 20:55:13 INFO  main [WavefrontOBJ] Mesh022: 14528 triangles, 7298 vertices (merged 36286 vertices).
2025-04-13 20:55:13 INFO  main [WavefrontOBJ] Done with "Mesh022.obj" (took 83 ms)
2025-04-13 20:55:13 INFO  main [WavefrontOBJ] Loading geometry from "Mesh137.obj" ..
2025-04-13 20:55:13 INFO  main [WavefrontOBJ] Mesh137: 20 triangles, 12 vertices (merged 48 vertices).
2025-04-13 20:55:13 INFO  main [WavefrontOBJ] Done with "Mesh137.obj" (took 0 ms)
2025-04-13 20:55:13 INFO  main [WavefrontOBJ] Loading geometry from "Mesh121.obj" ..
2025-04-13 20:55:13 INFO  main [WavefrontOBJ] Mesh121: 76 triangles, 128 vertices (merged 100 vertices).
2025-04-13 20:55:13 INFO  main [WavefrontOBJ] Done with "Mesh121.obj" (took 0 ms)
2025-04-13 20:55:13 INFO  main [WavefrontOBJ] Loading geometry from "Mesh021.obj" ..
2025-04-13 20:55:13 INFO  main [WavefrontOBJ] Mesh021: 172 triangles, 317 vertices (merged 199 vertices).
2025-04-13 20:55:13 INFO  main [WavefrontOBJ] Done with "Mesh021.obj" (took 1 ms)
2025-04-13 20:55:13 INFO  main [WavefrontOBJ] Loading geometry from "Mesh115.obj" ..
2025-04-13 20:55:13 INFO  main [WavefrontOBJ] Mesh115: 344 triangles, 694 vertices (merged 338 vertices).
2025-04-13 20:55:13 INFO  main [WavefrontOBJ] Done with "Mesh115.obj" (took 4 ms)
2025-04-13 20:55:13 INFO  main [WavefrontOBJ] Loading geometry from "Mesh120.obj" ..
2025-04-13 20:55:13 INFO  main [WavefrontOBJ] Mesh120: 312 triangles, 624 vertices (merged 312 vertices).
2025-04-13 20:55:13 INFO  main [WavefrontOBJ] Done with "Mesh120.obj" (took 4 ms)
2025-04-13 20:55:13 INFO  main [WavefrontOBJ] Loading geometry from "Mesh020.obj" ..
2025-04-13 20:55:13 INFO  main [WavefrontOBJ] Mesh020: 66 triangles, 48 vertices (merged 150 vertices).
2025-04-13 20:55:13 INFO  main [WavefrontOBJ] Done with "Mesh020.obj" (took 0 ms)
2025-04-13 20:55:13 INFO  main [WavefrontOBJ] Loading geometry from "Mesh019.obj" ..
2025-04-13 20:55:13 INFO  main [WavefrontOBJ] Mesh019: 66 triangles, 48 vertices (merged 150 vertices).
2025-04-13 20:55:13 INFO  main [WavefrontOBJ] Done with "Mesh019.obj" (took 0 ms)
2025-04-13 20:55:13 INFO  main [WavefrontOBJ] Loading geometry from "Mesh017.obj" ..
2025-04-13 20:55:13 INFO  main [WavefrontOBJ] Mesh017: 572 triangles, 904 vertices (merged 812 vertices).
2025-04-13 20:55:13 INFO  main [WavefrontOBJ] Done with "Mesh017.obj" (took 6 ms)
2025-04-13 20:55:13 INFO  main [WavefrontOBJ] Loading geometry from "Mesh016.obj" ..
2025-04-13 20:55:13 INFO  main [WavefrontOBJ] Mesh016: 1260 triangles, 2274 vertices (merged 1506 vertices).
2025-04-13 20:55:13 INFO  main [WavefrontOBJ] Done with "Mesh016.obj" (took 51 ms)
2025-04-13 20:55:13 INFO  main [WavefrontOBJ] Loading geometry from "Mesh015.obj" ..
2025-04-13 20:55:13 INFO  main [WavefrontOBJ] Mesh015: 1447 triangles, 1949 vertices (merged 2392 vertices).
2025-04-13 20:55:13 INFO  main [WavefrontOBJ] Done with "Mesh015.obj" (took 20 ms)
2025-04-13 20:55:13 INFO  main [WavefrontOBJ] Loading geometry from "Mesh119.obj" ..
2025-04-13 20:55:13 INFO  main [WavefrontOBJ] Mesh119: 656 triangles, 430 vertices (merged 1538 vertices).
2025-04-13 20:55:13 INFO  main [WavefrontOBJ] Done with "Mesh119.obj" (took 14 ms)
2025-04-13 20:55:13 INFO  main [WavefrontOBJ] Loading geometry from "Mesh014.obj" ..
2025-04-13 20:55:13 INFO  main [WavefrontOBJ] Mesh014: 5728 triangles, 3069 vertices (merged 14115 vertices).
2025-04-13 20:55:13 INFO  main [WavefrontOBJ] Done with "Mesh014.obj" (took 66 ms)
2025-04-13 20:55:13 INFO  main [WavefrontOBJ] Loading geometry from "Mesh151.obj" ..
2025-04-13 20:55:13 INFO  main [WavefrontOBJ] Mesh151: 656 triangles, 416 vertices (merged 1552 vertices).
2025-04-13 20:55:13 INFO  main [WavefrontOBJ] Done with "Mesh151.obj" (took 6 ms)
2025-04-13 20:55:13 INFO  main [WavefrontOBJ] Loading geometry from "Mesh013.obj" ..
2025-04-13 20:55:13 INFO  main [WavefrontOBJ] Mesh013: 5728 triangles, 2797 vertices (merged 14387 vertices).
2025-04-13 20:55:13 INFO  main [WavefrontOBJ] Done with "Mesh013.obj" (took 63 ms)
2025-04-13 20:55:13 INFO  main [WavefrontOBJ] Loading geometry from "Mesh111.obj" ..
2025-04-13 20:55:13 INFO  main [WavefrontOBJ] Mesh111: 656 triangles, 354 vertices (merged 1614 vertices).
2025-04-13 20:55:13 INFO  main [WavefrontOBJ] Done with "Mesh111.obj" (took 8 ms)
2025-04-13 20:55:13 INFO  main [WavefrontOBJ] Loading geometry from "Mesh101.obj" ..
2025-04-13 20:55:13 INFO  main [WavefrontOBJ] Mesh101: 5728 triangles, 2565 vertices (merged 14619 vertices).
2025-04-13 20:55:13 INFO  main [WavefrontOBJ] Done with "Mesh101.obj" (took 57 ms)
2025-04-13 20:55:13 INFO  main [WavefrontOBJ] Loading geometry from "Mesh011.obj" ..
2025-04-13 20:55:14 INFO  main [WavefrontOBJ] Mesh011: 972 triangles, 1139 vertices (merged 1777 vertices).
2025-04-13 20:55:14 INFO  main [WavefrontOBJ] Done with "Mesh011.obj" (took 8 ms)
2025-04-13 20:55:14 INFO  main [WavefrontOBJ] Loading geometry from "Mesh053.obj" ..
2025-04-13 20:55:14 INFO  main [WavefrontOBJ] Mesh053: 360 triangles, 208 vertices (merged 872 vertices).
2025-04-13 20:55:14 INFO  main [WavefrontOBJ] Done with "Mesh053.obj" (took 3 ms)
2025-04-13 20:55:14 INFO  main [WavefrontOBJ] Loading geometry from "Mesh010.obj" ..
2025-04-13 20:55:14 INFO  main [WavefrontOBJ] Mesh010: 14848 triangles, 7428 vertices (merged 37116 vertices).
2025-04-13 20:55:14 INFO  main [WavefrontOBJ] Done with "Mesh010.obj" (took 87 ms)
2025-04-13 20:55:14 INFO  main [WavefrontOBJ] Loading geometry from "Mesh082.obj" ..
2025-04-13 20:55:14 INFO  main [WavefrontOBJ] Mesh082: 8128 triangles, 4066 vertices (merged 20318 vertices).
2025-04-13 20:55:14 INFO  main [WavefrontOBJ] Done with "Mesh082.obj" (took 49 ms)
2025-04-13 20:55:14 INFO  main [WavefrontOBJ] Loading geometry from "Mesh086.obj" ..
2025-04-13 20:55:14 INFO  main [WavefrontOBJ] Mesh086: 4352 triangles, 2178 vertices (merged 10878 vertices).
2025-04-13 20:55:14 INFO  main [WavefrontOBJ] Done with "Mesh086.obj" (took 27 ms)
2025-04-13 20:55:14 INFO  main [WavefrontOBJ] Loading geometry from "Mesh134.obj" ..
2025-04-13 20:55:14 INFO  main [WavefrontOBJ] Mesh134: 14848 triangles, 7428 vertices (merged 37116 vertices).
2025-04-13 20:55:14 INFO  main [WavefrontOBJ] Done with "Mesh134.obj" (took 85 ms)
2025-04-13 20:55:14 INFO  main [WavefrontOBJ] Loading geometry from "Mesh057.obj" ..
2025-04-13 20:55:14 INFO  main [WavefrontOBJ] Mesh057: 8128 triangles, 4066 vertices (merged 20318 vertices).
2025-04-13 20:55:14 INFO  main [WavefrontOBJ] Done with "Mesh057.obj" (took 47 ms)
2025-04-13 20:55:14 INFO  main [WavefrontOBJ] Loading geometry from "Mesh081.obj" ..
2025-04-13 20:55:14 INFO  main [WavefrontOBJ] Mesh081: 8704 triangles, 4356 vertices (merged 21756 vertices).
2025-04-13 20:55:14 INFO  main [WavefrontOBJ] Done with "Mesh081.obj" (took 50 ms)
2025-04-13 20:55:14 INFO  main [WavefrontOBJ] Loading geometry from "Mesh114.obj" ..
2025-04-13 20:55:14 INFO  main [WavefrontOBJ] Mesh114: 1680 triangles, 898 vertices (merged 4142 vertices).
2025-04-13 20:55:14 INFO  main [WavefrontOBJ] Done with "Mesh114.obj" (took 9 ms)
2025-04-13 20:55:14 INFO  main [WavefrontOBJ] Loading geometry from "Mesh008.obj" ..
2025-04-13 20:55:14 INFO  main [WavefrontOBJ] Mesh008: 688 triangles, 375 vertices (merged 1689 vertices).
2025-04-13 20:55:14 INFO  main [WavefrontOBJ] Done with "Mesh008.obj" (took 4 ms)
2025-04-13 20:55:14 INFO  main [WavefrontOBJ] Loading geometry from "Mesh158.obj" ..
2025-04-13 20:55:14 INFO  main [WavefrontOBJ] Mesh158: 44 triangles, 96 vertices (merged 36 vertices).
2025-04-13 20:55:14 INFO  main [WavefrontOBJ] Done with "Mesh158.obj" (took 0 ms)
2025-04-13 20:55:14 INFO  main [WavefrontOBJ] Loading geometry from "Mesh174.obj" ..
2025-04-13 20:55:14 INFO  main [WavefrontOBJ] Mesh174: 172 triangles, 306 vertices (merged 210 vertices).
2025-04-13 20:55:14 INFO  main [WavefrontOBJ] Done with "Mesh174.obj" (took 2 ms)
2025-04-13 20:55:14 INFO  main [WavefrontOBJ] Loading geometry from "Mesh079.obj" ..
2025-04-13 20:55:14 INFO  main [WavefrontOBJ] Mesh079: 13568 triangles, 6788 vertices (merged 33916 vertices).
2025-04-13 20:55:14 INFO  main [WavefrontOBJ] Done with "Mesh079.obj" (took 83 ms)
2025-04-13 20:55:14 INFO  main [WavefrontOBJ] Loading geometry from "Mesh007.obj" ..
2025-04-13 20:55:14 INFO  main [WavefrontOBJ] Mesh007: 24 triangles, 48 vertices (merged 24 vertices).
2025-04-13 20:55:14 INFO  main [WavefrontOBJ] Done with "Mesh007.obj" (took 0 ms)
2025-04-13 20:55:14 INFO  main [WavefrontOBJ] Loading geometry from "Mesh006.obj" ..
2025-04-13 20:55:14 INFO  main [WavefrontOBJ] Mesh006: 1280 triangles, 672 vertices (merged 3168 vertices).
2025-04-13 20:55:14 INFO  main [WavefrontOBJ] Done with "Mesh006.obj" (took 18 ms)
2025-04-13 20:55:14 INFO  main [WavefrontOBJ] Loading geometry from "Mesh005.obj" ..
2025-04-13 20:55:14 INFO  main [WavefrontOBJ] Mesh005: 1280 triangles, 672 vertices (merged 3168 vertices).
2025-04-13 20:55:14 INFO  main [WavefrontOBJ] Done with "Mesh005.obj" (took 13 ms)
2025-04-13 20:55:14 INFO  main [WavefrontOBJ] Loading geometry from "Mesh032.obj" ..
2025-04-13 20:55:14 INFO  main [WavefrontOBJ] Mesh032: 3328 triangles, 1696 vertices (merged 8288 vertices).
2025-04-13 20:55:14 INFO  main [WavefrontOBJ] Done with "Mesh032.obj" (took 33 ms)
2025-04-13 20:55:14 INFO  main [WavefrontOBJ] Loading geometry from "Mesh025.obj" ..
2025-04-13 20:55:14 INFO  main [WavefrontOBJ] Mesh025: 384 triangles, 226 vertices (merged 926 vertices).
2025-04-13 20:55:14 INFO  main [WavefrontOBJ] Done with "Mesh025.obj" (took 3 ms)
2025-04-13 20:55:14 INFO  main [WavefrontOBJ] Loading geometry from "Mesh168.obj" ..
2025-04-13 20:55:14 INFO  main [WavefrontOBJ] Mesh168: 6592 triangles, 3345 vertices (merged 16431 vertices).
2025-04-13 20:55:14 INFO  main [WavefrontOBJ] Done with "Mesh168.obj" (took 40 ms)
2025-04-13 20:55:14 INFO  main [WavefrontOBJ] Loading geometry from "Mesh146.obj" ..
2025-04-13 20:55:14 INFO  main [WavefrontOBJ] Mesh146: 8384 triangles, 4241 vertices (merged 20911 vertices).
2025-04-13 20:55:14 INFO  main [WavefrontOBJ] Done with "Mesh146.obj" (took 48 ms)
2025-04-13 20:55:14 INFO  main [WavefrontOBJ] Loading geometry from "Mesh049.obj" ..
2025-04-13 20:55:14 INFO  main [WavefrontOBJ] Mesh049: 19648 triangles, 9950 vertices (merged 48994 vertices).
2025-04-13 20:55:14 INFO  main [WavefrontOBJ] Done with "Mesh049.obj" (took 119 ms)
2025-04-13 20:55:14 INFO  main [WavefrontOBJ] Loading geometry from "Mesh040.obj" ..
2025-04-13 20:55:14 INFO  main [WavefrontOBJ] Mesh040: 19648 triangles, 9950 vertices (merged 48994 vertices).
2025-04-13 20:55:14 INFO  main [WavefrontOBJ] Done with "Mesh040.obj" (took 115 ms)
2025-04-13 20:55:14 INFO  main [WavefrontOBJ] Loading geometry from "Mesh130.obj" ..
2025-04-13 20:55:16 INFO  main [WavefrontOBJ] Mesh130: 186368 triangles, 94198 vertices (merged 464906 vertices).
2025-04-13 20:55:16 INFO  main [WavefrontOBJ] Done with "Mesh130.obj" (took 1220 ms)
2025-04-13 20:55:16 INFO  main [WavefrontOBJ] Loading geometry from "Mesh075.obj" ..
2025-04-13 20:55:16 INFO  main [WavefrontOBJ] Mesh075: 720 triangles, 387 vertices (merged 1773 vertices).
2025-04-13 20:55:16 INFO  main [WavefrontOBJ] Done with "Mesh075.obj" (took 3 ms)
2025-04-13 20:55:16 INFO  main [WavefrontOBJ] Loading geometry from "Mesh164.obj" ..
2025-04-13 20:55:16 INFO  main [WavefrontOBJ] Mesh164: 10176 triangles, 5169 vertices (merged 25359 vertices).
2025-04-13 20:55:16 INFO  main [WavefrontOBJ] Done with "Mesh164.obj" (took 60 ms)
2025-04-13 20:55:16 INFO  main [WavefrontOBJ] Loading geometry from "Mesh044.obj" ..
2025-04-13 20:55:16 INFO  main [WavefrontOBJ] Mesh044: 4864 triangles, 2464 vertices (merged 12128 vertices).
2025-04-13 20:55:16 INFO  main [WavefrontOBJ] Done with "Mesh044.obj" (took 30 ms)
2025-04-13 20:55:16 INFO  main [WavefrontOBJ] Loading geometry from "Mesh004.obj" ..
2025-04-13 20:55:16 INFO  main [WavefrontOBJ] Mesh004: 15168 triangles, 7584 vertices (merged 37920 vertices).
2025-04-13 20:55:16 INFO  main [WavefrontOBJ] Done with "Mesh004.obj" (took 88 ms)
2025-04-13 20:55:16 INFO  main [WavefrontOBJ] Loading geometry from "Mesh003.obj" ..
2025-04-13 20:55:16 INFO  main [WavefrontOBJ] Mesh003: 9472 triangles, 4738 vertices (merged 23678 vertices).
2025-04-13 20:55:16 INFO  main [WavefrontOBJ] Done with "Mesh003.obj" (took 58 ms)
2025-04-13 20:55:16 INFO  main [WavefrontOBJ] Loading geometry from "Mesh061.obj" ..
2025-04-13 20:55:16 INFO  main [WavefrontOBJ] Mesh061: 5616 triangles, 2810 vertices (merged 14038 vertices).
2025-04-13 20:55:16 INFO  main [WavefrontOBJ] Done with "Mesh061.obj" (took 31 ms)
2025-04-13 20:55:16 INFO  main [WavefrontOBJ] Loading geometry from "Mesh002.obj" ..
2025-04-13 20:55:16 INFO  main [WavefrontOBJ] Mesh002: 29088 triangles, 14567 vertices (merged 72697 vertices).
2025-04-13 20:55:16 INFO  main [WavefrontOBJ] Done with "Mesh002.obj" (took 212 ms)
2025-04-13 20:55:16 INFO  main [WavefrontOBJ] Loading geometry from "Mesh051.obj" ..
2025-04-13 20:55:16 INFO  main [WavefrontOBJ] Mesh051: 9600 triangles, 4833 vertices (merged 23967 vertices).
2025-04-13 20:55:16 INFO  main [WavefrontOBJ] Done with "Mesh051.obj" (took 84 ms)
2025-04-13 20:55:16 INFO  main [WavefrontOBJ] Loading geometry from "Mesh123.obj" ..
2025-04-13 20:55:16 INFO  main [WavefrontOBJ] Mesh123: 1296 triangles, 650 vertices (merged 3238 vertices).
2025-04-13 20:55:16 INFO  main [WavefrontOBJ] Done with "Mesh123.obj" (took 8 ms)
2025-04-13 20:55:16 INFO  main [WavefrontOBJ] Loading geometry from "Mesh178.obj" ..
2025-04-13 20:55:16 INFO  main [WavefrontOBJ] Mesh178: 3520 triangles, 1841 vertices (merged 8719 vertices).
2025-04-13 20:55:16 INFO  main [WavefrontOBJ] Done with "Mesh178.obj" (took 38 ms)
2025-04-13 20:55:16 INFO  main [WavefrontOBJ] Loading geometry from "Mesh084.obj" ..
2025-04-13 20:55:16 INFO  main [WavefrontOBJ] Mesh084: 1408 triangles, 4156 vertices (merged 68 vertices).
2025-04-13 20:55:16 INFO  main [WavefrontOBJ] Done with "Mesh084.obj" (took 25 ms)
2025-04-13 20:55:16 INFO  main [WavefrontOBJ] Loading geometry from "Mesh012.obj" ..
2025-04-13 20:55:16 INFO  main [WavefrontOBJ] Mesh012: 4248 triangles, 4494 vertices (merged 8250 vertices).
2025-04-13 20:55:16 INFO  main [WavefrontOBJ] Done with "Mesh012.obj" (took 46 ms)
2025-04-13 20:55:16 INFO  main [WavefrontOBJ] Loading geometry from "Mesh001.obj" ..
2025-04-13 20:55:16 INFO  main [WavefrontOBJ] Mesh001: 12 triangles, 24 vertices (merged 12 vertices).
2025-04-13 20:55:16 INFO  main [WavefrontOBJ] Done with "Mesh001.obj" (took 0 ms)
2025-04-13 20:55:16 INFO  main [WavefrontOBJ] Loading geometry from "Mesh018.obj" ..
2025-04-13 20:55:16 INFO  main [WavefrontOBJ] Mesh018: 768 triangles, 448 vertices (merged 1856 vertices).
2025-04-13 20:55:16 INFO  main [WavefrontOBJ] Done with "Mesh018.obj" (took 8 ms)
2025-04-13 20:55:16 INFO  main [WavefrontOBJ] Loading geometry from "Mesh000.obj" ..
2025-04-13 20:55:16 INFO  main [WavefrontOBJ] Mesh000: 256 triangles, 192 vertices (merged 576 vertices).
2025-04-13 20:55:16 INFO  main [WavefrontOBJ] Done with "Mesh000.obj" (took 2 ms)
2025-04-13 20:55:16 INFO  main [WavefrontOBJ] Loading geometry from "Mesh074.obj" ..
2025-04-13 20:55:16 INFO  main [WavefrontOBJ] Mesh074: 768 triangles, 448 vertices (merged 1856 vertices).
2025-04-13 20:55:16 INFO  main [WavefrontOBJ] Done with "Mesh074.obj" (took 5 ms)
2025-04-13 20:55:16 INFO  main [WavefrontOBJ] Loading geometry from "Mesh106.obj" ..
2025-04-13 20:55:16 INFO  main [WavefrontOBJ] Mesh106: 960 triangles, 513 vertices (merged 2367 vertices).
2025-04-13 20:55:16 INFO  main [WavefrontOBJ] Done with "Mesh106.obj" (took 5 ms)
2025-04-13 20:55:16 INFO  main [WavefrontOBJ] Loading geometry from "Mesh029.obj" ..
2025-04-13 20:55:16 INFO  main [WavefrontOBJ] Mesh029: 1536 triangles, 772 vertices (merged 3836 vertices).
2025-04-13 20:55:16 INFO  main [WavefrontOBJ] Done with "Mesh029.obj" (took 13 ms)
2025-04-13 20:55:16 INFO  main [WavefrontOBJ] Loading geometry from "Mesh163.obj" ..
2025-04-13 20:55:16 INFO  main [WavefrontOBJ] Mesh163: 6488 triangles, 3667 vertices (merged 15797 vertices).
2025-04-13 20:55:16 INFO  main [WavefrontOBJ] Done with "Mesh163.obj" (took 45 ms)
2025-04-13 20:55:16 INFO  main [WavefrontOBJ] Loading geometry from "Mesh154.obj" ..
2025-04-13 20:55:16 INFO  main [WavefrontOBJ] Mesh154: 832 triangles, 424 vertices (merged 2072 vertices).
2025-04-13 20:55:16 INFO  main [WavefrontOBJ] Done with "Mesh154.obj" (took 4 ms)
2025-04-13 20:55:16 INFO  main [WavefrontOBJ] Loading geometry from "Mesh060.obj" ..
2025-04-13 20:55:16 INFO  main [WavefrontOBJ] Mesh060: 2144 triangles, 1090 vertices (merged 5342 vertices).
2025-04-13 20:55:16 INFO  main [WavefrontOBJ] Done with "Mesh060.obj" (took 14 ms)
2025-04-13 20:55:16 INFO  main [WavefrontOBJ] Loading geometry from "Mesh048.obj" ..
2025-04-13 20:55:16 INFO  main [WavefrontOBJ] Mesh048: 180 triangles, 110 vertices (merged 430 vertices).
2025-04-13 20:55:16 INFO  main [WavefrontOBJ] Done with "Mesh048.obj" (took 1 ms)
2025-04-13 20:55:16 INFO  main [WavefrontOBJ] Loading geometry from "Mesh009.obj" ..
2025-04-13 20:55:16 INFO  main [WavefrontOBJ] Mesh009: 688 triangles, 353 vertices (merged 1711 vertices).
2025-04-13 20:55:16 INFO  main [WavefrontOBJ] Done with "Mesh009.obj" (took 4 ms)
2025-04-13 20:55:16 INFO  main [WavefrontOBJ] Loading geometry from "Mesh093.obj" ..
2025-04-13 20:55:16 INFO  main [WavefrontOBJ] Mesh093: 1584 triangles, 876 vertices (merged 3876 vertices).
2025-04-13 20:55:16 INFO  main [WavefrontOBJ] Done with "Mesh093.obj" (took 9 ms)
2025-04-13 20:55:16 INFO  main [WavefrontOBJ] Loading geometry from "Mesh133.obj" ..
2025-04-13 20:55:17 INFO  main [WavefrontOBJ] Mesh133: 5120 triangles, 2560 vertices (merged 12800 vertices).
2025-04-13 20:55:17 INFO  main [WavefrontOBJ] Done with "Mesh133.obj" (took 40 ms)
2025-04-13 20:55:17 INFO  main [WavefrontOBJ] Loading geometry from "Mesh142.obj" ..
2025-04-13 20:55:17 INFO  main [WavefrontOBJ] Mesh142: 1280 triangles, 640 vertices (merged 3200 vertices).
2025-04-13 20:55:17 INFO  main [WavefrontOBJ] Done with "Mesh142.obj" (took 9 ms)
2025-04-13 20:55:17 INFO  ren0 [KDTreeBase] Constructing a SAH kd-tree (617744 primitives) ..
2025-04-13 20:55:22 INFO  ren0 [KDTreeBase] Finished -- took 5324 ms.
2025-04-13 20:55:22 INFO  ren0 [PMMFocalGuidingIntegrator] Starting preprocess
2025-04-13 20:55:22 INFO  ren0 [octree.h:501] root weight: 8.000e-20 (0.000000)
2025-04-13 20:55:22 INFO  ren0 [octree.h:502] splitting threshold: 8.000e-23 (0.000000)
2025-04-13 20:55:22 INFO  ren0 [octree.h:517] node count: 1 -> 585 -> 585

2025-04-13 20:55:22 INFO  ren0 [octree.h:501] root weight: 4.096e-17 (0.000000)
2025-04-13 20:55:22 INFO  ren0 [octree.h:502] splitting threshold: 4.096e-20 (0.000000)
2025-04-13 20:55:22 INFO  ren0 [octree.h:517] node count: 585 -> 585 -> 585

2025-04-13 20:55:22 INFO  ren0 [octree.h:501] root weight: 8.000e-20 (0.000000)
2025-04-13 20:55:22 INFO  ren0 [octree.h:502] splitting threshold: 8.000e-23 (0.000000)
2025-04-13 20:55:22 INFO  ren0 [octree.h:517] node count: 1 -> 585 -> 585

2025-04-13 20:55:22 INFO  ren0 [octree.h:501] root weight: 4.096e-17 (0.000000)
2025-04-13 20:55:22 INFO  ren0 [octree.h:502] splitting threshold: 4.096e-20 (0.000000)
2025-04-13 20:55:22 INFO  ren0 [octree.h:517] node count: 585 -> 585 -> 585

2025-04-13 20:55:22 INFO  ren0 [PMMFocalGuidingIntegrator] Octree[
AABB: AABB3[min=[-2.59024, -0.170842, 0.361397], max=[3.15696, 3.22949, 8.19165]]
Nodes count: 585
]
2025-04-13 20:55:22 INFO  ren0 [PMMFocalGuidingIntegrator] Octree[
AABB: AABB3[min=[-2.59024, -0.170842, 0.361397], max=[3.15696, 3.22949, 8.19165]]
Nodes count: 585
]
2025-04-13 20:55:22 INFO  ren0 [PMMFocalGuidingIntegrator] GMM[
]
2025-04-13 20:55:22 INFO  ren0 [PMMFocalGuidingIntegrator] Starting training... (8) iterations
2025-04-13 20:55:22 INFO  ren0 [PMMFocalGuidingIntegrator] Rendering 0 iteration
2025-04-13 20:55:22 INFO  ren0 [SamplingIntegrator] Starting render job (1280x720, 4 samples, 8 cores, SSE2 enabled) ..
2025-04-13 20:59:25 INFO  ren0 [PMMFocalGuidingIntegrator] iteration render time: 4.0493m
2025-04-13 20:59:25 INFO  ren0 [PMMFocalGuidingIntegrator] Got 185942 non-zero samples
2025-04-13 20:59:25 INFO  ren0 [gaussian_mixture_model.h:630] Starting batch processing in parallel
2025-04-13 20:59:25 INFO  ren0 [gaussian_mixture_model.h:432] Random
2025-04-13 20:59:25 INFO  ren0 [gaussian_mixture_model.h:498] Starting initialization using random value from the first batch
2025-04-13 20:59:25 INFO  ren0 [gaussian_mixture_model.h:511] Initialized using random value from the first batch
2025-04-13 20:59:25 INFO  ren0 [gaussian_mixture_model.h:653] Finished component cache
2025-04-13 20:59:28 INFO  ren0 [gaussian_mixture_model.h:691] Finish E step
2025-04-13 20:59:33 INFO  ren0 [gaussian_mixture_model.h:184] sample count: 185942
2025-04-13 20:59:33 INFO  ren0 [gaussian_mixture_model.h:246] components before the merge: 20
2025-04-13 20:59:33 INFO  ren0 [gaussian_mixture_model.h:265] components after the merge: 4, merged 16 component
2025-04-13 20:59:33 INFO  ren0 [gaussian_mixture_model.h:283] components after the split: 5, split 1 components
2025-04-13 20:59:33 INFO  ren0 [gaussian_mixture_model.h:713] Finish M step
2025-04-13 20:59:33 INFO  ren0 [octree.h:501] root weight: 4.636e+06 (4636147.000000)
2025-04-13 20:59:33 INFO  ren0 [octree.h:502] splitting threshold: 4.636e+03 (4636.147461)
2025-04-13 20:59:33 INFO  ren0 [octree.h:501] root weight: 2.554e+06 (2553833.250000)
2025-04-13 20:59:33 INFO  ren0 [octree.h:502] splitting threshold: 2.554e+03 (2553.833252)
2025-04-13 20:59:33 INFO  ren0 [octree.h:517] node count: 585 -> 636 -> 366

2025-04-13 20:59:33 INFO  ren0 [octree.h:517] node count: 585 -> 610 -> 214

2025-04-13 20:59:33 INFO  ren0 [PMMFocalGuidingIntegrator] diverge probability: 0.355

2025-04-13 20:59:33 INFO  ren0 [PMMFocalGuidingIntegrator] iteration postprocessing time: 8.0625s
2025-04-13 20:59:33 INFO  ren0 [PMMFocalGuidingIntegrator] GMM[
weight = 0.0615276 mean = [-1.17682 0.764782 7.1306] covariance = [[1.23355 -0.147319 0.124537][-0.147319 1.36038 0.0360372][0.124537 0.0360372 0.58947]]
weight = 0.113871 mean = [1.88028 1.36292 5.71063] covariance = [[0.999688 0.171844 0.316033][0.171844 1.4889 0.70979][0.316033 0.70979 1.89359]]
weight = 0.0615276 mean = [0.0455753 1.61924 7.44968] covariance = [[1.23355 -0.147319 0.124537][-0.147319 1.36038 0.0360372][0.124537 0.0360372 0.58947]]
weight = 0.071154 mean = [-1.12072 1.32305 4.96712] covariance = [[1.35091 -0.296622 0.211916][-0.296622 1.375 0.176467][0.211916 0.176467 1.3207]]
weight = 0.69192 mean = [-0.0786473 1.40165 2.42739] covariance = [[2.21128 0.0532142 -0.109056][0.0532142 1.0406 -0.095137][-0.109056 -0.095137 1.54243]]
]
2025-04-13 20:59:33 INFO  ren0 [PMMFocalGuidingIntegrator] Octree[
AABB: AABB3[min=[-2.59024, -0.170842, 0.361397], max=[3.15696, 3.22949, 8.19165]]
Nodes count: 366
]
2025-04-13 20:59:33 INFO  ren0 [PMMFocalGuidingIntegrator] Octree[
AABB: AABB3[min=[-2.59024, -0.170842, 0.361397], max=[3.15696, 3.22949, 8.19165]]
Nodes count: 214
]
2025-04-13 20:59:33 INFO  ren0 [PMMFocalGuidingIntegrator] Rendering 1 iteration
2025-04-13 20:59:33 INFO  ren0 [SamplingIntegrator] Starting render job (1280x720, 4 samples, 8 cores, SSE2 enabled) ..
2025-04-13 21:00:01 INFO  wrk2 [PMMFocalGuidingIntegrator] w0 is 0
2025-04-13 21:00:02 INFO  wrk2 [PMMFocalGuidingIntegrator] w0 is 0
2025-04-13 21:00:08 INFO  wrk2 [PMMFocalGuidingIntegrator] w0 is 0
2025-04-13 21:00:08 INFO  wrk2 [PMMFocalGuidingIntegrator] w0 is 0
2025-04-13 21:00:08 INFO  wrk1 [PMMFocalGuidingIntegrator] w0 is 0
2025-04-13 21:00:08 INFO  wrk2 [PMMFocalGuidingIntegrator] w0 is 0
2025-04-13 21:00:08 INFO  wrk2 [PMMFocalGuidingIntegrator] w0 is 0
2025-04-13 21:00:08 INFO  wrk1 [PMMFocalGuidingIntegrator] w0 is 0
2025-04-13 21:00:08 INFO  wrk1 [PMMFocalGuidingIntegrator] w0 is 0
2025-04-13 21:00:08 INFO  wrk1 [PMMFocalGuidingIntegrator] w0 is 0
2025-04-13 21:01:11 INFO  ren0 [PMMFocalGuidingIntegrator] iteration render time: 1.6363m
2025-04-13 21:01:11 INFO  ren0 [PMMFocalGuidingIntegrator] Got 83903 non-zero samples
2025-04-13 21:01:11 INFO  ren0 [gaussian_mixture_model.h:630] Starting batch processing in parallel
2025-04-13 21:01:11 INFO  ren0 [gaussian_mixture_model.h:653] Finished component cache
2025-04-13 21:01:12 INFO  ren0 [gaussian_mixture_model.h:691] Finish E step
2025-04-13 21:01:12 INFO  ren0 [gaussian_mixture_model.h:184] sample count: 83903
2025-04-13 21:01:12 INFO  ren0 [gaussian_mixture_model.h:246] components before the merge: 5
2025-04-13 21:01:12 INFO  ren0 [gaussian_mixture_model.h:265] components after the merge: 3, merged 2 component
2025-04-13 21:01:12 INFO  ren0 [gaussian_mixture_model.h:283] components after the split: 3, split 0 components
2025-04-13 21:01:12 INFO  ren0 [gaussian_mixture_model.h:713] Finish M step
2025-04-13 21:01:12 INFO  ren0 [octree.h:501] root weight: 4.228e+06 (4227661.500000)
2025-04-13 21:01:12 INFO  ren0 [octree.h:502] splitting threshold: 4.228e+03 (4227.661621)
2025-04-13 21:01:12 INFO  ren0 [octree.h:501] root weight: 2.758e+06 (2757796.750000)
2025-04-13 21:01:12 INFO  ren0 [octree.h:502] splitting threshold: 2.758e+03 (2757.796875)
2025-04-13 21:01:12 INFO  ren0 [octree.h:517] node count: 366 -> 453 -> 332

2025-04-13 21:01:12 INFO  ren0 [octree.h:517] node count: 214 -> 299 -> 246

2025-04-13 21:01:12 INFO  ren0 [PMMFocalGuidingIntegrator] diverge probability: 0.395

2025-04-13 21:01:12 INFO  ren0 [PMMFocalGuidingIntegrator] iteration postprocessing time: 1.0594s
2025-04-13 21:01:12 INFO  ren0 [PMMFocalGuidingIntegrator] GMM[
weight = 0.128994 mean = [1.80959 1.37693 5.55321] covariance = [[0.839985 0.143115 0.35043][0.143115 1.18826 0.502183][0.35043 0.502183 1.71677]]
weight = 0.0962278 mean = [-0.478568 1.21312 7.2468] covariance = [[1.62778 0.0704502 0.168657][0.0704502 1.35627 0.0586976][0.168657 0.0586976 0.604912]]
weight = 0.774779 mean = [-0.0511667 1.52881 2.71869] covariance = [[1.95051 0.0547868 -0.0831238][0.0547868 1.06377 -0.0835203][-0.0831238 -0.0835203 1.91828]]
]
2025-04-13 21:01:12 INFO  ren0 [PMMFocalGuidingIntegrator] Octree[
AABB: AABB3[min=[-2.59024, -0.170842, 0.361397], max=[3.15696, 3.22949, 8.19165]]
Nodes count: 332
]
2025-04-13 21:01:12 INFO  ren0 [PMMFocalGuidingIntegrator] Octree[
AABB: AABB3[min=[-2.59024, -0.170842, 0.361397], max=[3.15696, 3.22949, 8.19165]]
Nodes count: 246
]
2025-04-13 21:01:12 INFO  ren0 [PMMFocalGuidingIntegrator] Rendering 2 iteration
2025-04-13 21:01:12 INFO  ren0 [SamplingIntegrator] Starting render job (1280x720, 4 samples, 8 cores, SSE2 enabled) ..
2025-04-13 21:01:38 INFO  wrk4 [PMMFocalGuidingIntegrator] w0 is 0
2025-04-13 21:01:38 INFO  wrk1 [PMMFocalGuidingIntegrator] w0 is 0
2025-04-13 21:01:43 INFO  wrk3 [PMMFocalGuidingIntegrator] w0 is 0
2025-04-13 21:01:44 INFO  wrk3 [PMMFocalGuidingIntegrator] w0 is 0
2025-04-13 21:01:44 INFO  wrk6 [PMMFocalGuidingIntegrator] w0 is 0
2025-04-13 21:01:44 INFO  wrk3 [PMMFocalGuidingIntegrator] w0 is 0
2025-04-13 21:01:44 INFO  wrk6 [PMMFocalGuidingIntegrator] w0 is 0
2025-04-13 21:01:44 INFO  wrk6 [PMMFocalGuidingIntegrator] w0 is 0
2025-04-13 21:02:31 INFO  ren0 [PMMFocalGuidingIntegrator] iteration render time: 1.3147m
2025-04-13 21:02:31 INFO  ren0 [PMMFocalGuidingIntegrator] Got 131789 non-zero samples
2025-04-13 21:02:31 INFO  ren0 [gaussian_mixture_model.h:630] Starting batch processing in parallel
2025-04-13 21:02:31 INFO  ren0 [gaussian_mixture_model.h:653] Finished component cache
2025-04-13 21:02:32 INFO  ren0 [gaussian_mixture_model.h:691] Finish E step
2025-04-13 21:02:33 INFO  ren0 [gaussian_mixture_model.h:184] sample count: 131789
2025-04-13 21:02:33 INFO  ren0 [gaussian_mixture_model.h:246] components before the merge: 3
2025-04-13 21:02:33 INFO  ren0 [gaussian_mixture_model.h:265] components after the merge: 3, merged 1 component
2025-04-13 21:02:33 INFO  ren0 [gaussian_mixture_model.h:283] components after the split: 3, split 0 components
2025-04-13 21:02:33 INFO  ren0 [gaussian_mixture_model.h:713] Finish M step
2025-04-13 21:02:33 INFO  ren0 [octree.h:501] root weight: 3.992e+06 (3991670.500000)
2025-04-13 21:02:33 INFO  ren0 [octree.h:502] splitting threshold: 3.992e+03 (3991.670654)
2025-04-13 21:02:33 INFO  ren0 [octree.h:501] root weight: 2.785e+06 (2785268.000000)
2025-04-13 21:02:33 INFO  ren0 [octree.h:502] splitting threshold: 2.785e+03 (2785.268066)
2025-04-13 21:02:33 INFO  ren0 [octree.h:517] node count: 332 -> 391 -> 329

2025-04-13 21:02:33 INFO  ren0 [octree.h:517] node count: 246 -> 305 -> 254

2025-04-13 21:02:33 INFO  ren0 [PMMFocalGuidingIntegrator] diverge probability: 0.411

2025-04-13 21:02:33 INFO  ren0 [PMMFocalGuidingIntegrator] iteration postprocessing time: 1.4598s
2025-04-13 21:02:33 INFO  ren0 [PMMFocalGuidingIntegrator] GMM[
weight = 0.146397 mean = [1.72529 1.35369 5.35648] covariance = [[0.605257 0.0879484 0.351254][0.0879484 0.78584 0.240867][0.351254 0.240867 1.47958]]
weight = 0.0629375 mean = [-0.191744 1.28799 7.13544] covariance = [[2.07005 -0.175841 0.294766][-0.175841 1.06063 -0.0279157][0.294766 -0.0279157 0.609653]]
weight = 0.790666 mean = [0.173635 1.65809 2.82168] covariance = [[1.55659 0.01351 0.0996185][0.01351 0.925759 -0.147628][0.0996185 -0.147628 1.69775]]
]
2025-04-13 21:02:33 INFO  ren0 [PMMFocalGuidingIntegrator] Octree[
AABB: AABB3[min=[-2.59024, -0.170842, 0.361397], max=[3.15696, 3.22949, 8.19165]]
Nodes count: 329
]
2025-04-13 21:02:33 INFO  ren0 [PMMFocalGuidingIntegrator] Octree[
AABB: AABB3[min=[-2.59024, -0.170842, 0.361397], max=[3.15696, 3.22949, 8.19165]]
Nodes count: 254
]
2025-04-13 21:02:33 INFO  ren0 [PMMFocalGuidingIntegrator] Rendering 3 iteration
2025-04-13 21:02:33 INFO  ren0 [SamplingIntegrator] Starting render job (1280x720, 4 samples, 8 cores, SSE2 enabled) ..
2025-04-13 21:02:53 INFO  wrk2 [PMMFocalGuidingIntegrator] w0 is 0
2025-04-13 21:02:53 INFO  wrk2 [PMMFocalGuidingIntegrator] w0 is 0
2025-04-13 21:02:58 INFO  wrk6 [PMMFocalGuidingIntegrator] w0 is 0
2025-04-13 21:03:44 INFO  ren0 [PMMFocalGuidingIntegrator] iteration render time: 1.1824m
2025-04-13 21:03:44 INFO  ren0 [PMMFocalGuidingIntegrator] Got 178908 non-zero samples
2025-04-13 21:03:44 INFO  ren0 [gaussian_mixture_model.h:630] Starting batch processing in parallel
2025-04-13 21:03:44 INFO  ren0 [gaussian_mixture_model.h:653] Finished component cache
2025-04-13 21:03:45 INFO  ren0 [gaussian_mixture_model.h:691] Finish E step
2025-04-13 21:03:46 INFO  ren0 [gaussian_mixture_model.h:184] sample count: 178908
2025-04-13 21:03:46 INFO  ren0 [gaussian_mixture_model.h:246] components before the merge: 3
2025-04-13 21:03:46 INFO  ren0 [gaussian_mixture_model.h:265] components after the merge: 3, merged 1 component
2025-04-13 21:03:46 INFO  ren0 [gaussian_mixture_model.h:283] components after the split: 5, split 2 components
2025-04-13 21:03:46 INFO  ren0 [gaussian_mixture_model.h:713] Finish M step
2025-04-13 21:03:46 INFO  ren0 [octree.h:501] root weight: 3.913e+06 (3912550.000000)
2025-04-13 21:03:46 INFO  ren0 [octree.h:502] splitting threshold: 3.913e+03 (3912.550293)
2025-04-13 21:03:46 INFO  ren0 [octree.h:501] root weight: 2.872e+06 (2872491.750000)
2025-04-13 21:03:46 INFO  ren0 [octree.h:502] splitting threshold: 2.872e+03 (2872.491943)
2025-04-13 21:03:46 INFO  ren0 [octree.h:517] node count: 329 -> 381 -> 327

2025-04-13 21:03:46 INFO  ren0 [octree.h:517] node count: 254 -> 298 -> 262

2025-04-13 21:03:46 INFO  ren0 [PMMFocalGuidingIntegrator] diverge probability: 0.423

2025-04-13 21:03:46 INFO  ren0 [PMMFocalGuidingIntegrator] iteration postprocessing time: 2.0456s
2025-04-13 21:03:46 INFO  ren0 [PMMFocalGuidingIntegrator] GMM[
weight = 0.079431 mean = [1.41259 1.17107 4.63425] covariance = [[0.386379 0.0148638 0.125772][0.0148638 0.56541 0.0322483][0.125772 0.0322483 0.647348]]
weight = 0.0264879 mean = [-1.22068 1.59727 6.94694] covariance = [[1.07393 -0.0354088 0.0811531][-0.0354088 0.936329 -0.0338195][0.0811531 -0.0338195 0.552879]]
weight = 0.079431 mean = [1.84542 1.46005 5.70342] covariance = [[0.386379 0.0148638 0.125772][0.0148638 0.56541 0.0322483][0.125772 0.0322483 0.647348]]
weight = 0.0264879 mean = [0.195807 1.23451 7.181] covariance = [[1.07393 -0.0354088 0.0811531][-0.0354088 0.936329 -0.0338195][0.0811531 -0.0338195 0.552879]]
weight = 0.788162 mean = [0.221607 1.72765 2.87037] covariance = [[1.42035 -0.0276893 0.181213][-0.0276893 0.831403 -0.245924][0.181213 -0.245924 1.6274]]
]
2025-04-13 21:03:46 INFO  ren0 [PMMFocalGuidingIntegrator] Octree[
AABB: AABB3[min=[-2.59024, -0.170842, 0.361397], max=[3.15696, 3.22949, 8.19165]]
Nodes count: 327
]
2025-04-13 21:03:46 INFO  ren0 [PMMFocalGuidingIntegrator] Octree[
AABB: AABB3[min=[-2.59024, -0.170842, 0.361397], max=[3.15696, 3.22949, 8.19165]]
Nodes count: 262
]
2025-04-13 21:03:46 INFO  ren0 [PMMFocalGuidingIntegrator] Rendering 4 iteration
2025-04-13 21:03:46 INFO  ren0 [SamplingIntegrator] Starting render job (1280x720, 4 samples, 8 cores, SSE2 enabled) ..
2025-04-13 21:04:11 INFO  wrk3 [PMMFocalGuidingIntegrator] w0 is 0
2025-04-13 21:04:11 INFO  wrk2 [PMMFocalGuidingIntegrator] w0 is 0
2025-04-13 21:04:11 INFO  wrk2 [PMMFocalGuidingIntegrator] w0 is 0
2025-04-13 21:04:11 INFO  wrk0 [PMMFocalGuidingIntegrator] w0 is 0
2025-04-13 21:04:11 INFO  wrk6 [PMMFocalGuidingIntegrator] w0 is 0
2025-04-13 21:04:11 INFO  wrk6 [PMMFocalGuidingIntegrator] w0 is 0
2025-04-13 21:04:52 INFO  ren0 [PMMFocalGuidingIntegrator] iteration render time: 1.1107m
2025-04-13 21:04:52 INFO  ren0 [PMMFocalGuidingIntegrator] Got 204541 non-zero samples
2025-04-13 21:04:52 INFO  ren0 [gaussian_mixture_model.h:630] Starting batch processing in parallel
2025-04-13 21:04:52 INFO  ren0 [gaussian_mixture_model.h:653] Finished component cache
2025-04-13 21:04:54 INFO  ren0 [gaussian_mixture_model.h:691] Finish E step
2025-04-13 21:04:55 INFO  ren0 [gaussian_mixture_model.h:184] sample count: 204541
2025-04-13 21:04:55 INFO  ren0 [gaussian_mixture_model.h:246] components before the merge: 5
2025-04-13 21:04:55 INFO  ren0 [gaussian_mixture_model.h:265] components after the merge: 3, merged 2 component
2025-04-13 21:04:55 INFO  ren0 [gaussian_mixture_model.h:283] components after the split: 4, split 1 components
2025-04-13 21:04:55 INFO  ren0 [gaussian_mixture_model.h:713] Finish M step
2025-04-13 21:04:55 INFO  ren0 [octree.h:501] root weight: 3.868e+06 (3868414.000000)
2025-04-13 21:04:55 INFO  ren0 [octree.h:502] splitting threshold: 3.868e+03 (3868.414062)
2025-04-13 21:04:55 INFO  ren0 [octree.h:501] root weight: 2.997e+06 (2997402.250000)
2025-04-13 21:04:55 INFO  ren0 [octree.h:502] splitting threshold: 2.997e+03 (2997.402344)
2025-04-13 21:04:55 INFO  ren0 [octree.h:517] node count: 327 -> 370 -> 338

2025-04-13 21:04:55 INFO  ren0 [octree.h:517] node count: 262 -> 302 -> 281

2025-04-13 21:04:55 INFO  ren0 [PMMFocalGuidingIntegrator] diverge probability: 0.437

2025-04-13 21:04:55 INFO  ren0 [PMMFocalGuidingIntegrator] iteration postprocessing time: 2.6184s
2025-04-13 21:04:55 INFO  ren0 [PMMFocalGuidingIntegrator] GMM[
weight = 0.0828624 mean = [1.42091 1.23142 4.65253] covariance = [[0.300171 0.00716772 0.100061][0.00716772 0.518738 -0.00217857][0.100061 -0.00217857 0.479017]]
weight = 0.0828624 mean = [1.83665 1.41954 5.56889] covariance = [[0.300171 0.00716772 0.100061][0.00716772 0.518738 -0.00217857][0.100061 -0.00217857 0.479017]]
weight = 0.0469821 mean = [-0.4701 1.52184 6.96992] covariance = [[1.53321 -0.118575 0.292052][-0.118575 1.19064 0.0284308][0.292052 0.0284308 0.65031]]
weight = 0.787293 mean = [0.24979 1.77055 2.8579] covariance = [[1.32219 -0.0730161 0.194613][-0.0730161 0.776078 -0.265588][0.194613 -0.265588 1.58008]]
]
2025-04-13 21:04:55 INFO  ren0 [PMMFocalGuidingIntegrator] Octree[
AABB: AABB3[min=[-2.59024, -0.170842, 0.361397], max=[3.15696, 3.22949, 8.19165]]
Nodes count: 338
]
2025-04-13 21:04:55 INFO  ren0 [PMMFocalGuidingIntegrator] Octree[
AABB: AABB3[min=[-2.59024, -0.170842, 0.361397], max=[3.15696, 3.22949, 8.19165]]
Nodes count: 281
]
2025-04-13 21:04:55 INFO  ren0 [PMMFocalGuidingIntegrator] Rendering 5 iteration
2025-04-13 21:04:55 INFO  ren0 [SamplingIntegrator] Starting render job (1280x720, 4 samples, 8 cores, SSE2 enabled) ..
2025-04-13 21:05:13 INFO  wrk5 [PMMFocalGuidingIntegrator] w0 is 0
2025-04-13 21:05:17 INFO  wrk5 [PMMFocalGuidingIntegrator] w0 is 0
2025-04-13 21:05:18 INFO  wrk1 [PMMFocalGuidingIntegrator] w0 is 0
2025-04-13 21:05:18 INFO  wrk6 [PMMFocalGuidingIntegrator] w0 is 0
2025-04-13 21:05:18 INFO  wrk6 [PMMFocalGuidingIntegrator] w0 is 0
2025-04-13 21:05:18 INFO  wrk1 [PMMFocalGuidingIntegrator] w0 is 0
2025-04-13 21:05:18 INFO  wrk1 [PMMFocalGuidingIntegrator] w0 is 0
2025-04-13 21:05:18 INFO  wrk1 [PMMFocalGuidingIntegrator] w0 is 0
2025-04-13 21:05:55 INFO  ren0 [PMMFocalGuidingIntegrator] iteration render time: 59.5488s
2025-04-13 21:05:55 INFO  ren0 [PMMFocalGuidingIntegrator] Got 214936 non-zero samples
2025-04-13 21:05:55 INFO  ren0 [gaussian_mixture_model.h:630] Starting batch processing in parallel
2025-04-13 21:05:55 INFO  ren0 [gaussian_mixture_model.h:653] Finished component cache
2025-04-13 21:05:55 INFO  ren0 [gaussian_mixture_model.h:691] Finish E step
2025-04-13 21:05:56 INFO  ren0 [gaussian_mixture_model.h:184] sample count: 214936
2025-04-13 21:05:56 INFO  ren0 [gaussian_mixture_model.h:246] components before the merge: 4
2025-04-13 21:05:56 INFO  ren0 [gaussian_mixture_model.h:265] components after the merge: 3, merged 1 component
2025-04-13 21:05:56 INFO  ren0 [gaussian_mixture_model.h:283] components after the split: 4, split 1 components
2025-04-13 21:05:56 INFO  ren0 [gaussian_mixture_model.h:713] Finish M step
2025-04-13 21:05:56 INFO  ren0 [octree.h:501] root weight: 3.855e+06 (3854713.250000)
2025-04-13 21:05:56 INFO  ren0 [octree.h:502] splitting threshold: 3.855e+03 (3854.713379)
2025-04-13 21:05:56 INFO  ren0 [octree.h:501] root weight: 2.928e+06 (2928338.000000)
2025-04-13 21:05:56 INFO  ren0 [octree.h:502] splitting threshold: 2.928e+03 (2928.338135)
2025-04-13 21:05:56 INFO  ren0 [octree.h:517] node count: 338 -> 384 -> 358

2025-04-13 21:05:56 INFO  ren0 [octree.h:517] node count: 281 -> 316 -> 290

2025-04-13 21:05:56 INFO  ren0 [PMMFocalGuidingIntegrator] diverge probability: 0.432

2025-04-13 21:05:56 INFO  ren0 [PMMFocalGuidingIntegrator] iteration postprocessing time: 1.8867s
2025-04-13 21:05:56 INFO  ren0 [PMMFocalGuidingIntegrator] GMM[
weight = 0.0832667 mean = [1.81987 1.43814 5.46725] covariance = [[0.248465 -0.0101373 0.10514][-0.0101373 0.513601 -0.0116405][0.10514 -0.0116405 0.40918]]
weight = 0.0832667 mean = [1.41349 1.19369 4.63688] covariance = [[0.248465 -0.0101373 0.10514][-0.0101373 0.513601 -0.0116405][0.10514 -0.0116405 0.40918]]
weight = 0.0428438 mean = [-0.317905 1.59641 7.04357] covariance = [[1.81798 -0.0361261 0.418465][-0.0361261 1.09973 0.0756488][0.418465 0.0756488 0.677805]]
weight = 0.790623 mean = [0.272788 1.78527 2.84812] covariance = [[1.28453 -0.117798 0.208549][-0.117798 0.766887 -0.292929][0.208549 -0.292929 1.44876]]
]
2025-04-13 21:05:56 INFO  ren0 [PMMFocalGuidingIntegrator] Octree[
AABB: AABB3[min=[-2.59024, -0.170842, 0.361397], max=[3.15696, 3.22949, 8.19165]]
Nodes count: 358
]
2025-04-13 21:05:56 INFO  ren0 [PMMFocalGuidingIntegrator] Octree[
AABB: AABB3[min=[-2.59024, -0.170842, 0.361397], max=[3.15696, 3.22949, 8.19165]]
Nodes count: 290
]
2025-04-13 21:05:57 INFO  ren0 [PMMFocalGuidingIntegrator] Rendering 6 iteration
2025-04-13 21:05:57 INFO  ren0 [SamplingIntegrator] Starting render job (1280x720, 4 samples, 8 cores, SSE2 enabled) ..
2025-04-13 21:06:13 INFO  wrk1 [PMMFocalGuidingIntegrator] w0 is 0
2025-04-13 21:06:18 INFO  wrk3 [PMMFocalGuidingIntegrator] w0 is 0
2025-04-13 21:06:18 INFO  wrk1 [PMMFocalGuidingIntegrator] w0 is 0
2025-04-13 21:06:18 INFO  wrk1 [PMMFocalGuidingIntegrator] w0 is 0
2025-04-13 21:06:55 INFO  ren0 [PMMFocalGuidingIntegrator] iteration render time: 58.1672s
2025-04-13 21:06:55 INFO  ren0 [PMMFocalGuidingIntegrator] Got 213939 non-zero samples
2025-04-13 21:06:55 INFO  ren0 [gaussian_mixture_model.h:630] Starting batch processing in parallel
2025-04-13 21:06:55 INFO  ren0 [gaussian_mixture_model.h:653] Finished component cache
2025-04-13 21:06:56 INFO  ren0 [gaussian_mixture_model.h:691] Finish E step
2025-04-13 21:06:58 INFO  ren0 [gaussian_mixture_model.h:184] sample count: 213939
2025-04-13 21:06:58 INFO  ren0 [gaussian_mixture_model.h:246] components before the merge: 4
2025-04-13 21:06:58 INFO  ren0 [gaussian_mixture_model.h:265] components after the merge: 3, merged 1 component
2025-04-13 21:06:58 INFO  ren0 [gaussian_mixture_model.h:283] components after the split: 6, split 3 components
2025-04-13 21:06:58 INFO  ren0 [gaussian_mixture_model.h:713] Finish M step
2025-04-13 21:06:58 INFO  ren0 [octree.h:501] root weight: 5.174e+08 (517351520.000000)
2025-04-13 21:06:58 INFO  ren0 [octree.h:502] splitting threshold: 5.174e+05 (517351.531250)
2025-04-13 21:06:58 INFO  ren0 [octree.h:501] root weight: 4.878e+08 (487770240.000000)
2025-04-13 21:06:58 INFO  ren0 [octree.h:502] splitting threshold: 4.878e+05 (487770.250000)
2025-04-13 21:06:58 INFO  ren0 [octree.h:517] node count: 358 -> 532 -> 436

2025-04-13 21:06:58 INFO  ren0 [octree.h:517] node count: 290 -> 462 -> 396

2025-04-13 21:06:58 INFO  ren0 [PMMFocalGuidingIntegrator] diverge probability: 0.485

2025-04-13 21:06:58 INFO  ren0 [PMMFocalGuidingIntegrator] iteration postprocessing time: 2.8957s
2025-04-13 21:06:58 INFO  ren0 [PMMFocalGuidingIntegrator] GMM[
weight = 0.0640192 mean = [1.29472 1.69828 4.48654] covariance = [[0.161255 -0.00916748 0.113664][-0.00916748 0.379133 0.00750824][0.113664 0.00750824 0.315465]]
weight = 0.0110781 mean = [-0.992196 0.515718 7.19647] covariance = [[0.941264 0.0350046 0.140144][0.0350046 0.92286 -0.156301][0.140144 -0.156301 0.492634]]
weight = 0.0640192 mean = [1.67567 1.332 5.17207] covariance = [[0.161255 -0.00916748 0.113664][-0.00916748 0.379133 0.00750824][0.113664 0.00750824 0.315465]]
weight = 0.424903 mean = [-0.151227 2.41275 1.94112] covariance = [[0.754176 -0.138165 0.11576][-0.138165 0.612453 -0.198828][0.11576 -0.198828 0.934364]]
weight = 0.0110781 mean = [-0.201866 1.65096 7.05578] covariance = [[0.941264 0.0350046 0.140144][0.0350046 0.92286 -0.156301][0.140144 -0.156301 0.492634]]
weight = 0.424903 mean = [0.488548 1.76195 3.11671] covariance = [[0.754176 -0.138165 0.11576][-0.138165 0.612453 -0.198828][0.11576 -0.198828 0.934364]]
]
2025-04-13 21:06:58 INFO  ren0 [PMMFocalGuidingIntegrator] Octree[
AABB: AABB3[min=[-2.59024, -0.170842, 0.361397], max=[3.15696, 3.22949, 8.19165]]
Nodes count: 436
]
2025-04-13 21:06:58 INFO  ren0 [PMMFocalGuidingIntegrator] Octree[
AABB: AABB3[min=[-2.59024, -0.170842, 0.361397], max=[3.15696, 3.22949, 8.19165]]
Nodes count: 396
]
2025-04-13 21:06:58 INFO  ren0 [PMMFocalGuidingIntegrator] Rendering 7 iteration
2025-04-13 21:06:58 INFO  ren0 [SamplingIntegrator] Starting render job (1280x720, 4 samples, 8 cores, SSE2 enabled) ..
2025-04-13 21:07:17 INFO  wrk1 [PMMFocalGuidingIntegrator] w0 is 0
2025-04-13 21:07:22 INFO  wrk7 [PMMFocalGuidingIntegrator] w0 is 0
2025-04-13 21:07:22 INFO  wrk7 [PMMFocalGuidingIntegrator] w0 is 0
2025-04-13 21:07:22 INFO  wrk7 [PMMFocalGuidingIntegrator] w0 is 0
2025-04-13 21:07:22 INFO  wrk4 [PMMFocalGuidingIntegrator] w0 is 0
2025-04-13 21:07:22 INFO  wrk4 [PMMFocalGuidingIntegrator] w0 is 0
2025-04-13 21:08:02 INFO  ren0 [PMMFocalGuidingIntegrator] iteration render time: 1.0725m
2025-04-13 21:08:02 INFO  ren0 [PMMFocalGuidingIntegrator] Got 190845 non-zero samples
2025-04-13 21:08:02 INFO  ren0 [gaussian_mixture_model.h:630] Starting batch processing in parallel
2025-04-13 21:08:02 INFO  ren0 [gaussian_mixture_model.h:653] Finished component cache
2025-04-13 21:08:03 INFO  ren0 [gaussian_mixture_model.h:691] Finish E step
2025-04-13 21:08:05 INFO  ren0 [gaussian_mixture_model.h:184] sample count: 190845
2025-04-13 21:08:05 INFO  ren0 [gaussian_mixture_model.h:246] components before the merge: 6
2025-04-13 21:08:05 INFO  ren0 [gaussian_mixture_model.h:265] components after the merge: 3, merged 3 component
2025-04-13 21:08:05 INFO  ren0 [gaussian_mixture_model.h:283] components after the split: 11, split 8 components
2025-04-13 21:08:05 INFO  ren0 [gaussian_mixture_model.h:713] Finish M step
2025-04-13 21:08:05 INFO  ren0 [octree.h:501] root weight: 3.042e+10 (30418737152.000000)
2025-04-13 21:08:05 INFO  ren0 [octree.h:502] splitting threshold: 3.042e+07 (30418738.000000)
2025-04-13 21:08:05 INFO  ren0 [octree.h:501] root weight: 2.903e+10 (29030027264.000000)
2025-04-13 21:08:05 INFO  ren0 [octree.h:502] splitting threshold: 2.903e+07 (29030028.000000)
2025-04-13 21:08:05 INFO  ren0 [octree.h:517] node count: 436 -> 628 -> 534

2025-04-13 21:08:05 INFO  ren0 [octree.h:517] node count: 396 -> 585 -> 493

2025-04-13 21:08:05 INFO  ren0 [PMMFocalGuidingIntegrator] diverge probability: 0.488

2025-04-13 21:08:05 INFO  ren0 [PMMFocalGuidingIntegrator] iteration postprocessing time: 2.8415s
2025-04-13 21:08:05 INFO  ren0 [PMMFocalGuidingIntegrator] GMM[
weight = 0.0127385 mean = [1.07557 2.20167 4.14105] covariance = [[0.0784341 -0.014072 0.0449996][-0.014072 0.119632 -0.0197478][0.0449996 -0.0197478 0.134044]]
weight = 0.443188 mean = [-0.254808 2.58338 1.78605] covariance = [[0.466712 -0.109315 0.177874][-0.109315 0.41573 -0.166325][0.177874 -0.166325 0.694845]]
weight = 0.0127385 mean = [1.4461 1.84801 4.78901] covariance = [[0.0784341 -0.014072 0.0449996][-0.014072 0.119632 -0.0197478][0.0449996 -0.0197478 0.134044]]
weight = 0.0127385 mean = [1.70811 1.59793 5.24718] covariance = [[0.0784341 -0.014072 0.0449996][-0.014072 0.119632 -0.0197478][0.0449996 -0.0197478 0.134044]]
weight = 0.0127385 mean = [1.33758 1.95159 4.59923] covariance = [[0.0784341 -0.014072 0.0449996][-0.014072 0.119632 -0.0197478][0.0449996 -0.0197478 0.134044]]
weight = 0.0127385 mean = [1.36688 1.42786 4.60499] covariance = [[0.0784341 -0.014072 0.0449996][-0.014072 0.119632 -0.0197478][0.0449996 -0.0197478 0.134044]]
weight = 0.0127385 mean = [1.62889 1.17778 5.06317] covariance = [[0.0784341 -0.014072 0.0449996][-0.014072 0.119632 -0.0197478][0.0449996 -0.0197478 0.134044]]
weight = 0.0127385 mean = [0.996343 1.78153 3.95704] covariance = [[0.0784341 -0.014072 0.0449996][-0.014072 0.119632 -0.0197478][0.0449996 -0.0197478 0.134044]]
weight = 0.0127385 mean = [1.25835 1.53145 4.41521] covariance = [[0.0784341 -0.014072 0.0449996][-0.014072 0.119632 -0.0197478][0.0449996 -0.0197478 0.134044]]
weight = 0.0117155 mean = [-0.136756 0.792092 6.86841] covariance = [[1.55985 -0.0530664 -0.623176][-0.0530664 1.20304 -0.136982][-0.623176 -0.136982 0.983809]]
weight = 0.443188 mean = [0.343453 2.05997 2.84575] covariance = [[0.466712 -0.109315 0.177874][-0.109315 0.41573 -0.166325][0.177874 -0.166325 0.694845]]
]
2025-04-13 21:08:05 INFO  ren0 [PMMFocalGuidingIntegrator] Octree[
AABB: AABB3[min=[-2.59024, -0.170842, 0.361397], max=[3.15696, 3.22949, 8.19165]]
Nodes count: 534
]
2025-04-13 21:08:05 INFO  ren0 [PMMFocalGuidingIntegrator] Octree[
AABB: AABB3[min=[-2.59024, -0.170842, 0.361397], max=[3.15696, 3.22949, 8.19165]]
Nodes count: 493
]
2025-04-13 21:08:05 INFO  ren0 [PMMFocalGuidingIntegrator] Finished training phase. Starting real rendering.
2025-04-13 21:08:05 INFO  ren0 [PMMFocalGuidingIntegrator] Starting render job (1280x720, 256 samples, 8 cores, SSE2 enabled) ..
2025-04-13 22:26:33 INFO  ren0 [PMMFocalGuidingIntegrator] Remaining rendering time: 1280
2025-04-13 22:26:33 INFO  ren0 [PMMFocalGuidingIntegrator] rendered 256 samples per pixel in 1.3078h.
2025-04-13 22:26:33 INFO  ren0 [RenderJob] Render time: 1.5212h
2025-04-13 22:26:33 INFO  ren0 [PMMFocalGuidingIntegrator] iteration render time: 1.3078h
2025-04-13 22:26:33 INFO  ren0 [PMMFocalGuidingIntegrator] GMM[
weight = 0.0127385 mean = [1.07557 2.20167 4.14105] covariance = [[0.0784341 -0.014072 0.0449996][-0.014072 0.119632 -0.0197478][0.0449996 -0.0197478 0.134044]]
weight = 0.443188 mean = [-0.254808 2.58338 1.78605] covariance = [[0.466712 -0.109315 0.177874][-0.109315 0.41573 -0.166325][0.177874 -0.166325 0.694845]]
weight = 0.0127385 mean = [1.4461 1.84801 4.78901] covariance = [[0.0784341 -0.014072 0.0449996][-0.014072 0.119632 -0.0197478][0.0449996 -0.0197478 0.134044]]
weight = 0.0127385 mean = [1.70811 1.59793 5.24718] covariance = [[0.0784341 -0.014072 0.0449996][-0.014072 0.119632 -0.0197478][0.0449996 -0.0197478 0.134044]]
weight = 0.0127385 mean = [1.33758 1.95159 4.59923] covariance = [[0.0784341 -0.014072 0.0449996][-0.014072 0.119632 -0.0197478][0.0449996 -0.0197478 0.134044]]
weight = 0.0127385 mean = [1.36688 1.42786 4.60499] covariance = [[0.0784341 -0.014072 0.0449996][-0.014072 0.119632 -0.0197478][0.0449996 -0.0197478 0.134044]]
weight = 0.0127385 mean = [1.62889 1.17778 5.06317] covariance = [[0.0784341 -0.014072 0.0449996][-0.014072 0.119632 -0.0197478][0.0449996 -0.0197478 0.134044]]
weight = 0.0127385 mean = [0.996343 1.78153 3.95704] covariance = [[0.0784341 -0.014072 0.0449996][-0.014072 0.119632 -0.0197478][0.0449996 -0.0197478 0.134044]]
weight = 0.0127385 mean = [1.25835 1.53145 4.41521] covariance = [[0.0784341 -0.014072 0.0449996][-0.014072 0.119632 -0.0197478][0.0449996 -0.0197478 0.134044]]
weight = 0.0117155 mean = [-0.136756 0.792092 6.86841] covariance = [[1.55985 -0.0530664 -0.623176][-0.0530664 1.20304 -0.136982][-0.623176 -0.136982 0.983809]]
weight = 0.443188 mean = [0.343453 2.05997 2.84575] covariance = [[0.466712 -0.109315 0.177874][-0.109315 0.41573 -0.166325][0.177874 -0.166325 0.694845]]
]
2025-04-13 22:26:33 INFO  ren0 [HDRFilm] Writing image to "/home/julia/PBRT/PMM_focal_guiding/mitsuba/../scenes/living-room/living-room.exr" ..
2025-04-13 22:26:33 INFO  main [statistics.cpp:142] Statistics:
------------------------------------------------------------
 * Loaded plugins :
    -  plugins/bitmap.so [Bitmap texture]
    -  plugins/box.so [Box filter]
    -  plugins/conductor.so [Smooth conductor]
    -  plugins/dielectric.so [Smooth dielectric BSDF]
    -  plugins/diffuse.so [Smooth diffuse BRDF]
    -  plugins/hdrfilm.so [High dynamic range film]
    -  plugins/independent.so [Independent sampler]
    -  plugins/lanczos.so [Lanczos Sinc filter]
    -  plugins/mask.so [Mask BSDF]
    -  plugins/obj.so [OBJ triangle mesh loader]
    -  plugins/perspective.so [Perspective camera]
    -  plugins/plastic.so [Smooth plastic BRDF]
    -  plugins/ply.so [PLY mesh loader]
    -  plugins/pmm_focal_guiding.so [PMM focal guiding path tracer]
    -  plugins/rectangle.so [Rectangle intersection primitive]
    -  plugins/roughconductor.so [Rough conductor BRDF]
    -  plugins/roughdielectric.so [Rough dielectric BSDF]
    -  plugins/roughplastic.so [Rough plastic BRDF]
    -  plugins/spot.so [Spot light]
    -  plugins/thindielectric.so [Thin dielectric BSDF]
    -  plugins/twosided.so [Two-sided BRDF adapter]

  * General :
    -  Normal rays traced : 836.961 M
    -  Shadow rays traced : 810.055 M

  * Path tracer :
    -  Average path length : 3.55 (837.37 M / 235.93 M)
    -  Sampled from Converging : 207.213 M
    -  Sampled from Diverging : 197.808 M
    -  Sampled from GMM : 405.020 M

  * Texture system :
    -  Filtered texture lookups : 13.27 % (12.17 M of 91.71 M)
------------------------------------------------------------
