2025-03-16 03:37:51 INFO  main [mitsuba.cpp:274] Mitsuba version 0.6.0 (Linux, 64 bit), Copyright (c) 2017 Wenzel Jakob
2025-03-16 03:37:51 INFO  main [mitsuba.cpp:377] Parsing scene description from "../../scenes/dining-room/dining-room.xml" ..
2025-03-16 03:37:51 INFO  main [scenehandler.cpp:675] In file "/home/julia/PBRT/PMM_focal_guiding/mitsuba/dist/../../scenes/dining-room/dining-room.xml" (near line 18): Parsing included file "pmm_focal_guiding.xml" ..
2025-03-16 03:37:51 INFO  main [PluginManager] Loading plugin "plugins/pmm_focal_guiding.so" ..
2025-03-16 03:37:51 INFO  main [octree.h:482] root weight: 8.000e-20 (0.000000)
2025-03-16 03:37:51 INFO  main [octree.h:483] splitting threshold: 8.000e-23 (0.000000)
2025-03-16 03:37:51 INFO  main [octree.h:498] node count: 1 -> 585 -> 585

2025-03-16 03:37:51 INFO  main [octree.h:482] root weight: 8.000e-20 (0.000000)
2025-03-16 03:37:51 INFO  main [octree.h:483] splitting threshold: 8.000e-23 (0.000000)
2025-03-16 03:37:51 INFO  main [octree.h:498] node count: 1 -> 585 -> 585

2025-03-16 03:37:51 INFO  main [pmm_focal_guiding.cpp:109] Will save the GMM to file in directory ../scenes/dining-room/
2025-03-16 03:37:51 INFO  main [PMMFocalGuidingIntegrator] GMM params: alpha = 0.250000, split_th = 7.000000, merge_th = 0.500000, min_num_comp = 3, max_num_comp = 10
2025-03-16 03:37:51 INFO  main [PMMFocalGuidingIntegrator] iterationCount: 8
2025-03-16 03:37:51 INFO  main [PMMFocalGuidingIntegrator] PMMFocalGuidingIntegrator
  maxDepth = 40,
  rrDepth = 14,
  strictNormals = 1
  gmm = GMM[
]
]
2025-03-16 03:37:51 WARN  main [scenehandler.cpp:795] In file "/home/julia/PBRT/PMM_focal_guiding/mitsuba/dist/../../scenes/dining-room/../_integrators/pmm_focal_guiding.xml" (near line 50): Unqueried attribute "budget" in element "integrator"
2025-03-16 03:37:51 WARN  main [scenehandler.cpp:795] In file "/home/julia/PBRT/PMM_focal_guiding/mitsuba/dist/../../scenes/dining-room/../_integrators/pmm_focal_guiding.xml" (near line 50): Unqueried attribute "dumpPrimaryRays" in element "integrator"
2025-03-16 03:37:51 WARN  main [scenehandler.cpp:795] In file "/home/julia/PBRT/PMM_focal_guiding/mitsuba/dist/../../scenes/dining-room/../_integrators/pmm_focal_guiding.xml" (near line 50): Unqueried attribute "dumpScene" in element "integrator"
2025-03-16 03:37:51 WARN  main [scenehandler.cpp:795] In file "/home/julia/PBRT/PMM_focal_guiding/mitsuba/dist/../../scenes/dining-room/../_integrators/pmm_focal_guiding.xml" (near line 50): Unqueried attribute "normalBinning" in element "integrator"
2025-03-16 03:37:51 WARN  main [scenehandler.cpp:795] In file "/home/julia/PBRT/PMM_focal_guiding/mitsuba/dist/../../scenes/dining-room/../_integrators/pmm_focal_guiding.xml" (near line 50): Unqueried attribute "samplingMode" in element "integrator"
2025-03-16 03:37:51 WARN  main [scenehandler.cpp:795] In file "/home/julia/PBRT/PMM_focal_guiding/mitsuba/dist/../../scenes/dining-room/../_integrators/pmm_focal_guiding.xml" (near line 50): Unqueried attribute "unboundedSplatting" in element "integrator"
2025-03-16 03:37:51 WARN  main [scenehandler.cpp:795] In file "/home/julia/PBRT/PMM_focal_guiding/mitsuba/dist/../../scenes/dining-room/../_integrators/pmm_focal_guiding.xml" (near line 51): Unqueried attribute "saveGMMDirectory" in element "scene"
2025-03-16 03:37:51 INFO  main [PluginManager] Loading plugin "plugins/independent.so" ..
2025-03-16 03:37:51 INFO  main [PluginManager] Loading plugin "plugins/box.so" ..
2025-03-16 03:37:51 INFO  main [PluginManager] Loading plugin "plugins/hdrfilm.so" ..
2025-03-16 03:37:51 INFO  main [PluginManager] Loading plugin "plugins/perspective.so" ..
2025-03-16 03:37:51 INFO  main [PluginManager] Loading plugin "plugins/roughplastic.so" ..
2025-03-16 03:37:51 INFO  main [PluginManager] Loading plugin "plugins/twosided.so" ..
2025-03-16 03:37:51 INFO  main [PluginManager] Loading plugin "plugins/roughconductor.so" ..
2025-03-16 03:37:51 INFO  main [spectrum.cpp:599] "Cu.eta.spd": loaded a spectral power distribution with 55 entries (between 302.400421 and 885.601257 nm)
2025-03-16 03:37:51 INFO  main [spectrum.cpp:599] "Cu.k.spd": loaded a spectral power distribution with 55 entries (between 302.400421 and 885.601257 nm)
2025-03-16 03:37:51 INFO  main [PluginManager] Loading plugin "plugins/diffuse.so" ..
2025-03-16 03:37:51 INFO  main [PluginManager] Loading plugin "plugins/bitmap.so" ..
2025-03-16 03:37:51 INFO  main [BitmapTexture] Loading texture "picture3.jpg"
2025-03-16 03:37:51 INFO  main [MIPMap] Mapped MIP map cache file "/home/julia/PBRT/PMM_focal_guiding/mitsuba/dist/../../scenes/dining-room/textures/picture3.mip" into memory (18.8 MiB).
2025-03-16 03:37:51 INFO  main [BitmapTexture] Loading texture "Tiles.jpg"
2025-03-16 03:37:51 INFO  main [PluginManager] Loading plugin "plugins/lanczos.so" ..
2025-03-16 03:37:51 INFO  main [spectrum.cpp:599] "Cu.eta.spd": loaded a spectral power distribution with 55 entries (between 302.400421 and 885.601257 nm)
2025-03-16 03:37:51 INFO  main [spectrum.cpp:599] "Cu.k.spd": loaded a spectral power distribution with 55 entries (between 302.400421 and 885.601257 nm)
2025-03-16 03:37:52 INFO  main [PluginManager] Loading plugin "plugins/conductor.so" ..
2025-03-16 03:37:52 INFO  main [spectrum.cpp:599] "Ir.eta.spd": loaded a spectral power distribution with 28 entries (between 302.389984 and 885.570984 nm)
2025-03-16 03:37:52 INFO  main [spectrum.cpp:599] "Ir.k.spd": loaded a spectral power distribution with 28 entries (between 302.389984 and 885.570984 nm)
2025-03-16 03:37:52 INFO  main [spectrum.cpp:599] "Cu.eta.spd": loaded a spectral power distribution with 55 entries (between 302.400421 and 885.601257 nm)
2025-03-16 03:37:52 INFO  main [spectrum.cpp:599] "Cu.k.spd": loaded a spectral power distribution with 55 entries (between 302.400421 and 885.601257 nm)
2025-03-16 03:37:52 INFO  main [BitmapTexture] Loading texture "Teacup.png"
2025-03-16 03:37:52 INFO  main [spectrum.cpp:599] "Cu.eta.spd": loaded a spectral power distribution with 55 entries (between 302.400421 and 885.601257 nm)
2025-03-16 03:37:52 INFO  main [spectrum.cpp:599] "Cu.k.spd": loaded a spectral power distribution with 55 entries (between 302.400421 and 885.601257 nm)
2025-03-16 03:37:52 INFO  main [PluginManager] Loading plugin "plugins/area.so" ..
2025-03-16 03:37:52 INFO  main [PluginManager] Loading plugin "plugins/disk.so" ..
2025-03-16 03:37:52 INFO  main [PluginManager] Loading plugin "plugins/ply.so" ..
2025-03-16 03:37:52 INFO  main [PLYLoader] Loading geometry from "parabol1.ply" ..
2025-03-16 03:37:52 INFO  main [PLYLoader] "parabol1": Loaded 25856 triangles, 13057 vertices (456.0 KiB in 26 ms).
2025-03-16 03:37:52 INFO  main [PLYLoader] Loading geometry from "parabol2.ply" ..
2025-03-16 03:37:52 INFO  main [PLYLoader] "parabol2": Loaded 25856 triangles, 13057 vertices (456.0 KiB in 25 ms).
2025-03-16 03:37:52 INFO  main [PluginManager] Loading plugin "plugins/obj.so" ..
2025-03-16 03:37:52 INFO  main [WavefrontOBJ] Loading geometry from "Mesh013.obj" ..
2025-03-16 03:37:52 INFO  main [WavefrontOBJ] Mesh013: 1056 triangles, 577 vertices (merged 2591 vertices).
2025-03-16 03:37:52 INFO  main [WavefrontOBJ] Done with "Mesh013.obj" (took 11 ms)
2025-03-16 03:37:52 INFO  main [WavefrontOBJ] Loading geometry from "Mesh016.obj" ..
2025-03-16 03:37:52 INFO  main [WavefrontOBJ] Mesh016: 384 triangles, 768 vertices (merged 384 vertices).
2025-03-16 03:37:52 INFO  main [WavefrontOBJ] Done with "Mesh016.obj" (took 7 ms)
2025-03-16 03:37:52 INFO  main [WavefrontOBJ] Loading geometry from "Mesh015.obj" ..
2025-03-16 03:37:52 INFO  main [WavefrontOBJ] Mesh015: 3136 triangles, 1680 vertices (merged 7728 vertices).
2025-03-16 03:37:52 INFO  main [WavefrontOBJ] Done with "Mesh015.obj" (took 23 ms)
2025-03-16 03:37:52 INFO  main [WavefrontOBJ] Loading geometry from "Mesh023.obj" ..
2025-03-16 03:37:52 INFO  main [WavefrontOBJ] Mesh023: 1056 triangles, 577 vertices (merged 2591 vertices).
2025-03-16 03:37:52 INFO  main [WavefrontOBJ] Done with "Mesh023.obj" (took 11 ms)
2025-03-16 03:37:52 INFO  main [WavefrontOBJ] Loading geometry from "Mesh020.obj" ..
2025-03-16 03:37:52 INFO  main [WavefrontOBJ] Mesh020: 384 triangles, 768 vertices (merged 384 vertices).
2025-03-16 03:37:52 INFO  main [WavefrontOBJ] Done with "Mesh020.obj" (took 5 ms)
2025-03-16 03:37:52 INFO  main [WavefrontOBJ] Loading geometry from "Mesh017.obj" ..
2025-03-16 03:37:52 INFO  main [WavefrontOBJ] Mesh017: 3136 triangles, 1680 vertices (merged 7728 vertices).
2025-03-16 03:37:52 INFO  main [WavefrontOBJ] Done with "Mesh017.obj" (took 24 ms)
2025-03-16 03:37:52 INFO  main [WavefrontOBJ] Loading geometry from "Mesh024.obj" ..
2025-03-16 03:37:52 INFO  main [WavefrontOBJ] Mesh024: 34 triangles, 68 vertices (merged 34 vertices).
2025-03-16 03:37:52 INFO  main [WavefrontOBJ] Done with "Mesh024.obj" (took 0 ms)
2025-03-16 03:37:52 INFO  main [WavefrontOBJ] Loading geometry from "Mesh041.obj" ..
2025-03-16 03:37:52 INFO  main [WavefrontOBJ] Mesh041: 8 triangles, 16 vertices (merged 8 vertices).
2025-03-16 03:37:52 INFO  main [WavefrontOBJ] Done with "Mesh041.obj" (took 0 ms)
2025-03-16 03:37:52 INFO  main [WavefrontOBJ] Loading geometry from "Mesh011.obj" ..
2025-03-16 03:37:52 INFO  main [WavefrontOBJ] Mesh011: 8992 triangles, 4544 vertices (merged 22432 vertices).
2025-03-16 03:37:52 INFO  main [WavefrontOBJ] Done with "Mesh011.obj" (took 83 ms)
2025-03-16 03:37:52 INFO  main [WavefrontOBJ] Loading geometry from "Mesh026.obj" ..
2025-03-16 03:37:52 INFO  main [WavefrontOBJ] Mesh026: 7624 triangles, 4070 vertices (merged 18802 vertices).
2025-03-16 03:37:52 INFO  main [WavefrontOBJ] Done with "Mesh026.obj" (took 64 ms)
2025-03-16 03:37:52 INFO  main [WavefrontOBJ] Loading geometry from "Mesh018.obj" ..
2025-03-16 03:37:52 INFO  main [WavefrontOBJ] Mesh018: 2016 triangles, 1260 vertices (merged 4788 vertices).
2025-03-16 03:37:52 INFO  main [WavefrontOBJ] Done with "Mesh018.obj" (took 14 ms)
2025-03-16 03:37:52 INFO  main [WavefrontOBJ] Loading geometry from "Mesh007.obj" ..
2025-03-16 03:37:52 INFO  main [WavefrontOBJ] Mesh007: 4352 triangles, 2178 vertices (merged 10878 vertices).
2025-03-16 03:37:52 INFO  main [WavefrontOBJ] Done with "Mesh007.obj" (took 28 ms)
2025-03-16 03:37:52 INFO  main [WavefrontOBJ] Loading geometry from "Mesh005.obj" ..
2025-03-16 03:37:52 INFO  main [WavefrontOBJ] Mesh005: 160 triangles, 144 vertices (merged 336 vertices).
2025-03-16 03:37:52 INFO  main [WavefrontOBJ] Done with "Mesh005.obj" (took 1 ms)
2025-03-16 03:37:52 INFO  main [WavefrontOBJ] Loading geometry from "Mesh019.obj" ..
2025-03-16 03:37:52 INFO  main [WavefrontOBJ] Mesh019: 560 triangles, 400 vertices (merged 1280 vertices).
2025-03-16 03:37:52 INFO  main [WavefrontOBJ] Done with "Mesh019.obj" (took 4 ms)
2025-03-16 03:37:52 INFO  main [WavefrontOBJ] Loading geometry from "Mesh021.obj" ..
2025-03-16 03:37:52 INFO  main [WavefrontOBJ] Mesh021: 720 triangles, 482 vertices (merged 1678 vertices).
2025-03-16 03:37:52 INFO  main [WavefrontOBJ] Done with "Mesh021.obj" (took 11 ms)
2025-03-16 03:37:52 INFO  main [WavefrontOBJ] Loading geometry from "Mesh037.obj" ..
2025-03-16 03:37:52 INFO  main [WavefrontOBJ] Mesh037: 7624 triangles, 4070 vertices (merged 18802 vertices).
2025-03-16 03:37:52 INFO  main [WavefrontOBJ] Done with "Mesh037.obj" (took 50 ms)
2025-03-16 03:37:52 INFO  main [WavefrontOBJ] Loading geometry from "Mesh004.obj" ..
2025-03-16 03:37:52 INFO  main [WavefrontOBJ] Mesh004: 2016 triangles, 1260 vertices (merged 4788 vertices).
2025-03-16 03:37:52 INFO  main [WavefrontOBJ] Done with "Mesh004.obj" (took 14 ms)
2025-03-16 03:37:52 INFO  main [WavefrontOBJ] Loading geometry from "Mesh014.obj" ..
2025-03-16 03:37:52 INFO  main [WavefrontOBJ] Mesh014: 160 triangles, 144 vertices (merged 336 vertices).
2025-03-16 03:37:52 INFO  main [WavefrontOBJ] Done with "Mesh014.obj" (took 1 ms)
2025-03-16 03:37:52 INFO  main [WavefrontOBJ] Loading geometry from "Mesh012.obj" ..
2025-03-16 03:37:52 INFO  main [WavefrontOBJ] Mesh012: 560 triangles, 400 vertices (merged 1280 vertices).
2025-03-16 03:37:52 INFO  main [WavefrontOBJ] Done with "Mesh012.obj" (took 3 ms)
2025-03-16 03:37:52 INFO  main [WavefrontOBJ] Loading geometry from "Mesh028.obj" ..
2025-03-16 03:37:52 INFO  main [WavefrontOBJ] Mesh028: 720 triangles, 482 vertices (merged 1678 vertices).
2025-03-16 03:37:52 INFO  main [WavefrontOBJ] Done with "Mesh028.obj" (took 6 ms)
2025-03-16 03:37:52 INFO  main [WavefrontOBJ] Loading geometry from "Mesh025.obj" ..
2025-03-16 03:37:52 INFO  main [WavefrontOBJ] Mesh025: 4352 triangles, 2178 vertices (merged 10878 vertices).
2025-03-16 03:37:52 INFO  main [WavefrontOBJ] Done with "Mesh025.obj" (took 35 ms)
2025-03-16 03:37:52 INFO  main [WavefrontOBJ] Loading geometry from "Mesh008.obj" ..
2025-03-16 03:37:52 INFO  main [WavefrontOBJ] Mesh008: 6320 triangles, 3270 vertices (merged 15690 vertices).
2025-03-16 03:37:52 INFO  main [WavefrontOBJ] Done with "Mesh008.obj" (took 51 ms)
2025-03-16 03:37:52 INFO  main [WavefrontOBJ] Loading geometry from "Mesh032.obj" ..
2025-03-16 03:37:52 INFO  main [WavefrontOBJ] Mesh032: 13248 triangles, 6686 vertices (merged 33058 vertices).
2025-03-16 03:37:52 INFO  main [WavefrontOBJ] Done with "Mesh032.obj" (took 91 ms)
2025-03-16 03:37:52 INFO  main [WavefrontOBJ] Loading geometry from "Mesh035.obj" ..
2025-03-16 03:37:52 INFO  main [WavefrontOBJ] Mesh035: 14480 triangles, 7404 vertices (merged 36036 vertices).
2025-03-16 03:37:52 INFO  main [WavefrontOBJ] Done with "Mesh035.obj" (took 100 ms)
2025-03-16 03:37:52 INFO  main [WavefrontOBJ] Loading geometry from "Mesh042.obj" ..
2025-03-16 03:37:52 INFO  main [WavefrontOBJ] Mesh042: 2320 triangles, 1492 vertices (merged 5468 vertices).
2025-03-16 03:37:52 INFO  main [WavefrontOBJ] Done with "Mesh042.obj" (took 20 ms)
2025-03-16 03:37:52 INFO  main [WavefrontOBJ] Loading geometry from "Mesh010.obj" ..
2025-03-16 03:37:52 INFO  main [WavefrontOBJ] Mesh010: 13248 triangles, 6686 vertices (merged 33058 vertices).
2025-03-16 03:37:52 INFO  main [WavefrontOBJ] Done with "Mesh010.obj" (took 101 ms)
2025-03-16 03:37:52 INFO  main [WavefrontOBJ] Loading geometry from "Mesh036.obj" ..
2025-03-16 03:37:53 INFO  main [WavefrontOBJ] Mesh036: 14480 triangles, 7404 vertices (merged 36036 vertices).
2025-03-16 03:37:53 INFO  main [WavefrontOBJ] Done with "Mesh036.obj" (took 117 ms)
2025-03-16 03:37:53 INFO  main [WavefrontOBJ] Loading geometry from "Mesh027.obj" ..
2025-03-16 03:37:53 INFO  main [WavefrontOBJ] Mesh027: 2320 triangles, 1492 vertices (merged 5468 vertices).
2025-03-16 03:37:53 INFO  main [WavefrontOBJ] Done with "Mesh027.obj" (took 21 ms)
2025-03-16 03:37:53 INFO  main [WavefrontOBJ] Loading geometry from "Mesh043.obj" ..
2025-03-16 03:37:53 INFO  main [WavefrontOBJ] Mesh043: 13248 triangles, 6686 vertices (merged 33058 vertices).
2025-03-16 03:37:53 INFO  main [WavefrontOBJ] Done with "Mesh043.obj" (took 115 ms)
2025-03-16 03:37:53 INFO  main [WavefrontOBJ] Loading geometry from "Mesh044.obj" ..
2025-03-16 03:37:53 INFO  main [WavefrontOBJ] Mesh044: 14480 triangles, 7404 vertices (merged 36036 vertices).
2025-03-16 03:37:53 INFO  main [WavefrontOBJ] Done with "Mesh044.obj" (took 110 ms)
2025-03-16 03:37:53 INFO  main [WavefrontOBJ] Loading geometry from "Mesh031.obj" ..
2025-03-16 03:37:53 INFO  main [WavefrontOBJ] Mesh031: 2320 triangles, 1492 vertices (merged 5468 vertices).
2025-03-16 03:37:53 INFO  main [WavefrontOBJ] Done with "Mesh031.obj" (took 18 ms)
2025-03-16 03:37:53 INFO  main [WavefrontOBJ] Loading geometry from "Mesh022.obj" ..
2025-03-16 03:37:53 INFO  main [WavefrontOBJ] Mesh022: 13248 triangles, 6686 vertices (merged 33058 vertices).
2025-03-16 03:37:53 INFO  main [WavefrontOBJ] Done with "Mesh022.obj" (took 93 ms)
2025-03-16 03:37:53 INFO  main [WavefrontOBJ] Loading geometry from "Mesh038.obj" ..
2025-03-16 03:37:53 INFO  main [WavefrontOBJ] Mesh038: 14480 triangles, 7404 vertices (merged 36036 vertices).
2025-03-16 03:37:53 INFO  main [WavefrontOBJ] Done with "Mesh038.obj" (took 103 ms)
2025-03-16 03:37:53 INFO  main [WavefrontOBJ] Loading geometry from "Mesh030.obj" ..
2025-03-16 03:37:53 INFO  main [WavefrontOBJ] Mesh030: 2320 triangles, 1492 vertices (merged 5468 vertices).
2025-03-16 03:37:53 INFO  main [WavefrontOBJ] Done with "Mesh030.obj" (took 14 ms)
2025-03-16 03:37:53 INFO  main [WavefrontOBJ] Loading geometry from "Mesh046.obj" ..
2025-03-16 03:37:53 INFO  main [WavefrontOBJ] Mesh046: 13248 triangles, 6686 vertices (merged 33058 vertices).
2025-03-16 03:37:53 INFO  main [WavefrontOBJ] Done with "Mesh046.obj" (took 85 ms)
2025-03-16 03:37:53 INFO  main [WavefrontOBJ] Loading geometry from "Mesh047.obj" ..
2025-03-16 03:37:53 INFO  main [WavefrontOBJ] Mesh047: 14480 triangles, 7404 vertices (merged 36036 vertices).
2025-03-16 03:37:53 INFO  main [WavefrontOBJ] Done with "Mesh047.obj" (took 86 ms)
2025-03-16 03:37:53 INFO  main [WavefrontOBJ] Loading geometry from "Mesh034.obj" ..
2025-03-16 03:37:53 INFO  main [WavefrontOBJ] Mesh034: 2320 triangles, 1492 vertices (merged 5468 vertices).
2025-03-16 03:37:53 INFO  main [WavefrontOBJ] Done with "Mesh034.obj" (took 15 ms)
2025-03-16 03:37:53 INFO  main [WavefrontOBJ] Loading geometry from "Mesh033.obj" ..
2025-03-16 03:37:53 INFO  main [WavefrontOBJ] Mesh033: 44 triangles, 96 vertices (merged 36 vertices).
2025-03-16 03:37:53 INFO  main [WavefrontOBJ] Done with "Mesh033.obj" (took 0 ms)
2025-03-16 03:37:53 INFO  main [WavefrontOBJ] Loading geometry from "Mesh006.obj" ..
2025-03-16 03:37:53 INFO  main [WavefrontOBJ] Mesh006: 4 triangles, 6 vertices (merged 6 vertices).
2025-03-16 03:37:53 INFO  main [WavefrontOBJ] Done with "Mesh006.obj" (took 0 ms)
2025-03-16 03:37:53 INFO  main [WavefrontOBJ] Loading geometry from "Mesh048.obj" ..
2025-03-16 03:37:53 INFO  main [WavefrontOBJ] Mesh048: 30 triangles, 38 vertices (merged 52 vertices).
2025-03-16 03:37:53 INFO  main [WavefrontOBJ] Done with "Mesh048.obj" (took 0 ms)
2025-03-16 03:37:53 INFO  main [WavefrontOBJ] Loading geometry from "Mesh049.obj" ..
2025-03-16 03:37:53 INFO  main [WavefrontOBJ] Mesh049: 13248 triangles, 6686 vertices (merged 33058 vertices).
2025-03-16 03:37:53 INFO  main [WavefrontOBJ] Done with "Mesh049.obj" (took 78 ms)
2025-03-16 03:37:53 INFO  main [WavefrontOBJ] Loading geometry from "Mesh051.obj" ..
2025-03-16 03:37:53 INFO  main [WavefrontOBJ] Mesh051: 14480 triangles, 7404 vertices (merged 36036 vertices).
2025-03-16 03:37:53 INFO  main [WavefrontOBJ] Done with "Mesh051.obj" (took 92 ms)
2025-03-16 03:37:53 INFO  main [WavefrontOBJ] Loading geometry from "Mesh040.obj" ..
2025-03-16 03:37:53 INFO  main [WavefrontOBJ] Mesh040: 2320 triangles, 1492 vertices (merged 5468 vertices).
2025-03-16 03:37:53 INFO  main [WavefrontOBJ] Done with "Mesh040.obj" (took 16 ms)
2025-03-16 03:37:53 INFO  main [WavefrontOBJ] Loading geometry from "Mesh003.obj" ..
2025-03-16 03:37:54 INFO  main [WavefrontOBJ] Mesh003: 18176 triangles, 9150 vertices (merged 45378 vertices).
2025-03-16 03:37:54 INFO  main [WavefrontOBJ] Done with "Mesh003.obj" (took 109 ms)
2025-03-16 03:37:54 INFO  main [WavefrontOBJ] Loading geometry from "Mesh002.obj" ..
2025-03-16 03:37:54 INFO  main [WavefrontOBJ] Mesh002: 7624 triangles, 4070 vertices (merged 18802 vertices).
2025-03-16 03:37:54 INFO  main [WavefrontOBJ] Done with "Mesh002.obj" (took 44 ms)
2025-03-16 03:37:54 INFO  main [WavefrontOBJ] Loading geometry from "Mesh009.obj" ..
2025-03-16 03:37:54 INFO  main [WavefrontOBJ] Mesh009: 2016 triangles, 1260 vertices (merged 4788 vertices).
2025-03-16 03:37:54 INFO  main [WavefrontOBJ] Done with "Mesh009.obj" (took 12 ms)
2025-03-16 03:37:54 INFO  main [WavefrontOBJ] Loading geometry from "Mesh045.obj" ..
2025-03-16 03:37:54 INFO  main [WavefrontOBJ] Mesh045: 4352 triangles, 2178 vertices (merged 10878 vertices).
2025-03-16 03:37:54 INFO  main [WavefrontOBJ] Done with "Mesh045.obj" (took 26 ms)
2025-03-16 03:37:54 INFO  main [WavefrontOBJ] Loading geometry from "Mesh029.obj" ..
2025-03-16 03:37:54 INFO  main [WavefrontOBJ] Mesh029: 160 triangles, 144 vertices (merged 336 vertices).
2025-03-16 03:37:54 INFO  main [WavefrontOBJ] Done with "Mesh029.obj" (took 1 ms)
2025-03-16 03:37:54 INFO  main [WavefrontOBJ] Loading geometry from "Mesh039.obj" ..
2025-03-16 03:37:54 INFO  main [WavefrontOBJ] Mesh039: 560 triangles, 400 vertices (merged 1280 vertices).
2025-03-16 03:37:54 INFO  main [WavefrontOBJ] Done with "Mesh039.obj" (took 4 ms)
2025-03-16 03:37:54 INFO  main [WavefrontOBJ] Loading geometry from "Mesh050.obj" ..
2025-03-16 03:37:54 INFO  main [WavefrontOBJ] Mesh050: 720 triangles, 482 vertices (merged 1678 vertices).
2025-03-16 03:37:54 INFO  main [WavefrontOBJ] Done with "Mesh050.obj" (took 6 ms)
2025-03-16 03:37:54 INFO  main [WavefrontOBJ] Loading geometry from "Mesh001.obj" ..
2025-03-16 03:37:54 INFO  main [WavefrontOBJ] Mesh001: 170 triangles, 340 vertices (merged 170 vertices).
2025-03-16 03:37:54 INFO  main [WavefrontOBJ] Done with "Mesh001.obj" (took 2 ms)
2025-03-16 03:37:54 INFO  main [WavefrontOBJ] Loading geometry from "Mesh000.obj" ..
2025-03-16 03:37:54 INFO  main [WavefrontOBJ] Mesh000: 22 triangles, 44 vertices (merged 22 vertices).
2025-03-16 03:37:54 INFO  main [WavefrontOBJ] Done with "Mesh000.obj" (took 0 ms)
2025-03-16 03:37:54 INFO  main [PluginManager] Loading plugin "plugins/rectangle.so" ..
2025-03-16 03:37:54 INFO  ren0 [KDTreeBase] Constructing a SAH kd-tree (321251 primitives) ..
2025-03-16 03:37:58 INFO  ren0 [KDTreeBase] Finished -- took 3912 ms.
2025-03-16 03:37:58 INFO  ren0 [PMMFocalGuidingIntegrator] Starting preprocess
2025-03-16 03:37:58 INFO  ren0 [octree.h:482] root weight: 8.000e-20 (0.000000)
2025-03-16 03:37:58 INFO  ren0 [octree.h:483] splitting threshold: 8.000e-23 (0.000000)
2025-03-16 03:37:58 INFO  ren0 [octree.h:498] node count: 1 -> 585 -> 585

2025-03-16 03:37:58 INFO  ren0 [octree.h:482] root weight: 4.096e-17 (0.000000)
2025-03-16 03:37:58 INFO  ren0 [octree.h:483] splitting threshold: 4.096e-20 (0.000000)
2025-03-16 03:37:58 INFO  ren0 [octree.h:498] node count: 585 -> 585 -> 585

2025-03-16 03:37:58 INFO  ren0 [octree.h:482] root weight: 8.000e-20 (0.000000)
2025-03-16 03:37:58 INFO  ren0 [octree.h:483] splitting threshold: 8.000e-23 (0.000000)
2025-03-16 03:37:58 INFO  ren0 [octree.h:498] node count: 1 -> 585 -> 585

2025-03-16 03:37:58 INFO  ren0 [octree.h:482] root weight: 4.096e-17 (0.000000)
2025-03-16 03:37:58 INFO  ren0 [octree.h:483] splitting threshold: 4.096e-20 (0.000000)
2025-03-16 03:37:58 INFO  ren0 [octree.h:498] node count: 585 -> 585 -> 585

2025-03-16 03:37:58 INFO  ren0 [PMMFocalGuidingIntegrator] Octree[
AABB: AABB3[min=[-6.3658, -1.5274, -4.73046], max=[5.27597, 8.04131, 10.0598]]
Nodes count: 585
]
2025-03-16 03:37:58 INFO  ren0 [PMMFocalGuidingIntegrator] Octree[
AABB: AABB3[min=[-6.3658, -1.5274, -4.73046], max=[5.27597, 8.04131, 10.0598]]
Nodes count: 585
]
2025-03-16 03:37:58 INFO  ren0 [PMMFocalGuidingIntegrator] GMM[
weight = 0.166667 mean = [-2.64523 7.51706 9.91126] covariance = [[1 0 0][0 1 0][0 0 1]]
weight = 0.166667 mean = [-1.38851 2.21374 -2.37068] covariance = [[1 0 0][0 1 0][0 0 1]]
weight = 0.166667 mean = [-0.0124934 5.38044 1.35508] covariance = [[1 0 0][0 1 0][0 0 1]]
weight = 0.166667 mean = [4.78733 -0.660554 -3.33942] covariance = [[1 0 0][0 1 0][0 0 1]]
weight = 0.166667 mean = [1.37459 4.62486 -3.13134] covariance = [[1 0 0][0 1 0][0 0 1]]
weight = 0.166667 mean = [-6.18981 6.6191 4.85901] covariance = [[1 0 0][0 1 0][0 0 1]]
]
2025-03-16 03:37:58 INFO  ren0 [PMMFocalGuidingIntegrator] Starting training... (8) iterations
2025-03-16 03:37:58 INFO  ren0 [PMMFocalGuidingIntegrator] Rendering 0 iteration
2025-03-16 03:37:58 INFO  ren0 [SamplingIntegrator] Starting render job (1280x720, 4 samples, 8 cores, SSE2 enabled) ..
2025-03-16 03:37:58 INFO  wrk3 [PMMFocalGuidingIntegrator] hit luminaire, value = [0, 0, 0]
2025-03-16 03:38:08 INFO  wrk0 [PMMFocalGuidingIntegrator] hit luminaire, value = [1e+06, 1e+06, 1e+06]
2025-03-16 03:38:17 INFO  wrk0 [PMMFocalGuidingIntegrator] hit luminaire, value = [1e+06, 1e+06, 1e+06]
2025-03-16 03:38:43 INFO  wrk1 [PMMFocalGuidingIntegrator] hit luminaire, value = [1e+06, 1e+06, 1e+06]
2025-03-16 03:38:47 INFO  wrk5 [PMMFocalGuidingIntegrator] hit luminaire, value = [0, 0, 0]
2025-03-16 03:38:53 INFO  wrk6 [PMMFocalGuidingIntegrator] hit luminaire, value = [0, 0, 0]
2025-03-16 03:38:53 INFO  ren0 [PMMFocalGuidingIntegrator] iteration render time: 55.4973s
2025-03-16 03:38:53 INFO  ren0 [PMMFocalGuidingIntegrator] Got 30593 non-zero samples and 0 zero samples
2025-03-16 03:38:59 INFO  ren0 [gaussian_mixture_model.h:126] Components accumulated weight is: 1.000000
2025-03-16 03:38:59 INFO  ren0 [gaussian_mixture_model.h:173] exp(-dist) between 0 and 1 is 0.011066
2025-03-16 03:38:59 INFO  ren0 [gaussian_mixture_model.h:173] exp(-dist) between 0 and 2 is 0.370652
2025-03-16 03:38:59 INFO  ren0 [gaussian_mixture_model.h:173] exp(-dist) between 0 and 3 is 0.147972
2025-03-16 03:38:59 INFO  ren0 [gaussian_mixture_model.h:173] exp(-dist) between 0 and 4 is 0.000136
2025-03-16 03:38:59 INFO  ren0 [gaussian_mixture_model.h:173] exp(-dist) between 0 and 5 is 0.344306
2025-03-16 03:38:59 INFO  ren0 [gaussian_mixture_model.h:173] exp(-dist) between 1 and 2 is 0.301169
2025-03-16 03:38:59 INFO  ren0 [gaussian_mixture_model.h:173] exp(-dist) between 1 and 3 is 0.181255
2025-03-16 03:38:59 INFO  ren0 [gaussian_mixture_model.h:173] exp(-dist) between 1 and 4 is 0.401085
2025-03-16 03:38:59 INFO  ren0 [gaussian_mixture_model.h:173] exp(-dist) between 1 and 5 is 0.161085
2025-03-16 03:38:59 INFO  ren0 [gaussian_mixture_model.h:173] exp(-dist) between 2 and 3 is 0.296047
2025-03-16 03:38:59 INFO  ren0 [gaussian_mixture_model.h:173] exp(-dist) between 2 and 4 is 0.255087
2025-03-16 03:38:59 INFO  ren0 [gaussian_mixture_model.h:173] exp(-dist) between 2 and 5 is 0.277432
2025-03-16 03:38:59 INFO  ren0 [gaussian_mixture_model.h:173] exp(-dist) between 3 and 4 is 0.135723
2025-03-16 03:38:59 INFO  ren0 [gaussian_mixture_model.h:173] exp(-dist) between 3 and 5 is 0.033820
2025-03-16 03:38:59 INFO  ren0 [gaussian_mixture_model.h:173] exp(-dist) between 4 and 5 is 0.006706
2025-03-16 03:38:59 INFO  ren0 [gaussian_mixture_model.h:180] components before the merge: 6
2025-03-16 03:38:59 INFO  ren0 [gaussian_mixture_model.h:183] Merging 4 and 1, because their BC is 0.401085
2025-03-16 03:38:59 INFO  ren0 [gaussian_mixture_model.h:200] components after the merge: 5, merged 1 component
2025-03-16 03:38:59 INFO  ren0 [gaussian_mixture_model.h:237] Ratio is 17.076582
2025-03-16 03:38:59 INFO  ren0 [gaussian_mixture_model.h:237] Ratio is 7.165370
2025-03-16 03:38:59 INFO  ren0 [gaussian_mixture_model.h:237] Ratio is 12.981543
2025-03-16 03:38:59 INFO  ren0 [gaussian_mixture_model.h:237] Ratio is 3.623680
2025-03-16 03:38:59 INFO  ren0 [gaussian_mixture_model.h:237] Ratio is 9.659987
2025-03-16 03:38:59 INFO  ren0 [gaussian_mixture_model.h:237] Ratio is 8.538291
2025-03-16 03:38:59 INFO  ren0 [gaussian_mixture_model.h:218] components after the split: 10, split 5 components
2025-03-16 03:38:59 INFO  ren0 [octree.h:482] root weight: 4.661e+04 (46614.742188)
2025-03-16 03:38:59 INFO  ren0 [octree.h:483] splitting threshold: 4.661e+01 (46.614746)
2025-03-16 03:38:59 INFO  ren0 [octree.h:482] root weight: 9.418e+03 (9418.074219)
2025-03-16 03:38:59 INFO  ren0 [octree.h:483] splitting threshold: 9.418e+00 (9.418075)
2025-03-16 03:38:59 INFO  ren0 [octree.h:498] node count: 585 -> 596 -> 484

2025-03-16 03:38:59 INFO  ren0 [octree.h:498] node count: 585 -> 596 -> 322

2025-03-16 03:38:59 INFO  ren0 [PMMFocalGuidingIntegrator] diverge probability: 0.168

2025-03-16 03:38:59 INFO  ren0 [PMMFocalGuidingIntegrator] iteration postprocessing time: 5.3014s
2025-03-16 03:38:59 INFO  ren0 [PMMFocalGuidingIntegrator] GMM[
weight = 0.0420466 mean = [1.19268 -0.527015 7.63667] covariance = [[7.23108 0.261196 -0.595318][0.261196 6.90156 0.907898][-0.595318 0.907898 1.86632]]
weight = 0.0840932 mean = [-1.91089 5.74904 9.11063] covariance = [[8.54544 -2.3967 -1.21953][-2.3967 12.2764 2.17019][-1.21953 2.17019 2.16277]]
weight = 0.151363 mean = [1.36002 2.11859 5.15761] covariance = [[5.44021 0.0575071 1.81713][0.0575071 6.23157 -2.86035][1.81713 -2.86035 6.16269]]
weight = 0.021997 mean = [3.96972 -0.172538 -2.33887] covariance = [[2.3555 -0.45876 -1.20743][-0.45876 1.41348 0.517233][-1.20743 0.517233 7.64512]]
weight = 0.364259 mean = [-1.65986 2.83685 -1.75204] covariance = [[7.99542 1.62723 -1.31732][1.62723 5.25577 -1.88801][-1.31732 -1.88801 3.98281]]
weight = 0.0604173 mean = [-3.97422 1.22352 5.90597] covariance = [[2.82378 -2.24031 0.308878][-2.24031 9.0236 -1.39402][0.308878 -1.39402 4.15604]]
weight = 0.151363 mean = [-0.0035395 4.84197 2.04999] covariance = [[5.44021 0.0575071 1.81713][0.0575071 6.23157 -2.86035][1.81713 -2.86035 6.16269]]
weight = 0.021997 mean = [3.1046 0.194344 1.53975] covariance = [[2.3555 -0.45876 -1.20743][-0.45876 1.41348 0.517233][-1.20743 0.517233 7.64512]]
weight = 0.0604173 mean = [-5.302 5.38514 4.85903] covariance = [[2.82378 -2.24031 0.308878][-2.24031 9.0236 -1.39402][0.308878 -1.39402 4.15604]]
weight = 0.0420466 mean = [-0.428647 2.75165 8.40668] covariance = [[7.23108 0.261196 -0.595318][0.261196 6.90156 0.907898][-0.595318 0.907898 1.86632]]
]
2025-03-16 03:38:59 INFO  ren0 [PMMFocalGuidingIntegrator] Octree[
AABB: AABB3[min=[-6.3658, -1.5274, -4.73046], max=[5.27597, 8.04131, 10.0598]]
Nodes count: 484
]
2025-03-16 03:38:59 INFO  ren0 [PMMFocalGuidingIntegrator] Octree[
AABB: AABB3[min=[-6.3658, -1.5274, -4.73046], max=[5.27597, 8.04131, 10.0598]]
Nodes count: 322
]
2025-03-16 03:38:59 INFO  ren0 [PMMFocalGuidingIntegrator] Rendering 1 iteration
2025-03-16 03:38:59 INFO  ren0 [SamplingIntegrator] Starting render job (1280x720, 4 samples, 8 cores, SSE2 enabled) ..
2025-03-16 03:39:24 INFO  wrk0 [PMMFocalGuidingIntegrator] hit luminaire, value = [1e+06, 1e+06, 1e+06]
2025-03-16 03:40:07 INFO  wrk3 [PMMFocalGuidingIntegrator] hit luminaire, value = [1e+06, 1e+06, 1e+06]
2025-03-16 03:40:20 INFO  wrk1 [PMMFocalGuidingIntegrator] hit luminaire, value = [1e+06, 1e+06, 1e+06]
2025-03-16 03:41:28 INFO  ren0 [PMMFocalGuidingIntegrator] iteration render time: 2.4972m
2025-03-16 03:41:28 INFO  ren0 [PMMFocalGuidingIntegrator] Got 43963 non-zero samples and 0 zero samples
2025-03-16 03:41:41 INFO  ren0 [gaussian_mixture_model.h:126] Components accumulated weight is: 1.000000
2025-03-16 03:41:41 INFO  ren0 [gaussian_mixture_model.h:173] exp(-dist) between 0 and 1 is 0.743683
2025-03-16 03:41:41 INFO  ren0 [gaussian_mixture_model.h:173] exp(-dist) between 0 and 2 is 0.621617
2025-03-16 03:41:41 INFO  ren0 [gaussian_mixture_model.h:173] exp(-dist) between 0 and 3 is 0.059477
2025-03-16 03:41:41 INFO  ren0 [gaussian_mixture_model.h:173] exp(-dist) between 0 and 4 is 0.006534
2025-03-16 03:41:41 INFO  ren0 [gaussian_mixture_model.h:173] exp(-dist) between 0 and 5 is 0.355248
2025-03-16 03:41:41 INFO  ren0 [gaussian_mixture_model.h:173] exp(-dist) between 0 and 6 is 0.256270
2025-03-16 03:41:41 INFO  ren0 [gaussian_mixture_model.h:173] exp(-dist) between 0 and 7 is 0.219274
2025-03-16 03:41:41 INFO  ren0 [gaussian_mixture_model.h:173] exp(-dist) between 0 and 8 is 0.259524
2025-03-16 03:41:41 INFO  ren0 [gaussian_mixture_model.h:173] exp(-dist) between 0 and 9 is 0.857563
2025-03-16 03:41:41 INFO  ren0 [gaussian_mixture_model.h:173] exp(-dist) between 1 and 2 is 0.464748
2025-03-16 03:41:41 INFO  ren0 [gaussian_mixture_model.h:173] exp(-dist) between 1 and 3 is 0.033029
2025-03-16 03:41:41 INFO  ren0 [gaussian_mixture_model.h:173] exp(-dist) between 1 and 4 is 0.006019
2025-03-16 03:41:41 INFO  ren0 [gaussian_mixture_model.h:173] exp(-dist) between 1 and 5 is 0.453605
2025-03-16 03:41:41 INFO  ren0 [gaussian_mixture_model.h:173] exp(-dist) between 1 and 6 is 0.252022
2025-03-16 03:41:41 INFO  ren0 [gaussian_mixture_model.h:173] exp(-dist) between 1 and 7 is 0.110511
2025-03-16 03:41:41 INFO  ren0 [gaussian_mixture_model.h:173] exp(-dist) between 1 and 8 is 0.418022
2025-03-16 03:41:41 INFO  ren0 [gaussian_mixture_model.h:173] exp(-dist) between 1 and 9 is 0.906818
2025-03-16 03:41:41 INFO  ren0 [gaussian_mixture_model.h:173] exp(-dist) between 2 and 3 is 0.194295
2025-03-16 03:41:41 INFO  ren0 [gaussian_mixture_model.h:173] exp(-dist) between 2 and 4 is 0.243432
2025-03-16 03:41:41 INFO  ren0 [gaussian_mixture_model.h:173] exp(-dist) between 2 and 5 is 0.344226
2025-03-16 03:41:41 INFO  ren0 [gaussian_mixture_model.h:173] exp(-dist) between 2 and 6 is 0.805049
2025-03-16 03:41:41 INFO  ren0 [gaussian_mixture_model.h:173] exp(-dist) between 2 and 7 is 0.404793
2025-03-16 03:41:41 INFO  ren0 [gaussian_mixture_model.h:173] exp(-dist) between 2 and 8 is 0.314992
2025-03-16 03:41:41 INFO  ren0 [gaussian_mixture_model.h:173] exp(-dist) between 2 and 9 is 0.514227
2025-03-16 03:41:41 INFO  ren0 [gaussian_mixture_model.h:173] exp(-dist) between 3 and 4 is 0.224128
2025-03-16 03:41:41 INFO  ren0 [gaussian_mixture_model.h:173] exp(-dist) between 3 and 5 is 0.014245
2025-03-16 03:41:41 INFO  ren0 [gaussian_mixture_model.h:173] exp(-dist) between 3 and 6 is 0.141033
2025-03-16 03:41:41 INFO  ren0 [gaussian_mixture_model.h:173] exp(-dist) between 3 and 7 is 0.831262
2025-03-16 03:41:41 INFO  ren0 [gaussian_mixture_model.h:173] exp(-dist) between 3 and 8 is 0.013017
2025-03-16 03:41:41 INFO  ren0 [gaussian_mixture_model.h:173] exp(-dist) between 3 and 9 is 0.028975
2025-03-16 03:41:41 INFO  ren0 [gaussian_mixture_model.h:173] exp(-dist) between 4 and 5 is 0.118270
2025-03-16 03:41:41 INFO  ren0 [gaussian_mixture_model.h:173] exp(-dist) between 4 and 6 is 0.508777
2025-03-16 03:41:41 INFO  ren0 [gaussian_mixture_model.h:173] exp(-dist) between 4 and 7 is 0.193910
2025-03-16 03:41:41 INFO  ren0 [gaussian_mixture_model.h:173] exp(-dist) between 4 and 8 is 0.122938
2025-03-16 03:41:41 INFO  ren0 [gaussian_mixture_model.h:173] exp(-dist) between 4 and 9 is 0.003750
2025-03-16 03:41:41 INFO  ren0 [gaussian_mixture_model.h:173] exp(-dist) between 5 and 6 is 0.321313
2025-03-16 03:41:41 INFO  ren0 [gaussian_mixture_model.h:173] exp(-dist) between 5 and 7 is 0.029961
2025-03-16 03:41:41 INFO  ren0 [gaussian_mixture_model.h:173] exp(-dist) between 5 and 8 is 0.858726
2025-03-16 03:41:41 INFO  ren0 [gaussian_mixture_model.h:173] exp(-dist) between 5 and 9 is 0.450130
2025-03-16 03:41:41 INFO  ren0 [gaussian_mixture_model.h:173] exp(-dist) between 6 and 7 is 0.234818
2025-03-16 03:41:41 INFO  ren0 [gaussian_mixture_model.h:173] exp(-dist) between 6 and 8 is 0.359041
2025-03-16 03:41:41 INFO  ren0 [gaussian_mixture_model.h:173] exp(-dist) between 6 and 9 is 0.260129
2025-03-16 03:41:41 INFO  ren0 [gaussian_mixture_model.h:173] exp(-dist) between 7 and 8 is 0.026994
2025-03-16 03:41:41 INFO  ren0 [gaussian_mixture_model.h:173] exp(-dist) between 7 and 9 is 0.107459
2025-03-16 03:41:41 INFO  ren0 [gaussian_mixture_model.h:173] exp(-dist) between 8 and 9 is 0.365407
2025-03-16 03:41:41 INFO  ren0 [gaussian_mixture_model.h:180] components before the merge: 10
2025-03-16 03:41:41 INFO  ren0 [gaussian_mixture_model.h:183] Merging 9 and 1, because their BC is 0.906818
2025-03-16 03:41:41 INFO  ren0 [gaussian_mixture_model.h:183] Merging 8 and 5, because their BC is 0.858726
2025-03-16 03:41:41 INFO  ren0 [gaussian_mixture_model.h:183] Merging 7 and 3, because their BC is 0.831262
2025-03-16 03:41:41 INFO  ren0 [gaussian_mixture_model.h:183] Merging 9 and 0, because their BC is 0.805361
2025-03-16 03:41:41 INFO  ren0 [gaussian_mixture_model.h:183] Merging 6 and 2, because their BC is 0.805049
2025-03-16 03:41:41 INFO  ren0 [gaussian_mixture_model.h:200] components after the merge: 5, merged 5 component
2025-03-16 03:41:41 INFO  ren0 [gaussian_mixture_model.h:237] Ratio is 2.887756
2025-03-16 03:41:41 INFO  ren0 [gaussian_mixture_model.h:237] Ratio is 3.681341
2025-03-16 03:41:41 INFO  ren0 [gaussian_mixture_model.h:237] Ratio is 8.805275
2025-03-16 03:41:41 INFO  ren0 [gaussian_mixture_model.h:237] Ratio is 4.338846
2025-03-16 03:41:41 INFO  ren0 [gaussian_mixture_model.h:237] Ratio is 6.654630
2025-03-16 03:41:41 INFO  ren0 [gaussian_mixture_model.h:237] Ratio is 4.402637
2025-03-16 03:41:41 INFO  ren0 [gaussian_mixture_model.h:237] Ratio is 4.402637
2025-03-16 03:41:41 INFO  ren0 [gaussian_mixture_model.h:218] components after the split: 6, split 1 components
2025-03-16 03:41:41 INFO  ren0 [octree.h:482] root weight: 4.679e+04 (46790.019531)
2025-03-16 03:41:41 INFO  ren0 [octree.h:483] splitting threshold: 4.679e+01 (46.790020)
2025-03-16 03:41:41 INFO  ren0 [octree.h:482] root weight: 8.266e+03 (8266.020508)
2025-03-16 03:41:41 INFO  ren0 [octree.h:483] splitting threshold: 8.266e+00 (8.266021)
2025-03-16 03:41:41 INFO  ren0 [octree.h:498] node count: 484 -> 509 -> 467

2025-03-16 03:41:41 INFO  ren0 [octree.h:498] node count: 322 -> 326 -> 318

2025-03-16 03:41:41 INFO  ren0 [PMMFocalGuidingIntegrator] diverge probability: 0.150

2025-03-16 03:41:41 INFO  ren0 [PMMFocalGuidingIntegrator] iteration postprocessing time: 12.4481s
2025-03-16 03:41:41 INFO  ren0 [PMMFocalGuidingIntegrator] GMM[
weight = 0.0205906 mean = [3.00099 0.204307 2.05769] covariance = [[1.92881 -0.226956 -0.365761][-0.226956 1.12886 0.138952][-0.365761 0.138952 4.64783]]
weight = 0.376386 mean = [-1.551 2.96115 -1.66137] covariance = [[6.68738 1.0266 -0.49483][1.0266 4.57034 -1.24059][-0.49483 -1.24059 3.30151]]
weight = 0.30203 mean = [0.499639 3.5494 3.64508] covariance = [[6.24823 -0.441245 2.63109][-0.441245 6.63066 -3.37275][2.63109 -3.37275 8.19229]]
weight = 0.0205906 mean = [3.41291 0.0601594 -0.978367] covariance = [[1.92881 -0.226956 -0.365761][-0.226956 1.12886 0.138952][-0.365761 0.138952 4.64783]]
weight = 0.123626 mean = [-4.22993 2.98777 5.56878] covariance = [[2.39595 -1.40127 0.322984][-1.40127 8.24089 -1.38882][0.322984 -1.38882 4.53337]]
weight = 0.156777 mean = [-0.657159 3.12359 8.28555] covariance = [[8.49735 -1.32313 -0.85602][-1.32313 9.38039 1.07449][-0.85602 1.07449 1.80118]]
]
2025-03-16 03:41:41 INFO  ren0 [PMMFocalGuidingIntegrator] Octree[
AABB: AABB3[min=[-6.3658, -1.5274, -4.73046], max=[5.27597, 8.04131, 10.0598]]
Nodes count: 467
]
2025-03-16 03:41:41 INFO  ren0 [PMMFocalGuidingIntegrator] Octree[
AABB: AABB3[min=[-6.3658, -1.5274, -4.73046], max=[5.27597, 8.04131, 10.0598]]
Nodes count: 318
]
2025-03-16 03:41:41 INFO  ren0 [PMMFocalGuidingIntegrator] Rendering 2 iteration
2025-03-16 03:41:41 INFO  ren0 [SamplingIntegrator] Starting render job (1280x720, 4 samples, 8 cores, SSE2 enabled) ..
2025-03-16 03:44:16 INFO  ren0 [PMMFocalGuidingIntegrator] iteration render time: 2.5881m
2025-03-16 03:44:16 INFO  ren0 [PMMFocalGuidingIntegrator] Got 59918 non-zero samples and 0 zero samples
2025-03-16 03:44:26 INFO  ren0 [gaussian_mixture_model.h:126] Components accumulated weight is: 1.000000
2025-03-16 03:44:26 INFO  ren0 [gaussian_mixture_model.h:173] exp(-dist) between 0 and 4 is 0.158510
2025-03-16 03:44:26 INFO  ren0 [gaussian_mixture_model.h:173] exp(-dist) between 0 and 6 is 0.318265
2025-03-16 03:44:26 INFO  ren0 [gaussian_mixture_model.h:173] exp(-dist) between 0 and 7 is 0.751076
2025-03-16 03:44:26 INFO  ren0 [gaussian_mixture_model.h:173] exp(-dist) between 0 and 8 is 0.020471
2025-03-16 03:44:26 INFO  ren0 [gaussian_mixture_model.h:173] exp(-dist) between 0 and 9 is 0.108598
2025-03-16 03:44:26 INFO  ren0 [gaussian_mixture_model.h:173] exp(-dist) between 4 and 6 is 0.418643
2025-03-16 03:44:26 INFO  ren0 [gaussian_mixture_model.h:173] exp(-dist) between 4 and 7 is 0.206754
2025-03-16 03:44:26 INFO  ren0 [gaussian_mixture_model.h:173] exp(-dist) between 4 and 8 is 0.123034
2025-03-16 03:44:26 INFO  ren0 [gaussian_mixture_model.h:173] exp(-dist) between 4 and 9 is 0.003249
2025-03-16 03:44:26 INFO  ren0 [gaussian_mixture_model.h:173] exp(-dist) between 6 and 7 is 0.135223
2025-03-16 03:44:26 INFO  ren0 [gaussian_mixture_model.h:173] exp(-dist) between 6 and 8 is 0.385109
2025-03-16 03:44:26 INFO  ren0 [gaussian_mixture_model.h:173] exp(-dist) between 6 and 9 is 0.434455
2025-03-16 03:44:26 INFO  ren0 [gaussian_mixture_model.h:173] exp(-dist) between 7 and 8 is 0.005158
2025-03-16 03:44:26 INFO  ren0 [gaussian_mixture_model.h:173] exp(-dist) between 7 and 9 is 0.015196
2025-03-16 03:44:26 INFO  ren0 [gaussian_mixture_model.h:173] exp(-dist) between 8 and 9 is 0.435278
2025-03-16 03:44:26 INFO  ren0 [gaussian_mixture_model.h:180] components before the merge: 6
2025-03-16 03:44:26 INFO  ren0 [gaussian_mixture_model.h:183] Merging 7 and 0, because their BC is 0.751076
2025-03-16 03:44:26 INFO  ren0 [gaussian_mixture_model.h:200] components after the merge: 5, merged 1 component
2025-03-16 03:44:26 INFO  ren0 [gaussian_mixture_model.h:237] Ratio is 2.743179
2025-03-16 03:44:26 INFO  ren0 [gaussian_mixture_model.h:237] Ratio is 3.280402
2025-03-16 03:44:26 INFO  ren0 [gaussian_mixture_model.h:237] Ratio is 7.475312
2025-03-16 03:44:26 INFO  ren0 [gaussian_mixture_model.h:237] Ratio is 3.706157
2025-03-16 03:44:26 INFO  ren0 [gaussian_mixture_model.h:237] Ratio is 5.838763
2025-03-16 03:44:26 INFO  ren0 [gaussian_mixture_model.h:237] Ratio is 3.737656
2025-03-16 03:44:26 INFO  ren0 [gaussian_mixture_model.h:237] Ratio is 3.737656
2025-03-16 03:44:26 INFO  ren0 [gaussian_mixture_model.h:218] components after the split: 6, split 1 components
2025-03-16 03:44:26 INFO  ren0 [octree.h:482] root weight: 4.698e+04 (46984.402344)
2025-03-16 03:44:26 INFO  ren0 [octree.h:483] splitting threshold: 4.698e+01 (46.984406)
2025-03-16 03:44:26 INFO  ren0 [octree.h:482] root weight: 7.251e+03 (7250.661621)
2025-03-16 03:44:26 INFO  ren0 [octree.h:483] splitting threshold: 7.251e+00 (7.250662)
2025-03-16 03:44:26 INFO  ren0 [octree.h:498] node count: 467 -> 495 -> 467

2025-03-16 03:44:26 INFO  ren0 [octree.h:498] node count: 318 -> 320 -> 307

2025-03-16 03:44:26 INFO  ren0 [PMMFocalGuidingIntegrator] diverge probability: 0.134

2025-03-16 03:44:26 INFO  ren0 [PMMFocalGuidingIntegrator] iteration postprocessing time: 10.2805s
2025-03-16 03:44:26 INFO  ren0 [PMMFocalGuidingIntegrator] GMM[
weight = 0.0198585 mean = [3.09414 0.152718 2.07392] covariance = [[1.73829 -0.100041 -0.128114][-0.100041 1.01665 0.0199022][-0.128114 0.0199022 3.7406]]
weight = 0.388645 mean = [-1.49616 3.0742 -1.66479] covariance = [[6.21655 0.905139 -0.235247][0.905139 4.20556 -0.936][-0.235247 -0.936 2.93435]]
weight = 0.298095 mean = [0.392297 3.53054 3.65368] covariance = [[6.35731 -0.178233 2.54562][-0.178233 6.06454 -2.73586][2.54562 -2.73586 7.99236]]
weight = 0.0198585 mean = [3.26955 0.126392 -0.658583] covariance = [[1.73829 -0.100041 -0.128114][-0.100041 1.01665 0.0199022][-0.128114 0.0199022 3.7406]]
weight = 0.124704 mean = [-4.11165 2.92938 5.54543] covariance = [[2.03232 -0.671679 0.175884][-0.671679 6.69503 -0.967779][0.175884 -0.967779 4.69213]]
weight = 0.148839 mean = [-0.619243 3.0165 8.20006] covariance = [[8.20703 -0.438575 -0.578785][-0.438575 7.15483 0.259457][-0.578785 0.259457 1.5009]]
]
2025-03-16 03:44:26 INFO  ren0 [PMMFocalGuidingIntegrator] Octree[
AABB: AABB3[min=[-6.3658, -1.5274, -4.73046], max=[5.27597, 8.04131, 10.0598]]
Nodes count: 467
]
2025-03-16 03:44:26 INFO  ren0 [PMMFocalGuidingIntegrator] Octree[
AABB: AABB3[min=[-6.3658, -1.5274, -4.73046], max=[5.27597, 8.04131, 10.0598]]
Nodes count: 307
]
2025-03-16 03:44:26 INFO  ren0 [PMMFocalGuidingIntegrator] Rendering 3 iteration
2025-03-16 03:44:26 INFO  ren0 [SamplingIntegrator] Starting render job (1280x720, 4 samples, 8 cores, SSE2 enabled) ..
2025-03-16 03:44:59 INFO  wrk6 [PMMFocalGuidingIntegrator] hit luminaire, value = [1e+06, 1e+06, 1e+06]
2025-03-16 03:47:07 INFO  ren0 [PMMFocalGuidingIntegrator] iteration render time: 2.6718m
2025-03-16 03:47:07 INFO  ren0 [PMMFocalGuidingIntegrator] Got 80898 non-zero samples and 0 zero samples
2025-03-16 03:47:20 INFO  ren0 [gaussian_mixture_model.h:126] Components accumulated weight is: 1.000000
2025-03-16 03:47:20 INFO  ren0 [gaussian_mixture_model.h:173] exp(-dist) between 0 and 4 is 0.135268
2025-03-16 03:47:20 INFO  ren0 [gaussian_mixture_model.h:173] exp(-dist) between 0 and 6 is 0.291298
2025-03-16 03:47:20 INFO  ren0 [gaussian_mixture_model.h:173] exp(-dist) between 0 and 7 is 0.736199
2025-03-16 03:47:20 INFO  ren0 [gaussian_mixture_model.h:173] exp(-dist) between 0 and 8 is 0.014007
2025-03-16 03:47:20 INFO  ren0 [gaussian_mixture_model.h:173] exp(-dist) between 0 and 9 is 0.082843
2025-03-16 03:47:20 INFO  ren0 [gaussian_mixture_model.h:173] exp(-dist) between 4 and 6 is 0.414773
2025-03-16 03:47:20 INFO  ren0 [gaussian_mixture_model.h:173] exp(-dist) between 4 and 7 is 0.202713
2025-03-16 03:47:20 INFO  ren0 [gaussian_mixture_model.h:173] exp(-dist) between 4 and 8 is 0.124600
2025-03-16 03:47:20 INFO  ren0 [gaussian_mixture_model.h:173] exp(-dist) between 4 and 9 is 0.002117
2025-03-16 03:47:20 INFO  ren0 [gaussian_mixture_model.h:173] exp(-dist) between 6 and 7 is 0.135302
2025-03-16 03:47:20 INFO  ren0 [gaussian_mixture_model.h:173] exp(-dist) between 6 and 8 is 0.400419
2025-03-16 03:47:20 INFO  ren0 [gaussian_mixture_model.h:173] exp(-dist) between 6 and 9 is 0.431392
2025-03-16 03:47:20 INFO  ren0 [gaussian_mixture_model.h:173] exp(-dist) between 7 and 8 is 0.004802
2025-03-16 03:47:20 INFO  ren0 [gaussian_mixture_model.h:173] exp(-dist) between 7 and 9 is 0.011810
2025-03-16 03:47:20 INFO  ren0 [gaussian_mixture_model.h:173] exp(-dist) between 8 and 9 is 0.424784
2025-03-16 03:47:20 INFO  ren0 [gaussian_mixture_model.h:180] components before the merge: 6
2025-03-16 03:47:20 INFO  ren0 [gaussian_mixture_model.h:183] Merging 7 and 0, because their BC is 0.736199
2025-03-16 03:47:20 INFO  ren0 [gaussian_mixture_model.h:200] components after the merge: 5, merged 1 component
2025-03-16 03:47:20 INFO  ren0 [gaussian_mixture_model.h:237] Ratio is 2.622908
2025-03-16 03:47:20 INFO  ren0 [gaussian_mixture_model.h:237] Ratio is 3.096680
2025-03-16 03:47:20 INFO  ren0 [gaussian_mixture_model.h:237] Ratio is 7.083346
2025-03-16 03:47:20 INFO  ren0 [gaussian_mixture_model.h:237] Ratio is 3.529505
2025-03-16 03:47:20 INFO  ren0 [gaussian_mixture_model.h:237] Ratio is 5.948885
2025-03-16 03:47:20 INFO  ren0 [gaussian_mixture_model.h:237] Ratio is 3.541673
2025-03-16 03:47:20 INFO  ren0 [gaussian_mixture_model.h:237] Ratio is 3.541673
2025-03-16 03:47:20 INFO  ren0 [gaussian_mixture_model.h:218] components after the split: 6, split 1 components
2025-03-16 03:47:20 INFO  ren0 [octree.h:482] root weight: 5.718e+04 (57183.839844)
2025-03-16 03:47:20 INFO  ren0 [octree.h:483] splitting threshold: 5.718e+01 (57.183842)
2025-03-16 03:47:20 INFO  ren0 [octree.h:482] root weight: 9.504e+03 (9504.170898)
2025-03-16 03:47:20 INFO  ren0 [octree.h:483] splitting threshold: 9.504e+00 (9.504171)
2025-03-16 03:47:20 INFO  ren0 [octree.h:498] node count: 467 -> 489 -> 458

2025-03-16 03:47:20 INFO  ren0 [octree.h:498] node count: 307 -> 313 -> 307

2025-03-16 03:47:20 INFO  ren0 [PMMFocalGuidingIntegrator] diverge probability: 0.143

2025-03-16 03:47:20 INFO  ren0 [PMMFocalGuidingIntegrator] iteration postprocessing time: 13.7831s
2025-03-16 03:47:20 INFO  ren0 [PMMFocalGuidingIntegrator] GMM[
weight = 0.0194943 mean = [3.1417 0.126466 2.08825] covariance = [[1.63591 -0.015286 -0.0560988][-0.015286 0.963162 -0.027119][-0.0560988 -0.027119 3.40674]]
weight = 0.39644 mean = [-1.42821 3.12975 -1.67202] covariance = [[5.82534 0.749494 -0.115125][0.749494 3.86105 -0.72004][-0.115125 -0.72004 2.68792]]
weight = 0.297986 mean = [0.314145 3.45265 3.66738] covariance = [[6.26246 -0.0687721 2.49044][-0.0687721 5.79996 -2.35332][2.49044 -2.35332 7.64925]]
weight = 0.0194943 mean = [3.22403 0.154888 -0.521355] covariance = [[1.63591 -0.015286 -0.0560988][-0.015286 0.963162 -0.027119][-0.0560988 -0.027119 3.40674]]
weight = 0.123134 mean = [-4.06659 2.94166 5.46402] covariance = [[1.91011 -0.421486 0.109327][-0.421486 6.2153 -0.765671][0.109327 -0.765671 4.83862]]
weight = 0.14345 mean = [-0.57569 2.93787 8.17685] covariance = [[8.01614 -0.220513 -0.476765][-0.220513 6.44124 -0.01612][-0.476765 -0.01612 1.3925]]
]
2025-03-16 03:47:20 INFO  ren0 [PMMFocalGuidingIntegrator] Octree[
AABB: AABB3[min=[-6.3658, -1.5274, -4.73046], max=[5.27597, 8.04131, 10.0598]]
Nodes count: 458
]
2025-03-16 03:47:20 INFO  ren0 [PMMFocalGuidingIntegrator] Octree[
AABB: AABB3[min=[-6.3658, -1.5274, -4.73046], max=[5.27597, 8.04131, 10.0598]]
Nodes count: 307
]
2025-03-16 03:47:20 INFO  ren0 [PMMFocalGuidingIntegrator] Rendering 4 iteration
2025-03-16 03:47:20 INFO  ren0 [SamplingIntegrator] Starting render job (1280x720, 4 samples, 8 cores, SSE2 enabled) ..
2025-03-16 03:48:09 INFO  wrk2 [PMMFocalGuidingIntegrator] hit luminaire, value = [0, 0, 0]
2025-03-16 03:48:37 INFO  wrk0 [PMMFocalGuidingIntegrator] hit luminaire, value = [1e+06, 1e+06, 1e+06]
2025-03-16 03:49:02 INFO  wrk4 [PMMFocalGuidingIntegrator] hit luminaire, value = [0, 0, 0]
2025-03-16 03:49:59 INFO  ren0 [PMMFocalGuidingIntegrator] iteration render time: 2.6469m
2025-03-16 03:49:59 INFO  ren0 [PMMFocalGuidingIntegrator] Got 98516 non-zero samples and 0 zero samples
2025-03-16 03:50:16 INFO  ren0 [gaussian_mixture_model.h:126] Components accumulated weight is: 1.000000
2025-03-16 03:50:16 INFO  ren0 [gaussian_mixture_model.h:173] exp(-dist) between 0 and 4 is 0.117584
2025-03-16 03:50:16 INFO  ren0 [gaussian_mixture_model.h:173] exp(-dist) between 0 and 6 is 0.277603
2025-03-16 03:50:16 INFO  ren0 [gaussian_mixture_model.h:173] exp(-dist) between 0 and 7 is 0.735035
2025-03-16 03:50:16 INFO  ren0 [gaussian_mixture_model.h:173] exp(-dist) between 0 and 8 is 0.010892
2025-03-16 03:50:16 INFO  ren0 [gaussian_mixture_model.h:173] exp(-dist) between 0 and 9 is 0.070338
2025-03-16 03:50:16 INFO  ren0 [gaussian_mixture_model.h:173] exp(-dist) between 4 and 6 is 0.406638
2025-03-16 03:50:16 INFO  ren0 [gaussian_mixture_model.h:173] exp(-dist) between 4 and 7 is 0.190473
2025-03-16 03:50:16 INFO  ren0 [gaussian_mixture_model.h:173] exp(-dist) between 4 and 8 is 0.124242
2025-03-16 03:50:16 INFO  ren0 [gaussian_mixture_model.h:173] exp(-dist) between 4 and 9 is 0.001445
2025-03-16 03:50:16 INFO  ren0 [gaussian_mixture_model.h:173] exp(-dist) between 6 and 7 is 0.136068
2025-03-16 03:50:16 INFO  ren0 [gaussian_mixture_model.h:173] exp(-dist) between 6 and 8 is 0.407363
2025-03-16 03:50:16 INFO  ren0 [gaussian_mixture_model.h:173] exp(-dist) between 6 and 9 is 0.425130
2025-03-16 03:50:16 INFO  ren0 [gaussian_mixture_model.h:173] exp(-dist) between 7 and 8 is 0.004546
2025-03-16 03:50:16 INFO  ren0 [gaussian_mixture_model.h:173] exp(-dist) between 7 and 9 is 0.010663
2025-03-16 03:50:16 INFO  ren0 [gaussian_mixture_model.h:173] exp(-dist) between 8 and 9 is 0.413643
2025-03-16 03:50:16 INFO  ren0 [gaussian_mixture_model.h:180] components before the merge: 6
2025-03-16 03:50:16 INFO  ren0 [gaussian_mixture_model.h:183] Merging 7 and 0, because their BC is 0.735035
2025-03-16 03:50:16 INFO  ren0 [gaussian_mixture_model.h:200] components after the merge: 5, merged 1 component
2025-03-16 03:50:16 INFO  ren0 [gaussian_mixture_model.h:237] Ratio is 2.587405
2025-03-16 03:50:16 INFO  ren0 [gaussian_mixture_model.h:237] Ratio is 3.010712
2025-03-16 03:50:16 INFO  ren0 [gaussian_mixture_model.h:237] Ratio is 6.991516
2025-03-16 03:50:16 INFO  ren0 [gaussian_mixture_model.h:237] Ratio is 3.464514
2025-03-16 03:50:16 INFO  ren0 [gaussian_mixture_model.h:237] Ratio is 6.107564
2025-03-16 03:50:16 INFO  ren0 [gaussian_mixture_model.h:218] components after the split: 5, split 0 components
2025-03-16 03:50:16 INFO  ren0 [octree.h:482] root weight: 5.693e+04 (56932.550781)
2025-03-16 03:50:16 INFO  ren0 [octree.h:483] splitting threshold: 5.693e+01 (56.932552)
2025-03-16 03:50:16 INFO  ren0 [octree.h:482] root weight: 8.731e+03 (8731.033203)
2025-03-16 03:50:16 INFO  ren0 [octree.h:483] splitting threshold: 8.731e+00 (8.731033)
2025-03-16 03:50:16 INFO  ren0 [octree.h:498] node count: 458 -> 472 -> 456

2025-03-16 03:50:16 INFO  ren0 [octree.h:498] node count: 307 -> 310 -> 306

2025-03-16 03:50:16 INFO  ren0 [PMMFocalGuidingIntegrator] diverge probability: 0.133

2025-03-16 03:50:16 INFO  ren0 [PMMFocalGuidingIntegrator] iteration postprocessing time: 16.6893s
2025-03-16 03:50:16 INFO  ren0 [PMMFocalGuidingIntegrator] GMM[
weight = 0.401777 mean = [-1.38194 3.186 -1.69016] covariance = [[5.5754 0.670627 -0.04241][0.670627 3.61432 -0.579549][-0.04241 -0.579549 2.50415]]
weight = 0.299082 mean = [0.268371 3.37481 3.67919] covariance = [[6.15199 -0.00877192 2.45021][-0.00877192 5.63267 -2.12963][2.45021 -2.12963 7.38531]]
weight = 0.0374303 mean = [3.19854 0.136579 0.866065] covariance = [[1.57369 0.0438307 -0.0745986][0.0438307 0.929151 -0.0951678][-0.0745986 -0.0951678 6.46241]]
weight = 0.121557 mean = [-4.05179 2.94069 5.40082] covariance = [[1.8467 -0.285655 0.0621787][-0.285655 6.02203 -0.628683][0.0621787 -0.628683 4.94844]]
weight = 0.140153 mean = [-0.543816 2.87252 8.17837] covariance = [[7.91078 -0.132307 -0.412052][-0.132307 6.11983 -0.149621][-0.412052 -0.149621 1.33167]]
]
2025-03-16 03:50:16 INFO  ren0 [PMMFocalGuidingIntegrator] Octree[
AABB: AABB3[min=[-6.3658, -1.5274, -4.73046], max=[5.27597, 8.04131, 10.0598]]
Nodes count: 456
]
2025-03-16 03:50:16 INFO  ren0 [PMMFocalGuidingIntegrator] Octree[
AABB: AABB3[min=[-6.3658, -1.5274, -4.73046], max=[5.27597, 8.04131, 10.0598]]
Nodes count: 306
]
2025-03-16 03:50:16 INFO  ren0 [PMMFocalGuidingIntegrator] Rendering 5 iteration
2025-03-16 03:50:16 INFO  ren0 [SamplingIntegrator] Starting render job (1280x720, 4 samples, 8 cores, SSE2 enabled) ..
2025-03-16 03:52:31 INFO  wrk4 [PMMFocalGuidingIntegrator] hit luminaire, value = [0, 0, 0]
2025-03-16 03:52:37 INFO  wrk4 [PMMFocalGuidingIntegrator] hit luminaire, value = [0, 0, 0]
2025-03-16 03:52:56 INFO  ren0 [PMMFocalGuidingIntegrator] iteration render time: 2.6702m
2025-03-16 03:52:56 INFO  ren0 [PMMFocalGuidingIntegrator] Got 117570 non-zero samples and 0 zero samples
2025-03-16 03:53:13 INFO  ren0 [gaussian_mixture_model.h:126] Components accumulated weight is: 1.000000
2025-03-16 03:53:13 INFO  ren0 [gaussian_mixture_model.h:173] exp(-dist) between 4 and 6 is 0.399829
2025-03-16 03:53:13 INFO  ren0 [gaussian_mixture_model.h:173] exp(-dist) between 4 and 7 is 0.151986
2025-03-16 03:53:13 INFO  ren0 [gaussian_mixture_model.h:173] exp(-dist) between 4 and 8 is 0.123279
2025-03-16 03:53:13 INFO  ren0 [gaussian_mixture_model.h:173] exp(-dist) between 4 and 9 is 0.001016
2025-03-16 03:53:13 INFO  ren0 [gaussian_mixture_model.h:173] exp(-dist) between 6 and 7 is 0.238731
2025-03-16 03:53:13 INFO  ren0 [gaussian_mixture_model.h:173] exp(-dist) between 6 and 8 is 0.412551
2025-03-16 03:53:13 INFO  ren0 [gaussian_mixture_model.h:173] exp(-dist) between 6 and 9 is 0.415749
2025-03-16 03:53:13 INFO  ren0 [gaussian_mixture_model.h:173] exp(-dist) between 7 and 8 is 0.008062
2025-03-16 03:53:13 INFO  ren0 [gaussian_mixture_model.h:173] exp(-dist) between 7 and 9 is 0.069650
2025-03-16 03:53:13 INFO  ren0 [gaussian_mixture_model.h:173] exp(-dist) between 8 and 9 is 0.404763
2025-03-16 03:53:13 INFO  ren0 [gaussian_mixture_model.h:180] components before the merge: 5
2025-03-16 03:53:13 INFO  ren0 [gaussian_mixture_model.h:183] Merging 9 and 6, because their BC is 0.415749
2025-03-16 03:53:13 INFO  ren0 [gaussian_mixture_model.h:183] Merging 9 and 8, because their BC is 0.541109
2025-03-16 03:53:13 INFO  ren0 [gaussian_mixture_model.h:200] components after the merge: 3, merged 2 component
2025-03-16 03:53:13 INFO  ren0 [gaussian_mixture_model.h:237] Ratio is 2.603543
2025-03-16 03:53:13 INFO  ren0 [gaussian_mixture_model.h:237] Ratio is 8.266160
2025-03-16 03:53:13 INFO  ren0 [gaussian_mixture_model.h:237] Ratio is 1.904791
2025-03-16 03:53:13 INFO  ren0 [gaussian_mixture_model.h:237] Ratio is 4.133080
2025-03-16 03:53:13 INFO  ren0 [gaussian_mixture_model.h:237] Ratio is 4.133080
2025-03-16 03:53:13 INFO  ren0 [gaussian_mixture_model.h:218] components after the split: 4, split 1 components
2025-03-16 03:53:13 INFO  ren0 [octree.h:482] root weight: 6.094e+04 (60943.269531)
2025-03-16 03:53:13 INFO  ren0 [octree.h:483] splitting threshold: 6.094e+01 (60.943272)
2025-03-16 03:53:13 INFO  ren0 [octree.h:482] root weight: 8.972e+03 (8971.997070)
2025-03-16 03:53:13 INFO  ren0 [octree.h:483] splitting threshold: 8.972e+00 (8.971997)
2025-03-16 03:53:13 INFO  ren0 [octree.h:498] node count: 456 -> 462 -> 443

2025-03-16 03:53:13 INFO  ren0 [octree.h:498] node count: 306 -> 307 -> 298

2025-03-16 03:53:13 INFO  ren0 [PMMFocalGuidingIntegrator] diverge probability: 0.128

2025-03-16 03:53:13 INFO  ren0 [PMMFocalGuidingIntegrator] iteration postprocessing time: 16.3856s
2025-03-16 03:53:13 INFO  ren0 [PMMFocalGuidingIntegrator] GMM[
weight = 0.0181587 mean = [3.21771 0.114181 2.33997] covariance = [[1.54227 0.0913474 -0.000353176][0.0913474 0.910784 -0.0537926][-0.000353176 -0.0537926 3.70562]]
weight = 0.407648 mean = [-1.33999 3.23823 -1.70606] covariance = [[5.40323 0.611358 0.00837523][0.611358 3.44083 -0.499512][0.00837523 -0.499512 2.35708]]
weight = 0.0181587 mean = [3.22037 0.166643 -0.382261] covariance = [[1.54227 0.0913474 -0.000353176][0.0913474 0.910784 -0.0537926][-0.000353176 -0.0537926 3.70562]]
weight = 0.556035 mean = [-0.887704 3.12267 5.14195] covariance = [[8.41546 0.206717 0.434301][0.206717 5.72772 -1.60247][0.434301 -1.60247 8.72081]]
]
2025-03-16 03:53:13 INFO  ren0 [PMMFocalGuidingIntegrator] Octree[
AABB: AABB3[min=[-6.3658, -1.5274, -4.73046], max=[5.27597, 8.04131, 10.0598]]
Nodes count: 443
]
2025-03-16 03:53:13 INFO  ren0 [PMMFocalGuidingIntegrator] Octree[
AABB: AABB3[min=[-6.3658, -1.5274, -4.73046], max=[5.27597, 8.04131, 10.0598]]
Nodes count: 298
]
2025-03-16 03:53:13 INFO  ren0 [PMMFocalGuidingIntegrator] Rendering 6 iteration
2025-03-16 03:53:13 INFO  ren0 [SamplingIntegrator] Starting render job (1280x720, 4 samples, 8 cores, SSE2 enabled) ..
2025-03-16 03:53:19 INFO  wrk1 [PMMFocalGuidingIntegrator] hit luminaire, value = [1e+06, 1e+06, 1e+06]
2025-03-16 03:53:58 INFO  wrk6 [PMMFocalGuidingIntegrator] hit luminaire, value = [0, 0, 0]
2025-03-16 03:54:51 INFO  wrk7 [PMMFocalGuidingIntegrator] hit luminaire, value = [1e+06, 1e+06, 1e+06]
2025-03-16 03:55:11 INFO  wrk2 [PMMFocalGuidingIntegrator] hit luminaire, value = [0, 0, 0]
2025-03-16 03:55:51 INFO  ren0 [PMMFocalGuidingIntegrator] iteration render time: 2.6366m
2025-03-16 03:55:51 INFO  ren0 [PMMFocalGuidingIntegrator] Got 138217 non-zero samples and 0 zero samples
2025-03-16 03:56:07 INFO  ren0 [gaussian_mixture_model.h:126] Components accumulated weight is: 1.000000
2025-03-16 03:56:07 INFO  ren0 [gaussian_mixture_model.h:173] exp(-dist) between 0 and 4 is 0.097456
2025-03-16 03:56:07 INFO  ren0 [gaussian_mixture_model.h:173] exp(-dist) between 0 and 7 is 0.743950
2025-03-16 03:56:07 INFO  ren0 [gaussian_mixture_model.h:173] exp(-dist) between 0 and 9 is 0.240446
2025-03-16 03:56:07 INFO  ren0 [gaussian_mixture_model.h:173] exp(-dist) between 4 and 7 is 0.171589
2025-03-16 03:56:07 INFO  ren0 [gaussian_mixture_model.h:173] exp(-dist) between 4 and 9 is 0.285788
2025-03-16 03:56:07 INFO  ren0 [gaussian_mixture_model.h:173] exp(-dist) between 7 and 9 is 0.133402
2025-03-16 03:56:07 INFO  ren0 [gaussian_mixture_model.h:180] components before the merge: 4
2025-03-16 03:56:07 INFO  ren0 [gaussian_mixture_model.h:183] Merging 7 and 0, because their BC is 0.743950
2025-03-16 03:56:07 INFO  ren0 [gaussian_mixture_model.h:200] components after the merge: 3, merged 1 component
2025-03-16 03:56:07 INFO  ren0 [gaussian_mixture_model.h:237] Ratio is 2.564450
2025-03-16 03:56:07 INFO  ren0 [gaussian_mixture_model.h:237] Ratio is 7.837585
2025-03-16 03:56:07 INFO  ren0 [gaussian_mixture_model.h:237] Ratio is 1.852677
2025-03-16 03:56:07 INFO  ren0 [gaussian_mixture_model.h:237] Ratio is 3.918793
2025-03-16 03:56:07 INFO  ren0 [gaussian_mixture_model.h:237] Ratio is 3.918793
2025-03-16 03:56:07 INFO  ren0 [gaussian_mixture_model.h:218] components after the split: 4, split 1 components
2025-03-16 03:56:07 INFO  ren0 [octree.h:482] root weight: 6.427e+04 (64272.476562)
2025-03-16 03:56:07 INFO  ren0 [octree.h:483] splitting threshold: 6.427e+01 (64.272476)
2025-03-16 03:56:07 INFO  ren0 [octree.h:482] root weight: 9.992e+03 (9992.025391)
2025-03-16 03:56:07 INFO  ren0 [octree.h:483] splitting threshold: 9.992e+00 (9.992026)
2025-03-16 03:56:07 INFO  ren0 [octree.h:498] node count: 443 -> 450 -> 434

2025-03-16 03:56:07 INFO  ren0 [octree.h:498] node count: 298 -> 302 -> 302

2025-03-16 03:56:07 INFO  ren0 [PMMFocalGuidingIntegrator] diverge probability: 0.135

2025-03-16 03:56:07 INFO  ren0 [PMMFocalGuidingIntegrator] iteration postprocessing time: 15.7111s
2025-03-16 03:56:07 INFO  ren0 [PMMFocalGuidingIntegrator] GMM[
weight = 0.0172906 mean = [3.22928 0.127389 2.29919] covariance = [[1.50951 0.110282 0.00657434][0.110282 0.897198 -0.0358112][0.00657434 -0.0358112 3.43792]]
weight = 0.417573 mean = [-1.31634 3.28372 -1.71297] covariance = [[5.21524 0.535104 0.0349882][0.535104 3.30165 -0.426892][0.0349882 -0.426892 2.25626]]
weight = 0.0172906 mean = [3.22244 0.164043 -0.322922] covariance = [[1.50951 0.110282 0.00657434][0.110282 0.897198 -0.0358112][0.00657434 -0.0358112 3.43792]]
weight = 0.547846 mean = [-0.89062 3.07187 5.13559] covariance = [[8.37732 0.204579 0.387999][0.204579 5.60668 -1.45369][0.387999 -1.45369 8.5066]]
]
2025-03-16 03:56:07 INFO  ren0 [PMMFocalGuidingIntegrator] Octree[
AABB: AABB3[min=[-6.3658, -1.5274, -4.73046], max=[5.27597, 8.04131, 10.0598]]
Nodes count: 434
]
2025-03-16 03:56:07 INFO  ren0 [PMMFocalGuidingIntegrator] Octree[
AABB: AABB3[min=[-6.3658, -1.5274, -4.73046], max=[5.27597, 8.04131, 10.0598]]
Nodes count: 302
]
2025-03-16 03:56:07 INFO  ren0 [PMMFocalGuidingIntegrator] Rendering 7 iteration
2025-03-16 03:56:07 INFO  ren0 [SamplingIntegrator] Starting render job (1280x720, 4 samples, 8 cores, SSE2 enabled) ..
2025-03-16 03:56:16 INFO  wrk7 [PMMFocalGuidingIntegrator] hit luminaire, value = [1e+06, 1e+06, 1e+06]
2025-03-16 03:56:48 INFO  wrk1 [PMMFocalGuidingIntegrator] hit luminaire, value = [0, 0, 0]
2025-03-16 03:57:32 INFO  wrk7 [PMMFocalGuidingIntegrator] hit luminaire, value = [0, 0, 0]
2025-03-16 03:58:27 INFO  wrk2 [PMMFocalGuidingIntegrator] hit luminaire, value = [1e+06, 1e+06, 1e+06]
2025-03-16 03:58:29 INFO  wrk2 [PMMFocalGuidingIntegrator] hit luminaire, value = [0, 0, 0]
2025-03-16 03:58:43 INFO  ren0 [PMMFocalGuidingIntegrator] iteration render time: 2.6033m
2025-03-16 03:58:43 INFO  ren0 [PMMFocalGuidingIntegrator] Got 160186 non-zero samples and 0 zero samples
2025-03-16 03:59:01 INFO  ren0 [gaussian_mixture_model.h:126] Components accumulated weight is: 1.000000
2025-03-16 03:59:01 INFO  ren0 [gaussian_mixture_model.h:173] exp(-dist) between 0 and 4 is 0.091707
2025-03-16 03:59:01 INFO  ren0 [gaussian_mixture_model.h:173] exp(-dist) between 0 and 7 is 0.744708
2025-03-16 03:59:01 INFO  ren0 [gaussian_mixture_model.h:173] exp(-dist) between 0 and 9 is 0.237144
2025-03-16 03:59:01 INFO  ren0 [gaussian_mixture_model.h:173] exp(-dist) between 4 and 7 is 0.163058
2025-03-16 03:59:01 INFO  ren0 [gaussian_mixture_model.h:173] exp(-dist) between 4 and 9 is 0.280680
2025-03-16 03:59:01 INFO  ren0 [gaussian_mixture_model.h:173] exp(-dist) between 7 and 9 is 0.133422
2025-03-16 03:59:01 INFO  ren0 [gaussian_mixture_model.h:180] components before the merge: 4
2025-03-16 03:59:01 INFO  ren0 [gaussian_mixture_model.h:183] Merging 7 and 0, because their BC is 0.744708
2025-03-16 03:59:01 INFO  ren0 [gaussian_mixture_model.h:200] components after the merge: 3, merged 1 component
2025-03-16 03:59:01 INFO  ren0 [gaussian_mixture_model.h:237] Ratio is 2.545855
2025-03-16 03:59:01 INFO  ren0 [gaussian_mixture_model.h:237] Ratio is 7.484113
2025-03-16 03:59:01 INFO  ren0 [gaussian_mixture_model.h:237] Ratio is 1.827914
2025-03-16 03:59:01 INFO  ren0 [gaussian_mixture_model.h:237] Ratio is 3.742056
2025-03-16 03:59:01 INFO  ren0 [gaussian_mixture_model.h:237] Ratio is 3.742056
2025-03-16 03:59:01 INFO  ren0 [gaussian_mixture_model.h:218] components after the split: 4, split 1 components
2025-03-16 03:59:01 INFO  ren0 [octree.h:482] root weight: 7.140e+04 (71403.218750)
2025-03-16 03:59:01 INFO  ren0 [octree.h:483] splitting threshold: 7.140e+01 (71.403221)
2025-03-16 03:59:01 INFO  ren0 [octree.h:482] root weight: 9.666e+03 (9665.817383)
2025-03-16 03:59:01 INFO  ren0 [octree.h:483] splitting threshold: 9.666e+00 (9.665818)
2025-03-16 03:59:01 INFO  ren0 [octree.h:498] node count: 434 -> 442 -> 428

2025-03-16 03:59:01 INFO  ren0 [octree.h:498] node count: 302 -> 302 -> 296

2025-03-16 03:59:01 INFO  ren0 [PMMFocalGuidingIntegrator] diverge probability: 0.119

2025-03-16 03:59:01 INFO  ren0 [PMMFocalGuidingIntegrator] iteration postprocessing time: 18.1996s
2025-03-16 03:59:01 INFO  ren0 [PMMFocalGuidingIntegrator] GMM[
weight = 0.0163062 mean = [3.23969 0.145667 2.22858] covariance = [[1.49216 0.127114 0.00369821][0.127114 0.889436 -0.0153403][0.00369821 -0.0153403 3.23161]]
weight = 0.425171 mean = [-1.29454 3.31577 -1.71604] covariance = [[5.0938 0.491595 0.0451378][0.491595 3.16873 -0.368164][0.0451378 -0.368164 2.18348]]
weight = 0.0163062 mean = [3.23549 0.162089 -0.313687] covariance = [[1.49216 0.127114 0.00369821][0.127114 0.889436 -0.0153403][0.00369821 -0.0153403 3.23161]]
weight = 0.542216 mean = [-0.894628 3.03208 5.12787] covariance = [[8.3309 0.202722 0.380131][0.202722 5.49996 -1.35013][0.380131 -1.35013 8.35887]]
]
2025-03-16 03:59:01 INFO  ren0 [PMMFocalGuidingIntegrator] Octree[
AABB: AABB3[min=[-6.3658, -1.5274, -4.73046], max=[5.27597, 8.04131, 10.0598]]
Nodes count: 428
]
2025-03-16 03:59:01 INFO  ren0 [PMMFocalGuidingIntegrator] Octree[
AABB: AABB3[min=[-6.3658, -1.5274, -4.73046], max=[5.27597, 8.04131, 10.0598]]
Nodes count: 296
]
2025-03-16 03:59:01 INFO  ren0 [PMMFocalGuidingIntegrator] Finished training phase. Starting real rendering.
2025-03-16 03:59:01 INFO  ren0 [PMMFocalGuidingIntegrator] final guiding field written to ../scenes/dining-room/final_gmm.serialized
2025-03-16 03:59:01 INFO  ren0 [PMMFocalGuidingIntegrator] Starting render job (1280x720, 4 samples, 8 cores, SSE2 enabled) ..
2025-03-16 03:59:29 INFO  wrk7 [PMMFocalGuidingIntegrator] hit luminaire, value = [1e+06, 1e+06, 1e+06]
2025-03-16 04:01:28 INFO  wrk3 [PMMFocalGuidingIntegrator] hit luminaire, value = [0, 0, 0]
2025-03-16 04:01:35 INFO  wrk4 [PMMFocalGuidingIntegrator] hit luminaire, value = [1e+06, 1e+06, 1e+06]
2025-03-16 04:01:36 INFO  ren0 [PMMFocalGuidingIntegrator] rendered 4 samples per pixel in 2.5855m.
2025-03-16 04:01:36 INFO  ren0 [RenderJob] Render time: 23.7065m
2025-03-16 04:01:36 INFO  ren0 [PMMFocalGuidingIntegrator] iteration render time: 2.5855m
2025-03-16 04:01:36 INFO  ren0 [PMMFocalGuidingIntegrator] GMM[
weight = 0.0163062 mean = [3.23969 0.145667 2.22858] covariance = [[1.49216 0.127114 0.00369821][0.127114 0.889436 -0.0153403][0.00369821 -0.0153403 3.23161]]
weight = 0.425171 mean = [-1.29454 3.31577 -1.71604] covariance = [[5.0938 0.491595 0.0451378][0.491595 3.16873 -0.368164][0.0451378 -0.368164 2.18348]]
weight = 0.0163062 mean = [3.23549 0.162089 -0.313687] covariance = [[1.49216 0.127114 0.00369821][0.127114 0.889436 -0.0153403][0.00369821 -0.0153403 3.23161]]
weight = 0.542216 mean = [-0.894628 3.03208 5.12787] covariance = [[8.3309 0.202722 0.380131][0.202722 5.49996 -1.35013][0.380131 -1.35013 8.35887]]
]
2025-03-16 04:01:36 INFO  ren0 [HDRFilm] Writing image to "/home/julia/PBRT/PMM_focal_guiding/mitsuba/dist/../../scenes/dining-room/dining-room.exr" ..
2025-03-16 04:01:36 INFO  main [statistics.cpp:142] Statistics:
------------------------------------------------------------
 * Loaded plugins :
    -  plugins/area.so [Area light]
    -  plugins/bitmap.so [Bitmap texture]
    -  plugins/box.so [Box filter]
    -  plugins/conductor.so [Smooth conductor]
    -  plugins/diffuse.so [Smooth diffuse BRDF]
    -  plugins/disk.so [Disk intersection primitive]
    -  plugins/hdrfilm.so [High dynamic range film]
    -  plugins/independent.so [Independent sampler]
    -  plugins/lanczos.so [Lanczos Sinc filter]
    -  plugins/obj.so [OBJ triangle mesh loader]
    -  plugins/perspective.so [Perspective camera]
    -  plugins/ply.so [PLY mesh loader]
    -  plugins/pmm_focal_guiding.so [PMM focal guiding path tracer]
    -  plugins/rectangle.so [Rectangle intersection primitive]
    -  plugins/roughconductor.so [Rough conductor BRDF]
    -  plugins/roughplastic.so [Rough plastic BRDF]
    -  plugins/twosided.so [Two-sided BRDF adapter]

  * General :
    -  Normal rays traced : 23.239 M
    -  Shadow rays traced : 8.243 M

  * Path tracer :
    -  Average path length : 6.18 (22.78 M / 3.69 M)
    -  Sampled from Converging : 9.456 M
    -  Sampled from Diverging : 1.284 M
    -  Sampled from GMM : 10.739 M

  * Texture system :
    -  Filtered texture lookups : 14.68 % (475.76 K of 3.24 M)
------------------------------------------------------------
