2025-03-16 13:21:21 INFO  main [mitsuba.cpp:274] Mitsuba version 0.6.0 (Linux, 64 bit), Copyright (c) 2017 Wenzel Jakob
2025-03-16 13:21:21 INFO  main [mitsuba.cpp:377] Parsing scene description from "../../scenes/living-room/living-room.xml" ..
2025-03-16 13:21:21 INFO  main [scenehandler.cpp:675] In file "/home/julia/PBRT/PMM_focal_guiding/mitsuba/dist/../../scenes/living-room/living-room.xml" (near line 17): Parsing included file "pmm_focal_guiding.xml" ..
2025-03-16 13:21:21 INFO  main [PluginManager] Loading plugin "plugins/pmm_focal_guiding.so" ..
2025-03-16 13:21:21 INFO  main [octree.h:482] root weight: 8.000e-20 (0.000000)
2025-03-16 13:21:21 INFO  main [octree.h:483] splitting threshold: 8.000e-23 (0.000000)
2025-03-16 13:21:21 INFO  main [octree.h:498] node count: 1 -> 585 -> 585

2025-03-16 13:21:21 INFO  main [octree.h:482] root weight: 8.000e-20 (0.000000)
2025-03-16 13:21:21 INFO  main [octree.h:483] splitting threshold: 8.000e-23 (0.000000)
2025-03-16 13:21:21 INFO  main [octree.h:498] node count: 1 -> 585 -> 585

2025-03-16 13:21:21 INFO  main [PMMFocalGuidingIntegrator] Saving to: ../scenes/living-room/
2025-03-16 13:21:21 INFO  main [PMMFocalGuidingIntegrator] GMM params: alpha = 0.250000, split_th = 7.000000, merge_th = 0.300000, min_num_comp = 3, max_num_comp = 10
2025-03-16 13:21:21 INFO  main [PMMFocalGuidingIntegrator] iterationCount: 8
2025-03-16 13:21:21 INFO  main [PMMFocalGuidingIntegrator] PMMFocalGuidingIntegrator
  maxDepth = 40,
  rrDepth = 14,
  strictNormals = 1
  gmm = GMM[
]
]
2025-03-16 13:21:21 WARN  main [scenehandler.cpp:795] In file "/home/julia/PBRT/PMM_focal_guiding/mitsuba/dist/../../scenes/living-room/../_integrators/pmm_focal_guiding.xml" (near line 49): Unqueried attribute "budget" in element "integrator"
2025-03-16 13:21:21 WARN  main [scenehandler.cpp:795] In file "/home/julia/PBRT/PMM_focal_guiding/mitsuba/dist/../../scenes/living-room/../_integrators/pmm_focal_guiding.xml" (near line 49): Unqueried attribute "dumpPrimaryRays" in element "integrator"
2025-03-16 13:21:21 WARN  main [scenehandler.cpp:795] In file "/home/julia/PBRT/PMM_focal_guiding/mitsuba/dist/../../scenes/living-room/../_integrators/pmm_focal_guiding.xml" (near line 49): Unqueried attribute "dumpScene" in element "integrator"
2025-03-16 13:21:21 WARN  main [scenehandler.cpp:795] In file "/home/julia/PBRT/PMM_focal_guiding/mitsuba/dist/../../scenes/living-room/../_integrators/pmm_focal_guiding.xml" (near line 49): Unqueried attribute "normalBinning" in element "integrator"
2025-03-16 13:21:21 WARN  main [scenehandler.cpp:795] In file "/home/julia/PBRT/PMM_focal_guiding/mitsuba/dist/../../scenes/living-room/../_integrators/pmm_focal_guiding.xml" (near line 49): Unqueried attribute "samplingMode" in element "integrator"
2025-03-16 13:21:21 WARN  main [scenehandler.cpp:795] In file "/home/julia/PBRT/PMM_focal_guiding/mitsuba/dist/../../scenes/living-room/../_integrators/pmm_focal_guiding.xml" (near line 49): Unqueried attribute "unboundedSplatting" in element "integrator"
2025-03-16 13:21:21 INFO  main [PluginManager] Loading plugin "plugins/independent.so" ..
2025-03-16 13:21:21 INFO  main [PluginManager] Loading plugin "plugins/box.so" ..
2025-03-16 13:21:21 INFO  main [PluginManager] Loading plugin "plugins/hdrfilm.so" ..
2025-03-16 13:21:21 INFO  main [PluginManager] Loading plugin "plugins/perspective.so" ..
2025-03-16 13:21:21 INFO  main [PluginManager] Loading plugin "plugins/bitmap.so" ..
2025-03-16 13:21:21 INFO  main [BitmapTexture] Loading texture "radio-dial-idea.jpg"
2025-03-16 13:21:21 INFO  main [PluginManager] Loading plugin "plugins/lanczos.so" ..
2025-03-16 13:21:21 INFO  main [PluginManager] Loading plugin "plugins/diffuse.so" ..
2025-03-16 13:21:21 INFO  main [PluginManager] Loading plugin "plugins/twosided.so" ..
2025-03-16 13:21:21 INFO  main [BitmapTexture] Loading texture "wood4.jpg"
2025-03-16 13:21:21 INFO  main [MIPMap] Mapped MIP map cache file "/home/julia/PBRT/PMM_focal_guiding/mitsuba/dist/../../scenes/living-room/textures/wood4.mip" into memory (14.3 MiB).
2025-03-16 13:21:21 INFO  main [PluginManager] Loading plugin "plugins/roughplastic.so" ..
2025-03-16 13:21:22 INFO  main [BitmapTexture] Loading texture "cushion-purple-yellow-stripe.jpg"
2025-03-16 13:21:22 INFO  main [BitmapTexture] Loading texture "cushion-green-circles.jpg"
2025-03-16 13:21:22 INFO  main [BitmapTexture] Loading texture "cushion-stripe-purple.jpg"
2025-03-16 13:21:22 INFO  main [BitmapTexture] Loading texture "shade-stripes.jpg"
2025-03-16 13:21:23 INFO  main [PluginManager] Loading plugin "plugins/plastic.so" ..
2025-03-16 13:21:23 INFO  main [BitmapTexture] Loading texture "apple.jpg"
2025-03-16 13:21:23 INFO  main [BitmapTexture] Loading texture "book-spines.jpg"
2025-03-16 13:21:23 INFO  main [MIPMap] Mapped MIP map cache file "/home/julia/PBRT/PMM_focal_guiding/mitsuba/dist/../../scenes/living-room/textures/book-spines.mip" into memory (11.7 MiB).
2025-03-16 13:21:23 INFO  main [PluginManager] Loading plugin "plugins/roughdielectric.so" ..
2025-03-16 13:21:23 INFO  main [PluginManager] Loading plugin "plugins/dielectric.so" ..
2025-03-16 13:21:23 INFO  main [PluginManager] Loading plugin "plugins/roughconductor.so" ..
2025-03-16 13:21:23 INFO  main [spectrum.cpp:599] "Cu.eta.spd": loaded a spectral power distribution with 55 entries (between 302.400421 and 885.601257 nm)
2025-03-16 13:21:23 INFO  main [spectrum.cpp:599] "Cu.k.spd": loaded a spectral power distribution with 55 entries (between 302.400421 and 885.601257 nm)
2025-03-16 13:21:23 INFO  main [BitmapTexture] Loading texture "Shade-paper.jpg"
2025-03-16 13:21:23 INFO  main [PluginManager] Loading plugin "plugins/mask.so" ..
2025-03-16 13:21:23 INFO  main [BitmapTexture] Loading texture "carpet-text3b.jpg"
2025-03-16 13:21:24 INFO  main [BitmapTexture] Loading texture "picture11-vert.jpg"
2025-03-16 13:21:24 INFO  main [MIPMap] Mapped MIP map cache file "/home/julia/PBRT/PMM_focal_guiding/mitsuba/dist/../../scenes/living-room/textures/picture11-vert.mip" into memory (18.8 MiB).
2025-03-16 13:21:24 INFO  main [BitmapTexture] Loading texture "Frame.jpg"
2025-03-16 13:21:24 INFO  main [BitmapTexture] Loading texture "Frame.jpg"
2025-03-16 13:21:24 INFO  main [BitmapTexture] Loading texture "Frame.jpg"
2025-03-16 13:21:25 INFO  main [BitmapTexture] Loading texture "Frame.jpg"
2025-03-16 13:21:26 INFO  main [BitmapTexture] Loading texture "picure4-grey.jpg"
2025-03-16 13:21:26 INFO  main [MIPMap] Mapped MIP map cache file "/home/julia/PBRT/PMM_focal_guiding/mitsuba/dist/../../scenes/living-room/textures/picure4-grey.mip" into memory (15.8 MiB).
2025-03-16 13:21:26 INFO  main [spectrum.cpp:599] "Cu.eta.spd": loaded a spectral power distribution with 55 entries (between 302.400421 and 885.601257 nm)
2025-03-16 13:21:26 INFO  main [spectrum.cpp:599] "Cu.k.spd": loaded a spectral power distribution with 55 entries (between 302.400421 and 885.601257 nm)
2025-03-16 13:21:26 INFO  main [PluginManager] Loading plugin "plugins/thindielectric.so" ..
2025-03-16 13:21:26 INFO  main [PluginManager] Loading plugin "plugins/conductor.so" ..
2025-03-16 13:21:26 INFO  main [spectrum.cpp:599] "Cu.eta.spd": loaded a spectral power distribution with 55 entries (between 302.400421 and 885.601257 nm)
2025-03-16 13:21:26 INFO  main [spectrum.cpp:599] "Cu.k.spd": loaded a spectral power distribution with 55 entries (between 302.400421 and 885.601257 nm)
2025-03-16 13:21:26 INFO  main [spectrum.cpp:599] "Cu.eta.spd": loaded a spectral power distribution with 55 entries (between 302.400421 and 885.601257 nm)
2025-03-16 13:21:26 INFO  main [spectrum.cpp:599] "Cu.k.spd": loaded a spectral power distribution with 55 entries (between 302.400421 and 885.601257 nm)
2025-03-16 13:21:26 INFO  main [spectrum.cpp:599] "Cu.eta.spd": loaded a spectral power distribution with 55 entries (between 302.400421 and 885.601257 nm)
2025-03-16 13:21:26 INFO  main [spectrum.cpp:599] "Cu.k.spd": loaded a spectral power distribution with 55 entries (between 302.400421 and 885.601257 nm)
2025-03-16 13:21:26 INFO  main [spectrum.cpp:599] "Cu.eta.spd": loaded a spectral power distribution with 55 entries (between 302.400421 and 885.601257 nm)
2025-03-16 13:21:26 INFO  main [spectrum.cpp:599] "Cu.k.spd": loaded a spectral power distribution with 55 entries (between 302.400421 and 885.601257 nm)
2025-03-16 13:21:26 INFO  main [BitmapTexture] Loading texture "radio-dial-idea.jpg"
2025-03-16 13:21:26 INFO  main [spectrum.cpp:599] "Cu.eta.spd": loaded a spectral power distribution with 55 entries (between 302.400421 and 885.601257 nm)
2025-03-16 13:21:26 INFO  main [spectrum.cpp:599] "Cu.k.spd": loaded a spectral power distribution with 55 entries (between 302.400421 and 885.601257 nm)
2025-03-16 13:21:26 INFO  main [PluginManager] Loading plugin "plugins/spot.so" ..
2025-03-16 13:21:26 INFO  main [PluginManager] Loading plugin "plugins/ply.so" ..
2025-03-16 13:21:26 INFO  main [PLYLoader] Loading geometry from "Emitter.ply" ..
2025-03-16 13:21:26 INFO  main [PLYLoader] "Emitter": Loaded 1376 triangles, 758 vertices (39.8 KiB in 5 ms).
2025-03-16 13:21:26 INFO  main [PLYLoader] Loading geometry from "Emitter_001.ply" ..
2025-03-16 13:21:26 INFO  main [PLYLoader] "Emitter_001": Loaded 1376 triangles, 758 vertices (39.8 KiB in 3 ms).
2025-03-16 13:21:26 INFO  main [PLYLoader] Loading geometry from "Emitter_002.ply" ..
2025-03-16 13:21:26 INFO  main [PLYLoader] "Emitter_002": Loaded 1376 triangles, 758 vertices (39.8 KiB in 3 ms).
2025-03-16 13:21:26 INFO  main [PLYLoader] Loading geometry from "Emitter_004.ply" ..
2025-03-16 13:21:26 INFO  main [PLYLoader] "Emitter_004": Loaded 1376 triangles, 758 vertices (39.8 KiB in 3 ms).
2025-03-16 13:21:26 INFO  main [PLYLoader] Loading geometry from "Emitter_003.ply" ..
2025-03-16 13:21:26 INFO  main [PLYLoader] "Emitter_003": Loaded 1376 triangles, 758 vertices (39.8 KiB in 2 ms).
2025-03-16 13:21:26 INFO  main [PluginManager] Loading plugin "plugins/obj.so" ..
2025-03-16 13:21:26 INFO  main [WavefrontOBJ] Loading geometry from "Mesh138.obj" ..
2025-03-16 13:21:26 INFO  main [WavefrontOBJ] Mesh138: 896 triangles, 464 vertices (merged 2224 vertices).
2025-03-16 13:21:26 INFO  main [WavefrontOBJ] Done with "Mesh138.obj" (took 6 ms)
2025-03-16 13:21:26 INFO  main [PluginManager] Loading plugin "plugins/rectangle.so" ..
2025-03-16 13:21:26 INFO  main [WavefrontOBJ] Loading geometry from "Mesh113.obj" ..
2025-03-16 13:21:26 INFO  main [WavefrontOBJ] Mesh113: 1104 triangles, 554 vertices (merged 2758 vertices).
2025-03-16 13:21:26 INFO  main [WavefrontOBJ] Done with "Mesh113.obj" (took 9 ms)
2025-03-16 13:21:26 INFO  main [WavefrontOBJ] Loading geometry from "Mesh087.obj" ..
2025-03-16 13:21:26 INFO  main [WavefrontOBJ] Mesh087: 1200 triangles, 602 vertices (merged 2998 vertices).
2025-03-16 13:21:26 INFO  main [WavefrontOBJ] Done with "Mesh087.obj" (took 10 ms)
2025-03-16 13:21:26 INFO  main [WavefrontOBJ] Loading geometry from "Mesh110.obj" ..
2025-03-16 13:21:26 INFO  main [WavefrontOBJ] Mesh110: 1296 triangles, 650 vertices (merged 3238 vertices).
2025-03-16 13:21:26 INFO  main [WavefrontOBJ] Done with "Mesh110.obj" (took 11 ms)
2025-03-16 13:21:26 INFO  main [WavefrontOBJ] Loading geometry from "Mesh128.obj" ..
2025-03-16 13:21:26 INFO  main [WavefrontOBJ] Mesh128: 76 triangles, 126 vertices (merged 102 vertices).
2025-03-16 13:21:26 INFO  main [WavefrontOBJ] Done with "Mesh128.obj" (took 1 ms)
2025-03-16 13:21:26 INFO  main [WavefrontOBJ] Loading geometry from "Mesh095.obj" ..
2025-03-16 13:21:26 INFO  main [WavefrontOBJ] Mesh095: 768 triangles, 429 vertices (merged 1875 vertices).
2025-03-16 13:21:26 INFO  main [WavefrontOBJ] Done with "Mesh095.obj" (took 7 ms)
2025-03-16 13:21:26 INFO  main [WavefrontOBJ] Loading geometry from "Mesh076.obj" ..
2025-03-16 13:21:26 INFO  main [WavefrontOBJ] Mesh076: 1248 triangles, 682 vertices (merged 3062 vertices).
2025-03-16 13:21:26 INFO  main [WavefrontOBJ] Done with "Mesh076.obj" (took 10 ms)
2025-03-16 13:21:26 INFO  main [WavefrontOBJ] Loading geometry from "Mesh108.obj" ..
2025-03-16 13:21:26 INFO  main [WavefrontOBJ] Mesh108: 1248 triangles, 682 vertices (merged 3062 vertices).
2025-03-16 13:21:26 INFO  main [WavefrontOBJ] Done with "Mesh108.obj" (took 10 ms)
2025-03-16 13:21:26 INFO  main [WavefrontOBJ] Loading geometry from "Mesh080.obj" ..
2025-03-16 13:21:26 INFO  main [WavefrontOBJ] Mesh080: 1248 triangles, 682 vertices (merged 3062 vertices).
2025-03-16 13:21:26 INFO  main [WavefrontOBJ] Done with "Mesh080.obj" (took 10 ms)
2025-03-16 13:21:26 INFO  main [WavefrontOBJ] Loading geometry from "Mesh166.obj" ..
2025-03-16 13:21:26 INFO  main [WavefrontOBJ] Mesh166: 1248 triangles, 682 vertices (merged 3062 vertices).
2025-03-16 13:21:26 INFO  main [WavefrontOBJ] Done with "Mesh166.obj" (took 10 ms)
2025-03-16 13:21:26 INFO  main [WavefrontOBJ] Loading geometry from "Mesh088.obj" ..
2025-03-16 13:21:26 INFO  main [WavefrontOBJ] Mesh088: 4224 triangles, 2114 vertices (merged 10558 vertices).
2025-03-16 13:21:26 INFO  main [WavefrontOBJ] Done with "Mesh088.obj" (took 34 ms)
2025-03-16 13:21:26 INFO  main [WavefrontOBJ] Loading geometry from "Mesh059.obj" ..
2025-03-16 13:21:26 INFO  main [WavefrontOBJ] Mesh059: 16 triangles, 20 vertices (merged 28 vertices).
2025-03-16 13:21:26 INFO  main [WavefrontOBJ] Done with "Mesh059.obj" (took 0 ms)
2025-03-16 13:21:26 INFO  main [WavefrontOBJ] Loading geometry from "Mesh073.obj" ..
2025-03-16 13:21:26 INFO  main [WavefrontOBJ] Mesh073: 44 triangles, 96 vertices (merged 36 vertices).
2025-03-16 13:21:26 INFO  main [WavefrontOBJ] Done with "Mesh073.obj" (took 0 ms)
2025-03-16 13:21:26 INFO  main [WavefrontOBJ] Loading geometry from "Mesh099.obj" ..
2025-03-16 13:21:26 INFO  main [WavefrontOBJ] Mesh099: 44 triangles, 96 vertices (merged 36 vertices).
2025-03-16 13:21:26 INFO  main [WavefrontOBJ] Done with "Mesh099.obj" (took 0 ms)
2025-03-16 13:21:26 INFO  main [WavefrontOBJ] Loading geometry from "Mesh103.obj" ..
2025-03-16 13:21:26 INFO  main [WavefrontOBJ] Mesh103: 44 triangles, 96 vertices (merged 36 vertices).
2025-03-16 13:21:26 INFO  main [WavefrontOBJ] Done with "Mesh103.obj" (took 1 ms)
2025-03-16 13:21:26 INFO  main [WavefrontOBJ] Loading geometry from "Mesh155.obj" ..
2025-03-16 13:21:26 INFO  main [WavefrontOBJ] Mesh155: 44 triangles, 96 vertices (merged 36 vertices).
2025-03-16 13:21:26 INFO  main [WavefrontOBJ] Done with "Mesh155.obj" (took 1 ms)
2025-03-16 13:21:26 INFO  main [WavefrontOBJ] Loading geometry from "Mesh065.obj" ..
2025-03-16 13:21:26 INFO  main [WavefrontOBJ] Mesh065: 44 triangles, 96 vertices (merged 36 vertices).
2025-03-16 13:21:26 INFO  main [WavefrontOBJ] Done with "Mesh065.obj" (took 1 ms)
2025-03-16 13:21:26 INFO  main [WavefrontOBJ] Loading geometry from "Mesh069.obj" ..
2025-03-16 13:21:26 INFO  main [WavefrontOBJ] Mesh069: 736 triangles, 790 vertices (merged 1418 vertices).
2025-03-16 13:21:26 INFO  main [WavefrontOBJ] Done with "Mesh069.obj" (took 10 ms)
2025-03-16 13:21:26 INFO  main [WavefrontOBJ] Loading geometry from "Mesh090.obj" ..
2025-03-16 13:21:26 INFO  main [WavefrontOBJ] Mesh090: 684 triangles, 808 vertices (merged 1244 vertices).
2025-03-16 13:21:26 INFO  main [WavefrontOBJ] Done with "Mesh090.obj" (took 9 ms)
2025-03-16 13:21:26 INFO  main [WavefrontOBJ] Loading geometry from "Mesh063.obj" ..
2025-03-16 13:21:26 INFO  main [WavefrontOBJ] Mesh063: 704 triangles, 704 vertices (merged 1408 vertices).
2025-03-16 13:21:26 INFO  main [WavefrontOBJ] Done with "Mesh063.obj" (took 8 ms)
2025-03-16 13:21:26 INFO  main [WavefrontOBJ] Loading geometry from "Mesh062.obj" ..
2025-03-16 13:21:26 INFO  main [WavefrontOBJ] Mesh062: 844 triangles, 908 vertices (merged 1624 vertices).
2025-03-16 13:21:26 INFO  main [WavefrontOBJ] Done with "Mesh062.obj" (took 10 ms)
2025-03-16 13:21:26 INFO  main [WavefrontOBJ] Loading geometry from "Mesh068.obj" ..
2025-03-16 13:21:26 INFO  main [WavefrontOBJ] Mesh068: 2 triangles, 4 vertices (merged 2 vertices).
2025-03-16 13:21:26 INFO  main [WavefrontOBJ] Done with "Mesh068.obj" (took 0 ms)
2025-03-16 13:21:26 INFO  main [WavefrontOBJ] Loading geometry from "Mesh131.obj" ..
2025-03-16 13:21:26 INFO  main [WavefrontOBJ] Mesh131: 128 triangles, 256 vertices (merged 128 vertices).
2025-03-16 13:21:26 INFO  main [WavefrontOBJ] Done with "Mesh131.obj" (took 1 ms)
2025-03-16 13:21:26 INFO  main [WavefrontOBJ] Loading geometry from "Mesh098.obj" ..
2025-03-16 13:21:26 INFO  main [WavefrontOBJ] Mesh098: 128 triangles, 256 vertices (merged 128 vertices).
2025-03-16 13:21:26 INFO  main [WavefrontOBJ] Done with "Mesh098.obj" (took 3 ms)
2025-03-16 13:21:26 INFO  main [WavefrontOBJ] Loading geometry from "Mesh056.obj" ..
2025-03-16 13:21:26 INFO  main [WavefrontOBJ] Mesh056: 2 triangles, 4 vertices (merged 2 vertices).
2025-03-16 13:21:26 INFO  main [WavefrontOBJ] Done with "Mesh056.obj" (took 0 ms)
2025-03-16 13:21:26 INFO  main [WavefrontOBJ] Loading geometry from "Mesh077.obj" ..
2025-03-16 13:21:26 INFO  main [WavefrontOBJ] Mesh077: 2 triangles, 4 vertices (merged 2 vertices).
2025-03-16 13:21:26 INFO  main [WavefrontOBJ] Done with "Mesh077.obj" (took 0 ms)
2025-03-16 13:21:26 INFO  main [WavefrontOBJ] Loading geometry from "Mesh055.obj" ..
2025-03-16 13:21:26 INFO  main [WavefrontOBJ] Mesh055: 128 triangles, 256 vertices (merged 128 vertices).
2025-03-16 13:21:26 INFO  main [WavefrontOBJ] Done with "Mesh055.obj" (took 2 ms)
2025-03-16 13:21:26 INFO  main [WavefrontOBJ] Loading geometry from "Mesh118.obj" ..
2025-03-16 13:21:26 INFO  main [WavefrontOBJ] Mesh118: 1680 triangles, 898 vertices (merged 4142 vertices).
2025-03-16 13:21:26 INFO  main [WavefrontOBJ] Done with "Mesh118.obj" (took 16 ms)
2025-03-16 13:21:26 INFO  main [WavefrontOBJ] Loading geometry from "Mesh064.obj" ..
2025-03-16 13:21:26 INFO  main [WavefrontOBJ] Mesh064: 512 triangles, 272 vertices (merged 1264 vertices).
2025-03-16 13:21:26 INFO  main [WavefrontOBJ] Done with "Mesh064.obj" (took 4 ms)
2025-03-16 13:21:26 INFO  main [WavefrontOBJ] Loading geometry from "Mesh052.obj" ..
2025-03-16 13:21:26 INFO  main [WavefrontOBJ] Mesh052: 128 triangles, 72 vertices (merged 312 vertices).
2025-03-16 13:21:26 INFO  main [WavefrontOBJ] Done with "Mesh052.obj" (took 1 ms)
2025-03-16 13:21:26 INFO  main [WavefrontOBJ] Loading geometry from "Mesh112.obj" ..
2025-03-16 13:21:26 INFO  main [WavefrontOBJ] Mesh112: 12 triangles, 12 vertices (merged 24 vertices).
2025-03-16 13:21:26 INFO  main [WavefrontOBJ] Done with "Mesh112.obj" (took 0 ms)
2025-03-16 13:21:26 INFO  main [PLYLoader] Loading geometry from "Disco.ply" ..
2025-03-16 13:21:26 INFO  main [PLYLoader] "Disco": Loaded 12736 triangles, 6455 vertices (275.3 KiB in 19 ms).
2025-03-16 13:21:26 INFO  main [WavefrontOBJ] Loading geometry from "Mesh127.obj" ..
2025-03-16 13:21:26 INFO  main [WavefrontOBJ] Mesh127: 128 triangles, 256 vertices (merged 128 vertices).
2025-03-16 13:21:26 INFO  main [WavefrontOBJ] Done with "Mesh127.obj" (took 2 ms)
2025-03-16 13:21:26 INFO  main [WavefrontOBJ] Loading geometry from "Mesh129.obj" ..
2025-03-16 13:21:26 INFO  main [WavefrontOBJ] Mesh129: 2 triangles, 4 vertices (merged 2 vertices).
2025-03-16 13:21:26 INFO  main [WavefrontOBJ] Done with "Mesh129.obj" (took 0 ms)
2025-03-16 13:21:26 INFO  main [WavefrontOBJ] Loading geometry from "Mesh132.obj" ..
2025-03-16 13:21:26 INFO  main [WavefrontOBJ] Mesh132: 28 triangles, 46 vertices (merged 38 vertices).
2025-03-16 13:21:26 INFO  main [WavefrontOBJ] Done with "Mesh132.obj" (took 1 ms)
2025-03-16 13:21:26 INFO  main [WavefrontOBJ] Loading geometry from "Mesh140.obj" ..
2025-03-16 13:21:26 INFO  main [WavefrontOBJ] Mesh140: 28 triangles, 52 vertices (merged 32 vertices).
2025-03-16 13:21:26 INFO  main [WavefrontOBJ] Done with "Mesh140.obj" (took 0 ms)
2025-03-16 13:21:26 INFO  main [WavefrontOBJ] Loading geometry from "Mesh156.obj" ..
2025-03-16 13:21:26 INFO  main [WavefrontOBJ] Mesh156: 28 triangles, 46 vertices (merged 38 vertices).
2025-03-16 13:21:26 INFO  main [WavefrontOBJ] Done with "Mesh156.obj" (took 0 ms)
2025-03-16 13:21:26 INFO  main [WavefrontOBJ] Loading geometry from "Mesh135.obj" ..
2025-03-16 13:21:26 INFO  main [WavefrontOBJ] Mesh135: 28 triangles, 44 vertices (merged 40 vertices).
2025-03-16 13:21:26 INFO  main [WavefrontOBJ] Done with "Mesh135.obj" (took 0 ms)
2025-03-16 13:21:26 INFO  main [WavefrontOBJ] Loading geometry from "Mesh175.obj" ..
2025-03-16 13:21:26 INFO  main [WavefrontOBJ] Mesh175: 28 triangles, 48 vertices (merged 36 vertices).
2025-03-16 13:21:26 INFO  main [WavefrontOBJ] Done with "Mesh175.obj" (took 0 ms)
2025-03-16 13:21:26 INFO  main [WavefrontOBJ] Loading geometry from "Mesh136.obj" ..
2025-03-16 13:21:26 INFO  main [WavefrontOBJ] Mesh136: 28 triangles, 48 vertices (merged 36 vertices).
2025-03-16 13:21:26 INFO  main [WavefrontOBJ] Done with "Mesh136.obj" (took 0 ms)
2025-03-16 13:21:26 INFO  main [WavefrontOBJ] Loading geometry from "Mesh078.obj" ..
2025-03-16 13:21:26 INFO  main [WavefrontOBJ] Mesh078: 28 triangles, 46 vertices (merged 38 vertices).
2025-03-16 13:21:26 INFO  main [WavefrontOBJ] Done with "Mesh078.obj" (took 0 ms)
2025-03-16 13:21:26 INFO  main [WavefrontOBJ] Loading geometry from "Mesh141.obj" ..
2025-03-16 13:21:26 INFO  main [WavefrontOBJ] Mesh141: 28 triangles, 44 vertices (merged 40 vertices).
2025-03-16 13:21:26 INFO  main [WavefrontOBJ] Done with "Mesh141.obj" (took 0 ms)
2025-03-16 13:21:26 INFO  main [WavefrontOBJ] Loading geometry from "Mesh147.obj" ..
2025-03-16 13:21:26 INFO  main [WavefrontOBJ] Mesh147: 28 triangles, 46 vertices (merged 38 vertices).
2025-03-16 13:21:26 INFO  main [WavefrontOBJ] Done with "Mesh147.obj" (took 0 ms)
2025-03-16 13:21:26 INFO  main [WavefrontOBJ] Loading geometry from "Mesh071.obj" ..
2025-03-16 13:21:26 INFO  main [WavefrontOBJ] Mesh071: 28 triangles, 44 vertices (merged 40 vertices).
2025-03-16 13:21:26 INFO  main [WavefrontOBJ] Done with "Mesh071.obj" (took 0 ms)
2025-03-16 13:21:26 INFO  main [WavefrontOBJ] Loading geometry from "Mesh148.obj" ..
2025-03-16 13:21:26 INFO  main [WavefrontOBJ] Mesh148: 28 triangles, 44 vertices (merged 40 vertices).
2025-03-16 13:21:26 INFO  main [WavefrontOBJ] Done with "Mesh148.obj" (took 0 ms)
2025-03-16 13:21:26 INFO  main [WavefrontOBJ] Loading geometry from "Mesh149.obj" ..
2025-03-16 13:21:26 INFO  main [WavefrontOBJ] Mesh149: 28 triangles, 44 vertices (merged 40 vertices).
2025-03-16 13:21:26 INFO  main [WavefrontOBJ] Done with "Mesh149.obj" (took 0 ms)
2025-03-16 13:21:26 INFO  main [WavefrontOBJ] Loading geometry from "Mesh150.obj" ..
2025-03-16 13:21:26 INFO  main [WavefrontOBJ] Mesh150: 28 triangles, 44 vertices (merged 40 vertices).
2025-03-16 13:21:26 INFO  main [WavefrontOBJ] Done with "Mesh150.obj" (took 0 ms)
2025-03-16 13:21:26 INFO  main [WavefrontOBJ] Loading geometry from "Mesh153.obj" ..
2025-03-16 13:21:26 INFO  main [WavefrontOBJ] Mesh153: 28 triangles, 46 vertices (merged 38 vertices).
2025-03-16 13:21:26 INFO  main [WavefrontOBJ] Done with "Mesh153.obj" (took 0 ms)
2025-03-16 13:21:26 INFO  main [WavefrontOBJ] Loading geometry from "Mesh109.obj" ..
2025-03-16 13:21:26 INFO  main [WavefrontOBJ] Mesh109: 28 triangles, 44 vertices (merged 40 vertices).
2025-03-16 13:21:26 INFO  main [WavefrontOBJ] Done with "Mesh109.obj" (took 0 ms)
2025-03-16 13:21:26 INFO  main [WavefrontOBJ] Loading geometry from "Mesh083.obj" ..
2025-03-16 13:21:26 INFO  main [WavefrontOBJ] Mesh083: 28 triangles, 48 vertices (merged 36 vertices).
2025-03-16 13:21:26 INFO  main [WavefrontOBJ] Done with "Mesh083.obj" (took 1 ms)
2025-03-16 13:21:26 INFO  main [WavefrontOBJ] Loading geometry from "Mesh157.obj" ..
2025-03-16 13:21:26 INFO  main [WavefrontOBJ] Mesh157: 28 triangles, 52 vertices (merged 32 vertices).
2025-03-16 13:21:26 INFO  main [WavefrontOBJ] Done with "Mesh157.obj" (took 0 ms)
2025-03-16 13:21:26 INFO  main [WavefrontOBJ] Loading geometry from "Mesh159.obj" ..
2025-03-16 13:21:26 INFO  main [WavefrontOBJ] Mesh159: 28 triangles, 48 vertices (merged 36 vertices).
2025-03-16 13:21:26 INFO  main [WavefrontOBJ] Done with "Mesh159.obj" (took 0 ms)
2025-03-16 13:21:26 INFO  main [WavefrontOBJ] Loading geometry from "Mesh161.obj" ..
2025-03-16 13:21:26 INFO  main [WavefrontOBJ] Mesh161: 44 triangles, 96 vertices (merged 36 vertices).
2025-03-16 13:21:26 INFO  main [WavefrontOBJ] Done with "Mesh161.obj" (took 0 ms)
2025-03-16 13:21:26 INFO  main [WavefrontOBJ] Loading geometry from "Mesh143.obj" ..
2025-03-16 13:21:26 INFO  main [WavefrontOBJ] Mesh143: 88 triangles, 192 vertices (merged 72 vertices).
2025-03-16 13:21:26 INFO  main [WavefrontOBJ] Done with "Mesh143.obj" (took 2 ms)
2025-03-16 13:21:26 INFO  main [WavefrontOBJ] Loading geometry from "Mesh176.obj" ..
2025-03-16 13:21:26 INFO  main [WavefrontOBJ] Mesh176: 44 triangles, 96 vertices (merged 36 vertices).
2025-03-16 13:21:26 INFO  main [WavefrontOBJ] Done with "Mesh176.obj" (took 1 ms)
2025-03-16 13:21:26 INFO  main [WavefrontOBJ] Loading geometry from "Mesh107.obj" ..
2025-03-16 13:21:26 INFO  main [WavefrontOBJ] Mesh107: 1720 triangles, 2968 vertices (merged 2192 vertices).
2025-03-16 13:21:26 INFO  main [WavefrontOBJ] Done with "Mesh107.obj" (took 26 ms)
2025-03-16 13:21:26 INFO  main [WavefrontOBJ] Loading geometry from "Mesh139.obj" ..
2025-03-16 13:21:26 INFO  main [WavefrontOBJ] Mesh139: 88 triangles, 192 vertices (merged 72 vertices).
2025-03-16 13:21:26 INFO  main [WavefrontOBJ] Done with "Mesh139.obj" (took 1 ms)
2025-03-16 13:21:26 INFO  main [WavefrontOBJ] Loading geometry from "Mesh162.obj" ..
2025-03-16 13:21:26 INFO  main [WavefrontOBJ] Mesh162: 176 triangles, 384 vertices (merged 144 vertices).
2025-03-16 13:21:26 INFO  main [WavefrontOBJ] Done with "Mesh162.obj" (took 3 ms)
2025-03-16 13:21:26 INFO  main [WavefrontOBJ] Loading geometry from "Mesh126.obj" ..
2025-03-16 13:21:26 INFO  main [WavefrontOBJ] Mesh126: 42 triangles, 72 vertices (merged 54 vertices).
2025-03-16 13:21:26 INFO  main [WavefrontOBJ] Done with "Mesh126.obj" (took 1 ms)
2025-03-16 13:21:26 INFO  main [WavefrontOBJ] Loading geometry from "Mesh152.obj" ..
2025-03-16 13:21:26 INFO  main [WavefrontOBJ] Mesh152: 2 triangles, 4 vertices (merged 2 vertices).
2025-03-16 13:21:26 INFO  main [WavefrontOBJ] Done with "Mesh152.obj" (took 0 ms)
2025-03-16 13:21:26 INFO  main [WavefrontOBJ] Loading geometry from "Mesh104.obj" ..
2025-03-16 13:21:26 INFO  main [WavefrontOBJ] Mesh104: 1680 triangles, 898 vertices (merged 4142 vertices).
2025-03-16 13:21:26 INFO  main [WavefrontOBJ] Done with "Mesh104.obj" (took 20 ms)
2025-03-16 13:21:26 INFO  main [WavefrontOBJ] Loading geometry from "Mesh167.obj" ..
2025-03-16 13:21:26 INFO  main [WavefrontOBJ] Mesh167: 4352 triangles, 2178 vertices (merged 10878 vertices).
2025-03-16 13:21:26 INFO  main [WavefrontOBJ] Done with "Mesh167.obj" (took 36 ms)
2025-03-16 13:21:26 INFO  main [WavefrontOBJ] Loading geometry from "Mesh091.obj" ..
2025-03-16 13:21:26 INFO  main [WavefrontOBJ] Mesh091: 8128 triangles, 4066 vertices (merged 20318 vertices).
2025-03-16 13:21:26 INFO  main [WavefrontOBJ] Done with "Mesh091.obj" (took 79 ms)
2025-03-16 13:21:26 INFO  main [WavefrontOBJ] Loading geometry from "Mesh145.obj" ..
2025-03-16 13:21:26 INFO  main [WavefrontOBJ] Mesh145: 14848 triangles, 7428 vertices (merged 37116 vertices).
2025-03-16 13:21:26 INFO  main [WavefrontOBJ] Done with "Mesh145.obj" (took 128 ms)
2025-03-16 13:21:26 INFO  main [WavefrontOBJ] Loading geometry from "Mesh160.obj" ..
2025-03-16 13:21:26 INFO  main [WavefrontOBJ] Mesh160: 1680 triangles, 898 vertices (merged 4142 vertices).
2025-03-16 13:21:26 INFO  main [WavefrontOBJ] Done with "Mesh160.obj" (took 14 ms)
2025-03-16 13:21:26 INFO  main [WavefrontOBJ] Loading geometry from "Mesh171.obj" ..
2025-03-16 13:21:26 INFO  main [WavefrontOBJ] Mesh171: 2816 triangles, 1485 vertices (merged 6963 vertices).
2025-03-16 13:21:26 INFO  main [WavefrontOBJ] Done with "Mesh171.obj" (took 26 ms)
2025-03-16 13:21:26 INFO  main [WavefrontOBJ] Loading geometry from "Mesh092.obj" ..
2025-03-16 13:21:26 INFO  main [WavefrontOBJ] Mesh092: 44 triangles, 96 vertices (merged 36 vertices).
2025-03-16 13:21:26 INFO  main [WavefrontOBJ] Done with "Mesh092.obj" (took 0 ms)
2025-03-16 13:21:26 INFO  main [WavefrontOBJ] Loading geometry from "Mesh067.obj" ..
2025-03-16 13:21:26 INFO  main [WavefrontOBJ] Mesh067: 176 triangles, 384 vertices (merged 144 vertices).
2025-03-16 13:21:26 INFO  main [WavefrontOBJ] Done with "Mesh067.obj" (took 3 ms)
2025-03-16 13:21:26 INFO  main [WavefrontOBJ] Loading geometry from "Mesh172.obj" ..
2025-03-16 13:21:26 INFO  main [WavefrontOBJ] Mesh172: 108 triangles, 208 vertices (merged 116 vertices).
2025-03-16 13:21:26 INFO  main [WavefrontOBJ] Done with "Mesh172.obj" (took 2 ms)
2025-03-16 13:21:26 INFO  main [WavefrontOBJ] Loading geometry from "Mesh173.obj" ..
2025-03-16 13:21:26 INFO  main [WavefrontOBJ] Mesh173: 172 triangles, 306 vertices (merged 210 vertices).
2025-03-16 13:21:26 INFO  main [WavefrontOBJ] Done with "Mesh173.obj" (took 2 ms)
2025-03-16 13:21:26 INFO  main [WavefrontOBJ] Loading geometry from "Mesh177.obj" ..
2025-03-16 13:21:26 INFO  main [WavefrontOBJ] Mesh177: 44 triangles, 96 vertices (merged 36 vertices).
2025-03-16 13:21:26 INFO  main [WavefrontOBJ] Done with "Mesh177.obj" (took 0 ms)
2025-03-16 13:21:26 INFO  main [WavefrontOBJ] Loading geometry from "Mesh054.obj" ..
2025-03-16 13:21:27 INFO  main [WavefrontOBJ] Mesh054: 8960 triangles, 4996 vertices (merged 21884 vertices).
2025-03-16 13:21:27 INFO  main [WavefrontOBJ] Done with "Mesh054.obj" (took 75 ms)
2025-03-16 13:21:27 INFO  main [WavefrontOBJ] Loading geometry from "Mesh165.obj" ..
2025-03-16 13:21:27 INFO  main [WavefrontOBJ] Mesh165: 972 triangles, 1189 vertices (merged 1727 vertices).
2025-03-16 13:21:27 INFO  main [WavefrontOBJ] Done with "Mesh165.obj" (took 11 ms)
2025-03-16 13:21:27 INFO  main [WavefrontOBJ] Loading geometry from "Mesh100.obj" ..
2025-03-16 13:21:27 INFO  main [WavefrontOBJ] Mesh100: 360 triangles, 208 vertices (merged 872 vertices).
2025-03-16 13:21:27 INFO  main [WavefrontOBJ] Done with "Mesh100.obj" (took 2 ms)
2025-03-16 13:21:27 INFO  main [WavefrontOBJ] Loading geometry from "Mesh096.obj" ..
2025-03-16 13:21:27 INFO  main [WavefrontOBJ] Mesh096: 128 triangles, 244 vertices (merged 140 vertices).
2025-03-16 13:21:27 INFO  main [WavefrontOBJ] Done with "Mesh096.obj" (took 3 ms)
2025-03-16 13:21:27 INFO  main [WavefrontOBJ] Loading geometry from "Mesh169.obj" ..
2025-03-16 13:21:27 INFO  main [WavefrontOBJ] Mesh169: 2 triangles, 4 vertices (merged 2 vertices).
2025-03-16 13:21:27 INFO  main [WavefrontOBJ] Done with "Mesh169.obj" (took 0 ms)
2025-03-16 13:21:27 INFO  main [WavefrontOBJ] Loading geometry from "Mesh085.obj" ..
2025-03-16 13:21:27 INFO  main [WavefrontOBJ] Mesh085: 972 triangles, 1225 vertices (merged 1691 vertices).
2025-03-16 13:21:27 INFO  main [WavefrontOBJ] Done with "Mesh085.obj" (took 13 ms)
2025-03-16 13:21:27 INFO  main [WavefrontOBJ] Loading geometry from "Mesh116.obj" ..
2025-03-16 13:21:27 INFO  main [WavefrontOBJ] Mesh116: 360 triangles, 208 vertices (merged 872 vertices).
2025-03-16 13:21:27 INFO  main [WavefrontOBJ] Done with "Mesh116.obj" (took 7 ms)
2025-03-16 13:21:27 INFO  main [WavefrontOBJ] Loading geometry from "Mesh105.obj" ..
2025-03-16 13:21:27 INFO  main [WavefrontOBJ] Mesh105: 2 triangles, 4 vertices (merged 2 vertices).
2025-03-16 13:21:27 INFO  main [WavefrontOBJ] Done with "Mesh105.obj" (took 0 ms)
2025-03-16 13:21:27 INFO  main [WavefrontOBJ] Loading geometry from "Mesh170.obj" ..
2025-03-16 13:21:27 INFO  main [WavefrontOBJ] Mesh170: 128 triangles, 256 vertices (merged 128 vertices).
2025-03-16 13:21:27 INFO  main [WavefrontOBJ] Done with "Mesh170.obj" (took 3 ms)
2025-03-16 13:21:27 INFO  main [WavefrontOBJ] Loading geometry from "Mesh179.obj" ..
2025-03-16 13:21:27 INFO  main [WavefrontOBJ] Mesh179: 480 triangles, 252 vertices (merged 1188 vertices).
2025-03-16 13:21:27 INFO  main [WavefrontOBJ] Done with "Mesh179.obj" (took 7 ms)
2025-03-16 13:21:27 INFO  main [WavefrontOBJ] Loading geometry from "Mesh125.obj" ..
2025-03-16 13:21:27 INFO  main [WavefrontOBJ] Mesh125: 12 triangles, 16 vertices (merged 20 vertices).
2025-03-16 13:21:27 INFO  main [WavefrontOBJ] Done with "Mesh125.obj" (took 0 ms)
2025-03-16 13:21:27 INFO  main [WavefrontOBJ] Loading geometry from "Mesh144.obj" ..
2025-03-16 13:21:27 INFO  main [WavefrontOBJ] Mesh144: 28 triangles, 50 vertices (merged 34 vertices).
2025-03-16 13:21:27 INFO  main [WavefrontOBJ] Done with "Mesh144.obj" (took 1 ms)
2025-03-16 13:21:27 INFO  main [WavefrontOBJ] Loading geometry from "Mesh072.obj" ..
2025-03-16 13:21:27 INFO  main [WavefrontOBJ] Mesh072: 56 triangles, 100 vertices (merged 68 vertices).
2025-03-16 13:21:27 INFO  main [WavefrontOBJ] Done with "Mesh072.obj" (took 2 ms)
2025-03-16 13:21:27 INFO  main [WavefrontOBJ] Loading geometry from "Mesh124.obj" ..
2025-03-16 13:21:27 INFO  main [WavefrontOBJ] Mesh124: 384 triangles, 700 vertices (merged 452 vertices).
2025-03-16 13:21:27 INFO  main [WavefrontOBJ] Done with "Mesh124.obj" (took 9 ms)
2025-03-16 13:21:27 INFO  main [WavefrontOBJ] Loading geometry from "Mesh050.obj" ..
2025-03-16 13:21:27 INFO  main [WavefrontOBJ] Mesh050: 600 triangles, 1103 vertices (merged 697 vertices).
2025-03-16 13:21:27 INFO  main [WavefrontOBJ] Done with "Mesh050.obj" (took 14 ms)
2025-03-16 13:21:27 INFO  main [WavefrontOBJ] Loading geometry from "Mesh117.obj" ..
2025-03-16 13:21:27 INFO  main [WavefrontOBJ] Mesh117: 1472 triangles, 2802 vertices (merged 1614 vertices).
2025-03-16 13:21:27 INFO  main [WavefrontOBJ] Done with "Mesh117.obj" (took 27 ms)
2025-03-16 13:21:27 INFO  main [WavefrontOBJ] Loading geometry from "Mesh047.obj" ..
2025-03-16 13:21:27 INFO  main [WavefrontOBJ] Mesh047: 256 triangles, 200 vertices (merged 568 vertices).
2025-03-16 13:21:27 INFO  main [WavefrontOBJ] Done with "Mesh047.obj" (took 2 ms)
2025-03-16 13:21:27 INFO  main [WavefrontOBJ] Loading geometry from "Mesh046.obj" ..
2025-03-16 13:21:27 INFO  main [WavefrontOBJ] Mesh046: 256 triangles, 200 vertices (merged 568 vertices).
2025-03-16 13:21:27 INFO  main [WavefrontOBJ] Done with "Mesh046.obj" (took 2 ms)
2025-03-16 13:21:27 INFO  main [WavefrontOBJ] Loading geometry from "Mesh045.obj" ..
2025-03-16 13:21:27 INFO  main [WavefrontOBJ] Mesh045: 1472 triangles, 2822 vertices (merged 1594 vertices).
2025-03-16 13:21:27 INFO  main [WavefrontOBJ] Done with "Mesh045.obj" (took 24 ms)
2025-03-16 13:21:27 INFO  main [WavefrontOBJ] Loading geometry from "Mesh043.obj" ..
2025-03-16 13:21:27 INFO  main [WavefrontOBJ] Mesh043: 600 triangles, 1082 vertices (merged 718 vertices).
2025-03-16 13:21:27 INFO  main [WavefrontOBJ] Done with "Mesh043.obj" (took 9 ms)
2025-03-16 13:21:27 INFO  main [WavefrontOBJ] Loading geometry from "Mesh070.obj" ..
2025-03-16 13:21:27 INFO  main [WavefrontOBJ] Mesh070: 384 triangles, 658 vertices (merged 494 vertices).
2025-03-16 13:21:27 INFO  main [WavefrontOBJ] Done with "Mesh070.obj" (took 6 ms)
2025-03-16 13:21:27 INFO  main [WavefrontOBJ] Loading geometry from "Mesh042.obj" ..
2025-03-16 13:21:27 INFO  main [WavefrontOBJ] Mesh042: 56 triangles, 88 vertices (merged 80 vertices).
2025-03-16 13:21:27 INFO  main [WavefrontOBJ] Done with "Mesh042.obj" (took 1 ms)
2025-03-16 13:21:27 INFO  main [WavefrontOBJ] Loading geometry from "Mesh041.obj" ..
2025-03-16 13:21:27 INFO  main [WavefrontOBJ] Mesh041: 28 triangles, 55 vertices (merged 29 vertices).
2025-03-16 13:21:27 INFO  main [WavefrontOBJ] Done with "Mesh041.obj" (took 0 ms)
2025-03-16 13:21:27 INFO  main [WavefrontOBJ] Loading geometry from "Mesh039.obj" ..
2025-03-16 13:21:27 INFO  main [WavefrontOBJ] Mesh039: 12 triangles, 16 vertices (merged 20 vertices).
2025-03-16 13:21:27 INFO  main [WavefrontOBJ] Done with "Mesh039.obj" (took 0 ms)
2025-03-16 13:21:27 INFO  main [WavefrontOBJ] Loading geometry from "Mesh038.obj" ..
2025-03-16 13:21:27 INFO  main [WavefrontOBJ] Mesh038: 480 triangles, 252 vertices (merged 1188 vertices).
2025-03-16 13:21:27 INFO  main [WavefrontOBJ] Done with "Mesh038.obj" (took 6 ms)
2025-03-16 13:21:27 INFO  main [WavefrontOBJ] Loading geometry from "Mesh037.obj" ..
2025-03-16 13:21:27 INFO  main [WavefrontOBJ] Mesh037: 480 triangles, 252 vertices (merged 1188 vertices).
2025-03-16 13:21:27 INFO  main [WavefrontOBJ] Done with "Mesh037.obj" (took 4 ms)
2025-03-16 13:21:27 INFO  main [WavefrontOBJ] Loading geometry from "Mesh036.obj" ..
2025-03-16 13:21:27 INFO  main [WavefrontOBJ] Mesh036: 12 triangles, 16 vertices (merged 20 vertices).
2025-03-16 13:21:27 INFO  main [WavefrontOBJ] Done with "Mesh036.obj" (took 0 ms)
2025-03-16 13:21:27 INFO  main [WavefrontOBJ] Loading geometry from "Mesh034.obj" ..
2025-03-16 13:21:27 INFO  main [WavefrontOBJ] Mesh034: 28 triangles, 48 vertices (merged 36 vertices).
2025-03-16 13:21:27 INFO  main [WavefrontOBJ] Done with "Mesh034.obj" (took 0 ms)
2025-03-16 13:21:27 INFO  main [WavefrontOBJ] Loading geometry from "Mesh033.obj" ..
2025-03-16 13:21:27 INFO  main [WavefrontOBJ] Mesh033: 56 triangles, 88 vertices (merged 80 vertices).
2025-03-16 13:21:27 INFO  main [WavefrontOBJ] Done with "Mesh033.obj" (took 0 ms)
2025-03-16 13:21:27 INFO  main [WavefrontOBJ] Loading geometry from "Mesh031.obj" ..
2025-03-16 13:21:27 INFO  main [WavefrontOBJ] Mesh031: 384 triangles, 640 vertices (merged 512 vertices).
2025-03-16 13:21:27 INFO  main [WavefrontOBJ] Done with "Mesh031.obj" (took 6 ms)
2025-03-16 13:21:27 INFO  main [WavefrontOBJ] Loading geometry from "Mesh094.obj" ..
2025-03-16 13:21:27 INFO  main [WavefrontOBJ] Mesh094: 600 triangles, 968 vertices (merged 832 vertices).
2025-03-16 13:21:27 INFO  main [WavefrontOBJ] Done with "Mesh094.obj" (took 9 ms)
2025-03-16 13:21:27 INFO  main [WavefrontOBJ] Loading geometry from "Mesh102.obj" ..
2025-03-16 13:21:27 INFO  main [WavefrontOBJ] Mesh102: 1472 triangles, 2630 vertices (merged 1786 vertices).
2025-03-16 13:21:27 INFO  main [WavefrontOBJ] Done with "Mesh102.obj" (took 24 ms)
2025-03-16 13:21:27 INFO  main [WavefrontOBJ] Loading geometry from "Mesh058.obj" ..
2025-03-16 13:21:27 INFO  main [WavefrontOBJ] Mesh058: 512 triangles, 288 vertices (merged 1248 vertices).
2025-03-16 13:21:27 INFO  main [WavefrontOBJ] Done with "Mesh058.obj" (took 4 ms)
2025-03-16 13:21:27 INFO  main [WavefrontOBJ] Loading geometry from "Mesh030.obj" ..
2025-03-16 13:21:27 INFO  main [WavefrontOBJ] Mesh030: 576 triangles, 300 vertices (merged 1428 vertices).
2025-03-16 13:21:27 INFO  main [WavefrontOBJ] Done with "Mesh030.obj" (took 5 ms)
2025-03-16 13:21:27 INFO  main [WavefrontOBJ] Loading geometry from "Mesh028.obj" ..
2025-03-16 13:21:27 INFO  main [WavefrontOBJ] Mesh028: 4416 triangles, 2258 vertices (merged 10990 vertices).
2025-03-16 13:21:27 INFO  main [WavefrontOBJ] Done with "Mesh028.obj" (took 41 ms)
2025-03-16 13:21:27 INFO  main [WavefrontOBJ] Loading geometry from "Mesh027.obj" ..
2025-03-16 13:21:27 INFO  main [WavefrontOBJ] Mesh027: 5184 triangles, 2642 vertices (merged 12910 vertices).
2025-03-16 13:21:27 INFO  main [WavefrontOBJ] Done with "Mesh027.obj" (took 41 ms)
2025-03-16 13:21:27 INFO  main [WavefrontOBJ] Loading geometry from "Mesh026.obj" ..
2025-03-16 13:21:27 INFO  main [WavefrontOBJ] Mesh026: 8064 triangles, 4080 vertices (merged 20112 vertices).
2025-03-16 13:21:27 INFO  main [WavefrontOBJ] Done with "Mesh026.obj" (took 75 ms)
2025-03-16 13:21:27 INFO  main [WavefrontOBJ] Loading geometry from "Mesh097.obj" ..
2025-03-16 13:21:27 INFO  main [WavefrontOBJ] Mesh097: 224 triangles, 116 vertices (merged 556 vertices).
2025-03-16 13:21:27 INFO  main [WavefrontOBJ] Done with "Mesh097.obj" (took 1 ms)
2025-03-16 13:21:27 INFO  main [WavefrontOBJ] Loading geometry from "Mesh035.obj" ..
2025-03-16 13:21:27 INFO  main [WavefrontOBJ] Mesh035: 4416 triangles, 2258 vertices (merged 10990 vertices).
2025-03-16 13:21:27 INFO  main [WavefrontOBJ] Done with "Mesh035.obj" (took 36 ms)
2025-03-16 13:21:27 INFO  main [WavefrontOBJ] Loading geometry from "Mesh024.obj" ..
2025-03-16 13:21:27 INFO  main [WavefrontOBJ] Mesh024: 6912 triangles, 3464 vertices (merged 17272 vertices).
2025-03-16 13:21:27 INFO  main [WavefrontOBJ] Done with "Mesh024.obj" (took 55 ms)
2025-03-16 13:21:27 INFO  main [WavefrontOBJ] Loading geometry from "Mesh023.obj" ..
2025-03-16 13:21:27 INFO  main [WavefrontOBJ] Mesh023: 384 triangles, 296 vertices (merged 856 vertices).
2025-03-16 13:21:27 INFO  main [WavefrontOBJ] Done with "Mesh023.obj" (took 4 ms)
2025-03-16 13:21:27 INFO  main [WavefrontOBJ] Loading geometry from "Mesh089.obj" ..
2025-03-16 13:21:27 INFO  main [WavefrontOBJ] Mesh089: 9344 triangles, 4785 vertices (merged 23247 vertices).
2025-03-16 13:21:27 INFO  main [WavefrontOBJ] Done with "Mesh089.obj" (took 79 ms)
2025-03-16 13:21:27 INFO  main [WavefrontOBJ] Loading geometry from "Mesh022.obj" ..
2025-03-16 13:21:27 INFO  main [WavefrontOBJ] Mesh022: 14528 triangles, 7298 vertices (merged 36286 vertices).
2025-03-16 13:21:27 INFO  main [WavefrontOBJ] Done with "Mesh022.obj" (took 202 ms)
2025-03-16 13:21:27 INFO  main [WavefrontOBJ] Loading geometry from "Mesh137.obj" ..
2025-03-16 13:21:27 INFO  main [WavefrontOBJ] Mesh137: 20 triangles, 12 vertices (merged 48 vertices).
2025-03-16 13:21:27 INFO  main [WavefrontOBJ] Done with "Mesh137.obj" (took 0 ms)
2025-03-16 13:21:27 INFO  main [WavefrontOBJ] Loading geometry from "Mesh121.obj" ..
2025-03-16 13:21:27 INFO  main [WavefrontOBJ] Mesh121: 76 triangles, 128 vertices (merged 100 vertices).
2025-03-16 13:21:27 INFO  main [WavefrontOBJ] Done with "Mesh121.obj" (took 2 ms)
2025-03-16 13:21:27 INFO  main [WavefrontOBJ] Loading geometry from "Mesh021.obj" ..
2025-03-16 13:21:27 INFO  main [WavefrontOBJ] Mesh021: 172 triangles, 317 vertices (merged 199 vertices).
2025-03-16 13:21:27 INFO  main [WavefrontOBJ] Done with "Mesh021.obj" (took 5 ms)
2025-03-16 13:21:27 INFO  main [WavefrontOBJ] Loading geometry from "Mesh115.obj" ..
2025-03-16 13:21:27 INFO  main [WavefrontOBJ] Mesh115: 344 triangles, 694 vertices (merged 338 vertices).
2025-03-16 13:21:27 INFO  main [WavefrontOBJ] Done with "Mesh115.obj" (took 11 ms)
2025-03-16 13:21:27 INFO  main [WavefrontOBJ] Loading geometry from "Mesh120.obj" ..
2025-03-16 13:21:27 INFO  main [WavefrontOBJ] Mesh120: 312 triangles, 624 vertices (merged 312 vertices).
2025-03-16 13:21:27 INFO  main [WavefrontOBJ] Done with "Mesh120.obj" (took 9 ms)
2025-03-16 13:21:27 INFO  main [WavefrontOBJ] Loading geometry from "Mesh020.obj" ..
2025-03-16 13:21:27 INFO  main [WavefrontOBJ] Mesh020: 66 triangles, 48 vertices (merged 150 vertices).
2025-03-16 13:21:27 INFO  main [WavefrontOBJ] Done with "Mesh020.obj" (took 0 ms)
2025-03-16 13:21:27 INFO  main [WavefrontOBJ] Loading geometry from "Mesh019.obj" ..
2025-03-16 13:21:27 INFO  main [WavefrontOBJ] Mesh019: 66 triangles, 48 vertices (merged 150 vertices).
2025-03-16 13:21:27 INFO  main [WavefrontOBJ] Done with "Mesh019.obj" (took 1 ms)
2025-03-16 13:21:27 INFO  main [WavefrontOBJ] Loading geometry from "Mesh017.obj" ..
2025-03-16 13:21:27 INFO  main [WavefrontOBJ] Mesh017: 572 triangles, 904 vertices (merged 812 vertices).
2025-03-16 13:21:27 INFO  main [WavefrontOBJ] Done with "Mesh017.obj" (took 13 ms)
2025-03-16 13:21:27 INFO  main [WavefrontOBJ] Loading geometry from "Mesh016.obj" ..
2025-03-16 13:21:27 INFO  main [WavefrontOBJ] Mesh016: 1260 triangles, 2274 vertices (merged 1506 vertices).
2025-03-16 13:21:27 INFO  main [WavefrontOBJ] Done with "Mesh016.obj" (took 32 ms)
2025-03-16 13:21:27 INFO  main [WavefrontOBJ] Loading geometry from "Mesh015.obj" ..
2025-03-16 13:21:27 INFO  main [WavefrontOBJ] Mesh015: 1447 triangles, 1949 vertices (merged 2392 vertices).
2025-03-16 13:21:27 INFO  main [WavefrontOBJ] Done with "Mesh015.obj" (took 28 ms)
2025-03-16 13:21:27 INFO  main [WavefrontOBJ] Loading geometry from "Mesh119.obj" ..
2025-03-16 13:21:27 INFO  main [WavefrontOBJ] Mesh119: 656 triangles, 430 vertices (merged 1538 vertices).
2025-03-16 13:21:27 INFO  main [WavefrontOBJ] Done with "Mesh119.obj" (took 14 ms)
2025-03-16 13:21:27 INFO  main [WavefrontOBJ] Loading geometry from "Mesh014.obj" ..
2025-03-16 13:21:28 INFO  main [WavefrontOBJ] Mesh014: 5728 triangles, 3069 vertices (merged 14115 vertices).
2025-03-16 13:21:28 INFO  main [WavefrontOBJ] Done with "Mesh014.obj" (took 143 ms)
2025-03-16 13:21:28 INFO  main [WavefrontOBJ] Loading geometry from "Mesh151.obj" ..
2025-03-16 13:21:28 INFO  main [WavefrontOBJ] Mesh151: 656 triangles, 416 vertices (merged 1552 vertices).
2025-03-16 13:21:28 INFO  main [WavefrontOBJ] Done with "Mesh151.obj" (took 14 ms)
2025-03-16 13:21:28 INFO  main [WavefrontOBJ] Loading geometry from "Mesh013.obj" ..
2025-03-16 13:21:28 INFO  main [WavefrontOBJ] Mesh013: 5728 triangles, 2797 vertices (merged 14387 vertices).
2025-03-16 13:21:28 INFO  main [WavefrontOBJ] Done with "Mesh013.obj" (took 108 ms)
2025-03-16 13:21:28 INFO  main [WavefrontOBJ] Loading geometry from "Mesh111.obj" ..
2025-03-16 13:21:28 INFO  main [WavefrontOBJ] Mesh111: 656 triangles, 354 vertices (merged 1614 vertices).
2025-03-16 13:21:28 INFO  main [WavefrontOBJ] Done with "Mesh111.obj" (took 12 ms)
2025-03-16 13:21:28 INFO  main [WavefrontOBJ] Loading geometry from "Mesh101.obj" ..
2025-03-16 13:21:28 INFO  main [WavefrontOBJ] Mesh101: 5728 triangles, 2565 vertices (merged 14619 vertices).
2025-03-16 13:21:28 INFO  main [WavefrontOBJ] Done with "Mesh101.obj" (took 109 ms)
2025-03-16 13:21:28 INFO  main [WavefrontOBJ] Loading geometry from "Mesh011.obj" ..
2025-03-16 13:21:28 INFO  main [WavefrontOBJ] Mesh011: 972 triangles, 1139 vertices (merged 1777 vertices).
2025-03-16 13:21:28 INFO  main [WavefrontOBJ] Done with "Mesh011.obj" (took 12 ms)
2025-03-16 13:21:28 INFO  main [WavefrontOBJ] Loading geometry from "Mesh053.obj" ..
2025-03-16 13:21:28 INFO  main [WavefrontOBJ] Mesh053: 360 triangles, 208 vertices (merged 872 vertices).
2025-03-16 13:21:28 INFO  main [WavefrontOBJ] Done with "Mesh053.obj" (took 4 ms)
2025-03-16 13:21:28 INFO  main [WavefrontOBJ] Loading geometry from "Mesh010.obj" ..
2025-03-16 13:21:28 INFO  main [WavefrontOBJ] Mesh010: 14848 triangles, 7428 vertices (merged 37116 vertices).
2025-03-16 13:21:28 INFO  main [WavefrontOBJ] Done with "Mesh010.obj" (took 141 ms)
2025-03-16 13:21:28 INFO  main [WavefrontOBJ] Loading geometry from "Mesh082.obj" ..
2025-03-16 13:21:28 INFO  main [WavefrontOBJ] Mesh082: 8128 triangles, 4066 vertices (merged 20318 vertices).
2025-03-16 13:21:28 INFO  main [WavefrontOBJ] Done with "Mesh082.obj" (took 101 ms)
2025-03-16 13:21:28 INFO  main [WavefrontOBJ] Loading geometry from "Mesh086.obj" ..
2025-03-16 13:21:28 INFO  main [WavefrontOBJ] Mesh086: 4352 triangles, 2178 vertices (merged 10878 vertices).
2025-03-16 13:21:28 INFO  main [WavefrontOBJ] Done with "Mesh086.obj" (took 60 ms)
2025-03-16 13:21:28 INFO  main [WavefrontOBJ] Loading geometry from "Mesh134.obj" ..
2025-03-16 13:21:28 INFO  main [WavefrontOBJ] Mesh134: 14848 triangles, 7428 vertices (merged 37116 vertices).
2025-03-16 13:21:28 INFO  main [WavefrontOBJ] Done with "Mesh134.obj" (took 151 ms)
2025-03-16 13:21:28 INFO  main [WavefrontOBJ] Loading geometry from "Mesh057.obj" ..
2025-03-16 13:21:28 INFO  main [WavefrontOBJ] Mesh057: 8128 triangles, 4066 vertices (merged 20318 vertices).
2025-03-16 13:21:28 INFO  main [WavefrontOBJ] Done with "Mesh057.obj" (took 121 ms)
2025-03-16 13:21:28 INFO  main [WavefrontOBJ] Loading geometry from "Mesh081.obj" ..
2025-03-16 13:21:29 INFO  main [WavefrontOBJ] Mesh081: 8704 triangles, 4356 vertices (merged 21756 vertices).
2025-03-16 13:21:29 INFO  main [WavefrontOBJ] Done with "Mesh081.obj" (took 137 ms)
2025-03-16 13:21:29 INFO  main [WavefrontOBJ] Loading geometry from "Mesh114.obj" ..
2025-03-16 13:21:29 INFO  main [WavefrontOBJ] Mesh114: 1680 triangles, 898 vertices (merged 4142 vertices).
2025-03-16 13:21:29 INFO  main [WavefrontOBJ] Done with "Mesh114.obj" (took 24 ms)
2025-03-16 13:21:29 INFO  main [WavefrontOBJ] Loading geometry from "Mesh008.obj" ..
2025-03-16 13:21:29 INFO  main [WavefrontOBJ] Mesh008: 688 triangles, 375 vertices (merged 1689 vertices).
2025-03-16 13:21:29 INFO  main [WavefrontOBJ] Done with "Mesh008.obj" (took 11 ms)
2025-03-16 13:21:29 INFO  main [WavefrontOBJ] Loading geometry from "Mesh158.obj" ..
2025-03-16 13:21:29 INFO  main [WavefrontOBJ] Mesh158: 44 triangles, 96 vertices (merged 36 vertices).
2025-03-16 13:21:29 INFO  main [WavefrontOBJ] Done with "Mesh158.obj" (took 4 ms)
2025-03-16 13:21:29 INFO  main [WavefrontOBJ] Loading geometry from "Mesh174.obj" ..
2025-03-16 13:21:29 INFO  main [WavefrontOBJ] Mesh174: 172 triangles, 306 vertices (merged 210 vertices).
2025-03-16 13:21:29 INFO  main [WavefrontOBJ] Done with "Mesh174.obj" (took 5 ms)
2025-03-16 13:21:29 INFO  main [WavefrontOBJ] Loading geometry from "Mesh079.obj" ..
2025-03-16 13:21:29 INFO  main [WavefrontOBJ] Mesh079: 13568 triangles, 6788 vertices (merged 33916 vertices).
2025-03-16 13:21:29 INFO  main [WavefrontOBJ] Done with "Mesh079.obj" (took 187 ms)
2025-03-16 13:21:29 INFO  main [WavefrontOBJ] Loading geometry from "Mesh007.obj" ..
2025-03-16 13:21:29 INFO  main [WavefrontOBJ] Mesh007: 24 triangles, 48 vertices (merged 24 vertices).
2025-03-16 13:21:29 INFO  main [WavefrontOBJ] Done with "Mesh007.obj" (took 1 ms)
2025-03-16 13:21:29 INFO  main [WavefrontOBJ] Loading geometry from "Mesh006.obj" ..
2025-03-16 13:21:29 INFO  main [WavefrontOBJ] Mesh006: 1280 triangles, 672 vertices (merged 3168 vertices).
2025-03-16 13:21:29 INFO  main [WavefrontOBJ] Done with "Mesh006.obj" (took 14 ms)
2025-03-16 13:21:29 INFO  main [WavefrontOBJ] Loading geometry from "Mesh005.obj" ..
2025-03-16 13:21:29 INFO  main [WavefrontOBJ] Mesh005: 1280 triangles, 672 vertices (merged 3168 vertices).
2025-03-16 13:21:29 INFO  main [WavefrontOBJ] Done with "Mesh005.obj" (took 15 ms)
2025-03-16 13:21:29 INFO  main [WavefrontOBJ] Loading geometry from "Mesh032.obj" ..
2025-03-16 13:21:29 INFO  main [WavefrontOBJ] Mesh032: 3328 triangles, 1696 vertices (merged 8288 vertices).
2025-03-16 13:21:29 INFO  main [WavefrontOBJ] Done with "Mesh032.obj" (took 32 ms)
2025-03-16 13:21:29 INFO  main [WavefrontOBJ] Loading geometry from "Mesh025.obj" ..
2025-03-16 13:21:29 INFO  main [WavefrontOBJ] Mesh025: 384 triangles, 226 vertices (merged 926 vertices).
2025-03-16 13:21:29 INFO  main [WavefrontOBJ] Done with "Mesh025.obj" (took 4 ms)
2025-03-16 13:21:29 INFO  main [WavefrontOBJ] Loading geometry from "Mesh168.obj" ..
2025-03-16 13:21:29 INFO  main [WavefrontOBJ] Mesh168: 6592 triangles, 3345 vertices (merged 16431 vertices).
2025-03-16 13:21:29 INFO  main [WavefrontOBJ] Done with "Mesh168.obj" (took 81 ms)
2025-03-16 13:21:29 INFO  main [WavefrontOBJ] Loading geometry from "Mesh146.obj" ..
2025-03-16 13:21:29 INFO  main [WavefrontOBJ] Mesh146: 8384 triangles, 4241 vertices (merged 20911 vertices).
2025-03-16 13:21:29 INFO  main [WavefrontOBJ] Done with "Mesh146.obj" (took 86 ms)
2025-03-16 13:21:29 INFO  main [WavefrontOBJ] Loading geometry from "Mesh049.obj" ..
2025-03-16 13:21:29 INFO  main [WavefrontOBJ] Mesh049: 19648 triangles, 9950 vertices (merged 48994 vertices).
2025-03-16 13:21:29 INFO  main [WavefrontOBJ] Done with "Mesh049.obj" (took 195 ms)
2025-03-16 13:21:29 INFO  main [WavefrontOBJ] Loading geometry from "Mesh040.obj" ..
2025-03-16 13:21:30 INFO  main [WavefrontOBJ] Mesh040: 19648 triangles, 9950 vertices (merged 48994 vertices).
2025-03-16 13:21:30 INFO  main [WavefrontOBJ] Done with "Mesh040.obj" (took 195 ms)
2025-03-16 13:21:30 INFO  main [WavefrontOBJ] Loading geometry from "Mesh130.obj" ..
2025-03-16 13:21:31 INFO  main [WavefrontOBJ] Mesh130: 186368 triangles, 94198 vertices (merged 464906 vertices).
2025-03-16 13:21:31 INFO  main [WavefrontOBJ] Done with "Mesh130.obj" (took 1647 ms)
2025-03-16 13:21:31 INFO  main [WavefrontOBJ] Loading geometry from "Mesh075.obj" ..
2025-03-16 13:21:31 INFO  main [WavefrontOBJ] Mesh075: 720 triangles, 387 vertices (merged 1773 vertices).
2025-03-16 13:21:31 INFO  main [WavefrontOBJ] Done with "Mesh075.obj" (took 3 ms)
2025-03-16 13:21:31 INFO  main [WavefrontOBJ] Loading geometry from "Mesh164.obj" ..
2025-03-16 13:21:31 INFO  main [WavefrontOBJ] Mesh164: 10176 triangles, 5169 vertices (merged 25359 vertices).
2025-03-16 13:21:31 INFO  main [WavefrontOBJ] Done with "Mesh164.obj" (took 66 ms)
2025-03-16 13:21:31 INFO  main [WavefrontOBJ] Loading geometry from "Mesh044.obj" ..
2025-03-16 13:21:31 INFO  main [WavefrontOBJ] Mesh044: 4864 triangles, 2464 vertices (merged 12128 vertices).
2025-03-16 13:21:31 INFO  main [WavefrontOBJ] Done with "Mesh044.obj" (took 31 ms)
2025-03-16 13:21:31 INFO  main [WavefrontOBJ] Loading geometry from "Mesh004.obj" ..
2025-03-16 13:21:31 INFO  main [WavefrontOBJ] Mesh004: 15168 triangles, 7584 vertices (merged 37920 vertices).
2025-03-16 13:21:31 INFO  main [WavefrontOBJ] Done with "Mesh004.obj" (took 111 ms)
2025-03-16 13:21:31 INFO  main [WavefrontOBJ] Loading geometry from "Mesh003.obj" ..
2025-03-16 13:21:32 INFO  main [WavefrontOBJ] Mesh003: 9472 triangles, 4738 vertices (merged 23678 vertices).
2025-03-16 13:21:32 INFO  main [WavefrontOBJ] Done with "Mesh003.obj" (took 93 ms)
2025-03-16 13:21:32 INFO  main [WavefrontOBJ] Loading geometry from "Mesh061.obj" ..
2025-03-16 13:21:32 INFO  main [WavefrontOBJ] Mesh061: 5616 triangles, 2810 vertices (merged 14038 vertices).
2025-03-16 13:21:32 INFO  main [WavefrontOBJ] Done with "Mesh061.obj" (took 39 ms)
2025-03-16 13:21:32 INFO  main [WavefrontOBJ] Loading geometry from "Mesh002.obj" ..
2025-03-16 13:21:32 INFO  main [WavefrontOBJ] Mesh002: 29088 triangles, 14567 vertices (merged 72697 vertices).
2025-03-16 13:21:32 INFO  main [WavefrontOBJ] Done with "Mesh002.obj" (took 211 ms)
2025-03-16 13:21:32 INFO  main [WavefrontOBJ] Loading geometry from "Mesh051.obj" ..
2025-03-16 13:21:32 INFO  main [WavefrontOBJ] Mesh051: 9600 triangles, 4833 vertices (merged 23967 vertices).
2025-03-16 13:21:32 INFO  main [WavefrontOBJ] Done with "Mesh051.obj" (took 76 ms)
2025-03-16 13:21:32 INFO  main [WavefrontOBJ] Loading geometry from "Mesh123.obj" ..
2025-03-16 13:21:32 INFO  main [WavefrontOBJ] Mesh123: 1296 triangles, 650 vertices (merged 3238 vertices).
2025-03-16 13:21:32 INFO  main [WavefrontOBJ] Done with "Mesh123.obj" (took 9 ms)
2025-03-16 13:21:32 INFO  main [WavefrontOBJ] Loading geometry from "Mesh178.obj" ..
2025-03-16 13:21:32 INFO  main [WavefrontOBJ] Mesh178: 3520 triangles, 1841 vertices (merged 8719 vertices).
2025-03-16 13:21:32 INFO  main [WavefrontOBJ] Done with "Mesh178.obj" (took 25 ms)
2025-03-16 13:21:32 INFO  main [WavefrontOBJ] Loading geometry from "Mesh084.obj" ..
2025-03-16 13:21:32 INFO  main [WavefrontOBJ] Mesh084: 1408 triangles, 4156 vertices (merged 68 vertices).
2025-03-16 13:21:32 INFO  main [WavefrontOBJ] Done with "Mesh084.obj" (took 25 ms)
2025-03-16 13:21:32 INFO  main [WavefrontOBJ] Loading geometry from "Mesh012.obj" ..
2025-03-16 13:21:32 INFO  main [WavefrontOBJ] Mesh012: 4248 triangles, 4494 vertices (merged 8250 vertices).
2025-03-16 13:21:32 INFO  main [WavefrontOBJ] Done with "Mesh012.obj" (took 40 ms)
2025-03-16 13:21:32 INFO  main [WavefrontOBJ] Loading geometry from "Mesh001.obj" ..
2025-03-16 13:21:32 INFO  main [WavefrontOBJ] Mesh001: 12 triangles, 24 vertices (merged 12 vertices).
2025-03-16 13:21:32 INFO  main [WavefrontOBJ] Done with "Mesh001.obj" (took 0 ms)
2025-03-16 13:21:32 INFO  main [WavefrontOBJ] Loading geometry from "Mesh018.obj" ..
2025-03-16 13:21:32 INFO  main [WavefrontOBJ] Mesh018: 768 triangles, 448 vertices (merged 1856 vertices).
2025-03-16 13:21:32 INFO  main [WavefrontOBJ] Done with "Mesh018.obj" (took 5 ms)
2025-03-16 13:21:32 INFO  main [WavefrontOBJ] Loading geometry from "Mesh000.obj" ..
2025-03-16 13:21:32 INFO  main [WavefrontOBJ] Mesh000: 256 triangles, 192 vertices (merged 576 vertices).
2025-03-16 13:21:32 INFO  main [WavefrontOBJ] Done with "Mesh000.obj" (took 2 ms)
2025-03-16 13:21:32 INFO  main [WavefrontOBJ] Loading geometry from "Mesh074.obj" ..
2025-03-16 13:21:32 INFO  main [WavefrontOBJ] Mesh074: 768 triangles, 448 vertices (merged 1856 vertices).
2025-03-16 13:21:32 INFO  main [WavefrontOBJ] Done with "Mesh074.obj" (took 5 ms)
2025-03-16 13:21:32 INFO  main [WavefrontOBJ] Loading geometry from "Mesh106.obj" ..
2025-03-16 13:21:32 INFO  main [WavefrontOBJ] Mesh106: 960 triangles, 513 vertices (merged 2367 vertices).
2025-03-16 13:21:32 INFO  main [WavefrontOBJ] Done with "Mesh106.obj" (took 6 ms)
2025-03-16 13:21:32 INFO  main [WavefrontOBJ] Loading geometry from "Mesh029.obj" ..
2025-03-16 13:21:32 INFO  main [WavefrontOBJ] Mesh029: 1536 triangles, 772 vertices (merged 3836 vertices).
2025-03-16 13:21:32 INFO  main [WavefrontOBJ] Done with "Mesh029.obj" (took 10 ms)
2025-03-16 13:21:32 INFO  main [WavefrontOBJ] Loading geometry from "Mesh163.obj" ..
2025-03-16 13:21:32 INFO  main [WavefrontOBJ] Mesh163: 6488 triangles, 3667 vertices (merged 15797 vertices).
2025-03-16 13:21:32 INFO  main [WavefrontOBJ] Done with "Mesh163.obj" (took 49 ms)
2025-03-16 13:21:32 INFO  main [WavefrontOBJ] Loading geometry from "Mesh154.obj" ..
2025-03-16 13:21:32 INFO  main [WavefrontOBJ] Mesh154: 832 triangles, 424 vertices (merged 2072 vertices).
2025-03-16 13:21:32 INFO  main [WavefrontOBJ] Done with "Mesh154.obj" (took 5 ms)
2025-03-16 13:21:32 INFO  main [WavefrontOBJ] Loading geometry from "Mesh060.obj" ..
2025-03-16 13:21:32 INFO  main [WavefrontOBJ] Mesh060: 2144 triangles, 1090 vertices (merged 5342 vertices).
2025-03-16 13:21:32 INFO  main [WavefrontOBJ] Done with "Mesh060.obj" (took 16 ms)
2025-03-16 13:21:32 INFO  main [WavefrontOBJ] Loading geometry from "Mesh048.obj" ..
2025-03-16 13:21:32 INFO  main [WavefrontOBJ] Mesh048: 180 triangles, 110 vertices (merged 430 vertices).
2025-03-16 13:21:32 INFO  main [WavefrontOBJ] Done with "Mesh048.obj" (took 1 ms)
2025-03-16 13:21:32 INFO  main [WavefrontOBJ] Loading geometry from "Mesh009.obj" ..
2025-03-16 13:21:32 INFO  main [WavefrontOBJ] Mesh009: 688 triangles, 353 vertices (merged 1711 vertices).
2025-03-16 13:21:32 INFO  main [WavefrontOBJ] Done with "Mesh009.obj" (took 5 ms)
2025-03-16 13:21:32 INFO  main [WavefrontOBJ] Loading geometry from "Mesh093.obj" ..
2025-03-16 13:21:32 INFO  main [WavefrontOBJ] Mesh093: 1584 triangles, 876 vertices (merged 3876 vertices).
2025-03-16 13:21:32 INFO  main [WavefrontOBJ] Done with "Mesh093.obj" (took 12 ms)
2025-03-16 13:21:32 INFO  main [WavefrontOBJ] Loading geometry from "Mesh133.obj" ..
2025-03-16 13:21:32 INFO  main [WavefrontOBJ] Mesh133: 5120 triangles, 2560 vertices (merged 12800 vertices).
2025-03-16 13:21:32 INFO  main [WavefrontOBJ] Done with "Mesh133.obj" (took 41 ms)
2025-03-16 13:21:32 INFO  main [WavefrontOBJ] Loading geometry from "Mesh142.obj" ..
2025-03-16 13:21:32 INFO  main [WavefrontOBJ] Mesh142: 1280 triangles, 640 vertices (merged 3200 vertices).
2025-03-16 13:21:32 INFO  main [WavefrontOBJ] Done with "Mesh142.obj" (took 10 ms)
2025-03-16 13:21:32 INFO  ren0 [KDTreeBase] Constructing a SAH kd-tree (617744 primitives) ..
2025-03-16 13:21:39 INFO  ren0 [KDTreeBase] Finished -- took 6346 ms.
2025-03-16 13:21:39 INFO  ren0 [PMMFocalGuidingIntegrator] Starting preprocess
2025-03-16 13:21:39 INFO  ren0 [octree.h:482] root weight: 8.000e-20 (0.000000)
2025-03-16 13:21:39 INFO  ren0 [octree.h:483] splitting threshold: 8.000e-23 (0.000000)
2025-03-16 13:21:39 INFO  ren0 [octree.h:498] node count: 1 -> 585 -> 585

2025-03-16 13:21:39 INFO  ren0 [octree.h:482] root weight: 4.096e-17 (0.000000)
2025-03-16 13:21:39 INFO  ren0 [octree.h:483] splitting threshold: 4.096e-20 (0.000000)
2025-03-16 13:21:39 INFO  ren0 [octree.h:498] node count: 585 -> 585 -> 585

2025-03-16 13:21:39 INFO  ren0 [octree.h:482] root weight: 8.000e-20 (0.000000)
2025-03-16 13:21:39 INFO  ren0 [octree.h:483] splitting threshold: 8.000e-23 (0.000000)
2025-03-16 13:21:39 INFO  ren0 [octree.h:498] node count: 1 -> 585 -> 585

2025-03-16 13:21:39 INFO  ren0 [octree.h:482] root weight: 4.096e-17 (0.000000)
2025-03-16 13:21:39 INFO  ren0 [octree.h:483] splitting threshold: 4.096e-20 (0.000000)
2025-03-16 13:21:39 INFO  ren0 [octree.h:498] node count: 585 -> 585 -> 585

2025-03-16 13:21:39 INFO  ren0 [PMMFocalGuidingIntegrator] Octree[
AABB: AABB3[min=[-2.59024, -0.170842, 0.361397], max=[3.15696, 3.22949, 8.19165]]
Nodes count: 585
]
2025-03-16 13:21:39 INFO  ren0 [PMMFocalGuidingIntegrator] Octree[
AABB: AABB3[min=[-2.59024, -0.170842, 0.361397], max=[3.15696, 3.22949, 8.19165]]
Nodes count: 585
]
2025-03-16 13:21:39 INFO  ren0 [PMMFocalGuidingIntegrator] GMM[
weight = 0.166667 mean = [-0.615325 2.59254 0.739272] covariance = [[1 0 0][0 1 0][0 0 1]]
weight = 0.166667 mean = [-1.61805 1.77852 0.412535] covariance = [[1 0 0][0 1 0][0 0 1]]
weight = 0.166667 mean = [0.184098 1.26004 5.08521] covariance = [[1 0 0][0 1 0][0 0 1]]
weight = 0.166667 mean = [2.37533 1.23749 4.18674] covariance = [[1 0 0][0 1 0][0 0 1]]
weight = 0.166667 mean = [2.73019 2.71818 4.68746] covariance = [[1 0 0][0 1 0][0 0 1]]
weight = 0.166667 mean = [0.619873 1.97237 1.54912] covariance = [[1 0 0][0 1 0][0 0 1]]
]
2025-03-16 13:21:39 INFO  ren0 [PMMFocalGuidingIntegrator] Starting training... (8) iterations
2025-03-16 13:21:39 INFO  ren0 [PMMFocalGuidingIntegrator] Rendering 0 iteration
2025-03-16 13:21:39 INFO  ren0 [SamplingIntegrator] Starting render job (1280x720, 4 samples, 8 cores, SSE2 enabled) ..
2025-03-16 13:24:04 INFO  ren0 [PMMFocalGuidingIntegrator] iteration render time: 2.4182m
2025-03-16 13:24:04 INFO  ren0 [PMMFocalGuidingIntegrator] Got 236773 non-zero samples and 0 zero samples
2025-03-16 13:24:52 INFO  ren0 [gaussian_mixture_model.h:126] Components accumulated weight is: 1.000000
2025-03-16 13:24:52 INFO  ren0 [gaussian_mixture_model.h:173] exp(-dist) between 0 and 1 is 0.831314
2025-03-16 13:24:52 INFO  ren0 [gaussian_mixture_model.h:173] exp(-dist) between 0 and 2 is 0.488996
2025-03-16 13:24:52 INFO  ren0 [gaussian_mixture_model.h:173] exp(-dist) between 0 and 3 is 0.339440
2025-03-16 13:24:52 INFO  ren0 [gaussian_mixture_model.h:173] exp(-dist) between 0 and 4 is 0.207108
2025-03-16 13:24:52 INFO  ren0 [gaussian_mixture_model.h:173] exp(-dist) between 0 and 5 is 0.785193
2025-03-16 13:24:52 INFO  ren0 [gaussian_mixture_model.h:173] exp(-dist) between 1 and 2 is 0.459345
2025-03-16 13:24:52 INFO  ren0 [gaussian_mixture_model.h:173] exp(-dist) between 1 and 3 is 0.193395
2025-03-16 13:24:52 INFO  ren0 [gaussian_mixture_model.h:173] exp(-dist) between 1 and 4 is 0.108579
2025-03-16 13:24:52 INFO  ren0 [gaussian_mixture_model.h:173] exp(-dist) between 1 and 5 is 0.523591
2025-03-16 13:24:52 INFO  ren0 [gaussian_mixture_model.h:173] exp(-dist) between 2 and 3 is 0.553036
2025-03-16 13:24:52 INFO  ren0 [gaussian_mixture_model.h:173] exp(-dist) between 2 and 4 is 0.550285
2025-03-16 13:24:52 INFO  ren0 [gaussian_mixture_model.h:173] exp(-dist) between 2 and 5 is 0.430400
2025-03-16 13:24:52 INFO  ren0 [gaussian_mixture_model.h:173] exp(-dist) between 3 and 4 is 0.735342
2025-03-16 13:24:52 INFO  ren0 [gaussian_mixture_model.h:173] exp(-dist) between 3 and 5 is 0.616818
2025-03-16 13:24:52 INFO  ren0 [gaussian_mixture_model.h:173] exp(-dist) between 4 and 5 is 0.352405
2025-03-16 13:24:52 INFO  ren0 [gaussian_mixture_model.h:180] components before the merge: 6
2025-03-16 13:24:52 INFO  ren0 [gaussian_mixture_model.h:183] Merging 1 and 0, because their BC is 0.831314
2025-03-16 13:24:52 INFO  ren0 [gaussian_mixture_model.h:183] Merging 4 and 3, because their BC is 0.735342
2025-03-16 13:24:52 INFO  ren0 [gaussian_mixture_model.h:183] Merging 5 and 1, because their BC is 0.701099
2025-03-16 13:24:52 INFO  ren0 [gaussian_mixture_model.h:183] Merging 4 and 2, because their BC is 0.584083
2025-03-16 13:24:52 INFO  ren0 [gaussian_mixture_model.h:183] Merging 4 and 2, because their BC is 0.584083
2025-03-16 13:24:52 INFO  ren0 [gaussian_mixture_model.h:183] Merging 4 and 2, because their BC is 0.584083
2025-03-16 13:24:52 INFO  ren0 [gaussian_mixture_model.h:183] Merging 4 and 2, because their BC is 0.584083
2025-03-16 13:24:52 INFO  ren0 [gaussian_mixture_model.h:183] Merging 4 and 2, because their BC is 0.584083
2025-03-16 13:24:52 INFO  ren0 [gaussian_mixture_model.h:183] Merging 4 and 2, because their BC is 0.584083
2025-03-16 13:24:52 INFO  ren0 [gaussian_mixture_model.h:183] Merging 4 and 2, because their BC is 0.584083
2025-03-16 13:24:52 INFO  ren0 [gaussian_mixture_model.h:200] components after the merge: 3, merged 10 component
2025-03-16 13:24:52 INFO  ren0 [gaussian_mixture_model.h:237] Ratio is 2.743201
2025-03-16 13:24:52 INFO  ren0 [gaussian_mixture_model.h:237] Ratio is 3.057963
2025-03-16 13:24:52 INFO  ren0 [gaussian_mixture_model.h:237] Ratio is 2.144425
2025-03-16 13:24:52 INFO  ren0 [gaussian_mixture_model.h:218] components after the split: 3, split 0 components
2025-03-16 13:24:52 INFO  ren0 [octree.h:482] root weight: 5.174e+05 (517415.093750)
2025-03-16 13:24:52 INFO  ren0 [octree.h:483] splitting threshold: 5.174e+02 (517.415100)
2025-03-16 13:24:52 INFO  ren0 [octree.h:482] root weight: 6.044e+05 (604429.687500)
2025-03-16 13:24:52 INFO  ren0 [octree.h:483] splitting threshold: 6.044e+02 (604.429688)
2025-03-16 13:24:52 INFO  ren0 [octree.h:498] node count: 585 -> 585 -> 278

2025-03-16 13:24:52 INFO  ren0 [octree.h:498] node count: 585 -> 611 -> 257

2025-03-16 13:24:52 INFO  ren0 [PMMFocalGuidingIntegrator] diverge probability: 0.539

2025-03-16 13:24:52 INFO  ren0 [PMMFocalGuidingIntegrator] iteration postprocessing time: 47.8461s
2025-03-16 13:24:52 INFO  ren0 [PMMFocalGuidingIntegrator] GMM[
weight = 0.412486 mean = [-0.36067 1.34943 5.3624] covariance = [[1.81273 -0.119818 -0.0498562][-0.119818 0.848074 0.153368][-0.0498562 0.153368 2.21793]]
weight = 0.265523 mean = [1.89483 1.42769 4.41399] covariance = [[0.991859 0.161805 0.0579618][0.161805 1.02847 0.185215][0.0579618 0.185215 2.553]]
weight = 0.321991 mean = [0.0978174 1.54016 2.13098] covariance = [[1.75363 -0.0943796 -0.00905576][-0.0943796 1.09057 -0.396799][-0.00905576 -0.396799 1.68854]]
]
2025-03-16 13:24:52 INFO  ren0 [PMMFocalGuidingIntegrator] Octree[
AABB: AABB3[min=[-2.59024, -0.170842, 0.361397], max=[3.15696, 3.22949, 8.19165]]
Nodes count: 278
]
2025-03-16 13:24:52 INFO  ren0 [PMMFocalGuidingIntegrator] Octree[
AABB: AABB3[min=[-2.59024, -0.170842, 0.361397], max=[3.15696, 3.22949, 8.19165]]
Nodes count: 257
]
2025-03-16 13:24:52 INFO  ren0 [PMMFocalGuidingIntegrator] Rendering 1 iteration
2025-03-16 13:24:52 INFO  ren0 [SamplingIntegrator] Starting render job (1280x720, 4 samples, 8 cores, SSE2 enabled) ..
2025-03-16 13:27:15 INFO  ren0 [PMMFocalGuidingIntegrator] iteration render time: 2.3806m
2025-03-16 13:27:15 INFO  ren0 [PMMFocalGuidingIntegrator] Got 264942 non-zero samples and 0 zero samples
2025-03-16 13:27:40 INFO  ren0 [gaussian_mixture_model.h:126] Components accumulated weight is: 1.000000
2025-03-16 13:27:40 INFO  ren0 [gaussian_mixture_model.h:173] exp(-dist) between 2 and 4 is 0.584754
2025-03-16 13:27:40 INFO  ren0 [gaussian_mixture_model.h:173] exp(-dist) between 2 and 5 is 0.561785
2025-03-16 13:27:40 INFO  ren0 [gaussian_mixture_model.h:173] exp(-dist) between 4 and 5 is 0.555945
2025-03-16 13:27:40 INFO  ren0 [gaussian_mixture_model.h:180] components before the merge: 3
2025-03-16 13:27:40 INFO  ren0 [gaussian_mixture_model.h:183] Merging 4 and 2, because their BC is 0.584754
2025-03-16 13:27:40 INFO  ren0 [gaussian_mixture_model.h:183] Merging 4 and 2, because their BC is 0.584754
2025-03-16 13:27:40 INFO  ren0 [gaussian_mixture_model.h:183] Merging 4 and 2, because their BC is 0.584754
2025-03-16 13:27:40 INFO  ren0 [gaussian_mixture_model.h:183] Merging 4 and 2, because their BC is 0.584754
2025-03-16 13:27:40 INFO  ren0 [gaussian_mixture_model.h:183] Merging 4 and 2, because their BC is 0.584754
2025-03-16 13:27:40 INFO  ren0 [gaussian_mixture_model.h:183] Merging 4 and 2, because their BC is 0.584754
2025-03-16 13:27:40 INFO  ren0 [gaussian_mixture_model.h:183] Merging 4 and 2, because their BC is 0.584754
2025-03-16 13:27:40 INFO  ren0 [gaussian_mixture_model.h:183] Merging 4 and 2, because their BC is 0.584754
2025-03-16 13:27:40 INFO  ren0 [gaussian_mixture_model.h:183] Merging 4 and 2, because their BC is 0.584754
2025-03-16 13:27:40 INFO  ren0 [gaussian_mixture_model.h:183] Merging 4 and 2, because their BC is 0.584754
2025-03-16 13:27:40 INFO  ren0 [gaussian_mixture_model.h:200] components after the merge: 3, merged 10 component
2025-03-16 13:27:40 INFO  ren0 [gaussian_mixture_model.h:237] Ratio is 2.985001
2025-03-16 13:27:40 INFO  ren0 [gaussian_mixture_model.h:237] Ratio is 3.833642
2025-03-16 13:27:40 INFO  ren0 [gaussian_mixture_model.h:237] Ratio is 2.063517
2025-03-16 13:27:40 INFO  ren0 [gaussian_mixture_model.h:218] components after the split: 3, split 0 components
2025-03-16 13:27:40 INFO  ren0 [octree.h:482] root weight: 3.082e+05 (308159.968750)
2025-03-16 13:27:40 INFO  ren0 [octree.h:483] splitting threshold: 3.082e+02 (308.159973)
2025-03-16 13:27:40 INFO  ren0 [octree.h:482] root weight: 3.908e+05 (390778.906250)
2025-03-16 13:27:40 INFO  ren0 [octree.h:483] splitting threshold: 3.908e+02 (390.778931)
2025-03-16 13:27:40 INFO  ren0 [octree.h:498] node count: 278 -> 280 -> 252

2025-03-16 13:27:40 INFO  ren0 [octree.h:498] node count: 257 -> 276 -> 273

2025-03-16 13:27:40 INFO  ren0 [PMMFocalGuidingIntegrator] diverge probability: 0.559

2025-03-16 13:27:40 INFO  ren0 [PMMFocalGuidingIntegrator] iteration postprocessing time: 25.3986s
2025-03-16 13:27:40 INFO  ren0 [PMMFocalGuidingIntegrator] GMM[
weight = 0.397628 mean = [-0.320996 1.38382 5.22342] covariance = [[1.72114 -0.0721272 -0.00543903][-0.0721272 0.843963 0.11963][-0.00543903 0.11963 2.46699]]
weight = 0.267723 mean = [1.79139 1.41262 4.35259] covariance = [[0.769359 0.0440897 0.114246][0.0440897 0.897146 0.182667][0.114246 0.182667 2.86719]]
weight = 0.334649 mean = [0.121706 1.48087 2.39906] covariance = [[1.67528 -0.0636646 -0.0258357][-0.0636646 0.862475 -0.14188][-0.0258357 -0.14188 1.29375]]
]
2025-03-16 13:27:40 INFO  ren0 [PMMFocalGuidingIntegrator] Octree[
AABB: AABB3[min=[-2.59024, -0.170842, 0.361397], max=[3.15696, 3.22949, 8.19165]]
Nodes count: 252
]
2025-03-16 13:27:40 INFO  ren0 [PMMFocalGuidingIntegrator] Octree[
AABB: AABB3[min=[-2.59024, -0.170842, 0.361397], max=[3.15696, 3.22949, 8.19165]]
Nodes count: 273
]
2025-03-16 13:27:40 INFO  ren0 [PMMFocalGuidingIntegrator] Rendering 2 iteration
2025-03-16 13:27:40 INFO  ren0 [SamplingIntegrator] Starting render job (1280x720, 4 samples, 8 cores, SSE2 enabled) ..
2025-03-16 13:30:00 INFO  ren0 [PMMFocalGuidingIntegrator] iteration render time: 2.3297m
2025-03-16 13:30:00 INFO  ren0 [PMMFocalGuidingIntegrator] Got 298071 non-zero samples and 0 zero samples
2025-03-16 13:30:28 INFO  ren0 [gaussian_mixture_model.h:126] Components accumulated weight is: 1.000000
2025-03-16 13:30:28 INFO  ren0 [gaussian_mixture_model.h:173] exp(-dist) between 2 and 4 is 0.573945
2025-03-16 13:30:28 INFO  ren0 [gaussian_mixture_model.h:173] exp(-dist) between 2 and 5 is 0.592871
2025-03-16 13:30:28 INFO  ren0 [gaussian_mixture_model.h:173] exp(-dist) between 4 and 5 is 0.563290
2025-03-16 13:30:28 INFO  ren0 [gaussian_mixture_model.h:180] components before the merge: 3
2025-03-16 13:30:28 INFO  ren0 [gaussian_mixture_model.h:183] Merging 5 and 2, because their BC is 0.592871
2025-03-16 13:30:28 INFO  ren0 [gaussian_mixture_model.h:183] Merging 5 and 2, because their BC is 0.592871
2025-03-16 13:30:28 INFO  ren0 [gaussian_mixture_model.h:183] Merging 5 and 2, because their BC is 0.592871
2025-03-16 13:30:28 INFO  ren0 [gaussian_mixture_model.h:183] Merging 5 and 2, because their BC is 0.592871
2025-03-16 13:30:28 INFO  ren0 [gaussian_mixture_model.h:183] Merging 5 and 2, because their BC is 0.592871
2025-03-16 13:30:28 INFO  ren0 [gaussian_mixture_model.h:183] Merging 5 and 2, because their BC is 0.592871
2025-03-16 13:30:28 INFO  ren0 [gaussian_mixture_model.h:183] Merging 5 and 2, because their BC is 0.592871
2025-03-16 13:30:28 INFO  ren0 [gaussian_mixture_model.h:183] Merging 5 and 2, because their BC is 0.592871
2025-03-16 13:30:28 INFO  ren0 [gaussian_mixture_model.h:183] Merging 5 and 2, because their BC is 0.592871
2025-03-16 13:30:28 INFO  ren0 [gaussian_mixture_model.h:183] Merging 5 and 2, because their BC is 0.592871
2025-03-16 13:30:28 INFO  ren0 [gaussian_mixture_model.h:200] components after the merge: 3, merged 10 component
2025-03-16 13:30:28 INFO  ren0 [gaussian_mixture_model.h:237] Ratio is 3.054334
2025-03-16 13:30:28 INFO  ren0 [gaussian_mixture_model.h:237] Ratio is 4.424904
2025-03-16 13:30:28 INFO  ren0 [gaussian_mixture_model.h:237] Ratio is 2.101268
2025-03-16 13:30:28 INFO  ren0 [gaussian_mixture_model.h:218] components after the split: 3, split 0 components
2025-03-16 13:30:28 INFO  ren0 [octree.h:482] root weight: 2.064e+05 (206383.328125)
2025-03-16 13:30:28 INFO  ren0 [octree.h:483] splitting threshold: 2.064e+02 (206.383331)
2025-03-16 13:30:28 INFO  ren0 [octree.h:482] root weight: 3.059e+05 (305908.187500)
2025-03-16 13:30:28 INFO  ren0 [octree.h:483] splitting threshold: 3.059e+02 (305.908203)
2025-03-16 13:30:28 INFO  ren0 [octree.h:498] node count: 252 -> 253 -> 218

2025-03-16 13:30:28 INFO  ren0 [octree.h:498] node count: 273 -> 305 -> 285

2025-03-16 13:30:28 INFO  ren0 [PMMFocalGuidingIntegrator] diverge probability: 0.597

2025-03-16 13:30:28 INFO  ren0 [PMMFocalGuidingIntegrator] iteration postprocessing time: 27.9881s
2025-03-16 13:30:28 INFO  ren0 [PMMFocalGuidingIntegrator] GMM[
weight = 0.386381 mean = [-0.321952 1.38307 5.13914] covariance = [[1.66272 -0.0446738 -0.0229255][-0.0446738 0.84344 0.119374][-0.0229255 0.119374 2.53459]]
weight = 0.269373 mean = [1.76709 1.38423 4.33244] covariance = [[0.680892 0.0041871 0.129621][0.0041871 0.865516 0.170285][0.129621 0.170285 2.95855]]
weight = 0.344246 mean = [0.148115 1.47782 2.52174] covariance = [[1.62749 -0.0496196 -0.0223506][-0.0496196 0.792329 -0.0692166][-0.0223506 -0.0692166 1.15433]]
]
2025-03-16 13:30:28 INFO  ren0 [PMMFocalGuidingIntegrator] Octree[
AABB: AABB3[min=[-2.59024, -0.170842, 0.361397], max=[3.15696, 3.22949, 8.19165]]
Nodes count: 218
]
2025-03-16 13:30:28 INFO  ren0 [PMMFocalGuidingIntegrator] Octree[
AABB: AABB3[min=[-2.59024, -0.170842, 0.361397], max=[3.15696, 3.22949, 8.19165]]
Nodes count: 285
]
2025-03-16 13:30:28 INFO  ren0 [PMMFocalGuidingIntegrator] Rendering 3 iteration
2025-03-16 13:30:28 INFO  ren0 [SamplingIntegrator] Starting render job (1280x720, 4 samples, 8 cores, SSE2 enabled) ..
2025-03-16 13:32:39 INFO  ren0 [PMMFocalGuidingIntegrator] iteration render time: 2.1807m
2025-03-16 13:32:39 INFO  ren0 [PMMFocalGuidingIntegrator] Got 329139 non-zero samples and 0 zero samples
2025-03-16 13:33:10 INFO  ren0 [gaussian_mixture_model.h:126] Components accumulated weight is: 1.000000
2025-03-16 13:33:10 INFO  ren0 [gaussian_mixture_model.h:173] exp(-dist) between 2 and 4 is 0.566505
2025-03-16 13:33:10 INFO  ren0 [gaussian_mixture_model.h:173] exp(-dist) between 2 and 5 is 0.615018
2025-03-16 13:33:10 INFO  ren0 [gaussian_mixture_model.h:173] exp(-dist) between 4 and 5 is 0.568673
2025-03-16 13:33:10 INFO  ren0 [gaussian_mixture_model.h:180] components before the merge: 3
2025-03-16 13:33:10 INFO  ren0 [gaussian_mixture_model.h:183] Merging 5 and 2, because their BC is 0.615018
2025-03-16 13:33:10 INFO  ren0 [gaussian_mixture_model.h:183] Merging 5 and 2, because their BC is 0.615018
2025-03-16 13:33:10 INFO  ren0 [gaussian_mixture_model.h:183] Merging 5 and 2, because their BC is 0.615018
2025-03-16 13:33:10 INFO  ren0 [gaussian_mixture_model.h:183] Merging 5 and 2, because their BC is 0.615018
2025-03-16 13:33:10 INFO  ren0 [gaussian_mixture_model.h:183] Merging 5 and 2, because their BC is 0.615018
2025-03-16 13:33:10 INFO  ren0 [gaussian_mixture_model.h:183] Merging 5 and 2, because their BC is 0.615018
2025-03-16 13:33:10 INFO  ren0 [gaussian_mixture_model.h:183] Merging 5 and 2, because their BC is 0.615018
2025-03-16 13:33:10 INFO  ren0 [gaussian_mixture_model.h:183] Merging 5 and 2, because their BC is 0.615018
2025-03-16 13:33:10 INFO  ren0 [gaussian_mixture_model.h:183] Merging 5 and 2, because their BC is 0.615018
2025-03-16 13:33:10 INFO  ren0 [gaussian_mixture_model.h:183] Merging 5 and 2, because their BC is 0.615018
2025-03-16 13:33:10 INFO  ren0 [gaussian_mixture_model.h:200] components after the merge: 3, merged 10 component
2025-03-16 13:33:10 INFO  ren0 [gaussian_mixture_model.h:237] Ratio is 3.104678
2025-03-16 13:33:10 INFO  ren0 [gaussian_mixture_model.h:237] Ratio is 4.801831
2025-03-16 13:33:10 INFO  ren0 [gaussian_mixture_model.h:237] Ratio is 2.115279
2025-03-16 13:33:10 INFO  ren0 [gaussian_mixture_model.h:218] components after the split: 3, split 0 components
2025-03-16 13:33:10 INFO  ren0 [octree.h:482] root weight: 1.479e+05 (147872.359375)
2025-03-16 13:33:10 INFO  ren0 [octree.h:483] splitting threshold: 1.479e+02 (147.872360)
2025-03-16 13:33:10 INFO  ren0 [octree.h:482] root weight: 2.655e+05 (265509.093750)
2025-03-16 13:33:10 INFO  ren0 [octree.h:483] splitting threshold: 2.655e+02 (265.509094)
2025-03-16 13:33:10 INFO  ren0 [octree.h:498] node count: 218 -> 220 -> 188

2025-03-16 13:33:10 INFO  ren0 [octree.h:498] node count: 285 -> 315 -> 308

2025-03-16 13:33:10 INFO  ren0 [PMMFocalGuidingIntegrator] diverge probability: 0.642

2025-03-16 13:33:10 INFO  ren0 [PMMFocalGuidingIntegrator] iteration postprocessing time: 31.2625s
2025-03-16 13:33:10 INFO  ren0 [PMMFocalGuidingIntegrator] GMM[
weight = 0.376124 mean = [-0.326761 1.37606 5.07121] covariance = [[1.61447 -0.0248281 -0.0577968][-0.0248281 0.840058 0.125449][-0.0577968 0.125449 2.56552]]
weight = 0.269604 mean = [1.75431 1.3558 4.32301] covariance = [[0.636635 -0.0129142 0.13911][-0.0129142 0.849028 0.158671][0.13911 0.158671 2.98671]]
weight = 0.354272 mean = [0.173456 1.48635 2.60076] covariance = [[1.57768 -0.0413915 -0.0115308][-0.0413915 0.753058 -0.0366271][-0.0115308 -0.0366271 1.08674]]
]
2025-03-16 13:33:10 INFO  ren0 [PMMFocalGuidingIntegrator] Octree[
AABB: AABB3[min=[-2.59024, -0.170842, 0.361397], max=[3.15696, 3.22949, 8.19165]]
Nodes count: 188
]
2025-03-16 13:33:10 INFO  ren0 [PMMFocalGuidingIntegrator] Octree[
AABB: AABB3[min=[-2.59024, -0.170842, 0.361397], max=[3.15696, 3.22949, 8.19165]]
Nodes count: 308
]
2025-03-16 13:33:10 INFO  ren0 [PMMFocalGuidingIntegrator] Rendering 4 iteration
2025-03-16 13:33:10 INFO  ren0 [SamplingIntegrator] Starting render job (1280x720, 4 samples, 8 cores, SSE2 enabled) ..
2025-03-16 13:33:58 INFO  wrk5 [octree.h:260] No intersection found
2025-03-16 13:33:58 INFO  wrk5 [pmm_focal_guiding.cpp:702] Intersection was not found
2025-03-16 13:35:24 INFO  ren0 [PMMFocalGuidingIntegrator] iteration render time: 2.2430m
2025-03-16 13:35:25 INFO  ren0 [PMMFocalGuidingIntegrator] Got 358525 non-zero samples and 0 zero samples
2025-03-16 13:36:01 INFO  ren0 [gaussian_mixture_model.h:126] Components accumulated weight is: 1.000000
2025-03-16 13:36:01 INFO  ren0 [gaussian_mixture_model.h:173] exp(-dist) between 2 and 4 is 0.561952
2025-03-16 13:36:01 INFO  ren0 [gaussian_mixture_model.h:173] exp(-dist) between 2 and 5 is 0.632751
2025-03-16 13:36:01 INFO  ren0 [gaussian_mixture_model.h:173] exp(-dist) between 4 and 5 is 0.574215
2025-03-16 13:36:01 INFO  ren0 [gaussian_mixture_model.h:180] components before the merge: 3
2025-03-16 13:36:01 INFO  ren0 [gaussian_mixture_model.h:183] Merging 5 and 2, because their BC is 0.632751
2025-03-16 13:36:01 INFO  ren0 [gaussian_mixture_model.h:183] Merging 5 and 2, because their BC is 0.632751
2025-03-16 13:36:01 INFO  ren0 [gaussian_mixture_model.h:183] Merging 5 and 2, because their BC is 0.632751
2025-03-16 13:36:01 INFO  ren0 [gaussian_mixture_model.h:183] Merging 5 and 2, because their BC is 0.632751
2025-03-16 13:36:01 INFO  ren0 [gaussian_mixture_model.h:183] Merging 5 and 2, because their BC is 0.632751
2025-03-16 13:36:01 INFO  ren0 [gaussian_mixture_model.h:183] Merging 5 and 2, because their BC is 0.632751
2025-03-16 13:36:01 INFO  ren0 [gaussian_mixture_model.h:183] Merging 5 and 2, because their BC is 0.632751
2025-03-16 13:36:01 INFO  ren0 [gaussian_mixture_model.h:183] Merging 5 and 2, because their BC is 0.632751
2025-03-16 13:36:01 INFO  ren0 [gaussian_mixture_model.h:183] Merging 5 and 2, because their BC is 0.632751
2025-03-16 13:36:01 INFO  ren0 [gaussian_mixture_model.h:183] Merging 5 and 2, because their BC is 0.632751
2025-03-16 13:36:01 INFO  ren0 [gaussian_mixture_model.h:200] components after the merge: 3, merged 10 component
2025-03-16 13:36:01 INFO  ren0 [gaussian_mixture_model.h:237] Ratio is 3.147795
2025-03-16 13:36:01 INFO  ren0 [gaussian_mixture_model.h:237] Ratio is 5.035849
2025-03-16 13:36:01 INFO  ren0 [gaussian_mixture_model.h:237] Ratio is 2.117814
2025-03-16 13:36:01 INFO  ren0 [gaussian_mixture_model.h:218] components after the split: 3, split 0 components
2025-03-16 13:36:01 INFO  ren0 [octree.h:482] root weight: 1.151e+05 (115122.445312)
2025-03-16 13:36:01 INFO  ren0 [octree.h:483] splitting threshold: 1.151e+02 (115.122452)
2025-03-16 13:36:01 INFO  ren0 [octree.h:482] root weight: 2.351e+05 (235053.640625)
2025-03-16 13:36:01 INFO  ren0 [octree.h:483] splitting threshold: 2.351e+02 (235.053650)
2025-03-16 13:36:01 INFO  ren0 [octree.h:498] node count: 188 -> 190 -> 176

2025-03-16 13:36:01 INFO  ren0 [octree.h:498] node count: 308 -> 333 -> 324

2025-03-16 13:36:01 INFO  ren0 [PMMFocalGuidingIntegrator] diverge probability: 0.671

2025-03-16 13:36:01 INFO  ren0 [PMMFocalGuidingIntegrator] iteration postprocessing time: 36.8397s
2025-03-16 13:36:01 INFO  ren0 [PMMFocalGuidingIntegrator] GMM[
weight = 0.367783 mean = [-0.331456 1.3683 5.01536] covariance = [[1.57164 -0.0073801 -0.0937894][-0.0073801 0.836304 0.135427][-0.0937894 0.135427 2.58055]]
weight = 0.268627 mean = [1.74335 1.33 4.32138] covariance = [[0.61192 -0.0225581 0.144491][-0.0225581 0.836976 0.148292][0.144491 0.148292 2.99729]]
weight = 0.36359 mean = [0.197922 1.4979 2.66432] covariance = [[1.52578 -0.0331107 -0.00106899][-0.0331107 0.72352 -0.018572][-0.00106899 -0.018572 1.04684]]
]
2025-03-16 13:36:01 INFO  ren0 [PMMFocalGuidingIntegrator] Octree[
AABB: AABB3[min=[-2.59024, -0.170842, 0.361397], max=[3.15696, 3.22949, 8.19165]]
Nodes count: 176
]
2025-03-16 13:36:01 INFO  ren0 [PMMFocalGuidingIntegrator] Octree[
AABB: AABB3[min=[-2.59024, -0.170842, 0.361397], max=[3.15696, 3.22949, 8.19165]]
Nodes count: 324
]
2025-03-16 13:36:01 INFO  ren0 [PMMFocalGuidingIntegrator] Rendering 5 iteration
2025-03-16 13:36:01 INFO  ren0 [SamplingIntegrator] Starting render job (1280x720, 4 samples, 8 cores, SSE2 enabled) ..
2025-03-16 13:38:12 INFO  ren0 [PMMFocalGuidingIntegrator] iteration render time: 2.1822m
2025-03-16 13:38:13 INFO  ren0 [PMMFocalGuidingIntegrator] Got 386945 non-zero samples and 0 zero samples
2025-03-16 13:38:51 INFO  ren0 [gaussian_mixture_model.h:126] Components accumulated weight is: 1.000000
2025-03-16 13:38:51 INFO  ren0 [gaussian_mixture_model.h:173] exp(-dist) between 2 and 4 is 0.559479
2025-03-16 13:38:51 INFO  ren0 [gaussian_mixture_model.h:173] exp(-dist) between 2 and 5 is 0.648068
2025-03-16 13:38:51 INFO  ren0 [gaussian_mixture_model.h:173] exp(-dist) between 4 and 5 is 0.579359
2025-03-16 13:38:51 INFO  ren0 [gaussian_mixture_model.h:180] components before the merge: 3
2025-03-16 13:38:51 INFO  ren0 [gaussian_mixture_model.h:183] Merging 5 and 2, because their BC is 0.648068
2025-03-16 13:38:51 INFO  ren0 [gaussian_mixture_model.h:183] Merging 5 and 2, because their BC is 0.648068
2025-03-16 13:38:51 INFO  ren0 [gaussian_mixture_model.h:183] Merging 5 and 2, because their BC is 0.648068
2025-03-16 13:38:51 INFO  ren0 [gaussian_mixture_model.h:183] Merging 5 and 2, because their BC is 0.648068
2025-03-16 13:38:51 INFO  ren0 [gaussian_mixture_model.h:183] Merging 5 and 2, because their BC is 0.648068
2025-03-16 13:38:51 INFO  ren0 [gaussian_mixture_model.h:183] Merging 5 and 2, because their BC is 0.648068
2025-03-16 13:38:51 INFO  ren0 [gaussian_mixture_model.h:183] Merging 5 and 2, because their BC is 0.648068
2025-03-16 13:38:51 INFO  ren0 [gaussian_mixture_model.h:183] Merging 5 and 2, because their BC is 0.648068
2025-03-16 13:38:51 INFO  ren0 [gaussian_mixture_model.h:183] Merging 5 and 2, because their BC is 0.648068
2025-03-16 13:38:51 INFO  ren0 [gaussian_mixture_model.h:183] Merging 5 and 2, because their BC is 0.648068
2025-03-16 13:38:51 INFO  ren0 [gaussian_mixture_model.h:200] components after the merge: 3, merged 10 component
2025-03-16 13:38:51 INFO  ren0 [gaussian_mixture_model.h:237] Ratio is 3.196201
2025-03-16 13:38:51 INFO  ren0 [gaussian_mixture_model.h:237] Ratio is 5.185347
2025-03-16 13:38:51 INFO  ren0 [gaussian_mixture_model.h:237] Ratio is 2.117352
2025-03-16 13:38:51 INFO  ren0 [gaussian_mixture_model.h:218] components after the split: 3, split 0 components
2025-03-16 13:38:51 INFO  ren0 [octree.h:482] root weight: 9.326e+04 (93263.851562)
2025-03-16 13:38:51 INFO  ren0 [octree.h:483] splitting threshold: 9.326e+01 (93.263855)
2025-03-16 13:38:51 INFO  ren0 [octree.h:482] root weight: 2.242e+05 (224220.859375)
2025-03-16 13:38:51 INFO  ren0 [octree.h:483] splitting threshold: 2.242e+02 (224.220871)
2025-03-16 13:38:51 INFO  ren0 [octree.h:498] node count: 176 -> 183 -> 159

2025-03-16 13:38:51 INFO  ren0 [octree.h:498] node count: 324 -> 380 -> 362

2025-03-16 13:38:51 INFO  ren0 [PMMFocalGuidingIntegrator] diverge probability: 0.706

2025-03-16 13:38:51 INFO  ren0 [PMMFocalGuidingIntegrator] iteration postprocessing time: 39.1452s
2025-03-16 13:38:51 INFO  ren0 [PMMFocalGuidingIntegrator] GMM[
weight = 0.359859 mean = [-0.33524 1.35931 4.96353] covariance = [[1.53691 0.00776876 -0.126727][0.00776876 0.831346 0.144205][-0.126727 0.144205 2.59184]]
weight = 0.266925 mean = [1.7329 1.30572 4.32138] covariance = [[0.596922 -0.0282757 0.148037][-0.0282757 0.827047 0.141971][0.148037 0.141971 3.00028]]
weight = 0.373216 mean = [0.219596 1.51148 2.71989] covariance = [[1.47368 -0.0272519 0.00882127][-0.0272519 0.697725 -0.00892286][0.00882127 -0.00892286 1.01601]]
]
2025-03-16 13:38:51 INFO  ren0 [PMMFocalGuidingIntegrator] Octree[
AABB: AABB3[min=[-2.59024, -0.170842, 0.361397], max=[3.15696, 3.22949, 8.19165]]
Nodes count: 159
]
2025-03-16 13:38:51 INFO  ren0 [PMMFocalGuidingIntegrator] Octree[
AABB: AABB3[min=[-2.59024, -0.170842, 0.361397], max=[3.15696, 3.22949, 8.19165]]
Nodes count: 362
]
2025-03-16 13:38:51 INFO  ren0 [PMMFocalGuidingIntegrator] Rendering 6 iteration
2025-03-16 13:38:51 INFO  ren0 [SamplingIntegrator] Starting render job (1280x720, 4 samples, 8 cores, SSE2 enabled) ..
2025-03-16 13:40:49 INFO  ren0 [PMMFocalGuidingIntegrator] iteration render time: 1.9598m
2025-03-16 13:40:50 INFO  ren0 [PMMFocalGuidingIntegrator] Got 414889 non-zero samples and 0 zero samples
2025-03-16 13:41:32 INFO  ren0 [gaussian_mixture_model.h:126] Components accumulated weight is: 1.000000
2025-03-16 13:41:32 INFO  ren0 [gaussian_mixture_model.h:173] exp(-dist) between 2 and 4 is 0.557772
2025-03-16 13:41:32 INFO  ren0 [gaussian_mixture_model.h:173] exp(-dist) between 2 and 5 is 0.660509
2025-03-16 13:41:32 INFO  ren0 [gaussian_mixture_model.h:173] exp(-dist) between 4 and 5 is 0.583736
2025-03-16 13:41:32 INFO  ren0 [gaussian_mixture_model.h:180] components before the merge: 3
2025-03-16 13:41:32 INFO  ren0 [gaussian_mixture_model.h:183] Merging 5 and 2, because their BC is 0.660509
2025-03-16 13:41:32 INFO  ren0 [gaussian_mixture_model.h:183] Merging 5 and 2, because their BC is 0.660509
2025-03-16 13:41:32 INFO  ren0 [gaussian_mixture_model.h:183] Merging 5 and 2, because their BC is 0.660509
2025-03-16 13:41:32 INFO  ren0 [gaussian_mixture_model.h:183] Merging 5 and 2, because their BC is 0.660509
2025-03-16 13:41:32 INFO  ren0 [gaussian_mixture_model.h:183] Merging 5 and 2, because their BC is 0.660509
2025-03-16 13:41:32 INFO  ren0 [gaussian_mixture_model.h:183] Merging 5 and 2, because their BC is 0.660509
2025-03-16 13:41:32 INFO  ren0 [gaussian_mixture_model.h:183] Merging 5 and 2, because their BC is 0.660509
2025-03-16 13:41:32 INFO  ren0 [gaussian_mixture_model.h:183] Merging 5 and 2, because their BC is 0.660509
2025-03-16 13:41:32 INFO  ren0 [gaussian_mixture_model.h:183] Merging 5 and 2, because their BC is 0.660509
2025-03-16 13:41:32 INFO  ren0 [gaussian_mixture_model.h:183] Merging 5 and 2, because their BC is 0.660509
2025-03-16 13:41:32 INFO  ren0 [gaussian_mixture_model.h:200] components after the merge: 3, merged 10 component
2025-03-16 13:41:32 INFO  ren0 [gaussian_mixture_model.h:237] Ratio is 3.242522
2025-03-16 13:41:32 INFO  ren0 [gaussian_mixture_model.h:237] Ratio is 5.293460
2025-03-16 13:41:32 INFO  ren0 [gaussian_mixture_model.h:237] Ratio is 2.115561
2025-03-16 13:41:32 INFO  ren0 [gaussian_mixture_model.h:218] components after the split: 3, split 0 components
2025-03-16 13:41:32 INFO  ren0 [octree.h:482] root weight: 7.700e+04 (76999.890625)
2025-03-16 13:41:32 INFO  ren0 [octree.h:483] splitting threshold: 7.700e+01 (76.999893)
2025-03-16 13:41:32 INFO  ren0 [octree.h:482] root weight: 2.197e+05 (219704.109375)
2025-03-16 13:41:32 INFO  ren0 [octree.h:483] splitting threshold: 2.197e+02 (219.704117)
2025-03-16 13:41:32 INFO  ren0 [octree.h:498] node count: 159 -> 161 -> 151

2025-03-16 13:41:32 INFO  ren0 [octree.h:498] node count: 362 -> 390 -> 374

2025-03-16 13:41:32 INFO  ren0 [PMMFocalGuidingIntegrator] diverge probability: 0.740

2025-03-16 13:41:32 INFO  ren0 [PMMFocalGuidingIntegrator] iteration postprocessing time: 42.7515s
2025-03-16 13:41:32 INFO  ren0 [PMMFocalGuidingIntegrator] GMM[
weight = 0.352315 mean = [-0.339015 1.35013 4.91621] covariance = [[1.509 0.0211444 -0.155511][0.0211444 0.826874 0.152184][-0.155511 0.152184 2.59969]]
weight = 0.264828 mean = [1.72366 1.2827 4.32059] covariance = [[0.587326 -0.0326707 0.149389][-0.0326707 0.817917 0.139872][0.149389 0.139872 3.00494]]
weight = 0.382857 mean = [0.240748 1.52515 2.76966] covariance = [[1.42312 -0.0234156 0.0158751][-0.0234156 0.67409 -0.00430186][0.0158751 -0.00430186 0.986843]]
]
2025-03-16 13:41:32 INFO  ren0 [PMMFocalGuidingIntegrator] Octree[
AABB: AABB3[min=[-2.59024, -0.170842, 0.361397], max=[3.15696, 3.22949, 8.19165]]
Nodes count: 151
]
2025-03-16 13:41:32 INFO  ren0 [PMMFocalGuidingIntegrator] Octree[
AABB: AABB3[min=[-2.59024, -0.170842, 0.361397], max=[3.15696, 3.22949, 8.19165]]
Nodes count: 374
]
2025-03-16 13:41:32 INFO  ren0 [PMMFocalGuidingIntegrator] Rendering 7 iteration
2025-03-16 13:41:32 INFO  ren0 [SamplingIntegrator] Starting render job (1280x720, 4 samples, 8 cores, SSE2 enabled) ..
2025-03-16 13:43:22 INFO  ren0 [PMMFocalGuidingIntegrator] iteration render time: 1.8383m
2025-03-16 13:43:22 INFO  ren0 [PMMFocalGuidingIntegrator] Got 444893 non-zero samples and 0 zero samples
2025-03-16 13:44:14 INFO  ren0 [gaussian_mixture_model.h:126] Components accumulated weight is: 1.000000
2025-03-16 13:44:14 INFO  ren0 [gaussian_mixture_model.h:173] exp(-dist) between 2 and 4 is 0.557544
2025-03-16 13:44:14 INFO  ren0 [gaussian_mixture_model.h:173] exp(-dist) between 2 and 5 is 0.670800
2025-03-16 13:44:14 INFO  ren0 [gaussian_mixture_model.h:173] exp(-dist) between 4 and 5 is 0.587853
2025-03-16 13:44:14 INFO  ren0 [gaussian_mixture_model.h:180] components before the merge: 3
2025-03-16 13:44:14 INFO  ren0 [gaussian_mixture_model.h:183] Merging 5 and 2, because their BC is 0.670800
2025-03-16 13:44:14 INFO  ren0 [gaussian_mixture_model.h:183] Merging 5 and 2, because their BC is 0.670800
2025-03-16 13:44:14 INFO  ren0 [gaussian_mixture_model.h:183] Merging 5 and 2, because their BC is 0.670800
2025-03-16 13:44:14 INFO  ren0 [gaussian_mixture_model.h:183] Merging 5 and 2, because their BC is 0.670800
2025-03-16 13:44:14 INFO  ren0 [gaussian_mixture_model.h:183] Merging 5 and 2, because their BC is 0.670800
2025-03-16 13:44:14 INFO  ren0 [gaussian_mixture_model.h:183] Merging 5 and 2, because their BC is 0.670800
2025-03-16 13:44:14 INFO  ren0 [gaussian_mixture_model.h:183] Merging 5 and 2, because their BC is 0.670800
2025-03-16 13:44:14 INFO  ren0 [gaussian_mixture_model.h:183] Merging 5 and 2, because their BC is 0.670800
2025-03-16 13:44:14 INFO  ren0 [gaussian_mixture_model.h:183] Merging 5 and 2, because their BC is 0.670800
2025-03-16 13:44:14 INFO  ren0 [gaussian_mixture_model.h:183] Merging 5 and 2, because their BC is 0.670800
2025-03-16 13:44:14 INFO  ren0 [gaussian_mixture_model.h:200] components after the merge: 3, merged 10 component
2025-03-16 13:44:14 INFO  ren0 [gaussian_mixture_model.h:237] Ratio is 3.291190
2025-03-16 13:44:14 INFO  ren0 [gaussian_mixture_model.h:237] Ratio is 5.368194
2025-03-16 13:44:14 INFO  ren0 [gaussian_mixture_model.h:237] Ratio is 2.111172
2025-03-16 13:44:14 INFO  ren0 [gaussian_mixture_model.h:218] components after the split: 3, split 0 components
2025-03-16 13:44:14 INFO  ren0 [octree.h:482] root weight: 7.041e+04 (70413.125000)
2025-03-16 13:44:14 INFO  ren0 [octree.h:483] splitting threshold: 7.041e+01 (70.413132)
2025-03-16 13:44:14 INFO  ren0 [octree.h:482] root weight: 2.331e+05 (233140.046875)
2025-03-16 13:44:14 INFO  ren0 [octree.h:483] splitting threshold: 2.331e+02 (233.140060)
2025-03-16 13:44:14 INFO  ren0 [octree.h:498] node count: 151 -> 153 -> 142

2025-03-16 13:44:14 INFO  ren0 [octree.h:498] node count: 374 -> 389 -> 385

2025-03-16 13:44:14 INFO  ren0 [PMMFocalGuidingIntegrator] diverge probability: 0.768

2025-03-16 13:44:14 INFO  ren0 [PMMFocalGuidingIntegrator] iteration postprocessing time: 51.9981s
2025-03-16 13:44:14 INFO  ren0 [PMMFocalGuidingIntegrator] GMM[
weight = 0.344654 mean = [-0.339869 1.34117 4.87217] covariance = [[1.48642 0.0328021 -0.181898][0.0328021 0.822232 0.158847][-0.181898 0.158847 2.60678]]
weight = 0.26279 mean = [1.71392 1.25957 4.3184] covariance = [[0.580173 -0.037436 0.148487][-0.037436 0.808823 0.139062][0.148487 0.139062 3.00103]]
weight = 0.392556 mean = [0.262377 1.53917 2.81619] covariance = [[1.37144 -0.020602 0.0229624][-0.020602 0.651094 -0.00247651][0.0229624 -0.00247651 0.957674]]
]
2025-03-16 13:44:14 INFO  ren0 [PMMFocalGuidingIntegrator] Octree[
AABB: AABB3[min=[-2.59024, -0.170842, 0.361397], max=[3.15696, 3.22949, 8.19165]]
Nodes count: 142
]
2025-03-16 13:44:14 INFO  ren0 [PMMFocalGuidingIntegrator] Octree[
AABB: AABB3[min=[-2.59024, -0.170842, 0.361397], max=[3.15696, 3.22949, 8.19165]]
Nodes count: 385
]
2025-03-16 13:44:14 INFO  ren0 [PMMFocalGuidingIntegrator] Finished training phase. Starting real rendering.
2025-03-16 13:44:14 INFO  ren0 [PMMFocalGuidingIntegrator] final guiding field written to ../scenes/living-room/final_gmm.serialized
2025-03-16 13:44:14 INFO  ren0 [PMMFocalGuidingIntegrator] Starting render job (1280x720, 4 samples, 8 cores, SSE2 enabled) ..
2025-03-16 13:46:05 INFO  ren0 [PMMFocalGuidingIntegrator] rendered 4 samples per pixel in 1.8484m.
2025-03-16 13:46:05 INFO  ren0 [RenderJob] Render time: 24.5470m
2025-03-16 13:46:05 INFO  ren0 [PMMFocalGuidingIntegrator] iteration render time: 1.8484m
2025-03-16 13:46:05 INFO  ren0 [PMMFocalGuidingIntegrator] GMM[
weight = 0.344654 mean = [-0.339869 1.34117 4.87217] covariance = [[1.48642 0.0328021 -0.181898][0.0328021 0.822232 0.158847][-0.181898 0.158847 2.60678]]
weight = 0.26279 mean = [1.71392 1.25957 4.3184] covariance = [[0.580173 -0.037436 0.148487][-0.037436 0.808823 0.139062][0.148487 0.139062 3.00103]]
weight = 0.392556 mean = [0.262377 1.53917 2.81619] covariance = [[1.37144 -0.020602 0.0229624][-0.020602 0.651094 -0.00247651][0.0229624 -0.00247651 0.957674]]
]
2025-03-16 13:46:05 INFO  ren0 [HDRFilm] Writing image to "/home/julia/PBRT/PMM_focal_guiding/mitsuba/dist/../../scenes/living-room/living-room.exr" ..
2025-03-16 13:46:05 INFO  main [statistics.cpp:142] Statistics:
------------------------------------------------------------
 * Loaded plugins :
    -  plugins/bitmap.so [Bitmap texture]
    -  plugins/box.so [Box filter]
    -  plugins/conductor.so [Smooth conductor]
    -  plugins/dielectric.so [Smooth dielectric BSDF]
    -  plugins/diffuse.so [Smooth diffuse BRDF]
    -  plugins/hdrfilm.so [High dynamic range film]
    -  plugins/independent.so [Independent sampler]
    -  plugins/lanczos.so [Lanczos Sinc filter]
    -  plugins/mask.so [Mask BSDF]
    -  plugins/obj.so [OBJ triangle mesh loader]
    -  plugins/perspective.so [Perspective camera]
    -  plugins/plastic.so [Smooth plastic BRDF]
    -  plugins/ply.so [PLY mesh loader]
    -  plugins/pmm_focal_guiding.so [PMM focal guiding path tracer]
    -  plugins/rectangle.so [Rectangle intersection primitive]
    -  plugins/roughconductor.so [Rough conductor BRDF]
    -  plugins/roughdielectric.so [Rough dielectric BSDF]
    -  plugins/roughplastic.so [Rough plastic BRDF]
    -  plugins/spot.so [Spot light]
    -  plugins/thindielectric.so [Thin dielectric BSDF]
    -  plugins/twosided.so [Two-sided BRDF adapter]

  * General :
    -  Normal rays traced : 9.940 M
    -  Shadow rays traced : 9.624 M

  * Path tracer :
    -  Average path length : 2.68 (9.87 M / 3.69 M)
    -  Sampled from Converging : 1.116 M
    -  Sampled from Diverging : 3.698 M
    -  Sampled from GMM : 4.814 M

  * Texture system :
    -  Filtered texture lookups : 17.18 % (166.49 K of 969.28 K)
------------------------------------------------------------
