2025-03-16 12:13:08 INFO  main [mitsuba.cpp:274] Mitsuba version 0.6.0 (Linux, 64 bit), Copyright (c) 2017 Wenzel Jakob
2025-03-16 12:13:08 INFO  main [mitsuba.cpp:377] Parsing scene description from "../../scenes/living-room/living-room.xml" ..
2025-03-16 12:13:08 INFO  main [scenehandler.cpp:675] In file "/home/julia/PBRT/PMM_focal_guiding/mitsuba/dist/../../scenes/living-room/living-room.xml" (near line 17): Parsing included file "pmm_focal_guiding.xml" ..
2025-03-16 12:13:08 INFO  main [PluginManager] Loading plugin "plugins/pmm_focal_guiding.so" ..
2025-03-16 12:13:08 INFO  main [octree.h:482] root weight: 8.000e-20 (0.000000)
2025-03-16 12:13:08 INFO  main [octree.h:483] splitting threshold: 8.000e-23 (0.000000)
2025-03-16 12:13:08 INFO  main [octree.h:498] node count: 1 -> 585 -> 585

2025-03-16 12:13:08 INFO  main [octree.h:482] root weight: 8.000e-20 (0.000000)
2025-03-16 12:13:08 INFO  main [octree.h:483] splitting threshold: 8.000e-23 (0.000000)
2025-03-16 12:13:08 INFO  main [octree.h:498] node count: 1 -> 585 -> 585

2025-03-16 12:13:08 INFO  main [PMMFocalGuidingIntegrator] Saving to: ../scenes/living-room/
2025-03-16 12:13:08 INFO  main [PMMFocalGuidingIntegrator] GMM params: alpha = 0.250000, split_th = 4.000000, merge_th = 0.500000, min_num_comp = 3, max_num_comp = 10
2025-03-16 12:13:08 INFO  main [PMMFocalGuidingIntegrator] iterationCount: 8
2025-03-16 12:13:08 INFO  main [PMMFocalGuidingIntegrator] PMMFocalGuidingIntegrator
  maxDepth = 40,
  rrDepth = 14,
  strictNormals = 1
  gmm = GMM[
]
]
2025-03-16 12:13:08 WARN  main [scenehandler.cpp:795] In file "/home/julia/PBRT/PMM_focal_guiding/mitsuba/dist/../../scenes/living-room/../_integrators/pmm_focal_guiding.xml" (near line 49): Unqueried attribute "budget" in element "integrator"
2025-03-16 12:13:08 WARN  main [scenehandler.cpp:795] In file "/home/julia/PBRT/PMM_focal_guiding/mitsuba/dist/../../scenes/living-room/../_integrators/pmm_focal_guiding.xml" (near line 49): Unqueried attribute "dumpPrimaryRays" in element "integrator"
2025-03-16 12:13:08 WARN  main [scenehandler.cpp:795] In file "/home/julia/PBRT/PMM_focal_guiding/mitsuba/dist/../../scenes/living-room/../_integrators/pmm_focal_guiding.xml" (near line 49): Unqueried attribute "dumpScene" in element "integrator"
2025-03-16 12:13:08 WARN  main [scenehandler.cpp:795] In file "/home/julia/PBRT/PMM_focal_guiding/mitsuba/dist/../../scenes/living-room/../_integrators/pmm_focal_guiding.xml" (near line 49): Unqueried attribute "normalBinning" in element "integrator"
2025-03-16 12:13:08 WARN  main [scenehandler.cpp:795] In file "/home/julia/PBRT/PMM_focal_guiding/mitsuba/dist/../../scenes/living-room/../_integrators/pmm_focal_guiding.xml" (near line 49): Unqueried attribute "samplingMode" in element "integrator"
2025-03-16 12:13:08 WARN  main [scenehandler.cpp:795] In file "/home/julia/PBRT/PMM_focal_guiding/mitsuba/dist/../../scenes/living-room/../_integrators/pmm_focal_guiding.xml" (near line 49): Unqueried attribute "unboundedSplatting" in element "integrator"
2025-03-16 12:13:08 INFO  main [PluginManager] Loading plugin "plugins/independent.so" ..
2025-03-16 12:13:08 INFO  main [PluginManager] Loading plugin "plugins/box.so" ..
2025-03-16 12:13:08 INFO  main [PluginManager] Loading plugin "plugins/hdrfilm.so" ..
2025-03-16 12:13:08 INFO  main [PluginManager] Loading plugin "plugins/perspective.so" ..
2025-03-16 12:13:08 INFO  main [PluginManager] Loading plugin "plugins/bitmap.so" ..
2025-03-16 12:13:08 INFO  main [BitmapTexture] Loading texture "radio-dial-idea.jpg"
2025-03-16 12:13:08 INFO  main [PluginManager] Loading plugin "plugins/lanczos.so" ..
2025-03-16 12:13:08 INFO  main [PluginManager] Loading plugin "plugins/diffuse.so" ..
2025-03-16 12:13:08 INFO  main [PluginManager] Loading plugin "plugins/twosided.so" ..
2025-03-16 12:13:08 INFO  main [BitmapTexture] Loading texture "wood4.jpg"
2025-03-16 12:13:08 INFO  main [MIPMap] Mapped MIP map cache file "/home/julia/PBRT/PMM_focal_guiding/mitsuba/dist/../../scenes/living-room/textures/wood4.mip" into memory (14.3 MiB).
2025-03-16 12:13:08 INFO  main [PluginManager] Loading plugin "plugins/roughplastic.so" ..
2025-03-16 12:13:08 INFO  main [BitmapTexture] Loading texture "cushion-purple-yellow-stripe.jpg"
2025-03-16 12:13:08 INFO  main [BitmapTexture] Loading texture "cushion-green-circles.jpg"
2025-03-16 12:13:08 INFO  main [BitmapTexture] Loading texture "cushion-stripe-purple.jpg"
2025-03-16 12:13:08 INFO  main [BitmapTexture] Loading texture "shade-stripes.jpg"
2025-03-16 12:13:09 INFO  main [PluginManager] Loading plugin "plugins/plastic.so" ..
2025-03-16 12:13:09 INFO  main [BitmapTexture] Loading texture "apple.jpg"
2025-03-16 12:13:09 INFO  main [BitmapTexture] Loading texture "book-spines.jpg"
2025-03-16 12:13:09 INFO  main [MIPMap] Mapped MIP map cache file "/home/julia/PBRT/PMM_focal_guiding/mitsuba/dist/../../scenes/living-room/textures/book-spines.mip" into memory (11.7 MiB).
2025-03-16 12:13:09 INFO  main [PluginManager] Loading plugin "plugins/roughdielectric.so" ..
2025-03-16 12:13:09 INFO  main [PluginManager] Loading plugin "plugins/dielectric.so" ..
2025-03-16 12:13:09 INFO  main [PluginManager] Loading plugin "plugins/roughconductor.so" ..
2025-03-16 12:13:09 INFO  main [spectrum.cpp:599] "Cu.eta.spd": loaded a spectral power distribution with 55 entries (between 302.400421 and 885.601257 nm)
2025-03-16 12:13:09 INFO  main [spectrum.cpp:599] "Cu.k.spd": loaded a spectral power distribution with 55 entries (between 302.400421 and 885.601257 nm)
2025-03-16 12:13:09 INFO  main [BitmapTexture] Loading texture "Shade-paper.jpg"
2025-03-16 12:13:09 INFO  main [PluginManager] Loading plugin "plugins/mask.so" ..
2025-03-16 12:13:09 INFO  main [BitmapTexture] Loading texture "carpet-text3b.jpg"
2025-03-16 12:13:09 INFO  main [BitmapTexture] Loading texture "picture11-vert.jpg"
2025-03-16 12:13:09 INFO  main [MIPMap] Mapped MIP map cache file "/home/julia/PBRT/PMM_focal_guiding/mitsuba/dist/../../scenes/living-room/textures/picture11-vert.mip" into memory (18.8 MiB).
2025-03-16 12:13:09 INFO  main [BitmapTexture] Loading texture "Frame.jpg"
2025-03-16 12:13:09 INFO  main [BitmapTexture] Loading texture "Frame.jpg"
2025-03-16 12:13:10 INFO  main [BitmapTexture] Loading texture "Frame.jpg"
2025-03-16 12:13:10 INFO  main [BitmapTexture] Loading texture "Frame.jpg"
2025-03-16 12:13:10 INFO  main [BitmapTexture] Loading texture "picure4-grey.jpg"
2025-03-16 12:13:10 INFO  main [MIPMap] Mapped MIP map cache file "/home/julia/PBRT/PMM_focal_guiding/mitsuba/dist/../../scenes/living-room/textures/picure4-grey.mip" into memory (15.8 MiB).
2025-03-16 12:13:10 INFO  main [spectrum.cpp:599] "Cu.eta.spd": loaded a spectral power distribution with 55 entries (between 302.400421 and 885.601257 nm)
2025-03-16 12:13:10 INFO  main [spectrum.cpp:599] "Cu.k.spd": loaded a spectral power distribution with 55 entries (between 302.400421 and 885.601257 nm)
2025-03-16 12:13:10 INFO  main [PluginManager] Loading plugin "plugins/thindielectric.so" ..
2025-03-16 12:13:10 INFO  main [PluginManager] Loading plugin "plugins/conductor.so" ..
2025-03-16 12:13:10 INFO  main [spectrum.cpp:599] "Cu.eta.spd": loaded a spectral power distribution with 55 entries (between 302.400421 and 885.601257 nm)
2025-03-16 12:13:10 INFO  main [spectrum.cpp:599] "Cu.k.spd": loaded a spectral power distribution with 55 entries (between 302.400421 and 885.601257 nm)
2025-03-16 12:13:10 INFO  main [spectrum.cpp:599] "Cu.eta.spd": loaded a spectral power distribution with 55 entries (between 302.400421 and 885.601257 nm)
2025-03-16 12:13:10 INFO  main [spectrum.cpp:599] "Cu.k.spd": loaded a spectral power distribution with 55 entries (between 302.400421 and 885.601257 nm)
2025-03-16 12:13:10 INFO  main [spectrum.cpp:599] "Cu.eta.spd": loaded a spectral power distribution with 55 entries (between 302.400421 and 885.601257 nm)
2025-03-16 12:13:10 INFO  main [spectrum.cpp:599] "Cu.k.spd": loaded a spectral power distribution with 55 entries (between 302.400421 and 885.601257 nm)
2025-03-16 12:13:10 INFO  main [spectrum.cpp:599] "Cu.eta.spd": loaded a spectral power distribution with 55 entries (between 302.400421 and 885.601257 nm)
2025-03-16 12:13:10 INFO  main [spectrum.cpp:599] "Cu.k.spd": loaded a spectral power distribution with 55 entries (between 302.400421 and 885.601257 nm)
2025-03-16 12:13:10 INFO  main [BitmapTexture] Loading texture "radio-dial-idea.jpg"
2025-03-16 12:13:10 INFO  main [spectrum.cpp:599] "Cu.eta.spd": loaded a spectral power distribution with 55 entries (between 302.400421 and 885.601257 nm)
2025-03-16 12:13:10 INFO  main [spectrum.cpp:599] "Cu.k.spd": loaded a spectral power distribution with 55 entries (between 302.400421 and 885.601257 nm)
2025-03-16 12:13:10 INFO  main [PluginManager] Loading plugin "plugins/spot.so" ..
2025-03-16 12:13:10 INFO  main [PluginManager] Loading plugin "plugins/ply.so" ..
2025-03-16 12:13:10 INFO  main [PLYLoader] Loading geometry from "Emitter.ply" ..
2025-03-16 12:13:10 INFO  main [PLYLoader] "Emitter": Loaded 1376 triangles, 758 vertices (39.8 KiB in 7 ms).
2025-03-16 12:13:10 INFO  main [PLYLoader] Loading geometry from "Emitter_001.ply" ..
2025-03-16 12:13:10 INFO  main [PLYLoader] "Emitter_001": Loaded 1376 triangles, 758 vertices (39.8 KiB in 3 ms).
2025-03-16 12:13:10 INFO  main [PLYLoader] Loading geometry from "Emitter_002.ply" ..
2025-03-16 12:13:10 INFO  main [PLYLoader] "Emitter_002": Loaded 1376 triangles, 758 vertices (39.8 KiB in 2 ms).
2025-03-16 12:13:10 INFO  main [PLYLoader] Loading geometry from "Emitter_004.ply" ..
2025-03-16 12:13:10 INFO  main [PLYLoader] "Emitter_004": Loaded 1376 triangles, 758 vertices (39.8 KiB in 2 ms).
2025-03-16 12:13:10 INFO  main [PLYLoader] Loading geometry from "Emitter_003.ply" ..
2025-03-16 12:13:10 INFO  main [PLYLoader] "Emitter_003": Loaded 1376 triangles, 758 vertices (39.8 KiB in 2 ms).
2025-03-16 12:13:10 INFO  main [PluginManager] Loading plugin "plugins/obj.so" ..
2025-03-16 12:13:10 INFO  main [WavefrontOBJ] Loading geometry from "Mesh138.obj" ..
2025-03-16 12:13:10 INFO  main [WavefrontOBJ] Mesh138: 896 triangles, 464 vertices (merged 2224 vertices).
2025-03-16 12:13:10 INFO  main [WavefrontOBJ] Done with "Mesh138.obj" (took 6 ms)
2025-03-16 12:13:10 INFO  main [PluginManager] Loading plugin "plugins/rectangle.so" ..
2025-03-16 12:13:10 INFO  main [WavefrontOBJ] Loading geometry from "Mesh113.obj" ..
2025-03-16 12:13:10 INFO  main [WavefrontOBJ] Mesh113: 1104 triangles, 554 vertices (merged 2758 vertices).
2025-03-16 12:13:10 INFO  main [WavefrontOBJ] Done with "Mesh113.obj" (took 7 ms)
2025-03-16 12:13:10 INFO  main [WavefrontOBJ] Loading geometry from "Mesh087.obj" ..
2025-03-16 12:13:10 INFO  main [WavefrontOBJ] Mesh087: 1200 triangles, 602 vertices (merged 2998 vertices).
2025-03-16 12:13:10 INFO  main [WavefrontOBJ] Done with "Mesh087.obj" (took 7 ms)
2025-03-16 12:13:10 INFO  main [WavefrontOBJ] Loading geometry from "Mesh110.obj" ..
2025-03-16 12:13:10 INFO  main [WavefrontOBJ] Mesh110: 1296 triangles, 650 vertices (merged 3238 vertices).
2025-03-16 12:13:10 INFO  main [WavefrontOBJ] Done with "Mesh110.obj" (took 9 ms)
2025-03-16 12:13:10 INFO  main [WavefrontOBJ] Loading geometry from "Mesh128.obj" ..
2025-03-16 12:13:10 INFO  main [WavefrontOBJ] Mesh128: 76 triangles, 126 vertices (merged 102 vertices).
2025-03-16 12:13:10 INFO  main [WavefrontOBJ] Done with "Mesh128.obj" (took 1 ms)
2025-03-16 12:13:10 INFO  main [WavefrontOBJ] Loading geometry from "Mesh095.obj" ..
2025-03-16 12:13:10 INFO  main [WavefrontOBJ] Mesh095: 768 triangles, 429 vertices (merged 1875 vertices).
2025-03-16 12:13:10 INFO  main [WavefrontOBJ] Done with "Mesh095.obj" (took 5 ms)
2025-03-16 12:13:10 INFO  main [WavefrontOBJ] Loading geometry from "Mesh076.obj" ..
2025-03-16 12:13:10 INFO  main [WavefrontOBJ] Mesh076: 1248 triangles, 682 vertices (merged 3062 vertices).
2025-03-16 12:13:10 INFO  main [WavefrontOBJ] Done with "Mesh076.obj" (took 9 ms)
2025-03-16 12:13:10 INFO  main [WavefrontOBJ] Loading geometry from "Mesh108.obj" ..
2025-03-16 12:13:10 INFO  main [WavefrontOBJ] Mesh108: 1248 triangles, 682 vertices (merged 3062 vertices).
2025-03-16 12:13:10 INFO  main [WavefrontOBJ] Done with "Mesh108.obj" (took 10 ms)
2025-03-16 12:13:10 INFO  main [WavefrontOBJ] Loading geometry from "Mesh080.obj" ..
2025-03-16 12:13:10 INFO  main [WavefrontOBJ] Mesh080: 1248 triangles, 682 vertices (merged 3062 vertices).
2025-03-16 12:13:10 INFO  main [WavefrontOBJ] Done with "Mesh080.obj" (took 9 ms)
2025-03-16 12:13:10 INFO  main [WavefrontOBJ] Loading geometry from "Mesh166.obj" ..
2025-03-16 12:13:10 INFO  main [WavefrontOBJ] Mesh166: 1248 triangles, 682 vertices (merged 3062 vertices).
2025-03-16 12:13:10 INFO  main [WavefrontOBJ] Done with "Mesh166.obj" (took 9 ms)
2025-03-16 12:13:10 INFO  main [WavefrontOBJ] Loading geometry from "Mesh088.obj" ..
2025-03-16 12:13:10 INFO  main [WavefrontOBJ] Mesh088: 4224 triangles, 2114 vertices (merged 10558 vertices).
2025-03-16 12:13:10 INFO  main [WavefrontOBJ] Done with "Mesh088.obj" (took 30 ms)
2025-03-16 12:13:10 INFO  main [WavefrontOBJ] Loading geometry from "Mesh059.obj" ..
2025-03-16 12:13:10 INFO  main [WavefrontOBJ] Mesh059: 16 triangles, 20 vertices (merged 28 vertices).
2025-03-16 12:13:10 INFO  main [WavefrontOBJ] Done with "Mesh059.obj" (took 0 ms)
2025-03-16 12:13:10 INFO  main [WavefrontOBJ] Loading geometry from "Mesh073.obj" ..
2025-03-16 12:13:10 INFO  main [WavefrontOBJ] Mesh073: 44 triangles, 96 vertices (merged 36 vertices).
2025-03-16 12:13:10 INFO  main [WavefrontOBJ] Done with "Mesh073.obj" (took 0 ms)
2025-03-16 12:13:10 INFO  main [WavefrontOBJ] Loading geometry from "Mesh099.obj" ..
2025-03-16 12:13:10 INFO  main [WavefrontOBJ] Mesh099: 44 triangles, 96 vertices (merged 36 vertices).
2025-03-16 12:13:10 INFO  main [WavefrontOBJ] Done with "Mesh099.obj" (took 0 ms)
2025-03-16 12:13:10 INFO  main [WavefrontOBJ] Loading geometry from "Mesh103.obj" ..
2025-03-16 12:13:10 INFO  main [WavefrontOBJ] Mesh103: 44 triangles, 96 vertices (merged 36 vertices).
2025-03-16 12:13:10 INFO  main [WavefrontOBJ] Done with "Mesh103.obj" (took 0 ms)
2025-03-16 12:13:10 INFO  main [WavefrontOBJ] Loading geometry from "Mesh155.obj" ..
2025-03-16 12:13:10 INFO  main [WavefrontOBJ] Mesh155: 44 triangles, 96 vertices (merged 36 vertices).
2025-03-16 12:13:10 INFO  main [WavefrontOBJ] Done with "Mesh155.obj" (took 0 ms)
2025-03-16 12:13:10 INFO  main [WavefrontOBJ] Loading geometry from "Mesh065.obj" ..
2025-03-16 12:13:10 INFO  main [WavefrontOBJ] Mesh065: 44 triangles, 96 vertices (merged 36 vertices).
2025-03-16 12:13:10 INFO  main [WavefrontOBJ] Done with "Mesh065.obj" (took 0 ms)
2025-03-16 12:13:10 INFO  main [WavefrontOBJ] Loading geometry from "Mesh069.obj" ..
2025-03-16 12:13:10 INFO  main [WavefrontOBJ] Mesh069: 736 triangles, 790 vertices (merged 1418 vertices).
2025-03-16 12:13:10 INFO  main [WavefrontOBJ] Done with "Mesh069.obj" (took 9 ms)
2025-03-16 12:13:10 INFO  main [WavefrontOBJ] Loading geometry from "Mesh090.obj" ..
2025-03-16 12:13:10 INFO  main [WavefrontOBJ] Mesh090: 684 triangles, 808 vertices (merged 1244 vertices).
2025-03-16 12:13:10 INFO  main [WavefrontOBJ] Done with "Mesh090.obj" (took 6 ms)
2025-03-16 12:13:10 INFO  main [WavefrontOBJ] Loading geometry from "Mesh063.obj" ..
2025-03-16 12:13:10 INFO  main [WavefrontOBJ] Mesh063: 704 triangles, 704 vertices (merged 1408 vertices).
2025-03-16 12:13:10 INFO  main [WavefrontOBJ] Done with "Mesh063.obj" (took 10 ms)
2025-03-16 12:13:10 INFO  main [WavefrontOBJ] Loading geometry from "Mesh062.obj" ..
2025-03-16 12:13:10 INFO  main [WavefrontOBJ] Mesh062: 844 triangles, 908 vertices (merged 1624 vertices).
2025-03-16 12:13:10 INFO  main [WavefrontOBJ] Done with "Mesh062.obj" (took 9 ms)
2025-03-16 12:13:10 INFO  main [WavefrontOBJ] Loading geometry from "Mesh068.obj" ..
2025-03-16 12:13:10 INFO  main [WavefrontOBJ] Mesh068: 2 triangles, 4 vertices (merged 2 vertices).
2025-03-16 12:13:10 INFO  main [WavefrontOBJ] Done with "Mesh068.obj" (took 0 ms)
2025-03-16 12:13:10 INFO  main [WavefrontOBJ] Loading geometry from "Mesh131.obj" ..
2025-03-16 12:13:10 INFO  main [WavefrontOBJ] Mesh131: 128 triangles, 256 vertices (merged 128 vertices).
2025-03-16 12:13:10 INFO  main [WavefrontOBJ] Done with "Mesh131.obj" (took 1 ms)
2025-03-16 12:13:10 INFO  main [WavefrontOBJ] Loading geometry from "Mesh098.obj" ..
2025-03-16 12:13:10 INFO  main [WavefrontOBJ] Mesh098: 128 triangles, 256 vertices (merged 128 vertices).
2025-03-16 12:13:10 INFO  main [WavefrontOBJ] Done with "Mesh098.obj" (took 1 ms)
2025-03-16 12:13:10 INFO  main [WavefrontOBJ] Loading geometry from "Mesh056.obj" ..
2025-03-16 12:13:10 INFO  main [WavefrontOBJ] Mesh056: 2 triangles, 4 vertices (merged 2 vertices).
2025-03-16 12:13:10 INFO  main [WavefrontOBJ] Done with "Mesh056.obj" (took 0 ms)
2025-03-16 12:13:10 INFO  main [WavefrontOBJ] Loading geometry from "Mesh077.obj" ..
2025-03-16 12:13:10 INFO  main [WavefrontOBJ] Mesh077: 2 triangles, 4 vertices (merged 2 vertices).
2025-03-16 12:13:10 INFO  main [WavefrontOBJ] Done with "Mesh077.obj" (took 0 ms)
2025-03-16 12:13:10 INFO  main [WavefrontOBJ] Loading geometry from "Mesh055.obj" ..
2025-03-16 12:13:10 INFO  main [WavefrontOBJ] Mesh055: 128 triangles, 256 vertices (merged 128 vertices).
2025-03-16 12:13:10 INFO  main [WavefrontOBJ] Done with "Mesh055.obj" (took 2 ms)
2025-03-16 12:13:10 INFO  main [WavefrontOBJ] Loading geometry from "Mesh118.obj" ..
2025-03-16 12:13:10 INFO  main [WavefrontOBJ] Mesh118: 1680 triangles, 898 vertices (merged 4142 vertices).
2025-03-16 12:13:10 INFO  main [WavefrontOBJ] Done with "Mesh118.obj" (took 12 ms)
2025-03-16 12:13:10 INFO  main [WavefrontOBJ] Loading geometry from "Mesh064.obj" ..
2025-03-16 12:13:10 INFO  main [WavefrontOBJ] Mesh064: 512 triangles, 272 vertices (merged 1264 vertices).
2025-03-16 12:13:10 INFO  main [WavefrontOBJ] Done with "Mesh064.obj" (took 3 ms)
2025-03-16 12:13:10 INFO  main [WavefrontOBJ] Loading geometry from "Mesh052.obj" ..
2025-03-16 12:13:10 INFO  main [WavefrontOBJ] Mesh052: 128 triangles, 72 vertices (merged 312 vertices).
2025-03-16 12:13:10 INFO  main [WavefrontOBJ] Done with "Mesh052.obj" (took 0 ms)
2025-03-16 12:13:10 INFO  main [WavefrontOBJ] Loading geometry from "Mesh112.obj" ..
2025-03-16 12:13:10 INFO  main [WavefrontOBJ] Mesh112: 12 triangles, 12 vertices (merged 24 vertices).
2025-03-16 12:13:10 INFO  main [WavefrontOBJ] Done with "Mesh112.obj" (took 0 ms)
2025-03-16 12:13:10 INFO  main [PLYLoader] Loading geometry from "Disco.ply" ..
2025-03-16 12:13:10 INFO  main [PLYLoader] "Disco": Loaded 12736 triangles, 6455 vertices (275.3 KiB in 14 ms).
2025-03-16 12:13:10 INFO  main [WavefrontOBJ] Loading geometry from "Mesh127.obj" ..
2025-03-16 12:13:10 INFO  main [WavefrontOBJ] Mesh127: 128 triangles, 256 vertices (merged 128 vertices).
2025-03-16 12:13:10 INFO  main [WavefrontOBJ] Done with "Mesh127.obj" (took 7 ms)
2025-03-16 12:13:10 INFO  main [WavefrontOBJ] Loading geometry from "Mesh129.obj" ..
2025-03-16 12:13:10 INFO  main [WavefrontOBJ] Mesh129: 2 triangles, 4 vertices (merged 2 vertices).
2025-03-16 12:13:10 INFO  main [WavefrontOBJ] Done with "Mesh129.obj" (took 0 ms)
2025-03-16 12:13:10 INFO  main [WavefrontOBJ] Loading geometry from "Mesh132.obj" ..
2025-03-16 12:13:10 INFO  main [WavefrontOBJ] Mesh132: 28 triangles, 46 vertices (merged 38 vertices).
2025-03-16 12:13:10 INFO  main [WavefrontOBJ] Done with "Mesh132.obj" (took 0 ms)
2025-03-16 12:13:10 INFO  main [WavefrontOBJ] Loading geometry from "Mesh140.obj" ..
2025-03-16 12:13:10 INFO  main [WavefrontOBJ] Mesh140: 28 triangles, 52 vertices (merged 32 vertices).
2025-03-16 12:13:10 INFO  main [WavefrontOBJ] Done with "Mesh140.obj" (took 0 ms)
2025-03-16 12:13:10 INFO  main [WavefrontOBJ] Loading geometry from "Mesh156.obj" ..
2025-03-16 12:13:10 INFO  main [WavefrontOBJ] Mesh156: 28 triangles, 46 vertices (merged 38 vertices).
2025-03-16 12:13:10 INFO  main [WavefrontOBJ] Done with "Mesh156.obj" (took 0 ms)
2025-03-16 12:13:10 INFO  main [WavefrontOBJ] Loading geometry from "Mesh135.obj" ..
2025-03-16 12:13:10 INFO  main [WavefrontOBJ] Mesh135: 28 triangles, 44 vertices (merged 40 vertices).
2025-03-16 12:13:10 INFO  main [WavefrontOBJ] Done with "Mesh135.obj" (took 0 ms)
2025-03-16 12:13:10 INFO  main [WavefrontOBJ] Loading geometry from "Mesh175.obj" ..
2025-03-16 12:13:10 INFO  main [WavefrontOBJ] Mesh175: 28 triangles, 48 vertices (merged 36 vertices).
2025-03-16 12:13:10 INFO  main [WavefrontOBJ] Done with "Mesh175.obj" (took 0 ms)
2025-03-16 12:13:10 INFO  main [WavefrontOBJ] Loading geometry from "Mesh136.obj" ..
2025-03-16 12:13:10 INFO  main [WavefrontOBJ] Mesh136: 28 triangles, 48 vertices (merged 36 vertices).
2025-03-16 12:13:10 INFO  main [WavefrontOBJ] Done with "Mesh136.obj" (took 0 ms)
2025-03-16 12:13:10 INFO  main [WavefrontOBJ] Loading geometry from "Mesh078.obj" ..
2025-03-16 12:13:10 INFO  main [WavefrontOBJ] Mesh078: 28 triangles, 46 vertices (merged 38 vertices).
2025-03-16 12:13:10 INFO  main [WavefrontOBJ] Done with "Mesh078.obj" (took 0 ms)
2025-03-16 12:13:10 INFO  main [WavefrontOBJ] Loading geometry from "Mesh141.obj" ..
2025-03-16 12:13:10 INFO  main [WavefrontOBJ] Mesh141: 28 triangles, 44 vertices (merged 40 vertices).
2025-03-16 12:13:10 INFO  main [WavefrontOBJ] Done with "Mesh141.obj" (took 0 ms)
2025-03-16 12:13:10 INFO  main [WavefrontOBJ] Loading geometry from "Mesh147.obj" ..
2025-03-16 12:13:10 INFO  main [WavefrontOBJ] Mesh147: 28 triangles, 46 vertices (merged 38 vertices).
2025-03-16 12:13:10 INFO  main [WavefrontOBJ] Done with "Mesh147.obj" (took 1 ms)
2025-03-16 12:13:10 INFO  main [WavefrontOBJ] Loading geometry from "Mesh071.obj" ..
2025-03-16 12:13:10 INFO  main [WavefrontOBJ] Mesh071: 28 triangles, 44 vertices (merged 40 vertices).
2025-03-16 12:13:10 INFO  main [WavefrontOBJ] Done with "Mesh071.obj" (took 0 ms)
2025-03-16 12:13:10 INFO  main [WavefrontOBJ] Loading geometry from "Mesh148.obj" ..
2025-03-16 12:13:10 INFO  main [WavefrontOBJ] Mesh148: 28 triangles, 44 vertices (merged 40 vertices).
2025-03-16 12:13:10 INFO  main [WavefrontOBJ] Done with "Mesh148.obj" (took 0 ms)
2025-03-16 12:13:10 INFO  main [WavefrontOBJ] Loading geometry from "Mesh149.obj" ..
2025-03-16 12:13:10 INFO  main [WavefrontOBJ] Mesh149: 28 triangles, 44 vertices (merged 40 vertices).
2025-03-16 12:13:10 INFO  main [WavefrontOBJ] Done with "Mesh149.obj" (took 0 ms)
2025-03-16 12:13:10 INFO  main [WavefrontOBJ] Loading geometry from "Mesh150.obj" ..
2025-03-16 12:13:10 INFO  main [WavefrontOBJ] Mesh150: 28 triangles, 44 vertices (merged 40 vertices).
2025-03-16 12:13:10 INFO  main [WavefrontOBJ] Done with "Mesh150.obj" (took 0 ms)
2025-03-16 12:13:10 INFO  main [WavefrontOBJ] Loading geometry from "Mesh153.obj" ..
2025-03-16 12:13:10 INFO  main [WavefrontOBJ] Mesh153: 28 triangles, 46 vertices (merged 38 vertices).
2025-03-16 12:13:10 INFO  main [WavefrontOBJ] Done with "Mesh153.obj" (took 0 ms)
2025-03-16 12:13:10 INFO  main [WavefrontOBJ] Loading geometry from "Mesh109.obj" ..
2025-03-16 12:13:10 INFO  main [WavefrontOBJ] Mesh109: 28 triangles, 44 vertices (merged 40 vertices).
2025-03-16 12:13:10 INFO  main [WavefrontOBJ] Done with "Mesh109.obj" (took 0 ms)
2025-03-16 12:13:10 INFO  main [WavefrontOBJ] Loading geometry from "Mesh083.obj" ..
2025-03-16 12:13:10 INFO  main [WavefrontOBJ] Mesh083: 28 triangles, 48 vertices (merged 36 vertices).
2025-03-16 12:13:10 INFO  main [WavefrontOBJ] Done with "Mesh083.obj" (took 0 ms)
2025-03-16 12:13:10 INFO  main [WavefrontOBJ] Loading geometry from "Mesh157.obj" ..
2025-03-16 12:13:10 INFO  main [WavefrontOBJ] Mesh157: 28 triangles, 52 vertices (merged 32 vertices).
2025-03-16 12:13:10 INFO  main [WavefrontOBJ] Done with "Mesh157.obj" (took 0 ms)
2025-03-16 12:13:10 INFO  main [WavefrontOBJ] Loading geometry from "Mesh159.obj" ..
2025-03-16 12:13:10 INFO  main [WavefrontOBJ] Mesh159: 28 triangles, 48 vertices (merged 36 vertices).
2025-03-16 12:13:10 INFO  main [WavefrontOBJ] Done with "Mesh159.obj" (took 0 ms)
2025-03-16 12:13:10 INFO  main [WavefrontOBJ] Loading geometry from "Mesh161.obj" ..
2025-03-16 12:13:10 INFO  main [WavefrontOBJ] Mesh161: 44 triangles, 96 vertices (merged 36 vertices).
2025-03-16 12:13:10 INFO  main [WavefrontOBJ] Done with "Mesh161.obj" (took 1 ms)
2025-03-16 12:13:10 INFO  main [WavefrontOBJ] Loading geometry from "Mesh143.obj" ..
2025-03-16 12:13:10 INFO  main [WavefrontOBJ] Mesh143: 88 triangles, 192 vertices (merged 72 vertices).
2025-03-16 12:13:10 INFO  main [WavefrontOBJ] Done with "Mesh143.obj" (took 1 ms)
2025-03-16 12:13:10 INFO  main [WavefrontOBJ] Loading geometry from "Mesh176.obj" ..
2025-03-16 12:13:10 INFO  main [WavefrontOBJ] Mesh176: 44 triangles, 96 vertices (merged 36 vertices).
2025-03-16 12:13:10 INFO  main [WavefrontOBJ] Done with "Mesh176.obj" (took 1 ms)
2025-03-16 12:13:10 INFO  main [WavefrontOBJ] Loading geometry from "Mesh107.obj" ..
2025-03-16 12:13:10 INFO  main [WavefrontOBJ] Mesh107: 1720 triangles, 2968 vertices (merged 2192 vertices).
2025-03-16 12:13:10 INFO  main [WavefrontOBJ] Done with "Mesh107.obj" (took 27 ms)
2025-03-16 12:13:10 INFO  main [WavefrontOBJ] Loading geometry from "Mesh139.obj" ..
2025-03-16 12:13:10 INFO  main [WavefrontOBJ] Mesh139: 88 triangles, 192 vertices (merged 72 vertices).
2025-03-16 12:13:10 INFO  main [WavefrontOBJ] Done with "Mesh139.obj" (took 1 ms)
2025-03-16 12:13:10 INFO  main [WavefrontOBJ] Loading geometry from "Mesh162.obj" ..
2025-03-16 12:13:10 INFO  main [WavefrontOBJ] Mesh162: 176 triangles, 384 vertices (merged 144 vertices).
2025-03-16 12:13:10 INFO  main [WavefrontOBJ] Done with "Mesh162.obj" (took 2 ms)
2025-03-16 12:13:10 INFO  main [WavefrontOBJ] Loading geometry from "Mesh126.obj" ..
2025-03-16 12:13:10 INFO  main [WavefrontOBJ] Mesh126: 42 triangles, 72 vertices (merged 54 vertices).
2025-03-16 12:13:10 INFO  main [WavefrontOBJ] Done with "Mesh126.obj" (took 0 ms)
2025-03-16 12:13:10 INFO  main [WavefrontOBJ] Loading geometry from "Mesh152.obj" ..
2025-03-16 12:13:10 INFO  main [WavefrontOBJ] Mesh152: 2 triangles, 4 vertices (merged 2 vertices).
2025-03-16 12:13:10 INFO  main [WavefrontOBJ] Done with "Mesh152.obj" (took 0 ms)
2025-03-16 12:13:10 INFO  main [WavefrontOBJ] Loading geometry from "Mesh104.obj" ..
2025-03-16 12:13:10 INFO  main [WavefrontOBJ] Mesh104: 1680 triangles, 898 vertices (merged 4142 vertices).
2025-03-16 12:13:10 INFO  main [WavefrontOBJ] Done with "Mesh104.obj" (took 12 ms)
2025-03-16 12:13:10 INFO  main [WavefrontOBJ] Loading geometry from "Mesh167.obj" ..
2025-03-16 12:13:10 INFO  main [WavefrontOBJ] Mesh167: 4352 triangles, 2178 vertices (merged 10878 vertices).
2025-03-16 12:13:10 INFO  main [WavefrontOBJ] Done with "Mesh167.obj" (took 31 ms)
2025-03-16 12:13:10 INFO  main [WavefrontOBJ] Loading geometry from "Mesh091.obj" ..
2025-03-16 12:13:10 INFO  main [WavefrontOBJ] Mesh091: 8128 triangles, 4066 vertices (merged 20318 vertices).
2025-03-16 12:13:10 INFO  main [WavefrontOBJ] Done with "Mesh091.obj" (took 59 ms)
2025-03-16 12:13:10 INFO  main [WavefrontOBJ] Loading geometry from "Mesh145.obj" ..
2025-03-16 12:13:10 INFO  main [WavefrontOBJ] Mesh145: 14848 triangles, 7428 vertices (merged 37116 vertices).
2025-03-16 12:13:10 INFO  main [WavefrontOBJ] Done with "Mesh145.obj" (took 100 ms)
2025-03-16 12:13:10 INFO  main [WavefrontOBJ] Loading geometry from "Mesh160.obj" ..
2025-03-16 12:13:10 INFO  main [WavefrontOBJ] Mesh160: 1680 triangles, 898 vertices (merged 4142 vertices).
2025-03-16 12:13:10 INFO  main [WavefrontOBJ] Done with "Mesh160.obj" (took 13 ms)
2025-03-16 12:13:10 INFO  main [WavefrontOBJ] Loading geometry from "Mesh171.obj" ..
2025-03-16 12:13:10 INFO  main [WavefrontOBJ] Mesh171: 2816 triangles, 1485 vertices (merged 6963 vertices).
2025-03-16 12:13:10 INFO  main [WavefrontOBJ] Done with "Mesh171.obj" (took 17 ms)
2025-03-16 12:13:10 INFO  main [WavefrontOBJ] Loading geometry from "Mesh092.obj" ..
2025-03-16 12:13:10 INFO  main [WavefrontOBJ] Mesh092: 44 triangles, 96 vertices (merged 36 vertices).
2025-03-16 12:13:10 INFO  main [WavefrontOBJ] Done with "Mesh092.obj" (took 0 ms)
2025-03-16 12:13:10 INFO  main [WavefrontOBJ] Loading geometry from "Mesh067.obj" ..
2025-03-16 12:13:10 INFO  main [WavefrontOBJ] Mesh067: 176 triangles, 384 vertices (merged 144 vertices).
2025-03-16 12:13:10 INFO  main [WavefrontOBJ] Done with "Mesh067.obj" (took 2 ms)
2025-03-16 12:13:10 INFO  main [WavefrontOBJ] Loading geometry from "Mesh172.obj" ..
2025-03-16 12:13:10 INFO  main [WavefrontOBJ] Mesh172: 108 triangles, 208 vertices (merged 116 vertices).
2025-03-16 12:13:10 INFO  main [WavefrontOBJ] Done with "Mesh172.obj" (took 1 ms)
2025-03-16 12:13:10 INFO  main [WavefrontOBJ] Loading geometry from "Mesh173.obj" ..
2025-03-16 12:13:10 INFO  main [WavefrontOBJ] Mesh173: 172 triangles, 306 vertices (merged 210 vertices).
2025-03-16 12:13:10 INFO  main [WavefrontOBJ] Done with "Mesh173.obj" (took 3 ms)
2025-03-16 12:13:10 INFO  main [WavefrontOBJ] Loading geometry from "Mesh177.obj" ..
2025-03-16 12:13:10 INFO  main [WavefrontOBJ] Mesh177: 44 triangles, 96 vertices (merged 36 vertices).
2025-03-16 12:13:10 INFO  main [WavefrontOBJ] Done with "Mesh177.obj" (took 0 ms)
2025-03-16 12:13:10 INFO  main [WavefrontOBJ] Loading geometry from "Mesh054.obj" ..
2025-03-16 12:13:11 INFO  main [WavefrontOBJ] Mesh054: 8960 triangles, 4996 vertices (merged 21884 vertices).
2025-03-16 12:13:11 INFO  main [WavefrontOBJ] Done with "Mesh054.obj" (took 64 ms)
2025-03-16 12:13:11 INFO  main [WavefrontOBJ] Loading geometry from "Mesh165.obj" ..
2025-03-16 12:13:11 INFO  main [WavefrontOBJ] Mesh165: 972 triangles, 1189 vertices (merged 1727 vertices).
2025-03-16 12:13:11 INFO  main [WavefrontOBJ] Done with "Mesh165.obj" (took 9 ms)
2025-03-16 12:13:11 INFO  main [WavefrontOBJ] Loading geometry from "Mesh100.obj" ..
2025-03-16 12:13:11 INFO  main [WavefrontOBJ] Mesh100: 360 triangles, 208 vertices (merged 872 vertices).
2025-03-16 12:13:11 INFO  main [WavefrontOBJ] Done with "Mesh100.obj" (took 2 ms)
2025-03-16 12:13:11 INFO  main [WavefrontOBJ] Loading geometry from "Mesh096.obj" ..
2025-03-16 12:13:11 INFO  main [WavefrontOBJ] Mesh096: 128 triangles, 244 vertices (merged 140 vertices).
2025-03-16 12:13:11 INFO  main [WavefrontOBJ] Done with "Mesh096.obj" (took 2 ms)
2025-03-16 12:13:11 INFO  main [WavefrontOBJ] Loading geometry from "Mesh169.obj" ..
2025-03-16 12:13:11 INFO  main [WavefrontOBJ] Mesh169: 2 triangles, 4 vertices (merged 2 vertices).
2025-03-16 12:13:11 INFO  main [WavefrontOBJ] Done with "Mesh169.obj" (took 0 ms)
2025-03-16 12:13:11 INFO  main [WavefrontOBJ] Loading geometry from "Mesh085.obj" ..
2025-03-16 12:13:11 INFO  main [WavefrontOBJ] Mesh085: 972 triangles, 1225 vertices (merged 1691 vertices).
2025-03-16 12:13:11 INFO  main [WavefrontOBJ] Done with "Mesh085.obj" (took 12 ms)
2025-03-16 12:13:11 INFO  main [WavefrontOBJ] Loading geometry from "Mesh116.obj" ..
2025-03-16 12:13:11 INFO  main [WavefrontOBJ] Mesh116: 360 triangles, 208 vertices (merged 872 vertices).
2025-03-16 12:13:11 INFO  main [WavefrontOBJ] Done with "Mesh116.obj" (took 4 ms)
2025-03-16 12:13:11 INFO  main [WavefrontOBJ] Loading geometry from "Mesh105.obj" ..
2025-03-16 12:13:11 INFO  main [WavefrontOBJ] Mesh105: 2 triangles, 4 vertices (merged 2 vertices).
2025-03-16 12:13:11 INFO  main [WavefrontOBJ] Done with "Mesh105.obj" (took 0 ms)
2025-03-16 12:13:11 INFO  main [WavefrontOBJ] Loading geometry from "Mesh170.obj" ..
2025-03-16 12:13:11 INFO  main [WavefrontOBJ] Mesh170: 128 triangles, 256 vertices (merged 128 vertices).
2025-03-16 12:13:11 INFO  main [WavefrontOBJ] Done with "Mesh170.obj" (took 2 ms)
2025-03-16 12:13:11 INFO  main [WavefrontOBJ] Loading geometry from "Mesh179.obj" ..
2025-03-16 12:13:11 INFO  main [WavefrontOBJ] Mesh179: 480 triangles, 252 vertices (merged 1188 vertices).
2025-03-16 12:13:11 INFO  main [WavefrontOBJ] Done with "Mesh179.obj" (took 3 ms)
2025-03-16 12:13:11 INFO  main [WavefrontOBJ] Loading geometry from "Mesh125.obj" ..
2025-03-16 12:13:11 INFO  main [WavefrontOBJ] Mesh125: 12 triangles, 16 vertices (merged 20 vertices).
2025-03-16 12:13:11 INFO  main [WavefrontOBJ] Done with "Mesh125.obj" (took 0 ms)
2025-03-16 12:13:11 INFO  main [WavefrontOBJ] Loading geometry from "Mesh144.obj" ..
2025-03-16 12:13:11 INFO  main [WavefrontOBJ] Mesh144: 28 triangles, 50 vertices (merged 34 vertices).
2025-03-16 12:13:11 INFO  main [WavefrontOBJ] Done with "Mesh144.obj" (took 0 ms)
2025-03-16 12:13:11 INFO  main [WavefrontOBJ] Loading geometry from "Mesh072.obj" ..
2025-03-16 12:13:11 INFO  main [WavefrontOBJ] Mesh072: 56 triangles, 100 vertices (merged 68 vertices).
2025-03-16 12:13:11 INFO  main [WavefrontOBJ] Done with "Mesh072.obj" (took 1 ms)
2025-03-16 12:13:11 INFO  main [WavefrontOBJ] Loading geometry from "Mesh124.obj" ..
2025-03-16 12:13:11 INFO  main [WavefrontOBJ] Mesh124: 384 triangles, 700 vertices (merged 452 vertices).
2025-03-16 12:13:11 INFO  main [WavefrontOBJ] Done with "Mesh124.obj" (took 7 ms)
2025-03-16 12:13:11 INFO  main [WavefrontOBJ] Loading geometry from "Mesh050.obj" ..
2025-03-16 12:13:11 INFO  main [WavefrontOBJ] Mesh050: 600 triangles, 1103 vertices (merged 697 vertices).
2025-03-16 12:13:11 INFO  main [WavefrontOBJ] Done with "Mesh050.obj" (took 9 ms)
2025-03-16 12:13:11 INFO  main [WavefrontOBJ] Loading geometry from "Mesh117.obj" ..
2025-03-16 12:13:11 INFO  main [WavefrontOBJ] Mesh117: 1472 triangles, 2802 vertices (merged 1614 vertices).
2025-03-16 12:13:11 INFO  main [WavefrontOBJ] Done with "Mesh117.obj" (took 20 ms)
2025-03-16 12:13:11 INFO  main [WavefrontOBJ] Loading geometry from "Mesh047.obj" ..
2025-03-16 12:13:11 INFO  main [WavefrontOBJ] Mesh047: 256 triangles, 200 vertices (merged 568 vertices).
2025-03-16 12:13:11 INFO  main [WavefrontOBJ] Done with "Mesh047.obj" (took 2 ms)
2025-03-16 12:13:11 INFO  main [WavefrontOBJ] Loading geometry from "Mesh046.obj" ..
2025-03-16 12:13:11 INFO  main [WavefrontOBJ] Mesh046: 256 triangles, 200 vertices (merged 568 vertices).
2025-03-16 12:13:11 INFO  main [WavefrontOBJ] Done with "Mesh046.obj" (took 2 ms)
2025-03-16 12:13:11 INFO  main [WavefrontOBJ] Loading geometry from "Mesh045.obj" ..
2025-03-16 12:13:11 INFO  main [WavefrontOBJ] Mesh045: 1472 triangles, 2822 vertices (merged 1594 vertices).
2025-03-16 12:13:11 INFO  main [WavefrontOBJ] Done with "Mesh045.obj" (took 25 ms)
2025-03-16 12:13:11 INFO  main [WavefrontOBJ] Loading geometry from "Mesh043.obj" ..
2025-03-16 12:13:11 INFO  main [WavefrontOBJ] Mesh043: 600 triangles, 1082 vertices (merged 718 vertices).
2025-03-16 12:13:11 INFO  main [WavefrontOBJ] Done with "Mesh043.obj" (took 8 ms)
2025-03-16 12:13:11 INFO  main [WavefrontOBJ] Loading geometry from "Mesh070.obj" ..
2025-03-16 12:13:11 INFO  main [WavefrontOBJ] Mesh070: 384 triangles, 658 vertices (merged 494 vertices).
2025-03-16 12:13:11 INFO  main [WavefrontOBJ] Done with "Mesh070.obj" (took 4 ms)
2025-03-16 12:13:11 INFO  main [WavefrontOBJ] Loading geometry from "Mesh042.obj" ..
2025-03-16 12:13:11 INFO  main [WavefrontOBJ] Mesh042: 56 triangles, 88 vertices (merged 80 vertices).
2025-03-16 12:13:11 INFO  main [WavefrontOBJ] Done with "Mesh042.obj" (took 0 ms)
2025-03-16 12:13:11 INFO  main [WavefrontOBJ] Loading geometry from "Mesh041.obj" ..
2025-03-16 12:13:11 INFO  main [WavefrontOBJ] Mesh041: 28 triangles, 55 vertices (merged 29 vertices).
2025-03-16 12:13:11 INFO  main [WavefrontOBJ] Done with "Mesh041.obj" (took 0 ms)
2025-03-16 12:13:11 INFO  main [WavefrontOBJ] Loading geometry from "Mesh039.obj" ..
2025-03-16 12:13:11 INFO  main [WavefrontOBJ] Mesh039: 12 triangles, 16 vertices (merged 20 vertices).
2025-03-16 12:13:11 INFO  main [WavefrontOBJ] Done with "Mesh039.obj" (took 0 ms)
2025-03-16 12:13:11 INFO  main [WavefrontOBJ] Loading geometry from "Mesh038.obj" ..
2025-03-16 12:13:11 INFO  main [WavefrontOBJ] Mesh038: 480 triangles, 252 vertices (merged 1188 vertices).
2025-03-16 12:13:11 INFO  main [WavefrontOBJ] Done with "Mesh038.obj" (took 2 ms)
2025-03-16 12:13:11 INFO  main [WavefrontOBJ] Loading geometry from "Mesh037.obj" ..
2025-03-16 12:13:11 INFO  main [WavefrontOBJ] Mesh037: 480 triangles, 252 vertices (merged 1188 vertices).
2025-03-16 12:13:11 INFO  main [WavefrontOBJ] Done with "Mesh037.obj" (took 3 ms)
2025-03-16 12:13:11 INFO  main [WavefrontOBJ] Loading geometry from "Mesh036.obj" ..
2025-03-16 12:13:11 INFO  main [WavefrontOBJ] Mesh036: 12 triangles, 16 vertices (merged 20 vertices).
2025-03-16 12:13:11 INFO  main [WavefrontOBJ] Done with "Mesh036.obj" (took 0 ms)
2025-03-16 12:13:11 INFO  main [WavefrontOBJ] Loading geometry from "Mesh034.obj" ..
2025-03-16 12:13:11 INFO  main [WavefrontOBJ] Mesh034: 28 triangles, 48 vertices (merged 36 vertices).
2025-03-16 12:13:11 INFO  main [WavefrontOBJ] Done with "Mesh034.obj" (took 0 ms)
2025-03-16 12:13:11 INFO  main [WavefrontOBJ] Loading geometry from "Mesh033.obj" ..
2025-03-16 12:13:11 INFO  main [WavefrontOBJ] Mesh033: 56 triangles, 88 vertices (merged 80 vertices).
2025-03-16 12:13:11 INFO  main [WavefrontOBJ] Done with "Mesh033.obj" (took 0 ms)
2025-03-16 12:13:11 INFO  main [WavefrontOBJ] Loading geometry from "Mesh031.obj" ..
2025-03-16 12:13:11 INFO  main [WavefrontOBJ] Mesh031: 384 triangles, 640 vertices (merged 512 vertices).
2025-03-16 12:13:11 INFO  main [WavefrontOBJ] Done with "Mesh031.obj" (took 4 ms)
2025-03-16 12:13:11 INFO  main [WavefrontOBJ] Loading geometry from "Mesh094.obj" ..
2025-03-16 12:13:11 INFO  main [WavefrontOBJ] Mesh094: 600 triangles, 968 vertices (merged 832 vertices).
2025-03-16 12:13:11 INFO  main [WavefrontOBJ] Done with "Mesh094.obj" (took 6 ms)
2025-03-16 12:13:11 INFO  main [WavefrontOBJ] Loading geometry from "Mesh102.obj" ..
2025-03-16 12:13:11 INFO  main [WavefrontOBJ] Mesh102: 1472 triangles, 2630 vertices (merged 1786 vertices).
2025-03-16 12:13:11 INFO  main [WavefrontOBJ] Done with "Mesh102.obj" (took 18 ms)
2025-03-16 12:13:11 INFO  main [WavefrontOBJ] Loading geometry from "Mesh058.obj" ..
2025-03-16 12:13:11 INFO  main [WavefrontOBJ] Mesh058: 512 triangles, 288 vertices (merged 1248 vertices).
2025-03-16 12:13:11 INFO  main [WavefrontOBJ] Done with "Mesh058.obj" (took 3 ms)
2025-03-16 12:13:11 INFO  main [WavefrontOBJ] Loading geometry from "Mesh030.obj" ..
2025-03-16 12:13:11 INFO  main [WavefrontOBJ] Mesh030: 576 triangles, 300 vertices (merged 1428 vertices).
2025-03-16 12:13:11 INFO  main [WavefrontOBJ] Done with "Mesh030.obj" (took 3 ms)
2025-03-16 12:13:11 INFO  main [WavefrontOBJ] Loading geometry from "Mesh028.obj" ..
2025-03-16 12:13:11 INFO  main [WavefrontOBJ] Mesh028: 4416 triangles, 2258 vertices (merged 10990 vertices).
2025-03-16 12:13:11 INFO  main [WavefrontOBJ] Done with "Mesh028.obj" (took 30 ms)
2025-03-16 12:13:11 INFO  main [WavefrontOBJ] Loading geometry from "Mesh027.obj" ..
2025-03-16 12:13:11 INFO  main [WavefrontOBJ] Mesh027: 5184 triangles, 2642 vertices (merged 12910 vertices).
2025-03-16 12:13:11 INFO  main [WavefrontOBJ] Done with "Mesh027.obj" (took 35 ms)
2025-03-16 12:13:11 INFO  main [WavefrontOBJ] Loading geometry from "Mesh026.obj" ..
2025-03-16 12:13:11 INFO  main [WavefrontOBJ] Mesh026: 8064 triangles, 4080 vertices (merged 20112 vertices).
2025-03-16 12:13:11 INFO  main [WavefrontOBJ] Done with "Mesh026.obj" (took 54 ms)
2025-03-16 12:13:11 INFO  main [WavefrontOBJ] Loading geometry from "Mesh097.obj" ..
2025-03-16 12:13:11 INFO  main [WavefrontOBJ] Mesh097: 224 triangles, 116 vertices (merged 556 vertices).
2025-03-16 12:13:11 INFO  main [WavefrontOBJ] Done with "Mesh097.obj" (took 1 ms)
2025-03-16 12:13:11 INFO  main [WavefrontOBJ] Loading geometry from "Mesh035.obj" ..
2025-03-16 12:13:11 INFO  main [WavefrontOBJ] Mesh035: 4416 triangles, 2258 vertices (merged 10990 vertices).
2025-03-16 12:13:11 INFO  main [WavefrontOBJ] Done with "Mesh035.obj" (took 31 ms)
2025-03-16 12:13:11 INFO  main [WavefrontOBJ] Loading geometry from "Mesh024.obj" ..
2025-03-16 12:13:11 INFO  main [WavefrontOBJ] Mesh024: 6912 triangles, 3464 vertices (merged 17272 vertices).
2025-03-16 12:13:11 INFO  main [WavefrontOBJ] Done with "Mesh024.obj" (took 66 ms)
2025-03-16 12:13:11 INFO  main [WavefrontOBJ] Loading geometry from "Mesh023.obj" ..
2025-03-16 12:13:11 INFO  main [WavefrontOBJ] Mesh023: 384 triangles, 296 vertices (merged 856 vertices).
2025-03-16 12:13:11 INFO  main [WavefrontOBJ] Done with "Mesh023.obj" (took 2 ms)
2025-03-16 12:13:11 INFO  main [WavefrontOBJ] Loading geometry from "Mesh089.obj" ..
2025-03-16 12:13:11 INFO  main [WavefrontOBJ] Mesh089: 9344 triangles, 4785 vertices (merged 23247 vertices).
2025-03-16 12:13:11 INFO  main [WavefrontOBJ] Done with "Mesh089.obj" (took 67 ms)
2025-03-16 12:13:11 INFO  main [WavefrontOBJ] Loading geometry from "Mesh022.obj" ..
2025-03-16 12:13:11 INFO  main [WavefrontOBJ] Mesh022: 14528 triangles, 7298 vertices (merged 36286 vertices).
2025-03-16 12:13:11 INFO  main [WavefrontOBJ] Done with "Mesh022.obj" (took 126 ms)
2025-03-16 12:13:11 INFO  main [WavefrontOBJ] Loading geometry from "Mesh137.obj" ..
2025-03-16 12:13:11 INFO  main [WavefrontOBJ] Mesh137: 20 triangles, 12 vertices (merged 48 vertices).
2025-03-16 12:13:11 INFO  main [WavefrontOBJ] Done with "Mesh137.obj" (took 0 ms)
2025-03-16 12:13:11 INFO  main [WavefrontOBJ] Loading geometry from "Mesh121.obj" ..
2025-03-16 12:13:11 INFO  main [WavefrontOBJ] Mesh121: 76 triangles, 128 vertices (merged 100 vertices).
2025-03-16 12:13:11 INFO  main [WavefrontOBJ] Done with "Mesh121.obj" (took 1 ms)
2025-03-16 12:13:11 INFO  main [WavefrontOBJ] Loading geometry from "Mesh021.obj" ..
2025-03-16 12:13:11 INFO  main [WavefrontOBJ] Mesh021: 172 triangles, 317 vertices (merged 199 vertices).
2025-03-16 12:13:11 INFO  main [WavefrontOBJ] Done with "Mesh021.obj" (took 3 ms)
2025-03-16 12:13:11 INFO  main [WavefrontOBJ] Loading geometry from "Mesh115.obj" ..
2025-03-16 12:13:11 INFO  main [WavefrontOBJ] Mesh115: 344 triangles, 694 vertices (merged 338 vertices).
2025-03-16 12:13:11 INFO  main [WavefrontOBJ] Done with "Mesh115.obj" (took 6 ms)
2025-03-16 12:13:11 INFO  main [WavefrontOBJ] Loading geometry from "Mesh120.obj" ..
2025-03-16 12:13:11 INFO  main [WavefrontOBJ] Mesh120: 312 triangles, 624 vertices (merged 312 vertices).
2025-03-16 12:13:11 INFO  main [WavefrontOBJ] Done with "Mesh120.obj" (took 4 ms)
2025-03-16 12:13:11 INFO  main [WavefrontOBJ] Loading geometry from "Mesh020.obj" ..
2025-03-16 12:13:11 INFO  main [WavefrontOBJ] Mesh020: 66 triangles, 48 vertices (merged 150 vertices).
2025-03-16 12:13:11 INFO  main [WavefrontOBJ] Done with "Mesh020.obj" (took 0 ms)
2025-03-16 12:13:11 INFO  main [WavefrontOBJ] Loading geometry from "Mesh019.obj" ..
2025-03-16 12:13:11 INFO  main [WavefrontOBJ] Mesh019: 66 triangles, 48 vertices (merged 150 vertices).
2025-03-16 12:13:11 INFO  main [WavefrontOBJ] Done with "Mesh019.obj" (took 0 ms)
2025-03-16 12:13:11 INFO  main [WavefrontOBJ] Loading geometry from "Mesh017.obj" ..
2025-03-16 12:13:11 INFO  main [WavefrontOBJ] Mesh017: 572 triangles, 904 vertices (merged 812 vertices).
2025-03-16 12:13:11 INFO  main [WavefrontOBJ] Done with "Mesh017.obj" (took 6 ms)
2025-03-16 12:13:11 INFO  main [WavefrontOBJ] Loading geometry from "Mesh016.obj" ..
2025-03-16 12:13:11 INFO  main [WavefrontOBJ] Mesh016: 1260 triangles, 2274 vertices (merged 1506 vertices).
2025-03-16 12:13:11 INFO  main [WavefrontOBJ] Done with "Mesh016.obj" (took 16 ms)
2025-03-16 12:13:11 INFO  main [WavefrontOBJ] Loading geometry from "Mesh015.obj" ..
2025-03-16 12:13:11 INFO  main [WavefrontOBJ] Mesh015: 1447 triangles, 1949 vertices (merged 2392 vertices).
2025-03-16 12:13:11 INFO  main [WavefrontOBJ] Done with "Mesh015.obj" (took 17 ms)
2025-03-16 12:13:11 INFO  main [WavefrontOBJ] Loading geometry from "Mesh119.obj" ..
2025-03-16 12:13:11 INFO  main [WavefrontOBJ] Mesh119: 656 triangles, 430 vertices (merged 1538 vertices).
2025-03-16 12:13:11 INFO  main [WavefrontOBJ] Done with "Mesh119.obj" (took 8 ms)
2025-03-16 12:13:11 INFO  main [WavefrontOBJ] Loading geometry from "Mesh014.obj" ..
2025-03-16 12:13:11 INFO  main [WavefrontOBJ] Mesh014: 5728 triangles, 3069 vertices (merged 14115 vertices).
2025-03-16 12:13:11 INFO  main [WavefrontOBJ] Done with "Mesh014.obj" (took 69 ms)
2025-03-16 12:13:11 INFO  main [WavefrontOBJ] Loading geometry from "Mesh151.obj" ..
2025-03-16 12:13:11 INFO  main [WavefrontOBJ] Mesh151: 656 triangles, 416 vertices (merged 1552 vertices).
2025-03-16 12:13:11 INFO  main [WavefrontOBJ] Done with "Mesh151.obj" (took 8 ms)
2025-03-16 12:13:11 INFO  main [WavefrontOBJ] Loading geometry from "Mesh013.obj" ..
2025-03-16 12:13:11 INFO  main [WavefrontOBJ] Mesh013: 5728 triangles, 2797 vertices (merged 14387 vertices).
2025-03-16 12:13:11 INFO  main [WavefrontOBJ] Done with "Mesh013.obj" (took 68 ms)
2025-03-16 12:13:11 INFO  main [WavefrontOBJ] Loading geometry from "Mesh111.obj" ..
2025-03-16 12:13:11 INFO  main [WavefrontOBJ] Mesh111: 656 triangles, 354 vertices (merged 1614 vertices).
2025-03-16 12:13:11 INFO  main [WavefrontOBJ] Done with "Mesh111.obj" (took 7 ms)
2025-03-16 12:13:11 INFO  main [WavefrontOBJ] Loading geometry from "Mesh101.obj" ..
2025-03-16 12:13:11 INFO  main [WavefrontOBJ] Mesh101: 5728 triangles, 2565 vertices (merged 14619 vertices).
2025-03-16 12:13:11 INFO  main [WavefrontOBJ] Done with "Mesh101.obj" (took 67 ms)
2025-03-16 12:13:11 INFO  main [WavefrontOBJ] Loading geometry from "Mesh011.obj" ..
2025-03-16 12:13:11 INFO  main [WavefrontOBJ] Mesh011: 972 triangles, 1139 vertices (merged 1777 vertices).
2025-03-16 12:13:11 INFO  main [WavefrontOBJ] Done with "Mesh011.obj" (took 9 ms)
2025-03-16 12:13:11 INFO  main [WavefrontOBJ] Loading geometry from "Mesh053.obj" ..
2025-03-16 12:13:12 INFO  main [WavefrontOBJ] Mesh053: 360 triangles, 208 vertices (merged 872 vertices).
2025-03-16 12:13:12 INFO  main [WavefrontOBJ] Done with "Mesh053.obj" (took 2 ms)
2025-03-16 12:13:12 INFO  main [WavefrontOBJ] Loading geometry from "Mesh010.obj" ..
2025-03-16 12:13:12 INFO  main [WavefrontOBJ] Mesh010: 14848 triangles, 7428 vertices (merged 37116 vertices).
2025-03-16 12:13:12 INFO  main [WavefrontOBJ] Done with "Mesh010.obj" (took 98 ms)
2025-03-16 12:13:12 INFO  main [WavefrontOBJ] Loading geometry from "Mesh082.obj" ..
2025-03-16 12:13:12 INFO  main [WavefrontOBJ] Mesh082: 8128 triangles, 4066 vertices (merged 20318 vertices).
2025-03-16 12:13:12 INFO  main [WavefrontOBJ] Done with "Mesh082.obj" (took 51 ms)
2025-03-16 12:13:12 INFO  main [WavefrontOBJ] Loading geometry from "Mesh086.obj" ..
2025-03-16 12:13:12 INFO  main [WavefrontOBJ] Mesh086: 4352 triangles, 2178 vertices (merged 10878 vertices).
2025-03-16 12:13:12 INFO  main [WavefrontOBJ] Done with "Mesh086.obj" (took 26 ms)
2025-03-16 12:13:12 INFO  main [WavefrontOBJ] Loading geometry from "Mesh134.obj" ..
2025-03-16 12:13:12 INFO  main [WavefrontOBJ] Mesh134: 14848 triangles, 7428 vertices (merged 37116 vertices).
2025-03-16 12:13:12 INFO  main [WavefrontOBJ] Done with "Mesh134.obj" (took 100 ms)
2025-03-16 12:13:12 INFO  main [WavefrontOBJ] Loading geometry from "Mesh057.obj" ..
2025-03-16 12:13:12 INFO  main [WavefrontOBJ] Mesh057: 8128 triangles, 4066 vertices (merged 20318 vertices).
2025-03-16 12:13:12 INFO  main [WavefrontOBJ] Done with "Mesh057.obj" (took 54 ms)
2025-03-16 12:13:12 INFO  main [WavefrontOBJ] Loading geometry from "Mesh081.obj" ..
2025-03-16 12:13:12 INFO  main [WavefrontOBJ] Mesh081: 8704 triangles, 4356 vertices (merged 21756 vertices).
2025-03-16 12:13:12 INFO  main [WavefrontOBJ] Done with "Mesh081.obj" (took 55 ms)
2025-03-16 12:13:12 INFO  main [WavefrontOBJ] Loading geometry from "Mesh114.obj" ..
2025-03-16 12:13:12 INFO  main [WavefrontOBJ] Mesh114: 1680 triangles, 898 vertices (merged 4142 vertices).
2025-03-16 12:13:12 INFO  main [WavefrontOBJ] Done with "Mesh114.obj" (took 17 ms)
2025-03-16 12:13:12 INFO  main [WavefrontOBJ] Loading geometry from "Mesh008.obj" ..
2025-03-16 12:13:12 INFO  main [WavefrontOBJ] Mesh008: 688 triangles, 375 vertices (merged 1689 vertices).
2025-03-16 12:13:12 INFO  main [WavefrontOBJ] Done with "Mesh008.obj" (took 12 ms)
2025-03-16 12:13:12 INFO  main [WavefrontOBJ] Loading geometry from "Mesh158.obj" ..
2025-03-16 12:13:12 INFO  main [WavefrontOBJ] Mesh158: 44 triangles, 96 vertices (merged 36 vertices).
2025-03-16 12:13:12 INFO  main [WavefrontOBJ] Done with "Mesh158.obj" (took 1 ms)
2025-03-16 12:13:12 INFO  main [WavefrontOBJ] Loading geometry from "Mesh174.obj" ..
2025-03-16 12:13:12 INFO  main [WavefrontOBJ] Mesh174: 172 triangles, 306 vertices (merged 210 vertices).
2025-03-16 12:13:12 INFO  main [WavefrontOBJ] Done with "Mesh174.obj" (took 3 ms)
2025-03-16 12:13:12 INFO  main [WavefrontOBJ] Loading geometry from "Mesh079.obj" ..
2025-03-16 12:13:12 INFO  main [WavefrontOBJ] Mesh079: 13568 triangles, 6788 vertices (merged 33916 vertices).
2025-03-16 12:13:12 INFO  main [WavefrontOBJ] Done with "Mesh079.obj" (took 144 ms)
2025-03-16 12:13:12 INFO  main [WavefrontOBJ] Loading geometry from "Mesh007.obj" ..
2025-03-16 12:13:12 INFO  main [WavefrontOBJ] Mesh007: 24 triangles, 48 vertices (merged 24 vertices).
2025-03-16 12:13:12 INFO  main [WavefrontOBJ] Done with "Mesh007.obj" (took 0 ms)
2025-03-16 12:13:12 INFO  main [WavefrontOBJ] Loading geometry from "Mesh006.obj" ..
2025-03-16 12:13:12 INFO  main [WavefrontOBJ] Mesh006: 1280 triangles, 672 vertices (merged 3168 vertices).
2025-03-16 12:13:12 INFO  main [WavefrontOBJ] Done with "Mesh006.obj" (took 9 ms)
2025-03-16 12:13:12 INFO  main [WavefrontOBJ] Loading geometry from "Mesh005.obj" ..
2025-03-16 12:13:12 INFO  main [WavefrontOBJ] Mesh005: 1280 triangles, 672 vertices (merged 3168 vertices).
2025-03-16 12:13:12 INFO  main [WavefrontOBJ] Done with "Mesh005.obj" (took 9 ms)
2025-03-16 12:13:12 INFO  main [WavefrontOBJ] Loading geometry from "Mesh032.obj" ..
2025-03-16 12:13:12 INFO  main [WavefrontOBJ] Mesh032: 3328 triangles, 1696 vertices (merged 8288 vertices).
2025-03-16 12:13:12 INFO  main [WavefrontOBJ] Done with "Mesh032.obj" (took 25 ms)
2025-03-16 12:13:12 INFO  main [WavefrontOBJ] Loading geometry from "Mesh025.obj" ..
2025-03-16 12:13:12 INFO  main [WavefrontOBJ] Mesh025: 384 triangles, 226 vertices (merged 926 vertices).
2025-03-16 12:13:12 INFO  main [WavefrontOBJ] Done with "Mesh025.obj" (took 2 ms)
2025-03-16 12:13:12 INFO  main [WavefrontOBJ] Loading geometry from "Mesh168.obj" ..
2025-03-16 12:13:12 INFO  main [WavefrontOBJ] Mesh168: 6592 triangles, 3345 vertices (merged 16431 vertices).
2025-03-16 12:13:12 INFO  main [WavefrontOBJ] Done with "Mesh168.obj" (took 42 ms)
2025-03-16 12:13:12 INFO  main [WavefrontOBJ] Loading geometry from "Mesh146.obj" ..
2025-03-16 12:13:12 INFO  main [WavefrontOBJ] Mesh146: 8384 triangles, 4241 vertices (merged 20911 vertices).
2025-03-16 12:13:12 INFO  main [WavefrontOBJ] Done with "Mesh146.obj" (took 60 ms)
2025-03-16 12:13:12 INFO  main [WavefrontOBJ] Loading geometry from "Mesh049.obj" ..
2025-03-16 12:13:12 INFO  main [WavefrontOBJ] Mesh049: 19648 triangles, 9950 vertices (merged 48994 vertices).
2025-03-16 12:13:12 INFO  main [WavefrontOBJ] Done with "Mesh049.obj" (took 132 ms)
2025-03-16 12:13:12 INFO  main [WavefrontOBJ] Loading geometry from "Mesh040.obj" ..
2025-03-16 12:13:13 INFO  main [WavefrontOBJ] Mesh040: 19648 triangles, 9950 vertices (merged 48994 vertices).
2025-03-16 12:13:13 INFO  main [WavefrontOBJ] Done with "Mesh040.obj" (took 123 ms)
2025-03-16 12:13:13 INFO  main [WavefrontOBJ] Loading geometry from "Mesh130.obj" ..
2025-03-16 12:13:14 INFO  main [WavefrontOBJ] Mesh130: 186368 triangles, 94198 vertices (merged 464906 vertices).
2025-03-16 12:13:14 INFO  main [WavefrontOBJ] Done with "Mesh130.obj" (took 1230 ms)
2025-03-16 12:13:14 INFO  main [WavefrontOBJ] Loading geometry from "Mesh075.obj" ..
2025-03-16 12:13:14 INFO  main [WavefrontOBJ] Mesh075: 720 triangles, 387 vertices (merged 1773 vertices).
2025-03-16 12:13:14 INFO  main [WavefrontOBJ] Done with "Mesh075.obj" (took 4 ms)
2025-03-16 12:13:14 INFO  main [WavefrontOBJ] Loading geometry from "Mesh164.obj" ..
2025-03-16 12:13:14 INFO  main [WavefrontOBJ] Mesh164: 10176 triangles, 5169 vertices (merged 25359 vertices).
2025-03-16 12:13:14 INFO  main [WavefrontOBJ] Done with "Mesh164.obj" (took 69 ms)
2025-03-16 12:13:14 INFO  main [WavefrontOBJ] Loading geometry from "Mesh044.obj" ..
2025-03-16 12:13:14 INFO  main [WavefrontOBJ] Mesh044: 4864 triangles, 2464 vertices (merged 12128 vertices).
2025-03-16 12:13:14 INFO  main [WavefrontOBJ] Done with "Mesh044.obj" (took 30 ms)
2025-03-16 12:13:14 INFO  main [WavefrontOBJ] Loading geometry from "Mesh004.obj" ..
2025-03-16 12:13:14 INFO  main [WavefrontOBJ] Mesh004: 15168 triangles, 7584 vertices (merged 37920 vertices).
2025-03-16 12:13:14 INFO  main [WavefrontOBJ] Done with "Mesh004.obj" (took 100 ms)
2025-03-16 12:13:14 INFO  main [WavefrontOBJ] Loading geometry from "Mesh003.obj" ..
2025-03-16 12:13:14 INFO  main [WavefrontOBJ] Mesh003: 9472 triangles, 4738 vertices (merged 23678 vertices).
2025-03-16 12:13:14 INFO  main [WavefrontOBJ] Done with "Mesh003.obj" (took 63 ms)
2025-03-16 12:13:14 INFO  main [WavefrontOBJ] Loading geometry from "Mesh061.obj" ..
2025-03-16 12:13:14 INFO  main [WavefrontOBJ] Mesh061: 5616 triangles, 2810 vertices (merged 14038 vertices).
2025-03-16 12:13:14 INFO  main [WavefrontOBJ] Done with "Mesh061.obj" (took 37 ms)
2025-03-16 12:13:14 INFO  main [WavefrontOBJ] Loading geometry from "Mesh002.obj" ..
2025-03-16 12:13:14 INFO  main [WavefrontOBJ] Mesh002: 29088 triangles, 14567 vertices (merged 72697 vertices).
2025-03-16 12:13:14 INFO  main [WavefrontOBJ] Done with "Mesh002.obj" (took 184 ms)
2025-03-16 12:13:14 INFO  main [WavefrontOBJ] Loading geometry from "Mesh051.obj" ..
2025-03-16 12:13:14 INFO  main [WavefrontOBJ] Mesh051: 9600 triangles, 4833 vertices (merged 23967 vertices).
2025-03-16 12:13:14 INFO  main [WavefrontOBJ] Done with "Mesh051.obj" (took 58 ms)
2025-03-16 12:13:14 INFO  main [WavefrontOBJ] Loading geometry from "Mesh123.obj" ..
2025-03-16 12:13:14 INFO  main [WavefrontOBJ] Mesh123: 1296 triangles, 650 vertices (merged 3238 vertices).
2025-03-16 12:13:14 INFO  main [WavefrontOBJ] Done with "Mesh123.obj" (took 8 ms)
2025-03-16 12:13:14 INFO  main [WavefrontOBJ] Loading geometry from "Mesh178.obj" ..
2025-03-16 12:13:14 INFO  main [WavefrontOBJ] Mesh178: 3520 triangles, 1841 vertices (merged 8719 vertices).
2025-03-16 12:13:14 INFO  main [WavefrontOBJ] Done with "Mesh178.obj" (took 24 ms)
2025-03-16 12:13:14 INFO  main [WavefrontOBJ] Loading geometry from "Mesh084.obj" ..
2025-03-16 12:13:14 INFO  main [WavefrontOBJ] Mesh084: 1408 triangles, 4156 vertices (merged 68 vertices).
2025-03-16 12:13:14 INFO  main [WavefrontOBJ] Done with "Mesh084.obj" (took 27 ms)
2025-03-16 12:13:14 INFO  main [WavefrontOBJ] Loading geometry from "Mesh012.obj" ..
2025-03-16 12:13:14 INFO  main [WavefrontOBJ] Mesh012: 4248 triangles, 4494 vertices (merged 8250 vertices).
2025-03-16 12:13:14 INFO  main [WavefrontOBJ] Done with "Mesh012.obj" (took 39 ms)
2025-03-16 12:13:14 INFO  main [WavefrontOBJ] Loading geometry from "Mesh001.obj" ..
2025-03-16 12:13:14 INFO  main [WavefrontOBJ] Mesh001: 12 triangles, 24 vertices (merged 12 vertices).
2025-03-16 12:13:14 INFO  main [WavefrontOBJ] Done with "Mesh001.obj" (took 0 ms)
2025-03-16 12:13:14 INFO  main [WavefrontOBJ] Loading geometry from "Mesh018.obj" ..
2025-03-16 12:13:14 INFO  main [WavefrontOBJ] Mesh018: 768 triangles, 448 vertices (merged 1856 vertices).
2025-03-16 12:13:14 INFO  main [WavefrontOBJ] Done with "Mesh018.obj" (took 5 ms)
2025-03-16 12:13:14 INFO  main [WavefrontOBJ] Loading geometry from "Mesh000.obj" ..
2025-03-16 12:13:14 INFO  main [WavefrontOBJ] Mesh000: 256 triangles, 192 vertices (merged 576 vertices).
2025-03-16 12:13:14 INFO  main [WavefrontOBJ] Done with "Mesh000.obj" (took 2 ms)
2025-03-16 12:13:14 INFO  main [WavefrontOBJ] Loading geometry from "Mesh074.obj" ..
2025-03-16 12:13:14 INFO  main [WavefrontOBJ] Mesh074: 768 triangles, 448 vertices (merged 1856 vertices).
2025-03-16 12:13:14 INFO  main [WavefrontOBJ] Done with "Mesh074.obj" (took 5 ms)
2025-03-16 12:13:14 INFO  main [WavefrontOBJ] Loading geometry from "Mesh106.obj" ..
2025-03-16 12:13:14 INFO  main [WavefrontOBJ] Mesh106: 960 triangles, 513 vertices (merged 2367 vertices).
2025-03-16 12:13:14 INFO  main [WavefrontOBJ] Done with "Mesh106.obj" (took 8 ms)
2025-03-16 12:13:14 INFO  main [WavefrontOBJ] Loading geometry from "Mesh029.obj" ..
2025-03-16 12:13:14 INFO  main [WavefrontOBJ] Mesh029: 1536 triangles, 772 vertices (merged 3836 vertices).
2025-03-16 12:13:14 INFO  main [WavefrontOBJ] Done with "Mesh029.obj" (took 11 ms)
2025-03-16 12:13:14 INFO  main [WavefrontOBJ] Loading geometry from "Mesh163.obj" ..
2025-03-16 12:13:15 INFO  main [WavefrontOBJ] Mesh163: 6488 triangles, 3667 vertices (merged 15797 vertices).
2025-03-16 12:13:15 INFO  main [WavefrontOBJ] Done with "Mesh163.obj" (took 47 ms)
2025-03-16 12:13:15 INFO  main [WavefrontOBJ] Loading geometry from "Mesh154.obj" ..
2025-03-16 12:13:15 INFO  main [WavefrontOBJ] Mesh154: 832 triangles, 424 vertices (merged 2072 vertices).
2025-03-16 12:13:15 INFO  main [WavefrontOBJ] Done with "Mesh154.obj" (took 5 ms)
2025-03-16 12:13:15 INFO  main [WavefrontOBJ] Loading geometry from "Mesh060.obj" ..
2025-03-16 12:13:15 INFO  main [WavefrontOBJ] Mesh060: 2144 triangles, 1090 vertices (merged 5342 vertices).
2025-03-16 12:13:15 INFO  main [WavefrontOBJ] Done with "Mesh060.obj" (took 14 ms)
2025-03-16 12:13:15 INFO  main [WavefrontOBJ] Loading geometry from "Mesh048.obj" ..
2025-03-16 12:13:15 INFO  main [WavefrontOBJ] Mesh048: 180 triangles, 110 vertices (merged 430 vertices).
2025-03-16 12:13:15 INFO  main [WavefrontOBJ] Done with "Mesh048.obj" (took 1 ms)
2025-03-16 12:13:15 INFO  main [WavefrontOBJ] Loading geometry from "Mesh009.obj" ..
2025-03-16 12:13:15 INFO  main [WavefrontOBJ] Mesh009: 688 triangles, 353 vertices (merged 1711 vertices).
2025-03-16 12:13:15 INFO  main [WavefrontOBJ] Done with "Mesh009.obj" (took 4 ms)
2025-03-16 12:13:15 INFO  main [WavefrontOBJ] Loading geometry from "Mesh093.obj" ..
2025-03-16 12:13:15 INFO  main [WavefrontOBJ] Mesh093: 1584 triangles, 876 vertices (merged 3876 vertices).
2025-03-16 12:13:15 INFO  main [WavefrontOBJ] Done with "Mesh093.obj" (took 10 ms)
2025-03-16 12:13:15 INFO  main [WavefrontOBJ] Loading geometry from "Mesh133.obj" ..
2025-03-16 12:13:15 INFO  main [WavefrontOBJ] Mesh133: 5120 triangles, 2560 vertices (merged 12800 vertices).
2025-03-16 12:13:15 INFO  main [WavefrontOBJ] Done with "Mesh133.obj" (took 35 ms)
2025-03-16 12:13:15 INFO  main [WavefrontOBJ] Loading geometry from "Mesh142.obj" ..
2025-03-16 12:13:15 INFO  main [WavefrontOBJ] Mesh142: 1280 triangles, 640 vertices (merged 3200 vertices).
2025-03-16 12:13:15 INFO  main [WavefrontOBJ] Done with "Mesh142.obj" (took 9 ms)
2025-03-16 12:13:15 INFO  ren0 [KDTreeBase] Constructing a SAH kd-tree (617744 primitives) ..
2025-03-16 12:13:20 INFO  ren0 [KDTreeBase] Finished -- took 5841 ms.
2025-03-16 12:13:21 INFO  ren0 [PMMFocalGuidingIntegrator] Starting preprocess
2025-03-16 12:13:21 INFO  ren0 [octree.h:482] root weight: 8.000e-20 (0.000000)
2025-03-16 12:13:21 INFO  ren0 [octree.h:483] splitting threshold: 8.000e-23 (0.000000)
2025-03-16 12:13:21 INFO  ren0 [octree.h:498] node count: 1 -> 585 -> 585

2025-03-16 12:13:21 INFO  ren0 [octree.h:482] root weight: 4.096e-17 (0.000000)
2025-03-16 12:13:21 INFO  ren0 [octree.h:483] splitting threshold: 4.096e-20 (0.000000)
2025-03-16 12:13:21 INFO  ren0 [octree.h:498] node count: 585 -> 585 -> 585

2025-03-16 12:13:21 INFO  ren0 [octree.h:482] root weight: 8.000e-20 (0.000000)
2025-03-16 12:13:21 INFO  ren0 [octree.h:483] splitting threshold: 8.000e-23 (0.000000)
2025-03-16 12:13:21 INFO  ren0 [octree.h:498] node count: 1 -> 585 -> 585

2025-03-16 12:13:21 INFO  ren0 [octree.h:482] root weight: 4.096e-17 (0.000000)
2025-03-16 12:13:21 INFO  ren0 [octree.h:483] splitting threshold: 4.096e-20 (0.000000)
2025-03-16 12:13:21 INFO  ren0 [octree.h:498] node count: 585 -> 585 -> 585

2025-03-16 12:13:21 INFO  ren0 [PMMFocalGuidingIntegrator] Octree[
AABB: AABB3[min=[-2.59024, -0.170842, 0.361397], max=[3.15696, 3.22949, 8.19165]]
Nodes count: 585
]
2025-03-16 12:13:21 INFO  ren0 [PMMFocalGuidingIntegrator] Octree[
AABB: AABB3[min=[-2.59024, -0.170842, 0.361397], max=[3.15696, 3.22949, 8.19165]]
Nodes count: 585
]
2025-03-16 12:13:21 INFO  ren0 [PMMFocalGuidingIntegrator] GMM[
weight = 0.166667 mean = [-0.521332 2.41386 7.53655] covariance = [[1 0 0][0 1 0][0 0 1]]
weight = 0.166667 mean = [-0.4037 0.138648 2.41507] covariance = [[1 0 0][0 1 0][0 0 1]]
weight = 0.166667 mean = [-2.38637 0.448068 0.625404] covariance = [[1 0 0][0 1 0][0 0 1]]
weight = 0.166667 mean = [-1.1328 0.32852 1.45884] covariance = [[1 0 0][0 1 0][0 0 1]]
weight = 0.166667 mean = [-0.874831 1.9368 3.17212] covariance = [[1 0 0][0 1 0][0 0 1]]
weight = 0.166667 mean = [2.39236 0.575926 3.42789] covariance = [[1 0 0][0 1 0][0 0 1]]
]
2025-03-16 12:13:21 INFO  ren0 [PMMFocalGuidingIntegrator] Starting training... (8) iterations
2025-03-16 12:13:21 INFO  ren0 [PMMFocalGuidingIntegrator] Rendering 0 iteration
2025-03-16 12:13:21 INFO  ren0 [SamplingIntegrator] Starting render job (1280x720, 4 samples, 8 cores, SSE2 enabled) ..
2025-03-16 12:14:58 INFO  ren0 [PMMFocalGuidingIntegrator] iteration render time: 1.6191m
2025-03-16 12:14:58 INFO  ren0 [PMMFocalGuidingIntegrator] Got 232903 non-zero samples and 0 zero samples
2025-03-16 12:15:37 INFO  ren0 [gaussian_mixture_model.h:126] Components accumulated weight is: 1.000000
2025-03-16 12:15:37 INFO  ren0 [gaussian_mixture_model.h:173] exp(-dist) between 0 and 1 is 0.264979
2025-03-16 12:15:37 INFO  ren0 [gaussian_mixture_model.h:173] exp(-dist) between 0 and 2 is 0.047003
2025-03-16 12:15:37 INFO  ren0 [gaussian_mixture_model.h:173] exp(-dist) between 0 and 3 is 0.077509
2025-03-16 12:15:37 INFO  ren0 [gaussian_mixture_model.h:173] exp(-dist) between 0 and 4 is 0.322694
2025-03-16 12:15:37 INFO  ren0 [gaussian_mixture_model.h:173] exp(-dist) between 0 and 5 is 0.374159
2025-03-16 12:15:37 INFO  ren0 [gaussian_mixture_model.h:173] exp(-dist) between 1 and 2 is 0.584750
2025-03-16 12:15:37 INFO  ren0 [gaussian_mixture_model.h:173] exp(-dist) between 1 and 3 is 0.848072
2025-03-16 12:15:37 INFO  ren0 [gaussian_mixture_model.h:173] exp(-dist) between 1 and 4 is 0.781263
2025-03-16 12:15:37 INFO  ren0 [gaussian_mixture_model.h:173] exp(-dist) between 1 and 5 is 0.531810
2025-03-16 12:15:37 INFO  ren0 [gaussian_mixture_model.h:173] exp(-dist) between 2 and 3 is 0.859708
2025-03-16 12:15:37 INFO  ren0 [gaussian_mixture_model.h:173] exp(-dist) between 2 and 4 is 0.591558
2025-03-16 12:15:37 INFO  ren0 [gaussian_mixture_model.h:173] exp(-dist) between 2 and 5 is 0.187873
2025-03-16 12:15:37 INFO  ren0 [gaussian_mixture_model.h:173] exp(-dist) between 3 and 4 is 0.676458
2025-03-16 12:15:37 INFO  ren0 [gaussian_mixture_model.h:173] exp(-dist) between 3 and 5 is 0.338923
2025-03-16 12:15:37 INFO  ren0 [gaussian_mixture_model.h:173] exp(-dist) between 4 and 5 is 0.443329
2025-03-16 12:15:37 INFO  ren0 [gaussian_mixture_model.h:180] components before the merge: 6
2025-03-16 12:15:37 INFO  ren0 [gaussian_mixture_model.h:183] Merging 3 and 2, because their BC is 0.859708
2025-03-16 12:15:37 INFO  ren0 [gaussian_mixture_model.h:183] Merging 3 and 1, because their BC is 0.811794
2025-03-16 12:15:37 INFO  ren0 [gaussian_mixture_model.h:183] Merging 4 and 3, because their BC is 0.779058
2025-03-16 12:15:37 INFO  ren0 [gaussian_mixture_model.h:200] components after the merge: 3, merged 3 component
2025-03-16 12:15:37 INFO  ren0 [gaussian_mixture_model.h:237] Ratio is 3.166497
2025-03-16 12:15:37 INFO  ren0 [gaussian_mixture_model.h:237] Ratio is 1.954547
2025-03-16 12:15:37 INFO  ren0 [gaussian_mixture_model.h:237] Ratio is 3.502852
2025-03-16 12:15:37 INFO  ren0 [gaussian_mixture_model.h:218] components after the split: 3, split 0 components
2025-03-16 12:15:37 INFO  ren0 [octree.h:482] root weight: 4.963e+05 (496277.187500)
2025-03-16 12:15:37 INFO  ren0 [octree.h:483] splitting threshold: 4.963e+02 (496.277222)
2025-03-16 12:15:37 INFO  ren0 [octree.h:482] root weight: 5.821e+05 (582135.000000)
2025-03-16 12:15:37 INFO  ren0 [octree.h:483] splitting threshold: 5.821e+02 (582.135010)
2025-03-16 12:15:37 INFO  ren0 [octree.h:498] node count: 585 -> 585 -> 296

2025-03-16 12:15:37 INFO  ren0 [octree.h:498] node count: 585 -> 610 -> 257

2025-03-16 12:15:37 INFO  ren0 [PMMFocalGuidingIntegrator] diverge probability: 0.540

2025-03-16 12:15:37 INFO  ren0 [PMMFocalGuidingIntegrator] iteration postprocessing time: 38.8942s
2025-03-16 12:15:37 INFO  ren0 [PMMFocalGuidingIntegrator] GMM[
weight = 0.224172 mean = [0.0267381 1.67144 6.78498] covariance = [[2.54082 -0.306714 -0.22564][-0.306714 1.45774 0.486174][-0.22564 0.486174 1.24855]]
weight = 0.48604 mean = [-0.391086 1.45979 3.13223] covariance = [[1.42102 0.222951 -0.0529726][0.222951 1.10672 0.080602][-0.0529726 0.080602 1.90754]]
weight = 0.289788 mean = [1.92193 1.22179 3.75987] covariance = [[0.758693 -0.239258 -0.206118][-0.239258 1.19673 0.0848708][-0.206118 0.0848708 2.19055]]
]
2025-03-16 12:15:37 INFO  ren0 [PMMFocalGuidingIntegrator] Octree[
AABB: AABB3[min=[-2.59024, -0.170842, 0.361397], max=[3.15696, 3.22949, 8.19165]]
Nodes count: 296
]
2025-03-16 12:15:37 INFO  ren0 [PMMFocalGuidingIntegrator] Octree[
AABB: AABB3[min=[-2.59024, -0.170842, 0.361397], max=[3.15696, 3.22949, 8.19165]]
Nodes count: 257
]
2025-03-16 12:15:37 INFO  ren0 [PMMFocalGuidingIntegrator] Rendering 1 iteration
2025-03-16 12:15:37 INFO  ren0 [SamplingIntegrator] Starting render job (1280x720, 4 samples, 8 cores, SSE2 enabled) ..
2025-03-16 12:17:20 INFO  ren0 [PMMFocalGuidingIntegrator] iteration render time: 1.7226m
2025-03-16 12:17:20 INFO  ren0 [PMMFocalGuidingIntegrator] Got 263970 non-zero samples and 0 zero samples
2025-03-16 12:17:43 INFO  ren0 [gaussian_mixture_model.h:126] Components accumulated weight is: 1.000000
2025-03-16 12:17:43 INFO  ren0 [gaussian_mixture_model.h:173] exp(-dist) between 0 and 4 is 0.315593
2025-03-16 12:17:43 INFO  ren0 [gaussian_mixture_model.h:173] exp(-dist) between 0 and 5 is 0.361432
2025-03-16 12:17:43 INFO  ren0 [gaussian_mixture_model.h:173] exp(-dist) between 4 and 5 is 0.507027
2025-03-16 12:17:43 INFO  ren0 [gaussian_mixture_model.h:180] components before the merge: 3
2025-03-16 12:17:43 INFO  ren0 [gaussian_mixture_model.h:183] Merging 5 and 4, because their BC is 0.507027
2025-03-16 12:17:43 INFO  ren0 [gaussian_mixture_model.h:183] Merging 5 and 4, because their BC is 0.507027
2025-03-16 12:17:43 INFO  ren0 [gaussian_mixture_model.h:183] Merging 5 and 4, because their BC is 0.507027
2025-03-16 12:17:43 INFO  ren0 [gaussian_mixture_model.h:183] Merging 5 and 4, because their BC is 0.507027
2025-03-16 12:17:43 INFO  ren0 [gaussian_mixture_model.h:183] Merging 5 and 4, because their BC is 0.507027
2025-03-16 12:17:43 INFO  ren0 [gaussian_mixture_model.h:183] Merging 5 and 4, because their BC is 0.507027
2025-03-16 12:17:43 INFO  ren0 [gaussian_mixture_model.h:183] Merging 5 and 4, because their BC is 0.507027
2025-03-16 12:17:43 INFO  ren0 [gaussian_mixture_model.h:183] Merging 5 and 4, because their BC is 0.507027
2025-03-16 12:17:43 INFO  ren0 [gaussian_mixture_model.h:183] Merging 5 and 4, because their BC is 0.507027
2025-03-16 12:17:43 INFO  ren0 [gaussian_mixture_model.h:183] Merging 5 and 4, because their BC is 0.507027
2025-03-16 12:17:43 INFO  ren0 [gaussian_mixture_model.h:200] components after the merge: 3, merged 10 component
2025-03-16 12:17:43 INFO  ren0 [gaussian_mixture_model.h:237] Ratio is 3.122849
2025-03-16 12:17:43 INFO  ren0 [gaussian_mixture_model.h:237] Ratio is 2.267986
2025-03-16 12:17:43 INFO  ren0 [gaussian_mixture_model.h:237] Ratio is 3.817917
2025-03-16 12:17:43 INFO  ren0 [gaussian_mixture_model.h:218] components after the split: 3, split 0 components
2025-03-16 12:17:43 INFO  ren0 [octree.h:482] root weight: 3.000e+05 (300030.312500)
2025-03-16 12:17:43 INFO  ren0 [octree.h:483] splitting threshold: 3.000e+02 (300.030334)
2025-03-16 12:17:43 INFO  ren0 [octree.h:482] root weight: 3.867e+05 (386687.125000)
2025-03-16 12:17:43 INFO  ren0 [octree.h:483] splitting threshold: 3.867e+02 (386.687134)
2025-03-16 12:17:43 INFO  ren0 [octree.h:498] node count: 296 -> 297 -> 266

2025-03-16 12:17:43 INFO  ren0 [octree.h:498] node count: 257 -> 278 -> 263

2025-03-16 12:17:43 INFO  ren0 [PMMFocalGuidingIntegrator] diverge probability: 0.563

2025-03-16 12:17:43 INFO  ren0 [PMMFocalGuidingIntegrator] iteration postprocessing time: 22.6019s
2025-03-16 12:17:43 INFO  ren0 [PMMFocalGuidingIntegrator] GMM[
weight = 0.212546 mean = [0.120783 1.52728 6.66344] covariance = [[2.48668 -0.0935283 -0.00661862][-0.0935283 1.07205 0.24178][-0.00661862 0.24178 1.01546]]
weight = 0.500454 mean = [-0.328874 1.46856 3.21724] covariance = [[1.33736 0.120515 -0.16868][0.120515 0.846075 -0.0224509][-0.16868 -0.0224509 1.79593]]
weight = 0.287001 mean = [1.82149 1.282 3.73497] covariance = [[0.63804 -0.099745 -0.114148][-0.099745 0.886845 0.0502757][-0.114148 0.0502757 2.27275]]
]
2025-03-16 12:17:43 INFO  ren0 [PMMFocalGuidingIntegrator] Octree[
AABB: AABB3[min=[-2.59024, -0.170842, 0.361397], max=[3.15696, 3.22949, 8.19165]]
Nodes count: 266
]
2025-03-16 12:17:43 INFO  ren0 [PMMFocalGuidingIntegrator] Octree[
AABB: AABB3[min=[-2.59024, -0.170842, 0.361397], max=[3.15696, 3.22949, 8.19165]]
Nodes count: 263
]
2025-03-16 12:17:43 INFO  ren0 [PMMFocalGuidingIntegrator] Rendering 2 iteration
2025-03-16 12:17:43 INFO  ren0 [SamplingIntegrator] Starting render job (1280x720, 4 samples, 8 cores, SSE2 enabled) ..
2025-03-16 12:19:24 INFO  ren0 [PMMFocalGuidingIntegrator] iteration render time: 1.6926m
2025-03-16 12:19:25 INFO  ren0 [PMMFocalGuidingIntegrator] Got 293934 non-zero samples and 0 zero samples
2025-03-16 12:19:50 INFO  ren0 [gaussian_mixture_model.h:126] Components accumulated weight is: 1.000000
2025-03-16 12:19:50 INFO  ren0 [gaussian_mixture_model.h:173] exp(-dist) between 0 and 4 is 0.306278
2025-03-16 12:19:50 INFO  ren0 [gaussian_mixture_model.h:173] exp(-dist) between 0 and 5 is 0.345316
2025-03-16 12:19:50 INFO  ren0 [gaussian_mixture_model.h:173] exp(-dist) between 4 and 5 is 0.511746
2025-03-16 12:19:50 INFO  ren0 [gaussian_mixture_model.h:180] components before the merge: 3
2025-03-16 12:19:50 INFO  ren0 [gaussian_mixture_model.h:183] Merging 5 and 4, because their BC is 0.511746
2025-03-16 12:19:50 INFO  ren0 [gaussian_mixture_model.h:183] Merging 5 and 4, because their BC is 0.511746
2025-03-16 12:19:50 INFO  ren0 [gaussian_mixture_model.h:183] Merging 5 and 4, because their BC is 0.511746
2025-03-16 12:19:50 INFO  ren0 [gaussian_mixture_model.h:183] Merging 5 and 4, because their BC is 0.511746
2025-03-16 12:19:50 INFO  ren0 [gaussian_mixture_model.h:183] Merging 5 and 4, because their BC is 0.511746
2025-03-16 12:19:50 INFO  ren0 [gaussian_mixture_model.h:183] Merging 5 and 4, because their BC is 0.511746
2025-03-16 12:19:50 INFO  ren0 [gaussian_mixture_model.h:183] Merging 5 and 4, because their BC is 0.511746
2025-03-16 12:19:50 INFO  ren0 [gaussian_mixture_model.h:183] Merging 5 and 4, because their BC is 0.511746
2025-03-16 12:19:50 INFO  ren0 [gaussian_mixture_model.h:183] Merging 5 and 4, because their BC is 0.511746
2025-03-16 12:19:50 INFO  ren0 [gaussian_mixture_model.h:183] Merging 5 and 4, because their BC is 0.511746
2025-03-16 12:19:50 INFO  ren0 [gaussian_mixture_model.h:200] components after the merge: 3, merged 10 component
2025-03-16 12:19:50 INFO  ren0 [gaussian_mixture_model.h:237] Ratio is 3.121680
2025-03-16 12:19:50 INFO  ren0 [gaussian_mixture_model.h:237] Ratio is 2.328579
2025-03-16 12:19:50 INFO  ren0 [gaussian_mixture_model.h:237] Ratio is 3.887285
2025-03-16 12:19:50 INFO  ren0 [gaussian_mixture_model.h:218] components after the split: 3, split 0 components
2025-03-16 12:19:50 INFO  ren0 [octree.h:482] root weight: 1.934e+05 (193363.984375)
2025-03-16 12:19:50 INFO  ren0 [octree.h:483] splitting threshold: 1.934e+02 (193.363998)
2025-03-16 12:19:50 INFO  ren0 [octree.h:482] root weight: 2.913e+05 (291251.406250)
2025-03-16 12:19:50 INFO  ren0 [octree.h:483] splitting threshold: 2.913e+02 (291.251434)
2025-03-16 12:19:50 INFO  ren0 [octree.h:498] node count: 266 -> 268 -> 231

2025-03-16 12:19:50 INFO  ren0 [octree.h:498] node count: 263 -> 305 -> 299

2025-03-16 12:19:50 INFO  ren0 [PMMFocalGuidingIntegrator] diverge probability: 0.601

2025-03-16 12:19:50 INFO  ren0 [PMMFocalGuidingIntegrator] iteration postprocessing time: 25.7114s
2025-03-16 12:19:50 INFO  ren0 [PMMFocalGuidingIntegrator] GMM[
weight = 0.202302 mean = [0.141571 1.51605 6.64318] covariance = [[2.47052 -0.0395476 0.0533001][-0.0395476 0.991694 0.167771][0.0533001 0.167771 0.937861]]
weight = 0.509383 mean = [-0.29923 1.46362 3.24489] covariance = [[1.29619 0.102835 -0.191091][0.102835 0.788076 -0.0557592][-0.191091 -0.0557592 1.70389]]
weight = 0.288315 mean = [1.79055 1.27655 3.71299] covariance = [[0.595328 -0.0609677 -0.0767212][-0.0609677 0.82102 0.0494678][-0.0767212 0.0494678 2.23963]]
]
2025-03-16 12:19:50 INFO  ren0 [PMMFocalGuidingIntegrator] Octree[
AABB: AABB3[min=[-2.59024, -0.170842, 0.361397], max=[3.15696, 3.22949, 8.19165]]
Nodes count: 231
]
2025-03-16 12:19:50 INFO  ren0 [PMMFocalGuidingIntegrator] Octree[
AABB: AABB3[min=[-2.59024, -0.170842, 0.361397], max=[3.15696, 3.22949, 8.19165]]
Nodes count: 299
]
2025-03-16 12:19:50 INFO  ren0 [PMMFocalGuidingIntegrator] Rendering 3 iteration
2025-03-16 12:19:50 INFO  ren0 [SamplingIntegrator] Starting render job (1280x720, 4 samples, 8 cores, SSE2 enabled) ..
2025-03-16 12:21:31 INFO  ren0 [PMMFocalGuidingIntegrator] iteration render time: 1.6848m
2025-03-16 12:21:31 INFO  ren0 [PMMFocalGuidingIntegrator] Got 324503 non-zero samples and 0 zero samples
2025-03-16 12:22:01 INFO  ren0 [gaussian_mixture_model.h:126] Components accumulated weight is: 1.000000
2025-03-16 12:22:01 INFO  ren0 [gaussian_mixture_model.h:173] exp(-dist) between 0 and 4 is 0.293591
2025-03-16 12:22:01 INFO  ren0 [gaussian_mixture_model.h:173] exp(-dist) between 0 and 5 is 0.332312
2025-03-16 12:22:01 INFO  ren0 [gaussian_mixture_model.h:173] exp(-dist) between 4 and 5 is 0.518016
2025-03-16 12:22:01 INFO  ren0 [gaussian_mixture_model.h:180] components before the merge: 3
2025-03-16 12:22:01 INFO  ren0 [gaussian_mixture_model.h:183] Merging 5 and 4, because their BC is 0.518016
2025-03-16 12:22:01 INFO  ren0 [gaussian_mixture_model.h:183] Merging 5 and 4, because their BC is 0.518016
2025-03-16 12:22:01 INFO  ren0 [gaussian_mixture_model.h:183] Merging 5 and 4, because their BC is 0.518016
2025-03-16 12:22:01 INFO  ren0 [gaussian_mixture_model.h:183] Merging 5 and 4, because their BC is 0.518016
2025-03-16 12:22:01 INFO  ren0 [gaussian_mixture_model.h:183] Merging 5 and 4, because their BC is 0.518016
2025-03-16 12:22:01 INFO  ren0 [gaussian_mixture_model.h:183] Merging 5 and 4, because their BC is 0.518016
2025-03-16 12:22:01 INFO  ren0 [gaussian_mixture_model.h:183] Merging 5 and 4, because their BC is 0.518016
2025-03-16 12:22:01 INFO  ren0 [gaussian_mixture_model.h:183] Merging 5 and 4, because their BC is 0.518016
2025-03-16 12:22:01 INFO  ren0 [gaussian_mixture_model.h:183] Merging 5 and 4, because their BC is 0.518016
2025-03-16 12:22:01 INFO  ren0 [gaussian_mixture_model.h:183] Merging 5 and 4, because their BC is 0.518016
2025-03-16 12:22:01 INFO  ren0 [gaussian_mixture_model.h:200] components after the merge: 3, merged 10 component
2025-03-16 12:22:01 INFO  ren0 [gaussian_mixture_model.h:237] Ratio is 3.107516
2025-03-16 12:22:01 INFO  ren0 [gaussian_mixture_model.h:237] Ratio is 2.321522
2025-03-16 12:22:01 INFO  ren0 [gaussian_mixture_model.h:237] Ratio is 3.869395
2025-03-16 12:22:01 INFO  ren0 [gaussian_mixture_model.h:218] components after the split: 3, split 0 components
2025-03-16 12:22:01 INFO  ren0 [octree.h:482] root weight: 1.376e+05 (137610.046875)
2025-03-16 12:22:01 INFO  ren0 [octree.h:483] splitting threshold: 1.376e+02 (137.610046)
2025-03-16 12:22:01 INFO  ren0 [octree.h:482] root weight: 2.490e+05 (249013.828125)
2025-03-16 12:22:01 INFO  ren0 [octree.h:483] splitting threshold: 2.490e+02 (249.013840)
2025-03-16 12:22:01 INFO  ren0 [octree.h:498] node count: 231 -> 233 -> 182

2025-03-16 12:22:01 INFO  ren0 [octree.h:498] node count: 299 -> 329 -> 317

2025-03-16 12:22:01 INFO  ren0 [PMMFocalGuidingIntegrator] diverge probability: 0.644

2025-03-16 12:22:01 INFO  ren0 [PMMFocalGuidingIntegrator] iteration postprocessing time: 29.5005s
2025-03-16 12:22:01 INFO  ren0 [PMMFocalGuidingIntegrator] GMM[
weight = 0.191895 mean = [0.150502 1.52312 6.64417] covariance = [[2.46431 -0.0251158 0.0747334][-0.0251158 0.969686 0.132448][0.0747334 0.132448 0.899491]]
weight = 0.518101 mean = [-0.270786 1.45996 3.2602] covariance = [[1.26641 0.102311 -0.189557][0.102311 0.758044 -0.0740742][-0.189557 -0.0740742 1.61396]]
weight = 0.290005 mean = [1.7701 1.258 3.69465] covariance = [[0.577047 -0.047799 -0.0590749][-0.047799 0.791436 0.0483835][-0.0590749 0.0483835 2.184]]
]
2025-03-16 12:22:01 INFO  ren0 [PMMFocalGuidingIntegrator] Octree[
AABB: AABB3[min=[-2.59024, -0.170842, 0.361397], max=[3.15696, 3.22949, 8.19165]]
Nodes count: 182
]
2025-03-16 12:22:01 INFO  ren0 [PMMFocalGuidingIntegrator] Octree[
AABB: AABB3[min=[-2.59024, -0.170842, 0.361397], max=[3.15696, 3.22949, 8.19165]]
Nodes count: 317
]
2025-03-16 12:22:01 INFO  ren0 [PMMFocalGuidingIntegrator] Rendering 4 iteration
2025-03-16 12:22:01 INFO  ren0 [SamplingIntegrator] Starting render job (1280x720, 4 samples, 8 cores, SSE2 enabled) ..
2025-03-16 12:23:34 INFO  ren0 [PMMFocalGuidingIntegrator] iteration render time: 1.5516m
2025-03-16 12:23:34 INFO  ren0 [PMMFocalGuidingIntegrator] Got 359673 non-zero samples and 0 zero samples
2025-03-16 12:24:06 INFO  ren0 [gaussian_mixture_model.h:126] Components accumulated weight is: 1.000000
2025-03-16 12:24:06 INFO  ren0 [gaussian_mixture_model.h:173] exp(-dist) between 0 and 4 is 0.281423
2025-03-16 12:24:06 INFO  ren0 [gaussian_mixture_model.h:173] exp(-dist) between 0 and 5 is 0.322972
2025-03-16 12:24:06 INFO  ren0 [gaussian_mixture_model.h:173] exp(-dist) between 4 and 5 is 0.526697
2025-03-16 12:24:06 INFO  ren0 [gaussian_mixture_model.h:180] components before the merge: 3
2025-03-16 12:24:06 INFO  ren0 [gaussian_mixture_model.h:183] Merging 5 and 4, because their BC is 0.526697
2025-03-16 12:24:06 INFO  ren0 [gaussian_mixture_model.h:183] Merging 5 and 4, because their BC is 0.526697
2025-03-16 12:24:06 INFO  ren0 [gaussian_mixture_model.h:183] Merging 5 and 4, because their BC is 0.526697
2025-03-16 12:24:06 INFO  ren0 [gaussian_mixture_model.h:183] Merging 5 and 4, because their BC is 0.526697
2025-03-16 12:24:06 INFO  ren0 [gaussian_mixture_model.h:183] Merging 5 and 4, because their BC is 0.526697
2025-03-16 12:24:06 INFO  ren0 [gaussian_mixture_model.h:183] Merging 5 and 4, because their BC is 0.526697
2025-03-16 12:24:06 INFO  ren0 [gaussian_mixture_model.h:183] Merging 5 and 4, because their BC is 0.526697
2025-03-16 12:24:06 INFO  ren0 [gaussian_mixture_model.h:183] Merging 5 and 4, because their BC is 0.526697
2025-03-16 12:24:06 INFO  ren0 [gaussian_mixture_model.h:183] Merging 5 and 4, because their BC is 0.526697
2025-03-16 12:24:06 INFO  ren0 [gaussian_mixture_model.h:183] Merging 5 and 4, because their BC is 0.526697
2025-03-16 12:24:06 INFO  ren0 [gaussian_mixture_model.h:200] components after the merge: 3, merged 10 component
2025-03-16 12:24:06 INFO  ren0 [gaussian_mixture_model.h:237] Ratio is 3.107055
2025-03-16 12:24:06 INFO  ren0 [gaussian_mixture_model.h:237] Ratio is 2.311650
2025-03-16 12:24:06 INFO  ren0 [gaussian_mixture_model.h:237] Ratio is 3.817202
2025-03-16 12:24:06 INFO  ren0 [gaussian_mixture_model.h:218] components after the split: 3, split 0 components
2025-03-16 12:24:06 INFO  ren0 [octree.h:482] root weight: 1.133e+05 (113298.179688)
2025-03-16 12:24:06 INFO  ren0 [octree.h:483] splitting threshold: 1.133e+02 (113.298187)
2025-03-16 12:24:06 INFO  ren0 [octree.h:482] root weight: 2.505e+05 (250465.703125)
2025-03-16 12:24:06 INFO  ren0 [octree.h:483] splitting threshold: 2.505e+02 (250.465714)
2025-03-16 12:24:06 INFO  ren0 [octree.h:498] node count: 182 -> 183 -> 161

2025-03-16 12:24:06 INFO  ren0 [octree.h:498] node count: 317 -> 356 -> 345

2025-03-16 12:24:06 INFO  ren0 [PMMFocalGuidingIntegrator] diverge probability: 0.689

2025-03-16 12:24:06 INFO  ren0 [PMMFocalGuidingIntegrator] iteration postprocessing time: 32.0261s
2025-03-16 12:24:06 INFO  ren0 [PMMFocalGuidingIntegrator] GMM[
weight = 0.182218 mean = [0.155208 1.53244 6.64939] covariance = [[2.46509 -0.0201675 0.0843675][-0.0201675 0.962838 0.111303][0.0843675 0.111303 0.874342]]
weight = 0.527013 mean = [-0.241425 1.45847 3.27571] covariance = [[1.24162 0.110744 -0.181543][0.110744 0.734438 -0.090029][-0.181543 -0.090029 1.52999]]
weight = 0.290768 mean = [1.74904 1.23601 3.68472] covariance = [[0.569154 -0.0455392 -0.0509439][-0.0455392 0.770394 0.0435347][-0.0509439 0.0435347 2.12787]]
]
2025-03-16 12:24:06 INFO  ren0 [PMMFocalGuidingIntegrator] Octree[
AABB: AABB3[min=[-2.59024, -0.170842, 0.361397], max=[3.15696, 3.22949, 8.19165]]
Nodes count: 161
]
2025-03-16 12:24:06 INFO  ren0 [PMMFocalGuidingIntegrator] Octree[
AABB: AABB3[min=[-2.59024, -0.170842, 0.361397], max=[3.15696, 3.22949, 8.19165]]
Nodes count: 345
]
2025-03-16 12:24:06 INFO  ren0 [PMMFocalGuidingIntegrator] Rendering 5 iteration
2025-03-16 12:24:06 INFO  ren0 [SamplingIntegrator] Starting render job (1280x720, 4 samples, 8 cores, SSE2 enabled) ..
2025-03-16 12:24:37 INFO  wrk6 [octree.h:248] No intersection found
2025-03-16 12:24:37 INFO  wrk6 [pmm_focal_guiding.cpp:702] Intersection was not found
2025-03-16 12:25:32 INFO  ren0 [PMMFocalGuidingIntegrator] iteration render time: 1.4321m
2025-03-16 12:25:32 INFO  ren0 [PMMFocalGuidingIntegrator] Got 389517 non-zero samples and 0 zero samples
2025-03-16 12:26:05 INFO  ren0 [gaussian_mixture_model.h:126] Components accumulated weight is: 1.000000
2025-03-16 12:26:05 INFO  ren0 [gaussian_mixture_model.h:173] exp(-dist) between 0 and 4 is 0.269049
2025-03-16 12:26:05 INFO  ren0 [gaussian_mixture_model.h:173] exp(-dist) between 0 and 5 is 0.315392
2025-03-16 12:26:05 INFO  ren0 [gaussian_mixture_model.h:173] exp(-dist) between 4 and 5 is 0.536834
2025-03-16 12:26:05 INFO  ren0 [gaussian_mixture_model.h:180] components before the merge: 3
2025-03-16 12:26:05 INFO  ren0 [gaussian_mixture_model.h:183] Merging 5 and 4, because their BC is 0.536834
2025-03-16 12:26:05 INFO  ren0 [gaussian_mixture_model.h:183] Merging 5 and 4, because their BC is 0.536834
2025-03-16 12:26:05 INFO  ren0 [gaussian_mixture_model.h:183] Merging 5 and 4, because their BC is 0.536834
2025-03-16 12:26:05 INFO  ren0 [gaussian_mixture_model.h:183] Merging 5 and 4, because their BC is 0.536834
2025-03-16 12:26:05 INFO  ren0 [gaussian_mixture_model.h:183] Merging 5 and 4, because their BC is 0.536834
2025-03-16 12:26:05 INFO  ren0 [gaussian_mixture_model.h:183] Merging 5 and 4, because their BC is 0.536834
2025-03-16 12:26:05 INFO  ren0 [gaussian_mixture_model.h:183] Merging 5 and 4, because their BC is 0.536834
2025-03-16 12:26:05 INFO  ren0 [gaussian_mixture_model.h:183] Merging 5 and 4, because their BC is 0.536834
2025-03-16 12:26:05 INFO  ren0 [gaussian_mixture_model.h:183] Merging 5 and 4, because their BC is 0.536834
2025-03-16 12:26:05 INFO  ren0 [gaussian_mixture_model.h:183] Merging 5 and 4, because their BC is 0.536834
2025-03-16 12:26:05 INFO  ren0 [gaussian_mixture_model.h:200] components after the merge: 3, merged 10 component
2025-03-16 12:26:05 INFO  ren0 [gaussian_mixture_model.h:237] Ratio is 3.113789
2025-03-16 12:26:05 INFO  ren0 [gaussian_mixture_model.h:237] Ratio is 2.301873
2025-03-16 12:26:05 INFO  ren0 [gaussian_mixture_model.h:237] Ratio is 3.756736
2025-03-16 12:26:05 INFO  ren0 [gaussian_mixture_model.h:218] components after the split: 3, split 0 components
2025-03-16 12:26:05 INFO  ren0 [octree.h:482] root weight: 8.985e+04 (89849.414062)
2025-03-16 12:26:05 INFO  ren0 [octree.h:483] splitting threshold: 8.985e+01 (89.849419)
2025-03-16 12:26:05 INFO  ren0 [octree.h:482] root weight: 2.441e+05 (244149.984375)
2025-03-16 12:26:05 INFO  ren0 [octree.h:483] splitting threshold: 2.441e+02 (244.149994)
2025-03-16 12:26:05 INFO  ren0 [octree.h:498] node count: 161 -> 161 -> 145

2025-03-16 12:26:05 INFO  ren0 [octree.h:498] node count: 345 -> 377 -> 366

2025-03-16 12:26:05 INFO  ren0 [PMMFocalGuidingIntegrator] diverge probability: 0.731

2025-03-16 12:26:05 INFO  ren0 [PMMFocalGuidingIntegrator] iteration postprocessing time: 33.1114s
2025-03-16 12:26:05 INFO  ren0 [PMMFocalGuidingIntegrator] GMM[
weight = 0.173609 mean = [0.159352 1.54287 6.65709] covariance = [[2.46993 -0.0209127 0.0896288][-0.0209127 0.960444 0.094082][0.0896288 0.094082 0.854489]]
weight = 0.535491 mean = [-0.211817 1.46086 3.28641] covariance = [[1.22282 0.122011 -0.17066][0.122011 0.715942 -0.102741][-0.17066 -0.102741 1.45533]]
weight = 0.290901 mean = [1.72736 1.21561 3.67884] covariance = [[0.565801 -0.0470772 -0.0463249][-0.0470772 0.751868 0.0359843][-0.0463249 0.0359843 2.07755]]
]
2025-03-16 12:26:05 INFO  ren0 [PMMFocalGuidingIntegrator] Octree[
AABB: AABB3[min=[-2.59024, -0.170842, 0.361397], max=[3.15696, 3.22949, 8.19165]]
Nodes count: 145
]
2025-03-16 12:26:05 INFO  ren0 [PMMFocalGuidingIntegrator] Octree[
AABB: AABB3[min=[-2.59024, -0.170842, 0.361397], max=[3.15696, 3.22949, 8.19165]]
Nodes count: 366
]
2025-03-16 12:26:05 INFO  ren0 [PMMFocalGuidingIntegrator] Rendering 6 iteration
2025-03-16 12:26:05 INFO  ren0 [SamplingIntegrator] Starting render job (1280x720, 4 samples, 8 cores, SSE2 enabled) ..
2025-03-16 12:27:26 INFO  ren0 [PMMFocalGuidingIntegrator] iteration render time: 1.3518m
2025-03-16 12:27:26 INFO  ren0 [PMMFocalGuidingIntegrator] Got 418242 non-zero samples and 0 zero samples
2025-03-16 12:28:01 INFO  ren0 [gaussian_mixture_model.h:126] Components accumulated weight is: 1.000000
2025-03-16 12:28:01 INFO  ren0 [gaussian_mixture_model.h:173] exp(-dist) between 0 and 4 is 0.257379
2025-03-16 12:28:01 INFO  ren0 [gaussian_mixture_model.h:173] exp(-dist) between 0 and 5 is 0.308531
2025-03-16 12:28:01 INFO  ren0 [gaussian_mixture_model.h:173] exp(-dist) between 4 and 5 is 0.547069
2025-03-16 12:28:01 INFO  ren0 [gaussian_mixture_model.h:180] components before the merge: 3
2025-03-16 12:28:01 INFO  ren0 [gaussian_mixture_model.h:183] Merging 5 and 4, because their BC is 0.547069
2025-03-16 12:28:01 INFO  ren0 [gaussian_mixture_model.h:183] Merging 5 and 4, because their BC is 0.547069
2025-03-16 12:28:01 INFO  ren0 [gaussian_mixture_model.h:183] Merging 5 and 4, because their BC is 0.547069
2025-03-16 12:28:01 INFO  ren0 [gaussian_mixture_model.h:183] Merging 5 and 4, because their BC is 0.547069
2025-03-16 12:28:01 INFO  ren0 [gaussian_mixture_model.h:183] Merging 5 and 4, because their BC is 0.547069
2025-03-16 12:28:01 INFO  ren0 [gaussian_mixture_model.h:183] Merging 5 and 4, because their BC is 0.547069
2025-03-16 12:28:01 INFO  ren0 [gaussian_mixture_model.h:183] Merging 5 and 4, because their BC is 0.547069
2025-03-16 12:28:01 INFO  ren0 [gaussian_mixture_model.h:183] Merging 5 and 4, because their BC is 0.547069
2025-03-16 12:28:01 INFO  ren0 [gaussian_mixture_model.h:183] Merging 5 and 4, because their BC is 0.547069
2025-03-16 12:28:01 INFO  ren0 [gaussian_mixture_model.h:183] Merging 5 and 4, because their BC is 0.547069
2025-03-16 12:28:01 INFO  ren0 [gaussian_mixture_model.h:200] components after the merge: 3, merged 10 component
2025-03-16 12:28:01 INFO  ren0 [gaussian_mixture_model.h:237] Ratio is 3.130398
2025-03-16 12:28:01 INFO  ren0 [gaussian_mixture_model.h:237] Ratio is 2.300359
2025-03-16 12:28:01 INFO  ren0 [gaussian_mixture_model.h:237] Ratio is 3.707254
2025-03-16 12:28:01 INFO  ren0 [gaussian_mixture_model.h:218] components after the split: 3, split 0 components
2025-03-16 12:28:01 INFO  ren0 [octree.h:482] root weight: 7.296e+04 (72961.687500)
2025-03-16 12:28:01 INFO  ren0 [octree.h:483] splitting threshold: 7.296e+01 (72.961693)
2025-03-16 12:28:01 INFO  ren0 [octree.h:482] root weight: 2.420e+05 (241991.640625)
2025-03-16 12:28:01 INFO  ren0 [octree.h:483] splitting threshold: 2.420e+02 (241.991653)
2025-03-16 12:28:01 INFO  ren0 [octree.h:498] node count: 145 -> 147 -> 131

2025-03-16 12:28:01 INFO  ren0 [octree.h:498] node count: 366 -> 396 -> 383

2025-03-16 12:28:01 INFO  ren0 [PMMFocalGuidingIntegrator] diverge probability: 0.768

2025-03-16 12:28:01 INFO  ren0 [PMMFocalGuidingIntegrator] iteration postprocessing time: 35.1151s
2025-03-16 12:28:01 INFO  ren0 [PMMFocalGuidingIntegrator] GMM[
weight = 0.165856 mean = [0.161638 1.55275 6.66423] covariance = [[2.48127 -0.021339 0.0939397][-0.021339 0.959821 0.0783158][0.0939397 0.0783158 0.837913]]
weight = 0.543546 mean = [-0.182955 1.46502 3.29563] covariance = [[1.20746 0.133897 -0.161339][0.133897 0.700006 -0.113062][-0.161339 -0.113062 1.38845]]
weight = 0.290598 mean = [1.70643 1.1961 3.67173] covariance = [[0.564941 -0.0516097 -0.0439096][-0.0516097 0.735106 0.030664][-0.0439096 0.030664 2.03587]]
]
2025-03-16 12:28:01 INFO  ren0 [PMMFocalGuidingIntegrator] Octree[
AABB: AABB3[min=[-2.59024, -0.170842, 0.361397], max=[3.15696, 3.22949, 8.19165]]
Nodes count: 131
]
2025-03-16 12:28:01 INFO  ren0 [PMMFocalGuidingIntegrator] Octree[
AABB: AABB3[min=[-2.59024, -0.170842, 0.361397], max=[3.15696, 3.22949, 8.19165]]
Nodes count: 383
]
2025-03-16 12:28:01 INFO  ren0 [PMMFocalGuidingIntegrator] Rendering 7 iteration
2025-03-16 12:28:01 INFO  ren0 [SamplingIntegrator] Starting render job (1280x720, 4 samples, 8 cores, SSE2 enabled) ..
2025-03-16 12:29:19 INFO  ren0 [PMMFocalGuidingIntegrator] iteration render time: 1.2995m
2025-03-16 12:29:19 INFO  ren0 [PMMFocalGuidingIntegrator] Got 448776 non-zero samples and 0 zero samples
2025-03-16 12:30:05 INFO  ren0 [gaussian_mixture_model.h:126] Components accumulated weight is: 1.000000
2025-03-16 12:30:05 INFO  ren0 [gaussian_mixture_model.h:173] exp(-dist) between 0 and 4 is 0.245958
2025-03-16 12:30:05 INFO  ren0 [gaussian_mixture_model.h:173] exp(-dist) between 0 and 5 is 0.302553
2025-03-16 12:30:05 INFO  ren0 [gaussian_mixture_model.h:173] exp(-dist) between 4 and 5 is 0.556967
2025-03-16 12:30:05 INFO  ren0 [gaussian_mixture_model.h:180] components before the merge: 3
2025-03-16 12:30:05 INFO  ren0 [gaussian_mixture_model.h:183] Merging 5 and 4, because their BC is 0.556967
2025-03-16 12:30:05 INFO  ren0 [gaussian_mixture_model.h:183] Merging 5 and 4, because their BC is 0.556967
2025-03-16 12:30:05 INFO  ren0 [gaussian_mixture_model.h:183] Merging 5 and 4, because their BC is 0.556967
2025-03-16 12:30:05 INFO  ren0 [gaussian_mixture_model.h:183] Merging 5 and 4, because their BC is 0.556967
2025-03-16 12:30:05 INFO  ren0 [gaussian_mixture_model.h:183] Merging 5 and 4, because their BC is 0.556967
2025-03-16 12:30:05 INFO  ren0 [gaussian_mixture_model.h:183] Merging 5 and 4, because their BC is 0.556967
2025-03-16 12:30:05 INFO  ren0 [gaussian_mixture_model.h:183] Merging 5 and 4, because their BC is 0.556967
2025-03-16 12:30:05 INFO  ren0 [gaussian_mixture_model.h:183] Merging 5 and 4, because their BC is 0.556967
2025-03-16 12:30:05 INFO  ren0 [gaussian_mixture_model.h:183] Merging 5 and 4, because their BC is 0.556967
2025-03-16 12:30:05 INFO  ren0 [gaussian_mixture_model.h:183] Merging 5 and 4, because their BC is 0.556967
2025-03-16 12:30:05 INFO  ren0 [gaussian_mixture_model.h:200] components after the merge: 3, merged 10 component
2025-03-16 12:30:05 INFO  ren0 [gaussian_mixture_model.h:237] Ratio is 3.155842
2025-03-16 12:30:05 INFO  ren0 [gaussian_mixture_model.h:237] Ratio is 2.308497
2025-03-16 12:30:05 INFO  ren0 [gaussian_mixture_model.h:237] Ratio is 3.667894
2025-03-16 12:30:05 INFO  ren0 [gaussian_mixture_model.h:218] components after the split: 3, split 0 components
2025-03-16 12:30:05 INFO  ren0 [octree.h:482] root weight: 6.605e+04 (66054.054688)
2025-03-16 12:30:05 INFO  ren0 [octree.h:483] splitting threshold: 6.605e+01 (66.054054)
2025-03-16 12:30:05 INFO  ren0 [octree.h:482] root weight: 2.468e+05 (246835.093750)
2025-03-16 12:30:05 INFO  ren0 [octree.h:483] splitting threshold: 2.468e+02 (246.835098)
2025-03-16 12:30:05 INFO  ren0 [octree.h:498] node count: 131 -> 133 -> 126

2025-03-16 12:30:05 INFO  ren0 [octree.h:498] node count: 383 -> 400 -> 391

2025-03-16 12:30:05 INFO  ren0 [PMMFocalGuidingIntegrator] diverge probability: 0.789

2025-03-16 12:30:05 INFO  ren0 [PMMFocalGuidingIntegrator] iteration postprocessing time: 45.8666s
2025-03-16 12:30:05 INFO  ren0 [PMMFocalGuidingIntegrator] GMM[
weight = 0.158863 mean = [0.16433 1.56226 6.67047] covariance = [[2.49496 -0.0217514 0.0975001][-0.0217514 0.959271 0.0638437][0.0975001 0.0638437 0.823471]]
weight = 0.551405 mean = [-0.154658 1.47067 3.30328] covariance = [[1.19259 0.146238 -0.152213][0.146238 0.684999 -0.122324][-0.152213 -0.122324 1.32611]]
weight = 0.289732 mean = [1.68543 1.17781 3.66732] covariance = [[0.565363 -0.0580382 -0.0413515][-0.0580382 0.718549 0.0243342][-0.0413515 0.0243342 1.99792]]
]
2025-03-16 12:30:05 INFO  ren0 [PMMFocalGuidingIntegrator] Octree[
AABB: AABB3[min=[-2.59024, -0.170842, 0.361397], max=[3.15696, 3.22949, 8.19165]]
Nodes count: 126
]
2025-03-16 12:30:05 INFO  ren0 [PMMFocalGuidingIntegrator] Octree[
AABB: AABB3[min=[-2.59024, -0.170842, 0.361397], max=[3.15696, 3.22949, 8.19165]]
Nodes count: 391
]
2025-03-16 12:30:05 INFO  ren0 [PMMFocalGuidingIntegrator] Finished training phase. Starting real rendering.
2025-03-16 12:30:05 INFO  ren0 [PMMFocalGuidingIntegrator] final guiding field written to ../scenes/living-room/final_gmm.serialized
2025-03-16 12:30:05 INFO  ren0 [PMMFocalGuidingIntegrator] Starting render job (1280x720, 4 samples, 8 cores, SSE2 enabled) ..
2025-03-16 12:31:32 INFO  ren0 [PMMFocalGuidingIntegrator] rendered 4 samples per pixel in 1.4562m.
2025-03-16 12:31:32 INFO  ren0 [RenderJob] Render time: 18.2943m
2025-03-16 12:31:32 INFO  ren0 [PMMFocalGuidingIntegrator] iteration render time: 1.4563m
2025-03-16 12:31:32 INFO  ren0 [PMMFocalGuidingIntegrator] GMM[
weight = 0.158863 mean = [0.16433 1.56226 6.67047] covariance = [[2.49496 -0.0217514 0.0975001][-0.0217514 0.959271 0.0638437][0.0975001 0.0638437 0.823471]]
weight = 0.551405 mean = [-0.154658 1.47067 3.30328] covariance = [[1.19259 0.146238 -0.152213][0.146238 0.684999 -0.122324][-0.152213 -0.122324 1.32611]]
weight = 0.289732 mean = [1.68543 1.17781 3.66732] covariance = [[0.565363 -0.0580382 -0.0413515][-0.0580382 0.718549 0.0243342][-0.0413515 0.0243342 1.99792]]
]
2025-03-16 12:31:32 INFO  ren0 [HDRFilm] Writing image to "/home/julia/PBRT/PMM_focal_guiding/mitsuba/dist/../../scenes/living-room/living-room.exr" ..
2025-03-16 12:31:32 INFO  main [statistics.cpp:142] Statistics:
------------------------------------------------------------
 * Loaded plugins :
    -  plugins/bitmap.so [Bitmap texture]
    -  plugins/box.so [Box filter]
    -  plugins/conductor.so [Smooth conductor]
    -  plugins/dielectric.so [Smooth dielectric BSDF]
    -  plugins/diffuse.so [Smooth diffuse BRDF]
    -  plugins/hdrfilm.so [High dynamic range film]
    -  plugins/independent.so [Independent sampler]
    -  plugins/lanczos.so [Lanczos Sinc filter]
    -  plugins/mask.so [Mask BSDF]
    -  plugins/obj.so [OBJ triangle mesh loader]
    -  plugins/perspective.so [Perspective camera]
    -  plugins/plastic.so [Smooth plastic BRDF]
    -  plugins/ply.so [PLY mesh loader]
    -  plugins/pmm_focal_guiding.so [PMM focal guiding path tracer]
    -  plugins/rectangle.so [Rectangle intersection primitive]
    -  plugins/roughconductor.so [Rough conductor BRDF]
    -  plugins/roughdielectric.so [Rough dielectric BSDF]
    -  plugins/roughplastic.so [Rough plastic BRDF]
    -  plugins/spot.so [Spot light]
    -  plugins/thindielectric.so [Thin dielectric BSDF]
    -  plugins/twosided.so [Two-sided BRDF adapter]

  * General :
    -  Normal rays traced : 9.761 M
    -  Shadow rays traced : 9.450 M

  * Path tracer :
    -  Average path length : 2.63 (9.70 M / 3.69 M)
    -  Sampled from Converging : 997.532 K
    -  Sampled from Diverging : 3.728 M
    -  Sampled from GMM : 4.725 M

  * Texture system :
    -  Filtered texture lookups : 17.59 % (165.06 K of 938.38 K)
------------------------------------------------------------
