2025-03-16 02:20:54 INFO  main [mitsuba.cpp:274] Mitsuba version 0.6.0 (Linux, 64 bit), Copyright (c) 2017 Wenzel Jakob
2025-03-16 02:20:54 INFO  main [mitsuba.cpp:377] Parsing scene description from "../../scenes/dining-room/dining-room.xml" ..
2025-03-16 02:20:54 INFO  main [scenehandler.cpp:675] In file "/home/julia/PBRT/PMM_focal_guiding/mitsuba/dist/../../scenes/dining-room/dining-room.xml" (near line 18): Parsing included file "pmm_focal_guiding.xml" ..
2025-03-16 02:20:54 INFO  main [PluginManager] Loading plugin "plugins/pmm_focal_guiding.so" ..
2025-03-16 02:20:54 INFO  main [octree.h:482] root weight: 8.000e-20 (0.000000)
2025-03-16 02:20:54 INFO  main [octree.h:483] splitting threshold: 8.000e-23 (0.000000)
2025-03-16 02:20:54 INFO  main [octree.h:498] node count: 1 -> 585 -> 585

2025-03-16 02:20:54 INFO  main [octree.h:482] root weight: 8.000e-20 (0.000000)
2025-03-16 02:20:54 INFO  main [octree.h:483] splitting threshold: 8.000e-23 (0.000000)
2025-03-16 02:20:54 INFO  main [octree.h:498] node count: 1 -> 585 -> 585

2025-03-16 02:20:54 INFO  main [pmm_focal_guiding.cpp:109] Will save the GMM to file in directory ../scenes/dining-room/
2025-03-16 02:20:54 INFO  main [PMMFocalGuidingIntegrator] GMM params: alpha = 0.250000, split_th = 4.000000, merge_th = 0.700000, min_num_comp = 3, max_num_comp = 10
2025-03-16 02:20:54 INFO  main [PMMFocalGuidingIntegrator] iterationCount: 8
2025-03-16 02:20:54 INFO  main [PMMFocalGuidingIntegrator] PMMFocalGuidingIntegrator
  maxDepth = 40,
  rrDepth = 14,
  strictNormals = 1
  gmm = GMM[
]
]
2025-03-16 02:20:54 WARN  main [scenehandler.cpp:795] In file "/home/julia/PBRT/PMM_focal_guiding/mitsuba/dist/../../scenes/dining-room/../_integrators/pmm_focal_guiding.xml" (near line 50): Unqueried attribute "budget" in element "integrator"
2025-03-16 02:20:54 WARN  main [scenehandler.cpp:795] In file "/home/julia/PBRT/PMM_focal_guiding/mitsuba/dist/../../scenes/dining-room/../_integrators/pmm_focal_guiding.xml" (near line 50): Unqueried attribute "dumpPrimaryRays" in element "integrator"
2025-03-16 02:20:54 WARN  main [scenehandler.cpp:795] In file "/home/julia/PBRT/PMM_focal_guiding/mitsuba/dist/../../scenes/dining-room/../_integrators/pmm_focal_guiding.xml" (near line 50): Unqueried attribute "dumpScene" in element "integrator"
2025-03-16 02:20:54 WARN  main [scenehandler.cpp:795] In file "/home/julia/PBRT/PMM_focal_guiding/mitsuba/dist/../../scenes/dining-room/../_integrators/pmm_focal_guiding.xml" (near line 50): Unqueried attribute "normalBinning" in element "integrator"
2025-03-16 02:20:54 WARN  main [scenehandler.cpp:795] In file "/home/julia/PBRT/PMM_focal_guiding/mitsuba/dist/../../scenes/dining-room/../_integrators/pmm_focal_guiding.xml" (near line 50): Unqueried attribute "samplingMode" in element "integrator"
2025-03-16 02:20:54 WARN  main [scenehandler.cpp:795] In file "/home/julia/PBRT/PMM_focal_guiding/mitsuba/dist/../../scenes/dining-room/../_integrators/pmm_focal_guiding.xml" (near line 50): Unqueried attribute "unboundedSplatting" in element "integrator"
2025-03-16 02:20:54 WARN  main [scenehandler.cpp:795] In file "/home/julia/PBRT/PMM_focal_guiding/mitsuba/dist/../../scenes/dining-room/../_integrators/pmm_focal_guiding.xml" (near line 51): Unqueried attribute "saveGMMDirectory" in element "scene"
2025-03-16 02:20:54 INFO  main [PluginManager] Loading plugin "plugins/independent.so" ..
2025-03-16 02:20:54 INFO  main [PluginManager] Loading plugin "plugins/box.so" ..
2025-03-16 02:20:54 INFO  main [PluginManager] Loading plugin "plugins/hdrfilm.so" ..
2025-03-16 02:20:54 INFO  main [PluginManager] Loading plugin "plugins/perspective.so" ..
2025-03-16 02:20:54 INFO  main [PluginManager] Loading plugin "plugins/roughplastic.so" ..
2025-03-16 02:20:54 INFO  main [PluginManager] Loading plugin "plugins/twosided.so" ..
2025-03-16 02:20:54 INFO  main [PluginManager] Loading plugin "plugins/roughconductor.so" ..
2025-03-16 02:20:54 INFO  main [spectrum.cpp:599] "Cu.eta.spd": loaded a spectral power distribution with 55 entries (between 302.400421 and 885.601257 nm)
2025-03-16 02:20:54 INFO  main [spectrum.cpp:599] "Cu.k.spd": loaded a spectral power distribution with 55 entries (between 302.400421 and 885.601257 nm)
2025-03-16 02:20:54 INFO  main [PluginManager] Loading plugin "plugins/diffuse.so" ..
2025-03-16 02:20:54 INFO  main [PluginManager] Loading plugin "plugins/bitmap.so" ..
2025-03-16 02:20:54 INFO  main [BitmapTexture] Loading texture "picture3.jpg"
2025-03-16 02:20:54 INFO  main [MIPMap] Mapped MIP map cache file "/home/julia/PBRT/PMM_focal_guiding/mitsuba/dist/../../scenes/dining-room/textures/picture3.mip" into memory (18.8 MiB).
2025-03-16 02:20:54 INFO  main [BitmapTexture] Loading texture "Tiles.jpg"
2025-03-16 02:20:54 INFO  main [PluginManager] Loading plugin "plugins/lanczos.so" ..
2025-03-16 02:20:54 INFO  main [spectrum.cpp:599] "Cu.eta.spd": loaded a spectral power distribution with 55 entries (between 302.400421 and 885.601257 nm)
2025-03-16 02:20:54 INFO  main [spectrum.cpp:599] "Cu.k.spd": loaded a spectral power distribution with 55 entries (between 302.400421 and 885.601257 nm)
2025-03-16 02:20:54 INFO  main [PluginManager] Loading plugin "plugins/conductor.so" ..
2025-03-16 02:20:54 INFO  main [spectrum.cpp:599] "Ir.eta.spd": loaded a spectral power distribution with 28 entries (between 302.389984 and 885.570984 nm)
2025-03-16 02:20:54 INFO  main [spectrum.cpp:599] "Ir.k.spd": loaded a spectral power distribution with 28 entries (between 302.389984 and 885.570984 nm)
2025-03-16 02:20:54 INFO  main [spectrum.cpp:599] "Cu.eta.spd": loaded a spectral power distribution with 55 entries (between 302.400421 and 885.601257 nm)
2025-03-16 02:20:54 INFO  main [spectrum.cpp:599] "Cu.k.spd": loaded a spectral power distribution with 55 entries (between 302.400421 and 885.601257 nm)
2025-03-16 02:20:54 INFO  main [BitmapTexture] Loading texture "Teacup.png"
2025-03-16 02:20:55 INFO  main [spectrum.cpp:599] "Cu.eta.spd": loaded a spectral power distribution with 55 entries (between 302.400421 and 885.601257 nm)
2025-03-16 02:20:55 INFO  main [spectrum.cpp:599] "Cu.k.spd": loaded a spectral power distribution with 55 entries (between 302.400421 and 885.601257 nm)
2025-03-16 02:20:55 INFO  main [PluginManager] Loading plugin "plugins/area.so" ..
2025-03-16 02:20:55 INFO  main [PluginManager] Loading plugin "plugins/disk.so" ..
2025-03-16 02:20:55 INFO  main [PluginManager] Loading plugin "plugins/ply.so" ..
2025-03-16 02:20:55 INFO  main [PLYLoader] Loading geometry from "parabol1.ply" ..
2025-03-16 02:20:55 INFO  main [PLYLoader] "parabol1": Loaded 25856 triangles, 13057 vertices (456.0 KiB in 41 ms).
2025-03-16 02:20:55 INFO  main [PLYLoader] Loading geometry from "parabol2.ply" ..
2025-03-16 02:20:55 INFO  main [PLYLoader] "parabol2": Loaded 25856 triangles, 13057 vertices (456.0 KiB in 33 ms).
2025-03-16 02:20:55 INFO  main [PluginManager] Loading plugin "plugins/obj.so" ..
2025-03-16 02:20:55 INFO  main [WavefrontOBJ] Loading geometry from "Mesh013.obj" ..
2025-03-16 02:20:55 INFO  main [WavefrontOBJ] Mesh013: 1056 triangles, 577 vertices (merged 2591 vertices).
2025-03-16 02:20:55 INFO  main [WavefrontOBJ] Done with "Mesh013.obj" (took 10 ms)
2025-03-16 02:20:55 INFO  main [WavefrontOBJ] Loading geometry from "Mesh016.obj" ..
2025-03-16 02:20:55 INFO  main [WavefrontOBJ] Mesh016: 384 triangles, 768 vertices (merged 384 vertices).
2025-03-16 02:20:55 INFO  main [WavefrontOBJ] Done with "Mesh016.obj" (took 8 ms)
2025-03-16 02:20:55 INFO  main [WavefrontOBJ] Loading geometry from "Mesh015.obj" ..
2025-03-16 02:20:55 INFO  main [WavefrontOBJ] Mesh015: 3136 triangles, 1680 vertices (merged 7728 vertices).
2025-03-16 02:20:55 INFO  main [WavefrontOBJ] Done with "Mesh015.obj" (took 31 ms)
2025-03-16 02:20:55 INFO  main [WavefrontOBJ] Loading geometry from "Mesh023.obj" ..
2025-03-16 02:20:55 INFO  main [WavefrontOBJ] Mesh023: 1056 triangles, 577 vertices (merged 2591 vertices).
2025-03-16 02:20:55 INFO  main [WavefrontOBJ] Done with "Mesh023.obj" (took 16 ms)
2025-03-16 02:20:55 INFO  main [WavefrontOBJ] Loading geometry from "Mesh020.obj" ..
2025-03-16 02:20:55 INFO  main [WavefrontOBJ] Mesh020: 384 triangles, 768 vertices (merged 384 vertices).
2025-03-16 02:20:55 INFO  main [WavefrontOBJ] Done with "Mesh020.obj" (took 14 ms)
2025-03-16 02:20:55 INFO  main [WavefrontOBJ] Loading geometry from "Mesh017.obj" ..
2025-03-16 02:20:55 INFO  main [WavefrontOBJ] Mesh017: 3136 triangles, 1680 vertices (merged 7728 vertices).
2025-03-16 02:20:55 INFO  main [WavefrontOBJ] Done with "Mesh017.obj" (took 37 ms)
2025-03-16 02:20:55 INFO  main [WavefrontOBJ] Loading geometry from "Mesh024.obj" ..
2025-03-16 02:20:55 INFO  main [WavefrontOBJ] Mesh024: 34 triangles, 68 vertices (merged 34 vertices).
2025-03-16 02:20:55 INFO  main [WavefrontOBJ] Done with "Mesh024.obj" (took 1 ms)
2025-03-16 02:20:55 INFO  main [WavefrontOBJ] Loading geometry from "Mesh041.obj" ..
2025-03-16 02:20:55 INFO  main [WavefrontOBJ] Mesh041: 8 triangles, 16 vertices (merged 8 vertices).
2025-03-16 02:20:55 INFO  main [WavefrontOBJ] Done with "Mesh041.obj" (took 0 ms)
2025-03-16 02:20:55 INFO  main [WavefrontOBJ] Loading geometry from "Mesh011.obj" ..
2025-03-16 02:20:55 INFO  main [WavefrontOBJ] Mesh011: 8992 triangles, 4544 vertices (merged 22432 vertices).
2025-03-16 02:20:55 INFO  main [WavefrontOBJ] Done with "Mesh011.obj" (took 92 ms)
2025-03-16 02:20:55 INFO  main [WavefrontOBJ] Loading geometry from "Mesh026.obj" ..
2025-03-16 02:20:55 INFO  main [WavefrontOBJ] Mesh026: 7624 triangles, 4070 vertices (merged 18802 vertices).
2025-03-16 02:20:55 INFO  main [WavefrontOBJ] Done with "Mesh026.obj" (took 82 ms)
2025-03-16 02:20:55 INFO  main [WavefrontOBJ] Loading geometry from "Mesh018.obj" ..
2025-03-16 02:20:55 INFO  main [WavefrontOBJ] Mesh018: 2016 triangles, 1260 vertices (merged 4788 vertices).
2025-03-16 02:20:55 INFO  main [WavefrontOBJ] Done with "Mesh018.obj" (took 20 ms)
2025-03-16 02:20:55 INFO  main [WavefrontOBJ] Loading geometry from "Mesh007.obj" ..
2025-03-16 02:20:55 INFO  main [WavefrontOBJ] Mesh007: 4352 triangles, 2178 vertices (merged 10878 vertices).
2025-03-16 02:20:55 INFO  main [WavefrontOBJ] Done with "Mesh007.obj" (took 50 ms)
2025-03-16 02:20:55 INFO  main [WavefrontOBJ] Loading geometry from "Mesh005.obj" ..
2025-03-16 02:20:55 INFO  main [WavefrontOBJ] Mesh005: 160 triangles, 144 vertices (merged 336 vertices).
2025-03-16 02:20:55 INFO  main [WavefrontOBJ] Done with "Mesh005.obj" (took 1 ms)
2025-03-16 02:20:55 INFO  main [WavefrontOBJ] Loading geometry from "Mesh019.obj" ..
2025-03-16 02:20:55 INFO  main [WavefrontOBJ] Mesh019: 560 triangles, 400 vertices (merged 1280 vertices).
2025-03-16 02:20:55 INFO  main [WavefrontOBJ] Done with "Mesh019.obj" (took 5 ms)
2025-03-16 02:20:55 INFO  main [WavefrontOBJ] Loading geometry from "Mesh021.obj" ..
2025-03-16 02:20:55 INFO  main [WavefrontOBJ] Mesh021: 720 triangles, 482 vertices (merged 1678 vertices).
2025-03-16 02:20:55 INFO  main [WavefrontOBJ] Done with "Mesh021.obj" (took 7 ms)
2025-03-16 02:20:55 INFO  main [WavefrontOBJ] Loading geometry from "Mesh037.obj" ..
2025-03-16 02:20:55 INFO  main [WavefrontOBJ] Mesh037: 7624 triangles, 4070 vertices (merged 18802 vertices).
2025-03-16 02:20:55 INFO  main [WavefrontOBJ] Done with "Mesh037.obj" (took 85 ms)
2025-03-16 02:20:55 INFO  main [WavefrontOBJ] Loading geometry from "Mesh004.obj" ..
2025-03-16 02:20:55 INFO  main [WavefrontOBJ] Mesh004: 2016 triangles, 1260 vertices (merged 4788 vertices).
2025-03-16 02:20:55 INFO  main [WavefrontOBJ] Done with "Mesh004.obj" (took 23 ms)
2025-03-16 02:20:55 INFO  main [WavefrontOBJ] Loading geometry from "Mesh014.obj" ..
2025-03-16 02:20:55 INFO  main [WavefrontOBJ] Mesh014: 160 triangles, 144 vertices (merged 336 vertices).
2025-03-16 02:20:55 INFO  main [WavefrontOBJ] Done with "Mesh014.obj" (took 1 ms)
2025-03-16 02:20:55 INFO  main [WavefrontOBJ] Loading geometry from "Mesh012.obj" ..
2025-03-16 02:20:55 INFO  main [WavefrontOBJ] Mesh012: 560 triangles, 400 vertices (merged 1280 vertices).
2025-03-16 02:20:55 INFO  main [WavefrontOBJ] Done with "Mesh012.obj" (took 6 ms)
2025-03-16 02:20:55 INFO  main [WavefrontOBJ] Loading geometry from "Mesh028.obj" ..
2025-03-16 02:20:55 INFO  main [WavefrontOBJ] Mesh028: 720 triangles, 482 vertices (merged 1678 vertices).
2025-03-16 02:20:55 INFO  main [WavefrontOBJ] Done with "Mesh028.obj" (took 7 ms)
2025-03-16 02:20:55 INFO  main [WavefrontOBJ] Loading geometry from "Mesh025.obj" ..
2025-03-16 02:20:55 INFO  main [WavefrontOBJ] Mesh025: 4352 triangles, 2178 vertices (merged 10878 vertices).
2025-03-16 02:20:55 INFO  main [WavefrontOBJ] Done with "Mesh025.obj" (took 40 ms)
2025-03-16 02:20:55 INFO  main [WavefrontOBJ] Loading geometry from "Mesh008.obj" ..
2025-03-16 02:20:55 INFO  main [WavefrontOBJ] Mesh008: 6320 triangles, 3270 vertices (merged 15690 vertices).
2025-03-16 02:20:55 INFO  main [WavefrontOBJ] Done with "Mesh008.obj" (took 55 ms)
2025-03-16 02:20:55 INFO  main [WavefrontOBJ] Loading geometry from "Mesh032.obj" ..
2025-03-16 02:20:55 INFO  main [WavefrontOBJ] Mesh032: 13248 triangles, 6686 vertices (merged 33058 vertices).
2025-03-16 02:20:55 INFO  main [WavefrontOBJ] Done with "Mesh032.obj" (took 125 ms)
2025-03-16 02:20:55 INFO  main [WavefrontOBJ] Loading geometry from "Mesh035.obj" ..
2025-03-16 02:20:56 INFO  main [WavefrontOBJ] Mesh035: 14480 triangles, 7404 vertices (merged 36036 vertices).
2025-03-16 02:20:56 INFO  main [WavefrontOBJ] Done with "Mesh035.obj" (took 131 ms)
2025-03-16 02:20:56 INFO  main [WavefrontOBJ] Loading geometry from "Mesh042.obj" ..
2025-03-16 02:20:56 INFO  main [WavefrontOBJ] Mesh042: 2320 triangles, 1492 vertices (merged 5468 vertices).
2025-03-16 02:20:56 INFO  main [WavefrontOBJ] Done with "Mesh042.obj" (took 20 ms)
2025-03-16 02:20:56 INFO  main [WavefrontOBJ] Loading geometry from "Mesh010.obj" ..
2025-03-16 02:20:56 INFO  main [WavefrontOBJ] Mesh010: 13248 triangles, 6686 vertices (merged 33058 vertices).
2025-03-16 02:20:56 INFO  main [WavefrontOBJ] Done with "Mesh010.obj" (took 111 ms)
2025-03-16 02:20:56 INFO  main [WavefrontOBJ] Loading geometry from "Mesh036.obj" ..
2025-03-16 02:20:56 INFO  main [WavefrontOBJ] Mesh036: 14480 triangles, 7404 vertices (merged 36036 vertices).
2025-03-16 02:20:56 INFO  main [WavefrontOBJ] Done with "Mesh036.obj" (took 106 ms)
2025-03-16 02:20:56 INFO  main [WavefrontOBJ] Loading geometry from "Mesh027.obj" ..
2025-03-16 02:20:56 INFO  main [WavefrontOBJ] Mesh027: 2320 triangles, 1492 vertices (merged 5468 vertices).
2025-03-16 02:20:56 INFO  main [WavefrontOBJ] Done with "Mesh027.obj" (took 23 ms)
2025-03-16 02:20:56 INFO  main [WavefrontOBJ] Loading geometry from "Mesh043.obj" ..
2025-03-16 02:20:56 INFO  main [WavefrontOBJ] Mesh043: 13248 triangles, 6686 vertices (merged 33058 vertices).
2025-03-16 02:20:56 INFO  main [WavefrontOBJ] Done with "Mesh043.obj" (took 90 ms)
2025-03-16 02:20:56 INFO  main [WavefrontOBJ] Loading geometry from "Mesh044.obj" ..
2025-03-16 02:20:56 INFO  main [WavefrontOBJ] Mesh044: 14480 triangles, 7404 vertices (merged 36036 vertices).
2025-03-16 02:20:56 INFO  main [WavefrontOBJ] Done with "Mesh044.obj" (took 100 ms)
2025-03-16 02:20:56 INFO  main [WavefrontOBJ] Loading geometry from "Mesh031.obj" ..
2025-03-16 02:20:56 INFO  main [WavefrontOBJ] Mesh031: 2320 triangles, 1492 vertices (merged 5468 vertices).
2025-03-16 02:20:56 INFO  main [WavefrontOBJ] Done with "Mesh031.obj" (took 19 ms)
2025-03-16 02:20:56 INFO  main [WavefrontOBJ] Loading geometry from "Mesh022.obj" ..
2025-03-16 02:20:56 INFO  main [WavefrontOBJ] Mesh022: 13248 triangles, 6686 vertices (merged 33058 vertices).
2025-03-16 02:20:56 INFO  main [WavefrontOBJ] Done with "Mesh022.obj" (took 107 ms)
2025-03-16 02:20:56 INFO  main [WavefrontOBJ] Loading geometry from "Mesh038.obj" ..
2025-03-16 02:20:56 INFO  main [WavefrontOBJ] Mesh038: 14480 triangles, 7404 vertices (merged 36036 vertices).
2025-03-16 02:20:56 INFO  main [WavefrontOBJ] Done with "Mesh038.obj" (took 93 ms)
2025-03-16 02:20:56 INFO  main [WavefrontOBJ] Loading geometry from "Mesh030.obj" ..
2025-03-16 02:20:56 INFO  main [WavefrontOBJ] Mesh030: 2320 triangles, 1492 vertices (merged 5468 vertices).
2025-03-16 02:20:56 INFO  main [WavefrontOBJ] Done with "Mesh030.obj" (took 20 ms)
2025-03-16 02:20:56 INFO  main [WavefrontOBJ] Loading geometry from "Mesh046.obj" ..
2025-03-16 02:20:56 INFO  main [WavefrontOBJ] Mesh046: 13248 triangles, 6686 vertices (merged 33058 vertices).
2025-03-16 02:20:56 INFO  main [WavefrontOBJ] Done with "Mesh046.obj" (took 78 ms)
2025-03-16 02:20:56 INFO  main [WavefrontOBJ] Loading geometry from "Mesh047.obj" ..
2025-03-16 02:20:57 INFO  main [WavefrontOBJ] Mesh047: 14480 triangles, 7404 vertices (merged 36036 vertices).
2025-03-16 02:20:57 INFO  main [WavefrontOBJ] Done with "Mesh047.obj" (took 95 ms)
2025-03-16 02:20:57 INFO  main [WavefrontOBJ] Loading geometry from "Mesh034.obj" ..
2025-03-16 02:20:57 INFO  main [WavefrontOBJ] Mesh034: 2320 triangles, 1492 vertices (merged 5468 vertices).
2025-03-16 02:20:57 INFO  main [WavefrontOBJ] Done with "Mesh034.obj" (took 15 ms)
2025-03-16 02:20:57 INFO  main [WavefrontOBJ] Loading geometry from "Mesh033.obj" ..
2025-03-16 02:20:57 INFO  main [WavefrontOBJ] Mesh033: 44 triangles, 96 vertices (merged 36 vertices).
2025-03-16 02:20:57 INFO  main [WavefrontOBJ] Done with "Mesh033.obj" (took 1 ms)
2025-03-16 02:20:57 INFO  main [WavefrontOBJ] Loading geometry from "Mesh006.obj" ..
2025-03-16 02:20:57 INFO  main [WavefrontOBJ] Mesh006: 4 triangles, 6 vertices (merged 6 vertices).
2025-03-16 02:20:57 INFO  main [WavefrontOBJ] Done with "Mesh006.obj" (took 0 ms)
2025-03-16 02:20:57 INFO  main [WavefrontOBJ] Loading geometry from "Mesh048.obj" ..
2025-03-16 02:20:57 INFO  main [WavefrontOBJ] Mesh048: 30 triangles, 38 vertices (merged 52 vertices).
2025-03-16 02:20:57 INFO  main [WavefrontOBJ] Done with "Mesh048.obj" (took 0 ms)
2025-03-16 02:20:57 INFO  main [WavefrontOBJ] Loading geometry from "Mesh049.obj" ..
2025-03-16 02:20:57 INFO  main [WavefrontOBJ] Mesh049: 13248 triangles, 6686 vertices (merged 33058 vertices).
2025-03-16 02:20:57 INFO  main [WavefrontOBJ] Done with "Mesh049.obj" (took 85 ms)
2025-03-16 02:20:57 INFO  main [WavefrontOBJ] Loading geometry from "Mesh051.obj" ..
2025-03-16 02:20:57 INFO  main [WavefrontOBJ] Mesh051: 14480 triangles, 7404 vertices (merged 36036 vertices).
2025-03-16 02:20:57 INFO  main [WavefrontOBJ] Done with "Mesh051.obj" (took 92 ms)
2025-03-16 02:20:57 INFO  main [WavefrontOBJ] Loading geometry from "Mesh040.obj" ..
2025-03-16 02:20:57 INFO  main [WavefrontOBJ] Mesh040: 2320 triangles, 1492 vertices (merged 5468 vertices).
2025-03-16 02:20:57 INFO  main [WavefrontOBJ] Done with "Mesh040.obj" (took 18 ms)
2025-03-16 02:20:57 INFO  main [WavefrontOBJ] Loading geometry from "Mesh003.obj" ..
2025-03-16 02:20:57 INFO  main [WavefrontOBJ] Mesh003: 18176 triangles, 9150 vertices (merged 45378 vertices).
2025-03-16 02:20:57 INFO  main [WavefrontOBJ] Done with "Mesh003.obj" (took 116 ms)
2025-03-16 02:20:57 INFO  main [WavefrontOBJ] Loading geometry from "Mesh002.obj" ..
2025-03-16 02:20:57 INFO  main [WavefrontOBJ] Mesh002: 7624 triangles, 4070 vertices (merged 18802 vertices).
2025-03-16 02:20:57 INFO  main [WavefrontOBJ] Done with "Mesh002.obj" (took 51 ms)
2025-03-16 02:20:57 INFO  main [WavefrontOBJ] Loading geometry from "Mesh009.obj" ..
2025-03-16 02:20:57 INFO  main [WavefrontOBJ] Mesh009: 2016 triangles, 1260 vertices (merged 4788 vertices).
2025-03-16 02:20:57 INFO  main [WavefrontOBJ] Done with "Mesh009.obj" (took 15 ms)
2025-03-16 02:20:57 INFO  main [WavefrontOBJ] Loading geometry from "Mesh045.obj" ..
2025-03-16 02:20:57 INFO  main [WavefrontOBJ] Mesh045: 4352 triangles, 2178 vertices (merged 10878 vertices).
2025-03-16 02:20:57 INFO  main [WavefrontOBJ] Done with "Mesh045.obj" (took 37 ms)
2025-03-16 02:20:57 INFO  main [WavefrontOBJ] Loading geometry from "Mesh029.obj" ..
2025-03-16 02:20:57 INFO  main [WavefrontOBJ] Mesh029: 160 triangles, 144 vertices (merged 336 vertices).
2025-03-16 02:20:57 INFO  main [WavefrontOBJ] Done with "Mesh029.obj" (took 2 ms)
2025-03-16 02:20:57 INFO  main [WavefrontOBJ] Loading geometry from "Mesh039.obj" ..
2025-03-16 02:20:57 INFO  main [WavefrontOBJ] Mesh039: 560 triangles, 400 vertices (merged 1280 vertices).
2025-03-16 02:20:57 INFO  main [WavefrontOBJ] Done with "Mesh039.obj" (took 8 ms)
2025-03-16 02:20:57 INFO  main [WavefrontOBJ] Loading geometry from "Mesh050.obj" ..
2025-03-16 02:20:57 INFO  main [WavefrontOBJ] Mesh050: 720 triangles, 482 vertices (merged 1678 vertices).
2025-03-16 02:20:57 INFO  main [WavefrontOBJ] Done with "Mesh050.obj" (took 9 ms)
2025-03-16 02:20:57 INFO  main [WavefrontOBJ] Loading geometry from "Mesh001.obj" ..
2025-03-16 02:20:57 INFO  main [WavefrontOBJ] Mesh001: 170 triangles, 340 vertices (merged 170 vertices).
2025-03-16 02:20:57 INFO  main [WavefrontOBJ] Done with "Mesh001.obj" (took 3 ms)
2025-03-16 02:20:57 INFO  main [WavefrontOBJ] Loading geometry from "Mesh000.obj" ..
2025-03-16 02:20:57 INFO  main [WavefrontOBJ] Mesh000: 22 triangles, 44 vertices (merged 22 vertices).
2025-03-16 02:20:57 INFO  main [WavefrontOBJ] Done with "Mesh000.obj" (took 1 ms)
2025-03-16 02:20:57 INFO  main [PluginManager] Loading plugin "plugins/rectangle.so" ..
2025-03-16 02:20:57 INFO  ren0 [KDTreeBase] Constructing a SAH kd-tree (321251 primitives) ..
2025-03-16 02:21:02 INFO  ren0 [KDTreeBase] Finished -- took 4496 ms.
2025-03-16 02:21:02 INFO  ren0 [PMMFocalGuidingIntegrator] Starting preprocess
2025-03-16 02:21:02 INFO  ren0 [octree.h:482] root weight: 8.000e-20 (0.000000)
2025-03-16 02:21:02 INFO  ren0 [octree.h:483] splitting threshold: 8.000e-23 (0.000000)
2025-03-16 02:21:02 INFO  ren0 [octree.h:498] node count: 1 -> 585 -> 585

2025-03-16 02:21:02 INFO  ren0 [octree.h:482] root weight: 4.096e-17 (0.000000)
2025-03-16 02:21:02 INFO  ren0 [octree.h:483] splitting threshold: 4.096e-20 (0.000000)
2025-03-16 02:21:02 INFO  ren0 [octree.h:498] node count: 585 -> 585 -> 585

2025-03-16 02:21:02 INFO  ren0 [octree.h:482] root weight: 8.000e-20 (0.000000)
2025-03-16 02:21:02 INFO  ren0 [octree.h:483] splitting threshold: 8.000e-23 (0.000000)
2025-03-16 02:21:02 INFO  ren0 [octree.h:498] node count: 1 -> 585 -> 585

2025-03-16 02:21:02 INFO  ren0 [octree.h:482] root weight: 4.096e-17 (0.000000)
2025-03-16 02:21:02 INFO  ren0 [octree.h:483] splitting threshold: 4.096e-20 (0.000000)
2025-03-16 02:21:02 INFO  ren0 [octree.h:498] node count: 585 -> 585 -> 585

2025-03-16 02:21:02 INFO  ren0 [PMMFocalGuidingIntegrator] Octree[
AABB: AABB3[min=[-6.3658, -1.5274, -4.73046], max=[5.27597, 8.04131, 10.0598]]
Nodes count: 585
]
2025-03-16 02:21:02 INFO  ren0 [PMMFocalGuidingIntegrator] Octree[
AABB: AABB3[min=[-6.3658, -1.5274, -4.73046], max=[5.27597, 8.04131, 10.0598]]
Nodes count: 585
]
2025-03-16 02:21:02 INFO  ren0 [PMMFocalGuidingIntegrator] GMM[
weight = 0.166667 mean = [-2.55192 -0.182294 7.19012] covariance = [[1 0 0][0 1 0][0 0 1]]
weight = 0.166667 mean = [4.31232 2.00482 7.48807] covariance = [[1 0 0][0 1 0][0 0 1]]
weight = 0.166667 mean = [1.66109 1.35211 9.52473] covariance = [[1 0 0][0 1 0][0 0 1]]
weight = 0.166667 mean = [4.95093 3.82267 1.20348] covariance = [[1 0 0][0 1 0][0 0 1]]
weight = 0.166667 mean = [1.70393 -0.66505 5.65689] covariance = [[1 0 0][0 1 0][0 0 1]]
weight = 0.166667 mean = [-0.303053 2.92092 3.16344] covariance = [[1 0 0][0 1 0][0 0 1]]
]
2025-03-16 02:21:02 INFO  ren0 [PMMFocalGuidingIntegrator] Starting training... (8) iterations
2025-03-16 02:21:02 INFO  ren0 [PMMFocalGuidingIntegrator] Rendering 0 iteration
2025-03-16 02:21:02 INFO  ren0 [SamplingIntegrator] Starting render job (1280x720, 4 samples, 8 cores, SSE2 enabled) ..
2025-03-16 02:21:05 INFO  wrk6 [PMMFocalGuidingIntegrator] hit luminaire, value = [1e+06, 1e+06, 1e+06]
2025-03-16 02:21:07 INFO  wrk6 [PMMFocalGuidingIntegrator] hit luminaire, value = [1e+06, 1e+06, 1e+06]
2025-03-16 02:21:17 INFO  wrk7 [PMMFocalGuidingIntegrator] hit luminaire, value = [0, 0, 0]
2025-03-16 02:21:48 INFO  wrk5 [PMMFocalGuidingIntegrator] hit luminaire, value = [1e+06, 1e+06, 1e+06]
2025-03-16 02:21:54 INFO  wrk3 [PMMFocalGuidingIntegrator] hit luminaire, value = [0, 0, 0]
2025-03-16 02:21:57 INFO  ren0 [PMMFocalGuidingIntegrator] iteration render time: 55.2323s
2025-03-16 02:21:57 INFO  ren0 [PMMFocalGuidingIntegrator] Got 34777 non-zero samples and 0 zero samples
2025-03-16 02:22:03 INFO  ren0 [gaussian_mixture_model.h:126] Components accumulated weight is: 1.000000
2025-03-16 02:22:03 INFO  ren0 [gaussian_mixture_model.h:173] exp(-dist) between 0 and 1 is 0.016726
2025-03-16 02:22:03 INFO  ren0 [gaussian_mixture_model.h:173] exp(-dist) between 0 and 2 is 0.283331
2025-03-16 02:22:03 INFO  ren0 [gaussian_mixture_model.h:173] exp(-dist) between 0 and 3 is 0.000913
2025-03-16 02:22:03 INFO  ren0 [gaussian_mixture_model.h:173] exp(-dist) between 0 and 4 is 0.178265
2025-03-16 02:22:03 INFO  ren0 [gaussian_mixture_model.h:173] exp(-dist) between 0 and 5 is 0.230204
2025-03-16 02:22:03 INFO  ren0 [gaussian_mixture_model.h:173] exp(-dist) between 1 and 2 is 0.340955
2025-03-16 02:22:03 INFO  ren0 [gaussian_mixture_model.h:173] exp(-dist) between 1 and 3 is 0.101194
2025-03-16 02:22:03 INFO  ren0 [gaussian_mixture_model.h:173] exp(-dist) between 1 and 4 is 0.296098
2025-03-16 02:22:03 INFO  ren0 [gaussian_mixture_model.h:173] exp(-dist) between 1 and 5 is 0.236512
2025-03-16 02:22:03 INFO  ren0 [gaussian_mixture_model.h:173] exp(-dist) between 2 and 3 is 0.005438
2025-03-16 02:22:03 INFO  ren0 [gaussian_mixture_model.h:173] exp(-dist) between 2 and 4 is 0.235682
2025-03-16 02:22:03 INFO  ren0 [gaussian_mixture_model.h:173] exp(-dist) between 2 and 5 is 0.253671
2025-03-16 02:22:03 INFO  ren0 [gaussian_mixture_model.h:173] exp(-dist) between 3 and 4 is 0.112645
2025-03-16 02:22:03 INFO  ren0 [gaussian_mixture_model.h:173] exp(-dist) between 3 and 5 is 0.382022
2025-03-16 02:22:03 INFO  ren0 [gaussian_mixture_model.h:173] exp(-dist) between 4 and 5 is 0.308284
2025-03-16 02:22:03 INFO  ren0 [gaussian_mixture_model.h:180] components before the merge: 6
2025-03-16 02:22:03 INFO  ren0 [gaussian_mixture_model.h:183] Merging 5 and 3, because their BC is 0.382022
2025-03-16 02:22:03 INFO  ren0 [gaussian_mixture_model.h:200] components after the merge: 5, merged 1 component
2025-03-16 02:22:03 INFO  ren0 [gaussian_mixture_model.h:237] Ratio is 6.538144
2025-03-16 02:22:03 INFO  ren0 [gaussian_mixture_model.h:237] Ratio is 7.665646
2025-03-16 02:22:03 INFO  ren0 [gaussian_mixture_model.h:237] Ratio is 9.196084
2025-03-16 02:22:03 INFO  ren0 [gaussian_mixture_model.h:237] Ratio is 2.529490
2025-03-16 02:22:03 INFO  ren0 [gaussian_mixture_model.h:237] Ratio is 3.170671
2025-03-16 02:22:03 INFO  ren0 [gaussian_mixture_model.h:237] Ratio is 3.269072
2025-03-16 02:22:03 INFO  ren0 [gaussian_mixture_model.h:237] Ratio is 3.269072
2025-03-16 02:22:03 INFO  ren0 [gaussian_mixture_model.h:237] Ratio is 3.832823
2025-03-16 02:22:03 INFO  ren0 [gaussian_mixture_model.h:237] Ratio is 3.832823
2025-03-16 02:22:03 INFO  ren0 [gaussian_mixture_model.h:237] Ratio is 4.598042
2025-03-16 02:22:03 INFO  ren0 [gaussian_mixture_model.h:237] Ratio is 4.598042
2025-03-16 02:22:03 INFO  ren0 [gaussian_mixture_model.h:218] components after the split: 10, split 5 components
2025-03-16 02:22:03 INFO  ren0 [octree.h:482] root weight: 5.730e+04 (57299.031250)
2025-03-16 02:22:03 INFO  ren0 [octree.h:483] splitting threshold: 5.730e+01 (57.299034)
2025-03-16 02:22:03 INFO  ren0 [octree.h:482] root weight: 9.100e+03 (9099.554688)
2025-03-16 02:22:03 INFO  ren0 [octree.h:483] splitting threshold: 9.100e+00 (9.099555)
2025-03-16 02:22:03 INFO  ren0 [octree.h:498] node count: 585 -> 595 -> 496

2025-03-16 02:22:03 INFO  ren0 [octree.h:498] node count: 585 -> 589 -> 334

2025-03-16 02:22:03 INFO  ren0 [PMMFocalGuidingIntegrator] diverge probability: 0.137

2025-03-16 02:22:03 INFO  ren0 [PMMFocalGuidingIntegrator] iteration postprocessing time: 6.1444s
2025-03-16 02:22:03 INFO  ren0 [PMMFocalGuidingIntegrator] GMM[
weight = 0.074505 mean = [-3.02247 0.473811 6.95776] covariance = [[3.05553 -1.28794 0.882466][-1.28794 4.6676 0.732496][0.882466 0.732496 3.51651]]
weight = 0.0354641 mean = [3.9672 2.16707 7.28153] covariance = [[1.36404 -0.74276 0.204217][-0.74276 4.11356 0.0463752][0.204217 0.0463752 1.93432]]
weight = 0.0182092 mean = [1.799 0.587813 9.20292] covariance = [[1.9848 -0.1422 0.246504][-0.1422 2.28282 -0.132775][0.246504 -0.132775 1.10589]]
weight = 0.074505 mean = [-4.44771 3.40176 7.4258] covariance = [[3.05553 -1.28794 0.882466][-1.28794 4.6676 0.732496][0.882466 0.732496 3.51651]]
weight = 0.04721 mean = [1.89321 -0.0989239 5.02486] covariance = [[2.44689 -0.0440184 -0.232741][-0.0440184 1.39167 -0.00198661][-0.232741 -0.00198661 3.46468]]
weight = 0.660015 mean = [-0.949571 3.53898 0.289143] covariance = [[11.6229 -0.861649 4.21682][-0.861649 6.21013 1.03211][4.21682 1.03211 15.1648]]
weight = 0.0354641 mean = [3.24774 5.0105 7.27516] covariance = [[1.36404 -0.74276 0.204217][-0.74276 4.11356 0.0463752][0.204217 0.0463752 1.93432]]
weight = 0.0182092 mean = [0.472317 3.31895 8.66088] covariance = [[1.9848 -0.1422 0.246504][-0.1422 2.28282 -0.132775][0.246504 -0.132775 1.10589]]
weight = 0.0182092 mean = [0.860893 2.51902 8.81964] covariance = [[1.9848 -0.1422 0.246504][-0.1422 2.28282 -0.132775][0.246504 -0.132775 1.10589]]
weight = 0.0182092 mean = [-0.465789 5.25015 8.27761] covariance = [[1.9848 -0.1422 0.246504][-0.1422 2.28282 -0.132775][0.246504 -0.132775 1.10589]]
]
2025-03-16 02:22:03 INFO  ren0 [PMMFocalGuidingIntegrator] Octree[
AABB: AABB3[min=[-6.3658, -1.5274, -4.73046], max=[5.27597, 8.04131, 10.0598]]
Nodes count: 496
]
2025-03-16 02:22:03 INFO  ren0 [PMMFocalGuidingIntegrator] Octree[
AABB: AABB3[min=[-6.3658, -1.5274, -4.73046], max=[5.27597, 8.04131, 10.0598]]
Nodes count: 334
]
2025-03-16 02:22:03 INFO  ren0 [PMMFocalGuidingIntegrator] Rendering 1 iteration
2025-03-16 02:22:03 INFO  ren0 [SamplingIntegrator] Starting render job (1280x720, 4 samples, 8 cores, SSE2 enabled) ..
2025-03-16 02:24:41 INFO  ren0 [PMMFocalGuidingIntegrator] iteration render time: 2.6329m
2025-03-16 02:24:41 INFO  ren0 [PMMFocalGuidingIntegrator] Got 51146 non-zero samples and 0 zero samples
2025-03-16 02:24:55 INFO  ren0 [gaussian_mixture_model.h:126] Components accumulated weight is: 1.000000
2025-03-16 02:24:55 INFO  ren0 [gaussian_mixture_model.h:173] exp(-dist) between 0 and 1 is 0.028571
2025-03-16 02:24:55 INFO  ren0 [gaussian_mixture_model.h:173] exp(-dist) between 0 and 2 is 0.248364
2025-03-16 02:24:55 INFO  ren0 [gaussian_mixture_model.h:173] exp(-dist) between 0 and 3 is 0.808859
2025-03-16 02:24:55 INFO  ren0 [gaussian_mixture_model.h:173] exp(-dist) between 0 and 4 is 0.267670
2025-03-16 02:24:55 INFO  ren0 [gaussian_mixture_model.h:173] exp(-dist) between 0 and 5 is 0.235079
2025-03-16 02:24:55 INFO  ren0 [gaussian_mixture_model.h:173] exp(-dist) between 0 and 6 is 0.022210
2025-03-16 02:24:55 INFO  ren0 [gaussian_mixture_model.h:173] exp(-dist) between 0 and 7 is 0.341201
2025-03-16 02:24:55 INFO  ren0 [gaussian_mixture_model.h:173] exp(-dist) between 0 and 8 is 0.333485
2025-03-16 02:24:55 INFO  ren0 [gaussian_mixture_model.h:173] exp(-dist) between 0 and 9 is 0.222347
2025-03-16 02:24:55 INFO  ren0 [gaussian_mixture_model.h:173] exp(-dist) between 1 and 2 is 0.401990
2025-03-16 02:24:55 INFO  ren0 [gaussian_mixture_model.h:173] exp(-dist) between 1 and 3 is 0.006840
2025-03-16 02:24:55 INFO  ren0 [gaussian_mixture_model.h:173] exp(-dist) between 1 and 4 is 0.391138
2025-03-16 02:24:55 INFO  ren0 [gaussian_mixture_model.h:173] exp(-dist) between 1 and 5 is 0.178054
2025-03-16 02:24:55 INFO  ren0 [gaussian_mixture_model.h:173] exp(-dist) between 1 and 6 is 0.753098
2025-03-16 02:24:55 INFO  ren0 [gaussian_mixture_model.h:173] exp(-dist) between 1 and 7 is 0.314293
2025-03-16 02:24:55 INFO  ren0 [gaussian_mixture_model.h:173] exp(-dist) between 1 and 8 is 0.360977
2025-03-16 02:24:55 INFO  ren0 [gaussian_mixture_model.h:173] exp(-dist) between 1 and 9 is 0.147818
2025-03-16 02:24:55 INFO  ren0 [gaussian_mixture_model.h:173] exp(-dist) between 2 and 3 is 0.101143
2025-03-16 02:24:55 INFO  ren0 [gaussian_mixture_model.h:173] exp(-dist) between 2 and 4 is 0.388008
2025-03-16 02:24:55 INFO  ren0 [gaussian_mixture_model.h:173] exp(-dist) between 2 and 5 is 0.090004
2025-03-16 02:24:55 INFO  ren0 [gaussian_mixture_model.h:173] exp(-dist) between 2 and 6 is 0.220378
2025-03-16 02:24:55 INFO  ren0 [gaussian_mixture_model.h:173] exp(-dist) between 2 and 7 is 0.643152
2025-03-16 02:24:55 INFO  ren0 [gaussian_mixture_model.h:173] exp(-dist) between 2 and 8 is 0.808525
2025-03-16 02:24:55 INFO  ren0 [gaussian_mixture_model.h:173] exp(-dist) between 2 and 9 is 0.205729
2025-03-16 02:24:55 INFO  ren0 [gaussian_mixture_model.h:173] exp(-dist) between 3 and 4 is 0.103882
2025-03-16 02:24:55 INFO  ren0 [gaussian_mixture_model.h:173] exp(-dist) between 3 and 5 is 0.223810
2025-03-16 02:24:55 INFO  ren0 [gaussian_mixture_model.h:173] exp(-dist) between 3 and 6 is 0.010768
2025-03-16 02:24:55 INFO  ren0 [gaussian_mixture_model.h:173] exp(-dist) between 3 and 7 is 0.265171
2025-03-16 02:24:55 INFO  ren0 [gaussian_mixture_model.h:173] exp(-dist) between 3 and 8 is 0.209801
2025-03-16 02:24:55 INFO  ren0 [gaussian_mixture_model.h:173] exp(-dist) between 3 and 9 is 0.326153
2025-03-16 02:24:55 INFO  ren0 [gaussian_mixture_model.h:173] exp(-dist) between 4 and 5 is 0.293313
2025-03-16 02:24:55 INFO  ren0 [gaussian_mixture_model.h:173] exp(-dist) between 4 and 6 is 0.161987
2025-03-16 02:24:55 INFO  ren0 [gaussian_mixture_model.h:173] exp(-dist) between 4 and 7 is 0.253226
2025-03-16 02:24:55 INFO  ren0 [gaussian_mixture_model.h:173] exp(-dist) between 4 and 8 is 0.317865
2025-03-16 02:24:55 INFO  ren0 [gaussian_mixture_model.h:173] exp(-dist) between 4 and 9 is 0.068025
2025-03-16 02:24:55 INFO  ren0 [gaussian_mixture_model.h:173] exp(-dist) between 5 and 6 is 0.214562
2025-03-16 02:24:55 INFO  ren0 [gaussian_mixture_model.h:173] exp(-dist) between 5 and 7 is 0.172329
2025-03-16 02:24:55 INFO  ren0 [gaussian_mixture_model.h:173] exp(-dist) between 5 and 8 is 0.147578
2025-03-16 02:24:55 INFO  ren0 [gaussian_mixture_model.h:173] exp(-dist) between 5 and 9 is 0.183603
2025-03-16 02:24:55 INFO  ren0 [gaussian_mixture_model.h:173] exp(-dist) between 6 and 7 is 0.347274
2025-03-16 02:24:55 INFO  ren0 [gaussian_mixture_model.h:173] exp(-dist) between 6 and 8 is 0.319902
2025-03-16 02:24:55 INFO  ren0 [gaussian_mixture_model.h:173] exp(-dist) between 6 and 9 is 0.286493
2025-03-16 02:24:55 INFO  ren0 [gaussian_mixture_model.h:173] exp(-dist) between 7 and 8 is 0.955604
2025-03-16 02:24:55 INFO  ren0 [gaussian_mixture_model.h:173] exp(-dist) between 7 and 9 is 0.728178
2025-03-16 02:24:55 INFO  ren0 [gaussian_mixture_model.h:173] exp(-dist) between 8 and 9 is 0.535672
2025-03-16 02:24:55 INFO  ren0 [gaussian_mixture_model.h:180] components before the merge: 10
2025-03-16 02:24:55 INFO  ren0 [gaussian_mixture_model.h:183] Merging 8 and 7, because their BC is 0.955604
2025-03-16 02:24:55 INFO  ren0 [gaussian_mixture_model.h:183] Merging 3 and 0, because their BC is 0.808859
2025-03-16 02:24:55 INFO  ren0 [gaussian_mixture_model.h:183] Merging 6 and 1, because their BC is 0.753098
2025-03-16 02:24:55 INFO  ren0 [gaussian_mixture_model.h:183] Merging 8 and 2, because their BC is 0.736577
2025-03-16 02:24:55 INFO  ren0 [gaussian_mixture_model.h:200] components after the merge: 6, merged 4 component
2025-03-16 02:24:55 INFO  ren0 [gaussian_mixture_model.h:237] Ratio is 3.336112
2025-03-16 02:24:55 INFO  ren0 [gaussian_mixture_model.h:237] Ratio is 3.283641
2025-03-16 02:24:55 INFO  ren0 [gaussian_mixture_model.h:237] Ratio is 2.220912
2025-03-16 02:24:55 INFO  ren0 [gaussian_mixture_model.h:237] Ratio is 5.697410
2025-03-16 02:24:55 INFO  ren0 [gaussian_mixture_model.h:237] Ratio is 4.075266
2025-03-16 02:24:55 INFO  ren0 [gaussian_mixture_model.h:237] Ratio is 2.793006
2025-03-16 02:24:55 INFO  ren0 [gaussian_mixture_model.h:237] Ratio is 2.848705
2025-03-16 02:24:55 INFO  ren0 [gaussian_mixture_model.h:237] Ratio is 2.848705
2025-03-16 02:24:55 INFO  ren0 [gaussian_mixture_model.h:237] Ratio is 2.369923
2025-03-16 02:24:55 INFO  ren0 [gaussian_mixture_model.h:237] Ratio is 2.369923
2025-03-16 02:24:55 INFO  ren0 [gaussian_mixture_model.h:218] components after the split: 8, split 2 components
2025-03-16 02:24:55 INFO  ren0 [octree.h:482] root weight: 5.624e+04 (56241.582031)
2025-03-16 02:24:55 INFO  ren0 [octree.h:483] splitting threshold: 5.624e+01 (56.241585)
2025-03-16 02:24:55 INFO  ren0 [octree.h:482] root weight: 6.896e+03 (6896.089355)
2025-03-16 02:24:55 INFO  ren0 [octree.h:483] splitting threshold: 6.896e+00 (6.896090)
2025-03-16 02:24:55 INFO  ren0 [octree.h:498] node count: 496 -> 518 -> 493

2025-03-16 02:24:55 INFO  ren0 [octree.h:498] node count: 334 -> 336 -> 323

2025-03-16 02:24:55 INFO  ren0 [PMMFocalGuidingIntegrator] diverge probability: 0.109

2025-03-16 02:24:55 INFO  ren0 [PMMFocalGuidingIntegrator] iteration postprocessing time: 14.2702s
2025-03-16 02:24:55 INFO  ren0 [PMMFocalGuidingIntegrator] GMM[
weight = 0.0302145 mean = [3.19804 4.91037 7.27921] covariance = [[1.22893 -0.388327 0.203148][-0.388327 3.06547 0.0212356][0.203148 0.0212356 1.99598]]
weight = 0.0258991 mean = [0.470199 2.8928 8.51013] covariance = [[1.96362 0.140462 0.214866][0.140462 1.87347 -0.0319474][0.214866 -0.0319474 0.927402]]
weight = 0.141792 mean = [-3.72849 2.24063 7.19803] covariance = [[2.90856 -1.40706 0.540951][-1.40706 5.63905 0.790748][0.540951 0.790748 3.53066]]
weight = 0.0409009 mean = [1.71834 0.0884636 5.14223] covariance = [[2.71802 -0.164888 -0.223592][-0.164888 1.22521 0.165664][-0.223592 0.165664 3.88443]]
weight = 0.685472 mean = [-0.810767 3.44354 0.52813] covariance = [[8.50518 -0.28171 1.29299][-0.28171 5.64486 1.05759][1.29299 1.05759 11.2768]]
weight = 0.0302145 mean = [3.70063 2.45382 7.32269] covariance = [[1.22893 -0.388327 0.203148][-0.388327 3.06547 0.0212356][0.203148 0.0212356 1.99598]]
weight = 0.0258991 mean = [1.43123 1.28692 8.80716] covariance = [[1.96362 0.140462 0.214866][0.140462 1.87347 -0.0319474][0.214866 -0.0319474 0.927402]]
weight = 0.0196077 mean = [-0.671731 5.53932 8.14354] covariance = [[2.19228 -0.274387 0.275118][-0.274387 2.62016 -0.134107][0.275118 -0.134107 1.06515]]
]
2025-03-16 02:24:55 INFO  ren0 [PMMFocalGuidingIntegrator] Octree[
AABB: AABB3[min=[-6.3658, -1.5274, -4.73046], max=[5.27597, 8.04131, 10.0598]]
Nodes count: 493
]
2025-03-16 02:24:55 INFO  ren0 [PMMFocalGuidingIntegrator] Octree[
AABB: AABB3[min=[-6.3658, -1.5274, -4.73046], max=[5.27597, 8.04131, 10.0598]]
Nodes count: 323
]
2025-03-16 02:24:55 INFO  ren0 [PMMFocalGuidingIntegrator] Rendering 2 iteration
2025-03-16 02:24:55 INFO  ren0 [SamplingIntegrator] Starting render job (1280x720, 4 samples, 8 cores, SSE2 enabled) ..
2025-03-16 02:25:02 INFO  wrk5 [PMMFocalGuidingIntegrator] hit luminaire, value = [0, 0, 0]
2025-03-16 02:25:19 INFO  wrk4 [PMMFocalGuidingIntegrator] hit luminaire, value = [1e+06, 1e+06, 1e+06]
2025-03-16 02:25:39 INFO  wrk2 [PMMFocalGuidingIntegrator] hit luminaire, value = [0, 0, 0]
2025-03-16 02:26:16 INFO  wrk7 [PMMFocalGuidingIntegrator] hit luminaire, value = [0, 0, 0]
2025-03-16 02:27:43 INFO  ren0 [PMMFocalGuidingIntegrator] iteration render time: 2.7961m
2025-03-16 02:27:43 INFO  ren0 [PMMFocalGuidingIntegrator] Got 67485 non-zero samples and 0 zero samples
2025-03-16 02:27:58 INFO  ren0 [gaussian_mixture_model.h:126] Components accumulated weight is: 1.000000
2025-03-16 02:27:58 INFO  ren0 [gaussian_mixture_model.h:173] exp(-dist) between 0 and 1 is 0.328466
2025-03-16 02:27:58 INFO  ren0 [gaussian_mixture_model.h:173] exp(-dist) between 0 and 3 is 0.018935
2025-03-16 02:27:58 INFO  ren0 [gaussian_mixture_model.h:173] exp(-dist) between 0 and 4 is 0.152124
2025-03-16 02:27:58 INFO  ren0 [gaussian_mixture_model.h:173] exp(-dist) between 0 and 5 is 0.190648
2025-03-16 02:27:58 INFO  ren0 [gaussian_mixture_model.h:173] exp(-dist) between 0 and 6 is 0.734040
2025-03-16 02:27:58 INFO  ren0 [gaussian_mixture_model.h:173] exp(-dist) between 0 and 8 is 0.256394
2025-03-16 02:27:58 INFO  ren0 [gaussian_mixture_model.h:173] exp(-dist) between 0 and 9 is 0.286335
2025-03-16 02:27:58 INFO  ren0 [gaussian_mixture_model.h:173] exp(-dist) between 1 and 3 is 0.319324
2025-03-16 02:27:58 INFO  ren0 [gaussian_mixture_model.h:173] exp(-dist) between 1 and 4 is 0.291599
2025-03-16 02:27:58 INFO  ren0 [gaussian_mixture_model.h:173] exp(-dist) between 1 and 5 is 0.144712
2025-03-16 02:27:58 INFO  ren0 [gaussian_mixture_model.h:173] exp(-dist) between 1 and 6 is 0.326707
2025-03-16 02:27:58 INFO  ren0 [gaussian_mixture_model.h:173] exp(-dist) between 1 and 8 is 0.777620
2025-03-16 02:27:58 INFO  ren0 [gaussian_mixture_model.h:173] exp(-dist) between 1 and 9 is 0.565488
2025-03-16 02:27:58 INFO  ren0 [gaussian_mixture_model.h:173] exp(-dist) between 3 and 4 is 0.197877
2025-03-16 02:27:58 INFO  ren0 [gaussian_mixture_model.h:173] exp(-dist) between 3 and 5 is 0.246632
2025-03-16 02:27:58 INFO  ren0 [gaussian_mixture_model.h:173] exp(-dist) between 3 and 6 is 0.017907
2025-03-16 02:27:58 INFO  ren0 [gaussian_mixture_model.h:173] exp(-dist) between 3 and 8 is 0.196059
2025-03-16 02:27:58 INFO  ren0 [gaussian_mixture_model.h:173] exp(-dist) between 3 and 9 is 0.320020
2025-03-16 02:27:58 INFO  ren0 [gaussian_mixture_model.h:173] exp(-dist) between 4 and 5 is 0.278226
2025-03-16 02:27:58 INFO  ren0 [gaussian_mixture_model.h:173] exp(-dist) between 4 and 6 is 0.401996
2025-03-16 02:27:58 INFO  ren0 [gaussian_mixture_model.h:173] exp(-dist) between 4 and 8 is 0.417523
2025-03-16 02:27:58 INFO  ren0 [gaussian_mixture_model.h:173] exp(-dist) between 4 and 9 is 0.061742
2025-03-16 02:27:58 INFO  ren0 [gaussian_mixture_model.h:173] exp(-dist) between 5 and 6 is 0.159691
2025-03-16 02:27:58 INFO  ren0 [gaussian_mixture_model.h:173] exp(-dist) between 5 and 8 is 0.091148
2025-03-16 02:27:58 INFO  ren0 [gaussian_mixture_model.h:173] exp(-dist) between 5 and 9 is 0.170310
2025-03-16 02:27:58 INFO  ren0 [gaussian_mixture_model.h:173] exp(-dist) between 6 and 8 is 0.432669
2025-03-16 02:27:58 INFO  ren0 [gaussian_mixture_model.h:173] exp(-dist) between 6 and 9 is 0.144083
2025-03-16 02:27:58 INFO  ren0 [gaussian_mixture_model.h:173] exp(-dist) between 8 and 9 is 0.227681
2025-03-16 02:27:58 INFO  ren0 [gaussian_mixture_model.h:180] components before the merge: 8
2025-03-16 02:27:58 INFO  ren0 [gaussian_mixture_model.h:183] Merging 8 and 1, because their BC is 0.777620
2025-03-16 02:27:58 INFO  ren0 [gaussian_mixture_model.h:183] Merging 6 and 0, because their BC is 0.734040
2025-03-16 02:27:58 INFO  ren0 [gaussian_mixture_model.h:200] components after the merge: 6, merged 2 component
2025-03-16 02:27:58 INFO  ren0 [gaussian_mixture_model.h:237] Ratio is 2.889515
2025-03-16 02:27:58 INFO  ren0 [gaussian_mixture_model.h:237] Ratio is 3.620317
2025-03-16 02:27:58 INFO  ren0 [gaussian_mixture_model.h:237] Ratio is 2.056950
2025-03-16 02:27:58 INFO  ren0 [gaussian_mixture_model.h:237] Ratio is 4.943354
2025-03-16 02:27:58 INFO  ren0 [gaussian_mixture_model.h:237] Ratio is 3.327790
2025-03-16 02:27:58 INFO  ren0 [gaussian_mixture_model.h:237] Ratio is 2.674920
2025-03-16 02:27:58 INFO  ren0 [gaussian_mixture_model.h:237] Ratio is 2.471677
2025-03-16 02:27:58 INFO  ren0 [gaussian_mixture_model.h:237] Ratio is 2.471677
2025-03-16 02:27:58 INFO  ren0 [gaussian_mixture_model.h:218] components after the split: 7, split 1 components
2025-03-16 02:27:58 INFO  ren0 [octree.h:482] root weight: 5.539e+04 (55390.921875)
2025-03-16 02:27:58 INFO  ren0 [octree.h:483] splitting threshold: 5.539e+01 (55.390926)
2025-03-16 02:27:58 INFO  ren0 [octree.h:482] root weight: 6.617e+03 (6617.375488)
2025-03-16 02:27:58 INFO  ren0 [octree.h:483] splitting threshold: 6.617e+00 (6.617376)
2025-03-16 02:27:58 INFO  ren0 [octree.h:498] node count: 493 -> 510 -> 487

2025-03-16 02:27:58 INFO  ren0 [octree.h:498] node count: 323 -> 326 -> 320

2025-03-16 02:27:58 INFO  ren0 [PMMFocalGuidingIntegrator] diverge probability: 0.107

2025-03-16 02:27:58 INFO  ren0 [PMMFocalGuidingIntegrator] iteration postprocessing time: 15.0400s
2025-03-16 02:27:58 INFO  ren0 [PMMFocalGuidingIntegrator] GMM[
weight = 0.0299043 mean = [3.22992 4.86191 7.27135] covariance = [[1.19667 -0.251618 0.207593][-0.251618 2.70135 0.0135134][0.207593 0.0135134 2.04256]]
weight = 0.135294 mean = [-3.70347 2.38584 7.22558] covariance = [[2.66505 -1.1084 0.431683][-1.1084 5.31654 0.54877][0.431683 0.54877 3.37223]]
weight = 0.0401562 mean = [1.69997 0.123601 5.29922] covariance = [[2.93227 -0.226082 -0.251452][-0.226082 1.17426 0.209793][-0.251452 0.209793 4.03127]]
weight = 0.690915 mean = [-0.81178 3.42776 0.512004] covariance = [[7.78434 -0.166074 0.708816][-0.166074 5.33977 0.922927][0.708816 0.922927 10.2414]]
weight = 0.0299043 mean = [3.61505 2.55266 7.34095] covariance = [[1.19667 -0.251618 0.207593][-0.251618 2.70135 0.0135134][0.207593 0.0135134 2.04256]]
weight = 0.0526455 mean = [0.946271 1.93585 8.58812] covariance = [[2.34341 -0.224456 0.291611][-0.224456 2.51074 -0.166033][0.291611 -0.166033 0.881473]]
weight = 0.0211804 mean = [-0.722054 5.71743 8.0871] covariance = [[2.33604 -0.22469 0.285693][-0.22469 2.46937 -0.100973][0.285693 -0.100973 1.06416]]
]
2025-03-16 02:27:58 INFO  ren0 [PMMFocalGuidingIntegrator] Octree[
AABB: AABB3[min=[-6.3658, -1.5274, -4.73046], max=[5.27597, 8.04131, 10.0598]]
Nodes count: 487
]
2025-03-16 02:27:58 INFO  ren0 [PMMFocalGuidingIntegrator] Octree[
AABB: AABB3[min=[-6.3658, -1.5274, -4.73046], max=[5.27597, 8.04131, 10.0598]]
Nodes count: 320
]
2025-03-16 02:27:58 INFO  ren0 [PMMFocalGuidingIntegrator] Rendering 3 iteration
2025-03-16 02:27:58 INFO  ren0 [SamplingIntegrator] Starting render job (1280x720, 4 samples, 8 cores, SSE2 enabled) ..
2025-03-16 02:28:55 INFO  wrk6 [PMMFocalGuidingIntegrator] hit luminaire, value = [1e+06, 1e+06, 1e+06]
2025-03-16 02:29:17 INFO  wrk3 [PMMFocalGuidingIntegrator] hit luminaire, value = [0, 0, 0]
2025-03-16 02:30:45 INFO  ren0 [PMMFocalGuidingIntegrator] iteration render time: 2.7730m
2025-03-16 02:30:45 INFO  ren0 [PMMFocalGuidingIntegrator] Got 86988 non-zero samples and 0 zero samples
2025-03-16 02:31:02 INFO  ren0 [gaussian_mixture_model.h:126] Components accumulated weight is: 1.000000
2025-03-16 02:31:02 INFO  ren0 [gaussian_mixture_model.h:173] exp(-dist) between 0 and 3 is 0.020154
2025-03-16 02:31:02 INFO  ren0 [gaussian_mixture_model.h:173] exp(-dist) between 0 and 4 is 0.150124
2025-03-16 02:31:02 INFO  ren0 [gaussian_mixture_model.h:173] exp(-dist) between 0 and 5 is 0.175821
2025-03-16 02:31:02 INFO  ren0 [gaussian_mixture_model.h:173] exp(-dist) between 0 and 6 is 0.735607
2025-03-16 02:31:02 INFO  ren0 [gaussian_mixture_model.h:173] exp(-dist) between 0 and 8 is 0.302561
2025-03-16 02:31:02 INFO  ren0 [gaussian_mixture_model.h:173] exp(-dist) between 0 and 9 is 0.280241
2025-03-16 02:31:02 INFO  ren0 [gaussian_mixture_model.h:173] exp(-dist) between 3 and 4 is 0.208997
2025-03-16 02:31:02 INFO  ren0 [gaussian_mixture_model.h:173] exp(-dist) between 3 and 5 is 0.245397
2025-03-16 02:31:02 INFO  ren0 [gaussian_mixture_model.h:173] exp(-dist) between 3 and 6 is 0.020012
2025-03-16 02:31:02 INFO  ren0 [gaussian_mixture_model.h:173] exp(-dist) between 3 and 8 is 0.289512
2025-03-16 02:31:02 INFO  ren0 [gaussian_mixture_model.h:173] exp(-dist) between 3 and 9 is 0.327548
2025-03-16 02:31:02 INFO  ren0 [gaussian_mixture_model.h:173] exp(-dist) between 4 and 5 is 0.266442
2025-03-16 02:31:02 INFO  ren0 [gaussian_mixture_model.h:173] exp(-dist) between 4 and 6 is 0.406786
2025-03-16 02:31:02 INFO  ren0 [gaussian_mixture_model.h:173] exp(-dist) between 4 and 8 is 0.404684
2025-03-16 02:31:02 INFO  ren0 [gaussian_mixture_model.h:173] exp(-dist) between 4 and 9 is 0.054183
2025-03-16 02:31:02 INFO  ren0 [gaussian_mixture_model.h:173] exp(-dist) between 5 and 6 is 0.150989
2025-03-16 02:31:02 INFO  ren0 [gaussian_mixture_model.h:173] exp(-dist) between 5 and 8 is 0.117691
2025-03-16 02:31:02 INFO  ren0 [gaussian_mixture_model.h:173] exp(-dist) between 5 and 9 is 0.158986
2025-03-16 02:31:02 INFO  ren0 [gaussian_mixture_model.h:173] exp(-dist) between 6 and 8 is 0.426195
2025-03-16 02:31:02 INFO  ren0 [gaussian_mixture_model.h:173] exp(-dist) between 6 and 9 is 0.142710
2025-03-16 02:31:02 INFO  ren0 [gaussian_mixture_model.h:173] exp(-dist) between 8 and 9 is 0.391522
2025-03-16 02:31:02 INFO  ren0 [gaussian_mixture_model.h:180] components before the merge: 7
2025-03-16 02:31:02 INFO  ren0 [gaussian_mixture_model.h:183] Merging 6 and 0, because their BC is 0.735607
2025-03-16 02:31:02 INFO  ren0 [gaussian_mixture_model.h:200] components after the merge: 6, merged 1 component
2025-03-16 02:31:02 INFO  ren0 [gaussian_mixture_model.h:237] Ratio is 2.623694
2025-03-16 02:31:02 INFO  ren0 [gaussian_mixture_model.h:237] Ratio is 3.726810
2025-03-16 02:31:02 INFO  ren0 [gaussian_mixture_model.h:237] Ratio is 2.000232
2025-03-16 02:31:02 INFO  ren0 [gaussian_mixture_model.h:237] Ratio is 4.364904
2025-03-16 02:31:02 INFO  ren0 [gaussian_mixture_model.h:237] Ratio is 3.430860
2025-03-16 02:31:02 INFO  ren0 [gaussian_mixture_model.h:237] Ratio is 2.454887
2025-03-16 02:31:02 INFO  ren0 [gaussian_mixture_model.h:237] Ratio is 2.182452
2025-03-16 02:31:02 INFO  ren0 [gaussian_mixture_model.h:237] Ratio is 2.182452
2025-03-16 02:31:02 INFO  ren0 [gaussian_mixture_model.h:218] components after the split: 7, split 1 components
2025-03-16 02:31:02 INFO  ren0 [octree.h:482] root weight: 6.115e+04 (61151.226562)
2025-03-16 02:31:02 INFO  ren0 [octree.h:483] splitting threshold: 6.115e+01 (61.151230)
2025-03-16 02:31:02 INFO  ren0 [octree.h:482] root weight: 7.987e+03 (7987.374512)
2025-03-16 02:31:02 INFO  ren0 [octree.h:483] splitting threshold: 7.987e+00 (7.987375)
2025-03-16 02:31:02 INFO  ren0 [octree.h:498] node count: 487 -> 503 -> 476

2025-03-16 02:31:02 INFO  ren0 [octree.h:498] node count: 320 -> 324 -> 322

2025-03-16 02:31:02 INFO  ren0 [PMMFocalGuidingIntegrator] diverge probability: 0.116

2025-03-16 02:31:02 INFO  ren0 [PMMFocalGuidingIntegrator] iteration postprocessing time: 17.2899s
2025-03-16 02:31:02 INFO  ren0 [PMMFocalGuidingIntegrator] GMM[
weight = 0.0296168 mean = [3.26121 4.81794 7.21079] covariance = [[1.19881 -0.16729 0.22045][-0.16729 2.43536 0.0105728][0.22045 0.0105728 2.0937]]
weight = 0.131135 mean = [-3.67628 2.43166 7.21823] covariance = [[2.56723 -0.927823 0.338233][-0.927823 5.14325 0.408161][0.338233 0.408161 3.22801]]
weight = 0.0408785 mean = [1.67299 0.154221 5.42036] covariance = [[3.10711 -0.255705 -0.272048][-0.255705 1.14255 0.22563][-0.272048 0.22563 3.98323]]
weight = 0.692247 mean = [-0.825326 3.41148 0.45432] covariance = [[7.3405 -0.137096 0.454205][-0.137096 5.08319 0.756693][0.454205 0.756693 9.69662]]
weight = 0.0296168 mean = [3.57421 2.62624 7.33636] covariance = [[1.19881 -0.16729 0.22045][-0.16729 2.43536 0.0105728][0.22045 0.0105728 2.0937]]
weight = 0.0542514 mean = [0.926295 1.83935 8.56065] covariance = [[2.47484 -0.21936 0.28951][-0.21936 2.43073 -0.182694][0.28951 -0.182694 0.859956]]
weight = 0.0222545 mean = [-0.732783 5.79215 8.06231] covariance = [[2.42458 -0.166033 0.272543][-0.166033 2.22557 -0.0806962][0.272543 -0.0806962 1.1033]]
]
2025-03-16 02:31:02 INFO  ren0 [PMMFocalGuidingIntegrator] Octree[
AABB: AABB3[min=[-6.3658, -1.5274, -4.73046], max=[5.27597, 8.04131, 10.0598]]
Nodes count: 476
]
2025-03-16 02:31:02 INFO  ren0 [PMMFocalGuidingIntegrator] Octree[
AABB: AABB3[min=[-6.3658, -1.5274, -4.73046], max=[5.27597, 8.04131, 10.0598]]
Nodes count: 322
]
2025-03-16 02:31:02 INFO  ren0 [PMMFocalGuidingIntegrator] Rendering 4 iteration
2025-03-16 02:31:02 INFO  ren0 [SamplingIntegrator] Starting render job (1280x720, 4 samples, 8 cores, SSE2 enabled) ..
2025-03-16 02:31:02 INFO  wrk2 [PMMFocalGuidingIntegrator] hit luminaire, value = [1e+06, 1e+06, 1e+06]
2025-03-16 02:31:41 INFO  wrk1 [PMMFocalGuidingIntegrator] hit luminaire, value = [1e+06, 1e+06, 1e+06]
2025-03-16 02:31:46 INFO  wrk6 [PMMFocalGuidingIntegrator] hit luminaire, value = [0, 0, 0]
2025-03-16 02:33:24 INFO  wrk5 [PMMFocalGuidingIntegrator] hit luminaire, value = [1e+06, 1e+06, 1e+06]
2025-03-16 02:33:48 INFO  ren0 [PMMFocalGuidingIntegrator] iteration render time: 2.7717m
2025-03-16 02:33:48 INFO  ren0 [PMMFocalGuidingIntegrator] Got 105523 non-zero samples and 0 zero samples
2025-03-16 02:34:09 INFO  ren0 [gaussian_mixture_model.h:126] Components accumulated weight is: 1.000000
2025-03-16 02:34:09 INFO  ren0 [gaussian_mixture_model.h:173] exp(-dist) between 0 and 3 is 0.020360
2025-03-16 02:34:09 INFO  ren0 [gaussian_mixture_model.h:173] exp(-dist) between 0 and 4 is 0.144916
2025-03-16 02:34:09 INFO  ren0 [gaussian_mixture_model.h:173] exp(-dist) between 0 and 5 is 0.166288
2025-03-16 02:34:09 INFO  ren0 [gaussian_mixture_model.h:173] exp(-dist) between 0 and 6 is 0.738907
2025-03-16 02:34:09 INFO  ren0 [gaussian_mixture_model.h:173] exp(-dist) between 0 and 8 is 0.288787
2025-03-16 02:34:09 INFO  ren0 [gaussian_mixture_model.h:173] exp(-dist) between 0 and 9 is 0.281325
2025-03-16 02:34:09 INFO  ren0 [gaussian_mixture_model.h:173] exp(-dist) between 3 and 4 is 0.214066
2025-03-16 02:34:09 INFO  ren0 [gaussian_mixture_model.h:173] exp(-dist) between 3 and 5 is 0.240417
2025-03-16 02:34:09 INFO  ren0 [gaussian_mixture_model.h:173] exp(-dist) between 3 and 6 is 0.021671
2025-03-16 02:34:09 INFO  ren0 [gaussian_mixture_model.h:173] exp(-dist) between 3 and 8 is 0.297096
2025-03-16 02:34:09 INFO  ren0 [gaussian_mixture_model.h:173] exp(-dist) between 3 and 9 is 0.334662
2025-03-16 02:34:09 INFO  ren0 [gaussian_mixture_model.h:173] exp(-dist) between 4 and 5 is 0.257010
2025-03-16 02:34:09 INFO  ren0 [gaussian_mixture_model.h:173] exp(-dist) between 4 and 6 is 0.403883
2025-03-16 02:34:09 INFO  ren0 [gaussian_mixture_model.h:173] exp(-dist) between 4 and 8 is 0.417864
2025-03-16 02:34:09 INFO  ren0 [gaussian_mixture_model.h:173] exp(-dist) between 4 and 9 is 0.047779
2025-03-16 02:34:09 INFO  ren0 [gaussian_mixture_model.h:173] exp(-dist) between 5 and 6 is 0.145541
2025-03-16 02:34:09 INFO  ren0 [gaussian_mixture_model.h:173] exp(-dist) between 5 and 8 is 0.109921
2025-03-16 02:34:09 INFO  ren0 [gaussian_mixture_model.h:173] exp(-dist) between 5 and 9 is 0.150710
2025-03-16 02:34:09 INFO  ren0 [gaussian_mixture_model.h:173] exp(-dist) between 6 and 8 is 0.436705
2025-03-16 02:34:09 INFO  ren0 [gaussian_mixture_model.h:173] exp(-dist) between 6 and 9 is 0.145512
2025-03-16 02:34:09 INFO  ren0 [gaussian_mixture_model.h:173] exp(-dist) between 8 and 9 is 0.354009
2025-03-16 02:34:09 INFO  ren0 [gaussian_mixture_model.h:180] components before the merge: 7
2025-03-16 02:34:09 INFO  ren0 [gaussian_mixture_model.h:183] Merging 6 and 0, because their BC is 0.738907
2025-03-16 02:34:09 INFO  ren0 [gaussian_mixture_model.h:200] components after the merge: 6, merged 1 component
2025-03-16 02:34:09 INFO  ren0 [gaussian_mixture_model.h:237] Ratio is 2.484372
2025-03-16 02:34:09 INFO  ren0 [gaussian_mixture_model.h:237] Ratio is 3.738014
2025-03-16 02:34:09 INFO  ren0 [gaussian_mixture_model.h:237] Ratio is 1.989710
2025-03-16 02:34:09 INFO  ren0 [gaussian_mixture_model.h:237] Ratio is 3.938352
2025-03-16 02:34:09 INFO  ren0 [gaussian_mixture_model.h:237] Ratio is 3.539388
2025-03-16 02:34:09 INFO  ren0 [gaussian_mixture_model.h:237] Ratio is 2.386032
2025-03-16 02:34:09 INFO  ren0 [gaussian_mixture_model.h:218] components after the split: 6, split 0 components
2025-03-16 02:34:09 INFO  ren0 [octree.h:482] root weight: 6.261e+04 (62611.339844)
2025-03-16 02:34:09 INFO  ren0 [octree.h:483] splitting threshold: 6.261e+01 (62.611343)
2025-03-16 02:34:09 INFO  ren0 [octree.h:482] root weight: 7.839e+03 (7839.428711)
2025-03-16 02:34:09 INFO  ren0 [octree.h:483] splitting threshold: 7.839e+00 (7.839429)
2025-03-16 02:34:09 INFO  ren0 [octree.h:498] node count: 476 -> 492 -> 458

2025-03-16 02:34:09 INFO  ren0 [octree.h:498] node count: 322 -> 323 -> 320

2025-03-16 02:34:09 INFO  ren0 [PMMFocalGuidingIntegrator] diverge probability: 0.111

2025-03-16 02:34:09 INFO  ren0 [PMMFocalGuidingIntegrator] iteration postprocessing time: 20.9324s
2025-03-16 02:34:09 INFO  ren0 [PMMFocalGuidingIntegrator] GMM[
weight = 0.128191 mean = [-3.65896 2.48056 7.21667] covariance = [[2.50713 -0.831121 0.264775][-0.831121 5.04918 0.293325][0.264775 0.293325 3.10527]]
weight = 0.0421741 mean = [1.65628 0.172228 5.48866] covariance = [[3.21188 -0.274856 -0.26262][-0.274856 1.12366 0.229353][-0.26262 0.229353 3.89482]]
weight = 0.692141 mean = [-0.826078 3.40366 0.387238] covariance = [[7.04867 -0.154882 0.310942][-0.154882 4.84739 0.618701][0.310942 0.618701 9.3263]]
weight = 0.059257 mean = [3.40714 3.772 7.2203] covariance = [[1.23321 -0.374465 0.252705][-0.374465 4.41389 -0.188466][0.252705 -0.188466 2.14678]]
weight = 0.0555638 mean = [0.915541 1.77618 8.55384] covariance = [[2.61726 -0.237264 0.27936][-0.237264 2.32564 -0.197301][0.27936 -0.197301 0.853741]]
weight = 0.0226737 mean = [-0.723454 5.8367 8.0312] covariance = [[2.56759 -0.109875 0.259799][-0.109875 2.04186 -0.0835337][0.259799 -0.0835337 1.15674]]
]
2025-03-16 02:34:09 INFO  ren0 [PMMFocalGuidingIntegrator] Octree[
AABB: AABB3[min=[-6.3658, -1.5274, -4.73046], max=[5.27597, 8.04131, 10.0598]]
Nodes count: 458
]
2025-03-16 02:34:09 INFO  ren0 [PMMFocalGuidingIntegrator] Octree[
AABB: AABB3[min=[-6.3658, -1.5274, -4.73046], max=[5.27597, 8.04131, 10.0598]]
Nodes count: 320
]
2025-03-16 02:34:09 INFO  ren0 [PMMFocalGuidingIntegrator] Rendering 5 iteration
2025-03-16 02:34:09 INFO  ren0 [SamplingIntegrator] Starting render job (1280x720, 4 samples, 8 cores, SSE2 enabled) ..
2025-03-16 02:35:52 INFO  wrk1 [PMMFocalGuidingIntegrator] hit luminaire, value = [1e+06, 1e+06, 1e+06]
2025-03-16 02:35:57 INFO  wrk1 [PMMFocalGuidingIntegrator] hit luminaire, value = [1e+06, 1e+06, 1e+06]
2025-03-16 02:36:09 INFO  wrk2 [PMMFocalGuidingIntegrator] hit luminaire, value = [0, 0, 0]
2025-03-16 02:36:16 INFO  wrk3 [PMMFocalGuidingIntegrator] hit luminaire, value = [0, 0, 0]
2025-03-16 02:36:56 INFO  ren0 [PMMFocalGuidingIntegrator] iteration render time: 2.7766m
2025-03-16 02:36:56 INFO  ren0 [PMMFocalGuidingIntegrator] Got 123487 non-zero samples and 0 zero samples
2025-03-16 02:37:16 INFO  ren0 [gaussian_mixture_model.h:126] Components accumulated weight is: 1.000000
2025-03-16 02:37:16 INFO  ren0 [gaussian_mixture_model.h:173] exp(-dist) between 3 and 4 is 0.219264
2025-03-16 02:37:16 INFO  ren0 [gaussian_mixture_model.h:173] exp(-dist) between 3 and 5 is 0.235630
2025-03-16 02:37:16 INFO  ren0 [gaussian_mixture_model.h:173] exp(-dist) between 3 and 6 is 0.024312
2025-03-16 02:37:16 INFO  ren0 [gaussian_mixture_model.h:173] exp(-dist) between 3 and 8 is 0.299842
2025-03-16 02:37:16 INFO  ren0 [gaussian_mixture_model.h:173] exp(-dist) between 3 and 9 is 0.335934
2025-03-16 02:37:16 INFO  ren0 [gaussian_mixture_model.h:173] exp(-dist) between 4 and 5 is 0.250392
2025-03-16 02:37:16 INFO  ren0 [gaussian_mixture_model.h:173] exp(-dist) between 4 and 6 is 0.321012
2025-03-16 02:37:16 INFO  ren0 [gaussian_mixture_model.h:173] exp(-dist) between 4 and 8 is 0.426360
2025-03-16 02:37:16 INFO  ren0 [gaussian_mixture_model.h:173] exp(-dist) between 4 and 9 is 0.043598
2025-03-16 02:37:16 INFO  ren0 [gaussian_mixture_model.h:173] exp(-dist) between 5 and 6 is 0.162974
2025-03-16 02:37:16 INFO  ren0 [gaussian_mixture_model.h:173] exp(-dist) between 5 and 8 is 0.103091
2025-03-16 02:37:16 INFO  ren0 [gaussian_mixture_model.h:173] exp(-dist) between 5 and 9 is 0.142652
2025-03-16 02:37:16 INFO  ren0 [gaussian_mixture_model.h:173] exp(-dist) between 6 and 8 is 0.389175
2025-03-16 02:37:16 INFO  ren0 [gaussian_mixture_model.h:173] exp(-dist) between 6 and 9 is 0.239032
2025-03-16 02:37:16 INFO  ren0 [gaussian_mixture_model.h:173] exp(-dist) between 8 and 9 is 0.323947
2025-03-16 02:37:16 INFO  ren0 [gaussian_mixture_model.h:180] components before the merge: 6
2025-03-16 02:37:16 INFO  ren0 [gaussian_mixture_model.h:183] Merging 8 and 4, because their BC is 0.426360
2025-03-16 02:37:16 INFO  ren0 [gaussian_mixture_model.h:200] components after the merge: 5, merged 1 component
2025-03-16 02:37:16 INFO  ren0 [gaussian_mixture_model.h:237] Ratio is 2.374325
2025-03-16 02:37:16 INFO  ren0 [gaussian_mixture_model.h:237] Ratio is 1.985687
2025-03-16 02:37:16 INFO  ren0 [gaussian_mixture_model.h:237] Ratio is 4.210067
2025-03-16 02:37:16 INFO  ren0 [gaussian_mixture_model.h:237] Ratio is 2.905163
2025-03-16 02:37:16 INFO  ren0 [gaussian_mixture_model.h:237] Ratio is 2.336718
2025-03-16 02:37:16 INFO  ren0 [gaussian_mixture_model.h:237] Ratio is 2.105033
2025-03-16 02:37:16 INFO  ren0 [gaussian_mixture_model.h:237] Ratio is 2.105033
2025-03-16 02:37:16 INFO  ren0 [gaussian_mixture_model.h:218] components after the split: 6, split 1 components
2025-03-16 02:37:16 INFO  ren0 [octree.h:482] root weight: 6.433e+04 (64334.839844)
2025-03-16 02:37:16 INFO  ren0 [octree.h:483] splitting threshold: 6.433e+01 (64.334846)
2025-03-16 02:37:16 INFO  ren0 [octree.h:482] root weight: 8.261e+03 (8260.540039)
2025-03-16 02:37:16 INFO  ren0 [octree.h:483] splitting threshold: 8.261e+00 (8.260540)
2025-03-16 02:37:16 INFO  ren0 [octree.h:498] node count: 458 -> 471 -> 450

2025-03-16 02:37:16 INFO  ren0 [octree.h:498] node count: 320 -> 324 -> 321

2025-03-16 02:37:16 INFO  ren0 [PMMFocalGuidingIntegrator] diverge probability: 0.114

2025-03-16 02:37:16 INFO  ren0 [PMMFocalGuidingIntegrator] iteration postprocessing time: 20.7250s
2025-03-16 02:37:16 INFO  ren0 [PMMFocalGuidingIntegrator] GMM[
weight = 0.0295886 mean = [3.26251 4.86278 7.02618] covariance = [[1.2112 -0.111218 0.231275][-0.111218 2.40625 -0.00276181][0.231275 -0.00276181 2.17528]]
weight = 0.124351 mean = [-3.6418 2.50874 7.20904] covariance = [[2.4753 -0.756687 0.192636][-0.756687 4.98783 0.215097][0.192636 0.215097 3.0355]]
weight = 0.693409 mean = [-0.827403 3.40128 0.32146] covariance = [[6.83743 -0.176067 0.230545][-0.176067 4.64031 0.483312][0.230545 0.483312 9.00117]]
weight = 0.0295886 mean = [3.51224 2.69294 7.28733] covariance = [[1.2112 -0.111218 0.231275][-0.111218 2.40625 -0.00276181][0.231275 -0.00276181 2.17528]]
weight = 0.100186 mean = [1.21872 1.07386 7.23497] covariance = [[3.05401 -0.517376 -0.492374][-0.517376 2.32934 1.14089][-0.492374 1.14089 4.38032]]
weight = 0.0228767 mean = [-0.705976 5.87443 7.9932] covariance = [[2.67742 -0.0930756 0.23051][-0.0930756 1.90012 -0.0957914][0.23051 -0.0957914 1.21118]]
]
2025-03-16 02:37:16 INFO  ren0 [PMMFocalGuidingIntegrator] Octree[
AABB: AABB3[min=[-6.3658, -1.5274, -4.73046], max=[5.27597, 8.04131, 10.0598]]
Nodes count: 450
]
2025-03-16 02:37:16 INFO  ren0 [PMMFocalGuidingIntegrator] Octree[
AABB: AABB3[min=[-6.3658, -1.5274, -4.73046], max=[5.27597, 8.04131, 10.0598]]
Nodes count: 321
]
2025-03-16 02:37:16 INFO  ren0 [PMMFocalGuidingIntegrator] Rendering 6 iteration
2025-03-16 02:37:16 INFO  ren0 [SamplingIntegrator] Starting render job (1280x720, 4 samples, 8 cores, SSE2 enabled) ..
2025-03-16 02:37:32 INFO  wrk4 [PMMFocalGuidingIntegrator] hit luminaire, value = [1e+06, 1e+06, 1e+06]
2025-03-16 02:38:29 INFO  wrk5 [PMMFocalGuidingIntegrator] hit luminaire, value = [0, 0, 0]
2025-03-16 02:38:31 INFO  wrk5 [PMMFocalGuidingIntegrator] hit luminaire, value = [0, 0, 0]
2025-03-16 02:39:36 INFO  wrk4 [PMMFocalGuidingIntegrator] hit luminaire, value = [0, 0, 0]
2025-03-16 02:39:36 INFO  wrk6 [PMMFocalGuidingIntegrator] hit luminaire, value = [0, 0, 0]
2025-03-16 02:39:50 INFO  wrk3 [PMMFocalGuidingIntegrator] hit luminaire, value = [1e+06, 1e+06, 1e+06]
2025-03-16 02:40:03 INFO  ren0 [PMMFocalGuidingIntegrator] iteration render time: 2.7704m
2025-03-16 02:40:03 INFO  ren0 [PMMFocalGuidingIntegrator] Got 143278 non-zero samples and 0 zero samples
2025-03-16 02:40:27 INFO  ren0 [gaussian_mixture_model.h:126] Components accumulated weight is: 1.000000
2025-03-16 02:40:27 INFO  ren0 [gaussian_mixture_model.h:173] exp(-dist) between 0 and 3 is 0.022543
2025-03-16 02:40:27 INFO  ren0 [gaussian_mixture_model.h:173] exp(-dist) between 0 and 5 is 0.154606
2025-03-16 02:40:27 INFO  ren0 [gaussian_mixture_model.h:173] exp(-dist) between 0 and 6 is 0.749066
2025-03-16 02:40:27 INFO  ren0 [gaussian_mixture_model.h:173] exp(-dist) between 0 and 8 is 0.275437
2025-03-16 02:40:27 INFO  ren0 [gaussian_mixture_model.h:173] exp(-dist) between 0 and 9 is 0.306159
2025-03-16 02:40:27 INFO  ren0 [gaussian_mixture_model.h:173] exp(-dist) between 3 and 5 is 0.227744
2025-03-16 02:40:27 INFO  ren0 [gaussian_mixture_model.h:173] exp(-dist) between 3 and 6 is 0.025035
2025-03-16 02:40:27 INFO  ren0 [gaussian_mixture_model.h:173] exp(-dist) between 3 and 8 is 0.327218
2025-03-16 02:40:27 INFO  ren0 [gaussian_mixture_model.h:173] exp(-dist) between 3 and 9 is 0.334251
2025-03-16 02:40:27 INFO  ren0 [gaussian_mixture_model.h:173] exp(-dist) between 5 and 6 is 0.135225
2025-03-16 02:40:27 INFO  ren0 [gaussian_mixture_model.h:173] exp(-dist) between 5 and 8 is 0.218275
2025-03-16 02:40:27 INFO  ren0 [gaussian_mixture_model.h:173] exp(-dist) between 5 and 9 is 0.133761
2025-03-16 02:40:27 INFO  ren0 [gaussian_mixture_model.h:173] exp(-dist) between 6 and 8 is 0.546990
2025-03-16 02:40:27 INFO  ren0 [gaussian_mixture_model.h:173] exp(-dist) between 6 and 9 is 0.166551
2025-03-16 02:40:27 INFO  ren0 [gaussian_mixture_model.h:173] exp(-dist) between 8 and 9 is 0.201600
2025-03-16 02:40:27 INFO  ren0 [gaussian_mixture_model.h:180] components before the merge: 6
2025-03-16 02:40:27 INFO  ren0 [gaussian_mixture_model.h:183] Merging 6 and 0, because their BC is 0.749066
2025-03-16 02:40:27 INFO  ren0 [gaussian_mixture_model.h:200] components after the merge: 5, merged 1 component
2025-03-16 02:40:27 INFO  ren0 [gaussian_mixture_model.h:237] Ratio is 2.320914
2025-03-16 02:40:27 INFO  ren0 [gaussian_mixture_model.h:237] Ratio is 1.964034
2025-03-16 02:40:27 INFO  ren0 [gaussian_mixture_model.h:237] Ratio is 3.595108
2025-03-16 02:40:27 INFO  ren0 [gaussian_mixture_model.h:237] Ratio is 2.651927
2025-03-16 02:40:27 INFO  ren0 [gaussian_mixture_model.h:237] Ratio is 2.353612
2025-03-16 02:40:27 INFO  ren0 [gaussian_mixture_model.h:218] components after the split: 5, split 0 components
2025-03-16 02:40:27 INFO  ren0 [octree.h:482] root weight: 6.850e+04 (68498.796875)
2025-03-16 02:40:27 INFO  ren0 [octree.h:483] splitting threshold: 6.850e+01 (68.498802)
2025-03-16 02:40:27 INFO  ren0 [octree.h:482] root weight: 8.191e+03 (8191.306641)
2025-03-16 02:40:27 INFO  ren0 [octree.h:483] splitting threshold: 8.191e+00 (8.191307)
2025-03-16 02:40:27 INFO  ren0 [octree.h:498] node count: 450 -> 462 -> 449

2025-03-16 02:40:27 INFO  ren0 [octree.h:498] node count: 321 -> 321 -> 320

2025-03-16 02:40:27 INFO  ren0 [PMMFocalGuidingIntegrator] diverge probability: 0.107

2025-03-16 02:40:27 INFO  ren0 [PMMFocalGuidingIntegrator] iteration postprocessing time: 24.1375s
2025-03-16 02:40:27 INFO  ren0 [PMMFocalGuidingIntegrator] GMM[
weight = 0.123261 mean = [-3.62053 2.50437 7.20583] covariance = [[2.46124 -0.713812 0.187934][-0.713812 4.94124 0.115215][0.187934 0.115215 2.97711]]
weight = 0.693757 mean = [-0.828338 3.38555 0.250591] covariance = [[6.6599 -0.207075 0.141629][-0.207075 4.48974 0.393647][0.141629 0.393647 8.65903]]
weight = 0.0579665 mean = [3.37053 3.83255 7.14775] covariance = [[1.24001 -0.286188 0.233001][-0.286188 4.12904 -0.349447][0.233001 -0.349447 2.32769]]
weight = 0.101595 mean = [1.19103 1.07886 7.211] covariance = [[3.09095 -0.502798 -0.401681][-0.502798 2.16633 0.892834][-0.401681 0.892834 3.98309]]
weight = 0.0234204 mean = [-0.659423 5.87496 7.95682] covariance = [[2.77642 -0.0870942 0.199783][-0.0870942 1.8202 -0.120384][0.199783 -0.120384 1.23948]]
]
2025-03-16 02:40:27 INFO  ren0 [PMMFocalGuidingIntegrator] Octree[
AABB: AABB3[min=[-6.3658, -1.5274, -4.73046], max=[5.27597, 8.04131, 10.0598]]
Nodes count: 449
]
2025-03-16 02:40:27 INFO  ren0 [PMMFocalGuidingIntegrator] Octree[
AABB: AABB3[min=[-6.3658, -1.5274, -4.73046], max=[5.27597, 8.04131, 10.0598]]
Nodes count: 320
]
2025-03-16 02:40:27 INFO  ren0 [PMMFocalGuidingIntegrator] Rendering 7 iteration
2025-03-16 02:40:27 INFO  ren0 [SamplingIntegrator] Starting render job (1280x720, 4 samples, 8 cores, SSE2 enabled) ..
2025-03-16 02:41:18 INFO  wrk4 [PMMFocalGuidingIntegrator] hit luminaire, value = [0, 0, 0]
2025-03-16 02:43:12 INFO  ren0 [PMMFocalGuidingIntegrator] iteration render time: 2.7513m
2025-03-16 02:43:12 INFO  ren0 [PMMFocalGuidingIntegrator] Got 164809 non-zero samples and 0 zero samples
2025-03-16 02:43:35 INFO  ren0 [gaussian_mixture_model.h:126] Components accumulated weight is: 1.000000
2025-03-16 02:43:35 INFO  ren0 [gaussian_mixture_model.h:173] exp(-dist) between 3 and 5 is 0.221507
2025-03-16 02:43:35 INFO  ren0 [gaussian_mixture_model.h:173] exp(-dist) between 3 and 6 is 0.026285
2025-03-16 02:43:35 INFO  ren0 [gaussian_mixture_model.h:173] exp(-dist) between 3 and 8 is 0.334588
2025-03-16 02:43:35 INFO  ren0 [gaussian_mixture_model.h:173] exp(-dist) between 3 and 9 is 0.332401
2025-03-16 02:43:35 INFO  ren0 [gaussian_mixture_model.h:173] exp(-dist) between 5 and 6 is 0.147224
2025-03-16 02:43:35 INFO  ren0 [gaussian_mixture_model.h:173] exp(-dist) between 5 and 8 is 0.211513
2025-03-16 02:43:35 INFO  ren0 [gaussian_mixture_model.h:173] exp(-dist) between 5 and 9 is 0.126008
2025-03-16 02:43:35 INFO  ren0 [gaussian_mixture_model.h:173] exp(-dist) between 6 and 8 is 0.451171
2025-03-16 02:43:35 INFO  ren0 [gaussian_mixture_model.h:173] exp(-dist) between 6 and 9 is 0.268402
2025-03-16 02:43:35 INFO  ren0 [gaussian_mixture_model.h:173] exp(-dist) between 8 and 9 is 0.197246
2025-03-16 02:43:35 INFO  ren0 [gaussian_mixture_model.h:180] components before the merge: 5
2025-03-16 02:43:35 INFO  ren0 [gaussian_mixture_model.h:183] Merging 8 and 6, because their BC is 0.451171
2025-03-16 02:43:35 INFO  ren0 [gaussian_mixture_model.h:200] components after the merge: 4, merged 1 component
2025-03-16 02:43:35 INFO  ren0 [gaussian_mixture_model.h:237] Ratio is 2.284838
2025-03-16 02:43:35 INFO  ren0 [gaussian_mixture_model.h:237] Ratio is 1.944202
2025-03-16 02:43:35 INFO  ren0 [gaussian_mixture_model.h:237] Ratio is 1.849563
2025-03-16 02:43:35 INFO  ren0 [gaussian_mixture_model.h:237] Ratio is 2.365986
2025-03-16 02:43:35 INFO  ren0 [gaussian_mixture_model.h:218] components after the split: 4, split 0 components
2025-03-16 02:43:35 INFO  ren0 [octree.h:482] root weight: 7.051e+04 (70509.562500)
2025-03-16 02:43:35 INFO  ren0 [octree.h:483] splitting threshold: 7.051e+01 (70.509567)
2025-03-16 02:43:35 INFO  ren0 [octree.h:482] root weight: 9.350e+03 (9350.333984)
2025-03-16 02:43:35 INFO  ren0 [octree.h:483] splitting threshold: 9.350e+00 (9.350334)
2025-03-16 02:43:35 INFO  ren0 [octree.h:498] node count: 449 -> 456 -> 447

2025-03-16 02:43:35 INFO  ren0 [octree.h:498] node count: 320 -> 326 -> 324

2025-03-16 02:43:35 INFO  ren0 [PMMFocalGuidingIntegrator] diverge probability: 0.117

2025-03-16 02:43:35 INFO  ren0 [PMMFocalGuidingIntegrator] iteration postprocessing time: 23.2533s
2025-03-16 02:43:35 INFO  ren0 [PMMFocalGuidingIntegrator] GMM[
weight = 0.122184 mean = [-3.60549 2.49766 7.18989] covariance = [[2.44078 -0.681694 0.177607][-0.681694 4.89444 0.0347548][0.177607 0.0347548 2.95091]]
weight = 0.694712 mean = [-0.836638 3.377 0.188051] covariance = [[6.49288 -0.228683 0.0803218][-0.228683 4.34489 0.284562][0.0803218 0.284562 8.33725]]
weight = 0.159759 mean = [1.95354 2.08614 7.16989] covariance = [[3.56856 0.974329 -0.171585][0.974329 4.64802 0.241461][-0.171585 0.241461 3.27174]]
weight = 0.0233456 mean = [-0.62574 5.87717 7.91723] covariance = [[2.88542 -0.0983801 0.177319][-0.0983801 1.77055 -0.146326][0.177319 -0.146326 1.28624]]
]
2025-03-16 02:43:35 INFO  ren0 [PMMFocalGuidingIntegrator] Octree[
AABB: AABB3[min=[-6.3658, -1.5274, -4.73046], max=[5.27597, 8.04131, 10.0598]]
Nodes count: 447
]
2025-03-16 02:43:35 INFO  ren0 [PMMFocalGuidingIntegrator] Octree[
AABB: AABB3[min=[-6.3658, -1.5274, -4.73046], max=[5.27597, 8.04131, 10.0598]]
Nodes count: 324
]
2025-03-16 02:43:35 INFO  ren0 [PMMFocalGuidingIntegrator] Finished training phase. Starting real rendering.
2025-03-16 02:43:35 INFO  ren0 [PMMFocalGuidingIntegrator] final guiding field written to ../scenes/dining-room/final_gmm.serialized
2025-03-16 02:43:35 INFO  ren0 [PMMFocalGuidingIntegrator] Starting render job (1280x720, 4 samples, 8 cores, SSE2 enabled) ..
2025-03-16 02:43:39 INFO  wrk1 [PMMFocalGuidingIntegrator] hit luminaire, value = [1e+06, 1e+06, 1e+06]
2025-03-16 02:46:10 INFO  ren0 [PMMFocalGuidingIntegrator] rendered 4 samples per pixel in 2.5849m.
2025-03-16 02:46:10 INFO  ren0 [RenderJob] Render time: 25.2195m
2025-03-16 02:46:10 INFO  ren0 [PMMFocalGuidingIntegrator] iteration render time: 2.5850m
2025-03-16 02:46:10 INFO  ren0 [PMMFocalGuidingIntegrator] GMM[
weight = 0.122184 mean = [-3.60549 2.49766 7.18989] covariance = [[2.44078 -0.681694 0.177607][-0.681694 4.89444 0.0347548][0.177607 0.0347548 2.95091]]
weight = 0.694712 mean = [-0.836638 3.377 0.188051] covariance = [[6.49288 -0.228683 0.0803218][-0.228683 4.34489 0.284562][0.0803218 0.284562 8.33725]]
weight = 0.159759 mean = [1.95354 2.08614 7.16989] covariance = [[3.56856 0.974329 -0.171585][0.974329 4.64802 0.241461][-0.171585 0.241461 3.27174]]
weight = 0.0233456 mean = [-0.62574 5.87717 7.91723] covariance = [[2.88542 -0.0983801 0.177319][-0.0983801 1.77055 -0.146326][0.177319 -0.146326 1.28624]]
]
2025-03-16 02:46:10 INFO  ren0 [HDRFilm] Writing image to "/home/julia/PBRT/PMM_focal_guiding/mitsuba/dist/../../scenes/dining-room/dining-room.exr" ..
2025-03-16 02:46:10 INFO  main [statistics.cpp:142] Statistics:
------------------------------------------------------------
 * Loaded plugins :
    -  plugins/area.so [Area light]
    -  plugins/bitmap.so [Bitmap texture]
    -  plugins/box.so [Box filter]
    -  plugins/conductor.so [Smooth conductor]
    -  plugins/diffuse.so [Smooth diffuse BRDF]
    -  plugins/disk.so [Disk intersection primitive]
    -  plugins/hdrfilm.so [High dynamic range film]
    -  plugins/independent.so [Independent sampler]
    -  plugins/lanczos.so [Lanczos Sinc filter]
    -  plugins/obj.so [OBJ triangle mesh loader]
    -  plugins/perspective.so [Perspective camera]
    -  plugins/ply.so [PLY mesh loader]
    -  plugins/pmm_focal_guiding.so [PMM focal guiding path tracer]
    -  plugins/rectangle.so [Rectangle intersection primitive]
    -  plugins/roughconductor.so [Rough conductor BRDF]
    -  plugins/roughplastic.so [Rough plastic BRDF]
    -  plugins/twosided.so [Two-sided BRDF adapter]

  * General :
    -  Normal rays traced : 23.240 M
    -  Shadow rays traced : 8.309 M

  * Path tracer :
    -  Average path length : 6.18 (22.77 M / 3.69 M)
    -  Sampled from Converging : 9.483 M
    -  Sampled from Diverging : 1.260 M
    -  Sampled from GMM : 10.743 M

  * Texture system :
    -  Filtered texture lookups : 14.63 % (474.20 K of 3.24 M)
------------------------------------------------------------
