2025-03-16 01:56:56 INFO  main [mitsuba.cpp:274] Mitsuba version 0.6.0 (Linux, 64 bit), Copyright (c) 2017 Wenzel Jakob
2025-03-16 01:56:56 INFO  main [mitsuba.cpp:377] Parsing scene description from "../../scenes/dining-room/dining-room.xml" ..
2025-03-16 01:56:56 INFO  main [scenehandler.cpp:675] In file "/home/julia/PBRT/PMM_focal_guiding/mitsuba/dist/../../scenes/dining-room/dining-room.xml" (near line 18): Parsing included file "pmm_focal_guiding.xml" ..
2025-03-16 01:56:56 INFO  main [PluginManager] Loading plugin "plugins/pmm_focal_guiding.so" ..
2025-03-16 01:56:56 INFO  main [octree.h:482] root weight: 8.000e-20 (0.000000)
2025-03-16 01:56:56 INFO  main [octree.h:483] splitting threshold: 8.000e-23 (0.000000)
2025-03-16 01:56:56 INFO  main [octree.h:498] node count: 1 -> 585 -> 585

2025-03-16 01:56:56 INFO  main [octree.h:482] root weight: 8.000e-20 (0.000000)
2025-03-16 01:56:56 INFO  main [octree.h:483] splitting threshold: 8.000e-23 (0.000000)
2025-03-16 01:56:56 INFO  main [octree.h:498] node count: 1 -> 585 -> 585

2025-03-16 01:56:56 INFO  main [pmm_focal_guiding.cpp:109] Will save the GMM to file in directory ../scenes/dining-room/
2025-03-16 01:56:56 INFO  main [PMMFocalGuidingIntegrator] GMM params: alpha = 0.250000, split_th = 4.000000, merge_th = 0.500000, min_num_comp = 3, max_num_comp = 10
2025-03-16 01:56:56 INFO  main [PMMFocalGuidingIntegrator] iterationCount: 8
2025-03-16 01:56:56 INFO  main [PMMFocalGuidingIntegrator] PMMFocalGuidingIntegrator
  maxDepth = 40,
  rrDepth = 14,
  strictNormals = 1
  gmm = GMM[
]
]
2025-03-16 01:56:56 WARN  main [scenehandler.cpp:795] In file "/home/julia/PBRT/PMM_focal_guiding/mitsuba/dist/../../scenes/dining-room/../_integrators/pmm_focal_guiding.xml" (near line 50): Unqueried attribute "budget" in element "integrator"
2025-03-16 01:56:56 WARN  main [scenehandler.cpp:795] In file "/home/julia/PBRT/PMM_focal_guiding/mitsuba/dist/../../scenes/dining-room/../_integrators/pmm_focal_guiding.xml" (near line 50): Unqueried attribute "dumpPrimaryRays" in element "integrator"
2025-03-16 01:56:56 WARN  main [scenehandler.cpp:795] In file "/home/julia/PBRT/PMM_focal_guiding/mitsuba/dist/../../scenes/dining-room/../_integrators/pmm_focal_guiding.xml" (near line 50): Unqueried attribute "dumpScene" in element "integrator"
2025-03-16 01:56:56 WARN  main [scenehandler.cpp:795] In file "/home/julia/PBRT/PMM_focal_guiding/mitsuba/dist/../../scenes/dining-room/../_integrators/pmm_focal_guiding.xml" (near line 50): Unqueried attribute "normalBinning" in element "integrator"
2025-03-16 01:56:56 WARN  main [scenehandler.cpp:795] In file "/home/julia/PBRT/PMM_focal_guiding/mitsuba/dist/../../scenes/dining-room/../_integrators/pmm_focal_guiding.xml" (near line 50): Unqueried attribute "samplingMode" in element "integrator"
2025-03-16 01:56:56 WARN  main [scenehandler.cpp:795] In file "/home/julia/PBRT/PMM_focal_guiding/mitsuba/dist/../../scenes/dining-room/../_integrators/pmm_focal_guiding.xml" (near line 50): Unqueried attribute "unboundedSplatting" in element "integrator"
2025-03-16 01:56:56 WARN  main [scenehandler.cpp:795] In file "/home/julia/PBRT/PMM_focal_guiding/mitsuba/dist/../../scenes/dining-room/../_integrators/pmm_focal_guiding.xml" (near line 51): Unqueried attribute "saveGMMDirectory" in element "scene"
2025-03-16 01:56:56 INFO  main [PluginManager] Loading plugin "plugins/independent.so" ..
2025-03-16 01:56:56 INFO  main [PluginManager] Loading plugin "plugins/box.so" ..
2025-03-16 01:56:56 INFO  main [PluginManager] Loading plugin "plugins/hdrfilm.so" ..
2025-03-16 01:56:56 INFO  main [PluginManager] Loading plugin "plugins/perspective.so" ..
2025-03-16 01:56:56 INFO  main [PluginManager] Loading plugin "plugins/roughplastic.so" ..
2025-03-16 01:56:56 INFO  main [PluginManager] Loading plugin "plugins/twosided.so" ..
2025-03-16 01:56:56 INFO  main [PluginManager] Loading plugin "plugins/roughconductor.so" ..
2025-03-16 01:56:56 INFO  main [spectrum.cpp:599] "Cu.eta.spd": loaded a spectral power distribution with 55 entries (between 302.400421 and 885.601257 nm)
2025-03-16 01:56:56 INFO  main [spectrum.cpp:599] "Cu.k.spd": loaded a spectral power distribution with 55 entries (between 302.400421 and 885.601257 nm)
2025-03-16 01:56:56 INFO  main [PluginManager] Loading plugin "plugins/diffuse.so" ..
2025-03-16 01:56:56 INFO  main [PluginManager] Loading plugin "plugins/bitmap.so" ..
2025-03-16 01:56:56 INFO  main [BitmapTexture] Loading texture "picture3.jpg"
2025-03-16 01:56:56 INFO  main [MIPMap] Mapped MIP map cache file "/home/julia/PBRT/PMM_focal_guiding/mitsuba/dist/../../scenes/dining-room/textures/picture3.mip" into memory (18.8 MiB).
2025-03-16 01:56:56 INFO  main [BitmapTexture] Loading texture "Tiles.jpg"
2025-03-16 01:56:56 INFO  main [PluginManager] Loading plugin "plugins/lanczos.so" ..
2025-03-16 01:56:56 INFO  main [spectrum.cpp:599] "Cu.eta.spd": loaded a spectral power distribution with 55 entries (between 302.400421 and 885.601257 nm)
2025-03-16 01:56:56 INFO  main [spectrum.cpp:599] "Cu.k.spd": loaded a spectral power distribution with 55 entries (between 302.400421 and 885.601257 nm)
2025-03-16 01:56:56 INFO  main [PluginManager] Loading plugin "plugins/conductor.so" ..
2025-03-16 01:56:56 INFO  main [spectrum.cpp:599] "Ir.eta.spd": loaded a spectral power distribution with 28 entries (between 302.389984 and 885.570984 nm)
2025-03-16 01:56:56 INFO  main [spectrum.cpp:599] "Ir.k.spd": loaded a spectral power distribution with 28 entries (between 302.389984 and 885.570984 nm)
2025-03-16 01:56:56 INFO  main [spectrum.cpp:599] "Cu.eta.spd": loaded a spectral power distribution with 55 entries (between 302.400421 and 885.601257 nm)
2025-03-16 01:56:56 INFO  main [spectrum.cpp:599] "Cu.k.spd": loaded a spectral power distribution with 55 entries (between 302.400421 and 885.601257 nm)
2025-03-16 01:56:56 INFO  main [BitmapTexture] Loading texture "Teacup.png"
2025-03-16 01:56:56 INFO  main [spectrum.cpp:599] "Cu.eta.spd": loaded a spectral power distribution with 55 entries (between 302.400421 and 885.601257 nm)
2025-03-16 01:56:56 INFO  main [spectrum.cpp:599] "Cu.k.spd": loaded a spectral power distribution with 55 entries (between 302.400421 and 885.601257 nm)
2025-03-16 01:56:56 INFO  main [PluginManager] Loading plugin "plugins/area.so" ..
2025-03-16 01:56:56 INFO  main [PluginManager] Loading plugin "plugins/disk.so" ..
2025-03-16 01:56:56 INFO  main [PluginManager] Loading plugin "plugins/ply.so" ..
2025-03-16 01:56:56 INFO  main [PLYLoader] Loading geometry from "parabol1.ply" ..
2025-03-16 01:56:56 INFO  main [PLYLoader] "parabol1": Loaded 25856 triangles, 13057 vertices (456.0 KiB in 24 ms).
2025-03-16 01:56:56 INFO  main [PLYLoader] Loading geometry from "parabol2.ply" ..
2025-03-16 01:56:56 INFO  main [PLYLoader] "parabol2": Loaded 25856 triangles, 13057 vertices (456.0 KiB in 35 ms).
2025-03-16 01:56:56 INFO  main [PluginManager] Loading plugin "plugins/obj.so" ..
2025-03-16 01:56:56 INFO  main [WavefrontOBJ] Loading geometry from "Mesh013.obj" ..
2025-03-16 01:56:56 INFO  main [WavefrontOBJ] Mesh013: 1056 triangles, 577 vertices (merged 2591 vertices).
2025-03-16 01:56:56 INFO  main [WavefrontOBJ] Done with "Mesh013.obj" (took 6 ms)
2025-03-16 01:56:56 INFO  main [WavefrontOBJ] Loading geometry from "Mesh016.obj" ..
2025-03-16 01:56:56 INFO  main [WavefrontOBJ] Mesh016: 384 triangles, 768 vertices (merged 384 vertices).
2025-03-16 01:56:56 INFO  main [WavefrontOBJ] Done with "Mesh016.obj" (took 4 ms)
2025-03-16 01:56:56 INFO  main [WavefrontOBJ] Loading geometry from "Mesh015.obj" ..
2025-03-16 01:56:56 INFO  main [WavefrontOBJ] Mesh015: 3136 triangles, 1680 vertices (merged 7728 vertices).
2025-03-16 01:56:56 INFO  main [WavefrontOBJ] Done with "Mesh015.obj" (took 24 ms)
2025-03-16 01:56:56 INFO  main [WavefrontOBJ] Loading geometry from "Mesh023.obj" ..
2025-03-16 01:56:56 INFO  main [WavefrontOBJ] Mesh023: 1056 triangles, 577 vertices (merged 2591 vertices).
2025-03-16 01:56:56 INFO  main [WavefrontOBJ] Done with "Mesh023.obj" (took 6 ms)
2025-03-16 01:56:56 INFO  main [WavefrontOBJ] Loading geometry from "Mesh020.obj" ..
2025-03-16 01:56:56 INFO  main [WavefrontOBJ] Mesh020: 384 triangles, 768 vertices (merged 384 vertices).
2025-03-16 01:56:56 INFO  main [WavefrontOBJ] Done with "Mesh020.obj" (took 6 ms)
2025-03-16 01:56:56 INFO  main [WavefrontOBJ] Loading geometry from "Mesh017.obj" ..
2025-03-16 01:56:56 INFO  main [WavefrontOBJ] Mesh017: 3136 triangles, 1680 vertices (merged 7728 vertices).
2025-03-16 01:56:56 INFO  main [WavefrontOBJ] Done with "Mesh017.obj" (took 26 ms)
2025-03-16 01:56:56 INFO  main [WavefrontOBJ] Loading geometry from "Mesh024.obj" ..
2025-03-16 01:56:56 INFO  main [WavefrontOBJ] Mesh024: 34 triangles, 68 vertices (merged 34 vertices).
2025-03-16 01:56:56 INFO  main [WavefrontOBJ] Done with "Mesh024.obj" (took 0 ms)
2025-03-16 01:56:56 INFO  main [WavefrontOBJ] Loading geometry from "Mesh041.obj" ..
2025-03-16 01:56:56 INFO  main [WavefrontOBJ] Mesh041: 8 triangles, 16 vertices (merged 8 vertices).
2025-03-16 01:56:56 INFO  main [WavefrontOBJ] Done with "Mesh041.obj" (took 0 ms)
2025-03-16 01:56:56 INFO  main [WavefrontOBJ] Loading geometry from "Mesh011.obj" ..
2025-03-16 01:56:56 INFO  main [WavefrontOBJ] Mesh011: 8992 triangles, 4544 vertices (merged 22432 vertices).
2025-03-16 01:56:56 INFO  main [WavefrontOBJ] Done with "Mesh011.obj" (took 82 ms)
2025-03-16 01:56:56 INFO  main [WavefrontOBJ] Loading geometry from "Mesh026.obj" ..
2025-03-16 01:56:56 INFO  main [WavefrontOBJ] Mesh026: 7624 triangles, 4070 vertices (merged 18802 vertices).
2025-03-16 01:56:56 INFO  main [WavefrontOBJ] Done with "Mesh026.obj" (took 55 ms)
2025-03-16 01:56:56 INFO  main [WavefrontOBJ] Loading geometry from "Mesh018.obj" ..
2025-03-16 01:56:56 INFO  main [WavefrontOBJ] Mesh018: 2016 triangles, 1260 vertices (merged 4788 vertices).
2025-03-16 01:56:56 INFO  main [WavefrontOBJ] Done with "Mesh018.obj" (took 17 ms)
2025-03-16 01:56:56 INFO  main [WavefrontOBJ] Loading geometry from "Mesh007.obj" ..
2025-03-16 01:56:56 INFO  main [WavefrontOBJ] Mesh007: 4352 triangles, 2178 vertices (merged 10878 vertices).
2025-03-16 01:56:56 INFO  main [WavefrontOBJ] Done with "Mesh007.obj" (took 41 ms)
2025-03-16 01:56:56 INFO  main [WavefrontOBJ] Loading geometry from "Mesh005.obj" ..
2025-03-16 01:56:56 INFO  main [WavefrontOBJ] Mesh005: 160 triangles, 144 vertices (merged 336 vertices).
2025-03-16 01:56:56 INFO  main [WavefrontOBJ] Done with "Mesh005.obj" (took 1 ms)
2025-03-16 01:56:56 INFO  main [WavefrontOBJ] Loading geometry from "Mesh019.obj" ..
2025-03-16 01:56:57 INFO  main [WavefrontOBJ] Mesh019: 560 triangles, 400 vertices (merged 1280 vertices).
2025-03-16 01:56:57 INFO  main [WavefrontOBJ] Done with "Mesh019.obj" (took 3 ms)
2025-03-16 01:56:57 INFO  main [WavefrontOBJ] Loading geometry from "Mesh021.obj" ..
2025-03-16 01:56:57 INFO  main [WavefrontOBJ] Mesh021: 720 triangles, 482 vertices (merged 1678 vertices).
2025-03-16 01:56:57 INFO  main [WavefrontOBJ] Done with "Mesh021.obj" (took 7 ms)
2025-03-16 01:56:57 INFO  main [WavefrontOBJ] Loading geometry from "Mesh037.obj" ..
2025-03-16 01:56:57 INFO  main [WavefrontOBJ] Mesh037: 7624 triangles, 4070 vertices (merged 18802 vertices).
2025-03-16 01:56:57 INFO  main [WavefrontOBJ] Done with "Mesh037.obj" (took 60 ms)
2025-03-16 01:56:57 INFO  main [WavefrontOBJ] Loading geometry from "Mesh004.obj" ..
2025-03-16 01:56:57 INFO  main [WavefrontOBJ] Mesh004: 2016 triangles, 1260 vertices (merged 4788 vertices).
2025-03-16 01:56:57 INFO  main [WavefrontOBJ] Done with "Mesh004.obj" (took 13 ms)
2025-03-16 01:56:57 INFO  main [WavefrontOBJ] Loading geometry from "Mesh014.obj" ..
2025-03-16 01:56:57 INFO  main [WavefrontOBJ] Mesh014: 160 triangles, 144 vertices (merged 336 vertices).
2025-03-16 01:56:57 INFO  main [WavefrontOBJ] Done with "Mesh014.obj" (took 2 ms)
2025-03-16 01:56:57 INFO  main [WavefrontOBJ] Loading geometry from "Mesh012.obj" ..
2025-03-16 01:56:57 INFO  main [WavefrontOBJ] Mesh012: 560 triangles, 400 vertices (merged 1280 vertices).
2025-03-16 01:56:57 INFO  main [WavefrontOBJ] Done with "Mesh012.obj" (took 5 ms)
2025-03-16 01:56:57 INFO  main [WavefrontOBJ] Loading geometry from "Mesh028.obj" ..
2025-03-16 01:56:57 INFO  main [WavefrontOBJ] Mesh028: 720 triangles, 482 vertices (merged 1678 vertices).
2025-03-16 01:56:57 INFO  main [WavefrontOBJ] Done with "Mesh028.obj" (took 5 ms)
2025-03-16 01:56:57 INFO  main [WavefrontOBJ] Loading geometry from "Mesh025.obj" ..
2025-03-16 01:56:57 INFO  main [WavefrontOBJ] Mesh025: 4352 triangles, 2178 vertices (merged 10878 vertices).
2025-03-16 01:56:57 INFO  main [WavefrontOBJ] Done with "Mesh025.obj" (took 32 ms)
2025-03-16 01:56:57 INFO  main [WavefrontOBJ] Loading geometry from "Mesh008.obj" ..
2025-03-16 01:56:57 INFO  main [WavefrontOBJ] Mesh008: 6320 triangles, 3270 vertices (merged 15690 vertices).
2025-03-16 01:56:57 INFO  main [WavefrontOBJ] Done with "Mesh008.obj" (took 50 ms)
2025-03-16 01:56:57 INFO  main [WavefrontOBJ] Loading geometry from "Mesh032.obj" ..
2025-03-16 01:56:57 INFO  main [WavefrontOBJ] Mesh032: 13248 triangles, 6686 vertices (merged 33058 vertices).
2025-03-16 01:56:57 INFO  main [WavefrontOBJ] Done with "Mesh032.obj" (took 85 ms)
2025-03-16 01:56:57 INFO  main [WavefrontOBJ] Loading geometry from "Mesh035.obj" ..
2025-03-16 01:56:57 INFO  main [WavefrontOBJ] Mesh035: 14480 triangles, 7404 vertices (merged 36036 vertices).
2025-03-16 01:56:57 INFO  main [WavefrontOBJ] Done with "Mesh035.obj" (took 93 ms)
2025-03-16 01:56:57 INFO  main [WavefrontOBJ] Loading geometry from "Mesh042.obj" ..
2025-03-16 01:56:57 INFO  main [WavefrontOBJ] Mesh042: 2320 triangles, 1492 vertices (merged 5468 vertices).
2025-03-16 01:56:57 INFO  main [WavefrontOBJ] Done with "Mesh042.obj" (took 17 ms)
2025-03-16 01:56:57 INFO  main [WavefrontOBJ] Loading geometry from "Mesh010.obj" ..
2025-03-16 01:56:57 INFO  main [WavefrontOBJ] Mesh010: 13248 triangles, 6686 vertices (merged 33058 vertices).
2025-03-16 01:56:57 INFO  main [WavefrontOBJ] Done with "Mesh010.obj" (took 85 ms)
2025-03-16 01:56:57 INFO  main [WavefrontOBJ] Loading geometry from "Mesh036.obj" ..
2025-03-16 01:56:57 INFO  main [WavefrontOBJ] Mesh036: 14480 triangles, 7404 vertices (merged 36036 vertices).
2025-03-16 01:56:57 INFO  main [WavefrontOBJ] Done with "Mesh036.obj" (took 92 ms)
2025-03-16 01:56:57 INFO  main [WavefrontOBJ] Loading geometry from "Mesh027.obj" ..
2025-03-16 01:56:57 INFO  main [WavefrontOBJ] Mesh027: 2320 triangles, 1492 vertices (merged 5468 vertices).
2025-03-16 01:56:57 INFO  main [WavefrontOBJ] Done with "Mesh027.obj" (took 14 ms)
2025-03-16 01:56:57 INFO  main [WavefrontOBJ] Loading geometry from "Mesh043.obj" ..
2025-03-16 01:56:57 INFO  main [WavefrontOBJ] Mesh043: 13248 triangles, 6686 vertices (merged 33058 vertices).
2025-03-16 01:56:57 INFO  main [WavefrontOBJ] Done with "Mesh043.obj" (took 80 ms)
2025-03-16 01:56:57 INFO  main [WavefrontOBJ] Loading geometry from "Mesh044.obj" ..
2025-03-16 01:56:57 INFO  main [WavefrontOBJ] Mesh044: 14480 triangles, 7404 vertices (merged 36036 vertices).
2025-03-16 01:56:57 INFO  main [WavefrontOBJ] Done with "Mesh044.obj" (took 88 ms)
2025-03-16 01:56:57 INFO  main [WavefrontOBJ] Loading geometry from "Mesh031.obj" ..
2025-03-16 01:56:57 INFO  main [WavefrontOBJ] Mesh031: 2320 triangles, 1492 vertices (merged 5468 vertices).
2025-03-16 01:56:57 INFO  main [WavefrontOBJ] Done with "Mesh031.obj" (took 14 ms)
2025-03-16 01:56:57 INFO  main [WavefrontOBJ] Loading geometry from "Mesh022.obj" ..
2025-03-16 01:56:57 INFO  main [WavefrontOBJ] Mesh022: 13248 triangles, 6686 vertices (merged 33058 vertices).
2025-03-16 01:56:57 INFO  main [WavefrontOBJ] Done with "Mesh022.obj" (took 79 ms)
2025-03-16 01:56:57 INFO  main [WavefrontOBJ] Loading geometry from "Mesh038.obj" ..
2025-03-16 01:56:57 INFO  main [WavefrontOBJ] Mesh038: 14480 triangles, 7404 vertices (merged 36036 vertices).
2025-03-16 01:56:57 INFO  main [WavefrontOBJ] Done with "Mesh038.obj" (took 86 ms)
2025-03-16 01:56:57 INFO  main [WavefrontOBJ] Loading geometry from "Mesh030.obj" ..
2025-03-16 01:56:57 INFO  main [WavefrontOBJ] Mesh030: 2320 triangles, 1492 vertices (merged 5468 vertices).
2025-03-16 01:56:57 INFO  main [WavefrontOBJ] Done with "Mesh030.obj" (took 14 ms)
2025-03-16 01:56:57 INFO  main [WavefrontOBJ] Loading geometry from "Mesh046.obj" ..
2025-03-16 01:56:58 INFO  main [WavefrontOBJ] Mesh046: 13248 triangles, 6686 vertices (merged 33058 vertices).
2025-03-16 01:56:58 INFO  main [WavefrontOBJ] Done with "Mesh046.obj" (took 105 ms)
2025-03-16 01:56:58 INFO  main [WavefrontOBJ] Loading geometry from "Mesh047.obj" ..
2025-03-16 01:56:58 INFO  main [WavefrontOBJ] Mesh047: 14480 triangles, 7404 vertices (merged 36036 vertices).
2025-03-16 01:56:58 INFO  main [WavefrontOBJ] Done with "Mesh047.obj" (took 101 ms)
2025-03-16 01:56:58 INFO  main [WavefrontOBJ] Loading geometry from "Mesh034.obj" ..
2025-03-16 01:56:58 INFO  main [WavefrontOBJ] Mesh034: 2320 triangles, 1492 vertices (merged 5468 vertices).
2025-03-16 01:56:58 INFO  main [WavefrontOBJ] Done with "Mesh034.obj" (took 20 ms)
2025-03-16 01:56:58 INFO  main [WavefrontOBJ] Loading geometry from "Mesh033.obj" ..
2025-03-16 01:56:58 INFO  main [WavefrontOBJ] Mesh033: 44 triangles, 96 vertices (merged 36 vertices).
2025-03-16 01:56:58 INFO  main [WavefrontOBJ] Done with "Mesh033.obj" (took 1 ms)
2025-03-16 01:56:58 INFO  main [WavefrontOBJ] Loading geometry from "Mesh006.obj" ..
2025-03-16 01:56:58 INFO  main [WavefrontOBJ] Mesh006: 4 triangles, 6 vertices (merged 6 vertices).
2025-03-16 01:56:58 INFO  main [WavefrontOBJ] Done with "Mesh006.obj" (took 0 ms)
2025-03-16 01:56:58 INFO  main [WavefrontOBJ] Loading geometry from "Mesh048.obj" ..
2025-03-16 01:56:58 INFO  main [WavefrontOBJ] Mesh048: 30 triangles, 38 vertices (merged 52 vertices).
2025-03-16 01:56:58 INFO  main [WavefrontOBJ] Done with "Mesh048.obj" (took 0 ms)
2025-03-16 01:56:58 INFO  main [WavefrontOBJ] Loading geometry from "Mesh049.obj" ..
2025-03-16 01:56:58 INFO  main [WavefrontOBJ] Mesh049: 13248 triangles, 6686 vertices (merged 33058 vertices).
2025-03-16 01:56:58 INFO  main [WavefrontOBJ] Done with "Mesh049.obj" (took 91 ms)
2025-03-16 01:56:58 INFO  main [WavefrontOBJ] Loading geometry from "Mesh051.obj" ..
2025-03-16 01:56:58 INFO  main [WavefrontOBJ] Mesh051: 14480 triangles, 7404 vertices (merged 36036 vertices).
2025-03-16 01:56:58 INFO  main [WavefrontOBJ] Done with "Mesh051.obj" (took 105 ms)
2025-03-16 01:56:58 INFO  main [WavefrontOBJ] Loading geometry from "Mesh040.obj" ..
2025-03-16 01:56:58 INFO  main [WavefrontOBJ] Mesh040: 2320 triangles, 1492 vertices (merged 5468 vertices).
2025-03-16 01:56:58 INFO  main [WavefrontOBJ] Done with "Mesh040.obj" (took 23 ms)
2025-03-16 01:56:58 INFO  main [WavefrontOBJ] Loading geometry from "Mesh003.obj" ..
2025-03-16 01:56:58 INFO  main [WavefrontOBJ] Mesh003: 18176 triangles, 9150 vertices (merged 45378 vertices).
2025-03-16 01:56:58 INFO  main [WavefrontOBJ] Done with "Mesh003.obj" (took 110 ms)
2025-03-16 01:56:58 INFO  main [WavefrontOBJ] Loading geometry from "Mesh002.obj" ..
2025-03-16 01:56:58 INFO  main [WavefrontOBJ] Mesh002: 7624 triangles, 4070 vertices (merged 18802 vertices).
2025-03-16 01:56:58 INFO  main [WavefrontOBJ] Done with "Mesh002.obj" (took 48 ms)
2025-03-16 01:56:58 INFO  main [WavefrontOBJ] Loading geometry from "Mesh009.obj" ..
2025-03-16 01:56:58 INFO  main [WavefrontOBJ] Mesh009: 2016 triangles, 1260 vertices (merged 4788 vertices).
2025-03-16 01:56:58 INFO  main [WavefrontOBJ] Done with "Mesh009.obj" (took 13 ms)
2025-03-16 01:56:58 INFO  main [WavefrontOBJ] Loading geometry from "Mesh045.obj" ..
2025-03-16 01:56:58 INFO  main [WavefrontOBJ] Mesh045: 4352 triangles, 2178 vertices (merged 10878 vertices).
2025-03-16 01:56:58 INFO  main [WavefrontOBJ] Done with "Mesh045.obj" (took 24 ms)
2025-03-16 01:56:58 INFO  main [WavefrontOBJ] Loading geometry from "Mesh029.obj" ..
2025-03-16 01:56:58 INFO  main [WavefrontOBJ] Mesh029: 160 triangles, 144 vertices (merged 336 vertices).
2025-03-16 01:56:58 INFO  main [WavefrontOBJ] Done with "Mesh029.obj" (took 1 ms)
2025-03-16 01:56:58 INFO  main [WavefrontOBJ] Loading geometry from "Mesh039.obj" ..
2025-03-16 01:56:58 INFO  main [WavefrontOBJ] Mesh039: 560 triangles, 400 vertices (merged 1280 vertices).
2025-03-16 01:56:58 INFO  main [WavefrontOBJ] Done with "Mesh039.obj" (took 4 ms)
2025-03-16 01:56:58 INFO  main [WavefrontOBJ] Loading geometry from "Mesh050.obj" ..
2025-03-16 01:56:58 INFO  main [WavefrontOBJ] Mesh050: 720 triangles, 482 vertices (merged 1678 vertices).
2025-03-16 01:56:58 INFO  main [WavefrontOBJ] Done with "Mesh050.obj" (took 4 ms)
2025-03-16 01:56:58 INFO  main [WavefrontOBJ] Loading geometry from "Mesh001.obj" ..
2025-03-16 01:56:58 INFO  main [WavefrontOBJ] Mesh001: 170 triangles, 340 vertices (merged 170 vertices).
2025-03-16 01:56:58 INFO  main [WavefrontOBJ] Done with "Mesh001.obj" (took 2 ms)
2025-03-16 01:56:58 INFO  main [WavefrontOBJ] Loading geometry from "Mesh000.obj" ..
2025-03-16 01:56:58 INFO  main [WavefrontOBJ] Mesh000: 22 triangles, 44 vertices (merged 22 vertices).
2025-03-16 01:56:58 INFO  main [WavefrontOBJ] Done with "Mesh000.obj" (took 0 ms)
2025-03-16 01:56:58 INFO  main [PluginManager] Loading plugin "plugins/rectangle.so" ..
2025-03-16 01:56:58 INFO  ren0 [KDTreeBase] Constructing a SAH kd-tree (321251 primitives) ..
2025-03-16 01:57:02 INFO  ren0 [KDTreeBase] Finished -- took 3682 ms.
2025-03-16 01:57:02 INFO  ren0 [PMMFocalGuidingIntegrator] Starting preprocess
2025-03-16 01:57:02 INFO  ren0 [octree.h:482] root weight: 8.000e-20 (0.000000)
2025-03-16 01:57:02 INFO  ren0 [octree.h:483] splitting threshold: 8.000e-23 (0.000000)
2025-03-16 01:57:02 INFO  ren0 [octree.h:498] node count: 1 -> 585 -> 585

2025-03-16 01:57:02 INFO  ren0 [octree.h:482] root weight: 4.096e-17 (0.000000)
2025-03-16 01:57:02 INFO  ren0 [octree.h:483] splitting threshold: 4.096e-20 (0.000000)
2025-03-16 01:57:02 INFO  ren0 [octree.h:498] node count: 585 -> 585 -> 585

2025-03-16 01:57:02 INFO  ren0 [octree.h:482] root weight: 8.000e-20 (0.000000)
2025-03-16 01:57:02 INFO  ren0 [octree.h:483] splitting threshold: 8.000e-23 (0.000000)
2025-03-16 01:57:02 INFO  ren0 [octree.h:498] node count: 1 -> 585 -> 585

2025-03-16 01:57:02 INFO  ren0 [octree.h:482] root weight: 4.096e-17 (0.000000)
2025-03-16 01:57:02 INFO  ren0 [octree.h:483] splitting threshold: 4.096e-20 (0.000000)
2025-03-16 01:57:02 INFO  ren0 [octree.h:498] node count: 585 -> 585 -> 585

2025-03-16 01:57:02 INFO  ren0 [PMMFocalGuidingIntegrator] Octree[
AABB: AABB3[min=[-6.3658, -1.5274, -4.73046], max=[5.27597, 8.04131, 10.0598]]
Nodes count: 585
]
2025-03-16 01:57:02 INFO  ren0 [PMMFocalGuidingIntegrator] Octree[
AABB: AABB3[min=[-6.3658, -1.5274, -4.73046], max=[5.27597, 8.04131, 10.0598]]
Nodes count: 585
]
2025-03-16 01:57:02 INFO  ren0 [PMMFocalGuidingIntegrator] GMM[
weight = 0.166667 mean = [-3.20102 7.44394 8.39411] covariance = [[1 0 0][0 1 0][0 0 1]]
weight = 0.166667 mean = [-4.11072 -0.34892 6.90557] covariance = [[1 0 0][0 1 0][0 0 1]]
weight = 0.166667 mean = [3.86577 3.85426 2.14344] covariance = [[1 0 0][0 1 0][0 0 1]]
weight = 0.166667 mean = [1.02251 -0.352087 2.06606] covariance = [[1 0 0][0 1 0][0 0 1]]
weight = 0.166667 mean = [4.16255 -0.0817735 -1.32922] covariance = [[1 0 0][0 1 0][0 0 1]]
weight = 0.166667 mean = [-6.13812 0.0248128 10.0379] covariance = [[1 0 0][0 1 0][0 0 1]]
]
2025-03-16 01:57:02 INFO  ren0 [PMMFocalGuidingIntegrator] Starting training... (8) iterations
2025-03-16 01:57:02 INFO  ren0 [PMMFocalGuidingIntegrator] Rendering 0 iteration
2025-03-16 01:57:02 INFO  ren0 [SamplingIntegrator] Starting render job (1280x720, 4 samples, 8 cores, SSE2 enabled) ..
2025-03-16 01:57:02 INFO  wrk3 [PMMFocalGuidingIntegrator] hit luminaire, value = [0, 0, 0]
2025-03-16 01:57:23 INFO  wrk2 [PMMFocalGuidingIntegrator] hit luminaire, value = [0, 0, 0]
2025-03-16 01:57:26 INFO  wrk5 [PMMFocalGuidingIntegrator] hit luminaire, value = [0, 0, 0]
2025-03-16 01:57:36 INFO  wrk0 [PMMFocalGuidingIntegrator] hit luminaire, value = [1e+06, 1e+06, 1e+06]
2025-03-16 01:57:49 INFO  wrk3 [PMMFocalGuidingIntegrator] hit luminaire, value = [1e+06, 1e+06, 1e+06]
2025-03-16 01:57:56 INFO  ren0 [PMMFocalGuidingIntegrator] iteration render time: 54.1635s
2025-03-16 01:57:56 INFO  ren0 [PMMFocalGuidingIntegrator] Got 30614 non-zero samples and 0 zero samples
2025-03-16 01:58:01 INFO  ren0 [gaussian_mixture_model.h:126] Components accumulated weight is: 1.000000
2025-03-16 01:58:01 INFO  ren0 [gaussian_mixture_model.h:173] exp(-dist) between 0 and 1 is 0.454182
2025-03-16 01:58:01 INFO  ren0 [gaussian_mixture_model.h:173] exp(-dist) between 0 and 2 is 0.549630
2025-03-16 01:58:01 INFO  ren0 [gaussian_mixture_model.h:173] exp(-dist) between 0 and 3 is 0.362969
2025-03-16 01:58:01 INFO  ren0 [gaussian_mixture_model.h:173] exp(-dist) between 0 and 4 is 0.081384
2025-03-16 01:58:01 INFO  ren0 [gaussian_mixture_model.h:173] exp(-dist) between 0 and 5 is 0.232746
2025-03-16 01:58:01 INFO  ren0 [gaussian_mixture_model.h:173] exp(-dist) between 1 and 2 is 0.310514
2025-03-16 01:58:01 INFO  ren0 [gaussian_mixture_model.h:173] exp(-dist) between 1 and 3 is 0.325659
2025-03-16 01:58:01 INFO  ren0 [gaussian_mixture_model.h:173] exp(-dist) between 1 and 4 is 0.011432
2025-03-16 01:58:01 INFO  ren0 [gaussian_mixture_model.h:173] exp(-dist) between 1 and 5 is 0.333122
2025-03-16 01:58:01 INFO  ren0 [gaussian_mixture_model.h:173] exp(-dist) between 2 and 3 is 0.363503
2025-03-16 01:58:01 INFO  ren0 [gaussian_mixture_model.h:173] exp(-dist) between 2 and 4 is 0.305284
2025-03-16 01:58:01 INFO  ren0 [gaussian_mixture_model.h:173] exp(-dist) between 2 and 5 is 0.065728
2025-03-16 01:58:01 INFO  ren0 [gaussian_mixture_model.h:173] exp(-dist) between 3 and 4 is 0.286227
2025-03-16 01:58:01 INFO  ren0 [gaussian_mixture_model.h:173] exp(-dist) between 3 and 5 is 0.017132
2025-03-16 01:58:01 INFO  ren0 [gaussian_mixture_model.h:173] exp(-dist) between 4 and 5 is 0.000000
2025-03-16 01:58:01 INFO  ren0 [gaussian_mixture_model.h:180] components before the merge: 6
2025-03-16 01:58:01 INFO  ren0 [gaussian_mixture_model.h:183] Merging 2 and 0, because their BC is 0.549630
2025-03-16 01:58:01 INFO  ren0 [gaussian_mixture_model.h:200] components after the merge: 5, merged 1 component
2025-03-16 01:58:01 INFO  ren0 [gaussian_mixture_model.h:237] Ratio is 5.002275
2025-03-16 01:58:01 INFO  ren0 [gaussian_mixture_model.h:237] Ratio is 5.510669
2025-03-16 01:58:01 INFO  ren0 [gaussian_mixture_model.h:237] Ratio is 12.334147
2025-03-16 01:58:01 INFO  ren0 [gaussian_mixture_model.h:237] Ratio is 11.732076
2025-03-16 01:58:01 INFO  ren0 [gaussian_mixture_model.h:237] Ratio is 10.113877
2025-03-16 01:58:01 INFO  ren0 [gaussian_mixture_model.h:218] components after the split: 10, split 5 components
2025-03-16 01:58:01 INFO  ren0 [octree.h:482] root weight: 5.073e+04 (50727.367188)
2025-03-16 01:58:01 INFO  ren0 [octree.h:483] splitting threshold: 5.073e+01 (50.727371)
2025-03-16 01:58:01 INFO  ren0 [octree.h:482] root weight: 9.679e+03 (9679.062500)
2025-03-16 01:58:01 INFO  ren0 [octree.h:483] splitting threshold: 9.679e+00 (9.679063)
2025-03-16 01:58:01 INFO  ren0 [octree.h:498] node count: 585 -> 600 -> 487

2025-03-16 01:58:01 INFO  ren0 [octree.h:498] node count: 585 -> 590 -> 330

2025-03-16 01:58:01 INFO  ren0 [PMMFocalGuidingIntegrator] diverge probability: 0.160

2025-03-16 01:58:01 INFO  ren0 [PMMFocalGuidingIntegrator] iteration postprocessing time: 5.0937s
2025-03-16 01:58:01 INFO  ren0 [PMMFocalGuidingIntegrator] GMM[
weight = 0.0873904 mean = [-1.73334 1.28911 7.23324] covariance = [[4.49718 1.94885 0.251527][1.94885 4.92128 -1.81561][0.251527 -1.81561 4.48738]]
weight = 0.0873904 mean = [-3.83394 1.31499 4.98102] covariance = [[4.49718 1.94885 0.251527][1.94885 4.92128 -1.81561][0.251527 -1.81561 4.48738]]
weight = 0.189175 mean = [0.188012 5.26357 5.92154] covariance = [[12.5325 -3.8735 0.402617][-3.8735 4.76115 -0.320323][0.402617 -0.320323 8.73886]]
weight = 0.164302 mean = [0.21377 0.56924 2.21273] covariance = [[7.30677 -3.4414 4.19056][-3.4414 5.33894 -1.56024][4.19056 -1.56024 7.08332]]
weight = 0.0517514 mean = [3.15386 0.677307 -1.85021] covariance = [[5.58904 -2.09868 2.01603][-2.09868 4.36397 -1.42558][2.01603 -1.42558 2.46221]]
weight = 0.00738204 mean = [-3.9485 2.59355 8.70873] covariance = [[2.17354 0.797977 -0.362429][0.797977 2.42732 -0.739378][-0.362429 -0.739378 0.978977]]
weight = 0.189175 mean = [0.577803 5.2179 1.76931] covariance = [[12.5325 -3.8735 0.402617][-3.8735 4.76115 -0.320323][0.402617 -0.320323 8.73886]]
weight = 0.164302 mean = [-3.28799 2.74122 -0.810144] covariance = [[7.30677 -3.4414 4.19056][-3.4414 5.33894 -1.56024][4.19056 -1.56024 7.08332]]
weight = 0.0517514 mean = [0.160057 2.89688 -3.44778] covariance = [[5.58904 -2.09868 2.01603][-2.09868 4.36397 -1.42558][2.01603 -1.42558 2.46221]]
weight = 0.00738204 mean = [-5.47859 0.662785 9.53553] covariance = [[2.17354 0.797977 -0.362429][0.797977 2.42732 -0.739378][-0.362429 -0.739378 0.978977]]
]
2025-03-16 01:58:01 INFO  ren0 [PMMFocalGuidingIntegrator] Octree[
AABB: AABB3[min=[-6.3658, -1.5274, -4.73046], max=[5.27597, 8.04131, 10.0598]]
Nodes count: 487
]
2025-03-16 01:58:01 INFO  ren0 [PMMFocalGuidingIntegrator] Octree[
AABB: AABB3[min=[-6.3658, -1.5274, -4.73046], max=[5.27597, 8.04131, 10.0598]]
Nodes count: 330
]
2025-03-16 01:58:01 INFO  ren0 [PMMFocalGuidingIntegrator] Rendering 1 iteration
2025-03-16 01:58:01 INFO  ren0 [SamplingIntegrator] Starting render job (1280x720, 4 samples, 8 cores, SSE2 enabled) ..
2025-03-16 01:58:35 INFO  wrk4 [PMMFocalGuidingIntegrator] hit luminaire, value = [0, 0, 0]
2025-03-16 02:00:33 INFO  ren0 [PMMFocalGuidingIntegrator] iteration render time: 2.5278m
2025-03-16 02:00:33 INFO  ren0 [PMMFocalGuidingIntegrator] Got 43958 non-zero samples and 0 zero samples
2025-03-16 02:00:45 INFO  ren0 [gaussian_mixture_model.h:126] Components accumulated weight is: 1.000000
2025-03-16 02:00:45 INFO  ren0 [gaussian_mixture_model.h:173] exp(-dist) between 0 and 1 is 0.743608
2025-03-16 02:00:45 INFO  ren0 [gaussian_mixture_model.h:173] exp(-dist) between 0 and 2 is 0.554159
2025-03-16 02:00:45 INFO  ren0 [gaussian_mixture_model.h:173] exp(-dist) between 0 and 3 is 0.354642
2025-03-16 02:00:45 INFO  ren0 [gaussian_mixture_model.h:173] exp(-dist) between 0 and 4 is 0.003657
2025-03-16 02:00:45 INFO  ren0 [gaussian_mixture_model.h:173] exp(-dist) between 0 and 5 is 0.379541
2025-03-16 02:00:45 INFO  ren0 [gaussian_mixture_model.h:173] exp(-dist) between 0 and 6 is 0.304276
2025-03-16 02:00:45 INFO  ren0 [gaussian_mixture_model.h:173] exp(-dist) between 0 and 7 is 0.150673
2025-03-16 02:00:45 INFO  ren0 [gaussian_mixture_model.h:173] exp(-dist) between 0 and 8 is 0.003140
2025-03-16 02:00:45 INFO  ren0 [gaussian_mixture_model.h:173] exp(-dist) between 0 and 9 is 0.335367
2025-03-16 02:00:45 INFO  ren0 [gaussian_mixture_model.h:173] exp(-dist) between 1 and 2 is 0.405065
2025-03-16 02:00:45 INFO  ren0 [gaussian_mixture_model.h:173] exp(-dist) between 1 and 3 is 0.423390
2025-03-16 02:00:45 INFO  ren0 [gaussian_mixture_model.h:173] exp(-dist) between 1 and 4 is 0.023244
2025-03-16 02:00:45 INFO  ren0 [gaussian_mixture_model.h:173] exp(-dist) between 1 and 5 is 0.288455
2025-03-16 02:00:45 INFO  ren0 [gaussian_mixture_model.h:173] exp(-dist) between 1 and 6 is 0.334462
2025-03-16 02:00:45 INFO  ren0 [gaussian_mixture_model.h:173] exp(-dist) between 1 and 7 is 0.381774
2025-03-16 02:00:45 INFO  ren0 [gaussian_mixture_model.h:173] exp(-dist) between 1 and 8 is 0.031631
2025-03-16 02:00:45 INFO  ren0 [gaussian_mixture_model.h:173] exp(-dist) between 1 and 9 is 0.275651
2025-03-16 02:00:45 INFO  ren0 [gaussian_mixture_model.h:173] exp(-dist) between 2 and 3 is 0.403191
2025-03-16 02:00:45 INFO  ren0 [gaussian_mixture_model.h:173] exp(-dist) between 2 and 4 is 0.071112
2025-03-16 02:00:45 INFO  ren0 [gaussian_mixture_model.h:173] exp(-dist) between 2 and 5 is 0.249520
2025-03-16 02:00:45 INFO  ren0 [gaussian_mixture_model.h:173] exp(-dist) between 2 and 6 is 0.718934
2025-03-16 02:00:45 INFO  ren0 [gaussian_mixture_model.h:173] exp(-dist) between 2 and 7 is 0.243457
2025-03-16 02:00:45 INFO  ren0 [gaussian_mixture_model.h:173] exp(-dist) between 2 and 8 is 0.067926
2025-03-16 02:00:45 INFO  ren0 [gaussian_mixture_model.h:173] exp(-dist) between 2 and 9 is 0.169229
2025-03-16 02:00:45 INFO  ren0 [gaussian_mixture_model.h:173] exp(-dist) between 3 and 4 is 0.291423
2025-03-16 02:00:45 INFO  ren0 [gaussian_mixture_model.h:173] exp(-dist) between 3 and 5 is 0.027493
2025-03-16 02:00:45 INFO  ren0 [gaussian_mixture_model.h:173] exp(-dist) between 3 and 6 is 0.496737
2025-03-16 02:00:45 INFO  ren0 [gaussian_mixture_model.h:173] exp(-dist) between 3 and 7 is 0.798212
2025-03-16 02:00:45 INFO  ren0 [gaussian_mixture_model.h:173] exp(-dist) between 3 and 8 is 0.304476
2025-03-16 02:00:45 INFO  ren0 [gaussian_mixture_model.h:173] exp(-dist) between 3 and 9 is 0.018579
2025-03-16 02:00:45 INFO  ren0 [gaussian_mixture_model.h:173] exp(-dist) between 4 and 5 is 0.000000
2025-03-16 02:00:45 INFO  ren0 [gaussian_mixture_model.h:173] exp(-dist) between 4 and 6 is 0.388354
2025-03-16 02:00:45 INFO  ren0 [gaussian_mixture_model.h:173] exp(-dist) between 4 and 7 is 0.311521
2025-03-16 02:00:45 INFO  ren0 [gaussian_mixture_model.h:173] exp(-dist) between 4 and 8 is 0.867655
2025-03-16 02:00:45 INFO  ren0 [gaussian_mixture_model.h:173] exp(-dist) between 4 and 9 is 0.000000
2025-03-16 02:00:45 INFO  ren0 [gaussian_mixture_model.h:173] exp(-dist) between 5 and 6 is 0.084707
2025-03-16 02:00:45 INFO  ren0 [gaussian_mixture_model.h:173] exp(-dist) between 5 and 7 is 0.007797
2025-03-16 02:00:45 INFO  ren0 [gaussian_mixture_model.h:173] exp(-dist) between 5 and 8 is 0.000000
2025-03-16 02:00:45 INFO  ren0 [gaussian_mixture_model.h:173] exp(-dist) between 5 and 9 is 0.878442
2025-03-16 02:00:45 INFO  ren0 [gaussian_mixture_model.h:173] exp(-dist) between 6 and 7 is 0.495073
2025-03-16 02:00:45 INFO  ren0 [gaussian_mixture_model.h:173] exp(-dist) between 6 and 8 is 0.448436
2025-03-16 02:00:45 INFO  ren0 [gaussian_mixture_model.h:173] exp(-dist) between 6 and 9 is 0.058303
2025-03-16 02:00:45 INFO  ren0 [gaussian_mixture_model.h:173] exp(-dist) between 7 and 8 is 0.415932
2025-03-16 02:00:45 INFO  ren0 [gaussian_mixture_model.h:173] exp(-dist) between 7 and 9 is 0.005860
2025-03-16 02:00:45 INFO  ren0 [gaussian_mixture_model.h:173] exp(-dist) between 8 and 9 is 0.000000
2025-03-16 02:00:45 INFO  ren0 [gaussian_mixture_model.h:180] components before the merge: 10
2025-03-16 02:00:45 INFO  ren0 [gaussian_mixture_model.h:183] Merging 9 and 5, because their BC is 0.878442
2025-03-16 02:00:45 INFO  ren0 [gaussian_mixture_model.h:183] Merging 8 and 4, because their BC is 0.867655
2025-03-16 02:00:45 INFO  ren0 [gaussian_mixture_model.h:183] Merging 7 and 3, because their BC is 0.798212
2025-03-16 02:00:45 INFO  ren0 [gaussian_mixture_model.h:183] Merging 1 and 0, because their BC is 0.743608
2025-03-16 02:00:45 INFO  ren0 [gaussian_mixture_model.h:183] Merging 6 and 2, because their BC is 0.718934
2025-03-16 02:00:45 INFO  ren0 [gaussian_mixture_model.h:200] components after the merge: 5, merged 5 component
2025-03-16 02:00:45 INFO  ren0 [gaussian_mixture_model.h:237] Ratio is 3.613550
2025-03-16 02:00:45 INFO  ren0 [gaussian_mixture_model.h:237] Ratio is 4.390759
2025-03-16 02:00:45 INFO  ren0 [gaussian_mixture_model.h:237] Ratio is 5.948350
2025-03-16 02:00:45 INFO  ren0 [gaussian_mixture_model.h:237] Ratio is 5.118240
2025-03-16 02:00:45 INFO  ren0 [gaussian_mixture_model.h:237] Ratio is 6.218540
2025-03-16 02:00:45 INFO  ren0 [gaussian_mixture_model.h:237] Ratio is 3.026068
2025-03-16 02:00:45 INFO  ren0 [gaussian_mixture_model.h:237] Ratio is 3.026068
2025-03-16 02:00:45 INFO  ren0 [gaussian_mixture_model.h:237] Ratio is 2.974175
2025-03-16 02:00:45 INFO  ren0 [gaussian_mixture_model.h:237] Ratio is 2.974175
2025-03-16 02:00:45 INFO  ren0 [gaussian_mixture_model.h:237] Ratio is 2.559120
2025-03-16 02:00:45 INFO  ren0 [gaussian_mixture_model.h:237] Ratio is 2.559120
2025-03-16 02:00:45 INFO  ren0 [gaussian_mixture_model.h:237] Ratio is 3.109270
2025-03-16 02:00:45 INFO  ren0 [gaussian_mixture_model.h:237] Ratio is 3.109270
2025-03-16 02:00:45 INFO  ren0 [gaussian_mixture_model.h:218] components after the split: 9, split 4 components
2025-03-16 02:00:45 INFO  ren0 [octree.h:482] root weight: 4.713e+04 (47125.234375)
2025-03-16 02:00:45 INFO  ren0 [octree.h:483] splitting threshold: 4.713e+01 (47.125237)
2025-03-16 02:00:45 INFO  ren0 [octree.h:482] root weight: 7.683e+03 (7683.236328)
2025-03-16 02:00:45 INFO  ren0 [octree.h:483] splitting threshold: 7.683e+00 (7.683237)
2025-03-16 02:00:45 INFO  ren0 [octree.h:498] node count: 487 -> 502 -> 477

2025-03-16 02:00:45 INFO  ren0 [octree.h:498] node count: 330 -> 338 -> 323

2025-03-16 02:00:45 INFO  ren0 [PMMFocalGuidingIntegrator] diverge probability: 0.140

2025-03-16 02:00:45 INFO  ren0 [PMMFocalGuidingIntegrator] iteration postprocessing time: 12.2777s
2025-03-16 02:00:45 INFO  ren0 [PMMFocalGuidingIntegrator] GMM[
weight = 0.180987 mean = [0.237781 5.12832 1.87474] covariance = [[9.60763 -2.03258 -0.415812][-2.03258 4.09241 -0.106305][-0.415812 -0.106305 7.52285]]
weight = 0.179134 mean = [-2.3719 1.56825 6.12583] covariance = [[5.59069 1.04004 2.13032][1.04004 3.50829 -0.875331][2.13032 -0.875331 5.67944]]
weight = 0.166887 mean = [-2.81928 2.43156 -0.647283] covariance = [[4.80507 -1.28712 2.10674][-1.28712 3.96398 -0.447447][2.10674 -0.447447 5.49635]]
weight = 0.0530956 mean = [0.0667765 3.25791 -3.01753] covariance = [[3.30785 -0.534456 0.577424][-0.534456 3.21166 -0.308511][0.577424 -0.308511 1.75684]]
weight = 0.00946314 mean = [-4.75332 1.63123 9.05825] covariance = [[1.59197 0.0964408 -0.0191204][0.0964408 1.55627 -0.364651][-0.0191204 -0.364651 0.696918]]
weight = 0.180987 mean = [0.64245 4.76623 5.70659] covariance = [[9.60763 -2.03258 -0.415812][-2.03258 4.09241 -0.106305][-0.415812 -0.106305 7.52285]]
weight = 0.166887 mean = [-0.274213 1.21895 2.071] covariance = [[4.80507 -1.28712 2.10674][-1.28712 3.96398 -0.447447][2.10674 -0.447447 5.49635]]
weight = 0.0530956 mean = [2.13422 1.50443 -2.23693] covariance = [[3.30785 -0.534456 0.577424][-0.534456 3.21166 -0.308511][0.577424 -0.308511 1.75684]]
weight = 0.00946314 mean = [-3.77264 3.13108 8.52105] covariance = [[1.59197 0.0964408 -0.0191204][0.0964408 1.55627 -0.364651][-0.0191204 -0.364651 0.696918]]
]
2025-03-16 02:00:45 INFO  ren0 [PMMFocalGuidingIntegrator] Octree[
AABB: AABB3[min=[-6.3658, -1.5274, -4.73046], max=[5.27597, 8.04131, 10.0598]]
Nodes count: 477
]
2025-03-16 02:00:45 INFO  ren0 [PMMFocalGuidingIntegrator] Octree[
AABB: AABB3[min=[-6.3658, -1.5274, -4.73046], max=[5.27597, 8.04131, 10.0598]]
Nodes count: 323
]
2025-03-16 02:00:45 INFO  ren0 [PMMFocalGuidingIntegrator] Rendering 2 iteration
2025-03-16 02:00:45 INFO  ren0 [SamplingIntegrator] Starting render job (1280x720, 4 samples, 8 cores, SSE2 enabled) ..
2025-03-16 02:01:59 INFO  wrk5 [PMMFocalGuidingIntegrator] hit luminaire, value = [1e+06, 1e+06, 1e+06]
2025-03-16 02:02:36 INFO  wrk2 [PMMFocalGuidingIntegrator] hit luminaire, value = [0, 0, 0]
2025-03-16 02:03:26 INFO  ren0 [PMMFocalGuidingIntegrator] iteration render time: 2.6716m
2025-03-16 02:03:26 INFO  ren0 [PMMFocalGuidingIntegrator] Got 57651 non-zero samples and 0 zero samples
2025-03-16 02:03:40 INFO  ren0 [gaussian_mixture_model.h:126] Components accumulated weight is: 1.000000
2025-03-16 02:03:40 INFO  ren0 [gaussian_mixture_model.h:173] exp(-dist) between 0 and 1 is 0.358168
2025-03-16 02:03:40 INFO  ren0 [gaussian_mixture_model.h:173] exp(-dist) between 0 and 2 is 0.507221
2025-03-16 02:03:40 INFO  ren0 [gaussian_mixture_model.h:173] exp(-dist) between 0 and 3 is 0.430620
2025-03-16 02:03:40 INFO  ren0 [gaussian_mixture_model.h:173] exp(-dist) between 0 and 4 is 0.047205
2025-03-16 02:03:40 INFO  ren0 [gaussian_mixture_model.h:173] exp(-dist) between 0 and 6 is 0.728096
2025-03-16 02:03:40 INFO  ren0 [gaussian_mixture_model.h:173] exp(-dist) between 0 and 7 is 0.540652
2025-03-16 02:03:40 INFO  ren0 [gaussian_mixture_model.h:173] exp(-dist) between 0 and 8 is 0.362813
2025-03-16 02:03:40 INFO  ren0 [gaussian_mixture_model.h:173] exp(-dist) between 0 and 9 is 0.100124
2025-03-16 02:03:40 INFO  ren0 [gaussian_mixture_model.h:173] exp(-dist) between 1 and 2 is 0.252602
2025-03-16 02:03:40 INFO  ren0 [gaussian_mixture_model.h:173] exp(-dist) between 1 and 3 is 0.016210
2025-03-16 02:03:40 INFO  ren0 [gaussian_mixture_model.h:173] exp(-dist) between 1 and 4 is 0.278958
2025-03-16 02:03:40 INFO  ren0 [gaussian_mixture_model.h:173] exp(-dist) between 1 and 6 is 0.549554
2025-03-16 02:03:40 INFO  ren0 [gaussian_mixture_model.h:173] exp(-dist) between 1 and 7 is 0.461921
2025-03-16 02:03:40 INFO  ren0 [gaussian_mixture_model.h:173] exp(-dist) between 1 and 8 is 0.012909
2025-03-16 02:03:40 INFO  ren0 [gaussian_mixture_model.h:173] exp(-dist) between 1 and 9 is 0.315862
2025-03-16 02:03:40 INFO  ren0 [gaussian_mixture_model.h:173] exp(-dist) between 2 and 3 is 0.479651
2025-03-16 02:03:40 INFO  ren0 [gaussian_mixture_model.h:173] exp(-dist) between 2 and 4 is 0.002845
2025-03-16 02:03:40 INFO  ren0 [gaussian_mixture_model.h:173] exp(-dist) between 2 and 6 is 0.219093
2025-03-16 02:03:40 INFO  ren0 [gaussian_mixture_model.h:173] exp(-dist) between 2 and 7 is 0.752845
2025-03-16 02:03:40 INFO  ren0 [gaussian_mixture_model.h:173] exp(-dist) between 2 and 8 is 0.321801
2025-03-16 02:03:40 INFO  ren0 [gaussian_mixture_model.h:173] exp(-dist) between 2 and 9 is 0.005599
2025-03-16 02:03:40 INFO  ren0 [gaussian_mixture_model.h:173] exp(-dist) between 3 and 4 is 0.000000
2025-03-16 02:03:40 INFO  ren0 [gaussian_mixture_model.h:173] exp(-dist) between 3 and 6 is 0.070381
2025-03-16 02:03:40 INFO  ren0 [gaussian_mixture_model.h:173] exp(-dist) between 3 and 7 is 0.310101
2025-03-16 02:03:40 INFO  ren0 [gaussian_mixture_model.h:173] exp(-dist) between 3 and 8 is 0.798928
2025-03-16 02:03:40 INFO  ren0 [gaussian_mixture_model.h:173] exp(-dist) between 3 and 9 is 0.000000
2025-03-16 02:03:40 INFO  ren0 [gaussian_mixture_model.h:173] exp(-dist) between 4 and 6 is 0.124913
2025-03-16 02:03:40 INFO  ren0 [gaussian_mixture_model.h:173] exp(-dist) between 4 and 7 is 0.015320
2025-03-16 02:03:40 INFO  ren0 [gaussian_mixture_model.h:173] exp(-dist) between 4 and 8 is 0.000000
2025-03-16 02:03:40 INFO  ren0 [gaussian_mixture_model.h:173] exp(-dist) between 4 and 9 is 0.793798
2025-03-16 02:03:40 INFO  ren0 [gaussian_mixture_model.h:173] exp(-dist) between 6 and 7 is 0.447875
2025-03-16 02:03:40 INFO  ren0 [gaussian_mixture_model.h:173] exp(-dist) between 6 and 8 is 0.077815
2025-03-16 02:03:40 INFO  ren0 [gaussian_mixture_model.h:173] exp(-dist) between 6 and 9 is 0.251525
2025-03-16 02:03:40 INFO  ren0 [gaussian_mixture_model.h:173] exp(-dist) between 7 and 8 is 0.302447
2025-03-16 02:03:40 INFO  ren0 [gaussian_mixture_model.h:173] exp(-dist) between 7 and 9 is 0.028503
2025-03-16 02:03:40 INFO  ren0 [gaussian_mixture_model.h:173] exp(-dist) between 8 and 9 is 0.000000
2025-03-16 02:03:40 INFO  ren0 [gaussian_mixture_model.h:180] components before the merge: 9
2025-03-16 02:03:40 INFO  ren0 [gaussian_mixture_model.h:183] Merging 8 and 3, because their BC is 0.798928
2025-03-16 02:03:40 INFO  ren0 [gaussian_mixture_model.h:183] Merging 9 and 4, because their BC is 0.793798
2025-03-16 02:03:40 INFO  ren0 [gaussian_mixture_model.h:183] Merging 7 and 2, because their BC is 0.752845
2025-03-16 02:03:40 INFO  ren0 [gaussian_mixture_model.h:183] Merging 6 and 0, because their BC is 0.728096
2025-03-16 02:03:40 INFO  ren0 [gaussian_mixture_model.h:183] Merging 7 and 6, because their BC is 0.510689
2025-03-16 02:03:40 INFO  ren0 [gaussian_mixture_model.h:183] Merging 7 and 1, because their BC is 0.547734
2025-03-16 02:03:40 INFO  ren0 [gaussian_mixture_model.h:200] components after the merge: 3, merged 6 component
2025-03-16 02:03:40 INFO  ren0 [gaussian_mixture_model.h:237] Ratio is 2.545665
2025-03-16 02:03:40 INFO  ren0 [gaussian_mixture_model.h:237] Ratio is 3.822173
2025-03-16 02:03:40 INFO  ren0 [gaussian_mixture_model.h:237] Ratio is 4.519782
2025-03-16 02:03:40 INFO  ren0 [gaussian_mixture_model.h:237] Ratio is 3.052417
2025-03-16 02:03:40 INFO  ren0 [gaussian_mixture_model.h:237] Ratio is 3.052417
2025-03-16 02:03:40 INFO  ren0 [gaussian_mixture_model.h:218] components after the split: 4, split 1 components
2025-03-16 02:03:40 INFO  ren0 [octree.h:482] root weight: 4.804e+04 (48041.210938)
2025-03-16 02:03:40 INFO  ren0 [octree.h:483] splitting threshold: 4.804e+01 (48.041214)
2025-03-16 02:03:40 INFO  ren0 [octree.h:482] root weight: 6.511e+03 (6511.303223)
2025-03-16 02:03:40 INFO  ren0 [octree.h:483] splitting threshold: 6.511e+00 (6.511303)
2025-03-16 02:03:40 INFO  ren0 [octree.h:498] node count: 477 -> 504 -> 470

2025-03-16 02:03:40 INFO  ren0 [octree.h:498] node count: 323 -> 325 -> 313

2025-03-16 02:03:40 INFO  ren0 [PMMFocalGuidingIntegrator] diverge probability: 0.119

2025-03-16 02:03:40 INFO  ren0 [PMMFocalGuidingIntegrator] iteration postprocessing time: 14.6864s
2025-03-16 02:03:40 INFO  ren0 [PMMFocalGuidingIntegrator] GMM[
weight = 0.0109813 mean = [-4.4732 1.83518 8.9134] covariance = [[1.58136 -0.112509 0.099167][-0.112509 1.19849 -0.200761][0.099167 -0.200761 0.600426]]
weight = 0.860215 mean = [-0.907699 3.05131 3.10801] covariance = [[8.82983 0.344247 2.65845][0.344247 6.15995 -0.402905][2.65845 -0.402905 14.2424]]
weight = 0.117822 mean = [0.887959 2.70206 -2.53004] covariance = [[4.20576 -1.4428 0.562579][-1.4428 3.99872 -0.418397][0.562579 -0.418397 1.60753]]
weight = 0.0109813 mean = [-3.94366 3.24807 8.53434] covariance = [[1.58136 -0.112509 0.099167][-0.112509 1.19849 -0.200761][0.099167 -0.200761 0.600426]]
]
2025-03-16 02:03:40 INFO  ren0 [PMMFocalGuidingIntegrator] Octree[
AABB: AABB3[min=[-6.3658, -1.5274, -4.73046], max=[5.27597, 8.04131, 10.0598]]
Nodes count: 470
]
2025-03-16 02:03:40 INFO  ren0 [PMMFocalGuidingIntegrator] Octree[
AABB: AABB3[min=[-6.3658, -1.5274, -4.73046], max=[5.27597, 8.04131, 10.0598]]
Nodes count: 313
]
2025-03-16 02:03:40 INFO  ren0 [PMMFocalGuidingIntegrator] Rendering 3 iteration
2025-03-16 02:03:40 INFO  ren0 [SamplingIntegrator] Starting render job (1280x720, 4 samples, 8 cores, SSE2 enabled) ..
2025-03-16 02:03:45 INFO  wrk4 [PMMFocalGuidingIntegrator] hit luminaire, value = [0, 0, 0]
2025-03-16 02:04:10 INFO  wrk7 [PMMFocalGuidingIntegrator] hit luminaire, value = [1e+06, 1e+06, 1e+06]
2025-03-16 02:04:25 INFO  wrk5 [PMMFocalGuidingIntegrator] hit luminaire, value = [0, 0, 0]
2025-03-16 02:05:03 INFO  wrk2 [PMMFocalGuidingIntegrator] hit luminaire, value = [0, 0, 0]
2025-03-16 02:05:20 INFO  wrk7 [PMMFocalGuidingIntegrator] hit luminaire, value = [0, 0, 0]
2025-03-16 02:06:23 INFO  ren0 [PMMFocalGuidingIntegrator] iteration render time: 2.7075m
2025-03-16 02:06:23 INFO  ren0 [PMMFocalGuidingIntegrator] Got 74149 non-zero samples and 0 zero samples
2025-03-16 02:06:31 INFO  ren0 [gaussian_mixture_model.h:126] Components accumulated weight is: 1.000000
2025-03-16 02:06:31 INFO  ren0 [gaussian_mixture_model.h:173] exp(-dist) between 0 and 7 is 0.150413
2025-03-16 02:06:31 INFO  ren0 [gaussian_mixture_model.h:173] exp(-dist) between 0 and 8 is 0.000000
2025-03-16 02:06:31 INFO  ren0 [gaussian_mixture_model.h:173] exp(-dist) between 0 and 9 is 0.753401
2025-03-16 02:06:31 INFO  ren0 [gaussian_mixture_model.h:173] exp(-dist) between 7 and 8 is 0.387272
2025-03-16 02:06:31 INFO  ren0 [gaussian_mixture_model.h:173] exp(-dist) between 7 and 9 is 0.189310
2025-03-16 02:06:31 INFO  ren0 [gaussian_mixture_model.h:173] exp(-dist) between 8 and 9 is 0.000000
2025-03-16 02:06:31 INFO  ren0 [gaussian_mixture_model.h:180] components before the merge: 4
2025-03-16 02:06:31 INFO  ren0 [gaussian_mixture_model.h:183] Merging 9 and 0, because their BC is 0.753401
2025-03-16 02:06:31 INFO  ren0 [gaussian_mixture_model.h:200] components after the merge: 3, merged 1 component
2025-03-16 02:06:31 INFO  ren0 [gaussian_mixture_model.h:237] Ratio is 2.658612
2025-03-16 02:06:31 INFO  ren0 [gaussian_mixture_model.h:237] Ratio is 4.051853
2025-03-16 02:06:31 INFO  ren0 [gaussian_mixture_model.h:237] Ratio is 4.225411
2025-03-16 02:06:31 INFO  ren0 [gaussian_mixture_model.h:237] Ratio is 2.025926
2025-03-16 02:06:31 INFO  ren0 [gaussian_mixture_model.h:237] Ratio is 2.025926
2025-03-16 02:06:31 INFO  ren0 [gaussian_mixture_model.h:237] Ratio is 3.189080
2025-03-16 02:06:31 INFO  ren0 [gaussian_mixture_model.h:237] Ratio is 3.189080
2025-03-16 02:06:31 INFO  ren0 [gaussian_mixture_model.h:218] components after the split: 5, split 2 components
2025-03-16 02:06:31 INFO  ren0 [octree.h:482] root weight: 4.859e+04 (48593.125000)
2025-03-16 02:06:31 INFO  ren0 [octree.h:483] splitting threshold: 4.859e+01 (48.593128)
2025-03-16 02:06:31 INFO  ren0 [octree.h:482] root weight: 6.789e+03 (6789.364258)
2025-03-16 02:06:31 INFO  ren0 [octree.h:483] splitting threshold: 6.789e+00 (6.789365)
2025-03-16 02:06:31 INFO  ren0 [octree.h:498] node count: 470 -> 480 -> 446

2025-03-16 02:06:31 INFO  ren0 [octree.h:498] node count: 313 -> 317 -> 307

2025-03-16 02:06:31 INFO  ren0 [PMMFocalGuidingIntegrator] diverge probability: 0.123

2025-03-16 02:06:31 INFO  ren0 [PMMFocalGuidingIntegrator] iteration postprocessing time: 8.4420s
2025-03-16 02:06:31 INFO  ren0 [PMMFocalGuidingIntegrator] GMM[
weight = 0.064693 mean = [-0.318747 3.59975 -2.53346] covariance = [[2.72177 -0.0326195 0.0575847][-0.0326195 2.69313 -0.123118][0.0575847 -0.123118 1.37253]]
weight = 0.0118758 mean = [-4.02088 1.71747 8.85322] covariance = [[1.6962 0.0860197 0.0868335][0.0860197 1.12486 -0.103514][0.0868335 -0.103514 0.564556]]
weight = 0.846862 mean = [-0.89755 3.02968 3.03802] covariance = [[8.5557 0.24771 2.67439][0.24771 5.9221 -0.486062][2.67439 -0.486062 14.3964]]
weight = 0.064693 mean = [1.5343 2.17467 -2.3291] covariance = [[2.72177 -0.0326195 0.0575847][-0.0326195 2.69313 -0.123118][0.0575847 -0.123118 1.37253]]
weight = 0.0118758 mean = [-4.20033 3.18436 8.55974] covariance = [[1.6962 0.0860197 0.0868335][0.0860197 1.12486 -0.103514][0.0868335 -0.103514 0.564556]]
]
2025-03-16 02:06:31 INFO  ren0 [PMMFocalGuidingIntegrator] Octree[
AABB: AABB3[min=[-6.3658, -1.5274, -4.73046], max=[5.27597, 8.04131, 10.0598]]
Nodes count: 446
]
2025-03-16 02:06:31 INFO  ren0 [PMMFocalGuidingIntegrator] Octree[
AABB: AABB3[min=[-6.3658, -1.5274, -4.73046], max=[5.27597, 8.04131, 10.0598]]
Nodes count: 307
]
2025-03-16 02:06:31 INFO  ren0 [PMMFocalGuidingIntegrator] Rendering 4 iteration
2025-03-16 02:06:31 INFO  ren0 [SamplingIntegrator] Starting render job (1280x720, 4 samples, 8 cores, SSE2 enabled) ..
2025-03-16 02:07:14 INFO  wrk0 [PMMFocalGuidingIntegrator] hit luminaire, value = [0, 0, 0]
2025-03-16 02:09:09 INFO  wrk5 [PMMFocalGuidingIntegrator] hit luminaire, value = [0, 0, 0]
2025-03-16 02:09:14 INFO  ren0 [PMMFocalGuidingIntegrator] iteration render time: 2.7146m
2025-03-16 02:09:14 INFO  ren0 [PMMFocalGuidingIntegrator] Got 93351 non-zero samples and 0 zero samples
2025-03-16 02:09:27 INFO  ren0 [gaussian_mixture_model.h:126] Components accumulated weight is: 1.000000
2025-03-16 02:09:27 INFO  ren0 [gaussian_mixture_model.h:173] exp(-dist) between 0 and 1 is 0.000000
2025-03-16 02:09:27 INFO  ren0 [gaussian_mixture_model.h:173] exp(-dist) between 0 and 7 is 0.386298
2025-03-16 02:09:27 INFO  ren0 [gaussian_mixture_model.h:173] exp(-dist) between 0 and 8 is 0.785689
2025-03-16 02:09:27 INFO  ren0 [gaussian_mixture_model.h:173] exp(-dist) between 0 and 9 is 0.000000
2025-03-16 02:09:27 INFO  ren0 [gaussian_mixture_model.h:173] exp(-dist) between 1 and 7 is 0.166382
2025-03-16 02:09:27 INFO  ren0 [gaussian_mixture_model.h:173] exp(-dist) between 1 and 8 is 0.000000
2025-03-16 02:09:27 INFO  ren0 [gaussian_mixture_model.h:173] exp(-dist) between 1 and 9 is 0.758932
2025-03-16 02:09:27 INFO  ren0 [gaussian_mixture_model.h:173] exp(-dist) between 7 and 8 is 0.333738
2025-03-16 02:09:27 INFO  ren0 [gaussian_mixture_model.h:173] exp(-dist) between 7 and 9 is 0.176697
2025-03-16 02:09:27 INFO  ren0 [gaussian_mixture_model.h:173] exp(-dist) between 8 and 9 is 0.000000
2025-03-16 02:09:27 INFO  ren0 [gaussian_mixture_model.h:180] components before the merge: 5
2025-03-16 02:09:27 INFO  ren0 [gaussian_mixture_model.h:183] Merging 8 and 0, because their BC is 0.785689
2025-03-16 02:09:27 INFO  ren0 [gaussian_mixture_model.h:183] Merging 9 and 1, because their BC is 0.758932
2025-03-16 02:09:27 INFO  ren0 [gaussian_mixture_model.h:200] components after the merge: 3, merged 2 component
2025-03-16 02:09:27 INFO  ren0 [gaussian_mixture_model.h:237] Ratio is 2.695212
2025-03-16 02:09:27 INFO  ren0 [gaussian_mixture_model.h:237] Ratio is 3.494353
2025-03-16 02:09:27 INFO  ren0 [gaussian_mixture_model.h:237] Ratio is 3.857646
2025-03-16 02:09:27 INFO  ren0 [gaussian_mixture_model.h:218] components after the split: 3, split 0 components
2025-03-16 02:09:27 INFO  ren0 [octree.h:482] root weight: 5.636e+04 (56360.621094)
2025-03-16 02:09:27 INFO  ren0 [octree.h:483] splitting threshold: 5.636e+01 (56.360622)
2025-03-16 02:09:27 INFO  ren0 [octree.h:482] root weight: 8.458e+03 (8457.862305)
2025-03-16 02:09:27 INFO  ren0 [octree.h:483] splitting threshold: 8.458e+00 (8.457863)
2025-03-16 02:09:27 INFO  ren0 [octree.h:498] node count: 446 -> 468 -> 447

2025-03-16 02:09:27 INFO  ren0 [octree.h:498] node count: 307 -> 317 -> 312

2025-03-16 02:09:27 INFO  ren0 [PMMFocalGuidingIntegrator] diverge probability: 0.130

2025-03-16 02:09:27 INFO  ren0 [PMMFocalGuidingIntegrator] iteration postprocessing time: 13.2504s
2025-03-16 02:09:27 INFO  ren0 [PMMFocalGuidingIntegrator] GMM[
weight = 0.831799 mean = [-0.870138 3.0132 3.0371] covariance = [[8.38368 0.132369 2.64558][0.132369 5.76586 -0.599801][2.64558 -0.599801 14.2376]]
weight = 0.142488 mean = [0.388278 3.01358 -2.33994] covariance = [[3.87531 -0.742728 -0.019217][-0.742728 2.98184 -0.11946][-0.019217 -0.11946 1.23961]]
weight = 0.0257136 mean = [-4.02522 2.34295 8.69344] covariance = [[1.76923 -0.0531815 0.141892][-0.0531815 2.05322 -0.200987][0.141892 -0.200987 0.585067]]
]
2025-03-16 02:09:27 INFO  ren0 [PMMFocalGuidingIntegrator] Octree[
AABB: AABB3[min=[-6.3658, -1.5274, -4.73046], max=[5.27597, 8.04131, 10.0598]]
Nodes count: 447
]
2025-03-16 02:09:27 INFO  ren0 [PMMFocalGuidingIntegrator] Octree[
AABB: AABB3[min=[-6.3658, -1.5274, -4.73046], max=[5.27597, 8.04131, 10.0598]]
Nodes count: 312
]
2025-03-16 02:09:27 INFO  ren0 [PMMFocalGuidingIntegrator] Rendering 5 iteration
2025-03-16 02:09:27 INFO  ren0 [SamplingIntegrator] Starting render job (1280x720, 4 samples, 8 cores, SSE2 enabled) ..
2025-03-16 02:09:33 INFO  wrk3 [PMMFocalGuidingIntegrator] hit luminaire, value = [1e+06, 1e+06, 1e+06]
2025-03-16 02:10:17 INFO  wrk0 [PMMFocalGuidingIntegrator] hit luminaire, value = [0, 0, 0]
2025-03-16 02:10:38 INFO  wrk0 [PMMFocalGuidingIntegrator] hit luminaire, value = [1e+06, 1e+06, 1e+06]
2025-03-16 02:10:46 INFO  wrk7 [PMMFocalGuidingIntegrator] hit luminaire, value = [0, 0, 0]
2025-03-16 02:10:54 INFO  wrk7 [PMMFocalGuidingIntegrator] hit luminaire, value = [0, 0, 0]
2025-03-16 02:11:22 INFO  wrk2 [PMMFocalGuidingIntegrator] hit luminaire, value = [0, 0, 0]
2025-03-16 02:11:39 INFO  wrk0 [PMMFocalGuidingIntegrator] hit luminaire, value = [0, 0, 0]
2025-03-16 02:12:04 INFO  ren0 [PMMFocalGuidingIntegrator] iteration render time: 2.6111m
2025-03-16 02:12:04 INFO  ren0 [PMMFocalGuidingIntegrator] Got 112246 non-zero samples and 0 zero samples
2025-03-16 02:12:13 INFO  ren0 [gaussian_mixture_model.h:126] Components accumulated weight is: 1.000000
2025-03-16 02:12:13 INFO  ren0 [gaussian_mixture_model.h:173] exp(-dist) between 7 and 8 is 0.389196
2025-03-16 02:12:13 INFO  ren0 [gaussian_mixture_model.h:173] exp(-dist) between 7 and 9 is 0.194623
2025-03-16 02:12:13 INFO  ren0 [gaussian_mixture_model.h:173] exp(-dist) between 8 and 9 is 0.000000
2025-03-16 02:12:13 INFO  ren0 [gaussian_mixture_model.h:180] components before the merge: 3
2025-03-16 02:12:13 INFO  ren0 [gaussian_mixture_model.h:183] Merging 8 and 7, because their BC is 0.389196
2025-03-16 02:12:13 INFO  ren0 [gaussian_mixture_model.h:200] components after the merge: 3, merged 1 component
2025-03-16 02:12:13 INFO  ren0 [gaussian_mixture_model.h:237] Ratio is 2.686804
2025-03-16 02:12:13 INFO  ren0 [gaussian_mixture_model.h:237] Ratio is 3.983858
2025-03-16 02:12:13 INFO  ren0 [gaussian_mixture_model.h:237] Ratio is 4.698574
2025-03-16 02:12:13 INFO  ren0 [gaussian_mixture_model.h:237] Ratio is 3.299635
2025-03-16 02:12:13 INFO  ren0 [gaussian_mixture_model.h:237] Ratio is 3.299635
2025-03-16 02:12:13 INFO  ren0 [gaussian_mixture_model.h:218] components after the split: 4, split 1 components
2025-03-16 02:12:13 INFO  ren0 [octree.h:482] root weight: 5.922e+04 (59217.621094)
2025-03-16 02:12:13 INFO  ren0 [octree.h:483] splitting threshold: 5.922e+01 (59.217625)
2025-03-16 02:12:13 INFO  ren0 [octree.h:482] root weight: 8.930e+03 (8930.374023)
2025-03-16 02:12:13 INFO  ren0 [octree.h:483] splitting threshold: 8.930e+00 (8.930374)
2025-03-16 02:12:13 INFO  ren0 [octree.h:498] node count: 447 -> 459 -> 437

2025-03-16 02:12:13 INFO  ren0 [octree.h:498] node count: 312 -> 314 -> 310

2025-03-16 02:12:13 INFO  ren0 [PMMFocalGuidingIntegrator] diverge probability: 0.131

2025-03-16 02:12:13 INFO  ren0 [PMMFocalGuidingIntegrator] iteration postprocessing time: 9.3971s
2025-03-16 02:12:13 INFO  ren0 [PMMFocalGuidingIntegrator] GMM[
weight = 0.0141617 mean = [-4.1509 3.06628 8.58415] covariance = [[1.76111 0.140737 0.138377][0.140737 1.32147 -0.0537972][0.138377 -0.0537972 0.571904]]
weight = 0.812981 mean = [-0.846879 2.99699 3.05414] covariance = [[8.23495 0.0605532 2.57136][0.0605532 5.65738 -0.611869][2.57136 -0.611869 13.9764]]
weight = 0.158696 mean = [0.193756 3.12134 -2.267] covariance = [[4.06497 -0.77544 -0.132643][-0.77544 2.69081 -0.060679][-0.132643 -0.060679 1.12122]]
weight = 0.0141617 mean = [-3.74566 1.52326 8.7775] covariance = [[1.76111 0.140737 0.138377][0.140737 1.32147 -0.0537972][0.138377 -0.0537972 0.571904]]
]
2025-03-16 02:12:13 INFO  ren0 [PMMFocalGuidingIntegrator] Octree[
AABB: AABB3[min=[-6.3658, -1.5274, -4.73046], max=[5.27597, 8.04131, 10.0598]]
Nodes count: 437
]
2025-03-16 02:12:13 INFO  ren0 [PMMFocalGuidingIntegrator] Octree[
AABB: AABB3[min=[-6.3658, -1.5274, -4.73046], max=[5.27597, 8.04131, 10.0598]]
Nodes count: 310
]
2025-03-16 02:12:13 INFO  ren0 [PMMFocalGuidingIntegrator] Rendering 6 iteration
2025-03-16 02:12:13 INFO  ren0 [SamplingIntegrator] Starting render job (1280x720, 4 samples, 8 cores, SSE2 enabled) ..
2025-03-16 02:12:15 INFO  wrk6 [PMMFocalGuidingIntegrator] hit luminaire, value = [0, 0, 0]
2025-03-16 02:12:28 INFO  wrk5 [PMMFocalGuidingIntegrator] hit luminaire, value = [0, 0, 0]
2025-03-16 02:12:39 INFO  wrk1 [PMMFocalGuidingIntegrator] hit luminaire, value = [0, 0, 0]
2025-03-16 02:14:49 INFO  ren0 [PMMFocalGuidingIntegrator] iteration render time: 2.6000m
2025-03-16 02:14:49 INFO  ren0 [PMMFocalGuidingIntegrator] Got 130378 non-zero samples and 0 zero samples
2025-03-16 02:15:04 INFO  ren0 [gaussian_mixture_model.h:126] Components accumulated weight is: 1.000000
2025-03-16 02:15:04 INFO  ren0 [gaussian_mixture_model.h:173] exp(-dist) between 0 and 7 is 0.183464
2025-03-16 02:15:04 INFO  ren0 [gaussian_mixture_model.h:173] exp(-dist) between 0 and 8 is 0.000000
2025-03-16 02:15:04 INFO  ren0 [gaussian_mixture_model.h:173] exp(-dist) between 0 and 9 is 0.763541
2025-03-16 02:15:04 INFO  ren0 [gaussian_mixture_model.h:173] exp(-dist) between 7 and 8 is 0.384850
2025-03-16 02:15:04 INFO  ren0 [gaussian_mixture_model.h:173] exp(-dist) between 7 and 9 is 0.181378
2025-03-16 02:15:04 INFO  ren0 [gaussian_mixture_model.h:173] exp(-dist) between 8 and 9 is 0.000000
2025-03-16 02:15:04 INFO  ren0 [gaussian_mixture_model.h:180] components before the merge: 4
2025-03-16 02:15:04 INFO  ren0 [gaussian_mixture_model.h:183] Merging 9 and 0, because their BC is 0.763541
2025-03-16 02:15:04 INFO  ren0 [gaussian_mixture_model.h:200] components after the merge: 3, merged 1 component
2025-03-16 02:15:04 INFO  ren0 [gaussian_mixture_model.h:237] Ratio is 2.663518
2025-03-16 02:15:04 INFO  ren0 [gaussian_mixture_model.h:237] Ratio is 4.370949
2025-03-16 02:15:04 INFO  ren0 [gaussian_mixture_model.h:237] Ratio is 4.097480
2025-03-16 02:15:04 INFO  ren0 [gaussian_mixture_model.h:237] Ratio is 2.185475
2025-03-16 02:15:04 INFO  ren0 [gaussian_mixture_model.h:237] Ratio is 2.185475
2025-03-16 02:15:04 INFO  ren0 [gaussian_mixture_model.h:237] Ratio is 3.357060
2025-03-16 02:15:04 INFO  ren0 [gaussian_mixture_model.h:237] Ratio is 3.357060
2025-03-16 02:15:04 INFO  ren0 [gaussian_mixture_model.h:218] components after the split: 5, split 2 components
2025-03-16 02:15:04 INFO  ren0 [octree.h:482] root weight: 6.214e+04 (62136.359375)
2025-03-16 02:15:04 INFO  ren0 [octree.h:483] splitting threshold: 6.214e+01 (62.136364)
2025-03-16 02:15:04 INFO  ren0 [octree.h:482] root weight: 7.836e+03 (7836.369629)
2025-03-16 02:15:04 INFO  ren0 [octree.h:483] splitting threshold: 7.836e+00 (7.836370)
2025-03-16 02:15:04 INFO  ren0 [octree.h:498] node count: 437 -> 442 -> 434

2025-03-16 02:15:04 INFO  ren0 [octree.h:498] node count: 310 -> 311 -> 304

2025-03-16 02:15:04 INFO  ren0 [PMMFocalGuidingIntegrator] diverge probability: 0.112

2025-03-16 02:15:04 INFO  ren0 [PMMFocalGuidingIntegrator] iteration postprocessing time: 14.7413s
2025-03-16 02:15:04 INFO  ren0 [PMMFocalGuidingIntegrator] GMM[
weight = 0.0872675 mean = [-0.977186 3.57147 -2.15861] covariance = [[2.20575 -0.0383594 -0.0865816][-0.0383594 2.1305 -0.0607905][-0.0865816 -0.0607905 1.02789]]
weight = 0.0152401 mean = [-3.67223 1.48894 8.74805] covariance = [[1.80657 0.201808 0.155983][0.201808 1.20513 -0.0158179][0.155983 -0.0158179 0.58355]]
weight = 0.794985 mean = [-0.839846 2.98842 3.08259] covariance = [[8.13074 0.0254065 2.48825][0.0254065 5.60447 -0.609453][2.48825 -0.609453 13.7684]]
weight = 0.0872675 mean = [0.996787 2.83549 -2.26403] covariance = [[2.20575 -0.0383594 -0.0865816][-0.0383594 2.1305 -0.0607905][-0.0865816 -0.0607905 1.02789]]
weight = 0.0152401 mean = [-4.08198 2.94093 8.59463] covariance = [[1.80657 0.201808 0.155983][0.201808 1.20513 -0.0158179][0.155983 -0.0158179 0.58355]]
]
2025-03-16 02:15:04 INFO  ren0 [PMMFocalGuidingIntegrator] Octree[
AABB: AABB3[min=[-6.3658, -1.5274, -4.73046], max=[5.27597, 8.04131, 10.0598]]
Nodes count: 434
]
2025-03-16 02:15:04 INFO  ren0 [PMMFocalGuidingIntegrator] Octree[
AABB: AABB3[min=[-6.3658, -1.5274, -4.73046], max=[5.27597, 8.04131, 10.0598]]
Nodes count: 304
]
2025-03-16 02:15:04 INFO  ren0 [PMMFocalGuidingIntegrator] Rendering 7 iteration
2025-03-16 02:15:04 INFO  ren0 [SamplingIntegrator] Starting render job (1280x720, 4 samples, 8 cores, SSE2 enabled) ..
2025-03-16 02:16:58 INFO  wrk3 [PMMFocalGuidingIntegrator] hit luminaire, value = [0, 0, 0]
2025-03-16 02:17:48 INFO  ren0 [PMMFocalGuidingIntegrator] iteration render time: 2.7396m
2025-03-16 02:17:49 INFO  ren0 [PMMFocalGuidingIntegrator] Got 153365 non-zero samples and 0 zero samples
2025-03-16 02:18:10 INFO  ren0 [gaussian_mixture_model.h:126] Components accumulated weight is: 1.000000
2025-03-16 02:18:10 INFO  ren0 [gaussian_mixture_model.h:173] exp(-dist) between 0 and 1 is 0.000000
2025-03-16 02:18:10 INFO  ren0 [gaussian_mixture_model.h:173] exp(-dist) between 0 and 7 is 0.365681
2025-03-16 02:18:10 INFO  ren0 [gaussian_mixture_model.h:173] exp(-dist) between 0 and 8 is 0.766724
2025-03-16 02:18:10 INFO  ren0 [gaussian_mixture_model.h:173] exp(-dist) between 0 and 9 is 0.000000
2025-03-16 02:18:10 INFO  ren0 [gaussian_mixture_model.h:173] exp(-dist) between 1 and 7 is 0.185586
2025-03-16 02:18:10 INFO  ren0 [gaussian_mixture_model.h:173] exp(-dist) between 1 and 8 is 0.000000
2025-03-16 02:18:10 INFO  ren0 [gaussian_mixture_model.h:173] exp(-dist) between 1 and 9 is 0.766394
2025-03-16 02:18:10 INFO  ren0 [gaussian_mixture_model.h:173] exp(-dist) between 7 and 8 is 0.314039
2025-03-16 02:18:10 INFO  ren0 [gaussian_mixture_model.h:173] exp(-dist) between 7 and 9 is 0.185890
2025-03-16 02:18:10 INFO  ren0 [gaussian_mixture_model.h:173] exp(-dist) between 8 and 9 is 0.000000
2025-03-16 02:18:10 INFO  ren0 [gaussian_mixture_model.h:180] components before the merge: 5
2025-03-16 02:18:10 INFO  ren0 [gaussian_mixture_model.h:183] Merging 8 and 0, because their BC is 0.766724
2025-03-16 02:18:10 INFO  ren0 [gaussian_mixture_model.h:183] Merging 9 and 1, because their BC is 0.766394
2025-03-16 02:18:10 INFO  ren0 [gaussian_mixture_model.h:200] components after the merge: 3, merged 2 component
2025-03-16 02:18:10 INFO  ren0 [gaussian_mixture_model.h:237] Ratio is 2.644055
2025-03-16 02:18:10 INFO  ren0 [gaussian_mixture_model.h:237] Ratio is 3.731401
2025-03-16 02:18:10 INFO  ren0 [gaussian_mixture_model.h:237] Ratio is 3.463573
2025-03-16 02:18:10 INFO  ren0 [gaussian_mixture_model.h:218] components after the split: 3, split 0 components
2025-03-16 02:18:10 INFO  ren0 [octree.h:482] root weight: 7.411e+04 (74112.656250)
2025-03-16 02:18:10 INFO  ren0 [octree.h:483] splitting threshold: 7.411e+01 (74.112663)
2025-03-16 02:18:10 INFO  ren0 [octree.h:482] root weight: 8.357e+03 (8357.346680)
2025-03-16 02:18:10 INFO  ren0 [octree.h:483] splitting threshold: 8.357e+00 (8.357347)
2025-03-16 02:18:10 INFO  ren0 [octree.h:498] node count: 434 -> 444 -> 437

2025-03-16 02:18:10 INFO  ren0 [octree.h:498] node count: 304 -> 304 -> 300

2025-03-16 02:18:10 INFO  ren0 [PMMFocalGuidingIntegrator] diverge probability: 0.101

2025-03-16 02:18:10 INFO  ren0 [PMMFocalGuidingIntegrator] iteration postprocessing time: 22.0025s
2025-03-16 02:18:10 INFO  ren0 [PMMFocalGuidingIntegrator] GMM[
weight = 0.78122 mean = [-0.828799 2.97513 3.11107] covariance = [[8.11923 -0.0167044 2.41872][-0.0167044 5.57241 -0.615849][2.41872 -0.615849 13.6213]]
weight = 0.186866 mean = [-0.118401 3.26862 -2.16348] covariance = [[3.41574 -0.408657 -0.182186][-0.408657 2.00144 -0.0131233][-0.182186 -0.0131233 0.963226]]
weight = 0.0319138 mean = [-3.80803 2.14012 8.66405] covariance = [[1.93684 -0.00562774 0.189585][-0.00562774 1.99541 -0.0721988][0.189585 -0.0721988 0.608888]]
]
2025-03-16 02:18:10 INFO  ren0 [PMMFocalGuidingIntegrator] Octree[
AABB: AABB3[min=[-6.3658, -1.5274, -4.73046], max=[5.27597, 8.04131, 10.0598]]
Nodes count: 437
]
2025-03-16 02:18:10 INFO  ren0 [PMMFocalGuidingIntegrator] Octree[
AABB: AABB3[min=[-6.3658, -1.5274, -4.73046], max=[5.27597, 8.04131, 10.0598]]
Nodes count: 300
]
2025-03-16 02:18:10 INFO  ren0 [PMMFocalGuidingIntegrator] Finished training phase. Starting real rendering.
2025-03-16 02:18:10 INFO  ren0 [PMMFocalGuidingIntegrator] final guiding field written to ../scenes/dining-room/final_gmm.serialized
2025-03-16 02:18:10 INFO  ren0 [PMMFocalGuidingIntegrator] Starting render job (1280x720, 4 samples, 8 cores, SSE2 enabled) ..
2025-03-16 02:18:58 INFO  wrk7 [PMMFocalGuidingIntegrator] hit luminaire, value = [1e+06, 1e+06, 1e+06]
2025-03-16 02:19:23 INFO  wrk2 [PMMFocalGuidingIntegrator] hit luminaire, value = [0, 0, 0]
2025-03-16 02:19:24 INFO  wrk6 [PMMFocalGuidingIntegrator] hit luminaire, value = [1e+06, 1e+06, 1e+06]
2025-03-16 02:20:04 INFO  wrk2 [PMMFocalGuidingIntegrator] hit luminaire, value = [0, 0, 0]
2025-03-16 02:20:05 INFO  wrk7 [PMMFocalGuidingIntegrator] hit luminaire, value = [0, 0, 0]
2025-03-16 02:20:54 INFO  ren0 [PMMFocalGuidingIntegrator] rendered 4 samples per pixel in 2.7229m.
2025-03-16 02:20:54 INFO  ren0 [RenderJob] Render time: 23.9275m
2025-03-16 02:20:54 INFO  ren0 [PMMFocalGuidingIntegrator] iteration render time: 2.7229m
2025-03-16 02:20:54 INFO  ren0 [PMMFocalGuidingIntegrator] GMM[
weight = 0.78122 mean = [-0.828799 2.97513 3.11107] covariance = [[8.11923 -0.0167044 2.41872][-0.0167044 5.57241 -0.615849][2.41872 -0.615849 13.6213]]
weight = 0.186866 mean = [-0.118401 3.26862 -2.16348] covariance = [[3.41574 -0.408657 -0.182186][-0.408657 2.00144 -0.0131233][-0.182186 -0.0131233 0.963226]]
weight = 0.0319138 mean = [-3.80803 2.14012 8.66405] covariance = [[1.93684 -0.00562774 0.189585][-0.00562774 1.99541 -0.0721988][0.189585 -0.0721988 0.608888]]
]
2025-03-16 02:20:54 INFO  ren0 [HDRFilm] Writing image to "/home/julia/PBRT/PMM_focal_guiding/mitsuba/dist/../../scenes/dining-room/dining-room.exr" ..
2025-03-16 02:20:54 INFO  main [statistics.cpp:142] Statistics:
------------------------------------------------------------
 * Loaded plugins :
    -  plugins/area.so [Area light]
    -  plugins/bitmap.so [Bitmap texture]
    -  plugins/box.so [Box filter]
    -  plugins/conductor.so [Smooth conductor]
    -  plugins/diffuse.so [Smooth diffuse BRDF]
    -  plugins/disk.so [Disk intersection primitive]
    -  plugins/hdrfilm.so [High dynamic range film]
    -  plugins/independent.so [Independent sampler]
    -  plugins/lanczos.so [Lanczos Sinc filter]
    -  plugins/obj.so [OBJ triangle mesh loader]
    -  plugins/perspective.so [Perspective camera]
    -  plugins/ply.so [PLY mesh loader]
    -  plugins/pmm_focal_guiding.so [PMM focal guiding path tracer]
    -  plugins/rectangle.so [Rectangle intersection primitive]
    -  plugins/roughconductor.so [Rough conductor BRDF]
    -  plugins/roughplastic.so [Rough plastic BRDF]
    -  plugins/twosided.so [Two-sided BRDF adapter]

  * General :
    -  Normal rays traced : 23.970 M
    -  Shadow rays traced : 8.451 M

  * Path tracer :
    -  Average path length : 6.37 (23.48 M / 3.69 M)
    -  Sampled from Converging : 9.929 M
    -  Sampled from Diverging : 1.122 M
    -  Sampled from GMM : 11.052 M

  * Texture system :
    -  Filtered texture lookups : 13.96 % (478.67 K of 3.43 M)
------------------------------------------------------------
