2025-03-16 11:54:19 INFO  main [mitsuba.cpp:274] Mitsuba version 0.6.0 (Linux, 64 bit), Copyright (c) 2017 Wenzel Jakob
2025-03-16 11:54:19 INFO  main [mitsuba.cpp:377] Parsing scene description from "../../scenes/living-room/living-room.xml" ..
2025-03-16 11:54:19 INFO  main [scenehandler.cpp:675] In file "/home/julia/PBRT/PMM_focal_guiding/mitsuba/dist/../../scenes/living-room/living-room.xml" (near line 17): Parsing included file "pmm_focal_guiding.xml" ..
2025-03-16 11:54:19 INFO  main [PluginManager] Loading plugin "plugins/pmm_focal_guiding.so" ..
2025-03-16 11:54:19 INFO  main [octree.h:482] root weight: 8.000e-20 (0.000000)
2025-03-16 11:54:19 INFO  main [octree.h:483] splitting threshold: 8.000e-23 (0.000000)
2025-03-16 11:54:19 INFO  main [octree.h:498] node count: 1 -> 585 -> 585

2025-03-16 11:54:19 INFO  main [octree.h:482] root weight: 8.000e-20 (0.000000)
2025-03-16 11:54:19 INFO  main [octree.h:483] splitting threshold: 8.000e-23 (0.000000)
2025-03-16 11:54:19 INFO  main [octree.h:498] node count: 1 -> 585 -> 585

2025-03-16 11:54:19 INFO  main [PMMFocalGuidingIntegrator] Saving to: ../scenes/living-room/
2025-03-16 11:54:19 INFO  main [PMMFocalGuidingIntegrator] GMM params: alpha = 0.250000, split_th = 4.000000, merge_th = 0.300000, min_num_comp = 3, max_num_comp = 10
2025-03-16 11:54:19 INFO  main [PMMFocalGuidingIntegrator] iterationCount: 8
2025-03-16 11:54:19 INFO  main [PMMFocalGuidingIntegrator] PMMFocalGuidingIntegrator
  maxDepth = 40,
  rrDepth = 14,
  strictNormals = 1
  gmm = GMM[
]
]
2025-03-16 11:54:19 WARN  main [scenehandler.cpp:795] In file "/home/julia/PBRT/PMM_focal_guiding/mitsuba/dist/../../scenes/living-room/../_integrators/pmm_focal_guiding.xml" (near line 49): Unqueried attribute "budget" in element "integrator"
2025-03-16 11:54:19 WARN  main [scenehandler.cpp:795] In file "/home/julia/PBRT/PMM_focal_guiding/mitsuba/dist/../../scenes/living-room/../_integrators/pmm_focal_guiding.xml" (near line 49): Unqueried attribute "dumpPrimaryRays" in element "integrator"
2025-03-16 11:54:19 WARN  main [scenehandler.cpp:795] In file "/home/julia/PBRT/PMM_focal_guiding/mitsuba/dist/../../scenes/living-room/../_integrators/pmm_focal_guiding.xml" (near line 49): Unqueried attribute "dumpScene" in element "integrator"
2025-03-16 11:54:19 WARN  main [scenehandler.cpp:795] In file "/home/julia/PBRT/PMM_focal_guiding/mitsuba/dist/../../scenes/living-room/../_integrators/pmm_focal_guiding.xml" (near line 49): Unqueried attribute "normalBinning" in element "integrator"
2025-03-16 11:54:19 WARN  main [scenehandler.cpp:795] In file "/home/julia/PBRT/PMM_focal_guiding/mitsuba/dist/../../scenes/living-room/../_integrators/pmm_focal_guiding.xml" (near line 49): Unqueried attribute "samplingMode" in element "integrator"
2025-03-16 11:54:19 WARN  main [scenehandler.cpp:795] In file "/home/julia/PBRT/PMM_focal_guiding/mitsuba/dist/../../scenes/living-room/../_integrators/pmm_focal_guiding.xml" (near line 49): Unqueried attribute "unboundedSplatting" in element "integrator"
2025-03-16 11:54:19 INFO  main [PluginManager] Loading plugin "plugins/independent.so" ..
2025-03-16 11:54:19 INFO  main [PluginManager] Loading plugin "plugins/box.so" ..
2025-03-16 11:54:19 INFO  main [PluginManager] Loading plugin "plugins/hdrfilm.so" ..
2025-03-16 11:54:19 INFO  main [PluginManager] Loading plugin "plugins/perspective.so" ..
2025-03-16 11:54:19 INFO  main [PluginManager] Loading plugin "plugins/bitmap.so" ..
2025-03-16 11:54:19 INFO  main [BitmapTexture] Loading texture "radio-dial-idea.jpg"
2025-03-16 11:54:19 INFO  main [PluginManager] Loading plugin "plugins/lanczos.so" ..
2025-03-16 11:54:19 INFO  main [PluginManager] Loading plugin "plugins/diffuse.so" ..
2025-03-16 11:54:19 INFO  main [PluginManager] Loading plugin "plugins/twosided.so" ..
2025-03-16 11:54:19 INFO  main [BitmapTexture] Loading texture "wood4.jpg"
2025-03-16 11:54:19 INFO  main [MIPMap] Mapped MIP map cache file "/home/julia/PBRT/PMM_focal_guiding/mitsuba/dist/../../scenes/living-room/textures/wood4.mip" into memory (14.3 MiB).
2025-03-16 11:54:19 INFO  main [PluginManager] Loading plugin "plugins/roughplastic.so" ..
2025-03-16 11:54:19 INFO  main [BitmapTexture] Loading texture "cushion-purple-yellow-stripe.jpg"
2025-03-16 11:54:19 INFO  main [BitmapTexture] Loading texture "cushion-green-circles.jpg"
2025-03-16 11:54:19 INFO  main [BitmapTexture] Loading texture "cushion-stripe-purple.jpg"
2025-03-16 11:54:20 INFO  main [BitmapTexture] Loading texture "shade-stripes.jpg"
2025-03-16 11:54:20 INFO  main [PluginManager] Loading plugin "plugins/plastic.so" ..
2025-03-16 11:54:20 INFO  main [BitmapTexture] Loading texture "apple.jpg"
2025-03-16 11:54:20 INFO  main [BitmapTexture] Loading texture "book-spines.jpg"
2025-03-16 11:54:20 INFO  main [MIPMap] Mapped MIP map cache file "/home/julia/PBRT/PMM_focal_guiding/mitsuba/dist/../../scenes/living-room/textures/book-spines.mip" into memory (11.7 MiB).
2025-03-16 11:54:20 INFO  main [PluginManager] Loading plugin "plugins/roughdielectric.so" ..
2025-03-16 11:54:20 INFO  main [PluginManager] Loading plugin "plugins/dielectric.so" ..
2025-03-16 11:54:20 INFO  main [PluginManager] Loading plugin "plugins/roughconductor.so" ..
2025-03-16 11:54:20 INFO  main [spectrum.cpp:599] "Cu.eta.spd": loaded a spectral power distribution with 55 entries (between 302.400421 and 885.601257 nm)
2025-03-16 11:54:20 INFO  main [spectrum.cpp:599] "Cu.k.spd": loaded a spectral power distribution with 55 entries (between 302.400421 and 885.601257 nm)
2025-03-16 11:54:20 INFO  main [BitmapTexture] Loading texture "Shade-paper.jpg"
2025-03-16 11:54:20 INFO  main [PluginManager] Loading plugin "plugins/mask.so" ..
2025-03-16 11:54:20 INFO  main [BitmapTexture] Loading texture "carpet-text3b.jpg"
2025-03-16 11:54:21 INFO  main [BitmapTexture] Loading texture "picture11-vert.jpg"
2025-03-16 11:54:21 INFO  main [MIPMap] Mapped MIP map cache file "/home/julia/PBRT/PMM_focal_guiding/mitsuba/dist/../../scenes/living-room/textures/picture11-vert.mip" into memory (18.8 MiB).
2025-03-16 11:54:21 INFO  main [BitmapTexture] Loading texture "Frame.jpg"
2025-03-16 11:54:21 INFO  main [BitmapTexture] Loading texture "Frame.jpg"
2025-03-16 11:54:21 INFO  main [BitmapTexture] Loading texture "Frame.jpg"
2025-03-16 11:54:21 INFO  main [BitmapTexture] Loading texture "Frame.jpg"
2025-03-16 11:54:21 INFO  main [BitmapTexture] Loading texture "picure4-grey.jpg"
2025-03-16 11:54:21 INFO  main [MIPMap] Mapped MIP map cache file "/home/julia/PBRT/PMM_focal_guiding/mitsuba/dist/../../scenes/living-room/textures/picure4-grey.mip" into memory (15.8 MiB).
2025-03-16 11:54:21 INFO  main [spectrum.cpp:599] "Cu.eta.spd": loaded a spectral power distribution with 55 entries (between 302.400421 and 885.601257 nm)
2025-03-16 11:54:21 INFO  main [spectrum.cpp:599] "Cu.k.spd": loaded a spectral power distribution with 55 entries (between 302.400421 and 885.601257 nm)
2025-03-16 11:54:21 INFO  main [PluginManager] Loading plugin "plugins/thindielectric.so" ..
2025-03-16 11:54:21 INFO  main [PluginManager] Loading plugin "plugins/conductor.so" ..
2025-03-16 11:54:21 INFO  main [spectrum.cpp:599] "Cu.eta.spd": loaded a spectral power distribution with 55 entries (between 302.400421 and 885.601257 nm)
2025-03-16 11:54:22 INFO  main [spectrum.cpp:599] "Cu.k.spd": loaded a spectral power distribution with 55 entries (between 302.400421 and 885.601257 nm)
2025-03-16 11:54:22 INFO  main [spectrum.cpp:599] "Cu.eta.spd": loaded a spectral power distribution with 55 entries (between 302.400421 and 885.601257 nm)
2025-03-16 11:54:22 INFO  main [spectrum.cpp:599] "Cu.k.spd": loaded a spectral power distribution with 55 entries (between 302.400421 and 885.601257 nm)
2025-03-16 11:54:22 INFO  main [spectrum.cpp:599] "Cu.eta.spd": loaded a spectral power distribution with 55 entries (between 302.400421 and 885.601257 nm)
2025-03-16 11:54:22 INFO  main [spectrum.cpp:599] "Cu.k.spd": loaded a spectral power distribution with 55 entries (between 302.400421 and 885.601257 nm)
2025-03-16 11:54:22 INFO  main [spectrum.cpp:599] "Cu.eta.spd": loaded a spectral power distribution with 55 entries (between 302.400421 and 885.601257 nm)
2025-03-16 11:54:22 INFO  main [spectrum.cpp:599] "Cu.k.spd": loaded a spectral power distribution with 55 entries (between 302.400421 and 885.601257 nm)
2025-03-16 11:54:22 INFO  main [BitmapTexture] Loading texture "radio-dial-idea.jpg"
2025-03-16 11:54:22 INFO  main [spectrum.cpp:599] "Cu.eta.spd": loaded a spectral power distribution with 55 entries (between 302.400421 and 885.601257 nm)
2025-03-16 11:54:22 INFO  main [spectrum.cpp:599] "Cu.k.spd": loaded a spectral power distribution with 55 entries (between 302.400421 and 885.601257 nm)
2025-03-16 11:54:22 INFO  main [PluginManager] Loading plugin "plugins/spot.so" ..
2025-03-16 11:54:22 INFO  main [PluginManager] Loading plugin "plugins/ply.so" ..
2025-03-16 11:54:22 INFO  main [PLYLoader] Loading geometry from "Emitter.ply" ..
2025-03-16 11:54:22 INFO  main [PLYLoader] "Emitter": Loaded 1376 triangles, 758 vertices (39.8 KiB in 5 ms).
2025-03-16 11:54:22 INFO  main [PLYLoader] Loading geometry from "Emitter_001.ply" ..
2025-03-16 11:54:22 INFO  main [PLYLoader] "Emitter_001": Loaded 1376 triangles, 758 vertices (39.8 KiB in 2 ms).
2025-03-16 11:54:22 INFO  main [PLYLoader] Loading geometry from "Emitter_002.ply" ..
2025-03-16 11:54:22 INFO  main [PLYLoader] "Emitter_002": Loaded 1376 triangles, 758 vertices (39.8 KiB in 2 ms).
2025-03-16 11:54:22 INFO  main [PLYLoader] Loading geometry from "Emitter_004.ply" ..
2025-03-16 11:54:22 INFO  main [PLYLoader] "Emitter_004": Loaded 1376 triangles, 758 vertices (39.8 KiB in 2 ms).
2025-03-16 11:54:22 INFO  main [PLYLoader] Loading geometry from "Emitter_003.ply" ..
2025-03-16 11:54:22 INFO  main [PLYLoader] "Emitter_003": Loaded 1376 triangles, 758 vertices (39.8 KiB in 2 ms).
2025-03-16 11:54:22 INFO  main [PluginManager] Loading plugin "plugins/obj.so" ..
2025-03-16 11:54:22 INFO  main [WavefrontOBJ] Loading geometry from "Mesh138.obj" ..
2025-03-16 11:54:22 INFO  main [WavefrontOBJ] Mesh138: 896 triangles, 464 vertices (merged 2224 vertices).
2025-03-16 11:54:22 INFO  main [WavefrontOBJ] Done with "Mesh138.obj" (took 8 ms)
2025-03-16 11:54:22 INFO  main [PluginManager] Loading plugin "plugins/rectangle.so" ..
2025-03-16 11:54:22 INFO  main [WavefrontOBJ] Loading geometry from "Mesh113.obj" ..
2025-03-16 11:54:22 INFO  main [WavefrontOBJ] Mesh113: 1104 triangles, 554 vertices (merged 2758 vertices).
2025-03-16 11:54:22 INFO  main [WavefrontOBJ] Done with "Mesh113.obj" (took 6 ms)
2025-03-16 11:54:22 INFO  main [WavefrontOBJ] Loading geometry from "Mesh087.obj" ..
2025-03-16 11:54:22 INFO  main [WavefrontOBJ] Mesh087: 1200 triangles, 602 vertices (merged 2998 vertices).
2025-03-16 11:54:22 INFO  main [WavefrontOBJ] Done with "Mesh087.obj" (took 8 ms)
2025-03-16 11:54:22 INFO  main [WavefrontOBJ] Loading geometry from "Mesh110.obj" ..
2025-03-16 11:54:22 INFO  main [WavefrontOBJ] Mesh110: 1296 triangles, 650 vertices (merged 3238 vertices).
2025-03-16 11:54:22 INFO  main [WavefrontOBJ] Done with "Mesh110.obj" (took 8 ms)
2025-03-16 11:54:22 INFO  main [WavefrontOBJ] Loading geometry from "Mesh128.obj" ..
2025-03-16 11:54:22 INFO  main [WavefrontOBJ] Mesh128: 76 triangles, 126 vertices (merged 102 vertices).
2025-03-16 11:54:22 INFO  main [WavefrontOBJ] Done with "Mesh128.obj" (took 1 ms)
2025-03-16 11:54:22 INFO  main [WavefrontOBJ] Loading geometry from "Mesh095.obj" ..
2025-03-16 11:54:22 INFO  main [WavefrontOBJ] Mesh095: 768 triangles, 429 vertices (merged 1875 vertices).
2025-03-16 11:54:22 INFO  main [WavefrontOBJ] Done with "Mesh095.obj" (took 6 ms)
2025-03-16 11:54:22 INFO  main [WavefrontOBJ] Loading geometry from "Mesh076.obj" ..
2025-03-16 11:54:22 INFO  main [WavefrontOBJ] Mesh076: 1248 triangles, 682 vertices (merged 3062 vertices).
2025-03-16 11:54:22 INFO  main [WavefrontOBJ] Done with "Mesh076.obj" (took 10 ms)
2025-03-16 11:54:22 INFO  main [WavefrontOBJ] Loading geometry from "Mesh108.obj" ..
2025-03-16 11:54:22 INFO  main [WavefrontOBJ] Mesh108: 1248 triangles, 682 vertices (merged 3062 vertices).
2025-03-16 11:54:22 INFO  main [WavefrontOBJ] Done with "Mesh108.obj" (took 8 ms)
2025-03-16 11:54:22 INFO  main [WavefrontOBJ] Loading geometry from "Mesh080.obj" ..
2025-03-16 11:54:22 INFO  main [WavefrontOBJ] Mesh080: 1248 triangles, 682 vertices (merged 3062 vertices).
2025-03-16 11:54:22 INFO  main [WavefrontOBJ] Done with "Mesh080.obj" (took 9 ms)
2025-03-16 11:54:22 INFO  main [WavefrontOBJ] Loading geometry from "Mesh166.obj" ..
2025-03-16 11:54:22 INFO  main [WavefrontOBJ] Mesh166: 1248 triangles, 682 vertices (merged 3062 vertices).
2025-03-16 11:54:22 INFO  main [WavefrontOBJ] Done with "Mesh166.obj" (took 8 ms)
2025-03-16 11:54:22 INFO  main [WavefrontOBJ] Loading geometry from "Mesh088.obj" ..
2025-03-16 11:54:22 INFO  main [WavefrontOBJ] Mesh088: 4224 triangles, 2114 vertices (merged 10558 vertices).
2025-03-16 11:54:22 INFO  main [WavefrontOBJ] Done with "Mesh088.obj" (took 29 ms)
2025-03-16 11:54:22 INFO  main [WavefrontOBJ] Loading geometry from "Mesh059.obj" ..
2025-03-16 11:54:22 INFO  main [WavefrontOBJ] Mesh059: 16 triangles, 20 vertices (merged 28 vertices).
2025-03-16 11:54:22 INFO  main [WavefrontOBJ] Done with "Mesh059.obj" (took 0 ms)
2025-03-16 11:54:22 INFO  main [WavefrontOBJ] Loading geometry from "Mesh073.obj" ..
2025-03-16 11:54:22 INFO  main [WavefrontOBJ] Mesh073: 44 triangles, 96 vertices (merged 36 vertices).
2025-03-16 11:54:22 INFO  main [WavefrontOBJ] Done with "Mesh073.obj" (took 0 ms)
2025-03-16 11:54:22 INFO  main [WavefrontOBJ] Loading geometry from "Mesh099.obj" ..
2025-03-16 11:54:22 INFO  main [WavefrontOBJ] Mesh099: 44 triangles, 96 vertices (merged 36 vertices).
2025-03-16 11:54:22 INFO  main [WavefrontOBJ] Done with "Mesh099.obj" (took 1 ms)
2025-03-16 11:54:22 INFO  main [WavefrontOBJ] Loading geometry from "Mesh103.obj" ..
2025-03-16 11:54:22 INFO  main [WavefrontOBJ] Mesh103: 44 triangles, 96 vertices (merged 36 vertices).
2025-03-16 11:54:22 INFO  main [WavefrontOBJ] Done with "Mesh103.obj" (took 0 ms)
2025-03-16 11:54:22 INFO  main [WavefrontOBJ] Loading geometry from "Mesh155.obj" ..
2025-03-16 11:54:22 INFO  main [WavefrontOBJ] Mesh155: 44 triangles, 96 vertices (merged 36 vertices).
2025-03-16 11:54:22 INFO  main [WavefrontOBJ] Done with "Mesh155.obj" (took 1 ms)
2025-03-16 11:54:22 INFO  main [WavefrontOBJ] Loading geometry from "Mesh065.obj" ..
2025-03-16 11:54:22 INFO  main [WavefrontOBJ] Mesh065: 44 triangles, 96 vertices (merged 36 vertices).
2025-03-16 11:54:22 INFO  main [WavefrontOBJ] Done with "Mesh065.obj" (took 0 ms)
2025-03-16 11:54:22 INFO  main [WavefrontOBJ] Loading geometry from "Mesh069.obj" ..
2025-03-16 11:54:22 INFO  main [WavefrontOBJ] Mesh069: 736 triangles, 790 vertices (merged 1418 vertices).
2025-03-16 11:54:22 INFO  main [WavefrontOBJ] Done with "Mesh069.obj" (took 6 ms)
2025-03-16 11:54:22 INFO  main [WavefrontOBJ] Loading geometry from "Mesh090.obj" ..
2025-03-16 11:54:22 INFO  main [WavefrontOBJ] Mesh090: 684 triangles, 808 vertices (merged 1244 vertices).
2025-03-16 11:54:22 INFO  main [WavefrontOBJ] Done with "Mesh090.obj" (took 9 ms)
2025-03-16 11:54:22 INFO  main [WavefrontOBJ] Loading geometry from "Mesh063.obj" ..
2025-03-16 11:54:22 INFO  main [WavefrontOBJ] Mesh063: 704 triangles, 704 vertices (merged 1408 vertices).
2025-03-16 11:54:22 INFO  main [WavefrontOBJ] Done with "Mesh063.obj" (took 5 ms)
2025-03-16 11:54:22 INFO  main [WavefrontOBJ] Loading geometry from "Mesh062.obj" ..
2025-03-16 11:54:22 INFO  main [WavefrontOBJ] Mesh062: 844 triangles, 908 vertices (merged 1624 vertices).
2025-03-16 11:54:22 INFO  main [WavefrontOBJ] Done with "Mesh062.obj" (took 9 ms)
2025-03-16 11:54:22 INFO  main [WavefrontOBJ] Loading geometry from "Mesh068.obj" ..
2025-03-16 11:54:22 INFO  main [WavefrontOBJ] Mesh068: 2 triangles, 4 vertices (merged 2 vertices).
2025-03-16 11:54:22 INFO  main [WavefrontOBJ] Done with "Mesh068.obj" (took 0 ms)
2025-03-16 11:54:22 INFO  main [WavefrontOBJ] Loading geometry from "Mesh131.obj" ..
2025-03-16 11:54:22 INFO  main [WavefrontOBJ] Mesh131: 128 triangles, 256 vertices (merged 128 vertices).
2025-03-16 11:54:22 INFO  main [WavefrontOBJ] Done with "Mesh131.obj" (took 1 ms)
2025-03-16 11:54:22 INFO  main [WavefrontOBJ] Loading geometry from "Mesh098.obj" ..
2025-03-16 11:54:22 INFO  main [WavefrontOBJ] Mesh098: 128 triangles, 256 vertices (merged 128 vertices).
2025-03-16 11:54:22 INFO  main [WavefrontOBJ] Done with "Mesh098.obj" (took 1 ms)
2025-03-16 11:54:22 INFO  main [WavefrontOBJ] Loading geometry from "Mesh056.obj" ..
2025-03-16 11:54:22 INFO  main [WavefrontOBJ] Mesh056: 2 triangles, 4 vertices (merged 2 vertices).
2025-03-16 11:54:22 INFO  main [WavefrontOBJ] Done with "Mesh056.obj" (took 0 ms)
2025-03-16 11:54:22 INFO  main [WavefrontOBJ] Loading geometry from "Mesh077.obj" ..
2025-03-16 11:54:22 INFO  main [WavefrontOBJ] Mesh077: 2 triangles, 4 vertices (merged 2 vertices).
2025-03-16 11:54:22 INFO  main [WavefrontOBJ] Done with "Mesh077.obj" (took 0 ms)
2025-03-16 11:54:22 INFO  main [WavefrontOBJ] Loading geometry from "Mesh055.obj" ..
2025-03-16 11:54:22 INFO  main [WavefrontOBJ] Mesh055: 128 triangles, 256 vertices (merged 128 vertices).
2025-03-16 11:54:22 INFO  main [WavefrontOBJ] Done with "Mesh055.obj" (took 1 ms)
2025-03-16 11:54:22 INFO  main [WavefrontOBJ] Loading geometry from "Mesh118.obj" ..
2025-03-16 11:54:22 INFO  main [WavefrontOBJ] Mesh118: 1680 triangles, 898 vertices (merged 4142 vertices).
2025-03-16 11:54:22 INFO  main [WavefrontOBJ] Done with "Mesh118.obj" (took 11 ms)
2025-03-16 11:54:22 INFO  main [WavefrontOBJ] Loading geometry from "Mesh064.obj" ..
2025-03-16 11:54:22 INFO  main [WavefrontOBJ] Mesh064: 512 triangles, 272 vertices (merged 1264 vertices).
2025-03-16 11:54:22 INFO  main [WavefrontOBJ] Done with "Mesh064.obj" (took 3 ms)
2025-03-16 11:54:22 INFO  main [WavefrontOBJ] Loading geometry from "Mesh052.obj" ..
2025-03-16 11:54:22 INFO  main [WavefrontOBJ] Mesh052: 128 triangles, 72 vertices (merged 312 vertices).
2025-03-16 11:54:22 INFO  main [WavefrontOBJ] Done with "Mesh052.obj" (took 1 ms)
2025-03-16 11:54:22 INFO  main [WavefrontOBJ] Loading geometry from "Mesh112.obj" ..
2025-03-16 11:54:22 INFO  main [WavefrontOBJ] Mesh112: 12 triangles, 12 vertices (merged 24 vertices).
2025-03-16 11:54:22 INFO  main [WavefrontOBJ] Done with "Mesh112.obj" (took 0 ms)
2025-03-16 11:54:22 INFO  main [PLYLoader] Loading geometry from "Disco.ply" ..
2025-03-16 11:54:22 INFO  main [PLYLoader] "Disco": Loaded 12736 triangles, 6455 vertices (275.3 KiB in 15 ms).
2025-03-16 11:54:22 INFO  main [WavefrontOBJ] Loading geometry from "Mesh127.obj" ..
2025-03-16 11:54:22 INFO  main [WavefrontOBJ] Mesh127: 128 triangles, 256 vertices (merged 128 vertices).
2025-03-16 11:54:22 INFO  main [WavefrontOBJ] Done with "Mesh127.obj" (took 1 ms)
2025-03-16 11:54:22 INFO  main [WavefrontOBJ] Loading geometry from "Mesh129.obj" ..
2025-03-16 11:54:22 INFO  main [WavefrontOBJ] Mesh129: 2 triangles, 4 vertices (merged 2 vertices).
2025-03-16 11:54:22 INFO  main [WavefrontOBJ] Done with "Mesh129.obj" (took 0 ms)
2025-03-16 11:54:22 INFO  main [WavefrontOBJ] Loading geometry from "Mesh132.obj" ..
2025-03-16 11:54:22 INFO  main [WavefrontOBJ] Mesh132: 28 triangles, 46 vertices (merged 38 vertices).
2025-03-16 11:54:22 INFO  main [WavefrontOBJ] Done with "Mesh132.obj" (took 0 ms)
2025-03-16 11:54:22 INFO  main [WavefrontOBJ] Loading geometry from "Mesh140.obj" ..
2025-03-16 11:54:22 INFO  main [WavefrontOBJ] Mesh140: 28 triangles, 52 vertices (merged 32 vertices).
2025-03-16 11:54:22 INFO  main [WavefrontOBJ] Done with "Mesh140.obj" (took 0 ms)
2025-03-16 11:54:22 INFO  main [WavefrontOBJ] Loading geometry from "Mesh156.obj" ..
2025-03-16 11:54:22 INFO  main [WavefrontOBJ] Mesh156: 28 triangles, 46 vertices (merged 38 vertices).
2025-03-16 11:54:22 INFO  main [WavefrontOBJ] Done with "Mesh156.obj" (took 0 ms)
2025-03-16 11:54:22 INFO  main [WavefrontOBJ] Loading geometry from "Mesh135.obj" ..
2025-03-16 11:54:22 INFO  main [WavefrontOBJ] Mesh135: 28 triangles, 44 vertices (merged 40 vertices).
2025-03-16 11:54:22 INFO  main [WavefrontOBJ] Done with "Mesh135.obj" (took 0 ms)
2025-03-16 11:54:22 INFO  main [WavefrontOBJ] Loading geometry from "Mesh175.obj" ..
2025-03-16 11:54:22 INFO  main [WavefrontOBJ] Mesh175: 28 triangles, 48 vertices (merged 36 vertices).
2025-03-16 11:54:22 INFO  main [WavefrontOBJ] Done with "Mesh175.obj" (took 0 ms)
2025-03-16 11:54:22 INFO  main [WavefrontOBJ] Loading geometry from "Mesh136.obj" ..
2025-03-16 11:54:22 INFO  main [WavefrontOBJ] Mesh136: 28 triangles, 48 vertices (merged 36 vertices).
2025-03-16 11:54:22 INFO  main [WavefrontOBJ] Done with "Mesh136.obj" (took 0 ms)
2025-03-16 11:54:22 INFO  main [WavefrontOBJ] Loading geometry from "Mesh078.obj" ..
2025-03-16 11:54:22 INFO  main [WavefrontOBJ] Mesh078: 28 triangles, 46 vertices (merged 38 vertices).
2025-03-16 11:54:22 INFO  main [WavefrontOBJ] Done with "Mesh078.obj" (took 0 ms)
2025-03-16 11:54:22 INFO  main [WavefrontOBJ] Loading geometry from "Mesh141.obj" ..
2025-03-16 11:54:22 INFO  main [WavefrontOBJ] Mesh141: 28 triangles, 44 vertices (merged 40 vertices).
2025-03-16 11:54:22 INFO  main [WavefrontOBJ] Done with "Mesh141.obj" (took 0 ms)
2025-03-16 11:54:22 INFO  main [WavefrontOBJ] Loading geometry from "Mesh147.obj" ..
2025-03-16 11:54:22 INFO  main [WavefrontOBJ] Mesh147: 28 triangles, 46 vertices (merged 38 vertices).
2025-03-16 11:54:22 INFO  main [WavefrontOBJ] Done with "Mesh147.obj" (took 0 ms)
2025-03-16 11:54:22 INFO  main [WavefrontOBJ] Loading geometry from "Mesh071.obj" ..
2025-03-16 11:54:22 INFO  main [WavefrontOBJ] Mesh071: 28 triangles, 44 vertices (merged 40 vertices).
2025-03-16 11:54:22 INFO  main [WavefrontOBJ] Done with "Mesh071.obj" (took 0 ms)
2025-03-16 11:54:22 INFO  main [WavefrontOBJ] Loading geometry from "Mesh148.obj" ..
2025-03-16 11:54:22 INFO  main [WavefrontOBJ] Mesh148: 28 triangles, 44 vertices (merged 40 vertices).
2025-03-16 11:54:22 INFO  main [WavefrontOBJ] Done with "Mesh148.obj" (took 0 ms)
2025-03-16 11:54:22 INFO  main [WavefrontOBJ] Loading geometry from "Mesh149.obj" ..
2025-03-16 11:54:22 INFO  main [WavefrontOBJ] Mesh149: 28 triangles, 44 vertices (merged 40 vertices).
2025-03-16 11:54:22 INFO  main [WavefrontOBJ] Done with "Mesh149.obj" (took 0 ms)
2025-03-16 11:54:22 INFO  main [WavefrontOBJ] Loading geometry from "Mesh150.obj" ..
2025-03-16 11:54:22 INFO  main [WavefrontOBJ] Mesh150: 28 triangles, 44 vertices (merged 40 vertices).
2025-03-16 11:54:22 INFO  main [WavefrontOBJ] Done with "Mesh150.obj" (took 0 ms)
2025-03-16 11:54:22 INFO  main [WavefrontOBJ] Loading geometry from "Mesh153.obj" ..
2025-03-16 11:54:22 INFO  main [WavefrontOBJ] Mesh153: 28 triangles, 46 vertices (merged 38 vertices).
2025-03-16 11:54:22 INFO  main [WavefrontOBJ] Done with "Mesh153.obj" (took 0 ms)
2025-03-16 11:54:22 INFO  main [WavefrontOBJ] Loading geometry from "Mesh109.obj" ..
2025-03-16 11:54:22 INFO  main [WavefrontOBJ] Mesh109: 28 triangles, 44 vertices (merged 40 vertices).
2025-03-16 11:54:22 INFO  main [WavefrontOBJ] Done with "Mesh109.obj" (took 0 ms)
2025-03-16 11:54:22 INFO  main [WavefrontOBJ] Loading geometry from "Mesh083.obj" ..
2025-03-16 11:54:22 INFO  main [WavefrontOBJ] Mesh083: 28 triangles, 48 vertices (merged 36 vertices).
2025-03-16 11:54:22 INFO  main [WavefrontOBJ] Done with "Mesh083.obj" (took 0 ms)
2025-03-16 11:54:22 INFO  main [WavefrontOBJ] Loading geometry from "Mesh157.obj" ..
2025-03-16 11:54:22 INFO  main [WavefrontOBJ] Mesh157: 28 triangles, 52 vertices (merged 32 vertices).
2025-03-16 11:54:22 INFO  main [WavefrontOBJ] Done with "Mesh157.obj" (took 0 ms)
2025-03-16 11:54:22 INFO  main [WavefrontOBJ] Loading geometry from "Mesh159.obj" ..
2025-03-16 11:54:22 INFO  main [WavefrontOBJ] Mesh159: 28 triangles, 48 vertices (merged 36 vertices).
2025-03-16 11:54:22 INFO  main [WavefrontOBJ] Done with "Mesh159.obj" (took 0 ms)
2025-03-16 11:54:22 INFO  main [WavefrontOBJ] Loading geometry from "Mesh161.obj" ..
2025-03-16 11:54:22 INFO  main [WavefrontOBJ] Mesh161: 44 triangles, 96 vertices (merged 36 vertices).
2025-03-16 11:54:22 INFO  main [WavefrontOBJ] Done with "Mesh161.obj" (took 0 ms)
2025-03-16 11:54:22 INFO  main [WavefrontOBJ] Loading geometry from "Mesh143.obj" ..
2025-03-16 11:54:22 INFO  main [WavefrontOBJ] Mesh143: 88 triangles, 192 vertices (merged 72 vertices).
2025-03-16 11:54:22 INFO  main [WavefrontOBJ] Done with "Mesh143.obj" (took 1 ms)
2025-03-16 11:54:22 INFO  main [WavefrontOBJ] Loading geometry from "Mesh176.obj" ..
2025-03-16 11:54:22 INFO  main [WavefrontOBJ] Mesh176: 44 triangles, 96 vertices (merged 36 vertices).
2025-03-16 11:54:22 INFO  main [WavefrontOBJ] Done with "Mesh176.obj" (took 0 ms)
2025-03-16 11:54:22 INFO  main [WavefrontOBJ] Loading geometry from "Mesh107.obj" ..
2025-03-16 11:54:22 INFO  main [WavefrontOBJ] Mesh107: 1720 triangles, 2968 vertices (merged 2192 vertices).
2025-03-16 11:54:22 INFO  main [WavefrontOBJ] Done with "Mesh107.obj" (took 23 ms)
2025-03-16 11:54:22 INFO  main [WavefrontOBJ] Loading geometry from "Mesh139.obj" ..
2025-03-16 11:54:22 INFO  main [WavefrontOBJ] Mesh139: 88 triangles, 192 vertices (merged 72 vertices).
2025-03-16 11:54:22 INFO  main [WavefrontOBJ] Done with "Mesh139.obj" (took 1 ms)
2025-03-16 11:54:22 INFO  main [WavefrontOBJ] Loading geometry from "Mesh162.obj" ..
2025-03-16 11:54:22 INFO  main [WavefrontOBJ] Mesh162: 176 triangles, 384 vertices (merged 144 vertices).
2025-03-16 11:54:22 INFO  main [WavefrontOBJ] Done with "Mesh162.obj" (took 2 ms)
2025-03-16 11:54:22 INFO  main [WavefrontOBJ] Loading geometry from "Mesh126.obj" ..
2025-03-16 11:54:22 INFO  main [WavefrontOBJ] Mesh126: 42 triangles, 72 vertices (merged 54 vertices).
2025-03-16 11:54:22 INFO  main [WavefrontOBJ] Done with "Mesh126.obj" (took 0 ms)
2025-03-16 11:54:22 INFO  main [WavefrontOBJ] Loading geometry from "Mesh152.obj" ..
2025-03-16 11:54:22 INFO  main [WavefrontOBJ] Mesh152: 2 triangles, 4 vertices (merged 2 vertices).
2025-03-16 11:54:22 INFO  main [WavefrontOBJ] Done with "Mesh152.obj" (took 0 ms)
2025-03-16 11:54:22 INFO  main [WavefrontOBJ] Loading geometry from "Mesh104.obj" ..
2025-03-16 11:54:22 INFO  main [WavefrontOBJ] Mesh104: 1680 triangles, 898 vertices (merged 4142 vertices).
2025-03-16 11:54:22 INFO  main [WavefrontOBJ] Done with "Mesh104.obj" (took 17 ms)
2025-03-16 11:54:22 INFO  main [WavefrontOBJ] Loading geometry from "Mesh167.obj" ..
2025-03-16 11:54:22 INFO  main [WavefrontOBJ] Mesh167: 4352 triangles, 2178 vertices (merged 10878 vertices).
2025-03-16 11:54:22 INFO  main [WavefrontOBJ] Done with "Mesh167.obj" (took 30 ms)
2025-03-16 11:54:22 INFO  main [WavefrontOBJ] Loading geometry from "Mesh091.obj" ..
2025-03-16 11:54:22 INFO  main [WavefrontOBJ] Mesh091: 8128 triangles, 4066 vertices (merged 20318 vertices).
2025-03-16 11:54:22 INFO  main [WavefrontOBJ] Done with "Mesh091.obj" (took 61 ms)
2025-03-16 11:54:22 INFO  main [WavefrontOBJ] Loading geometry from "Mesh145.obj" ..
2025-03-16 11:54:22 INFO  main [WavefrontOBJ] Mesh145: 14848 triangles, 7428 vertices (merged 37116 vertices).
2025-03-16 11:54:22 INFO  main [WavefrontOBJ] Done with "Mesh145.obj" (took 99 ms)
2025-03-16 11:54:22 INFO  main [WavefrontOBJ] Loading geometry from "Mesh160.obj" ..
2025-03-16 11:54:22 INFO  main [WavefrontOBJ] Mesh160: 1680 triangles, 898 vertices (merged 4142 vertices).
2025-03-16 11:54:22 INFO  main [WavefrontOBJ] Done with "Mesh160.obj" (took 12 ms)
2025-03-16 11:54:22 INFO  main [WavefrontOBJ] Loading geometry from "Mesh171.obj" ..
2025-03-16 11:54:22 INFO  main [WavefrontOBJ] Mesh171: 2816 triangles, 1485 vertices (merged 6963 vertices).
2025-03-16 11:54:22 INFO  main [WavefrontOBJ] Done with "Mesh171.obj" (took 23 ms)
2025-03-16 11:54:22 INFO  main [WavefrontOBJ] Loading geometry from "Mesh092.obj" ..
2025-03-16 11:54:22 INFO  main [WavefrontOBJ] Mesh092: 44 triangles, 96 vertices (merged 36 vertices).
2025-03-16 11:54:22 INFO  main [WavefrontOBJ] Done with "Mesh092.obj" (took 0 ms)
2025-03-16 11:54:22 INFO  main [WavefrontOBJ] Loading geometry from "Mesh067.obj" ..
2025-03-16 11:54:22 INFO  main [WavefrontOBJ] Mesh067: 176 triangles, 384 vertices (merged 144 vertices).
2025-03-16 11:54:22 INFO  main [WavefrontOBJ] Done with "Mesh067.obj" (took 2 ms)
2025-03-16 11:54:22 INFO  main [WavefrontOBJ] Loading geometry from "Mesh172.obj" ..
2025-03-16 11:54:22 INFO  main [WavefrontOBJ] Mesh172: 108 triangles, 208 vertices (merged 116 vertices).
2025-03-16 11:54:22 INFO  main [WavefrontOBJ] Done with "Mesh172.obj" (took 2 ms)
2025-03-16 11:54:22 INFO  main [WavefrontOBJ] Loading geometry from "Mesh173.obj" ..
2025-03-16 11:54:22 INFO  main [WavefrontOBJ] Mesh173: 172 triangles, 306 vertices (merged 210 vertices).
2025-03-16 11:54:22 INFO  main [WavefrontOBJ] Done with "Mesh173.obj" (took 2 ms)
2025-03-16 11:54:22 INFO  main [WavefrontOBJ] Loading geometry from "Mesh177.obj" ..
2025-03-16 11:54:22 INFO  main [WavefrontOBJ] Mesh177: 44 triangles, 96 vertices (merged 36 vertices).
2025-03-16 11:54:22 INFO  main [WavefrontOBJ] Done with "Mesh177.obj" (took 0 ms)
2025-03-16 11:54:22 INFO  main [WavefrontOBJ] Loading geometry from "Mesh054.obj" ..
2025-03-16 11:54:22 INFO  main [WavefrontOBJ] Mesh054: 8960 triangles, 4996 vertices (merged 21884 vertices).
2025-03-16 11:54:22 INFO  main [WavefrontOBJ] Done with "Mesh054.obj" (took 57 ms)
2025-03-16 11:54:22 INFO  main [WavefrontOBJ] Loading geometry from "Mesh165.obj" ..
2025-03-16 11:54:22 INFO  main [WavefrontOBJ] Mesh165: 972 triangles, 1189 vertices (merged 1727 vertices).
2025-03-16 11:54:22 INFO  main [WavefrontOBJ] Done with "Mesh165.obj" (took 9 ms)
2025-03-16 11:54:22 INFO  main [WavefrontOBJ] Loading geometry from "Mesh100.obj" ..
2025-03-16 11:54:22 INFO  main [WavefrontOBJ] Mesh100: 360 triangles, 208 vertices (merged 872 vertices).
2025-03-16 11:54:22 INFO  main [WavefrontOBJ] Done with "Mesh100.obj" (took 2 ms)
2025-03-16 11:54:22 INFO  main [WavefrontOBJ] Loading geometry from "Mesh096.obj" ..
2025-03-16 11:54:22 INFO  main [WavefrontOBJ] Mesh096: 128 triangles, 244 vertices (merged 140 vertices).
2025-03-16 11:54:22 INFO  main [WavefrontOBJ] Done with "Mesh096.obj" (took 1 ms)
2025-03-16 11:54:22 INFO  main [WavefrontOBJ] Loading geometry from "Mesh169.obj" ..
2025-03-16 11:54:22 INFO  main [WavefrontOBJ] Mesh169: 2 triangles, 4 vertices (merged 2 vertices).
2025-03-16 11:54:22 INFO  main [WavefrontOBJ] Done with "Mesh169.obj" (took 0 ms)
2025-03-16 11:54:22 INFO  main [WavefrontOBJ] Loading geometry from "Mesh085.obj" ..
2025-03-16 11:54:22 INFO  main [WavefrontOBJ] Mesh085: 972 triangles, 1225 vertices (merged 1691 vertices).
2025-03-16 11:54:22 INFO  main [WavefrontOBJ] Done with "Mesh085.obj" (took 9 ms)
2025-03-16 11:54:22 INFO  main [WavefrontOBJ] Loading geometry from "Mesh116.obj" ..
2025-03-16 11:54:22 INFO  main [WavefrontOBJ] Mesh116: 360 triangles, 208 vertices (merged 872 vertices).
2025-03-16 11:54:22 INFO  main [WavefrontOBJ] Done with "Mesh116.obj" (took 2 ms)
2025-03-16 11:54:22 INFO  main [WavefrontOBJ] Loading geometry from "Mesh105.obj" ..
2025-03-16 11:54:22 INFO  main [WavefrontOBJ] Mesh105: 2 triangles, 4 vertices (merged 2 vertices).
2025-03-16 11:54:22 INFO  main [WavefrontOBJ] Done with "Mesh105.obj" (took 0 ms)
2025-03-16 11:54:22 INFO  main [WavefrontOBJ] Loading geometry from "Mesh170.obj" ..
2025-03-16 11:54:22 INFO  main [WavefrontOBJ] Mesh170: 128 triangles, 256 vertices (merged 128 vertices).
2025-03-16 11:54:22 INFO  main [WavefrontOBJ] Done with "Mesh170.obj" (took 1 ms)
2025-03-16 11:54:22 INFO  main [WavefrontOBJ] Loading geometry from "Mesh179.obj" ..
2025-03-16 11:54:22 INFO  main [WavefrontOBJ] Mesh179: 480 triangles, 252 vertices (merged 1188 vertices).
2025-03-16 11:54:22 INFO  main [WavefrontOBJ] Done with "Mesh179.obj" (took 4 ms)
2025-03-16 11:54:22 INFO  main [WavefrontOBJ] Loading geometry from "Mesh125.obj" ..
2025-03-16 11:54:22 INFO  main [WavefrontOBJ] Mesh125: 12 triangles, 16 vertices (merged 20 vertices).
2025-03-16 11:54:22 INFO  main [WavefrontOBJ] Done with "Mesh125.obj" (took 0 ms)
2025-03-16 11:54:22 INFO  main [WavefrontOBJ] Loading geometry from "Mesh144.obj" ..
2025-03-16 11:54:22 INFO  main [WavefrontOBJ] Mesh144: 28 triangles, 50 vertices (merged 34 vertices).
2025-03-16 11:54:22 INFO  main [WavefrontOBJ] Done with "Mesh144.obj" (took 0 ms)
2025-03-16 11:54:22 INFO  main [WavefrontOBJ] Loading geometry from "Mesh072.obj" ..
2025-03-16 11:54:22 INFO  main [WavefrontOBJ] Mesh072: 56 triangles, 100 vertices (merged 68 vertices).
2025-03-16 11:54:22 INFO  main [WavefrontOBJ] Done with "Mesh072.obj" (took 0 ms)
2025-03-16 11:54:22 INFO  main [WavefrontOBJ] Loading geometry from "Mesh124.obj" ..
2025-03-16 11:54:22 INFO  main [WavefrontOBJ] Mesh124: 384 triangles, 700 vertices (merged 452 vertices).
2025-03-16 11:54:22 INFO  main [WavefrontOBJ] Done with "Mesh124.obj" (took 4 ms)
2025-03-16 11:54:22 INFO  main [WavefrontOBJ] Loading geometry from "Mesh050.obj" ..
2025-03-16 11:54:22 INFO  main [WavefrontOBJ] Mesh050: 600 triangles, 1103 vertices (merged 697 vertices).
2025-03-16 11:54:22 INFO  main [WavefrontOBJ] Done with "Mesh050.obj" (took 6 ms)
2025-03-16 11:54:22 INFO  main [WavefrontOBJ] Loading geometry from "Mesh117.obj" ..
2025-03-16 11:54:22 INFO  main [WavefrontOBJ] Mesh117: 1472 triangles, 2802 vertices (merged 1614 vertices).
2025-03-16 11:54:22 INFO  main [WavefrontOBJ] Done with "Mesh117.obj" (took 18 ms)
2025-03-16 11:54:22 INFO  main [WavefrontOBJ] Loading geometry from "Mesh047.obj" ..
2025-03-16 11:54:22 INFO  main [WavefrontOBJ] Mesh047: 256 triangles, 200 vertices (merged 568 vertices).
2025-03-16 11:54:22 INFO  main [WavefrontOBJ] Done with "Mesh047.obj" (took 1 ms)
2025-03-16 11:54:22 INFO  main [WavefrontOBJ] Loading geometry from "Mesh046.obj" ..
2025-03-16 11:54:22 INFO  main [WavefrontOBJ] Mesh046: 256 triangles, 200 vertices (merged 568 vertices).
2025-03-16 11:54:22 INFO  main [WavefrontOBJ] Done with "Mesh046.obj" (took 1 ms)
2025-03-16 11:54:22 INFO  main [WavefrontOBJ] Loading geometry from "Mesh045.obj" ..
2025-03-16 11:54:22 INFO  main [WavefrontOBJ] Mesh045: 1472 triangles, 2822 vertices (merged 1594 vertices).
2025-03-16 11:54:22 INFO  main [WavefrontOBJ] Done with "Mesh045.obj" (took 17 ms)
2025-03-16 11:54:22 INFO  main [WavefrontOBJ] Loading geometry from "Mesh043.obj" ..
2025-03-16 11:54:22 INFO  main [WavefrontOBJ] Mesh043: 600 triangles, 1082 vertices (merged 718 vertices).
2025-03-16 11:54:22 INFO  main [WavefrontOBJ] Done with "Mesh043.obj" (took 8 ms)
2025-03-16 11:54:22 INFO  main [WavefrontOBJ] Loading geometry from "Mesh070.obj" ..
2025-03-16 11:54:22 INFO  main [WavefrontOBJ] Mesh070: 384 triangles, 658 vertices (merged 494 vertices).
2025-03-16 11:54:22 INFO  main [WavefrontOBJ] Done with "Mesh070.obj" (took 4 ms)
2025-03-16 11:54:22 INFO  main [WavefrontOBJ] Loading geometry from "Mesh042.obj" ..
2025-03-16 11:54:22 INFO  main [WavefrontOBJ] Mesh042: 56 triangles, 88 vertices (merged 80 vertices).
2025-03-16 11:54:22 INFO  main [WavefrontOBJ] Done with "Mesh042.obj" (took 0 ms)
2025-03-16 11:54:22 INFO  main [WavefrontOBJ] Loading geometry from "Mesh041.obj" ..
2025-03-16 11:54:22 INFO  main [WavefrontOBJ] Mesh041: 28 triangles, 55 vertices (merged 29 vertices).
2025-03-16 11:54:22 INFO  main [WavefrontOBJ] Done with "Mesh041.obj" (took 0 ms)
2025-03-16 11:54:22 INFO  main [WavefrontOBJ] Loading geometry from "Mesh039.obj" ..
2025-03-16 11:54:22 INFO  main [WavefrontOBJ] Mesh039: 12 triangles, 16 vertices (merged 20 vertices).
2025-03-16 11:54:22 INFO  main [WavefrontOBJ] Done with "Mesh039.obj" (took 0 ms)
2025-03-16 11:54:22 INFO  main [WavefrontOBJ] Loading geometry from "Mesh038.obj" ..
2025-03-16 11:54:22 INFO  main [WavefrontOBJ] Mesh038: 480 triangles, 252 vertices (merged 1188 vertices).
2025-03-16 11:54:22 INFO  main [WavefrontOBJ] Done with "Mesh038.obj" (took 2 ms)
2025-03-16 11:54:22 INFO  main [WavefrontOBJ] Loading geometry from "Mesh037.obj" ..
2025-03-16 11:54:22 INFO  main [WavefrontOBJ] Mesh037: 480 triangles, 252 vertices (merged 1188 vertices).
2025-03-16 11:54:22 INFO  main [WavefrontOBJ] Done with "Mesh037.obj" (took 3 ms)
2025-03-16 11:54:22 INFO  main [WavefrontOBJ] Loading geometry from "Mesh036.obj" ..
2025-03-16 11:54:22 INFO  main [WavefrontOBJ] Mesh036: 12 triangles, 16 vertices (merged 20 vertices).
2025-03-16 11:54:22 INFO  main [WavefrontOBJ] Done with "Mesh036.obj" (took 0 ms)
2025-03-16 11:54:22 INFO  main [WavefrontOBJ] Loading geometry from "Mesh034.obj" ..
2025-03-16 11:54:22 INFO  main [WavefrontOBJ] Mesh034: 28 triangles, 48 vertices (merged 36 vertices).
2025-03-16 11:54:22 INFO  main [WavefrontOBJ] Done with "Mesh034.obj" (took 0 ms)
2025-03-16 11:54:22 INFO  main [WavefrontOBJ] Loading geometry from "Mesh033.obj" ..
2025-03-16 11:54:22 INFO  main [WavefrontOBJ] Mesh033: 56 triangles, 88 vertices (merged 80 vertices).
2025-03-16 11:54:22 INFO  main [WavefrontOBJ] Done with "Mesh033.obj" (took 0 ms)
2025-03-16 11:54:22 INFO  main [WavefrontOBJ] Loading geometry from "Mesh031.obj" ..
2025-03-16 11:54:22 INFO  main [WavefrontOBJ] Mesh031: 384 triangles, 640 vertices (merged 512 vertices).
2025-03-16 11:54:22 INFO  main [WavefrontOBJ] Done with "Mesh031.obj" (took 4 ms)
2025-03-16 11:54:22 INFO  main [WavefrontOBJ] Loading geometry from "Mesh094.obj" ..
2025-03-16 11:54:22 INFO  main [WavefrontOBJ] Mesh094: 600 triangles, 968 vertices (merged 832 vertices).
2025-03-16 11:54:22 INFO  main [WavefrontOBJ] Done with "Mesh094.obj" (took 6 ms)
2025-03-16 11:54:22 INFO  main [WavefrontOBJ] Loading geometry from "Mesh102.obj" ..
2025-03-16 11:54:22 INFO  main [WavefrontOBJ] Mesh102: 1472 triangles, 2630 vertices (merged 1786 vertices).
2025-03-16 11:54:22 INFO  main [WavefrontOBJ] Done with "Mesh102.obj" (took 17 ms)
2025-03-16 11:54:22 INFO  main [WavefrontOBJ] Loading geometry from "Mesh058.obj" ..
2025-03-16 11:54:22 INFO  main [WavefrontOBJ] Mesh058: 512 triangles, 288 vertices (merged 1248 vertices).
2025-03-16 11:54:22 INFO  main [WavefrontOBJ] Done with "Mesh058.obj" (took 2 ms)
2025-03-16 11:54:22 INFO  main [WavefrontOBJ] Loading geometry from "Mesh030.obj" ..
2025-03-16 11:54:22 INFO  main [WavefrontOBJ] Mesh030: 576 triangles, 300 vertices (merged 1428 vertices).
2025-03-16 11:54:22 INFO  main [WavefrontOBJ] Done with "Mesh030.obj" (took 4 ms)
2025-03-16 11:54:22 INFO  main [WavefrontOBJ] Loading geometry from "Mesh028.obj" ..
2025-03-16 11:54:22 INFO  main [WavefrontOBJ] Mesh028: 4416 triangles, 2258 vertices (merged 10990 vertices).
2025-03-16 11:54:22 INFO  main [WavefrontOBJ] Done with "Mesh028.obj" (took 27 ms)
2025-03-16 11:54:22 INFO  main [WavefrontOBJ] Loading geometry from "Mesh027.obj" ..
2025-03-16 11:54:22 INFO  main [WavefrontOBJ] Mesh027: 5184 triangles, 2642 vertices (merged 12910 vertices).
2025-03-16 11:54:22 INFO  main [WavefrontOBJ] Done with "Mesh027.obj" (took 32 ms)
2025-03-16 11:54:22 INFO  main [WavefrontOBJ] Loading geometry from "Mesh026.obj" ..
2025-03-16 11:54:22 INFO  main [WavefrontOBJ] Mesh026: 8064 triangles, 4080 vertices (merged 20112 vertices).
2025-03-16 11:54:22 INFO  main [WavefrontOBJ] Done with "Mesh026.obj" (took 56 ms)
2025-03-16 11:54:22 INFO  main [WavefrontOBJ] Loading geometry from "Mesh097.obj" ..
2025-03-16 11:54:22 INFO  main [WavefrontOBJ] Mesh097: 224 triangles, 116 vertices (merged 556 vertices).
2025-03-16 11:54:22 INFO  main [WavefrontOBJ] Done with "Mesh097.obj" (took 2 ms)
2025-03-16 11:54:22 INFO  main [WavefrontOBJ] Loading geometry from "Mesh035.obj" ..
2025-03-16 11:54:23 INFO  main [WavefrontOBJ] Mesh035: 4416 triangles, 2258 vertices (merged 10990 vertices).
2025-03-16 11:54:23 INFO  main [WavefrontOBJ] Done with "Mesh035.obj" (took 32 ms)
2025-03-16 11:54:23 INFO  main [WavefrontOBJ] Loading geometry from "Mesh024.obj" ..
2025-03-16 11:54:23 INFO  main [WavefrontOBJ] Mesh024: 6912 triangles, 3464 vertices (merged 17272 vertices).
2025-03-16 11:54:23 INFO  main [WavefrontOBJ] Done with "Mesh024.obj" (took 44 ms)
2025-03-16 11:54:23 INFO  main [WavefrontOBJ] Loading geometry from "Mesh023.obj" ..
2025-03-16 11:54:23 INFO  main [WavefrontOBJ] Mesh023: 384 triangles, 296 vertices (merged 856 vertices).
2025-03-16 11:54:23 INFO  main [WavefrontOBJ] Done with "Mesh023.obj" (took 2 ms)
2025-03-16 11:54:23 INFO  main [WavefrontOBJ] Loading geometry from "Mesh089.obj" ..
2025-03-16 11:54:23 INFO  main [WavefrontOBJ] Mesh089: 9344 triangles, 4785 vertices (merged 23247 vertices).
2025-03-16 11:54:23 INFO  main [WavefrontOBJ] Done with "Mesh089.obj" (took 59 ms)
2025-03-16 11:54:23 INFO  main [WavefrontOBJ] Loading geometry from "Mesh022.obj" ..
2025-03-16 11:54:23 INFO  main [WavefrontOBJ] Mesh022: 14528 triangles, 7298 vertices (merged 36286 vertices).
2025-03-16 11:54:23 INFO  main [WavefrontOBJ] Done with "Mesh022.obj" (took 92 ms)
2025-03-16 11:54:23 INFO  main [WavefrontOBJ] Loading geometry from "Mesh137.obj" ..
2025-03-16 11:54:23 INFO  main [WavefrontOBJ] Mesh137: 20 triangles, 12 vertices (merged 48 vertices).
2025-03-16 11:54:23 INFO  main [WavefrontOBJ] Done with "Mesh137.obj" (took 0 ms)
2025-03-16 11:54:23 INFO  main [WavefrontOBJ] Loading geometry from "Mesh121.obj" ..
2025-03-16 11:54:23 INFO  main [WavefrontOBJ] Mesh121: 76 triangles, 128 vertices (merged 100 vertices).
2025-03-16 11:54:23 INFO  main [WavefrontOBJ] Done with "Mesh121.obj" (took 0 ms)
2025-03-16 11:54:23 INFO  main [WavefrontOBJ] Loading geometry from "Mesh021.obj" ..
2025-03-16 11:54:23 INFO  main [WavefrontOBJ] Mesh021: 172 triangles, 317 vertices (merged 199 vertices).
2025-03-16 11:54:23 INFO  main [WavefrontOBJ] Done with "Mesh021.obj" (took 2 ms)
2025-03-16 11:54:23 INFO  main [WavefrontOBJ] Loading geometry from "Mesh115.obj" ..
2025-03-16 11:54:23 INFO  main [WavefrontOBJ] Mesh115: 344 triangles, 694 vertices (merged 338 vertices).
2025-03-16 11:54:23 INFO  main [WavefrontOBJ] Done with "Mesh115.obj" (took 7 ms)
2025-03-16 11:54:23 INFO  main [WavefrontOBJ] Loading geometry from "Mesh120.obj" ..
2025-03-16 11:54:23 INFO  main [WavefrontOBJ] Mesh120: 312 triangles, 624 vertices (merged 312 vertices).
2025-03-16 11:54:23 INFO  main [WavefrontOBJ] Done with "Mesh120.obj" (took 3 ms)
2025-03-16 11:54:23 INFO  main [WavefrontOBJ] Loading geometry from "Mesh020.obj" ..
2025-03-16 11:54:23 INFO  main [WavefrontOBJ] Mesh020: 66 triangles, 48 vertices (merged 150 vertices).
2025-03-16 11:54:23 INFO  main [WavefrontOBJ] Done with "Mesh020.obj" (took 0 ms)
2025-03-16 11:54:23 INFO  main [WavefrontOBJ] Loading geometry from "Mesh019.obj" ..
2025-03-16 11:54:23 INFO  main [WavefrontOBJ] Mesh019: 66 triangles, 48 vertices (merged 150 vertices).
2025-03-16 11:54:23 INFO  main [WavefrontOBJ] Done with "Mesh019.obj" (took 0 ms)
2025-03-16 11:54:23 INFO  main [WavefrontOBJ] Loading geometry from "Mesh017.obj" ..
2025-03-16 11:54:23 INFO  main [WavefrontOBJ] Mesh017: 572 triangles, 904 vertices (merged 812 vertices).
2025-03-16 11:54:23 INFO  main [WavefrontOBJ] Done with "Mesh017.obj" (took 6 ms)
2025-03-16 11:54:23 INFO  main [WavefrontOBJ] Loading geometry from "Mesh016.obj" ..
2025-03-16 11:54:23 INFO  main [WavefrontOBJ] Mesh016: 1260 triangles, 2274 vertices (merged 1506 vertices).
2025-03-16 11:54:23 INFO  main [WavefrontOBJ] Done with "Mesh016.obj" (took 14 ms)
2025-03-16 11:54:23 INFO  main [WavefrontOBJ] Loading geometry from "Mesh015.obj" ..
2025-03-16 11:54:23 INFO  main [WavefrontOBJ] Mesh015: 1447 triangles, 1949 vertices (merged 2392 vertices).
2025-03-16 11:54:23 INFO  main [WavefrontOBJ] Done with "Mesh015.obj" (took 15 ms)
2025-03-16 11:54:23 INFO  main [WavefrontOBJ] Loading geometry from "Mesh119.obj" ..
2025-03-16 11:54:23 INFO  main [WavefrontOBJ] Mesh119: 656 triangles, 430 vertices (merged 1538 vertices).
2025-03-16 11:54:23 INFO  main [WavefrontOBJ] Done with "Mesh119.obj" (took 6 ms)
2025-03-16 11:54:23 INFO  main [WavefrontOBJ] Loading geometry from "Mesh014.obj" ..
2025-03-16 11:54:23 INFO  main [WavefrontOBJ] Mesh014: 5728 triangles, 3069 vertices (merged 14115 vertices).
2025-03-16 11:54:23 INFO  main [WavefrontOBJ] Done with "Mesh014.obj" (took 68 ms)
2025-03-16 11:54:23 INFO  main [WavefrontOBJ] Loading geometry from "Mesh151.obj" ..
2025-03-16 11:54:23 INFO  main [WavefrontOBJ] Mesh151: 656 triangles, 416 vertices (merged 1552 vertices).
2025-03-16 11:54:23 INFO  main [WavefrontOBJ] Done with "Mesh151.obj" (took 7 ms)
2025-03-16 11:54:23 INFO  main [WavefrontOBJ] Loading geometry from "Mesh013.obj" ..
2025-03-16 11:54:23 INFO  main [WavefrontOBJ] Mesh013: 5728 triangles, 2797 vertices (merged 14387 vertices).
2025-03-16 11:54:23 INFO  main [WavefrontOBJ] Done with "Mesh013.obj" (took 65 ms)
2025-03-16 11:54:23 INFO  main [WavefrontOBJ] Loading geometry from "Mesh111.obj" ..
2025-03-16 11:54:23 INFO  main [WavefrontOBJ] Mesh111: 656 triangles, 354 vertices (merged 1614 vertices).
2025-03-16 11:54:23 INFO  main [WavefrontOBJ] Done with "Mesh111.obj" (took 7 ms)
2025-03-16 11:54:23 INFO  main [WavefrontOBJ] Loading geometry from "Mesh101.obj" ..
2025-03-16 11:54:23 INFO  main [WavefrontOBJ] Mesh101: 5728 triangles, 2565 vertices (merged 14619 vertices).
2025-03-16 11:54:23 INFO  main [WavefrontOBJ] Done with "Mesh101.obj" (took 69 ms)
2025-03-16 11:54:23 INFO  main [WavefrontOBJ] Loading geometry from "Mesh011.obj" ..
2025-03-16 11:54:23 INFO  main [WavefrontOBJ] Mesh011: 972 triangles, 1139 vertices (merged 1777 vertices).
2025-03-16 11:54:23 INFO  main [WavefrontOBJ] Done with "Mesh011.obj" (took 7 ms)
2025-03-16 11:54:23 INFO  main [WavefrontOBJ] Loading geometry from "Mesh053.obj" ..
2025-03-16 11:54:23 INFO  main [WavefrontOBJ] Mesh053: 360 triangles, 208 vertices (merged 872 vertices).
2025-03-16 11:54:23 INFO  main [WavefrontOBJ] Done with "Mesh053.obj" (took 3 ms)
2025-03-16 11:54:23 INFO  main [WavefrontOBJ] Loading geometry from "Mesh010.obj" ..
2025-03-16 11:54:23 INFO  main [WavefrontOBJ] Mesh010: 14848 triangles, 7428 vertices (merged 37116 vertices).
2025-03-16 11:54:23 INFO  main [WavefrontOBJ] Done with "Mesh010.obj" (took 95 ms)
2025-03-16 11:54:23 INFO  main [WavefrontOBJ] Loading geometry from "Mesh082.obj" ..
2025-03-16 11:54:23 INFO  main [WavefrontOBJ] Mesh082: 8128 triangles, 4066 vertices (merged 20318 vertices).
2025-03-16 11:54:23 INFO  main [WavefrontOBJ] Done with "Mesh082.obj" (took 53 ms)
2025-03-16 11:54:23 INFO  main [WavefrontOBJ] Loading geometry from "Mesh086.obj" ..
2025-03-16 11:54:23 INFO  main [WavefrontOBJ] Mesh086: 4352 triangles, 2178 vertices (merged 10878 vertices).
2025-03-16 11:54:23 INFO  main [WavefrontOBJ] Done with "Mesh086.obj" (took 25 ms)
2025-03-16 11:54:23 INFO  main [WavefrontOBJ] Loading geometry from "Mesh134.obj" ..
2025-03-16 11:54:23 INFO  main [WavefrontOBJ] Mesh134: 14848 triangles, 7428 vertices (merged 37116 vertices).
2025-03-16 11:54:23 INFO  main [WavefrontOBJ] Done with "Mesh134.obj" (took 94 ms)
2025-03-16 11:54:23 INFO  main [WavefrontOBJ] Loading geometry from "Mesh057.obj" ..
2025-03-16 11:54:23 INFO  main [WavefrontOBJ] Mesh057: 8128 triangles, 4066 vertices (merged 20318 vertices).
2025-03-16 11:54:23 INFO  main [WavefrontOBJ] Done with "Mesh057.obj" (took 50 ms)
2025-03-16 11:54:23 INFO  main [WavefrontOBJ] Loading geometry from "Mesh081.obj" ..
2025-03-16 11:54:23 INFO  main [WavefrontOBJ] Mesh081: 8704 triangles, 4356 vertices (merged 21756 vertices).
2025-03-16 11:54:23 INFO  main [WavefrontOBJ] Done with "Mesh081.obj" (took 52 ms)
2025-03-16 11:54:23 INFO  main [WavefrontOBJ] Loading geometry from "Mesh114.obj" ..
2025-03-16 11:54:23 INFO  main [WavefrontOBJ] Mesh114: 1680 triangles, 898 vertices (merged 4142 vertices).
2025-03-16 11:54:23 INFO  main [WavefrontOBJ] Done with "Mesh114.obj" (took 11 ms)
2025-03-16 11:54:23 INFO  main [WavefrontOBJ] Loading geometry from "Mesh008.obj" ..
2025-03-16 11:54:23 INFO  main [WavefrontOBJ] Mesh008: 688 triangles, 375 vertices (merged 1689 vertices).
2025-03-16 11:54:23 INFO  main [WavefrontOBJ] Done with "Mesh008.obj" (took 4 ms)
2025-03-16 11:54:23 INFO  main [WavefrontOBJ] Loading geometry from "Mesh158.obj" ..
2025-03-16 11:54:23 INFO  main [WavefrontOBJ] Mesh158: 44 triangles, 96 vertices (merged 36 vertices).
2025-03-16 11:54:23 INFO  main [WavefrontOBJ] Done with "Mesh158.obj" (took 0 ms)
2025-03-16 11:54:23 INFO  main [WavefrontOBJ] Loading geometry from "Mesh174.obj" ..
2025-03-16 11:54:23 INFO  main [WavefrontOBJ] Mesh174: 172 triangles, 306 vertices (merged 210 vertices).
2025-03-16 11:54:23 INFO  main [WavefrontOBJ] Done with "Mesh174.obj" (took 2 ms)
2025-03-16 11:54:23 INFO  main [WavefrontOBJ] Loading geometry from "Mesh079.obj" ..
2025-03-16 11:54:24 INFO  main [WavefrontOBJ] Mesh079: 13568 triangles, 6788 vertices (merged 33916 vertices).
2025-03-16 11:54:24 INFO  main [WavefrontOBJ] Done with "Mesh079.obj" (took 82 ms)
2025-03-16 11:54:24 INFO  main [WavefrontOBJ] Loading geometry from "Mesh007.obj" ..
2025-03-16 11:54:24 INFO  main [WavefrontOBJ] Mesh007: 24 triangles, 48 vertices (merged 24 vertices).
2025-03-16 11:54:24 INFO  main [WavefrontOBJ] Done with "Mesh007.obj" (took 0 ms)
2025-03-16 11:54:24 INFO  main [WavefrontOBJ] Loading geometry from "Mesh006.obj" ..
2025-03-16 11:54:24 INFO  main [WavefrontOBJ] Mesh006: 1280 triangles, 672 vertices (merged 3168 vertices).
2025-03-16 11:54:24 INFO  main [WavefrontOBJ] Done with "Mesh006.obj" (took 7 ms)
2025-03-16 11:54:24 INFO  main [WavefrontOBJ] Loading geometry from "Mesh005.obj" ..
2025-03-16 11:54:24 INFO  main [WavefrontOBJ] Mesh005: 1280 triangles, 672 vertices (merged 3168 vertices).
2025-03-16 11:54:24 INFO  main [WavefrontOBJ] Done with "Mesh005.obj" (took 9 ms)
2025-03-16 11:54:24 INFO  main [WavefrontOBJ] Loading geometry from "Mesh032.obj" ..
2025-03-16 11:54:24 INFO  main [WavefrontOBJ] Mesh032: 3328 triangles, 1696 vertices (merged 8288 vertices).
2025-03-16 11:54:24 INFO  main [WavefrontOBJ] Done with "Mesh032.obj" (took 20 ms)
2025-03-16 11:54:24 INFO  main [WavefrontOBJ] Loading geometry from "Mesh025.obj" ..
2025-03-16 11:54:24 INFO  main [WavefrontOBJ] Mesh025: 384 triangles, 226 vertices (merged 926 vertices).
2025-03-16 11:54:24 INFO  main [WavefrontOBJ] Done with "Mesh025.obj" (took 2 ms)
2025-03-16 11:54:24 INFO  main [WavefrontOBJ] Loading geometry from "Mesh168.obj" ..
2025-03-16 11:54:24 INFO  main [WavefrontOBJ] Mesh168: 6592 triangles, 3345 vertices (merged 16431 vertices).
2025-03-16 11:54:24 INFO  main [WavefrontOBJ] Done with "Mesh168.obj" (took 43 ms)
2025-03-16 11:54:24 INFO  main [WavefrontOBJ] Loading geometry from "Mesh146.obj" ..
2025-03-16 11:54:24 INFO  main [WavefrontOBJ] Mesh146: 8384 triangles, 4241 vertices (merged 20911 vertices).
2025-03-16 11:54:24 INFO  main [WavefrontOBJ] Done with "Mesh146.obj" (took 49 ms)
2025-03-16 11:54:24 INFO  main [WavefrontOBJ] Loading geometry from "Mesh049.obj" ..
2025-03-16 11:54:24 INFO  main [WavefrontOBJ] Mesh049: 19648 triangles, 9950 vertices (merged 48994 vertices).
2025-03-16 11:54:24 INFO  main [WavefrontOBJ] Done with "Mesh049.obj" (took 117 ms)
2025-03-16 11:54:24 INFO  main [WavefrontOBJ] Loading geometry from "Mesh040.obj" ..
2025-03-16 11:54:24 INFO  main [WavefrontOBJ] Mesh040: 19648 triangles, 9950 vertices (merged 48994 vertices).
2025-03-16 11:54:24 INFO  main [WavefrontOBJ] Done with "Mesh040.obj" (took 117 ms)
2025-03-16 11:54:24 INFO  main [WavefrontOBJ] Loading geometry from "Mesh130.obj" ..
2025-03-16 11:54:25 INFO  main [WavefrontOBJ] Mesh130: 186368 triangles, 94198 vertices (merged 464906 vertices).
2025-03-16 11:54:25 INFO  main [WavefrontOBJ] Done with "Mesh130.obj" (took 1183 ms)
2025-03-16 11:54:25 INFO  main [WavefrontOBJ] Loading geometry from "Mesh075.obj" ..
2025-03-16 11:54:25 INFO  main [WavefrontOBJ] Mesh075: 720 triangles, 387 vertices (merged 1773 vertices).
2025-03-16 11:54:25 INFO  main [WavefrontOBJ] Done with "Mesh075.obj" (took 4 ms)
2025-03-16 11:54:25 INFO  main [WavefrontOBJ] Loading geometry from "Mesh164.obj" ..
2025-03-16 11:54:25 INFO  main [WavefrontOBJ] Mesh164: 10176 triangles, 5169 vertices (merged 25359 vertices).
2025-03-16 11:54:25 INFO  main [WavefrontOBJ] Done with "Mesh164.obj" (took 66 ms)
2025-03-16 11:54:25 INFO  main [WavefrontOBJ] Loading geometry from "Mesh044.obj" ..
2025-03-16 11:54:25 INFO  main [WavefrontOBJ] Mesh044: 4864 triangles, 2464 vertices (merged 12128 vertices).
2025-03-16 11:54:25 INFO  main [WavefrontOBJ] Done with "Mesh044.obj" (took 29 ms)
2025-03-16 11:54:25 INFO  main [WavefrontOBJ] Loading geometry from "Mesh004.obj" ..
2025-03-16 11:54:25 INFO  main [WavefrontOBJ] Mesh004: 15168 triangles, 7584 vertices (merged 37920 vertices).
2025-03-16 11:54:25 INFO  main [WavefrontOBJ] Done with "Mesh004.obj" (took 103 ms)
2025-03-16 11:54:25 INFO  main [WavefrontOBJ] Loading geometry from "Mesh003.obj" ..
2025-03-16 11:54:25 INFO  main [WavefrontOBJ] Mesh003: 9472 triangles, 4738 vertices (merged 23678 vertices).
2025-03-16 11:54:25 INFO  main [WavefrontOBJ] Done with "Mesh003.obj" (took 66 ms)
2025-03-16 11:54:25 INFO  main [WavefrontOBJ] Loading geometry from "Mesh061.obj" ..
2025-03-16 11:54:25 INFO  main [WavefrontOBJ] Mesh061: 5616 triangles, 2810 vertices (merged 14038 vertices).
2025-03-16 11:54:25 INFO  main [WavefrontOBJ] Done with "Mesh061.obj" (took 33 ms)
2025-03-16 11:54:25 INFO  main [WavefrontOBJ] Loading geometry from "Mesh002.obj" ..
2025-03-16 11:54:26 INFO  main [WavefrontOBJ] Mesh002: 29088 triangles, 14567 vertices (merged 72697 vertices).
2025-03-16 11:54:26 INFO  main [WavefrontOBJ] Done with "Mesh002.obj" (took 179 ms)
2025-03-16 11:54:26 INFO  main [WavefrontOBJ] Loading geometry from "Mesh051.obj" ..
2025-03-16 11:54:26 INFO  main [WavefrontOBJ] Mesh051: 9600 triangles, 4833 vertices (merged 23967 vertices).
2025-03-16 11:54:26 INFO  main [WavefrontOBJ] Done with "Mesh051.obj" (took 71 ms)
2025-03-16 11:54:26 INFO  main [WavefrontOBJ] Loading geometry from "Mesh123.obj" ..
2025-03-16 11:54:26 INFO  main [WavefrontOBJ] Mesh123: 1296 triangles, 650 vertices (merged 3238 vertices).
2025-03-16 11:54:26 INFO  main [WavefrontOBJ] Done with "Mesh123.obj" (took 7 ms)
2025-03-16 11:54:26 INFO  main [WavefrontOBJ] Loading geometry from "Mesh178.obj" ..
2025-03-16 11:54:26 INFO  main [WavefrontOBJ] Mesh178: 3520 triangles, 1841 vertices (merged 8719 vertices).
2025-03-16 11:54:26 INFO  main [WavefrontOBJ] Done with "Mesh178.obj" (took 25 ms)
2025-03-16 11:54:26 INFO  main [WavefrontOBJ] Loading geometry from "Mesh084.obj" ..
2025-03-16 11:54:26 INFO  main [WavefrontOBJ] Mesh084: 1408 triangles, 4156 vertices (merged 68 vertices).
2025-03-16 11:54:26 INFO  main [WavefrontOBJ] Done with "Mesh084.obj" (took 28 ms)
2025-03-16 11:54:26 INFO  main [WavefrontOBJ] Loading geometry from "Mesh012.obj" ..
2025-03-16 11:54:26 INFO  main [WavefrontOBJ] Mesh012: 4248 triangles, 4494 vertices (merged 8250 vertices).
2025-03-16 11:54:26 INFO  main [WavefrontOBJ] Done with "Mesh012.obj" (took 39 ms)
2025-03-16 11:54:26 INFO  main [WavefrontOBJ] Loading geometry from "Mesh001.obj" ..
2025-03-16 11:54:26 INFO  main [WavefrontOBJ] Mesh001: 12 triangles, 24 vertices (merged 12 vertices).
2025-03-16 11:54:26 INFO  main [WavefrontOBJ] Done with "Mesh001.obj" (took 0 ms)
2025-03-16 11:54:26 INFO  main [WavefrontOBJ] Loading geometry from "Mesh018.obj" ..
2025-03-16 11:54:26 INFO  main [WavefrontOBJ] Mesh018: 768 triangles, 448 vertices (merged 1856 vertices).
2025-03-16 11:54:26 INFO  main [WavefrontOBJ] Done with "Mesh018.obj" (took 5 ms)
2025-03-16 11:54:26 INFO  main [WavefrontOBJ] Loading geometry from "Mesh000.obj" ..
2025-03-16 11:54:26 INFO  main [WavefrontOBJ] Mesh000: 256 triangles, 192 vertices (merged 576 vertices).
2025-03-16 11:54:26 INFO  main [WavefrontOBJ] Done with "Mesh000.obj" (took 2 ms)
2025-03-16 11:54:26 INFO  main [WavefrontOBJ] Loading geometry from "Mesh074.obj" ..
2025-03-16 11:54:26 INFO  main [WavefrontOBJ] Mesh074: 768 triangles, 448 vertices (merged 1856 vertices).
2025-03-16 11:54:26 INFO  main [WavefrontOBJ] Done with "Mesh074.obj" (took 5 ms)
2025-03-16 11:54:26 INFO  main [WavefrontOBJ] Loading geometry from "Mesh106.obj" ..
2025-03-16 11:54:26 INFO  main [WavefrontOBJ] Mesh106: 960 triangles, 513 vertices (merged 2367 vertices).
2025-03-16 11:54:26 INFO  main [WavefrontOBJ] Done with "Mesh106.obj" (took 6 ms)
2025-03-16 11:54:26 INFO  main [WavefrontOBJ] Loading geometry from "Mesh029.obj" ..
2025-03-16 11:54:26 INFO  main [WavefrontOBJ] Mesh029: 1536 triangles, 772 vertices (merged 3836 vertices).
2025-03-16 11:54:26 INFO  main [WavefrontOBJ] Done with "Mesh029.obj" (took 9 ms)
2025-03-16 11:54:26 INFO  main [WavefrontOBJ] Loading geometry from "Mesh163.obj" ..
2025-03-16 11:54:26 INFO  main [WavefrontOBJ] Mesh163: 6488 triangles, 3667 vertices (merged 15797 vertices).
2025-03-16 11:54:26 INFO  main [WavefrontOBJ] Done with "Mesh163.obj" (took 44 ms)
2025-03-16 11:54:26 INFO  main [WavefrontOBJ] Loading geometry from "Mesh154.obj" ..
2025-03-16 11:54:26 INFO  main [WavefrontOBJ] Mesh154: 832 triangles, 424 vertices (merged 2072 vertices).
2025-03-16 11:54:26 INFO  main [WavefrontOBJ] Done with "Mesh154.obj" (took 5 ms)
2025-03-16 11:54:26 INFO  main [WavefrontOBJ] Loading geometry from "Mesh060.obj" ..
2025-03-16 11:54:26 INFO  main [WavefrontOBJ] Mesh060: 2144 triangles, 1090 vertices (merged 5342 vertices).
2025-03-16 11:54:26 INFO  main [WavefrontOBJ] Done with "Mesh060.obj" (took 15 ms)
2025-03-16 11:54:26 INFO  main [WavefrontOBJ] Loading geometry from "Mesh048.obj" ..
2025-03-16 11:54:26 INFO  main [WavefrontOBJ] Mesh048: 180 triangles, 110 vertices (merged 430 vertices).
2025-03-16 11:54:26 INFO  main [WavefrontOBJ] Done with "Mesh048.obj" (took 1 ms)
2025-03-16 11:54:26 INFO  main [WavefrontOBJ] Loading geometry from "Mesh009.obj" ..
2025-03-16 11:54:26 INFO  main [WavefrontOBJ] Mesh009: 688 triangles, 353 vertices (merged 1711 vertices).
2025-03-16 11:54:26 INFO  main [WavefrontOBJ] Done with "Mesh009.obj" (took 5 ms)
2025-03-16 11:54:26 INFO  main [WavefrontOBJ] Loading geometry from "Mesh093.obj" ..
2025-03-16 11:54:26 INFO  main [WavefrontOBJ] Mesh093: 1584 triangles, 876 vertices (merged 3876 vertices).
2025-03-16 11:54:26 INFO  main [WavefrontOBJ] Done with "Mesh093.obj" (took 10 ms)
2025-03-16 11:54:26 INFO  main [WavefrontOBJ] Loading geometry from "Mesh133.obj" ..
2025-03-16 11:54:26 INFO  main [WavefrontOBJ] Mesh133: 5120 triangles, 2560 vertices (merged 12800 vertices).
2025-03-16 11:54:26 INFO  main [WavefrontOBJ] Done with "Mesh133.obj" (took 33 ms)
2025-03-16 11:54:26 INFO  main [WavefrontOBJ] Loading geometry from "Mesh142.obj" ..
2025-03-16 11:54:26 INFO  main [WavefrontOBJ] Mesh142: 1280 triangles, 640 vertices (merged 3200 vertices).
2025-03-16 11:54:26 INFO  main [WavefrontOBJ] Done with "Mesh142.obj" (took 7 ms)
2025-03-16 11:54:26 INFO  ren0 [KDTreeBase] Constructing a SAH kd-tree (617744 primitives) ..
2025-03-16 11:54:33 INFO  ren0 [KDTreeBase] Finished -- took 6577 ms.
2025-03-16 11:54:33 INFO  ren0 [PMMFocalGuidingIntegrator] Starting preprocess
2025-03-16 11:54:33 INFO  ren0 [octree.h:482] root weight: 8.000e-20 (0.000000)
2025-03-16 11:54:33 INFO  ren0 [octree.h:483] splitting threshold: 8.000e-23 (0.000000)
2025-03-16 11:54:33 INFO  ren0 [octree.h:498] node count: 1 -> 585 -> 585

2025-03-16 11:54:33 INFO  ren0 [octree.h:482] root weight: 4.096e-17 (0.000000)
2025-03-16 11:54:33 INFO  ren0 [octree.h:483] splitting threshold: 4.096e-20 (0.000000)
2025-03-16 11:54:33 INFO  ren0 [octree.h:498] node count: 585 -> 585 -> 585

2025-03-16 11:54:33 INFO  ren0 [octree.h:482] root weight: 8.000e-20 (0.000000)
2025-03-16 11:54:33 INFO  ren0 [octree.h:483] splitting threshold: 8.000e-23 (0.000000)
2025-03-16 11:54:33 INFO  ren0 [octree.h:498] node count: 1 -> 585 -> 585

2025-03-16 11:54:33 INFO  ren0 [octree.h:482] root weight: 4.096e-17 (0.000000)
2025-03-16 11:54:33 INFO  ren0 [octree.h:483] splitting threshold: 4.096e-20 (0.000000)
2025-03-16 11:54:33 INFO  ren0 [octree.h:498] node count: 585 -> 585 -> 585

2025-03-16 11:54:33 INFO  ren0 [PMMFocalGuidingIntegrator] Octree[
AABB: AABB3[min=[-2.59024, -0.170842, 0.361397], max=[3.15696, 3.22949, 8.19165]]
Nodes count: 585
]
2025-03-16 11:54:33 INFO  ren0 [PMMFocalGuidingIntegrator] Octree[
AABB: AABB3[min=[-2.59024, -0.170842, 0.361397], max=[3.15696, 3.22949, 8.19165]]
Nodes count: 585
]
2025-03-16 11:54:33 INFO  ren0 [PMMFocalGuidingIntegrator] GMM[
weight = 0.166667 mean = [-0.333523 1.11153 4.26642] covariance = [[1 0 0][0 1 0][0 0 1]]
weight = 0.166667 mean = [2.80963 2.83497 1.07145] covariance = [[1 0 0][0 1 0][0 0 1]]
weight = 0.166667 mean = [-2.5064 0.976367 5.33024] covariance = [[1 0 0][0 1 0][0 0 1]]
weight = 0.166667 mean = [0.669695 1.38065 4.22268] covariance = [[1 0 0][0 1 0][0 0 1]]
weight = 0.166667 mean = [1.36805 0.45304 6.55128] covariance = [[1 0 0][0 1 0][0 0 1]]
weight = 0.166667 mean = [0.822227 0.54441 1.26117] covariance = [[1 0 0][0 1 0][0 0 1]]
]
2025-03-16 11:54:33 INFO  ren0 [PMMFocalGuidingIntegrator] Starting training... (8) iterations
2025-03-16 11:54:33 INFO  ren0 [PMMFocalGuidingIntegrator] Rendering 0 iteration
2025-03-16 11:54:33 INFO  ren0 [SamplingIntegrator] Starting render job (1280x720, 4 samples, 8 cores, SSE2 enabled) ..
2025-03-16 11:56:13 INFO  ren0 [PMMFocalGuidingIntegrator] iteration render time: 1.6674m
2025-03-16 11:56:13 INFO  ren0 [PMMFocalGuidingIntegrator] Got 240222 non-zero samples and 0 zero samples
2025-03-16 11:56:53 INFO  ren0 [gaussian_mixture_model.h:126] Components accumulated weight is: 1.000000
2025-03-16 11:56:53 INFO  ren0 [gaussian_mixture_model.h:173] exp(-dist) between 0 and 1 is 0.427909
2025-03-16 11:56:53 INFO  ren0 [gaussian_mixture_model.h:173] exp(-dist) between 0 and 2 is 0.590847
2025-03-16 11:56:53 INFO  ren0 [gaussian_mixture_model.h:173] exp(-dist) between 0 and 3 is 0.835169
2025-03-16 11:56:53 INFO  ren0 [gaussian_mixture_model.h:173] exp(-dist) between 0 and 4 is 0.327569
2025-03-16 11:56:53 INFO  ren0 [gaussian_mixture_model.h:173] exp(-dist) between 0 and 5 is 0.538691
2025-03-16 11:56:53 INFO  ren0 [gaussian_mixture_model.h:173] exp(-dist) between 1 and 2 is 0.089789
2025-03-16 11:56:53 INFO  ren0 [gaussian_mixture_model.h:173] exp(-dist) between 1 and 3 is 0.622184
2025-03-16 11:56:53 INFO  ren0 [gaussian_mixture_model.h:173] exp(-dist) between 1 and 4 is 0.115078
2025-03-16 11:56:53 INFO  ren0 [gaussian_mixture_model.h:173] exp(-dist) between 1 and 5 is 0.582467
2025-03-16 11:56:53 INFO  ren0 [gaussian_mixture_model.h:173] exp(-dist) between 2 and 3 is 0.331994
2025-03-16 11:56:53 INFO  ren0 [gaussian_mixture_model.h:173] exp(-dist) between 2 and 4 is 0.273051
2025-03-16 11:56:53 INFO  ren0 [gaussian_mixture_model.h:173] exp(-dist) between 2 and 5 is 0.130311
2025-03-16 11:56:53 INFO  ren0 [gaussian_mixture_model.h:173] exp(-dist) between 3 and 4 is 0.418271
2025-03-16 11:56:53 INFO  ren0 [gaussian_mixture_model.h:173] exp(-dist) between 3 and 5 is 0.551837
2025-03-16 11:56:53 INFO  ren0 [gaussian_mixture_model.h:173] exp(-dist) between 4 and 5 is 0.040662
2025-03-16 11:56:53 INFO  ren0 [gaussian_mixture_model.h:180] components before the merge: 6
2025-03-16 11:56:53 INFO  ren0 [gaussian_mixture_model.h:183] Merging 3 and 0, because their BC is 0.835169
2025-03-16 11:56:53 INFO  ren0 [gaussian_mixture_model.h:183] Merging 5 and 1, because their BC is 0.582467
2025-03-16 11:56:53 INFO  ren0 [gaussian_mixture_model.h:183] Merging 5 and 3, because their BC is 0.612638
2025-03-16 11:56:53 INFO  ren0 [gaussian_mixture_model.h:183] Merging 5 and 2, because their BC is 0.435964
2025-03-16 11:56:53 INFO  ren0 [gaussian_mixture_model.h:183] Merging 5 and 2, because their BC is 0.435964
2025-03-16 11:56:53 INFO  ren0 [gaussian_mixture_model.h:183] Merging 5 and 2, because their BC is 0.435964
2025-03-16 11:56:53 INFO  ren0 [gaussian_mixture_model.h:183] Merging 5 and 2, because their BC is 0.435964
2025-03-16 11:56:53 INFO  ren0 [gaussian_mixture_model.h:183] Merging 5 and 2, because their BC is 0.435964
2025-03-16 11:56:53 INFO  ren0 [gaussian_mixture_model.h:183] Merging 5 and 2, because their BC is 0.435964
2025-03-16 11:56:53 INFO  ren0 [gaussian_mixture_model.h:183] Merging 5 and 2, because their BC is 0.435964
2025-03-16 11:56:53 INFO  ren0 [gaussian_mixture_model.h:200] components after the merge: 3, merged 10 component
2025-03-16 11:56:53 INFO  ren0 [gaussian_mixture_model.h:237] Ratio is 3.590202
2025-03-16 11:56:53 INFO  ren0 [gaussian_mixture_model.h:237] Ratio is 2.206939
2025-03-16 11:56:53 INFO  ren0 [gaussian_mixture_model.h:237] Ratio is 2.310856
2025-03-16 11:56:53 INFO  ren0 [gaussian_mixture_model.h:218] components after the split: 3, split 0 components
2025-03-16 11:56:53 INFO  ren0 [octree.h:482] root weight: 5.189e+05 (518851.625000)
2025-03-16 11:56:53 INFO  ren0 [octree.h:483] splitting threshold: 5.189e+02 (518.851624)
2025-03-16 11:56:53 INFO  ren0 [octree.h:482] root weight: 6.230e+05 (622983.875000)
2025-03-16 11:56:53 INFO  ren0 [octree.h:483] splitting threshold: 6.230e+02 (622.983887)
2025-03-16 11:56:53 INFO  ren0 [octree.h:498] node count: 585 -> 585 -> 293

2025-03-16 11:56:53 INFO  ren0 [octree.h:498] node count: 585 -> 614 -> 261

2025-03-16 11:56:53 INFO  ren0 [PMMFocalGuidingIntegrator] diverge probability: 0.546

2025-03-16 11:56:53 INFO  ren0 [PMMFocalGuidingIntegrator] iteration postprocessing time: 40.1667s
2025-03-16 11:56:53 INFO  ren0 [PMMFocalGuidingIntegrator] GMM[
weight = 0.112303 mean = [-1.70521 1.45928 5.57123] covariance = [[0.974873 0.386849 0.299069][0.386849 1.14216 0.30591][0.299069 0.30591 2.1767]]
weight = 0.164479 mean = [1.37232 1.31536 6.57251] covariance = [[1.25175 -0.0032002 -0.290017][-0.0032002 1.64358 0.254094][-0.290017 0.254094 1.06104]]
weight = 0.723217 mean = [0.49991 1.46224 3.21874] covariance = [[1.93715 -0.0172662 -0.150537][-0.0172662 0.988522 0.0374006][-0.150537 0.0374006 2.21389]]
]
2025-03-16 11:56:53 INFO  ren0 [PMMFocalGuidingIntegrator] Octree[
AABB: AABB3[min=[-2.59024, -0.170842, 0.361397], max=[3.15696, 3.22949, 8.19165]]
Nodes count: 293
]
2025-03-16 11:56:53 INFO  ren0 [PMMFocalGuidingIntegrator] Octree[
AABB: AABB3[min=[-2.59024, -0.170842, 0.361397], max=[3.15696, 3.22949, 8.19165]]
Nodes count: 261
]
2025-03-16 11:56:53 INFO  ren0 [PMMFocalGuidingIntegrator] Rendering 1 iteration
2025-03-16 11:56:53 INFO  ren0 [SamplingIntegrator] Starting render job (1280x720, 4 samples, 8 cores, SSE2 enabled) ..
2025-03-16 11:58:35 INFO  ren0 [PMMFocalGuidingIntegrator] iteration render time: 1.7041m
2025-03-16 11:58:35 INFO  ren0 [PMMFocalGuidingIntegrator] Got 272131 non-zero samples and 0 zero samples
2025-03-16 11:58:59 INFO  ren0 [gaussian_mixture_model.h:126] Components accumulated weight is: 1.000000
2025-03-16 11:58:59 INFO  ren0 [gaussian_mixture_model.h:173] exp(-dist) between 2 and 4 is 0.250921
2025-03-16 11:58:59 INFO  ren0 [gaussian_mixture_model.h:173] exp(-dist) between 2 and 5 is 0.412033
2025-03-16 11:58:59 INFO  ren0 [gaussian_mixture_model.h:173] exp(-dist) between 4 and 5 is 0.325905
2025-03-16 11:58:59 INFO  ren0 [gaussian_mixture_model.h:180] components before the merge: 3
2025-03-16 11:58:59 INFO  ren0 [gaussian_mixture_model.h:183] Merging 5 and 2, because their BC is 0.412033
2025-03-16 11:58:59 INFO  ren0 [gaussian_mixture_model.h:183] Merging 5 and 2, because their BC is 0.412033
2025-03-16 11:58:59 INFO  ren0 [gaussian_mixture_model.h:183] Merging 5 and 2, because their BC is 0.412033
2025-03-16 11:58:59 INFO  ren0 [gaussian_mixture_model.h:183] Merging 5 and 2, because their BC is 0.412033
2025-03-16 11:58:59 INFO  ren0 [gaussian_mixture_model.h:183] Merging 5 and 2, because their BC is 0.412033
2025-03-16 11:58:59 INFO  ren0 [gaussian_mixture_model.h:183] Merging 5 and 2, because their BC is 0.412033
2025-03-16 11:58:59 INFO  ren0 [gaussian_mixture_model.h:183] Merging 5 and 2, because their BC is 0.412033
2025-03-16 11:58:59 INFO  ren0 [gaussian_mixture_model.h:183] Merging 5 and 2, because their BC is 0.412033
2025-03-16 11:58:59 INFO  ren0 [gaussian_mixture_model.h:183] Merging 5 and 2, because their BC is 0.412033
2025-03-16 11:58:59 INFO  ren0 [gaussian_mixture_model.h:183] Merging 5 and 2, because their BC is 0.412033
2025-03-16 11:58:59 INFO  ren0 [gaussian_mixture_model.h:200] components after the merge: 3, merged 10 component
2025-03-16 11:58:59 INFO  ren0 [gaussian_mixture_model.h:237] Ratio is 4.026063
2025-03-16 11:58:59 INFO  ren0 [gaussian_mixture_model.h:237] Ratio is 1.845956
2025-03-16 11:58:59 INFO  ren0 [gaussian_mixture_model.h:237] Ratio is 2.426945
2025-03-16 11:58:59 INFO  ren0 [gaussian_mixture_model.h:237] Ratio is 2.013032
2025-03-16 11:58:59 INFO  ren0 [gaussian_mixture_model.h:237] Ratio is 2.013032
2025-03-16 11:58:59 INFO  ren0 [gaussian_mixture_model.h:218] components after the split: 4, split 1 components
2025-03-16 11:58:59 INFO  ren0 [octree.h:482] root weight: 3.156e+05 (315594.375000)
2025-03-16 11:58:59 INFO  ren0 [octree.h:483] splitting threshold: 3.156e+02 (315.594391)
2025-03-16 11:58:59 INFO  ren0 [octree.h:482] root weight: 4.097e+05 (409736.156250)
2025-03-16 11:58:59 INFO  ren0 [octree.h:483] splitting threshold: 4.097e+02 (409.736176)
2025-03-16 11:58:59 INFO  ren0 [octree.h:498] node count: 293 -> 293 -> 270

2025-03-16 11:58:59 INFO  ren0 [octree.h:498] node count: 261 -> 279 -> 265

2025-03-16 11:58:59 INFO  ren0 [PMMFocalGuidingIntegrator] diverge probability: 0.565

2025-03-16 11:58:59 INFO  ren0 [PMMFocalGuidingIntegrator] iteration postprocessing time: 23.2977s
2025-03-16 11:58:59 INFO  ren0 [PMMFocalGuidingIntegrator] GMM[
weight = 0.0550045 mean = [-1.63905 1.34548 4.9467] covariance = [[0.606958 0.140427 0.0353996][0.140427 0.902949 0.0276465][0.0353996 0.0276465 1.09608]]
weight = 0.0550045 mean = [-1.44514 1.67357 6.38512] covariance = [[0.606958 0.140427 0.0353996][0.140427 0.902949 0.0276465][0.0353996 0.0276465 1.09608]]
weight = 0.151269 mean = [1.39699 1.37557 6.55357] covariance = [[1.2159 0.00506633 -0.254459][0.00506633 1.08777 0.171402][-0.254459 0.171402 1.00456]]
weight = 0.738722 mean = [0.486433 1.42742 3.24603] covariance = [[1.88062 -0.0477665 -0.0736151][-0.0477665 0.826557 -0.0050838][-0.0736151 -0.0050838 1.95494]]
]
2025-03-16 11:58:59 INFO  ren0 [PMMFocalGuidingIntegrator] Octree[
AABB: AABB3[min=[-2.59024, -0.170842, 0.361397], max=[3.15696, 3.22949, 8.19165]]
Nodes count: 270
]
2025-03-16 11:58:59 INFO  ren0 [PMMFocalGuidingIntegrator] Octree[
AABB: AABB3[min=[-2.59024, -0.170842, 0.361397], max=[3.15696, 3.22949, 8.19165]]
Nodes count: 265
]
2025-03-16 11:58:59 INFO  ren0 [PMMFocalGuidingIntegrator] Rendering 2 iteration
2025-03-16 11:58:59 INFO  ren0 [SamplingIntegrator] Starting render job (1280x720, 4 samples, 8 cores, SSE2 enabled) ..
2025-03-16 12:00:40 INFO  ren0 [PMMFocalGuidingIntegrator] iteration render time: 1.6874m
2025-03-16 12:00:40 INFO  ren0 [PMMFocalGuidingIntegrator] Got 302490 non-zero samples and 0 zero samples
2025-03-16 12:01:14 INFO  ren0 [gaussian_mixture_model.h:126] Components accumulated weight is: 1.000000
2025-03-16 12:01:14 INFO  ren0 [gaussian_mixture_model.h:173] exp(-dist) between 0 and 2 is 0.750434
2025-03-16 12:01:14 INFO  ren0 [gaussian_mixture_model.h:173] exp(-dist) between 0 and 4 is 0.147264
2025-03-16 12:01:14 INFO  ren0 [gaussian_mixture_model.h:173] exp(-dist) between 0 and 5 is 0.432672
2025-03-16 12:01:14 INFO  ren0 [gaussian_mixture_model.h:173] exp(-dist) between 2 and 4 is 0.269151
2025-03-16 12:01:14 INFO  ren0 [gaussian_mixture_model.h:173] exp(-dist) between 2 and 5 is 0.236761
2025-03-16 12:01:14 INFO  ren0 [gaussian_mixture_model.h:173] exp(-dist) between 4 and 5 is 0.310644
2025-03-16 12:01:14 INFO  ren0 [gaussian_mixture_model.h:180] components before the merge: 4
2025-03-16 12:01:14 INFO  ren0 [gaussian_mixture_model.h:183] Merging 2 and 0, because their BC is 0.750434
2025-03-16 12:01:14 INFO  ren0 [gaussian_mixture_model.h:183] Merging 5 and 2, because their BC is 0.367933
2025-03-16 12:01:14 INFO  ren0 [gaussian_mixture_model.h:183] Merging 5 and 2, because their BC is 0.367933
2025-03-16 12:01:14 INFO  ren0 [gaussian_mixture_model.h:183] Merging 5 and 2, because their BC is 0.367933
2025-03-16 12:01:14 INFO  ren0 [gaussian_mixture_model.h:183] Merging 5 and 2, because their BC is 0.367933
2025-03-16 12:01:14 INFO  ren0 [gaussian_mixture_model.h:183] Merging 5 and 2, because their BC is 0.367933
2025-03-16 12:01:14 INFO  ren0 [gaussian_mixture_model.h:183] Merging 5 and 2, because their BC is 0.367933
2025-03-16 12:01:14 INFO  ren0 [gaussian_mixture_model.h:183] Merging 5 and 2, because their BC is 0.367933
2025-03-16 12:01:14 INFO  ren0 [gaussian_mixture_model.h:183] Merging 5 and 2, because their BC is 0.367933
2025-03-16 12:01:14 INFO  ren0 [gaussian_mixture_model.h:183] Merging 5 and 2, because their BC is 0.367933
2025-03-16 12:01:14 INFO  ren0 [gaussian_mixture_model.h:200] components after the merge: 3, merged 10 component
2025-03-16 12:01:14 INFO  ren0 [gaussian_mixture_model.h:237] Ratio is 3.765707
2025-03-16 12:01:14 INFO  ren0 [gaussian_mixture_model.h:237] Ratio is 1.795260
2025-03-16 12:01:14 INFO  ren0 [gaussian_mixture_model.h:237] Ratio is 2.366855
2025-03-16 12:01:14 INFO  ren0 [gaussian_mixture_model.h:218] components after the split: 3, split 0 components
2025-03-16 12:01:14 INFO  ren0 [octree.h:482] root weight: 2.038e+05 (203786.234375)
2025-03-16 12:01:14 INFO  ren0 [octree.h:483] splitting threshold: 2.038e+02 (203.786240)
2025-03-16 12:01:14 INFO  ren0 [octree.h:482] root weight: 3.018e+05 (301753.000000)
2025-03-16 12:01:14 INFO  ren0 [octree.h:483] splitting threshold: 3.018e+02 (301.753021)
2025-03-16 12:01:14 INFO  ren0 [octree.h:498] node count: 270 -> 272 -> 233

2025-03-16 12:01:14 INFO  ren0 [octree.h:498] node count: 265 -> 300 -> 287

2025-03-16 12:01:14 INFO  ren0 [PMMFocalGuidingIntegrator] diverge probability: 0.597

2025-03-16 12:01:14 INFO  ren0 [PMMFocalGuidingIntegrator] iteration postprocessing time: 34.1704s
2025-03-16 12:01:14 INFO  ren0 [PMMFocalGuidingIntegrator] GMM[
weight = 0.109547 mean = [-1.50794 1.49855 5.72996] covariance = [[0.498299 0.0980741 0.0813289][0.0980741 0.932336 0.200425][0.0813289 0.200425 1.73721]]
weight = 0.14497 mean = [1.4096 1.39893 6.54837] covariance = [[1.16359 -0.00339046 -0.238247][-0.00339046 0.99188 0.150664][-0.238247 0.150664 0.983941]]
weight = 0.745482 mean = [0.498756 1.41155 3.23417] covariance = [[1.82763 -0.0571709 -0.0310516][-0.0571709 0.784892 -0.0222078][-0.0310516 -0.0222078 1.79984]]
]
2025-03-16 12:01:14 INFO  ren0 [PMMFocalGuidingIntegrator] Octree[
AABB: AABB3[min=[-2.59024, -0.170842, 0.361397], max=[3.15696, 3.22949, 8.19165]]
Nodes count: 233
]
2025-03-16 12:01:14 INFO  ren0 [PMMFocalGuidingIntegrator] Octree[
AABB: AABB3[min=[-2.59024, -0.170842, 0.361397], max=[3.15696, 3.22949, 8.19165]]
Nodes count: 287
]
2025-03-16 12:01:14 INFO  ren0 [PMMFocalGuidingIntegrator] Rendering 3 iteration
2025-03-16 12:01:14 INFO  ren0 [SamplingIntegrator] Starting render job (1280x720, 4 samples, 8 cores, SSE2 enabled) ..
2025-03-16 12:02:50 INFO  ren0 [PMMFocalGuidingIntegrator] iteration render time: 1.6046m
2025-03-16 12:02:50 INFO  ren0 [PMMFocalGuidingIntegrator] Got 333689 non-zero samples and 0 zero samples
2025-03-16 12:03:19 INFO  ren0 [gaussian_mixture_model.h:126] Components accumulated weight is: 1.000000
2025-03-16 12:03:19 INFO  ren0 [gaussian_mixture_model.h:173] exp(-dist) between 2 and 4 is 0.207201
2025-03-16 12:03:19 INFO  ren0 [gaussian_mixture_model.h:173] exp(-dist) between 2 and 5 is 0.346795
2025-03-16 12:03:19 INFO  ren0 [gaussian_mixture_model.h:173] exp(-dist) between 4 and 5 is 0.299722
2025-03-16 12:03:19 INFO  ren0 [gaussian_mixture_model.h:180] components before the merge: 3
2025-03-16 12:03:19 INFO  ren0 [gaussian_mixture_model.h:183] Merging 5 and 2, because their BC is 0.346795
2025-03-16 12:03:19 INFO  ren0 [gaussian_mixture_model.h:183] Merging 5 and 2, because their BC is 0.346795
2025-03-16 12:03:19 INFO  ren0 [gaussian_mixture_model.h:183] Merging 5 and 2, because their BC is 0.346795
2025-03-16 12:03:19 INFO  ren0 [gaussian_mixture_model.h:183] Merging 5 and 2, because their BC is 0.346795
2025-03-16 12:03:19 INFO  ren0 [gaussian_mixture_model.h:183] Merging 5 and 2, because their BC is 0.346795
2025-03-16 12:03:19 INFO  ren0 [gaussian_mixture_model.h:183] Merging 5 and 2, because their BC is 0.346795
2025-03-16 12:03:19 INFO  ren0 [gaussian_mixture_model.h:183] Merging 5 and 2, because their BC is 0.346795
2025-03-16 12:03:19 INFO  ren0 [gaussian_mixture_model.h:183] Merging 5 and 2, because their BC is 0.346795
2025-03-16 12:03:19 INFO  ren0 [gaussian_mixture_model.h:183] Merging 5 and 2, because their BC is 0.346795
2025-03-16 12:03:19 INFO  ren0 [gaussian_mixture_model.h:183] Merging 5 and 2, because their BC is 0.346795
2025-03-16 12:03:19 INFO  ren0 [gaussian_mixture_model.h:200] components after the merge: 3, merged 10 component
2025-03-16 12:03:19 INFO  ren0 [gaussian_mixture_model.h:237] Ratio is 4.255338
2025-03-16 12:03:19 INFO  ren0 [gaussian_mixture_model.h:237] Ratio is 1.740138
2025-03-16 12:03:19 INFO  ren0 [gaussian_mixture_model.h:237] Ratio is 2.343896
2025-03-16 12:03:19 INFO  ren0 [gaussian_mixture_model.h:237] Ratio is 2.127669
2025-03-16 12:03:19 INFO  ren0 [gaussian_mixture_model.h:237] Ratio is 2.127669
2025-03-16 12:03:19 INFO  ren0 [gaussian_mixture_model.h:218] components after the split: 4, split 1 components
2025-03-16 12:03:19 INFO  ren0 [octree.h:482] root weight: 1.464e+05 (146398.812500)
2025-03-16 12:03:19 INFO  ren0 [octree.h:483] splitting threshold: 1.464e+02 (146.398819)
2025-03-16 12:03:19 INFO  ren0 [octree.h:482] root weight: 2.645e+05 (264535.687500)
2025-03-16 12:03:19 INFO  ren0 [octree.h:483] splitting threshold: 2.645e+02 (264.535706)
2025-03-16 12:03:19 INFO  ren0 [octree.h:498] node count: 233 -> 233 -> 189

2025-03-16 12:03:19 INFO  ren0 [octree.h:498] node count: 287 -> 322 -> 310

2025-03-16 12:03:19 INFO  ren0 [PMMFocalGuidingIntegrator] diverge probability: 0.644

2025-03-16 12:03:19 INFO  ren0 [PMMFocalGuidingIntegrator] iteration postprocessing time: 28.4662s
2025-03-16 12:03:19 INFO  ren0 [PMMFocalGuidingIntegrator] GMM[
weight = 0.0540872 mean = [-1.45997 1.64549 6.39438] covariance = [[0.441476 0.0563242 0.0169348][0.0563242 0.881175 0.00714384][0.0169348 0.00714384 0.920148]]
weight = 0.0540872 mean = [-1.54578 1.30647 5.0814] covariance = [[0.441476 0.0563242 0.0169348][0.0563242 0.881175 0.00714384][0.0169348 0.00714384 0.920148]]
weight = 0.139785 mean = [1.42047 1.40832 6.53729] covariance = [[1.11844 -0.0111217 -0.224337][-0.0111217 0.965822 0.140284][-0.224337 0.140284 0.971398]]
weight = 0.752041 mean = [0.51541 1.4033 3.22996] covariance = [[1.76517 -0.0650923 -0.0108083][-0.0650923 0.760711 -0.0334879][-0.0108083 -0.0334879 1.68349]]
]
2025-03-16 12:03:19 INFO  ren0 [PMMFocalGuidingIntegrator] Octree[
AABB: AABB3[min=[-2.59024, -0.170842, 0.361397], max=[3.15696, 3.22949, 8.19165]]
Nodes count: 189
]
2025-03-16 12:03:19 INFO  ren0 [PMMFocalGuidingIntegrator] Octree[
AABB: AABB3[min=[-2.59024, -0.170842, 0.361397], max=[3.15696, 3.22949, 8.19165]]
Nodes count: 310
]
2025-03-16 12:03:19 INFO  ren0 [PMMFocalGuidingIntegrator] Rendering 4 iteration
2025-03-16 12:03:19 INFO  ren0 [SamplingIntegrator] Starting render job (1280x720, 4 samples, 8 cores, SSE2 enabled) ..
2025-03-16 12:04:55 INFO  ren0 [PMMFocalGuidingIntegrator] iteration render time: 1.6064m
2025-03-16 12:04:55 INFO  ren0 [PMMFocalGuidingIntegrator] Got 360048 non-zero samples and 0 zero samples
2025-03-16 12:05:36 INFO  ren0 [gaussian_mixture_model.h:126] Components accumulated weight is: 1.000000
2025-03-16 12:05:36 INFO  ren0 [gaussian_mixture_model.h:173] exp(-dist) between 0 and 2 is 0.747052
2025-03-16 12:05:36 INFO  ren0 [gaussian_mixture_model.h:173] exp(-dist) between 0 and 4 is 0.230195
2025-03-16 12:05:36 INFO  ren0 [gaussian_mixture_model.h:173] exp(-dist) between 0 and 5 is 0.193347
2025-03-16 12:05:36 INFO  ren0 [gaussian_mixture_model.h:173] exp(-dist) between 2 and 4 is 0.133003
2025-03-16 12:05:36 INFO  ren0 [gaussian_mixture_model.h:173] exp(-dist) between 2 and 5 is 0.374728
2025-03-16 12:05:36 INFO  ren0 [gaussian_mixture_model.h:173] exp(-dist) between 4 and 5 is 0.290931
2025-03-16 12:05:36 INFO  ren0 [gaussian_mixture_model.h:180] components before the merge: 4
2025-03-16 12:05:36 INFO  ren0 [gaussian_mixture_model.h:183] Merging 2 and 0, because their BC is 0.747052
2025-03-16 12:05:36 INFO  ren0 [gaussian_mixture_model.h:183] Merging 5 and 2, because their BC is 0.316509
2025-03-16 12:05:36 INFO  ren0 [gaussian_mixture_model.h:183] Merging 5 and 2, because their BC is 0.316509
2025-03-16 12:05:36 INFO  ren0 [gaussian_mixture_model.h:183] Merging 5 and 2, because their BC is 0.316509
2025-03-16 12:05:36 INFO  ren0 [gaussian_mixture_model.h:183] Merging 5 and 2, because their BC is 0.316509
2025-03-16 12:05:36 INFO  ren0 [gaussian_mixture_model.h:183] Merging 5 and 2, because their BC is 0.316509
2025-03-16 12:05:36 INFO  ren0 [gaussian_mixture_model.h:183] Merging 5 and 2, because their BC is 0.316509
2025-03-16 12:05:36 INFO  ren0 [gaussian_mixture_model.h:183] Merging 5 and 2, because their BC is 0.316509
2025-03-16 12:05:36 INFO  ren0 [gaussian_mixture_model.h:183] Merging 5 and 2, because their BC is 0.316509
2025-03-16 12:05:36 INFO  ren0 [gaussian_mixture_model.h:183] Merging 5 and 2, because their BC is 0.316509
2025-03-16 12:05:36 INFO  ren0 [gaussian_mixture_model.h:200] components after the merge: 3, merged 10 component
2025-03-16 12:05:36 INFO  ren0 [gaussian_mixture_model.h:237] Ratio is 3.790947
2025-03-16 12:05:36 INFO  ren0 [gaussian_mixture_model.h:237] Ratio is 1.714584
2025-03-16 12:05:36 INFO  ren0 [gaussian_mixture_model.h:237] Ratio is 2.333866
2025-03-16 12:05:36 INFO  ren0 [gaussian_mixture_model.h:218] components after the split: 3, split 0 components
2025-03-16 12:05:36 INFO  ren0 [octree.h:482] root weight: 1.044e+05 (104400.687500)
2025-03-16 12:05:36 INFO  ren0 [octree.h:483] splitting threshold: 1.044e+02 (104.400696)
2025-03-16 12:05:36 INFO  ren0 [octree.h:482] root weight: 2.248e+05 (224838.828125)
2025-03-16 12:05:36 INFO  ren0 [octree.h:483] splitting threshold: 2.248e+02 (224.838837)
2025-03-16 12:05:36 INFO  ren0 [octree.h:498] node count: 189 -> 192 -> 167

2025-03-16 12:05:36 INFO  ren0 [octree.h:498] node count: 310 -> 341 -> 333

2025-03-16 12:05:36 INFO  ren0 [PMMFocalGuidingIntegrator] diverge probability: 0.683

2025-03-16 12:05:36 INFO  ren0 [PMMFocalGuidingIntegrator] iteration postprocessing time: 40.4672s
2025-03-16 12:05:36 INFO  ren0 [PMMFocalGuidingIntegrator] GMM[
weight = 0.105953 mean = [-1.50236 1.45637 5.7638] covariance = [[0.416866 0.0509783 0.0489144][0.0509783 0.934097 0.182101][0.0489144 0.182101 1.50116]]
weight = 0.135851 mean = [1.42545 1.41605 6.52856] covariance = [[1.08924 -0.021838 -0.219086][-0.021838 0.960554 0.136867][-0.219086 0.136867 0.964846]]
weight = 0.758196 mean = [0.524493 1.39829 3.22889] covariance = [[1.71182 -0.0681149 0.00509562][-0.0681149 0.742451 -0.0413757][0.00509562 -0.0413757 1.59336]]
]
2025-03-16 12:05:36 INFO  ren0 [PMMFocalGuidingIntegrator] Octree[
AABB: AABB3[min=[-2.59024, -0.170842, 0.361397], max=[3.15696, 3.22949, 8.19165]]
Nodes count: 167
]
2025-03-16 12:05:36 INFO  ren0 [PMMFocalGuidingIntegrator] Octree[
AABB: AABB3[min=[-2.59024, -0.170842, 0.361397], max=[3.15696, 3.22949, 8.19165]]
Nodes count: 333
]
2025-03-16 12:05:36 INFO  ren0 [PMMFocalGuidingIntegrator] Rendering 5 iteration
2025-03-16 12:05:36 INFO  ren0 [SamplingIntegrator] Starting render job (1280x720, 4 samples, 8 cores, SSE2 enabled) ..
2025-03-16 12:07:03 INFO  ren0 [PMMFocalGuidingIntegrator] iteration render time: 1.4590m
2025-03-16 12:07:03 INFO  ren0 [PMMFocalGuidingIntegrator] Got 388368 non-zero samples and 0 zero samples
2025-03-16 12:07:36 INFO  ren0 [gaussian_mixture_model.h:126] Components accumulated weight is: 1.000000
2025-03-16 12:07:36 INFO  ren0 [gaussian_mixture_model.h:173] exp(-dist) between 2 and 4 is 0.188121
2025-03-16 12:07:36 INFO  ren0 [gaussian_mixture_model.h:173] exp(-dist) between 2 and 5 is 0.308255
2025-03-16 12:07:36 INFO  ren0 [gaussian_mixture_model.h:173] exp(-dist) between 4 and 5 is 0.284298
2025-03-16 12:07:36 INFO  ren0 [gaussian_mixture_model.h:180] components before the merge: 3
2025-03-16 12:07:36 INFO  ren0 [gaussian_mixture_model.h:183] Merging 5 and 2, because their BC is 0.308255
2025-03-16 12:07:36 INFO  ren0 [gaussian_mixture_model.h:183] Merging 5 and 2, because their BC is 0.308255
2025-03-16 12:07:36 INFO  ren0 [gaussian_mixture_model.h:183] Merging 5 and 2, because their BC is 0.308255
2025-03-16 12:07:36 INFO  ren0 [gaussian_mixture_model.h:183] Merging 5 and 2, because their BC is 0.308255
2025-03-16 12:07:36 INFO  ren0 [gaussian_mixture_model.h:183] Merging 5 and 2, because their BC is 0.308255
2025-03-16 12:07:36 INFO  ren0 [gaussian_mixture_model.h:183] Merging 5 and 2, because their BC is 0.308255
2025-03-16 12:07:36 INFO  ren0 [gaussian_mixture_model.h:183] Merging 5 and 2, because their BC is 0.308255
2025-03-16 12:07:36 INFO  ren0 [gaussian_mixture_model.h:183] Merging 5 and 2, because their BC is 0.308255
2025-03-16 12:07:36 INFO  ren0 [gaussian_mixture_model.h:183] Merging 5 and 2, because their BC is 0.308255
2025-03-16 12:07:36 INFO  ren0 [gaussian_mixture_model.h:183] Merging 5 and 2, because their BC is 0.308255
2025-03-16 12:07:36 INFO  ren0 [gaussian_mixture_model.h:200] components after the merge: 3, merged 10 component
2025-03-16 12:07:36 INFO  ren0 [gaussian_mixture_model.h:237] Ratio is 4.196388
2025-03-16 12:07:36 INFO  ren0 [gaussian_mixture_model.h:237] Ratio is 1.685763
2025-03-16 12:07:36 INFO  ren0 [gaussian_mixture_model.h:237] Ratio is 2.319174
2025-03-16 12:07:36 INFO  ren0 [gaussian_mixture_model.h:237] Ratio is 2.215908
2025-03-16 12:07:36 INFO  ren0 [gaussian_mixture_model.h:237] Ratio is 2.215908
2025-03-16 12:07:36 INFO  ren0 [gaussian_mixture_model.h:218] components after the split: 4, split 1 components
2025-03-16 12:07:36 INFO  ren0 [octree.h:482] root weight: 8.579e+04 (85792.453125)
2025-03-16 12:07:36 INFO  ren0 [octree.h:483] splitting threshold: 8.579e+01 (85.792458)
2025-03-16 12:07:36 INFO  ren0 [octree.h:482] root weight: 2.205e+05 (220500.593750)
2025-03-16 12:07:36 INFO  ren0 [octree.h:483] splitting threshold: 2.205e+02 (220.500610)
2025-03-16 12:07:36 INFO  ren0 [octree.h:498] node count: 167 -> 167 -> 150

2025-03-16 12:07:36 INFO  ren0 [octree.h:498] node count: 333 -> 364 -> 354

2025-03-16 12:07:36 INFO  ren0 [PMMFocalGuidingIntegrator] diverge probability: 0.720

2025-03-16 12:07:36 INFO  ren0 [PMMFocalGuidingIntegrator] iteration postprocessing time: 33.0262s
2025-03-16 12:07:36 INFO  ren0 [PMMFocalGuidingIntegrator] GMM[
weight = 0.051923 mean = [-1.47166 1.62697 6.3738] covariance = [[0.398267 0.0302258 0.0138219][0.0302258 0.87099 -0.0143297][0.0138219 -0.0143297 0.834324]]
weight = 0.051923 mean = [-1.5379 1.24118 5.14583] covariance = [[0.398267 0.0302258 0.0138219][0.0302258 0.87099 -0.0143297][0.0138219 -0.0143297 0.834324]]
weight = 0.131953 mean = [1.43066 1.41868 6.51858] covariance = [[1.06616 -0.0285853 -0.211328][-0.0285853 0.959967 0.134536][-0.211328 0.134536 0.96016]]
weight = 0.764201 mean = [0.531832 1.39665 3.23143] covariance = [[1.66012 -0.0727606 0.00997823][-0.0727606 0.727122 -0.047196][0.00997823 -0.047196 1.52021]]
]
2025-03-16 12:07:36 INFO  ren0 [PMMFocalGuidingIntegrator] Octree[
AABB: AABB3[min=[-2.59024, -0.170842, 0.361397], max=[3.15696, 3.22949, 8.19165]]
Nodes count: 150
]
2025-03-16 12:07:36 INFO  ren0 [PMMFocalGuidingIntegrator] Octree[
AABB: AABB3[min=[-2.59024, -0.170842, 0.361397], max=[3.15696, 3.22949, 8.19165]]
Nodes count: 354
]
2025-03-16 12:07:36 INFO  ren0 [PMMFocalGuidingIntegrator] Rendering 6 iteration
2025-03-16 12:07:36 INFO  ren0 [SamplingIntegrator] Starting render job (1280x720, 4 samples, 8 cores, SSE2 enabled) ..
2025-03-16 12:09:01 INFO  ren0 [PMMFocalGuidingIntegrator] iteration render time: 1.4135m
2025-03-16 12:09:01 INFO  ren0 [PMMFocalGuidingIntegrator] Got 417884 non-zero samples and 0 zero samples
2025-03-16 12:09:48 INFO  ren0 [gaussian_mixture_model.h:126] Components accumulated weight is: 1.000000
2025-03-16 12:09:48 INFO  ren0 [gaussian_mixture_model.h:173] exp(-dist) between 0 and 2 is 0.747172
2025-03-16 12:09:48 INFO  ren0 [gaussian_mixture_model.h:173] exp(-dist) between 0 and 4 is 0.212600
2025-03-16 12:09:48 INFO  ren0 [gaussian_mixture_model.h:173] exp(-dist) between 0 and 5 is 0.173263
2025-03-16 12:09:48 INFO  ren0 [gaussian_mixture_model.h:173] exp(-dist) between 2 and 4 is 0.125122
2025-03-16 12:09:48 INFO  ren0 [gaussian_mixture_model.h:173] exp(-dist) between 2 and 5 is 0.340559
2025-03-16 12:09:48 INFO  ren0 [gaussian_mixture_model.h:173] exp(-dist) between 4 and 5 is 0.278082
2025-03-16 12:09:48 INFO  ren0 [gaussian_mixture_model.h:180] components before the merge: 4
2025-03-16 12:09:48 INFO  ren0 [gaussian_mixture_model.h:183] Merging 2 and 0, because their BC is 0.747172
2025-03-16 12:09:48 INFO  ren0 [gaussian_mixture_model.h:200] components after the merge: 3, merged 1 component
2025-03-16 12:09:48 INFO  ren0 [gaussian_mixture_model.h:237] Ratio is 3.708606
2025-03-16 12:09:48 INFO  ren0 [gaussian_mixture_model.h:237] Ratio is 1.676992
2025-03-16 12:09:48 INFO  ren0 [gaussian_mixture_model.h:237] Ratio is 2.302862
2025-03-16 12:09:48 INFO  ren0 [gaussian_mixture_model.h:218] components after the split: 3, split 0 components
2025-03-16 12:09:48 INFO  ren0 [octree.h:482] root weight: 7.294e+04 (72941.414062)
2025-03-16 12:09:48 INFO  ren0 [octree.h:483] splitting threshold: 7.294e+01 (72.941414)
2025-03-16 12:09:48 INFO  ren0 [octree.h:482] root weight: 2.275e+05 (227457.671875)
2025-03-16 12:09:48 INFO  ren0 [octree.h:483] splitting threshold: 2.275e+02 (227.457687)
2025-03-16 12:09:48 INFO  ren0 [octree.h:498] node count: 150 -> 150 -> 134

2025-03-16 12:09:48 INFO  ren0 [octree.h:498] node count: 354 -> 386 -> 374

2025-03-16 12:09:48 INFO  ren0 [PMMFocalGuidingIntegrator] diverge probability: 0.757

2025-03-16 12:09:48 INFO  ren0 [PMMFocalGuidingIntegrator] iteration postprocessing time: 47.4297s
2025-03-16 12:09:48 INFO  ren0 [PMMFocalGuidingIntegrator] GMM[
weight = 0.100785 mean = [-1.5063 1.41629 5.76889] covariance = [[0.38961 0.0331057 0.0425953][0.0331057 0.935631 0.174197][0.0425953 0.174197 1.36961]]
weight = 0.128116 mean = [1.43325 1.4201 6.50974] covariance = [[1.05105 -0.0377666 -0.208971][-0.0377666 0.962496 0.135498][-0.208971 0.135498 0.959389]]
weight = 0.771099 mean = [0.535375 1.39634 3.23555] covariance = [[1.61145 -0.0748137 0.0122883][-0.0748137 0.712879 -0.0525337][0.0122883 -0.0525337 1.45313]]
]
2025-03-16 12:09:48 INFO  ren0 [PMMFocalGuidingIntegrator] Octree[
AABB: AABB3[min=[-2.59024, -0.170842, 0.361397], max=[3.15696, 3.22949, 8.19165]]
Nodes count: 134
]
2025-03-16 12:09:48 INFO  ren0 [PMMFocalGuidingIntegrator] Octree[
AABB: AABB3[min=[-2.59024, -0.170842, 0.361397], max=[3.15696, 3.22949, 8.19165]]
Nodes count: 374
]
2025-03-16 12:09:48 INFO  ren0 [PMMFocalGuidingIntegrator] Rendering 7 iteration
2025-03-16 12:09:48 INFO  ren0 [SamplingIntegrator] Starting render job (1280x720, 4 samples, 8 cores, SSE2 enabled) ..
2025-03-16 12:11:13 INFO  ren0 [PMMFocalGuidingIntegrator] iteration render time: 1.4026m
2025-03-16 12:11:13 INFO  ren0 [PMMFocalGuidingIntegrator] Got 447918 non-zero samples and 0 zero samples
2025-03-16 12:11:51 INFO  ren0 [gaussian_mixture_model.h:126] Components accumulated weight is: 1.000000
2025-03-16 12:11:51 INFO  ren0 [gaussian_mixture_model.h:173] exp(-dist) between 2 and 4 is 0.177519
2025-03-16 12:11:51 INFO  ren0 [gaussian_mixture_model.h:173] exp(-dist) between 2 and 5 is 0.284671
2025-03-16 12:11:51 INFO  ren0 [gaussian_mixture_model.h:173] exp(-dist) between 4 and 5 is 0.273257
2025-03-16 12:11:51 INFO  ren0 [gaussian_mixture_model.h:180] components before the merge: 3
2025-03-16 12:11:51 INFO  ren0 [gaussian_mixture_model.h:183] Merging 5 and 2, because their BC is 0.284671
2025-03-16 12:11:51 INFO  ren0 [gaussian_mixture_model.h:200] components after the merge: 3, merged 1 component
2025-03-16 12:11:51 INFO  ren0 [gaussian_mixture_model.h:237] Ratio is 4.107423
2025-03-16 12:11:51 INFO  ren0 [gaussian_mixture_model.h:237] Ratio is 1.663313
2025-03-16 12:11:51 INFO  ren0 [gaussian_mixture_model.h:237] Ratio is 2.280887
2025-03-16 12:11:51 INFO  ren0 [gaussian_mixture_model.h:237] Ratio is 2.288366
2025-03-16 12:11:51 INFO  ren0 [gaussian_mixture_model.h:237] Ratio is 2.288366
2025-03-16 12:11:51 INFO  ren0 [gaussian_mixture_model.h:218] components after the split: 4, split 1 components
2025-03-16 12:11:51 INFO  ren0 [octree.h:482] root weight: 6.419e+04 (64188.859375)
2025-03-16 12:11:51 INFO  ren0 [octree.h:483] splitting threshold: 6.419e+01 (64.188866)
2025-03-16 12:11:51 INFO  ren0 [octree.h:482] root weight: 2.325e+05 (232510.671875)
2025-03-16 12:11:51 INFO  ren0 [octree.h:483] splitting threshold: 2.325e+02 (232.510681)
2025-03-16 12:11:51 INFO  ren0 [octree.h:498] node count: 134 -> 137 -> 123

2025-03-16 12:11:51 INFO  ren0 [octree.h:498] node count: 374 -> 400 -> 388

2025-03-16 12:11:51 INFO  ren0 [PMMFocalGuidingIntegrator] diverge probability: 0.784

2025-03-16 12:11:51 INFO  ren0 [PMMFocalGuidingIntegrator] iteration postprocessing time: 38.0964s
2025-03-16 12:11:51 INFO  ren0 [PMMFocalGuidingIntegrator] GMM[
weight = 0.049183 mean = [-1.4783 1.61115 6.34118] covariance = [[0.379976 0.0177983 0.0143965][0.0177983 0.855165 -0.0296385][0.0143965 -0.0296385 0.788016]]
weight = 0.049183 mean = [-1.53995 1.17798 5.17322] covariance = [[0.379976 0.0177983 0.0143965][0.0177983 0.855165 -0.0296385][0.0143965 -0.0296385 0.788016]]
weight = 0.124337 mean = [1.43743 1.4169 6.49884] covariance = [[1.03651 -0.0439202 -0.203897][-0.0439202 0.965223 0.136465][-0.203897 0.136465 0.957811]]
weight = 0.777297 mean = [0.538215 1.398 3.24198] covariance = [[1.56143 -0.0775348 0.0104304][-0.0775348 0.699673 -0.0577437][0.0104304 -0.0577437 1.39529]]
]
2025-03-16 12:11:51 INFO  ren0 [PMMFocalGuidingIntegrator] Octree[
AABB: AABB3[min=[-2.59024, -0.170842, 0.361397], max=[3.15696, 3.22949, 8.19165]]
Nodes count: 123
]
2025-03-16 12:11:51 INFO  ren0 [PMMFocalGuidingIntegrator] Octree[
AABB: AABB3[min=[-2.59024, -0.170842, 0.361397], max=[3.15696, 3.22949, 8.19165]]
Nodes count: 388
]
2025-03-16 12:11:51 INFO  ren0 [PMMFocalGuidingIntegrator] Finished training phase. Starting real rendering.
2025-03-16 12:11:51 INFO  ren0 [PMMFocalGuidingIntegrator] final guiding field written to ../scenes/living-room/final_gmm.serialized
2025-03-16 12:11:51 INFO  ren0 [PMMFocalGuidingIntegrator] Starting render job (1280x720, 4 samples, 8 cores, SSE2 enabled) ..
2025-03-16 12:13:08 INFO  ren0 [PMMFocalGuidingIntegrator] rendered 4 samples per pixel in 1.2836m.
2025-03-16 12:13:08 INFO  ren0 [RenderJob] Render time: 18.6964m
2025-03-16 12:13:08 INFO  ren0 [PMMFocalGuidingIntegrator] iteration render time: 1.2837m
2025-03-16 12:13:08 INFO  ren0 [PMMFocalGuidingIntegrator] GMM[
weight = 0.049183 mean = [-1.4783 1.61115 6.34118] covariance = [[0.379976 0.0177983 0.0143965][0.0177983 0.855165 -0.0296385][0.0143965 -0.0296385 0.788016]]
weight = 0.049183 mean = [-1.53995 1.17798 5.17322] covariance = [[0.379976 0.0177983 0.0143965][0.0177983 0.855165 -0.0296385][0.0143965 -0.0296385 0.788016]]
weight = 0.124337 mean = [1.43743 1.4169 6.49884] covariance = [[1.03651 -0.0439202 -0.203897][-0.0439202 0.965223 0.136465][-0.203897 0.136465 0.957811]]
weight = 0.777297 mean = [0.538215 1.398 3.24198] covariance = [[1.56143 -0.0775348 0.0104304][-0.0775348 0.699673 -0.0577437][0.0104304 -0.0577437 1.39529]]
]
2025-03-16 12:13:08 INFO  ren0 [HDRFilm] Writing image to "/home/julia/PBRT/PMM_focal_guiding/mitsuba/dist/../../scenes/living-room/living-room.exr" ..
2025-03-16 12:13:08 INFO  main [statistics.cpp:142] Statistics:
------------------------------------------------------------
 * Loaded plugins :
    -  plugins/bitmap.so [Bitmap texture]
    -  plugins/box.so [Box filter]
    -  plugins/conductor.so [Smooth conductor]
    -  plugins/dielectric.so [Smooth dielectric BSDF]
    -  plugins/diffuse.so [Smooth diffuse BRDF]
    -  plugins/hdrfilm.so [High dynamic range film]
    -  plugins/independent.so [Independent sampler]
    -  plugins/lanczos.so [Lanczos Sinc filter]
    -  plugins/mask.so [Mask BSDF]
    -  plugins/obj.so [OBJ triangle mesh loader]
    -  plugins/perspective.so [Perspective camera]
    -  plugins/plastic.so [Smooth plastic BRDF]
    -  plugins/ply.so [PLY mesh loader]
    -  plugins/pmm_focal_guiding.so [PMM focal guiding path tracer]
    -  plugins/rectangle.so [Rectangle intersection primitive]
    -  plugins/roughconductor.so [Rough conductor BRDF]
    -  plugins/roughdielectric.so [Rough dielectric BSDF]
    -  plugins/roughplastic.so [Rough plastic BRDF]
    -  plugins/spot.so [Spot light]
    -  plugins/thindielectric.so [Thin dielectric BSDF]
    -  plugins/twosided.so [Two-sided BRDF adapter]

  * General :
    -  Normal rays traced : 9.816 M
    -  Shadow rays traced : 9.504 M

  * Path tracer :
    -  Average path length : 2.64 (9.75 M / 3.69 M)
    -  Sampled from Converging : 1.026 M
    -  Sampled from Diverging : 3.724 M
    -  Sampled from GMM : 4.750 M

  * Texture system :
    -  Filtered texture lookups : 17.53 % (166.00 K of 947.17 K)
------------------------------------------------------------
