2025-03-15 20:39:17 INFO  main [mitsuba.cpp:274] Mitsuba version 0.6.0 (Linux, 64 bit), Copyright (c) 2017 Wenzel Jakob
2025-03-15 20:39:17 INFO  main [mitsuba.cpp:377] Parsing scene description from "../../scenes/modern-hall/modern-hall.xml" ..
2025-03-15 20:39:17 INFO  main [scenehandler.cpp:675] In file "/home/julia/PBRT/PMM_focal_guiding/mitsuba/dist/../../scenes/modern-hall/modern-hall.xml" (near line 20): Parsing included file "pmm_focal_guiding.xml" ..
2025-03-15 20:39:17 INFO  main [PluginManager] Loading plugin "plugins/pmm_focal_guiding.so" ..
2025-03-15 20:39:17 INFO  main [octree.h:482] root weight: 8.000e-20 (0.000000)
2025-03-15 20:39:17 INFO  main [octree.h:483] splitting threshold: 8.000e-23 (0.000000)
2025-03-15 20:39:17 INFO  main [octree.h:498] node count: 1 -> 585 -> 585

2025-03-15 20:39:17 INFO  main [octree.h:482] root weight: 8.000e-20 (0.000000)
2025-03-15 20:39:17 INFO  main [octree.h:483] splitting threshold: 8.000e-23 (0.000000)
2025-03-15 20:39:17 INFO  main [octree.h:498] node count: 1 -> 585 -> 585

2025-03-15 20:39:17 INFO  main [pmm_focal_guiding.cpp:109] Will save the GMM to file in directory 
2025-03-15 20:39:17 INFO  main [PMMFocalGuidingIntegrator] GMM params: alpha = 0.250000, split_th = 1.000000, merge_th = 0.300000, min_num_comp = 3, max_num_comp = 10
2025-03-15 20:39:17 INFO  main [PMMFocalGuidingIntegrator] iterationCount: 8
2025-03-15 20:39:17 INFO  main [PMMFocalGuidingIntegrator] PMMFocalGuidingIntegrator
  maxDepth = 40,
  rrDepth = 14,
  strictNormals = 1
  gmm = GMM[
]
]
2025-03-15 20:39:17 WARN  main [scenehandler.cpp:795] In file "/home/julia/PBRT/PMM_focal_guiding/mitsuba/dist/../../scenes/modern-hall/../_integrators/pmm_focal_guiding.xml" (near line 52): Unqueried attribute "budget" in element "integrator"
2025-03-15 20:39:17 WARN  main [scenehandler.cpp:795] In file "/home/julia/PBRT/PMM_focal_guiding/mitsuba/dist/../../scenes/modern-hall/../_integrators/pmm_focal_guiding.xml" (near line 52): Unqueried attribute "dumpPrimaryRays" in element "integrator"
2025-03-15 20:39:17 WARN  main [scenehandler.cpp:795] In file "/home/julia/PBRT/PMM_focal_guiding/mitsuba/dist/../../scenes/modern-hall/../_integrators/pmm_focal_guiding.xml" (near line 52): Unqueried attribute "dumpScene" in element "integrator"
2025-03-15 20:39:17 WARN  main [scenehandler.cpp:795] In file "/home/julia/PBRT/PMM_focal_guiding/mitsuba/dist/../../scenes/modern-hall/../_integrators/pmm_focal_guiding.xml" (near line 52): Unqueried attribute "normalBinning" in element "integrator"
2025-03-15 20:39:17 WARN  main [scenehandler.cpp:795] In file "/home/julia/PBRT/PMM_focal_guiding/mitsuba/dist/../../scenes/modern-hall/../_integrators/pmm_focal_guiding.xml" (near line 52): Unqueried attribute "samplingMode" in element "integrator"
2025-03-15 20:39:17 WARN  main [scenehandler.cpp:795] In file "/home/julia/PBRT/PMM_focal_guiding/mitsuba/dist/../../scenes/modern-hall/../_integrators/pmm_focal_guiding.xml" (near line 52): Unqueried attribute "unboundedSplatting" in element "integrator"
2025-03-15 20:39:17 WARN  main [scenehandler.cpp:795] In file "/home/julia/PBRT/PMM_focal_guiding/mitsuba/dist/../../scenes/modern-hall/../_integrators/pmm_focal_guiding.xml" (near line 53): Unqueried attribute "saveGMMDirectory" in element "scene"
2025-03-15 20:39:17 INFO  main [PluginManager] Loading plugin "plugins/independent.so" ..
2025-03-15 20:39:17 INFO  main [PluginManager] Loading plugin "plugins/box.so" ..
2025-03-15 20:39:17 INFO  main [PluginManager] Loading plugin "plugins/hdrfilm.so" ..
2025-03-15 20:39:17 INFO  main [PluginManager] Loading plugin "plugins/perspective.so" ..
2025-03-15 20:39:17 INFO  main [PluginManager] Loading plugin "plugins/dielectric.so" ..
2025-03-15 20:39:17 INFO  main [PluginManager] Loading plugin "plugins/bitmap.so" ..
2025-03-15 20:39:17 INFO  main [BitmapTexture] Loading texture "wood5.jpg"
2025-03-15 20:39:17 INFO  main [MIPMap] Mapped MIP map cache file "/home/julia/PBRT/PMM_focal_guiding/mitsuba/dist/../../scenes/modern-hall/textures/wood5.mip" into memory (14.7 MiB).
2025-03-15 20:39:17 INFO  main [PluginManager] Loading plugin "plugins/roughplastic.so" ..
2025-03-15 20:39:17 INFO  main [PluginManager] Loading plugin "plugins/twosided.so" ..
2025-03-15 20:39:17 INFO  main [BitmapTexture] Loading texture "Tiles.jpg"
2025-03-15 20:39:17 INFO  main [PluginManager] Loading plugin "plugins/lanczos.so" ..
2025-03-15 20:39:17 INFO  main [PluginManager] Loading plugin "plugins/diffuse.so" ..
2025-03-15 20:39:17 INFO  main [BitmapTexture] Loading texture "Wallpaper.jpg"
2025-03-15 20:39:17 INFO  main [PluginManager] Loading plugin "plugins/roughconductor.so" ..
2025-03-15 20:39:17 INFO  main [spectrum.cpp:599] "Cu.eta.spd": loaded a spectral power distribution with 55 entries (between 302.400421 and 885.601257 nm)
2025-03-15 20:39:17 INFO  main [spectrum.cpp:599] "Cu.k.spd": loaded a spectral power distribution with 55 entries (between 302.400421 and 885.601257 nm)
2025-03-15 20:39:17 INFO  main [spectrum.cpp:599] "Cu.eta.spd": loaded a spectral power distribution with 55 entries (between 302.400421 and 885.601257 nm)
2025-03-15 20:39:17 INFO  main [spectrum.cpp:599] "Cu.k.spd": loaded a spectral power distribution with 55 entries (between 302.400421 and 885.601257 nm)
2025-03-15 20:39:17 INFO  main [PluginManager] Loading plugin "plugins/difftrans.so" ..
2025-03-15 20:39:17 INFO  main [PluginManager] Loading plugin "plugins/area.so" ..
2025-03-15 20:39:17 INFO  main [PluginManager] Loading plugin "plugins/rectangle.so" ..
2025-03-15 20:39:17 INFO  main [PluginManager] Loading plugin "plugins/cube.so" ..
2025-03-15 20:39:17 INFO  main [PluginManager] Loading plugin "plugins/obj.so" ..
2025-03-15 20:39:17 INFO  main [WavefrontOBJ] Loading geometry from "Mesh008.obj" ..
2025-03-15 20:39:17 INFO  main [WavefrontOBJ] Mesh008: 5184 triangles, 2664 vertices (merged 12888 vertices).
2025-03-15 20:39:17 INFO  main [WavefrontOBJ] Done with "Mesh008.obj" (took 31 ms)
2025-03-15 20:39:17 INFO  main [WavefrontOBJ] Loading geometry from "Mesh004.obj" ..
2025-03-15 20:39:17 INFO  main [WavefrontOBJ] Mesh004: 5184 triangles, 2664 vertices (merged 12888 vertices).
2025-03-15 20:39:17 INFO  main [WavefrontOBJ] Done with "Mesh004.obj" (took 28 ms)
2025-03-15 20:39:17 INFO  main [WavefrontOBJ] Loading geometry from "Mesh003.obj" ..
2025-03-15 20:39:17 INFO  main [WavefrontOBJ] Mesh003: 5184 triangles, 2664 vertices (merged 12888 vertices).
2025-03-15 20:39:17 INFO  main [WavefrontOBJ] Done with "Mesh003.obj" (took 28 ms)
2025-03-15 20:39:17 INFO  main [WavefrontOBJ] Loading geometry from "Mesh006.obj" ..
2025-03-15 20:39:17 INFO  main [WavefrontOBJ] Mesh006: 5184 triangles, 2664 vertices (merged 12888 vertices).
2025-03-15 20:39:17 INFO  main [WavefrontOBJ] Done with "Mesh006.obj" (took 33 ms)
2025-03-15 20:39:17 INFO  main [WavefrontOBJ] Loading geometry from "Mesh012.obj" ..
2025-03-15 20:39:17 INFO  main [WavefrontOBJ] Mesh012: 444 triangles, 882 vertices (merged 450 vertices).
2025-03-15 20:39:17 INFO  main [WavefrontOBJ] Done with "Mesh012.obj" (took 3 ms)
2025-03-15 20:39:17 INFO  main [WavefrontOBJ] Loading geometry from "Mesh013.obj" ..
2025-03-15 20:39:18 INFO  main [WavefrontOBJ] Mesh013: 5184 triangles, 2664 vertices (merged 12888 vertices).
2025-03-15 20:39:18 INFO  main [WavefrontOBJ] Done with "Mesh013.obj" (took 32 ms)
2025-03-15 20:39:18 INFO  main [WavefrontOBJ] Loading geometry from "Mesh010.obj" ..
2025-03-15 20:39:18 INFO  main [WavefrontOBJ] Mesh010: 32 triangles, 60 vertices (merged 36 vertices).
2025-03-15 20:39:18 INFO  main [WavefrontOBJ] Done with "Mesh010.obj" (took 0 ms)
2025-03-15 20:39:18 INFO  main [WavefrontOBJ] Loading geometry from "Mesh015.obj" ..
2025-03-15 20:39:18 INFO  main [WavefrontOBJ] Mesh015: 32 triangles, 60 vertices (merged 36 vertices).
2025-03-15 20:39:18 INFO  main [WavefrontOBJ] Done with "Mesh015.obj" (took 0 ms)
2025-03-15 20:39:18 INFO  main [WavefrontOBJ] Loading geometry from "Mesh002.obj" ..
2025-03-15 20:39:18 INFO  main [WavefrontOBJ] Mesh002: 32 triangles, 60 vertices (merged 36 vertices).
2025-03-15 20:39:18 INFO  main [WavefrontOBJ] Done with "Mesh002.obj" (took 0 ms)
2025-03-15 20:39:18 INFO  main [WavefrontOBJ] Loading geometry from "Mesh007.obj" ..
2025-03-15 20:39:18 INFO  main [WavefrontOBJ] Mesh007: 32 triangles, 60 vertices (merged 36 vertices).
2025-03-15 20:39:18 INFO  main [WavefrontOBJ] Done with "Mesh007.obj" (took 0 ms)
2025-03-15 20:39:18 INFO  main [WavefrontOBJ] Loading geometry from "Mesh005.obj" ..
2025-03-15 20:39:18 INFO  main [WavefrontOBJ] Mesh005: 12 triangles, 20 vertices (merged 16 vertices).
2025-03-15 20:39:18 INFO  main [WavefrontOBJ] Done with "Mesh005.obj" (took 0 ms)
2025-03-15 20:39:18 INFO  main [WavefrontOBJ] Loading geometry from "Mesh016.obj" ..
2025-03-15 20:39:18 INFO  main [WavefrontOBJ] Mesh016: 120 triangles, 204 vertices (merged 156 vertices).
2025-03-15 20:39:18 INFO  main [WavefrontOBJ] Done with "Mesh016.obj" (took 3 ms)
2025-03-15 20:39:18 INFO  main [WavefrontOBJ] Loading geometry from "Mesh017.obj" ..
2025-03-15 20:39:18 INFO  main [WavefrontOBJ] Mesh017: 20 triangles, 40 vertices (merged 20 vertices).
2025-03-15 20:39:18 INFO  main [WavefrontOBJ] Done with "Mesh017.obj" (took 0 ms)
2025-03-15 20:39:18 INFO  main [WavefrontOBJ] Loading geometry from "Mesh018.obj" ..
2025-03-15 20:39:18 INFO  main [WavefrontOBJ] Mesh018: 2 triangles, 4 vertices (merged 2 vertices).
2025-03-15 20:39:18 INFO  main [WavefrontOBJ] Done with "Mesh018.obj" (took 0 ms)
2025-03-15 20:39:18 INFO  main [WavefrontOBJ] Loading geometry from "Mesh011.obj" ..
2025-03-15 20:39:18 INFO  main [WavefrontOBJ] Mesh011: 32 triangles, 30 vertices (merged 66 vertices).
2025-03-15 20:39:18 INFO  main [WavefrontOBJ] Done with "Mesh011.obj" (took 0 ms)
2025-03-15 20:39:18 INFO  main [PluginManager] Loading plugin "plugins/homogeneous.so" ..
2025-03-15 20:39:18 INFO  main [PluginManager] Loading plugin "plugins/isotropic.so" ..
2025-03-15 20:39:18 INFO  main [WavefrontOBJ] Loading geometry from "Mesh014.obj" ..
2025-03-15 20:39:18 INFO  main [WavefrontOBJ] Mesh014: 36 triangles, 72 vertices (merged 36 vertices).
2025-03-15 20:39:18 INFO  main [WavefrontOBJ] Done with "Mesh014.obj" (took 0 ms)
2025-03-15 20:39:18 INFO  main [WavefrontOBJ] Loading geometry from "Mesh001.obj" ..
2025-03-15 20:39:18 INFO  main [WavefrontOBJ] Mesh001: 924 triangles, 2016 vertices (merged 756 vertices).
2025-03-15 20:39:18 INFO  main [WavefrontOBJ] Done with "Mesh001.obj" (took 22 ms)
2025-03-15 20:39:18 INFO  main [WavefrontOBJ] Loading geometry from "Mesh000.obj" ..
2025-03-15 20:39:18 INFO  main [WavefrontOBJ] Mesh000: 3127 triangles, 2075 vertices (merged 7306 vertices).
2025-03-15 20:39:18 INFO  main [WavefrontOBJ] Done with "Mesh000.obj" (took 55 ms)
2025-03-15 20:39:18 INFO  main [WavefrontOBJ] Loading geometry from "Mesh009.obj" ..
2025-03-15 20:39:18 INFO  main [WavefrontOBJ] Mesh009: 146 triangles, 110 vertices (merged 328 vertices).
2025-03-15 20:39:18 INFO  main [WavefrontOBJ] Done with "Mesh009.obj" (took 1 ms)
2025-03-15 20:39:18 INFO  ren0 [KDTreeBase] Constructing a SAH kd-tree (30963 primitives) ..
2025-03-15 20:39:18 INFO  ren0 [KDTreeBase] Finished -- took 380 ms.
2025-03-15 20:39:18 INFO  ren0 [PMMFocalGuidingIntegrator] Starting preprocess
2025-03-15 20:39:18 INFO  ren0 [octree.h:482] root weight: 8.000e-20 (0.000000)
2025-03-15 20:39:18 INFO  ren0 [octree.h:483] splitting threshold: 8.000e-23 (0.000000)
2025-03-15 20:39:18 INFO  ren0 [octree.h:498] node count: 1 -> 585 -> 585

2025-03-15 20:39:18 INFO  ren0 [octree.h:482] root weight: 4.096e-17 (0.000000)
2025-03-15 20:39:18 INFO  ren0 [octree.h:483] splitting threshold: 4.096e-20 (0.000000)
2025-03-15 20:39:18 INFO  ren0 [octree.h:498] node count: 585 -> 585 -> 585

2025-03-15 20:39:18 INFO  ren0 [octree.h:482] root weight: 8.000e-20 (0.000000)
2025-03-15 20:39:18 INFO  ren0 [octree.h:483] splitting threshold: 8.000e-23 (0.000000)
2025-03-15 20:39:18 INFO  ren0 [octree.h:498] node count: 1 -> 585 -> 585

2025-03-15 20:39:18 INFO  ren0 [octree.h:482] root weight: 4.096e-17 (0.000000)
2025-03-15 20:39:18 INFO  ren0 [octree.h:483] splitting threshold: 4.096e-20 (0.000000)
2025-03-15 20:39:18 INFO  ren0 [octree.h:498] node count: 585 -> 585 -> 585

2025-03-15 20:39:18 INFO  ren0 [PMMFocalGuidingIntegrator] Octree[
AABB: AABB3[min=[-21.7494, -3.70393, -3.09172], max=[7.19249, 11.2965, 6.96201]]
Nodes count: 585
]
2025-03-15 20:39:18 INFO  ren0 [PMMFocalGuidingIntegrator] Octree[
AABB: AABB3[min=[-21.7494, -3.70393, -3.09172], max=[7.19249, 11.2965, 6.96201]]
Nodes count: 585
]
2025-03-15 20:39:18 INFO  ren0 [PMMFocalGuidingIntegrator] GMM[
weight = 0.166667 mean = [-13.1929 10.0626 4.99916] covariance = [[1 0 0][0 1 0][0 0 1]]
weight = 0.166667 mean = [2.21584 6.9779 3.66592] covariance = [[1 0 0][0 1 0][0 0 1]]
weight = 0.166667 mean = [5.46861 0.676632 -1.34982] covariance = [[1 0 0][0 1 0][0 0 1]]
weight = 0.166667 mean = [-6.84478 7.62582 4.26017] covariance = [[1 0 0][0 1 0][0 0 1]]
weight = 0.166667 mean = [-0.864436 -0.677224 1.74246] covariance = [[1 0 0][0 1 0][0 0 1]]
weight = 0.166667 mean = [6.56073 -0.00243478 -0.0460876] covariance = [[1 0 0][0 1 0][0 0 1]]
]
2025-03-15 20:39:18 INFO  ren0 [PMMFocalGuidingIntegrator] Starting training... (8) iterations
2025-03-15 20:39:18 INFO  ren0 [PMMFocalGuidingIntegrator] Rendering 0 iteration
2025-03-15 20:39:18 INFO  ren0 [SamplingIntegrator] Starting render job (1280x720, 4 samples, 8 cores, SSE2 enabled) ..
2025-03-15 20:39:45 INFO  wrk2 [PMMFocalGuidingIntegrator] hit luminaire, value = [0, 0, 0]
2025-03-15 20:40:07 INFO  ren0 [PMMFocalGuidingIntegrator] iteration render time: 48.8153s
2025-03-15 20:40:07 INFO  ren0 [PMMFocalGuidingIntegrator] Got 55116 non-zero samples and 0 zero samples
2025-03-15 20:40:18 INFO  ren0 [gaussian_mixture_model.h:126] Components accumulated weight is: 1.000000
2025-03-15 20:40:18 INFO  ren0 [gaussian_mixture_model.h:173] exp(-dist) between 0 and 1 is 0.006138
2025-03-15 20:40:18 INFO  ren0 [gaussian_mixture_model.h:173] exp(-dist) between 0 and 2 is 0.001213
2025-03-15 20:40:18 INFO  ren0 [gaussian_mixture_model.h:173] exp(-dist) between 0 and 3 is 0.266676
2025-03-15 20:40:18 INFO  ren0 [gaussian_mixture_model.h:173] exp(-dist) between 0 and 4 is 0.041058
2025-03-15 20:40:18 INFO  ren0 [gaussian_mixture_model.h:173] exp(-dist) between 0 and 5 is 0.000011
2025-03-15 20:40:18 INFO  ren0 [gaussian_mixture_model.h:173] exp(-dist) between 1 and 2 is 0.463488
2025-03-15 20:40:18 INFO  ren0 [gaussian_mixture_model.h:173] exp(-dist) between 1 and 3 is 0.174263
2025-03-15 20:40:18 INFO  ren0 [gaussian_mixture_model.h:173] exp(-dist) between 1 and 4 is 0.356900
2025-03-15 20:40:18 INFO  ren0 [gaussian_mixture_model.h:173] exp(-dist) between 1 and 5 is 0.363445
2025-03-15 20:40:18 INFO  ren0 [gaussian_mixture_model.h:173] exp(-dist) between 2 and 3 is 0.061779
2025-03-15 20:40:18 INFO  ren0 [gaussian_mixture_model.h:173] exp(-dist) between 2 and 4 is 0.425606
2025-03-15 20:40:18 INFO  ren0 [gaussian_mixture_model.h:173] exp(-dist) between 2 and 5 is 0.418496
2025-03-15 20:40:18 INFO  ren0 [gaussian_mixture_model.h:173] exp(-dist) between 3 and 4 is 0.354328
2025-03-15 20:40:18 INFO  ren0 [gaussian_mixture_model.h:173] exp(-dist) between 3 and 5 is 0.000380
2025-03-15 20:40:18 INFO  ren0 [gaussian_mixture_model.h:173] exp(-dist) between 4 and 5 is 0.223664
2025-03-15 20:40:18 INFO  ren0 [gaussian_mixture_model.h:180] components before the merge: 6
2025-03-15 20:40:18 INFO  ren0 [gaussian_mixture_model.h:183] Merging 2 and 1, because their BC is 0.463488
2025-03-15 20:40:18 INFO  ren0 [gaussian_mixture_model.h:183] Merging 5 and 2, because their BC is 0.511207
2025-03-15 20:40:18 INFO  ren0 [gaussian_mixture_model.h:183] Merging 5 and 4, because their BC is 0.457428
2025-03-15 20:40:18 INFO  ren0 [gaussian_mixture_model.h:200] components after the merge: 3, merged 3 component
2025-03-15 20:40:18 INFO  ren0 [gaussian_mixture_model.h:237] Ratio is 6.122482
2025-03-15 20:40:18 INFO  ren0 [gaussian_mixture_model.h:237] Ratio is 6.771280
2025-03-15 20:40:18 INFO  ren0 [gaussian_mixture_model.h:237] Ratio is 1.866150
2025-03-15 20:40:18 INFO  ren0 [gaussian_mixture_model.h:237] Ratio is 3.061241
2025-03-15 20:40:18 INFO  ren0 [gaussian_mixture_model.h:237] Ratio is 3.061241
2025-03-15 20:40:18 INFO  ren0 [gaussian_mixture_model.h:237] Ratio is 3.385640
2025-03-15 20:40:18 INFO  ren0 [gaussian_mixture_model.h:237] Ratio is 3.385640
2025-03-15 20:40:18 INFO  ren0 [gaussian_mixture_model.h:218] components after the split: 10, split 7 components
2025-03-15 20:40:18 INFO  ren0 [octree.h:482] root weight: 2.033e+05 (203333.796875)
2025-03-15 20:40:18 INFO  ren0 [octree.h:483] splitting threshold: 2.033e+02 (203.333801)
2025-03-15 20:40:18 INFO  ren0 [octree.h:482] root weight: 2.511e+05 (251121.375000)
2025-03-15 20:40:18 INFO  ren0 [octree.h:483] splitting threshold: 2.511e+02 (251.121384)
2025-03-15 20:40:18 INFO  ren0 [octree.h:498] node count: 585 -> 704 -> 523

2025-03-15 20:40:18 INFO  ren0 [octree.h:498] node count: 585 -> 631 -> 390

2025-03-15 20:40:18 INFO  ren0 [PMMFocalGuidingIntegrator] diverge probability: 0.553

2025-03-15 20:40:18 INFO  ren0 [PMMFocalGuidingIntegrator] iteration postprocessing time: 11.1322s
2025-03-15 20:40:18 INFO  ren0 [PMMFocalGuidingIntegrator] GMM[
weight = 0.00497372 mean = [-13.1324 10.3801 4.53132] covariance = [[8.43531 1.36029 0.0129564][1.36029 10.977 0.762566][0.0129564 0.762566 10.6703]]
weight = 0.00497372 mean = [-15.3208 4.74289 1.17422] covariance = [[8.43531 1.36029 0.0129564][1.36029 10.977 0.762566][0.0129564 0.762566 10.6703]]
weight = 0.0322749 mean = [-6.64276 5.80972 1.31264] covariance = [[6.54066 2.95244 -2.07426][2.95244 7.06779 -0.99091][-2.07426 -0.99091 6.88703]]
weight = 0.0322749 mean = [-7.01148 3.04131 -2.72086] covariance = [[6.54066 2.95244 -2.07426][2.95244 7.06779 -0.99091][-2.07426 -0.99091 6.88703]]
weight = 0.425503 mean = [-0.351729 2.25807 -0.0940208] covariance = [[7.77155 0.223247 -0.217967][0.223247 9.45667 -0.476647][-0.217967 -0.476647 8.40933]]
weight = 0.425503 mean = [3.43048 2.05604 0.933071] covariance = [[7.77155 0.223247 -0.217967][0.223247 9.45667 -0.476647][-0.217967 -0.476647 8.40933]]
weight = 0.00497372 mean = [-14.6798 6.39398 2.15749] covariance = [[8.43531 1.36029 0.0129564][1.36029 10.977 0.762566][0.0129564 0.762566 10.6703]]
weight = 0.00497372 mean = [-16.8682 0.756798 -1.1996] covariance = [[8.43531 1.36029 0.0129564][1.36029 10.977 0.762566][0.0129564 0.762566 10.6703]]
weight = 0.0322749 mean = [-6.75076 4.99887 0.131255] covariance = [[6.54066 2.95244 -2.07426][2.95244 7.06779 -0.99091][-2.07426 -0.99091 6.88703]]
weight = 0.0322749 mean = [-6.38204 7.76728 4.16476] covariance = [[6.54066 2.95244 -2.07426][2.95244 7.06779 -0.99091][-2.07426 -0.99091 6.88703]]
]
2025-03-15 20:40:18 INFO  ren0 [PMMFocalGuidingIntegrator] Octree[
AABB: AABB3[min=[-21.7494, -3.70393, -3.09172], max=[7.19249, 11.2965, 6.96201]]
Nodes count: 523
]
2025-03-15 20:40:18 INFO  ren0 [PMMFocalGuidingIntegrator] Octree[
AABB: AABB3[min=[-21.7494, -3.70393, -3.09172], max=[7.19249, 11.2965, 6.96201]]
Nodes count: 390
]
2025-03-15 20:40:18 INFO  ren0 [PMMFocalGuidingIntegrator] Rendering 1 iteration
2025-03-15 20:40:18 INFO  ren0 [SamplingIntegrator] Starting render job (1280x720, 4 samples, 8 cores, SSE2 enabled) ..
2025-03-15 20:41:55 INFO  ren0 [PMMFocalGuidingIntegrator] iteration render time: 1.6111m
2025-03-15 20:41:55 INFO  ren0 [PMMFocalGuidingIntegrator] Got 68687 non-zero samples and 0 zero samples
2025-03-15 20:42:14 INFO  ren0 [gaussian_mixture_model.h:126] Components accumulated weight is: 1.000000
2025-03-15 20:42:14 INFO  ren0 [gaussian_mixture_model.h:173] exp(-dist) between 0 and 1 is 0.749678
2025-03-15 20:42:14 INFO  ren0 [gaussian_mixture_model.h:173] exp(-dist) between 0 and 2 is 0.291379
2025-03-15 20:42:14 INFO  ren0 [gaussian_mixture_model.h:173] exp(-dist) between 0 and 3 is 0.161120
2025-03-15 20:42:14 INFO  ren0 [gaussian_mixture_model.h:173] exp(-dist) between 0 and 4 is 0.042175
2025-03-15 20:42:14 INFO  ren0 [gaussian_mixture_model.h:173] exp(-dist) between 0 and 5 is 0.004068
2025-03-15 20:42:14 INFO  ren0 [gaussian_mixture_model.h:173] exp(-dist) between 0 and 6 is 0.864819
2025-03-15 20:42:14 INFO  ren0 [gaussian_mixture_model.h:173] exp(-dist) between 0 and 7 is 0.385928
2025-03-15 20:42:14 INFO  ren0 [gaussian_mixture_model.h:173] exp(-dist) between 0 and 8 is 0.247952
2025-03-15 20:42:14 INFO  ren0 [gaussian_mixture_model.h:173] exp(-dist) between 0 and 9 is 0.343337
2025-03-15 20:42:14 INFO  ren0 [gaussian_mixture_model.h:173] exp(-dist) between 1 and 2 is 0.321558
2025-03-15 20:42:14 INFO  ren0 [gaussian_mixture_model.h:173] exp(-dist) between 1 and 3 is 0.324792
2025-03-15 20:42:14 INFO  ren0 [gaussian_mixture_model.h:173] exp(-dist) between 1 and 4 is 0.053224
2025-03-15 20:42:14 INFO  ren0 [gaussian_mixture_model.h:173] exp(-dist) between 1 and 5 is 0.003961
2025-03-15 20:42:14 INFO  ren0 [gaussian_mixture_model.h:173] exp(-dist) between 1 and 6 is 0.964236
2025-03-15 20:42:14 INFO  ren0 [gaussian_mixture_model.h:173] exp(-dist) between 1 and 7 is 0.783880
2025-03-15 20:42:14 INFO  ren0 [gaussian_mixture_model.h:173] exp(-dist) between 1 and 8 is 0.332849
2025-03-15 20:42:14 INFO  ren0 [gaussian_mixture_model.h:173] exp(-dist) between 1 and 9 is 0.218533
2025-03-15 20:42:14 INFO  ren0 [gaussian_mixture_model.h:173] exp(-dist) between 2 and 3 is 0.725502
2025-03-15 20:42:14 INFO  ren0 [gaussian_mixture_model.h:173] exp(-dist) between 2 and 4 is 0.372354
2025-03-15 20:42:14 INFO  ren0 [gaussian_mixture_model.h:173] exp(-dist) between 2 and 5 is 0.072689
2025-03-15 20:42:14 INFO  ren0 [gaussian_mixture_model.h:173] exp(-dist) between 2 and 6 is 0.336018
2025-03-15 20:42:14 INFO  ren0 [gaussian_mixture_model.h:173] exp(-dist) between 2 and 7 is 0.242700
2025-03-15 20:42:14 INFO  ren0 [gaussian_mixture_model.h:173] exp(-dist) between 2 and 8 is 0.965391
2025-03-15 20:42:14 INFO  ren0 [gaussian_mixture_model.h:173] exp(-dist) between 2 and 9 is 0.783578
2025-03-15 20:42:14 INFO  ren0 [gaussian_mixture_model.h:173] exp(-dist) between 3 and 4 is 0.351034
2025-03-15 20:42:14 INFO  ren0 [gaussian_mixture_model.h:173] exp(-dist) between 3 and 5 is 0.061534
2025-03-15 20:42:14 INFO  ren0 [gaussian_mixture_model.h:173] exp(-dist) between 3 and 6 is 0.270651
2025-03-15 20:42:14 INFO  ren0 [gaussian_mixture_model.h:173] exp(-dist) between 3 and 7 is 0.337239
2025-03-15 20:42:14 INFO  ren0 [gaussian_mixture_model.h:173] exp(-dist) between 3 and 8 is 0.848970
2025-03-15 20:42:14 INFO  ren0 [gaussian_mixture_model.h:173] exp(-dist) between 3 and 9 is 0.332469
2025-03-15 20:42:14 INFO  ren0 [gaussian_mixture_model.h:173] exp(-dist) between 4 and 5 is 0.756261
2025-03-15 20:42:14 INFO  ren0 [gaussian_mixture_model.h:173] exp(-dist) between 4 and 6 is 0.054050
2025-03-15 20:42:14 INFO  ren0 [gaussian_mixture_model.h:173] exp(-dist) between 4 and 7 is 0.041967
2025-03-15 20:42:14 INFO  ren0 [gaussian_mixture_model.h:173] exp(-dist) between 4 and 8 is 0.386512
2025-03-15 20:42:14 INFO  ren0 [gaussian_mixture_model.h:173] exp(-dist) between 4 and 9 is 0.250672
2025-03-15 20:42:14 INFO  ren0 [gaussian_mixture_model.h:173] exp(-dist) between 5 and 6 is 0.004497
2025-03-15 20:42:14 INFO  ren0 [gaussian_mixture_model.h:173] exp(-dist) between 5 and 7 is 0.002812
2025-03-15 20:42:14 INFO  ren0 [gaussian_mixture_model.h:173] exp(-dist) between 5 and 8 is 0.071184
2025-03-15 20:42:14 INFO  ren0 [gaussian_mixture_model.h:173] exp(-dist) between 5 and 9 is 0.061656
2025-03-15 20:42:14 INFO  ren0 [gaussian_mixture_model.h:173] exp(-dist) between 6 and 7 is 0.624453
2025-03-15 20:42:14 INFO  ren0 [gaussian_mixture_model.h:173] exp(-dist) between 6 and 8 is 0.325476
2025-03-15 20:42:14 INFO  ren0 [gaussian_mixture_model.h:173] exp(-dist) between 6 and 9 is 0.271428
2025-03-15 20:42:14 INFO  ren0 [gaussian_mixture_model.h:173] exp(-dist) between 7 and 8 is 0.272400
2025-03-15 20:42:14 INFO  ren0 [gaussian_mixture_model.h:173] exp(-dist) between 7 and 9 is 0.128920
2025-03-15 20:42:14 INFO  ren0 [gaussian_mixture_model.h:173] exp(-dist) between 8 and 9 is 0.624311
2025-03-15 20:42:14 INFO  ren0 [gaussian_mixture_model.h:180] components before the merge: 10
2025-03-15 20:42:14 INFO  ren0 [gaussian_mixture_model.h:183] Merging 8 and 2, because their BC is 0.965391
2025-03-15 20:42:14 INFO  ren0 [gaussian_mixture_model.h:183] Merging 6 and 1, because their BC is 0.964236
2025-03-15 20:42:14 INFO  ren0 [gaussian_mixture_model.h:183] Merging 6 and 0, because their BC is 0.813927
2025-03-15 20:42:14 INFO  ren0 [gaussian_mixture_model.h:183] Merging 8 and 3, because their BC is 0.798196
2025-03-15 20:42:14 INFO  ren0 [gaussian_mixture_model.h:183] Merging 5 and 4, because their BC is 0.756261
2025-03-15 20:42:14 INFO  ren0 [gaussian_mixture_model.h:183] Merging 7 and 6, because their BC is 0.670755
2025-03-15 20:42:14 INFO  ren0 [gaussian_mixture_model.h:183] Merging 9 and 8, because their BC is 0.633865
2025-03-15 20:42:14 INFO  ren0 [gaussian_mixture_model.h:183] Merging 9 and 7, because their BC is 0.358484
2025-03-15 20:42:14 INFO  ren0 [gaussian_mixture_model.h:183] Merging 9 and 7, because their BC is 0.358484
2025-03-15 20:42:14 INFO  ren0 [gaussian_mixture_model.h:183] Merging 9 and 7, because their BC is 0.358484
2025-03-15 20:42:14 INFO  ren0 [gaussian_mixture_model.h:200] components after the merge: 3, merged 10 component
2025-03-15 20:42:14 INFO  ren0 [gaussian_mixture_model.h:237] Ratio is 1.738111
2025-03-15 20:42:14 INFO  ren0 [gaussian_mixture_model.h:237] Ratio is 2.128248
2025-03-15 20:42:14 INFO  ren0 [gaussian_mixture_model.h:237] Ratio is 3.940782
2025-03-15 20:42:14 INFO  ren0 [gaussian_mixture_model.h:237] Ratio is 1.367698
2025-03-15 20:42:14 INFO  ren0 [gaussian_mixture_model.h:237] Ratio is 1.367698
2025-03-15 20:42:14 INFO  ren0 [gaussian_mixture_model.h:237] Ratio is 1.083780
2025-03-15 20:42:14 INFO  ren0 [gaussian_mixture_model.h:237] Ratio is 1.083780
2025-03-15 20:42:14 INFO  ren0 [gaussian_mixture_model.h:218] components after the split: 10, split 7 components
2025-03-15 20:42:14 INFO  ren0 [octree.h:482] root weight: 1.551e+05 (155058.718750)
2025-03-15 20:42:14 INFO  ren0 [octree.h:483] splitting threshold: 1.551e+02 (155.058731)
2025-03-15 20:42:14 INFO  ren0 [octree.h:482] root weight: 1.806e+05 (180602.062500)
2025-03-15 20:42:14 INFO  ren0 [octree.h:483] splitting threshold: 1.806e+02 (180.602066)
2025-03-15 20:42:14 INFO  ren0 [octree.h:498] node count: 523 -> 543 -> 524

2025-03-15 20:42:14 INFO  ren0 [octree.h:498] node count: 390 -> 403 -> 391

2025-03-15 20:42:14 INFO  ren0 [PMMFocalGuidingIntegrator] diverge probability: 0.538

2025-03-15 20:42:14 INFO  ren0 [PMMFocalGuidingIntegrator] iteration postprocessing time: 19.0207s
2025-03-15 20:42:14 INFO  ren0 [PMMFocalGuidingIntegrator] GMM[
weight = 0.213869 mean = [-0.185803 1.00011 0.244702] covariance = [[5.72367 -0.26349 -0.115034][-0.26349 4.1233 0.67703][-0.115034 0.67703 6.34136]]
weight = 0.00475929 mean = [-16.4944 2.73775 1.87532] covariance = [[6.68899 0.235081 2.09084][0.235081 10.1324 0.0178588][2.09084 0.0178588 8.10666]]
weight = 0.0627436 mean = [-7.91933 3.03292 0.593809] covariance = [[5.38277 1.47012 -1.3206][1.47012 6.79837 0.88333][-1.3206 0.88333 8.58599]]
weight = 0.213869 mean = [3.43116 3.47884 0.327295] covariance = [[5.72367 -0.26349 -0.115034][-0.26349 4.1233 0.67703][-0.115034 0.67703 6.34136]]
weight = 0.213869 mean = [0.156058 3.67677 -0.483125] covariance = [[5.72367 -0.26349 -0.115034][-0.26349 4.1233 0.67703][-0.115034 0.67703 6.34136]]
weight = 0.213869 mean = [3.0893 0.802186 1.05512] covariance = [[5.72367 -0.26349 -0.115034][-0.26349 4.1233 0.67703][-0.115034 0.67703 6.34136]]
weight = 0.00475929 mean = [-13.0777 6.97984 0.847918] covariance = [[6.68899 0.235081 2.09084][0.235081 10.1324 0.0178588][2.09084 0.0178588 8.10666]]
weight = 0.00475929 mean = [-15.6951 7.09741 2.71935] covariance = [[6.68899 0.235081 2.09084][0.235081 10.1324 0.0178588][2.09084 0.0178588 8.10666]]
weight = 0.00475929 mean = [-13.877 2.62017 0.0038862] covariance = [[6.68899 0.235081 2.09084][0.235081 10.1324 0.0178588][2.09084 0.0178588 8.10666]]
weight = 0.0627436 mean = [-5.78474 6.33045 0.485303] covariance = [[5.38277 1.47012 -1.3206][1.47012 6.79837 0.88333][-1.3206 0.88333 8.58599]]
]
2025-03-15 20:42:14 INFO  ren0 [PMMFocalGuidingIntegrator] Octree[
AABB: AABB3[min=[-21.7494, -3.70393, -3.09172], max=[7.19249, 11.2965, 6.96201]]
Nodes count: 524
]
2025-03-15 20:42:14 INFO  ren0 [PMMFocalGuidingIntegrator] Octree[
AABB: AABB3[min=[-21.7494, -3.70393, -3.09172], max=[7.19249, 11.2965, 6.96201]]
Nodes count: 391
]
2025-03-15 20:42:14 INFO  ren0 [PMMFocalGuidingIntegrator] Rendering 2 iteration
2025-03-15 20:42:14 INFO  ren0 [SamplingIntegrator] Starting render job (1280x720, 4 samples, 8 cores, SSE2 enabled) ..
2025-03-15 20:43:39 INFO  ren0 [PMMFocalGuidingIntegrator] iteration render time: 1.4145m
2025-03-15 20:43:39 INFO  ren0 [PMMFocalGuidingIntegrator] Got 83253 non-zero samples and 0 zero samples
2025-03-15 20:44:02 INFO  ren0 [gaussian_mixture_model.h:126] Components accumulated weight is: 1.000000
2025-03-15 20:44:02 INFO  ren0 [gaussian_mixture_model.h:173] exp(-dist) between 0 and 1 is 0.011078
2025-03-15 20:44:02 INFO  ren0 [gaussian_mixture_model.h:173] exp(-dist) between 0 and 2 is 0.269551
2025-03-15 20:44:02 INFO  ren0 [gaussian_mixture_model.h:173] exp(-dist) between 0 and 3 is 0.607188
2025-03-15 20:44:02 INFO  ren0 [gaussian_mixture_model.h:173] exp(-dist) between 0 and 4 is 0.768716
2025-03-15 20:44:02 INFO  ren0 [gaussian_mixture_model.h:173] exp(-dist) between 0 and 5 is 0.744965
2025-03-15 20:44:02 INFO  ren0 [gaussian_mixture_model.h:173] exp(-dist) between 0 and 6 is 0.022686
2025-03-15 20:44:02 INFO  ren0 [gaussian_mixture_model.h:173] exp(-dist) between 0 and 7 is 0.007809
2025-03-15 20:44:02 INFO  ren0 [gaussian_mixture_model.h:173] exp(-dist) between 0 and 8 is 0.036774
2025-03-15 20:44:02 INFO  ren0 [gaussian_mixture_model.h:173] exp(-dist) between 0 and 9 is 0.222080
2025-03-15 20:44:02 INFO  ren0 [gaussian_mixture_model.h:173] exp(-dist) between 1 and 2 is 0.232422
2025-03-15 20:44:02 INFO  ren0 [gaussian_mixture_model.h:173] exp(-dist) between 1 and 3 is 0.000241
2025-03-15 20:44:02 INFO  ren0 [gaussian_mixture_model.h:173] exp(-dist) between 1 and 4 is 0.004226
2025-03-15 20:44:02 INFO  ren0 [gaussian_mixture_model.h:173] exp(-dist) between 1 and 5 is 0.000426
2025-03-15 20:44:02 INFO  ren0 [gaussian_mixture_model.h:173] exp(-dist) between 1 and 6 is 0.561317
2025-03-15 20:44:02 INFO  ren0 [gaussian_mixture_model.h:173] exp(-dist) between 1 and 7 is 0.725206
2025-03-15 20:44:02 INFO  ren0 [gaussian_mixture_model.h:173] exp(-dist) between 1 and 8 is 0.749137
2025-03-15 20:44:02 INFO  ren0 [gaussian_mixture_model.h:173] exp(-dist) between 1 and 9 is 0.090504
2025-03-15 20:44:02 INFO  ren0 [gaussian_mixture_model.h:173] exp(-dist) between 2 and 3 is 0.045117
2025-03-15 20:44:02 INFO  ren0 [gaussian_mixture_model.h:173] exp(-dist) between 2 and 4 is 0.241335
2025-03-15 20:44:02 INFO  ren0 [gaussian_mixture_model.h:173] exp(-dist) between 2 and 5 is 0.042711
2025-03-15 20:44:02 INFO  ren0 [gaussian_mixture_model.h:173] exp(-dist) between 2 and 6 is 0.389476
2025-03-15 20:44:02 INFO  ren0 [gaussian_mixture_model.h:173] exp(-dist) between 2 and 7 is 0.172370
2025-03-15 20:44:02 INFO  ren0 [gaussian_mixture_model.h:173] exp(-dist) between 2 and 8 is 0.499188
2025-03-15 20:44:02 INFO  ren0 [gaussian_mixture_model.h:173] exp(-dist) between 2 and 9 is 0.734389
2025-03-15 20:44:02 INFO  ren0 [gaussian_mixture_model.h:173] exp(-dist) between 3 and 4 is 0.756651
2025-03-15 20:44:02 INFO  ren0 [gaussian_mixture_model.h:173] exp(-dist) between 3 and 5 is 0.790093
2025-03-15 20:44:02 INFO  ren0 [gaussian_mixture_model.h:173] exp(-dist) between 3 and 6 is 0.001772
2025-03-15 20:44:02 INFO  ren0 [gaussian_mixture_model.h:173] exp(-dist) between 3 and 7 is 0.000486
2025-03-15 20:44:02 INFO  ren0 [gaussian_mixture_model.h:173] exp(-dist) between 3 and 8 is 0.001188
2025-03-15 20:44:02 INFO  ren0 [gaussian_mixture_model.h:173] exp(-dist) between 3 and 9 is 0.101162
2025-03-15 20:44:02 INFO  ren0 [gaussian_mixture_model.h:173] exp(-dist) between 4 and 5 is 0.589525
2025-03-15 20:44:02 INFO  ren0 [gaussian_mixture_model.h:173] exp(-dist) between 4 and 6 is 0.025945
2025-03-15 20:44:02 INFO  ren0 [gaussian_mixture_model.h:173] exp(-dist) between 4 and 7 is 0.006987
2025-03-15 20:44:02 INFO  ren0 [gaussian_mixture_model.h:173] exp(-dist) between 4 and 8 is 0.017771
2025-03-15 20:44:02 INFO  ren0 [gaussian_mixture_model.h:173] exp(-dist) between 4 and 9 is 0.396799
2025-03-15 20:44:02 INFO  ren0 [gaussian_mixture_model.h:173] exp(-dist) between 5 and 6 is 0.001337
2025-03-15 20:44:02 INFO  ren0 [gaussian_mixture_model.h:173] exp(-dist) between 5 and 7 is 0.000430
2025-03-15 20:44:02 INFO  ren0 [gaussian_mixture_model.h:173] exp(-dist) between 5 and 8 is 0.001888
2025-03-15 20:44:02 INFO  ren0 [gaussian_mixture_model.h:173] exp(-dist) between 5 and 9 is 0.050300
2025-03-15 20:44:02 INFO  ren0 [gaussian_mixture_model.h:173] exp(-dist) between 6 and 7 is 0.731191
2025-03-15 20:44:02 INFO  ren0 [gaussian_mixture_model.h:173] exp(-dist) between 6 and 8 is 0.733365
2025-03-15 20:44:02 INFO  ren0 [gaussian_mixture_model.h:173] exp(-dist) between 6 and 9 is 0.304035
2025-03-15 20:44:02 INFO  ren0 [gaussian_mixture_model.h:173] exp(-dist) between 7 and 8 is 0.516374
2025-03-15 20:44:02 INFO  ren0 [gaussian_mixture_model.h:173] exp(-dist) between 7 and 9 is 0.120781
2025-03-15 20:44:02 INFO  ren0 [gaussian_mixture_model.h:173] exp(-dist) between 8 and 9 is 0.227337
2025-03-15 20:44:02 INFO  ren0 [gaussian_mixture_model.h:180] components before the merge: 10
2025-03-15 20:44:02 INFO  ren0 [gaussian_mixture_model.h:183] Merging 5 and 3, because their BC is 0.790093
2025-03-15 20:44:02 INFO  ren0 [gaussian_mixture_model.h:183] Merging 4 and 0, because their BC is 0.768716
2025-03-15 20:44:02 INFO  ren0 [gaussian_mixture_model.h:183] Merging 5 and 4, because their BC is 0.751583
2025-03-15 20:44:02 INFO  ren0 [gaussian_mixture_model.h:183] Merging 8 and 1, because their BC is 0.749137
2025-03-15 20:44:02 INFO  ren0 [gaussian_mixture_model.h:183] Merging 9 and 2, because their BC is 0.734389
2025-03-15 20:44:02 INFO  ren0 [gaussian_mixture_model.h:183] Merging 7 and 6, because their BC is 0.731191
2025-03-15 20:44:02 INFO  ren0 [gaussian_mixture_model.h:183] Merging 8 and 7, because their BC is 0.730905
2025-03-15 20:44:02 INFO  ren0 [gaussian_mixture_model.h:183] Merging 9 and 8, because their BC is 0.360853
2025-03-15 20:44:02 INFO  ren0 [gaussian_mixture_model.h:183] Merging 9 and 8, because their BC is 0.360853
2025-03-15 20:44:02 INFO  ren0 [gaussian_mixture_model.h:183] Merging 9 and 8, because their BC is 0.360853
2025-03-15 20:44:02 INFO  ren0 [gaussian_mixture_model.h:200] components after the merge: 3, merged 10 component
2025-03-15 20:44:02 INFO  ren0 [gaussian_mixture_model.h:237] Ratio is 1.530608
2025-03-15 20:44:02 INFO  ren0 [gaussian_mixture_model.h:237] Ratio is 2.183486
2025-03-15 20:44:02 INFO  ren0 [gaussian_mixture_model.h:237] Ratio is 3.476065
2025-03-15 20:44:02 INFO  ren0 [gaussian_mixture_model.h:237] Ratio is 1.336477
2025-03-15 20:44:02 INFO  ren0 [gaussian_mixture_model.h:237] Ratio is 1.336477
2025-03-15 20:44:02 INFO  ren0 [gaussian_mixture_model.h:237] Ratio is 1.193423
2025-03-15 20:44:02 INFO  ren0 [gaussian_mixture_model.h:237] Ratio is 1.193423
2025-03-15 20:44:02 INFO  ren0 [gaussian_mixture_model.h:218] components after the split: 10, split 7 components
2025-03-15 20:44:02 INFO  ren0 [octree.h:482] root weight: 1.427e+05 (142662.015625)
2025-03-15 20:44:02 INFO  ren0 [octree.h:483] splitting threshold: 1.427e+02 (142.662018)
2025-03-15 20:44:02 INFO  ren0 [octree.h:482] root weight: 1.443e+05 (144282.828125)
2025-03-15 20:44:02 INFO  ren0 [octree.h:483] splitting threshold: 1.443e+02 (144.282837)
2025-03-15 20:44:02 INFO  ren0 [octree.h:498] node count: 524 -> 542 -> 512

2025-03-15 20:44:02 INFO  ren0 [octree.h:498] node count: 391 -> 402 -> 383

2025-03-15 20:44:02 INFO  ren0 [PMMFocalGuidingIntegrator] diverge probability: 0.503

2025-03-15 20:44:02 INFO  ren0 [PMMFocalGuidingIntegrator] iteration postprocessing time: 23.0879s
2025-03-15 20:44:02 INFO  ren0 [PMMFocalGuidingIntegrator] GMM[
weight = 0.211411 mean = [0.336839 1.08503 -0.586884] covariance = [[4.87069 0.0620619 -0.466407][0.0620619 3.23232 -0.50528][-0.466407 -0.50528 5.869]]
weight = 0.00458508 mean = [-13.0043 6.66855 1.33862] covariance = [[4.97416 -0.0588746 0.26017][-0.0588746 9.06094 0.0130386][0.26017 0.0130386 8.28014]]
weight = 0.0680078 mean = [-7.56855 2.75802 0.671619] covariance = [[5.44077 1.19728 -0.912806][1.19728 6.99572 0.477212][-0.912806 0.477212 7.11549]]
weight = 0.211411 mean = [3.24593 3.30988 0.915569] covariance = [[4.87069 0.0620619 -0.466407][0.0620619 3.23232 -0.50528][-0.466407 -0.50528 5.869]]
weight = 0.211411 mean = [0.372963 3.54721 -0.125092] covariance = [[4.87069 0.0620619 -0.466407][0.0620619 3.23232 -0.50528][-0.466407 -0.50528 5.869]]
weight = 0.211411 mean = [3.20981 0.847696 0.453777] covariance = [[4.87069 0.0620619 -0.466407][0.0620619 3.23232 -0.50528][-0.466407 -0.50528 5.869]]
weight = 0.00458508 mean = [-16.0837 2.36631 1.53244] covariance = [[4.97416 -0.0588746 0.26017][-0.0588746 9.06094 0.0130386][0.26017 0.0130386 8.28014]]
weight = 0.00458508 mean = [-16.1417 6.62281 1.58413] covariance = [[4.97416 -0.0588746 0.26017][-0.0588746 9.06094 0.0130386][0.26017 0.0130386 8.28014]]
weight = 0.00458508 mean = [-12.9463 2.41206 1.28693] covariance = [[4.97416 -0.0588746 0.26017][-0.0588746 9.06094 0.0130386][0.26017 0.0130386 8.28014]]
weight = 0.0680078 mean = [-5.58889 6.10799 0.279843] covariance = [[5.44077 1.19728 -0.912806][1.19728 6.99572 0.477212][-0.912806 0.477212 7.11549]]
]
2025-03-15 20:44:02 INFO  ren0 [PMMFocalGuidingIntegrator] Octree[
AABB: AABB3[min=[-21.7494, -3.70393, -3.09172], max=[7.19249, 11.2965, 6.96201]]
Nodes count: 512
]
2025-03-15 20:44:02 INFO  ren0 [PMMFocalGuidingIntegrator] Octree[
AABB: AABB3[min=[-21.7494, -3.70393, -3.09172], max=[7.19249, 11.2965, 6.96201]]
Nodes count: 383
]
2025-03-15 20:44:02 INFO  ren0 [PMMFocalGuidingIntegrator] Rendering 3 iteration
2025-03-15 20:44:02 INFO  ren0 [SamplingIntegrator] Starting render job (1280x720, 4 samples, 8 cores, SSE2 enabled) ..
2025-03-15 20:44:59 INFO  wrk0 [PMMFocalGuidingIntegrator] hit luminaire, value = [0, 0, 0]
2025-03-15 20:45:32 INFO  ren0 [PMMFocalGuidingIntegrator] iteration render time: 1.5088m
2025-03-15 20:45:32 INFO  ren0 [PMMFocalGuidingIntegrator] Got 99149 non-zero samples and 0 zero samples
2025-03-15 20:45:59 INFO  ren0 [gaussian_mixture_model.h:126] Components accumulated weight is: 1.000000
2025-03-15 20:45:59 INFO  ren0 [gaussian_mixture_model.h:173] exp(-dist) between 0 and 1 is 0.005971
2025-03-15 20:45:59 INFO  ren0 [gaussian_mixture_model.h:173] exp(-dist) between 0 and 2 is 0.229848
2025-03-15 20:45:59 INFO  ren0 [gaussian_mixture_model.h:173] exp(-dist) between 0 and 3 is 0.571175
2025-03-15 20:45:59 INFO  ren0 [gaussian_mixture_model.h:173] exp(-dist) between 0 and 4 is 0.772901
2025-03-15 20:45:59 INFO  ren0 [gaussian_mixture_model.h:173] exp(-dist) between 0 and 5 is 0.762001
2025-03-15 20:45:59 INFO  ren0 [gaussian_mixture_model.h:173] exp(-dist) between 0 and 6 is 0.003385
2025-03-15 20:45:59 INFO  ren0 [gaussian_mixture_model.h:173] exp(-dist) between 0 and 7 is 0.002231
2025-03-15 20:45:59 INFO  ren0 [gaussian_mixture_model.h:173] exp(-dist) between 0 and 8 is 0.011667
2025-03-15 20:45:59 INFO  ren0 [gaussian_mixture_model.h:173] exp(-dist) between 0 and 9 is 0.194380
2025-03-15 20:45:59 INFO  ren0 [gaussian_mixture_model.h:173] exp(-dist) between 1 and 2 is 0.329814
2025-03-15 20:45:59 INFO  ren0 [gaussian_mixture_model.h:173] exp(-dist) between 1 and 3 is 0.000689
2025-03-15 20:45:59 INFO  ren0 [gaussian_mixture_model.h:173] exp(-dist) between 1 and 4 is 0.012055
2025-03-15 20:45:59 INFO  ren0 [gaussian_mixture_model.h:173] exp(-dist) between 1 and 5 is 0.000346
2025-03-15 20:45:59 INFO  ren0 [gaussian_mixture_model.h:173] exp(-dist) between 1 and 6 is 0.560759
2025-03-15 20:45:59 INFO  ren0 [gaussian_mixture_model.h:173] exp(-dist) between 1 and 7 is 0.728117
2025-03-15 20:45:59 INFO  ren0 [gaussian_mixture_model.h:173] exp(-dist) between 1 and 8 is 0.731245
2025-03-15 20:45:59 INFO  ren0 [gaussian_mixture_model.h:173] exp(-dist) between 1 and 9 is 0.249662
2025-03-15 20:45:59 INFO  ren0 [gaussian_mixture_model.h:173] exp(-dist) between 2 and 3 is 0.059936
2025-03-15 20:45:59 INFO  ren0 [gaussian_mixture_model.h:173] exp(-dist) between 2 and 4 is 0.267609
2025-03-15 20:45:59 INFO  ren0 [gaussian_mixture_model.h:173] exp(-dist) between 2 and 5 is 0.051648
2025-03-15 20:45:59 INFO  ren0 [gaussian_mixture_model.h:173] exp(-dist) between 2 and 6 is 0.208620
2025-03-15 20:45:59 INFO  ren0 [gaussian_mixture_model.h:173] exp(-dist) between 2 and 7 is 0.140405
2025-03-15 20:45:59 INFO  ren0 [gaussian_mixture_model.h:173] exp(-dist) between 2 and 8 is 0.476843
2025-03-15 20:45:59 INFO  ren0 [gaussian_mixture_model.h:173] exp(-dist) between 2 and 9 is 0.734609
2025-03-15 20:45:59 INFO  ren0 [gaussian_mixture_model.h:173] exp(-dist) between 3 and 4 is 0.735023
2025-03-15 20:45:59 INFO  ren0 [gaussian_mixture_model.h:173] exp(-dist) between 3 and 5 is 0.761793
2025-03-15 20:45:59 INFO  ren0 [gaussian_mixture_model.h:173] exp(-dist) between 3 and 6 is 0.000191
2025-03-15 20:45:59 INFO  ren0 [gaussian_mixture_model.h:173] exp(-dist) between 3 and 7 is 0.000242
2025-03-15 20:45:59 INFO  ren0 [gaussian_mixture_model.h:173] exp(-dist) between 3 and 8 is 0.000677
2025-03-15 20:45:59 INFO  ren0 [gaussian_mixture_model.h:173] exp(-dist) between 3 and 9 is 0.123994
2025-03-15 20:45:59 INFO  ren0 [gaussian_mixture_model.h:173] exp(-dist) between 4 and 5 is 0.588324
2025-03-15 20:45:59 INFO  ren0 [gaussian_mixture_model.h:173] exp(-dist) between 4 and 6 is 0.003252
2025-03-15 20:45:59 INFO  ren0 [gaussian_mixture_model.h:173] exp(-dist) between 4 and 7 is 0.003770
2025-03-15 20:45:59 INFO  ren0 [gaussian_mixture_model.h:173] exp(-dist) between 4 and 8 is 0.011659
2025-03-15 20:45:59 INFO  ren0 [gaussian_mixture_model.h:173] exp(-dist) between 4 and 9 is 0.410437
2025-03-15 20:45:59 INFO  ren0 [gaussian_mixture_model.h:173] exp(-dist) between 5 and 6 is 0.000185
2025-03-15 20:45:59 INFO  ren0 [gaussian_mixture_model.h:173] exp(-dist) between 5 and 7 is 0.000152
2025-03-15 20:45:59 INFO  ren0 [gaussian_mixture_model.h:173] exp(-dist) between 5 and 8 is 0.000619
2025-03-15 20:45:59 INFO  ren0 [gaussian_mixture_model.h:173] exp(-dist) between 5 and 9 is 0.058025
2025-03-15 20:45:59 INFO  ren0 [gaussian_mixture_model.h:173] exp(-dist) between 6 and 7 is 0.708908
2025-03-15 20:45:59 INFO  ren0 [gaussian_mixture_model.h:173] exp(-dist) between 6 and 8 is 0.764913
2025-03-15 20:45:59 INFO  ren0 [gaussian_mixture_model.h:173] exp(-dist) between 6 and 9 is 0.088199
2025-03-15 20:45:59 INFO  ren0 [gaussian_mixture_model.h:173] exp(-dist) between 7 and 8 is 0.535241
2025-03-15 20:45:59 INFO  ren0 [gaussian_mixture_model.h:173] exp(-dist) between 7 and 9 is 0.091570
2025-03-15 20:45:59 INFO  ren0 [gaussian_mixture_model.h:173] exp(-dist) between 8 and 9 is 0.224823
2025-03-15 20:45:59 INFO  ren0 [gaussian_mixture_model.h:180] components before the merge: 10
2025-03-15 20:45:59 INFO  ren0 [gaussian_mixture_model.h:183] Merging 4 and 0, because their BC is 0.772901
2025-03-15 20:45:59 INFO  ren0 [gaussian_mixture_model.h:183] Merging 8 and 6, because their BC is 0.764913
2025-03-15 20:45:59 INFO  ren0 [gaussian_mixture_model.h:183] Merging 5 and 3, because their BC is 0.761793
2025-03-15 20:45:59 INFO  ren0 [gaussian_mixture_model.h:183] Merging 5 and 4, because their BC is 0.749164
2025-03-15 20:45:59 INFO  ren0 [gaussian_mixture_model.h:183] Merging 9 and 2, because their BC is 0.734609
2025-03-15 20:45:59 INFO  ren0 [gaussian_mixture_model.h:183] Merging 7 and 1, because their BC is 0.728117
2025-03-15 20:45:59 INFO  ren0 [gaussian_mixture_model.h:183] Merging 8 and 7, because their BC is 0.720446
2025-03-15 20:45:59 INFO  ren0 [gaussian_mixture_model.h:183] Merging 9 and 8, because their BC is 0.330209
2025-03-15 20:45:59 INFO  ren0 [gaussian_mixture_model.h:183] Merging 9 and 8, because their BC is 0.330209
2025-03-15 20:45:59 INFO  ren0 [gaussian_mixture_model.h:183] Merging 9 and 8, because their BC is 0.330209
2025-03-15 20:45:59 INFO  ren0 [gaussian_mixture_model.h:200] components after the merge: 3, merged 10 component
2025-03-15 20:45:59 INFO  ren0 [gaussian_mixture_model.h:237] Ratio is 1.540901
2025-03-15 20:45:59 INFO  ren0 [gaussian_mixture_model.h:237] Ratio is 2.170548
2025-03-15 20:45:59 INFO  ren0 [gaussian_mixture_model.h:237] Ratio is 2.969980
2025-03-15 20:45:59 INFO  ren0 [gaussian_mixture_model.h:237] Ratio is 1.410103
2025-03-15 20:45:59 INFO  ren0 [gaussian_mixture_model.h:237] Ratio is 1.410103
2025-03-15 20:45:59 INFO  ren0 [gaussian_mixture_model.h:237] Ratio is 1.150572
2025-03-15 20:45:59 INFO  ren0 [gaussian_mixture_model.h:237] Ratio is 1.150572
2025-03-15 20:45:59 INFO  ren0 [gaussian_mixture_model.h:218] components after the split: 10, split 7 components
2025-03-15 20:45:59 INFO  ren0 [octree.h:482] root weight: 1.377e+05 (137747.453125)
2025-03-15 20:45:59 INFO  ren0 [octree.h:483] splitting threshold: 1.377e+02 (137.747467)
2025-03-15 20:45:59 INFO  ren0 [octree.h:482] root weight: 1.368e+05 (136767.875000)
2025-03-15 20:45:59 INFO  ren0 [octree.h:483] splitting threshold: 1.368e+02 (136.767883)
2025-03-15 20:45:59 INFO  ren0 [octree.h:498] node count: 512 -> 552 -> 530

2025-03-15 20:45:59 INFO  ren0 [octree.h:498] node count: 383 -> 395 -> 385

2025-03-15 20:45:59 INFO  ren0 [PMMFocalGuidingIntegrator] diverge probability: 0.498

2025-03-15 20:45:59 INFO  ren0 [PMMFocalGuidingIntegrator] iteration postprocessing time: 26.8521s
2025-03-15 20:45:59 INFO  ren0 [PMMFocalGuidingIntegrator] GMM[
weight = 0.207669 mean = [0.0599263 2.11541 0.397494] covariance = [[3.85278 -0.0376129 0.511786][-0.0376129 5.33552 0.244329][0.511786 0.244329 3.22146]]
weight = 0.00442024 mean = [-15.96 6.24128 2.11018] covariance = [[5.14696 -0.243075 1.26834][-0.243075 8.56077 0.08846][1.26834 0.08846 7.32131]]
weight = 0.0758207 mean = [-7.12064 2.70517 0.619184] covariance = [[5.84204 0.919699 -0.634984][0.919699 6.95855 0.312354][-0.634984 0.312354 6.7722]]
weight = 0.207669 mean = [3.73968 2.14767 -0.34446] covariance = [[3.85278 -0.0376129 0.511786][-0.0376129 5.33552 0.244329][0.511786 0.244329 3.22146]]
weight = 0.207669 mean = [1.21683 2.34584 -1.70861] covariance = [[3.85278 -0.0376129 0.511786][-0.0376129 5.33552 0.244329][0.511786 0.244329 3.22146]]
weight = 0.207669 mean = [2.58277 1.91724 1.76164] covariance = [[3.85278 -0.0376129 0.511786][-0.0376129 5.33552 0.244329][0.511786 0.244329 3.22146]]
weight = 0.00442024 mean = [-12.93 2.30316 0.86111] covariance = [[5.14696 -0.243075 1.26834][-0.243075 8.56077 0.08846][1.26834 0.08846 7.32131]]
weight = 0.00442024 mean = [-13.2254 6.43458 0.853785] covariance = [[5.14696 -0.243075 1.26834][-0.243075 8.56077 0.08846][1.26834 0.08846 7.32131]]
weight = 0.00442024 mean = [-15.6646 2.10985 2.1175] covariance = [[5.14696 -0.243075 1.26834][-0.243075 8.56077 0.08846][1.26834 0.08846 7.32131]]
weight = 0.0758207 mean = [-5.13996 6.01193 0.301285] covariance = [[5.84204 0.919699 -0.634984][0.919699 6.95855 0.312354][-0.634984 0.312354 6.7722]]
]
2025-03-15 20:45:59 INFO  ren0 [PMMFocalGuidingIntegrator] Octree[
AABB: AABB3[min=[-21.7494, -3.70393, -3.09172], max=[7.19249, 11.2965, 6.96201]]
Nodes count: 530
]
2025-03-15 20:45:59 INFO  ren0 [PMMFocalGuidingIntegrator] Octree[
AABB: AABB3[min=[-21.7494, -3.70393, -3.09172], max=[7.19249, 11.2965, 6.96201]]
Nodes count: 385
]
2025-03-15 20:45:59 INFO  ren0 [PMMFocalGuidingIntegrator] Rendering 4 iteration
2025-03-15 20:45:59 INFO  ren0 [SamplingIntegrator] Starting render job (1280x720, 4 samples, 8 cores, SSE2 enabled) ..
2025-03-15 20:47:28 INFO  ren0 [PMMFocalGuidingIntegrator] iteration render time: 1.4863m
2025-03-15 20:47:28 INFO  ren0 [PMMFocalGuidingIntegrator] Got 119397 non-zero samples and 0 zero samples
2025-03-15 20:48:10 INFO  ren0 [gaussian_mixture_model.h:126] Components accumulated weight is: 1.000000
2025-03-15 20:48:10 INFO  ren0 [gaussian_mixture_model.h:173] exp(-dist) between 0 and 1 is 0.002826
2025-03-15 20:48:10 INFO  ren0 [gaussian_mixture_model.h:173] exp(-dist) between 0 and 2 is 0.344618
2025-03-15 20:48:10 INFO  ren0 [gaussian_mixture_model.h:173] exp(-dist) between 0 and 3 is 0.581163
2025-03-15 20:48:10 INFO  ren0 [gaussian_mixture_model.h:173] exp(-dist) between 0 and 4 is 0.757959
2025-03-15 20:48:10 INFO  ren0 [gaussian_mixture_model.h:173] exp(-dist) between 0 and 5 is 0.727334
2025-03-15 20:48:10 INFO  ren0 [gaussian_mixture_model.h:173] exp(-dist) between 0 and 6 is 0.010816
2025-03-15 20:48:10 INFO  ren0 [gaussian_mixture_model.h:173] exp(-dist) between 0 and 7 is 0.008188
2025-03-15 20:48:10 INFO  ren0 [gaussian_mixture_model.h:173] exp(-dist) between 0 and 8 is 0.003313
2025-03-15 20:48:10 INFO  ren0 [gaussian_mixture_model.h:173] exp(-dist) between 0 and 9 is 0.402335
2025-03-15 20:48:10 INFO  ren0 [gaussian_mixture_model.h:173] exp(-dist) between 1 and 2 is 0.141788
2025-03-15 20:48:10 INFO  ren0 [gaussian_mixture_model.h:173] exp(-dist) between 1 and 3 is 0.000050
2025-03-15 20:48:10 INFO  ren0 [gaussian_mixture_model.h:173] exp(-dist) between 1 and 4 is 0.000428
2025-03-15 20:48:10 INFO  ren0 [gaussian_mixture_model.h:173] exp(-dist) between 1 and 5 is 0.000379
2025-03-15 20:48:10 INFO  ren0 [gaussian_mixture_model.h:173] exp(-dist) between 1 and 6 is 0.535732
2025-03-15 20:48:10 INFO  ren0 [gaussian_mixture_model.h:173] exp(-dist) between 1 and 7 is 0.733127
2025-03-15 20:48:10 INFO  ren0 [gaussian_mixture_model.h:173] exp(-dist) between 1 and 8 is 0.701020
2025-03-15 20:48:10 INFO  ren0 [gaussian_mixture_model.h:173] exp(-dist) between 1 and 9 is 0.078706
2025-03-15 20:48:10 INFO  ren0 [gaussian_mixture_model.h:173] exp(-dist) between 2 and 3 is 0.050675
2025-03-15 20:48:10 INFO  ren0 [gaussian_mixture_model.h:173] exp(-dist) between 2 and 4 is 0.149208
2025-03-15 20:48:10 INFO  ren0 [gaussian_mixture_model.h:173] exp(-dist) between 2 and 5 is 0.113849
2025-03-15 20:48:10 INFO  ren0 [gaussian_mixture_model.h:173] exp(-dist) between 2 and 6 is 0.439089
2025-03-15 20:48:10 INFO  ren0 [gaussian_mixture_model.h:173] exp(-dist) between 2 and 7 is 0.309263
2025-03-15 20:48:10 INFO  ren0 [gaussian_mixture_model.h:173] exp(-dist) between 2 and 8 is 0.205605
2025-03-15 20:48:10 INFO  ren0 [gaussian_mixture_model.h:173] exp(-dist) between 2 and 9 is 0.746928
2025-03-15 20:48:10 INFO  ren0 [gaussian_mixture_model.h:173] exp(-dist) between 3 and 4 is 0.774751
2025-03-15 20:48:10 INFO  ren0 [gaussian_mixture_model.h:173] exp(-dist) between 3 and 5 is 0.734562
2025-03-15 20:48:10 INFO  ren0 [gaussian_mixture_model.h:173] exp(-dist) between 3 and 6 is 0.000117
2025-03-15 20:48:10 INFO  ren0 [gaussian_mixture_model.h:173] exp(-dist) between 3 and 7 is 0.000115
2025-03-15 20:48:10 INFO  ren0 [gaussian_mixture_model.h:173] exp(-dist) between 3 and 8 is 0.000044
2025-03-15 20:48:10 INFO  ren0 [gaussian_mixture_model.h:173] exp(-dist) between 3 and 9 is 0.085699
2025-03-15 20:48:10 INFO  ren0 [gaussian_mixture_model.h:173] exp(-dist) between 4 and 5 is 0.544929
2025-03-15 20:48:10 INFO  ren0 [gaussian_mixture_model.h:173] exp(-dist) between 4 and 6 is 0.001269
2025-03-15 20:48:10 INFO  ren0 [gaussian_mixture_model.h:173] exp(-dist) between 4 and 7 is 0.001378
2025-03-15 20:48:10 INFO  ren0 [gaussian_mixture_model.h:173] exp(-dist) between 4 and 8 is 0.000373
2025-03-15 20:48:10 INFO  ren0 [gaussian_mixture_model.h:173] exp(-dist) between 4 and 9 is 0.228851
2025-03-15 20:48:10 INFO  ren0 [gaussian_mixture_model.h:173] exp(-dist) between 5 and 6 is 0.001263
2025-03-15 20:48:10 INFO  ren0 [gaussian_mixture_model.h:173] exp(-dist) between 5 and 7 is 0.000976
2025-03-15 20:48:10 INFO  ren0 [gaussian_mixture_model.h:173] exp(-dist) between 5 and 8 is 0.000413
2025-03-15 20:48:10 INFO  ren0 [gaussian_mixture_model.h:173] exp(-dist) between 5 and 9 is 0.151249
2025-03-15 20:48:10 INFO  ren0 [gaussian_mixture_model.h:173] exp(-dist) between 6 and 7 is 0.733830
2025-03-15 20:48:10 INFO  ren0 [gaussian_mixture_model.h:173] exp(-dist) between 6 and 8 is 0.759530
2025-03-15 20:48:10 INFO  ren0 [gaussian_mixture_model.h:173] exp(-dist) between 6 and 9 is 0.186952
2025-03-15 20:48:10 INFO  ren0 [gaussian_mixture_model.h:173] exp(-dist) between 7 and 8 is 0.561163
2025-03-15 20:48:10 INFO  ren0 [gaussian_mixture_model.h:173] exp(-dist) between 7 and 9 is 0.210800
2025-03-15 20:48:10 INFO  ren0 [gaussian_mixture_model.h:173] exp(-dist) between 8 and 9 is 0.073638
2025-03-15 20:48:10 INFO  ren0 [gaussian_mixture_model.h:180] components before the merge: 10
2025-03-15 20:48:10 INFO  ren0 [gaussian_mixture_model.h:183] Merging 4 and 3, because their BC is 0.774751
2025-03-15 20:48:10 INFO  ren0 [gaussian_mixture_model.h:183] Merging 8 and 6, because their BC is 0.759530
2025-03-15 20:48:10 INFO  ren0 [gaussian_mixture_model.h:183] Merging 9 and 2, because their BC is 0.746928
2025-03-15 20:48:10 INFO  ren0 [gaussian_mixture_model.h:183] Merging 7 and 1, because their BC is 0.733127
2025-03-15 20:48:10 INFO  ren0 [gaussian_mixture_model.h:183] Merging 5 and 0, because their BC is 0.727334
2025-03-15 20:48:10 INFO  ren0 [gaussian_mixture_model.h:183] Merging 5 and 4, because their BC is 0.744351
2025-03-15 20:48:10 INFO  ren0 [gaussian_mixture_model.h:183] Merging 8 and 7, because their BC is 0.717453
2025-03-15 20:48:10 INFO  ren0 [gaussian_mixture_model.h:200] components after the merge: 3, merged 7 component
2025-03-15 20:48:10 INFO  ren0 [gaussian_mixture_model.h:237] Ratio is 1.598585
2025-03-15 20:48:10 INFO  ren0 [gaussian_mixture_model.h:237] Ratio is 2.125266
2025-03-15 20:48:10 INFO  ren0 [gaussian_mixture_model.h:237] Ratio is 2.303403
2025-03-15 20:48:10 INFO  ren0 [gaussian_mixture_model.h:237] Ratio is 1.432979
2025-03-15 20:48:10 INFO  ren0 [gaussian_mixture_model.h:237] Ratio is 1.432979
2025-03-15 20:48:10 INFO  ren0 [gaussian_mixture_model.h:237] Ratio is 1.079659
2025-03-15 20:48:10 INFO  ren0 [gaussian_mixture_model.h:237] Ratio is 1.079659
2025-03-15 20:48:10 INFO  ren0 [gaussian_mixture_model.h:218] components after the split: 10, split 7 components
2025-03-15 20:48:10 INFO  ren0 [octree.h:482] root weight: 1.591e+05 (159085.078125)
2025-03-15 20:48:10 INFO  ren0 [octree.h:483] splitting threshold: 1.591e+02 (159.085083)
2025-03-15 20:48:10 INFO  ren0 [octree.h:482] root weight: 1.466e+05 (146636.093750)
2025-03-15 20:48:10 INFO  ren0 [octree.h:483] splitting threshold: 1.466e+02 (146.636093)
2025-03-15 20:48:10 INFO  ren0 [octree.h:498] node count: 530 -> 557 -> 543

2025-03-15 20:48:10 INFO  ren0 [octree.h:498] node count: 385 -> 393 -> 387

2025-03-15 20:48:10 INFO  ren0 [PMMFocalGuidingIntegrator] diverge probability: 0.480

2025-03-15 20:48:10 INFO  ren0 [PMMFocalGuidingIntegrator] iteration postprocessing time: 41.4693s
2025-03-15 20:48:10 INFO  ren0 [PMMFocalGuidingIntegrator] GMM[
weight = 0.20526 mean = [1.00836 1.06902 -1.21039] covariance = [[4.13417 0.216011 -0.416516][0.216011 2.84419 -0.417309][-0.416516 -0.417309 4.31075]]
weight = 0.00419994 mean = [-16.0567 5.96104 1.7932] covariance = [[4.38132 -0.47105 0.490301][-0.47105 8.32516 0.055467][0.490301 0.055467 7.81832]]
weight = 0.0810804 mean = [-6.60338 2.55783 0.73176] covariance = [[6.03967 0.315601 -0.208325][0.315601 6.57658 0.118701][-0.208325 0.118701 6.79835]]
weight = 0.20526 mean = [3.03167 3.116 0.974911] covariance = [[4.13417 0.216011 -0.416516][0.216011 2.84419 -0.417309][-0.416516 -0.417309 4.31075]]
weight = 0.20526 mean = [0.823146 3.33128 -0.663486] covariance = [[4.13417 0.216011 -0.416516][0.216011 2.84419 -0.417309][-0.416516 -0.417309 4.31075]]
weight = 0.20526 mean = [3.21687 0.853741 0.428004] covariance = [[4.13417 0.216011 -0.416516][0.216011 2.84419 -0.417309][-0.416516 -0.417309 4.31075]]
weight = 0.00419994 mean = [-12.705 2.23328 1.41115] covariance = [[4.38132 -0.47105 0.490301][-0.47105 8.32516 0.055467][0.490301 0.055467 7.81832]]
weight = 0.00419994 mean = [-13.1861 6.29892 1.39267] covariance = [[4.38132 -0.47105 0.490301][-0.47105 8.32516 0.055467][0.490301 0.055467 7.81832]]
weight = 0.00419994 mean = [-15.5756 1.89539 1.81167] covariance = [[4.38132 -0.47105 0.490301][-0.47105 8.32516 0.055467][0.490301 0.055467 7.81832]]
weight = 0.0810804 mean = [-4.94964 5.79126 0.232358] covariance = [[6.03967 0.315601 -0.208325][0.315601 6.57658 0.118701][-0.208325 0.118701 6.79835]]
]
2025-03-15 20:48:10 INFO  ren0 [PMMFocalGuidingIntegrator] Octree[
AABB: AABB3[min=[-21.7494, -3.70393, -3.09172], max=[7.19249, 11.2965, 6.96201]]
Nodes count: 543
]
2025-03-15 20:48:10 INFO  ren0 [PMMFocalGuidingIntegrator] Octree[
AABB: AABB3[min=[-21.7494, -3.70393, -3.09172], max=[7.19249, 11.2965, 6.96201]]
Nodes count: 387
]
2025-03-15 20:48:10 INFO  ren0 [PMMFocalGuidingIntegrator] Rendering 5 iteration
2025-03-15 20:48:10 INFO  ren0 [SamplingIntegrator] Starting render job (1280x720, 4 samples, 8 cores, SSE2 enabled) ..
2025-03-15 20:49:58 INFO  ren0 [PMMFocalGuidingIntegrator] iteration render time: 1.8068m
2025-03-15 20:49:58 INFO  ren0 [PMMFocalGuidingIntegrator] Got 137653 non-zero samples and 0 zero samples
2025-03-15 20:50:39 INFO  ren0 [gaussian_mixture_model.h:126] Components accumulated weight is: 1.000000
2025-03-15 20:50:39 INFO  ren0 [gaussian_mixture_model.h:173] exp(-dist) between 0 and 1 is 0.000577
2025-03-15 20:50:39 INFO  ren0 [gaussian_mixture_model.h:173] exp(-dist) between 0 and 2 is 0.214637
2025-03-15 20:50:39 INFO  ren0 [gaussian_mixture_model.h:173] exp(-dist) between 0 and 3 is 0.568421
2025-03-15 20:50:39 INFO  ren0 [gaussian_mixture_model.h:173] exp(-dist) between 0 and 4 is 0.781085
2025-03-15 20:50:39 INFO  ren0 [gaussian_mixture_model.h:173] exp(-dist) between 0 and 5 is 0.762200
2025-03-15 20:50:39 INFO  ren0 [gaussian_mixture_model.h:173] exp(-dist) between 0 and 6 is 0.002306
2025-03-15 20:50:39 INFO  ren0 [gaussian_mixture_model.h:173] exp(-dist) between 0 and 7 is 0.001243
2025-03-15 20:50:39 INFO  ren0 [gaussian_mixture_model.h:173] exp(-dist) between 0 and 8 is 0.000895
2025-03-15 20:50:39 INFO  ren0 [gaussian_mixture_model.h:173] exp(-dist) between 0 and 9 is 0.189968
2025-03-15 20:50:39 INFO  ren0 [gaussian_mixture_model.h:173] exp(-dist) between 1 and 2 is 0.122268
2025-03-15 20:50:39 INFO  ren0 [gaussian_mixture_model.h:173] exp(-dist) between 1 and 3 is 0.000172
2025-03-15 20:50:39 INFO  ren0 [gaussian_mixture_model.h:173] exp(-dist) between 1 and 4 is 0.001290
2025-03-15 20:50:39 INFO  ren0 [gaussian_mixture_model.h:173] exp(-dist) between 1 and 5 is 0.000099
2025-03-15 20:50:39 INFO  ren0 [gaussian_mixture_model.h:173] exp(-dist) between 1 and 6 is 0.544945
2025-03-15 20:50:39 INFO  ren0 [gaussian_mixture_model.h:173] exp(-dist) between 1 and 7 is 0.731060
2025-03-15 20:50:39 INFO  ren0 [gaussian_mixture_model.h:173] exp(-dist) between 1 and 8 is 0.705062
2025-03-15 20:50:39 INFO  ren0 [gaussian_mixture_model.h:173] exp(-dist) between 1 and 9 is 0.074459
2025-03-15 20:50:39 INFO  ren0 [gaussian_mixture_model.h:173] exp(-dist) between 2 and 3 is 0.112744
2025-03-15 20:50:39 INFO  ren0 [gaussian_mixture_model.h:173] exp(-dist) between 2 and 4 is 0.285233
2025-03-15 20:50:39 INFO  ren0 [gaussian_mixture_model.h:173] exp(-dist) between 2 and 5 is 0.095549
2025-03-15 20:50:39 INFO  ren0 [gaussian_mixture_model.h:173] exp(-dist) between 2 and 6 is 0.384481
2025-03-15 20:50:39 INFO  ren0 [gaussian_mixture_model.h:173] exp(-dist) between 2 and 7 is 0.269528
2025-03-15 20:50:39 INFO  ren0 [gaussian_mixture_model.h:173] exp(-dist) between 2 and 8 is 0.179068
2025-03-15 20:50:39 INFO  ren0 [gaussian_mixture_model.h:173] exp(-dist) between 2 and 9 is 0.740630
2025-03-15 20:50:39 INFO  ren0 [gaussian_mixture_model.h:173] exp(-dist) between 3 and 4 is 0.736942
2025-03-15 20:50:39 INFO  ren0 [gaussian_mixture_model.h:173] exp(-dist) between 3 and 5 is 0.759264
2025-03-15 20:50:39 INFO  ren0 [gaussian_mixture_model.h:173] exp(-dist) between 3 and 6 is 0.000480
2025-03-15 20:50:39 INFO  ren0 [gaussian_mixture_model.h:173] exp(-dist) between 3 and 7 is 0.000410
2025-03-15 20:50:39 INFO  ren0 [gaussian_mixture_model.h:173] exp(-dist) between 3 and 8 is 0.000199
2025-03-15 20:50:39 INFO  ren0 [gaussian_mixture_model.h:173] exp(-dist) between 3 and 9 is 0.187961
2025-03-15 20:50:39 INFO  ren0 [gaussian_mixture_model.h:173] exp(-dist) between 4 and 5 is 0.598267
2025-03-15 20:50:39 INFO  ren0 [gaussian_mixture_model.h:173] exp(-dist) between 4 and 6 is 0.003853
2025-03-15 20:50:39 INFO  ren0 [gaussian_mixture_model.h:173] exp(-dist) between 4 and 7 is 0.003596
2025-03-15 20:50:39 INFO  ren0 [gaussian_mixture_model.h:173] exp(-dist) between 4 and 8 is 0.001405
2025-03-15 20:50:39 INFO  ren0 [gaussian_mixture_model.h:173] exp(-dist) between 4 and 9 is 0.410065
2025-03-15 20:50:39 INFO  ren0 [gaussian_mixture_model.h:173] exp(-dist) between 5 and 6 is 0.000342
2025-03-15 20:50:39 INFO  ren0 [gaussian_mixture_model.h:173] exp(-dist) between 5 and 7 is 0.000181
2025-03-15 20:50:39 INFO  ren0 [gaussian_mixture_model.h:173] exp(-dist) between 5 and 8 is 0.000154
2025-03-15 20:50:39 INFO  ren0 [gaussian_mixture_model.h:173] exp(-dist) between 5 and 9 is 0.093775
2025-03-15 20:50:39 INFO  ren0 [gaussian_mixture_model.h:173] exp(-dist) between 6 and 7 is 0.735099
2025-03-15 20:50:39 INFO  ren0 [gaussian_mixture_model.h:173] exp(-dist) between 6 and 8 is 0.765177
2025-03-15 20:50:39 INFO  ren0 [gaussian_mixture_model.h:173] exp(-dist) between 6 and 9 is 0.178837
2025-03-15 20:50:39 INFO  ren0 [gaussian_mixture_model.h:173] exp(-dist) between 7 and 8 is 0.560944
2025-03-15 20:50:39 INFO  ren0 [gaussian_mixture_model.h:173] exp(-dist) between 7 and 9 is 0.193119
2025-03-15 20:50:39 INFO  ren0 [gaussian_mixture_model.h:173] exp(-dist) between 8 and 9 is 0.076451
2025-03-15 20:50:39 INFO  ren0 [gaussian_mixture_model.h:180] components before the merge: 10
2025-03-15 20:50:39 INFO  ren0 [gaussian_mixture_model.h:183] Merging 4 and 0, because their BC is 0.781085
2025-03-15 20:50:39 INFO  ren0 [gaussian_mixture_model.h:183] Merging 8 and 6, because their BC is 0.765177
2025-03-15 20:50:39 INFO  ren0 [gaussian_mixture_model.h:183] Merging 5 and 3, because their BC is 0.759264
2025-03-15 20:50:39 INFO  ren0 [gaussian_mixture_model.h:183] Merging 5 and 4, because their BC is 0.749720
2025-03-15 20:50:39 INFO  ren0 [gaussian_mixture_model.h:183] Merging 9 and 2, because their BC is 0.740630
2025-03-15 20:50:39 INFO  ren0 [gaussian_mixture_model.h:183] Merging 7 and 1, because their BC is 0.731060
2025-03-15 20:50:39 INFO  ren0 [gaussian_mixture_model.h:183] Merging 8 and 7, because their BC is 0.720194
2025-03-15 20:50:39 INFO  ren0 [gaussian_mixture_model.h:200] components after the merge: 3, merged 7 component
2025-03-15 20:50:39 INFO  ren0 [gaussian_mixture_model.h:237] Ratio is 1.587949
2025-03-15 20:50:39 INFO  ren0 [gaussian_mixture_model.h:237] Ratio is 2.125628
2025-03-15 20:50:39 INFO  ren0 [gaussian_mixture_model.h:237] Ratio is 2.052764
2025-03-15 20:50:39 INFO  ren0 [gaussian_mixture_model.h:237] Ratio is 1.333910
2025-03-15 20:50:39 INFO  ren0 [gaussian_mixture_model.h:237] Ratio is 1.333910
2025-03-15 20:50:39 INFO  ren0 [gaussian_mixture_model.h:237] Ratio is 1.062814
2025-03-15 20:50:39 INFO  ren0 [gaussian_mixture_model.h:237] Ratio is 1.062814
2025-03-15 20:50:39 INFO  ren0 [gaussian_mixture_model.h:218] components after the split: 10, split 7 components
2025-03-15 20:50:39 INFO  ren0 [octree.h:482] root weight: 1.609e+05 (160926.703125)
2025-03-15 20:50:39 INFO  ren0 [octree.h:483] splitting threshold: 1.609e+02 (160.926712)
2025-03-15 20:50:39 INFO  ren0 [octree.h:482] root weight: 1.428e+05 (142832.281250)
2025-03-15 20:50:39 INFO  ren0 [octree.h:483] splitting threshold: 1.428e+02 (142.832291)
2025-03-15 20:50:39 INFO  ren0 [octree.h:498] node count: 543 -> 567 -> 556

2025-03-15 20:50:39 INFO  ren0 [octree.h:498] node count: 387 -> 394 -> 382

2025-03-15 20:50:39 INFO  ren0 [PMMFocalGuidingIntegrator] diverge probability: 0.470

2025-03-15 20:50:39 INFO  ren0 [PMMFocalGuidingIntegrator] iteration postprocessing time: 40.5980s
2025-03-15 20:50:39 INFO  ren0 [PMMFocalGuidingIntegrator] GMM[
weight = 0.202283 mean = [0.374412 2.15372 -0.314354] covariance = [[3.02023 0.108362 0.581982][0.108362 4.43602 -0.0395647][0.581982 -0.0395647 2.87013]]
weight = 0.00413517 mean = [-14.4081 4.46888 1.7139] covariance = [[7.73346 0.618839 -0.111426][0.618839 4.23315 0.0605265][-0.111426 0.0605265 7.89078]]
weight = 0.0871642 mean = [-6.26143 2.60467 0.671209] covariance = [[6.45913 0.0727939 -0.0089434][0.0727939 6.54798 0.0309358][-0.0089434 0.0309358 6.76581]]
weight = 0.202283 mean = [3.79126 1.8883 -0.176973] covariance = [[3.02023 0.108362 0.581982][0.108362 4.43602 -0.0395647][0.581982 -0.0395647 2.87013]]
weight = 0.202283 mean = [1.80907 2.04822 -1.9384] covariance = [[3.02023 0.108362 0.581982][0.108362 4.43602 -0.0395647][0.581982 -0.0395647 2.87013]]
weight = 0.202283 mean = [2.35661 1.9938 1.44707] covariance = [[3.02023 0.108362 0.581982][0.108362 4.43602 -0.0395647][0.581982 -0.0395647 2.87013]]
weight = 0.00413517 mean = [-14.2063 3.2966 1.73872] covariance = [[7.73346 0.618839 -0.111426][0.618839 4.23315 0.0605265][-0.111426 0.0605265 7.89078]]
weight = 0.00413517 mean = [-14.8954 7.29901 1.65399] covariance = [[7.73346 0.618839 -0.111426][0.618839 4.23315 0.0605265][-0.111426 0.0605265 7.89078]]
weight = 0.00413517 mean = [-13.7191 0.466468 1.79863] covariance = [[7.73346 0.618839 -0.111426][0.618839 4.23315 0.0605265][-0.111426 0.0605265 7.89078]]
weight = 0.0871642 mean = [-4.44578 5.71553 0.226198] covariance = [[6.45913 0.0727939 -0.0089434][0.0727939 6.54798 0.0309358][-0.0089434 0.0309358 6.76581]]
]
2025-03-15 20:50:39 INFO  ren0 [PMMFocalGuidingIntegrator] Octree[
AABB: AABB3[min=[-21.7494, -3.70393, -3.09172], max=[7.19249, 11.2965, 6.96201]]
Nodes count: 556
]
2025-03-15 20:50:39 INFO  ren0 [PMMFocalGuidingIntegrator] Octree[
AABB: AABB3[min=[-21.7494, -3.70393, -3.09172], max=[7.19249, 11.2965, 6.96201]]
Nodes count: 382
]
2025-03-15 20:50:39 INFO  ren0 [PMMFocalGuidingIntegrator] Rendering 6 iteration
2025-03-15 20:50:39 INFO  ren0 [SamplingIntegrator] Starting render job (1280x720, 4 samples, 8 cores, SSE2 enabled) ..
2025-03-15 20:52:23 INFO  ren0 [PMMFocalGuidingIntegrator] iteration render time: 1.7374m
2025-03-15 20:52:23 INFO  ren0 [PMMFocalGuidingIntegrator] Got 158982 non-zero samples and 0 zero samples
2025-03-15 20:53:10 INFO  ren0 [gaussian_mixture_model.h:126] Components accumulated weight is: 1.000000
2025-03-15 20:53:10 INFO  ren0 [gaussian_mixture_model.h:173] exp(-dist) between 0 and 1 is 0.008335
2025-03-15 20:53:10 INFO  ren0 [gaussian_mixture_model.h:173] exp(-dist) between 0 and 2 is 0.339646
2025-03-15 20:53:10 INFO  ren0 [gaussian_mixture_model.h:173] exp(-dist) between 0 and 3 is 0.580336
2025-03-15 20:53:10 INFO  ren0 [gaussian_mixture_model.h:173] exp(-dist) between 0 and 4 is 0.755067
2025-03-15 20:53:10 INFO  ren0 [gaussian_mixture_model.h:173] exp(-dist) between 0 and 5 is 0.731894
2025-03-15 20:53:10 INFO  ren0 [gaussian_mixture_model.h:173] exp(-dist) between 0 and 6 is 0.010606
2025-03-15 20:53:10 INFO  ren0 [gaussian_mixture_model.h:173] exp(-dist) between 0 and 7 is 0.003591
2025-03-15 20:53:10 INFO  ren0 [gaussian_mixture_model.h:173] exp(-dist) between 0 and 8 is 0.010337
2025-03-15 20:53:10 INFO  ren0 [gaussian_mixture_model.h:173] exp(-dist) between 0 and 9 is 0.421897
2025-03-15 20:53:10 INFO  ren0 [gaussian_mixture_model.h:173] exp(-dist) between 1 and 2 is 0.288290
2025-03-15 20:53:10 INFO  ren0 [gaussian_mixture_model.h:173] exp(-dist) between 1 and 3 is 0.000478
2025-03-15 20:53:10 INFO  ren0 [gaussian_mixture_model.h:173] exp(-dist) between 1 and 4 is 0.001547
2025-03-15 20:53:10 INFO  ren0 [gaussian_mixture_model.h:173] exp(-dist) between 1 and 5 is 0.002371
2025-03-15 20:53:10 INFO  ren0 [gaussian_mixture_model.h:173] exp(-dist) between 1 and 6 is 0.948036
2025-03-15 20:53:10 INFO  ren0 [gaussian_mixture_model.h:173] exp(-dist) between 1 and 7 is 0.778527
2025-03-15 20:53:10 INFO  ren0 [gaussian_mixture_model.h:173] exp(-dist) between 1 and 8 is 0.548710
2025-03-15 20:53:10 INFO  ren0 [gaussian_mixture_model.h:173] exp(-dist) between 1 and 9 is 0.186059
2025-03-15 20:53:10 INFO  ren0 [gaussian_mixture_model.h:173] exp(-dist) between 2 and 3 is 0.073026
2025-03-15 20:53:10 INFO  ren0 [gaussian_mixture_model.h:173] exp(-dist) between 2 and 4 is 0.131068
2025-03-15 20:53:10 INFO  ren0 [gaussian_mixture_model.h:173] exp(-dist) between 2 and 5 is 0.174061
2025-03-15 20:53:10 INFO  ren0 [gaussian_mixture_model.h:173] exp(-dist) between 2 and 6 is 0.341401
2025-03-15 20:53:10 INFO  ren0 [gaussian_mixture_model.h:173] exp(-dist) between 2 and 7 is 0.149455
2025-03-15 20:53:10 INFO  ren0 [gaussian_mixture_model.h:173] exp(-dist) between 2 and 8 is 0.337208
2025-03-15 20:53:10 INFO  ren0 [gaussian_mixture_model.h:173] exp(-dist) between 2 and 9 is 0.752379
2025-03-15 20:53:10 INFO  ren0 [gaussian_mixture_model.h:173] exp(-dist) between 3 and 4 is 0.764028
2025-03-15 20:53:10 INFO  ren0 [gaussian_mixture_model.h:173] exp(-dist) between 3 and 5 is 0.743552
2025-03-15 20:53:10 INFO  ren0 [gaussian_mixture_model.h:173] exp(-dist) between 3 and 6 is 0.000629
2025-03-15 20:53:10 INFO  ren0 [gaussian_mixture_model.h:173] exp(-dist) between 3 and 7 is 0.000202
2025-03-15 20:53:10 INFO  ren0 [gaussian_mixture_model.h:173] exp(-dist) between 3 and 8 is 0.000658
2025-03-15 20:53:10 INFO  ren0 [gaussian_mixture_model.h:173] exp(-dist) between 3 and 9 is 0.115293
2025-03-15 20:53:10 INFO  ren0 [gaussian_mixture_model.h:173] exp(-dist) between 4 and 5 is 0.539838
2025-03-15 20:53:10 INFO  ren0 [gaussian_mixture_model.h:173] exp(-dist) between 4 and 6 is 0.002003
2025-03-15 20:53:10 INFO  ren0 [gaussian_mixture_model.h:173] exp(-dist) between 4 and 7 is 0.000653
2025-03-15 20:53:10 INFO  ren0 [gaussian_mixture_model.h:173] exp(-dist) between 4 and 8 is 0.001853
2025-03-15 20:53:10 INFO  ren0 [gaussian_mixture_model.h:173] exp(-dist) between 4 and 9 is 0.196649
2025-03-15 20:53:10 INFO  ren0 [gaussian_mixture_model.h:173] exp(-dist) between 5 and 6 is 0.003088
2025-03-15 20:53:10 INFO  ren0 [gaussian_mixture_model.h:173] exp(-dist) between 5 and 7 is 0.000999
2025-03-15 20:53:10 INFO  ren0 [gaussian_mixture_model.h:173] exp(-dist) between 5 and 8 is 0.003393
2025-03-15 20:53:10 INFO  ren0 [gaussian_mixture_model.h:173] exp(-dist) between 5 and 9 is 0.226838
2025-03-15 20:53:10 INFO  ren0 [gaussian_mixture_model.h:173] exp(-dist) between 6 and 7 is 0.591342
2025-03-15 20:53:10 INFO  ren0 [gaussian_mixture_model.h:173] exp(-dist) between 6 and 8 is 0.749820
2025-03-15 20:53:10 INFO  ren0 [gaussian_mixture_model.h:173] exp(-dist) between 6 and 9 is 0.189006
2025-03-15 20:53:10 INFO  ren0 [gaussian_mixture_model.h:173] exp(-dist) between 7 and 8 is 0.197427
2025-03-15 20:53:10 INFO  ren0 [gaussian_mixture_model.h:173] exp(-dist) between 7 and 9 is 0.133309
2025-03-15 20:53:10 INFO  ren0 [gaussian_mixture_model.h:173] exp(-dist) between 8 and 9 is 0.121335
2025-03-15 20:53:10 INFO  ren0 [gaussian_mixture_model.h:180] components before the merge: 10
2025-03-15 20:53:10 INFO  ren0 [gaussian_mixture_model.h:183] Merging 6 and 1, because their BC is 0.948036
2025-03-15 20:53:10 INFO  ren0 [gaussian_mixture_model.h:183] Merging 4 and 3, because their BC is 0.764028
2025-03-15 20:53:10 INFO  ren0 [gaussian_mixture_model.h:183] Merging 9 and 2, because their BC is 0.752379
2025-03-15 20:53:10 INFO  ren0 [gaussian_mixture_model.h:183] Merging 5 and 0, because their BC is 0.731894
2025-03-15 20:53:10 INFO  ren0 [gaussian_mixture_model.h:183] Merging 5 and 4, because their BC is 0.747749
2025-03-15 20:53:10 INFO  ren0 [gaussian_mixture_model.h:183] Merging 7 and 6, because their BC is 0.699216
2025-03-15 20:53:10 INFO  ren0 [gaussian_mixture_model.h:183] Merging 8 and 7, because their BC is 0.548514
2025-03-15 20:53:10 INFO  ren0 [gaussian_mixture_model.h:200] components after the merge: 3, merged 7 component
2025-03-15 20:53:10 INFO  ren0 [gaussian_mixture_model.h:237] Ratio is 1.781628
2025-03-15 20:53:10 INFO  ren0 [gaussian_mixture_model.h:237] Ratio is 1.900622
2025-03-15 20:53:10 INFO  ren0 [gaussian_mixture_model.h:237] Ratio is 1.829275
2025-03-15 20:53:10 INFO  ren0 [gaussian_mixture_model.h:237] Ratio is 1.328197
2025-03-15 20:53:10 INFO  ren0 [gaussian_mixture_model.h:237] Ratio is 1.328197
2025-03-15 20:53:10 INFO  ren0 [gaussian_mixture_model.h:237] Ratio is 1.174837
2025-03-15 20:53:10 INFO  ren0 [gaussian_mixture_model.h:237] Ratio is 1.174837
2025-03-15 20:53:10 INFO  ren0 [gaussian_mixture_model.h:218] components after the split: 10, split 7 components
2025-03-15 20:53:10 INFO  ren0 [octree.h:482] root weight: 1.841e+05 (184148.609375)
2025-03-15 20:53:10 INFO  ren0 [octree.h:483] splitting threshold: 1.841e+02 (184.148621)
2025-03-15 20:53:10 INFO  ren0 [octree.h:482] root weight: 1.436e+05 (143598.750000)
2025-03-15 20:53:10 INFO  ren0 [octree.h:483] splitting threshold: 1.436e+02 (143.598755)
2025-03-15 20:53:10 INFO  ren0 [octree.h:498] node count: 556 -> 568 -> 561

2025-03-15 20:53:10 INFO  ren0 [octree.h:498] node count: 382 -> 383 -> 368

2025-03-15 20:53:10 INFO  ren0 [PMMFocalGuidingIntegrator] diverge probability: 0.438

2025-03-15 20:53:10 INFO  ren0 [PMMFocalGuidingIntegrator] iteration postprocessing time: 47.5568s
2025-03-15 20:53:10 INFO  ren0 [PMMFocalGuidingIntegrator] GMM[
weight = 0.199697 mean = [1.3425 1.01765 -1.45778] covariance = [[3.60378 0.126396 -0.190561][0.126396 2.29475 -0.210549][-0.190561 -0.210549 3.55905]]
weight = 0.00405317 mean = [-13.09 5.92742 1.49243] covariance = [[4.55502 -0.524787 0.621386][-0.524787 7.28507 0.121282][0.621386 0.121282 7.64725]]
weight = 0.0925005 mean = [-5.79153 2.50872 0.725628] covariance = [[6.7459 -0.3214 0.293688][-0.3214 6.15247 -0.0051077][0.293688 -0.0051077 6.74804]]
weight = 0.199697 mean = [2.9891 2.95853 0.737014] covariance = [[3.60378 0.126396 -0.190561][0.126396 2.29475 -0.210549][-0.190561 -0.210549 3.55905]]
weight = 0.199697 mean = [1.19099 3.11172 -1.1421] covariance = [[3.60378 0.126396 -0.190561][0.126396 2.29475 -0.210549][-0.190561 -0.210549 3.55905]]
weight = 0.199697 mean = [3.14061 0.864463 0.421327] covariance = [[3.60378 0.126396 -0.190561][0.126396 2.29475 -0.210549][-0.190561 -0.210549 3.55905]]
weight = 0.00405317 mean = [-15.2208 1.62317 2.1015] covariance = [[4.55502 -0.524787 0.621386][-0.524787 7.28507 0.121282][0.621386 0.121282 7.64725]]
weight = 0.00405317 mean = [-15.9338 5.39851 2.04556] covariance = [[4.55502 -0.524787 0.621386][-0.524787 7.28507 0.121282][0.621386 0.121282 7.64725]]
weight = 0.00405317 mean = [-12.3769 2.15207 1.54836] covariance = [[4.55502 -0.524787 0.621386][-0.524787 7.28507 0.121282][0.621386 0.121282 7.64725]]
weight = 0.0925005 mean = [-4.26485 5.56264 0.152635] covariance = [[6.7459 -0.3214 0.293688][-0.3214 6.15247 -0.0051077][0.293688 -0.0051077 6.74804]]
]
2025-03-15 20:53:10 INFO  ren0 [PMMFocalGuidingIntegrator] Octree[
AABB: AABB3[min=[-21.7494, -3.70393, -3.09172], max=[7.19249, 11.2965, 6.96201]]
Nodes count: 561
]
2025-03-15 20:53:10 INFO  ren0 [PMMFocalGuidingIntegrator] Octree[
AABB: AABB3[min=[-21.7494, -3.70393, -3.09172], max=[7.19249, 11.2965, 6.96201]]
Nodes count: 368
]
2025-03-15 20:53:11 INFO  ren0 [PMMFocalGuidingIntegrator] Rendering 7 iteration
2025-03-15 20:53:11 INFO  ren0 [SamplingIntegrator] Starting render job (1280x720, 4 samples, 8 cores, SSE2 enabled) ..
2025-03-15 20:55:01 INFO  ren0 [PMMFocalGuidingIntegrator] iteration render time: 1.8452m
2025-03-15 20:55:01 INFO  ren0 [PMMFocalGuidingIntegrator] Got 180780 non-zero samples and 0 zero samples
2025-03-15 20:55:54 INFO  ren0 [gaussian_mixture_model.h:126] Components accumulated weight is: 1.000000
2025-03-15 20:55:54 INFO  ren0 [gaussian_mixture_model.h:173] exp(-dist) between 0 and 1 is 0.000613
2025-03-15 20:55:54 INFO  ren0 [gaussian_mixture_model.h:173] exp(-dist) between 0 and 2 is 0.221105
2025-03-15 20:55:54 INFO  ren0 [gaussian_mixture_model.h:173] exp(-dist) between 0 and 3 is 0.570482
2025-03-15 20:55:54 INFO  ren0 [gaussian_mixture_model.h:173] exp(-dist) between 0 and 4 is 0.788058
2025-03-15 20:55:54 INFO  ren0 [gaussian_mixture_model.h:173] exp(-dist) between 0 and 5 is 0.754110
2025-03-15 20:55:54 INFO  ren0 [gaussian_mixture_model.h:173] exp(-dist) between 0 and 6 is 0.000459
2025-03-15 20:55:54 INFO  ren0 [gaussian_mixture_model.h:173] exp(-dist) between 0 and 7 is 0.000263
2025-03-15 20:55:54 INFO  ren0 [gaussian_mixture_model.h:173] exp(-dist) between 0 and 8 is 0.001231
2025-03-15 20:55:54 INFO  ren0 [gaussian_mixture_model.h:173] exp(-dist) between 0 and 9 is 0.204087
2025-03-15 20:55:54 INFO  ren0 [gaussian_mixture_model.h:173] exp(-dist) between 1 and 2 is 0.247542
2025-03-15 20:55:54 INFO  ren0 [gaussian_mixture_model.h:173] exp(-dist) between 1 and 3 is 0.000345
2025-03-15 20:55:54 INFO  ren0 [gaussian_mixture_model.h:173] exp(-dist) between 1 and 4 is 0.001754
2025-03-15 20:55:54 INFO  ren0 [gaussian_mixture_model.h:173] exp(-dist) between 1 and 5 is 0.000190
2025-03-15 20:55:54 INFO  ren0 [gaussian_mixture_model.h:173] exp(-dist) between 1 and 6 is 0.560916
2025-03-15 20:55:54 INFO  ren0 [gaussian_mixture_model.h:173] exp(-dist) between 1 and 7 is 0.741336
2025-03-15 20:55:54 INFO  ren0 [gaussian_mixture_model.h:173] exp(-dist) between 1 and 8 is 0.733215
2025-03-15 20:55:54 INFO  ren0 [gaussian_mixture_model.h:173] exp(-dist) between 1 and 9 is 0.169231
2025-03-15 20:55:54 INFO  ren0 [gaussian_mixture_model.h:173] exp(-dist) between 2 and 3 is 0.156924
2025-03-15 20:55:54 INFO  ren0 [gaussian_mixture_model.h:173] exp(-dist) between 2 and 4 is 0.280779
2025-03-15 20:55:54 INFO  ren0 [gaussian_mixture_model.h:173] exp(-dist) between 2 and 5 is 0.145754
2025-03-15 20:55:54 INFO  ren0 [gaussian_mixture_model.h:173] exp(-dist) between 2 and 6 is 0.161096
2025-03-15 20:55:54 INFO  ren0 [gaussian_mixture_model.h:173] exp(-dist) between 2 and 7 is 0.111946
2025-03-15 20:55:54 INFO  ren0 [gaussian_mixture_model.h:173] exp(-dist) between 2 and 8 is 0.350995
2025-03-15 20:55:54 INFO  ren0 [gaussian_mixture_model.h:173] exp(-dist) between 2 and 9 is 0.746641
2025-03-15 20:55:54 INFO  ren0 [gaussian_mixture_model.h:173] exp(-dist) between 3 and 4 is 0.739118
2025-03-15 20:55:54 INFO  ren0 [gaussian_mixture_model.h:173] exp(-dist) between 3 and 5 is 0.755936
2025-03-15 20:55:54 INFO  ren0 [gaussian_mixture_model.h:173] exp(-dist) between 3 and 6 is 0.000185
2025-03-15 20:55:54 INFO  ren0 [gaussian_mixture_model.h:173] exp(-dist) between 3 and 7 is 0.000127
2025-03-15 20:55:54 INFO  ren0 [gaussian_mixture_model.h:173] exp(-dist) between 3 and 8 is 0.000478
2025-03-15 20:55:54 INFO  ren0 [gaussian_mixture_model.h:173] exp(-dist) between 3 and 9 is 0.243944
2025-03-15 20:55:54 INFO  ren0 [gaussian_mixture_model.h:173] exp(-dist) between 4 and 5 is 0.603933
2025-03-15 20:55:54 INFO  ren0 [gaussian_mixture_model.h:173] exp(-dist) between 4 and 6 is 0.000733
2025-03-15 20:55:54 INFO  ren0 [gaussian_mixture_model.h:173] exp(-dist) between 4 and 7 is 0.000558
2025-03-15 20:55:54 INFO  ren0 [gaussian_mixture_model.h:173] exp(-dist) between 4 and 8 is 0.002088
2025-03-15 20:55:54 INFO  ren0 [gaussian_mixture_model.h:173] exp(-dist) between 4 and 9 is 0.401853
2025-03-15 20:55:54 INFO  ren0 [gaussian_mixture_model.h:173] exp(-dist) between 5 and 6 is 0.000165
2025-03-15 20:55:54 INFO  ren0 [gaussian_mixture_model.h:173] exp(-dist) between 5 and 7 is 0.000090
2025-03-15 20:55:54 INFO  ren0 [gaussian_mixture_model.h:173] exp(-dist) between 5 and 8 is 0.000408
2025-03-15 20:55:54 INFO  ren0 [gaussian_mixture_model.h:173] exp(-dist) between 5 and 9 is 0.138539
2025-03-15 20:55:54 INFO  ren0 [gaussian_mixture_model.h:173] exp(-dist) between 6 and 7 is 0.705947
2025-03-15 20:55:54 INFO  ren0 [gaussian_mixture_model.h:173] exp(-dist) between 6 and 8 is 0.771926
2025-03-15 20:55:54 INFO  ren0 [gaussian_mixture_model.h:173] exp(-dist) between 6 and 9 is 0.065565
2025-03-15 20:55:54 INFO  ren0 [gaussian_mixture_model.h:173] exp(-dist) between 7 and 8 is 0.558636
2025-03-15 20:55:54 INFO  ren0 [gaussian_mixture_model.h:173] exp(-dist) between 7 and 9 is 0.062556
2025-03-15 20:55:54 INFO  ren0 [gaussian_mixture_model.h:173] exp(-dist) between 8 and 9 is 0.157745
2025-03-15 20:55:54 INFO  ren0 [gaussian_mixture_model.h:180] components before the merge: 10
2025-03-15 20:55:54 INFO  ren0 [gaussian_mixture_model.h:183] Merging 4 and 0, because their BC is 0.788058
2025-03-15 20:55:54 INFO  ren0 [gaussian_mixture_model.h:183] Merging 8 and 6, because their BC is 0.771926
2025-03-15 20:55:54 INFO  ren0 [gaussian_mixture_model.h:183] Merging 5 and 3, because their BC is 0.755936
2025-03-15 20:55:54 INFO  ren0 [gaussian_mixture_model.h:183] Merging 9 and 2, because their BC is 0.746641
2025-03-15 20:55:54 INFO  ren0 [gaussian_mixture_model.h:183] Merging 5 and 4, because their BC is 0.746058
2025-03-15 20:55:54 INFO  ren0 [gaussian_mixture_model.h:183] Merging 7 and 1, because their BC is 0.741336
2025-03-15 20:55:54 INFO  ren0 [gaussian_mixture_model.h:183] Merging 8 and 7, because their BC is 0.720155
2025-03-15 20:55:54 INFO  ren0 [gaussian_mixture_model.h:200] components after the merge: 3, merged 7 component
2025-03-15 20:55:54 INFO  ren0 [gaussian_mixture_model.h:237] Ratio is 1.789518
2025-03-15 20:55:54 INFO  ren0 [gaussian_mixture_model.h:237] Ratio is 2.085542
2025-03-15 20:55:54 INFO  ren0 [gaussian_mixture_model.h:237] Ratio is 1.808522
2025-03-15 20:55:54 INFO  ren0 [gaussian_mixture_model.h:237] Ratio is 1.199799
2025-03-15 20:55:54 INFO  ren0 [gaussian_mixture_model.h:237] Ratio is 1.199799
2025-03-15 20:55:54 INFO  ren0 [gaussian_mixture_model.h:237] Ratio is 1.043769
2025-03-15 20:55:54 INFO  ren0 [gaussian_mixture_model.h:237] Ratio is 1.043769
2025-03-15 20:55:54 INFO  ren0 [gaussian_mixture_model.h:218] components after the split: 10, split 7 components
2025-03-15 20:55:54 INFO  ren0 [octree.h:482] root weight: 1.968e+05 (196762.593750)
2025-03-15 20:55:54 INFO  ren0 [octree.h:483] splitting threshold: 1.968e+02 (196.762604)
2025-03-15 20:55:54 INFO  ren0 [octree.h:482] root weight: 1.475e+05 (147526.796875)
2025-03-15 20:55:54 INFO  ren0 [octree.h:483] splitting threshold: 1.475e+02 (147.526810)
2025-03-15 20:55:54 INFO  ren0 [octree.h:498] node count: 561 -> 570 -> 562

2025-03-15 20:55:54 INFO  ren0 [octree.h:498] node count: 368 -> 371 -> 365

2025-03-15 20:55:54 INFO  ren0 [PMMFocalGuidingIntegrator] diverge probability: 0.428

2025-03-15 20:55:54 INFO  ren0 [PMMFocalGuidingIntegrator] iteration postprocessing time: 53.0520s
2025-03-15 20:55:54 INFO  ren0 [PMMFocalGuidingIntegrator] GMM[
weight = 0.197306 mean = [0.695109 2.29895 -0.771996] covariance = [[2.62428 0.390538 0.552931][0.390538 3.41921 -0.339949][0.552931 -0.339949 2.70984]]
weight = 0.00405867 mean = [-15.5627 5.20349 0.942103] covariance = [[5.54768 -0.602189 -1.70744][-0.602189 7.69753 -0.459861][-1.70744 -0.459861 6.07407]]
weight = 0.0972707 mean = [-5.53516 2.56143 0.632354] covariance = [[7.00257 -0.594168 0.41678][-0.594168 6.2189 -0.107686][0.41678 -0.107686 6.70371]]
weight = 0.197306 mean = [3.75452 1.56149 -0.137213] covariance = [[2.62428 0.390538 0.552931][0.390538 3.41921 -0.339949][0.552931 -0.339949 2.70984]]
weight = 0.197306 mean = [2.06299 1.65267 -2.02733] covariance = [[2.62428 0.390538 0.552931][0.390538 3.41921 -0.339949][0.552931 -0.339949 2.70984]]
weight = 0.197306 mean = [2.38664 2.20778 1.11812] covariance = [[2.62428 0.390538 0.552931][0.390538 3.41921 -0.339949][0.552931 -0.339949 2.70984]]
weight = 0.00405867 mean = [-12.5448 1.9035 2.83291] covariance = [[5.54768 -0.602189 -1.70744][-0.602189 7.69753 -0.459861][-1.70744 -0.459861 6.07407]]
weight = 0.00405867 mean = [-13.4717 5.75575 2.72683] covariance = [[5.54768 -0.602189 -1.70744][-0.602189 7.69753 -0.459861][-1.70744 -0.459861 6.07407]]
weight = 0.00405867 mean = [-14.6358 1.35124 1.04818] covariance = [[5.54768 -0.602189 -1.70744][-0.602189 7.69753 -0.459861][-1.70744 -0.459861 6.07407]]
weight = 0.0972707 mean = [-3.80004 5.47831 0.1334] covariance = [[7.00257 -0.594168 0.41678][-0.594168 6.2189 -0.107686][0.41678 -0.107686 6.70371]]
]
2025-03-15 20:55:54 INFO  ren0 [PMMFocalGuidingIntegrator] Octree[
AABB: AABB3[min=[-21.7494, -3.70393, -3.09172], max=[7.19249, 11.2965, 6.96201]]
Nodes count: 562
]
2025-03-15 20:55:54 INFO  ren0 [PMMFocalGuidingIntegrator] Octree[
AABB: AABB3[min=[-21.7494, -3.70393, -3.09172], max=[7.19249, 11.2965, 6.96201]]
Nodes count: 365
]
2025-03-15 20:55:54 INFO  ren0 [PMMFocalGuidingIntegrator] Finished training phase. Starting real rendering.
2025-03-15 20:55:54 INFO  ren0 [PMMFocalGuidingIntegrator] Starting render job (1280x720, 4 samples, 8 cores, SSE2 enabled) ..
2025-03-15 20:57:43 INFO  ren0 [PMMFocalGuidingIntegrator] rendered 4 samples per pixel in 1.8183m.
2025-03-15 20:57:43 INFO  ren0 [RenderJob] Render time: 18.4294m
2025-03-15 20:57:43 INFO  ren0 [PMMFocalGuidingIntegrator] iteration render time: 1.8183m
2025-03-15 20:57:43 INFO  ren0 [PMMFocalGuidingIntegrator] GMM[
weight = 0.197306 mean = [0.695109 2.29895 -0.771996] covariance = [[2.62428 0.390538 0.552931][0.390538 3.41921 -0.339949][0.552931 -0.339949 2.70984]]
weight = 0.00405867 mean = [-15.5627 5.20349 0.942103] covariance = [[5.54768 -0.602189 -1.70744][-0.602189 7.69753 -0.459861][-1.70744 -0.459861 6.07407]]
weight = 0.0972707 mean = [-5.53516 2.56143 0.632354] covariance = [[7.00257 -0.594168 0.41678][-0.594168 6.2189 -0.107686][0.41678 -0.107686 6.70371]]
weight = 0.197306 mean = [3.75452 1.56149 -0.137213] covariance = [[2.62428 0.390538 0.552931][0.390538 3.41921 -0.339949][0.552931 -0.339949 2.70984]]
weight = 0.197306 mean = [2.06299 1.65267 -2.02733] covariance = [[2.62428 0.390538 0.552931][0.390538 3.41921 -0.339949][0.552931 -0.339949 2.70984]]
weight = 0.197306 mean = [2.38664 2.20778 1.11812] covariance = [[2.62428 0.390538 0.552931][0.390538 3.41921 -0.339949][0.552931 -0.339949 2.70984]]
weight = 0.00405867 mean = [-12.5448 1.9035 2.83291] covariance = [[5.54768 -0.602189 -1.70744][-0.602189 7.69753 -0.459861][-1.70744 -0.459861 6.07407]]
weight = 0.00405867 mean = [-13.4717 5.75575 2.72683] covariance = [[5.54768 -0.602189 -1.70744][-0.602189 7.69753 -0.459861][-1.70744 -0.459861 6.07407]]
weight = 0.00405867 mean = [-14.6358 1.35124 1.04818] covariance = [[5.54768 -0.602189 -1.70744][-0.602189 7.69753 -0.459861][-1.70744 -0.459861 6.07407]]
weight = 0.0972707 mean = [-3.80004 5.47831 0.1334] covariance = [[7.00257 -0.594168 0.41678][-0.594168 6.2189 -0.107686][0.41678 -0.107686 6.70371]]
]
2025-03-15 20:57:43 INFO  ren0 [HDRFilm] Writing image to "/home/julia/PBRT/PMM_focal_guiding/mitsuba/dist/../../scenes/modern-hall/modern-hall.exr" ..
2025-03-15 20:57:44 INFO  main [statistics.cpp:142] Statistics:
------------------------------------------------------------
 * Loaded plugins :
    -  plugins/area.so [Area light]
    -  plugins/bitmap.so [Bitmap texture]
    -  plugins/box.so [Box filter]
    -  plugins/cube.so [Cube intersection primitive]
    -  plugins/dielectric.so [Smooth dielectric BSDF]
    -  plugins/difftrans.so [Diffuse transmitter]
    -  plugins/diffuse.so [Smooth diffuse BRDF]
    -  plugins/hdrfilm.so [High dynamic range film]
    -  plugins/homogeneous.so [Homogeneous medium]
    -  plugins/independent.so [Independent sampler]
    -  plugins/isotropic.so [Isotropic phase function]
    -  plugins/lanczos.so [Lanczos Sinc filter]
    -  plugins/obj.so [OBJ triangle mesh loader]
    -  plugins/perspective.so [Perspective camera]
    -  plugins/pmm_focal_guiding.so [PMM focal guiding path tracer]
    -  plugins/rectangle.so [Rectangle intersection primitive]
    -  plugins/roughconductor.so [Rough conductor BRDF]
    -  plugins/roughplastic.so [Rough plastic BRDF]
    -  plugins/twosided.so [Two-sided BRDF adapter]

  * General :
    -  Normal rays traced : 14.026 M
    -  Shadow rays traced : 8.449 M

  * Path tracer :
    -  Average path length : 3.55 (13.09 M / 3.69 M)
    -  Sampled from Converging : 3.212 M
    -  Sampled from Diverging : 2.410 M
    -  Sampled from GMM : 5.622 M

  * Texture system :
    -  Filtered texture lookups : 29.54 % (929.25 K of 3.15 M)
------------------------------------------------------------
